[2023-04-05 11:16:47,122] {processor.py:163} INFO - Started process (PID=104) to work on /home/airflow/.local/lib/python3.7/site-packages/airflow/example_dags/example_complex.py
[2023-04-05 11:16:47,123] {processor.py:620} INFO - Processing file /home/airflow/.local/lib/python3.7/site-packages/airflow/example_dags/example_complex.py for tasks to queue
[2023-04-05 11:16:47,123] {logging_mixin.py:109} INFO - [2023-04-05 11:16:47,123] {dagbag.py:500} INFO - Filling up the DagBag from /home/airflow/.local/lib/python3.7/site-packages/airflow/example_dags/example_complex.py
[2023-04-05 11:16:47,170] {processor.py:632} INFO - DAG(s) dict_keys(['example_complex']) retrieved from /home/airflow/.local/lib/python3.7/site-packages/airflow/example_dags/example_complex.py
[2023-04-05 11:16:49,679] {logging_mixin.py:109} INFO - [2023-04-05 11:16:49,679] {providers_manager.py:156} WARNING - Exception when importing 'airflow.providers.google.leveldb.hooks.leveldb.LevelDBHook' from 'apache-airflow-providers-google' package: No module named 'plyvel'
[2023-04-05 11:16:50,126] {logging_mixin.py:109} INFO - [2023-04-05 11:16:50,125] {providers_manager.py:156} WARNING - Exception when importing 'airflow.providers.google.leveldb.hooks.leveldb.LevelDBHook' from 'apache-airflow-providers-google' package: No module named 'plyvel'
[2023-04-05 11:16:50,147] {logging_mixin.py:109} INFO - [2023-04-05 11:16:50,147] {manager.py:496} INFO - Created Permission View: can read on DAG:example_complex
[2023-04-05 11:16:50,155] {logging_mixin.py:109} INFO - [2023-04-05 11:16:50,155] {manager.py:496} INFO - Created Permission View: can edit on DAG:example_complex
[2023-04-05 11:16:50,156] {logging_mixin.py:109} INFO - [2023-04-05 11:16:50,156] {dag.py:2389} INFO - Sync 1 DAGs
[2023-04-05 11:16:50,163] {logging_mixin.py:109} INFO - [2023-04-05 11:16:50,163] {dag.py:2408} INFO - Creating ORM DAG for example_complex
[2023-04-05 11:16:50,172] {logging_mixin.py:109} INFO - [2023-04-05 11:16:50,172] {dag.py:2921} INFO - Setting next_dagrun for example_complex to None
[2023-04-05 11:16:50,185] {processor.py:171} INFO - Processing /home/airflow/.local/lib/python3.7/site-packages/airflow/example_dags/example_complex.py took 3.067 seconds
[2023-04-05 11:17:22,763] {processor.py:163} INFO - Started process (PID=362) to work on /home/airflow/.local/lib/python3.7/site-packages/airflow/example_dags/example_complex.py
[2023-04-05 11:17:22,765] {processor.py:620} INFO - Processing file /home/airflow/.local/lib/python3.7/site-packages/airflow/example_dags/example_complex.py for tasks to queue
[2023-04-05 11:17:22,766] {logging_mixin.py:109} INFO - [2023-04-05 11:17:22,765] {dagbag.py:500} INFO - Filling up the DagBag from /home/airflow/.local/lib/python3.7/site-packages/airflow/example_dags/example_complex.py
[2023-04-05 11:17:22,824] {processor.py:632} INFO - DAG(s) dict_keys(['example_complex']) retrieved from /home/airflow/.local/lib/python3.7/site-packages/airflow/example_dags/example_complex.py
[2023-04-05 11:17:22,851] {logging_mixin.py:109} INFO - [2023-04-05 11:17:22,851] {dag.py:2389} INFO - Sync 1 DAGs
[2023-04-05 11:17:22,876] {logging_mixin.py:109} INFO - [2023-04-05 11:17:22,876] {dag.py:2921} INFO - Setting next_dagrun for example_complex to None
[2023-04-05 11:17:22,888] {processor.py:171} INFO - Processing /home/airflow/.local/lib/python3.7/site-packages/airflow/example_dags/example_complex.py took 0.131 seconds
[2023-04-05 11:17:53,262] {processor.py:163} INFO - Started process (PID=414) to work on /home/airflow/.local/lib/python3.7/site-packages/airflow/example_dags/example_complex.py
[2023-04-05 11:17:53,263] {processor.py:620} INFO - Processing file /home/airflow/.local/lib/python3.7/site-packages/airflow/example_dags/example_complex.py for tasks to queue
[2023-04-05 11:17:53,264] {logging_mixin.py:109} INFO - [2023-04-05 11:17:53,264] {dagbag.py:500} INFO - Filling up the DagBag from /home/airflow/.local/lib/python3.7/site-packages/airflow/example_dags/example_complex.py
[2023-04-05 11:17:53,301] {processor.py:632} INFO - DAG(s) dict_keys(['example_complex']) retrieved from /home/airflow/.local/lib/python3.7/site-packages/airflow/example_dags/example_complex.py
[2023-04-05 11:17:53,314] {logging_mixin.py:109} INFO - [2023-04-05 11:17:53,314] {dag.py:2389} INFO - Sync 1 DAGs
[2023-04-05 11:17:53,329] {logging_mixin.py:109} INFO - [2023-04-05 11:17:53,329] {dag.py:2921} INFO - Setting next_dagrun for example_complex to None
[2023-04-05 11:17:53,337] {processor.py:171} INFO - Processing /home/airflow/.local/lib/python3.7/site-packages/airflow/example_dags/example_complex.py took 0.078 seconds
[2023-04-05 11:18:23,380] {processor.py:163} INFO - Started process (PID=464) to work on /home/airflow/.local/lib/python3.7/site-packages/airflow/example_dags/example_complex.py
[2023-04-05 11:18:23,381] {processor.py:620} INFO - Processing file /home/airflow/.local/lib/python3.7/site-packages/airflow/example_dags/example_complex.py for tasks to queue
[2023-04-05 11:18:23,382] {logging_mixin.py:109} INFO - [2023-04-05 11:18:23,381] {dagbag.py:500} INFO - Filling up the DagBag from /home/airflow/.local/lib/python3.7/site-packages/airflow/example_dags/example_complex.py
[2023-04-05 11:18:23,415] {processor.py:632} INFO - DAG(s) dict_keys(['example_complex']) retrieved from /home/airflow/.local/lib/python3.7/site-packages/airflow/example_dags/example_complex.py
[2023-04-05 11:18:23,430] {logging_mixin.py:109} INFO - [2023-04-05 11:18:23,430] {dag.py:2389} INFO - Sync 1 DAGs
[2023-04-05 11:18:23,445] {logging_mixin.py:109} INFO - [2023-04-05 11:18:23,445] {dag.py:2921} INFO - Setting next_dagrun for example_complex to None
[2023-04-05 11:18:23,454] {processor.py:171} INFO - Processing /home/airflow/.local/lib/python3.7/site-packages/airflow/example_dags/example_complex.py took 0.077 seconds
[2023-04-05 11:18:53,638] {processor.py:163} INFO - Started process (PID=524) to work on /home/airflow/.local/lib/python3.7/site-packages/airflow/example_dags/example_complex.py
[2023-04-05 11:18:53,639] {processor.py:620} INFO - Processing file /home/airflow/.local/lib/python3.7/site-packages/airflow/example_dags/example_complex.py for tasks to queue
[2023-04-05 11:18:53,640] {logging_mixin.py:109} INFO - [2023-04-05 11:18:53,640] {dagbag.py:500} INFO - Filling up the DagBag from /home/airflow/.local/lib/python3.7/site-packages/airflow/example_dags/example_complex.py
[2023-04-05 11:18:53,675] {processor.py:632} INFO - DAG(s) dict_keys(['example_complex']) retrieved from /home/airflow/.local/lib/python3.7/site-packages/airflow/example_dags/example_complex.py
[2023-04-05 11:18:53,694] {logging_mixin.py:109} INFO - [2023-04-05 11:18:53,693] {dag.py:2389} INFO - Sync 1 DAGs
[2023-04-05 11:18:53,712] {logging_mixin.py:109} INFO - [2023-04-05 11:18:53,712] {dag.py:2921} INFO - Setting next_dagrun for example_complex to None
[2023-04-05 11:18:53,722] {processor.py:171} INFO - Processing /home/airflow/.local/lib/python3.7/site-packages/airflow/example_dags/example_complex.py took 0.088 seconds
[2023-04-05 11:19:24,668] {processor.py:163} INFO - Started process (PID=575) to work on /home/airflow/.local/lib/python3.7/site-packages/airflow/example_dags/example_complex.py
[2023-04-05 11:19:24,674] {processor.py:620} INFO - Processing file /home/airflow/.local/lib/python3.7/site-packages/airflow/example_dags/example_complex.py for tasks to queue
[2023-04-05 11:19:24,674] {logging_mixin.py:109} INFO - [2023-04-05 11:19:24,674] {dagbag.py:500} INFO - Filling up the DagBag from /home/airflow/.local/lib/python3.7/site-packages/airflow/example_dags/example_complex.py
[2023-04-05 11:19:24,700] {processor.py:632} INFO - DAG(s) dict_keys(['example_complex']) retrieved from /home/airflow/.local/lib/python3.7/site-packages/airflow/example_dags/example_complex.py
[2023-04-05 11:19:24,713] {logging_mixin.py:109} INFO - [2023-04-05 11:19:24,713] {dag.py:2389} INFO - Sync 1 DAGs
[2023-04-05 11:19:24,725] {logging_mixin.py:109} INFO - [2023-04-05 11:19:24,724] {dag.py:2921} INFO - Setting next_dagrun for example_complex to None
[2023-04-05 11:19:24,734] {processor.py:171} INFO - Processing /home/airflow/.local/lib/python3.7/site-packages/airflow/example_dags/example_complex.py took 0.068 seconds
[2023-04-05 11:19:54,876] {processor.py:163} INFO - Started process (PID=625) to work on /home/airflow/.local/lib/python3.7/site-packages/airflow/example_dags/example_complex.py
[2023-04-05 11:19:54,877] {processor.py:620} INFO - Processing file /home/airflow/.local/lib/python3.7/site-packages/airflow/example_dags/example_complex.py for tasks to queue
[2023-04-05 11:19:54,878] {logging_mixin.py:109} INFO - [2023-04-05 11:19:54,878] {dagbag.py:500} INFO - Filling up the DagBag from /home/airflow/.local/lib/python3.7/site-packages/airflow/example_dags/example_complex.py
[2023-04-05 11:19:54,914] {processor.py:632} INFO - DAG(s) dict_keys(['example_complex']) retrieved from /home/airflow/.local/lib/python3.7/site-packages/airflow/example_dags/example_complex.py
[2023-04-05 11:19:54,931] {logging_mixin.py:109} INFO - [2023-04-05 11:19:54,931] {dag.py:2389} INFO - Sync 1 DAGs
[2023-04-05 11:19:54,948] {logging_mixin.py:109} INFO - [2023-04-05 11:19:54,948] {dag.py:2921} INFO - Setting next_dagrun for example_complex to None
[2023-04-05 11:19:54,959] {processor.py:171} INFO - Processing /home/airflow/.local/lib/python3.7/site-packages/airflow/example_dags/example_complex.py took 0.087 seconds
[2023-04-05 11:20:25,002] {processor.py:163} INFO - Started process (PID=685) to work on /home/airflow/.local/lib/python3.7/site-packages/airflow/example_dags/example_complex.py
[2023-04-05 11:20:25,003] {processor.py:620} INFO - Processing file /home/airflow/.local/lib/python3.7/site-packages/airflow/example_dags/example_complex.py for tasks to queue
[2023-04-05 11:20:25,004] {logging_mixin.py:109} INFO - [2023-04-05 11:20:25,004] {dagbag.py:500} INFO - Filling up the DagBag from /home/airflow/.local/lib/python3.7/site-packages/airflow/example_dags/example_complex.py
[2023-04-05 11:20:25,035] {processor.py:632} INFO - DAG(s) dict_keys(['example_complex']) retrieved from /home/airflow/.local/lib/python3.7/site-packages/airflow/example_dags/example_complex.py
[2023-04-05 11:20:25,054] {logging_mixin.py:109} INFO - [2023-04-05 11:20:25,054] {dag.py:2389} INFO - Sync 1 DAGs
[2023-04-05 11:20:25,069] {logging_mixin.py:109} INFO - [2023-04-05 11:20:25,069] {dag.py:2921} INFO - Setting next_dagrun for example_complex to None
[2023-04-05 11:20:25,080] {processor.py:171} INFO - Processing /home/airflow/.local/lib/python3.7/site-packages/airflow/example_dags/example_complex.py took 0.081 seconds
[2023-04-05 11:24:00,611] {processor.py:163} INFO - Started process (PID=103) to work on /home/airflow/.local/lib/python3.7/site-packages/airflow/example_dags/example_complex.py
[2023-04-05 11:24:00,613] {processor.py:620} INFO - Processing file /home/airflow/.local/lib/python3.7/site-packages/airflow/example_dags/example_complex.py for tasks to queue
[2023-04-05 11:24:00,614] {logging_mixin.py:109} INFO - [2023-04-05 11:24:00,614] {dagbag.py:500} INFO - Filling up the DagBag from /home/airflow/.local/lib/python3.7/site-packages/airflow/example_dags/example_complex.py
[2023-04-05 11:24:00,675] {processor.py:632} INFO - DAG(s) dict_keys(['example_complex']) retrieved from /home/airflow/.local/lib/python3.7/site-packages/airflow/example_dags/example_complex.py
[2023-04-05 11:24:04,080] {logging_mixin.py:109} INFO - [2023-04-05 11:24:04,080] {providers_manager.py:156} WARNING - Exception when importing 'airflow.providers.google.leveldb.hooks.leveldb.LevelDBHook' from 'apache-airflow-providers-google' package: No module named 'plyvel'
[2023-04-05 11:24:04,718] {logging_mixin.py:109} INFO - [2023-04-05 11:24:04,718] {providers_manager.py:156} WARNING - Exception when importing 'airflow.providers.google.leveldb.hooks.leveldb.LevelDBHook' from 'apache-airflow-providers-google' package: No module named 'plyvel'
[2023-04-05 11:24:04,764] {logging_mixin.py:109} INFO - [2023-04-05 11:24:04,764] {manager.py:496} INFO - Created Permission View: can edit on DAG:example_complex
[2023-04-05 11:24:04,778] {logging_mixin.py:109} INFO - [2023-04-05 11:24:04,778] {manager.py:496} INFO - Created Permission View: can read on DAG:example_complex
[2023-04-05 11:24:04,779] {logging_mixin.py:109} INFO - [2023-04-05 11:24:04,778] {dag.py:2389} INFO - Sync 1 DAGs
[2023-04-05 11:24:04,789] {logging_mixin.py:109} INFO - [2023-04-05 11:24:04,789] {dag.py:2408} INFO - Creating ORM DAG for example_complex
[2023-04-05 11:24:04,801] {logging_mixin.py:109} INFO - [2023-04-05 11:24:04,801] {dag.py:2921} INFO - Setting next_dagrun for example_complex to None
[2023-04-05 11:24:04,820] {processor.py:171} INFO - Processing /home/airflow/.local/lib/python3.7/site-packages/airflow/example_dags/example_complex.py took 4.214 seconds
[2023-04-05 11:24:40,872] {processor.py:163} INFO - Started process (PID=364) to work on /home/airflow/.local/lib/python3.7/site-packages/airflow/example_dags/example_complex.py
[2023-04-05 11:24:40,875] {processor.py:620} INFO - Processing file /home/airflow/.local/lib/python3.7/site-packages/airflow/example_dags/example_complex.py for tasks to queue
[2023-04-05 11:24:40,876] {logging_mixin.py:109} INFO - [2023-04-05 11:24:40,875] {dagbag.py:500} INFO - Filling up the DagBag from /home/airflow/.local/lib/python3.7/site-packages/airflow/example_dags/example_complex.py
[2023-04-05 11:24:40,922] {processor.py:632} INFO - DAG(s) dict_keys(['example_complex']) retrieved from /home/airflow/.local/lib/python3.7/site-packages/airflow/example_dags/example_complex.py
[2023-04-05 11:24:40,943] {logging_mixin.py:109} INFO - [2023-04-05 11:24:40,942] {dag.py:2389} INFO - Sync 1 DAGs
[2023-04-05 11:24:40,964] {logging_mixin.py:109} INFO - [2023-04-05 11:24:40,964] {dag.py:2921} INFO - Setting next_dagrun for example_complex to None
[2023-04-05 11:24:40,977] {processor.py:171} INFO - Processing /home/airflow/.local/lib/python3.7/site-packages/airflow/example_dags/example_complex.py took 0.110 seconds
[2023-04-05 11:25:11,275] {processor.py:163} INFO - Started process (PID=414) to work on /home/airflow/.local/lib/python3.7/site-packages/airflow/example_dags/example_complex.py
[2023-04-05 11:25:11,276] {processor.py:620} INFO - Processing file /home/airflow/.local/lib/python3.7/site-packages/airflow/example_dags/example_complex.py for tasks to queue
[2023-04-05 11:25:11,276] {logging_mixin.py:109} INFO - [2023-04-05 11:25:11,276] {dagbag.py:500} INFO - Filling up the DagBag from /home/airflow/.local/lib/python3.7/site-packages/airflow/example_dags/example_complex.py
[2023-04-05 11:25:11,306] {processor.py:632} INFO - DAG(s) dict_keys(['example_complex']) retrieved from /home/airflow/.local/lib/python3.7/site-packages/airflow/example_dags/example_complex.py
[2023-04-05 11:25:11,320] {logging_mixin.py:109} INFO - [2023-04-05 11:25:11,320] {dag.py:2389} INFO - Sync 1 DAGs
[2023-04-05 11:25:11,332] {logging_mixin.py:109} INFO - [2023-04-05 11:25:11,332] {dag.py:2921} INFO - Setting next_dagrun for example_complex to None
[2023-04-05 11:25:11,341] {processor.py:171} INFO - Processing /home/airflow/.local/lib/python3.7/site-packages/airflow/example_dags/example_complex.py took 0.069 seconds
[2023-04-05 11:25:41,864] {processor.py:163} INFO - Started process (PID=465) to work on /home/airflow/.local/lib/python3.7/site-packages/airflow/example_dags/example_complex.py
[2023-04-05 11:25:41,865] {processor.py:620} INFO - Processing file /home/airflow/.local/lib/python3.7/site-packages/airflow/example_dags/example_complex.py for tasks to queue
[2023-04-05 11:25:41,866] {logging_mixin.py:109} INFO - [2023-04-05 11:25:41,866] {dagbag.py:500} INFO - Filling up the DagBag from /home/airflow/.local/lib/python3.7/site-packages/airflow/example_dags/example_complex.py
[2023-04-05 11:25:41,900] {processor.py:632} INFO - DAG(s) dict_keys(['example_complex']) retrieved from /home/airflow/.local/lib/python3.7/site-packages/airflow/example_dags/example_complex.py
[2023-04-05 11:25:41,918] {logging_mixin.py:109} INFO - [2023-04-05 11:25:41,918] {dag.py:2389} INFO - Sync 1 DAGs
[2023-04-05 11:25:41,932] {logging_mixin.py:109} INFO - [2023-04-05 11:25:41,932] {dag.py:2921} INFO - Setting next_dagrun for example_complex to None
[2023-04-05 11:25:41,941] {processor.py:171} INFO - Processing /home/airflow/.local/lib/python3.7/site-packages/airflow/example_dags/example_complex.py took 0.080 seconds
[2023-04-05 11:26:12,452] {processor.py:163} INFO - Started process (PID=525) to work on /home/airflow/.local/lib/python3.7/site-packages/airflow/example_dags/example_complex.py
[2023-04-05 11:26:12,453] {processor.py:620} INFO - Processing file /home/airflow/.local/lib/python3.7/site-packages/airflow/example_dags/example_complex.py for tasks to queue
[2023-04-05 11:26:12,453] {logging_mixin.py:109} INFO - [2023-04-05 11:26:12,453] {dagbag.py:500} INFO - Filling up the DagBag from /home/airflow/.local/lib/python3.7/site-packages/airflow/example_dags/example_complex.py
[2023-04-05 11:26:12,479] {processor.py:632} INFO - DAG(s) dict_keys(['example_complex']) retrieved from /home/airflow/.local/lib/python3.7/site-packages/airflow/example_dags/example_complex.py
[2023-04-05 11:26:12,490] {logging_mixin.py:109} INFO - [2023-04-05 11:26:12,490] {dag.py:2389} INFO - Sync 1 DAGs
[2023-04-05 11:26:12,502] {logging_mixin.py:109} INFO - [2023-04-05 11:26:12,501] {dag.py:2921} INFO - Setting next_dagrun for example_complex to None
[2023-04-05 11:26:12,511] {processor.py:171} INFO - Processing /home/airflow/.local/lib/python3.7/site-packages/airflow/example_dags/example_complex.py took 0.060 seconds
[2023-04-05 11:26:42,814] {processor.py:163} INFO - Started process (PID=576) to work on /home/airflow/.local/lib/python3.7/site-packages/airflow/example_dags/example_complex.py
[2023-04-05 11:26:42,815] {processor.py:620} INFO - Processing file /home/airflow/.local/lib/python3.7/site-packages/airflow/example_dags/example_complex.py for tasks to queue
[2023-04-05 11:26:42,816] {logging_mixin.py:109} INFO - [2023-04-05 11:26:42,816] {dagbag.py:500} INFO - Filling up the DagBag from /home/airflow/.local/lib/python3.7/site-packages/airflow/example_dags/example_complex.py
[2023-04-05 11:26:42,851] {processor.py:632} INFO - DAG(s) dict_keys(['example_complex']) retrieved from /home/airflow/.local/lib/python3.7/site-packages/airflow/example_dags/example_complex.py
[2023-04-05 11:26:42,866] {logging_mixin.py:109} INFO - [2023-04-05 11:26:42,866] {dag.py:2389} INFO - Sync 1 DAGs
[2023-04-05 11:26:42,882] {logging_mixin.py:109} INFO - [2023-04-05 11:26:42,882] {dag.py:2921} INFO - Setting next_dagrun for example_complex to None
[2023-04-05 11:26:42,895] {processor.py:171} INFO - Processing /home/airflow/.local/lib/python3.7/site-packages/airflow/example_dags/example_complex.py took 0.083 seconds
[2023-04-05 11:27:13,166] {processor.py:163} INFO - Started process (PID=636) to work on /home/airflow/.local/lib/python3.7/site-packages/airflow/example_dags/example_complex.py
[2023-04-05 11:27:13,166] {processor.py:620} INFO - Processing file /home/airflow/.local/lib/python3.7/site-packages/airflow/example_dags/example_complex.py for tasks to queue
[2023-04-05 11:27:13,167] {logging_mixin.py:109} INFO - [2023-04-05 11:27:13,167] {dagbag.py:500} INFO - Filling up the DagBag from /home/airflow/.local/lib/python3.7/site-packages/airflow/example_dags/example_complex.py
[2023-04-05 11:27:13,212] {processor.py:632} INFO - DAG(s) dict_keys(['example_complex']) retrieved from /home/airflow/.local/lib/python3.7/site-packages/airflow/example_dags/example_complex.py
[2023-04-05 11:27:13,231] {logging_mixin.py:109} INFO - [2023-04-05 11:27:13,231] {dag.py:2389} INFO - Sync 1 DAGs
[2023-04-05 11:27:13,250] {logging_mixin.py:109} INFO - [2023-04-05 11:27:13,250] {dag.py:2921} INFO - Setting next_dagrun for example_complex to None
[2023-04-05 11:27:13,261] {processor.py:171} INFO - Processing /home/airflow/.local/lib/python3.7/site-packages/airflow/example_dags/example_complex.py took 0.100 seconds
[2023-04-05 11:27:43,716] {processor.py:163} INFO - Started process (PID=687) to work on /home/airflow/.local/lib/python3.7/site-packages/airflow/example_dags/example_complex.py
[2023-04-05 11:27:43,717] {processor.py:620} INFO - Processing file /home/airflow/.local/lib/python3.7/site-packages/airflow/example_dags/example_complex.py for tasks to queue
[2023-04-05 11:27:43,717] {logging_mixin.py:109} INFO - [2023-04-05 11:27:43,717] {dagbag.py:500} INFO - Filling up the DagBag from /home/airflow/.local/lib/python3.7/site-packages/airflow/example_dags/example_complex.py
[2023-04-05 11:27:43,754] {processor.py:632} INFO - DAG(s) dict_keys(['example_complex']) retrieved from /home/airflow/.local/lib/python3.7/site-packages/airflow/example_dags/example_complex.py
[2023-04-05 11:27:43,770] {logging_mixin.py:109} INFO - [2023-04-05 11:27:43,770] {dag.py:2389} INFO - Sync 1 DAGs
[2023-04-05 11:27:43,783] {logging_mixin.py:109} INFO - [2023-04-05 11:27:43,783] {dag.py:2921} INFO - Setting next_dagrun for example_complex to None
[2023-04-05 11:27:43,792] {processor.py:171} INFO - Processing /home/airflow/.local/lib/python3.7/site-packages/airflow/example_dags/example_complex.py took 0.079 seconds
