[2023-04-05 11:17:02,839] {processor.py:163} INFO - Started process (PID=220) to work on /home/airflow/.local/lib/python3.7/site-packages/airflow/example_dags/example_branch_operator.py
[2023-04-05 11:17:02,840] {processor.py:620} INFO - Processing file /home/airflow/.local/lib/python3.7/site-packages/airflow/example_dags/example_branch_operator.py for tasks to queue
[2023-04-05 11:17:02,841] {logging_mixin.py:109} INFO - [2023-04-05 11:17:02,841] {dagbag.py:500} INFO - Filling up the DagBag from /home/airflow/.local/lib/python3.7/site-packages/airflow/example_dags/example_branch_operator.py
[2023-04-05 11:17:02,868] {processor.py:632} INFO - DAG(s) dict_keys(['example_branch_operator']) retrieved from /home/airflow/.local/lib/python3.7/site-packages/airflow/example_dags/example_branch_operator.py
[2023-04-05 11:17:04,514] {logging_mixin.py:109} INFO - [2023-04-05 11:17:04,514] {providers_manager.py:156} WARNING - Exception when importing 'airflow.providers.google.leveldb.hooks.leveldb.LevelDBHook' from 'apache-airflow-providers-google' package: No module named 'plyvel'
[2023-04-05 11:17:04,987] {logging_mixin.py:109} INFO - [2023-04-05 11:17:04,987] {providers_manager.py:156} WARNING - Exception when importing 'airflow.providers.google.leveldb.hooks.leveldb.LevelDBHook' from 'apache-airflow-providers-google' package: No module named 'plyvel'
[2023-04-05 11:17:05,013] {logging_mixin.py:109} INFO - [2023-04-05 11:17:05,013] {manager.py:496} INFO - Created Permission View: can read on DAG:example_branch_operator
[2023-04-05 11:17:05,022] {logging_mixin.py:109} INFO - [2023-04-05 11:17:05,022] {manager.py:496} INFO - Created Permission View: can edit on DAG:example_branch_operator
[2023-04-05 11:17:05,023] {logging_mixin.py:109} INFO - [2023-04-05 11:17:05,022] {dag.py:2389} INFO - Sync 1 DAGs
[2023-04-05 11:17:05,031] {logging_mixin.py:109} INFO - [2023-04-05 11:17:05,031] {dag.py:2408} INFO - Creating ORM DAG for example_branch_operator
[2023-04-05 11:17:05,042] {logging_mixin.py:109} INFO - [2023-04-05 11:17:05,042] {dag.py:2921} INFO - Setting next_dagrun for example_branch_operator to 2023-04-04 00:00:00+00:00
[2023-04-05 11:17:05,058] {processor.py:171} INFO - Processing /home/airflow/.local/lib/python3.7/site-packages/airflow/example_dags/example_branch_operator.py took 2.222 seconds
[2023-04-05 11:17:35,214] {processor.py:163} INFO - Started process (PID=383) to work on /home/airflow/.local/lib/python3.7/site-packages/airflow/example_dags/example_branch_operator.py
[2023-04-05 11:17:35,222] {processor.py:620} INFO - Processing file /home/airflow/.local/lib/python3.7/site-packages/airflow/example_dags/example_branch_operator.py for tasks to queue
[2023-04-05 11:17:35,223] {logging_mixin.py:109} INFO - [2023-04-05 11:17:35,222] {dagbag.py:500} INFO - Filling up the DagBag from /home/airflow/.local/lib/python3.7/site-packages/airflow/example_dags/example_branch_operator.py
[2023-04-05 11:17:35,253] {processor.py:632} INFO - DAG(s) dict_keys(['example_branch_operator']) retrieved from /home/airflow/.local/lib/python3.7/site-packages/airflow/example_dags/example_branch_operator.py
[2023-04-05 11:17:35,271] {logging_mixin.py:109} INFO - [2023-04-05 11:17:35,270] {dag.py:2389} INFO - Sync 1 DAGs
[2023-04-05 11:17:35,294] {logging_mixin.py:109} INFO - [2023-04-05 11:17:35,294] {dag.py:2921} INFO - Setting next_dagrun for example_branch_operator to 2023-04-04 00:00:00+00:00
[2023-04-05 11:17:35,305] {processor.py:171} INFO - Processing /home/airflow/.local/lib/python3.7/site-packages/airflow/example_dags/example_branch_operator.py took 0.094 seconds
[2023-04-05 11:18:05,579] {processor.py:163} INFO - Started process (PID=435) to work on /home/airflow/.local/lib/python3.7/site-packages/airflow/example_dags/example_branch_operator.py
[2023-04-05 11:18:05,580] {processor.py:620} INFO - Processing file /home/airflow/.local/lib/python3.7/site-packages/airflow/example_dags/example_branch_operator.py for tasks to queue
[2023-04-05 11:18:05,580] {logging_mixin.py:109} INFO - [2023-04-05 11:18:05,580] {dagbag.py:500} INFO - Filling up the DagBag from /home/airflow/.local/lib/python3.7/site-packages/airflow/example_dags/example_branch_operator.py
[2023-04-05 11:18:05,605] {processor.py:632} INFO - DAG(s) dict_keys(['example_branch_operator']) retrieved from /home/airflow/.local/lib/python3.7/site-packages/airflow/example_dags/example_branch_operator.py
[2023-04-05 11:18:05,614] {logging_mixin.py:109} INFO - [2023-04-05 11:18:05,614] {dag.py:2389} INFO - Sync 1 DAGs
[2023-04-05 11:18:05,628] {logging_mixin.py:109} INFO - [2023-04-05 11:18:05,628] {dag.py:2921} INFO - Setting next_dagrun for example_branch_operator to 2023-04-04 00:00:00+00:00
[2023-04-05 11:18:05,638] {processor.py:171} INFO - Processing /home/airflow/.local/lib/python3.7/site-packages/airflow/example_dags/example_branch_operator.py took 0.061 seconds
[2023-04-05 11:18:35,728] {processor.py:163} INFO - Started process (PID=486) to work on /home/airflow/.local/lib/python3.7/site-packages/airflow/example_dags/example_branch_operator.py
[2023-04-05 11:18:35,729] {processor.py:620} INFO - Processing file /home/airflow/.local/lib/python3.7/site-packages/airflow/example_dags/example_branch_operator.py for tasks to queue
[2023-04-05 11:18:35,730] {logging_mixin.py:109} INFO - [2023-04-05 11:18:35,730] {dagbag.py:500} INFO - Filling up the DagBag from /home/airflow/.local/lib/python3.7/site-packages/airflow/example_dags/example_branch_operator.py
[2023-04-05 11:18:35,764] {processor.py:632} INFO - DAG(s) dict_keys(['example_branch_operator']) retrieved from /home/airflow/.local/lib/python3.7/site-packages/airflow/example_dags/example_branch_operator.py
[2023-04-05 11:18:35,777] {logging_mixin.py:109} INFO - [2023-04-05 11:18:35,776] {dag.py:2389} INFO - Sync 1 DAGs
[2023-04-05 11:18:35,794] {logging_mixin.py:109} INFO - [2023-04-05 11:18:35,794] {dag.py:2921} INFO - Setting next_dagrun for example_branch_operator to 2023-04-04 00:00:00+00:00
[2023-04-05 11:18:35,805] {processor.py:171} INFO - Processing /home/airflow/.local/lib/python3.7/site-packages/airflow/example_dags/example_branch_operator.py took 0.080 seconds
[2023-04-05 11:19:06,734] {processor.py:163} INFO - Started process (PID=546) to work on /home/airflow/.local/lib/python3.7/site-packages/airflow/example_dags/example_branch_operator.py
[2023-04-05 11:19:06,735] {processor.py:620} INFO - Processing file /home/airflow/.local/lib/python3.7/site-packages/airflow/example_dags/example_branch_operator.py for tasks to queue
[2023-04-05 11:19:06,736] {logging_mixin.py:109} INFO - [2023-04-05 11:19:06,736] {dagbag.py:500} INFO - Filling up the DagBag from /home/airflow/.local/lib/python3.7/site-packages/airflow/example_dags/example_branch_operator.py
[2023-04-05 11:19:06,767] {processor.py:632} INFO - DAG(s) dict_keys(['example_branch_operator']) retrieved from /home/airflow/.local/lib/python3.7/site-packages/airflow/example_dags/example_branch_operator.py
[2023-04-05 11:19:06,778] {logging_mixin.py:109} INFO - [2023-04-05 11:19:06,778] {dag.py:2389} INFO - Sync 1 DAGs
[2023-04-05 11:19:06,803] {logging_mixin.py:109} INFO - [2023-04-05 11:19:06,803] {dag.py:2921} INFO - Setting next_dagrun for example_branch_operator to 2023-04-04 00:00:00+00:00
[2023-04-05 11:19:06,815] {processor.py:171} INFO - Processing /home/airflow/.local/lib/python3.7/site-packages/airflow/example_dags/example_branch_operator.py took 0.083 seconds
[2023-04-05 11:19:36,831] {processor.py:163} INFO - Started process (PID=596) to work on /home/airflow/.local/lib/python3.7/site-packages/airflow/example_dags/example_branch_operator.py
[2023-04-05 11:19:36,832] {processor.py:620} INFO - Processing file /home/airflow/.local/lib/python3.7/site-packages/airflow/example_dags/example_branch_operator.py for tasks to queue
[2023-04-05 11:19:36,833] {logging_mixin.py:109} INFO - [2023-04-05 11:19:36,833] {dagbag.py:500} INFO - Filling up the DagBag from /home/airflow/.local/lib/python3.7/site-packages/airflow/example_dags/example_branch_operator.py
[2023-04-05 11:19:36,860] {processor.py:632} INFO - DAG(s) dict_keys(['example_branch_operator']) retrieved from /home/airflow/.local/lib/python3.7/site-packages/airflow/example_dags/example_branch_operator.py
[2023-04-05 11:19:36,870] {logging_mixin.py:109} INFO - [2023-04-05 11:19:36,870] {dag.py:2389} INFO - Sync 1 DAGs
[2023-04-05 11:19:36,886] {logging_mixin.py:109} INFO - [2023-04-05 11:19:36,885] {dag.py:2921} INFO - Setting next_dagrun for example_branch_operator to 2023-04-04 00:00:00+00:00
[2023-04-05 11:19:36,895] {processor.py:171} INFO - Processing /home/airflow/.local/lib/python3.7/site-packages/airflow/example_dags/example_branch_operator.py took 0.067 seconds
[2023-04-05 11:20:06,919] {processor.py:163} INFO - Started process (PID=647) to work on /home/airflow/.local/lib/python3.7/site-packages/airflow/example_dags/example_branch_operator.py
[2023-04-05 11:20:06,920] {processor.py:620} INFO - Processing file /home/airflow/.local/lib/python3.7/site-packages/airflow/example_dags/example_branch_operator.py for tasks to queue
[2023-04-05 11:20:06,920] {logging_mixin.py:109} INFO - [2023-04-05 11:20:06,920] {dagbag.py:500} INFO - Filling up the DagBag from /home/airflow/.local/lib/python3.7/site-packages/airflow/example_dags/example_branch_operator.py
[2023-04-05 11:20:06,944] {processor.py:632} INFO - DAG(s) dict_keys(['example_branch_operator']) retrieved from /home/airflow/.local/lib/python3.7/site-packages/airflow/example_dags/example_branch_operator.py
[2023-04-05 11:20:06,955] {logging_mixin.py:109} INFO - [2023-04-05 11:20:06,955] {dag.py:2389} INFO - Sync 1 DAGs
[2023-04-05 11:20:06,971] {logging_mixin.py:109} INFO - [2023-04-05 11:20:06,971] {dag.py:2921} INFO - Setting next_dagrun for example_branch_operator to 2023-04-04 00:00:00+00:00
[2023-04-05 11:20:06,980] {processor.py:171} INFO - Processing /home/airflow/.local/lib/python3.7/site-packages/airflow/example_dags/example_branch_operator.py took 0.064 seconds
[2023-04-05 11:20:37,022] {processor.py:163} INFO - Started process (PID=707) to work on /home/airflow/.local/lib/python3.7/site-packages/airflow/example_dags/example_branch_operator.py
[2023-04-05 11:20:37,029] {processor.py:620} INFO - Processing file /home/airflow/.local/lib/python3.7/site-packages/airflow/example_dags/example_branch_operator.py for tasks to queue
[2023-04-05 11:20:37,030] {logging_mixin.py:109} INFO - [2023-04-05 11:20:37,030] {dagbag.py:500} INFO - Filling up the DagBag from /home/airflow/.local/lib/python3.7/site-packages/airflow/example_dags/example_branch_operator.py
[2023-04-05 11:20:37,052] {processor.py:632} INFO - DAG(s) dict_keys(['example_branch_operator']) retrieved from /home/airflow/.local/lib/python3.7/site-packages/airflow/example_dags/example_branch_operator.py
[2023-04-05 11:20:37,059] {logging_mixin.py:109} INFO - [2023-04-05 11:20:37,059] {dag.py:2389} INFO - Sync 1 DAGs
[2023-04-05 11:20:37,070] {logging_mixin.py:109} INFO - [2023-04-05 11:20:37,070] {dag.py:2921} INFO - Setting next_dagrun for example_branch_operator to 2023-04-04 00:00:00+00:00
[2023-04-05 11:20:37,078] {processor.py:171} INFO - Processing /home/airflow/.local/lib/python3.7/site-packages/airflow/example_dags/example_branch_operator.py took 0.060 seconds
[2023-04-05 11:24:18,188] {processor.py:163} INFO - Started process (PID=220) to work on /home/airflow/.local/lib/python3.7/site-packages/airflow/example_dags/example_branch_operator.py
[2023-04-05 11:24:18,190] {processor.py:620} INFO - Processing file /home/airflow/.local/lib/python3.7/site-packages/airflow/example_dags/example_branch_operator.py for tasks to queue
[2023-04-05 11:24:18,191] {logging_mixin.py:109} INFO - [2023-04-05 11:24:18,190] {dagbag.py:500} INFO - Filling up the DagBag from /home/airflow/.local/lib/python3.7/site-packages/airflow/example_dags/example_branch_operator.py
[2023-04-05 11:24:18,228] {processor.py:632} INFO - DAG(s) dict_keys(['example_branch_operator']) retrieved from /home/airflow/.local/lib/python3.7/site-packages/airflow/example_dags/example_branch_operator.py
[2023-04-05 11:24:20,496] {logging_mixin.py:109} INFO - [2023-04-05 11:24:20,495] {providers_manager.py:156} WARNING - Exception when importing 'airflow.providers.google.leveldb.hooks.leveldb.LevelDBHook' from 'apache-airflow-providers-google' package: No module named 'plyvel'
[2023-04-05 11:24:21,177] {logging_mixin.py:109} INFO - [2023-04-05 11:24:21,177] {providers_manager.py:156} WARNING - Exception when importing 'airflow.providers.google.leveldb.hooks.leveldb.LevelDBHook' from 'apache-airflow-providers-google' package: No module named 'plyvel'
[2023-04-05 11:24:21,213] {logging_mixin.py:109} INFO - [2023-04-05 11:24:21,213] {manager.py:496} INFO - Created Permission View: can edit on DAG:example_branch_operator
[2023-04-05 11:24:21,224] {logging_mixin.py:109} INFO - [2023-04-05 11:24:21,224] {manager.py:496} INFO - Created Permission View: can read on DAG:example_branch_operator
[2023-04-05 11:24:21,224] {logging_mixin.py:109} INFO - [2023-04-05 11:24:21,224] {dag.py:2389} INFO - Sync 1 DAGs
[2023-04-05 11:24:21,232] {logging_mixin.py:109} INFO - [2023-04-05 11:24:21,232] {dag.py:2408} INFO - Creating ORM DAG for example_branch_operator
[2023-04-05 11:24:21,243] {logging_mixin.py:109} INFO - [2023-04-05 11:24:21,243] {dag.py:2921} INFO - Setting next_dagrun for example_branch_operator to 2023-04-04 00:00:00+00:00
[2023-04-05 11:24:21,257] {processor.py:171} INFO - Processing /home/airflow/.local/lib/python3.7/site-packages/airflow/example_dags/example_branch_operator.py took 3.072 seconds
[2023-04-05 11:24:51,692] {processor.py:163} INFO - Started process (PID=384) to work on /home/airflow/.local/lib/python3.7/site-packages/airflow/example_dags/example_branch_operator.py
[2023-04-05 11:24:51,693] {processor.py:620} INFO - Processing file /home/airflow/.local/lib/python3.7/site-packages/airflow/example_dags/example_branch_operator.py for tasks to queue
[2023-04-05 11:24:51,695] {logging_mixin.py:109} INFO - [2023-04-05 11:24:51,695] {dagbag.py:500} INFO - Filling up the DagBag from /home/airflow/.local/lib/python3.7/site-packages/airflow/example_dags/example_branch_operator.py
[2023-04-05 11:24:51,746] {processor.py:632} INFO - DAG(s) dict_keys(['example_branch_operator']) retrieved from /home/airflow/.local/lib/python3.7/site-packages/airflow/example_dags/example_branch_operator.py
[2023-04-05 11:24:51,775] {logging_mixin.py:109} INFO - [2023-04-05 11:24:51,775] {dag.py:2389} INFO - Sync 1 DAGs
[2023-04-05 11:24:51,816] {logging_mixin.py:109} INFO - [2023-04-05 11:24:51,816] {dag.py:2921} INFO - Setting next_dagrun for example_branch_operator to 2023-04-04 00:00:00+00:00
[2023-04-05 11:24:51,834] {processor.py:171} INFO - Processing /home/airflow/.local/lib/python3.7/site-packages/airflow/example_dags/example_branch_operator.py took 0.151 seconds
[2023-04-05 11:25:22,031] {processor.py:163} INFO - Started process (PID=435) to work on /home/airflow/.local/lib/python3.7/site-packages/airflow/example_dags/example_branch_operator.py
[2023-04-05 11:25:22,033] {processor.py:620} INFO - Processing file /home/airflow/.local/lib/python3.7/site-packages/airflow/example_dags/example_branch_operator.py for tasks to queue
[2023-04-05 11:25:22,034] {logging_mixin.py:109} INFO - [2023-04-05 11:25:22,033] {dagbag.py:500} INFO - Filling up the DagBag from /home/airflow/.local/lib/python3.7/site-packages/airflow/example_dags/example_branch_operator.py
[2023-04-05 11:25:22,066] {processor.py:632} INFO - DAG(s) dict_keys(['example_branch_operator']) retrieved from /home/airflow/.local/lib/python3.7/site-packages/airflow/example_dags/example_branch_operator.py
[2023-04-05 11:25:22,079] {logging_mixin.py:109} INFO - [2023-04-05 11:25:22,079] {dag.py:2389} INFO - Sync 1 DAGs
[2023-04-05 11:25:22,099] {logging_mixin.py:109} INFO - [2023-04-05 11:25:22,099] {dag.py:2921} INFO - Setting next_dagrun for example_branch_operator to 2023-04-04 00:00:00+00:00
[2023-04-05 11:25:22,110] {processor.py:171} INFO - Processing /home/airflow/.local/lib/python3.7/site-packages/airflow/example_dags/example_branch_operator.py took 0.083 seconds
[2023-04-05 11:25:52,395] {processor.py:163} INFO - Started process (PID=486) to work on /home/airflow/.local/lib/python3.7/site-packages/airflow/example_dags/example_branch_operator.py
[2023-04-05 11:25:52,396] {processor.py:620} INFO - Processing file /home/airflow/.local/lib/python3.7/site-packages/airflow/example_dags/example_branch_operator.py for tasks to queue
[2023-04-05 11:25:52,397] {logging_mixin.py:109} INFO - [2023-04-05 11:25:52,397] {dagbag.py:500} INFO - Filling up the DagBag from /home/airflow/.local/lib/python3.7/site-packages/airflow/example_dags/example_branch_operator.py
[2023-04-05 11:25:52,436] {processor.py:632} INFO - DAG(s) dict_keys(['example_branch_operator']) retrieved from /home/airflow/.local/lib/python3.7/site-packages/airflow/example_dags/example_branch_operator.py
[2023-04-05 11:25:52,450] {logging_mixin.py:109} INFO - [2023-04-05 11:25:52,450] {dag.py:2389} INFO - Sync 1 DAGs
[2023-04-05 11:25:52,470] {logging_mixin.py:109} INFO - [2023-04-05 11:25:52,470] {dag.py:2921} INFO - Setting next_dagrun for example_branch_operator to 2023-04-04 00:00:00+00:00
[2023-04-05 11:25:52,481] {processor.py:171} INFO - Processing /home/airflow/.local/lib/python3.7/site-packages/airflow/example_dags/example_branch_operator.py took 0.090 seconds
[2023-04-05 11:26:22,891] {processor.py:163} INFO - Started process (PID=546) to work on /home/airflow/.local/lib/python3.7/site-packages/airflow/example_dags/example_branch_operator.py
[2023-04-05 11:26:22,893] {processor.py:620} INFO - Processing file /home/airflow/.local/lib/python3.7/site-packages/airflow/example_dags/example_branch_operator.py for tasks to queue
[2023-04-05 11:26:22,894] {logging_mixin.py:109} INFO - [2023-04-05 11:26:22,894] {dagbag.py:500} INFO - Filling up the DagBag from /home/airflow/.local/lib/python3.7/site-packages/airflow/example_dags/example_branch_operator.py
[2023-04-05 11:26:22,923] {processor.py:632} INFO - DAG(s) dict_keys(['example_branch_operator']) retrieved from /home/airflow/.local/lib/python3.7/site-packages/airflow/example_dags/example_branch_operator.py
[2023-04-05 11:26:22,932] {logging_mixin.py:109} INFO - [2023-04-05 11:26:22,932] {dag.py:2389} INFO - Sync 1 DAGs
[2023-04-05 11:26:22,947] {logging_mixin.py:109} INFO - [2023-04-05 11:26:22,947] {dag.py:2921} INFO - Setting next_dagrun for example_branch_operator to 2023-04-04 00:00:00+00:00
[2023-04-05 11:26:22,956] {processor.py:171} INFO - Processing /home/airflow/.local/lib/python3.7/site-packages/airflow/example_dags/example_branch_operator.py took 0.068 seconds
[2023-04-05 11:26:53,313] {processor.py:163} INFO - Started process (PID=597) to work on /home/airflow/.local/lib/python3.7/site-packages/airflow/example_dags/example_branch_operator.py
[2023-04-05 11:26:53,314] {processor.py:620} INFO - Processing file /home/airflow/.local/lib/python3.7/site-packages/airflow/example_dags/example_branch_operator.py for tasks to queue
[2023-04-05 11:26:53,315] {logging_mixin.py:109} INFO - [2023-04-05 11:26:53,314] {dagbag.py:500} INFO - Filling up the DagBag from /home/airflow/.local/lib/python3.7/site-packages/airflow/example_dags/example_branch_operator.py
[2023-04-05 11:26:53,341] {processor.py:632} INFO - DAG(s) dict_keys(['example_branch_operator']) retrieved from /home/airflow/.local/lib/python3.7/site-packages/airflow/example_dags/example_branch_operator.py
[2023-04-05 11:26:53,349] {logging_mixin.py:109} INFO - [2023-04-05 11:26:53,349] {dag.py:2389} INFO - Sync 1 DAGs
[2023-04-05 11:26:53,364] {logging_mixin.py:109} INFO - [2023-04-05 11:26:53,363] {dag.py:2921} INFO - Setting next_dagrun for example_branch_operator to 2023-04-04 00:00:00+00:00
[2023-04-05 11:26:53,372] {processor.py:171} INFO - Processing /home/airflow/.local/lib/python3.7/site-packages/airflow/example_dags/example_branch_operator.py took 0.061 seconds
[2023-04-05 11:27:23,769] {processor.py:163} INFO - Started process (PID=648) to work on /home/airflow/.local/lib/python3.7/site-packages/airflow/example_dags/example_branch_operator.py
[2023-04-05 11:27:23,770] {processor.py:620} INFO - Processing file /home/airflow/.local/lib/python3.7/site-packages/airflow/example_dags/example_branch_operator.py for tasks to queue
[2023-04-05 11:27:23,771] {logging_mixin.py:109} INFO - [2023-04-05 11:27:23,771] {dagbag.py:500} INFO - Filling up the DagBag from /home/airflow/.local/lib/python3.7/site-packages/airflow/example_dags/example_branch_operator.py
[2023-04-05 11:27:23,796] {processor.py:632} INFO - DAG(s) dict_keys(['example_branch_operator']) retrieved from /home/airflow/.local/lib/python3.7/site-packages/airflow/example_dags/example_branch_operator.py
[2023-04-05 11:27:23,805] {logging_mixin.py:109} INFO - [2023-04-05 11:27:23,805] {dag.py:2389} INFO - Sync 1 DAGs
[2023-04-05 11:27:23,819] {logging_mixin.py:109} INFO - [2023-04-05 11:27:23,819] {dag.py:2921} INFO - Setting next_dagrun for example_branch_operator to 2023-04-04 00:00:00+00:00
[2023-04-05 11:27:23,828] {processor.py:171} INFO - Processing /home/airflow/.local/lib/python3.7/site-packages/airflow/example_dags/example_branch_operator.py took 0.061 seconds
[2023-04-05 11:27:54,132] {processor.py:163} INFO - Started process (PID=708) to work on /home/airflow/.local/lib/python3.7/site-packages/airflow/example_dags/example_branch_operator.py
[2023-04-05 11:27:54,133] {processor.py:620} INFO - Processing file /home/airflow/.local/lib/python3.7/site-packages/airflow/example_dags/example_branch_operator.py for tasks to queue
[2023-04-05 11:27:54,134] {logging_mixin.py:109} INFO - [2023-04-05 11:27:54,134] {dagbag.py:500} INFO - Filling up the DagBag from /home/airflow/.local/lib/python3.7/site-packages/airflow/example_dags/example_branch_operator.py
[2023-04-05 11:27:54,163] {processor.py:632} INFO - DAG(s) dict_keys(['example_branch_operator']) retrieved from /home/airflow/.local/lib/python3.7/site-packages/airflow/example_dags/example_branch_operator.py
[2023-04-05 11:27:54,173] {logging_mixin.py:109} INFO - [2023-04-05 11:27:54,173] {dag.py:2389} INFO - Sync 1 DAGs
[2023-04-05 11:27:54,191] {logging_mixin.py:109} INFO - [2023-04-05 11:27:54,191] {dag.py:2921} INFO - Setting next_dagrun for example_branch_operator to 2023-04-04 00:00:00+00:00
[2023-04-05 11:27:54,203] {processor.py:171} INFO - Processing /home/airflow/.local/lib/python3.7/site-packages/airflow/example_dags/example_branch_operator.py took 0.074 seconds
