[2023-04-05 11:16:38,988] {processor.py:163} INFO - Started process (PID=68) to work on /home/airflow/.local/lib/python3.7/site-packages/airflow/example_dags/example_kubernetes_executor.py
[2023-04-05 11:16:38,990] {processor.py:620} INFO - Processing file /home/airflow/.local/lib/python3.7/site-packages/airflow/example_dags/example_kubernetes_executor.py for tasks to queue
[2023-04-05 11:16:38,991] {logging_mixin.py:109} INFO - [2023-04-05 11:16:38,991] {dagbag.py:500} INFO - Filling up the DagBag from /home/airflow/.local/lib/python3.7/site-packages/airflow/example_dags/example_kubernetes_executor.py
[2023-04-05 11:16:39,042] {processor.py:632} INFO - DAG(s) dict_keys(['example_kubernetes_executor']) retrieved from /home/airflow/.local/lib/python3.7/site-packages/airflow/example_dags/example_kubernetes_executor.py
[2023-04-05 11:16:42,318] {logging_mixin.py:109} INFO - [2023-04-05 11:16:42,318] {providers_manager.py:156} WARNING - Exception when importing 'airflow.providers.google.leveldb.hooks.leveldb.LevelDBHook' from 'apache-airflow-providers-google' package: No module named 'plyvel'
[2023-04-05 11:16:43,040] {logging_mixin.py:109} INFO - [2023-04-05 11:16:43,040] {providers_manager.py:156} WARNING - Exception when importing 'airflow.providers.google.leveldb.hooks.leveldb.LevelDBHook' from 'apache-airflow-providers-google' package: No module named 'plyvel'
[2023-04-05 11:16:43,103] {logging_mixin.py:109} INFO - [2023-04-05 11:16:43,103] {manager.py:496} INFO - Created Permission View: can read on DAG:example_kubernetes_executor
[2023-04-05 11:16:43,132] {logging_mixin.py:109} INFO - [2023-04-05 11:16:43,132] {manager.py:496} INFO - Created Permission View: can edit on DAG:example_kubernetes_executor
[2023-04-05 11:16:43,133] {logging_mixin.py:109} INFO - [2023-04-05 11:16:43,132] {dag.py:2389} INFO - Sync 1 DAGs
[2023-04-05 11:16:43,151] {logging_mixin.py:109} INFO - [2023-04-05 11:16:43,150] {dag.py:2408} INFO - Creating ORM DAG for example_kubernetes_executor
[2023-04-05 11:16:43,165] {logging_mixin.py:109} INFO - [2023-04-05 11:16:43,164] {dag.py:2921} INFO - Setting next_dagrun for example_kubernetes_executor to None
[2023-04-05 11:16:43,205] {processor.py:171} INFO - Processing /home/airflow/.local/lib/python3.7/site-packages/airflow/example_dags/example_kubernetes_executor.py took 4.223 seconds
[2023-04-05 11:17:21,781] {processor.py:163} INFO - Started process (PID=351) to work on /home/airflow/.local/lib/python3.7/site-packages/airflow/example_dags/example_kubernetes_executor.py
[2023-04-05 11:17:21,782] {processor.py:620} INFO - Processing file /home/airflow/.local/lib/python3.7/site-packages/airflow/example_dags/example_kubernetes_executor.py for tasks to queue
[2023-04-05 11:17:21,783] {logging_mixin.py:109} INFO - [2023-04-05 11:17:21,783] {dagbag.py:500} INFO - Filling up the DagBag from /home/airflow/.local/lib/python3.7/site-packages/airflow/example_dags/example_kubernetes_executor.py
[2023-04-05 11:17:21,822] {processor.py:632} INFO - DAG(s) dict_keys(['example_kubernetes_executor']) retrieved from /home/airflow/.local/lib/python3.7/site-packages/airflow/example_dags/example_kubernetes_executor.py
[2023-04-05 11:17:21,837] {logging_mixin.py:109} INFO - [2023-04-05 11:17:21,837] {dag.py:2389} INFO - Sync 1 DAGs
[2023-04-05 11:17:21,866] {logging_mixin.py:109} INFO - [2023-04-05 11:17:21,866] {dag.py:2921} INFO - Setting next_dagrun for example_kubernetes_executor to None
[2023-04-05 11:17:21,879] {processor.py:171} INFO - Processing /home/airflow/.local/lib/python3.7/site-packages/airflow/example_dags/example_kubernetes_executor.py took 0.103 seconds
[2023-04-05 11:17:51,983] {processor.py:163} INFO - Started process (PID=410) to work on /home/airflow/.local/lib/python3.7/site-packages/airflow/example_dags/example_kubernetes_executor.py
[2023-04-05 11:17:51,984] {processor.py:620} INFO - Processing file /home/airflow/.local/lib/python3.7/site-packages/airflow/example_dags/example_kubernetes_executor.py for tasks to queue
[2023-04-05 11:17:51,985] {logging_mixin.py:109} INFO - [2023-04-05 11:17:51,984] {dagbag.py:500} INFO - Filling up the DagBag from /home/airflow/.local/lib/python3.7/site-packages/airflow/example_dags/example_kubernetes_executor.py
[2023-04-05 11:17:52,025] {processor.py:632} INFO - DAG(s) dict_keys(['example_kubernetes_executor']) retrieved from /home/airflow/.local/lib/python3.7/site-packages/airflow/example_dags/example_kubernetes_executor.py
[2023-04-05 11:17:52,037] {logging_mixin.py:109} INFO - [2023-04-05 11:17:52,037] {dag.py:2389} INFO - Sync 1 DAGs
[2023-04-05 11:17:52,057] {logging_mixin.py:109} INFO - [2023-04-05 11:17:52,057] {dag.py:2921} INFO - Setting next_dagrun for example_kubernetes_executor to None
[2023-04-05 11:17:52,068] {processor.py:171} INFO - Processing /home/airflow/.local/lib/python3.7/site-packages/airflow/example_dags/example_kubernetes_executor.py took 0.089 seconds
[2023-04-05 11:18:22,216] {processor.py:163} INFO - Started process (PID=459) to work on /home/airflow/.local/lib/python3.7/site-packages/airflow/example_dags/example_kubernetes_executor.py
[2023-04-05 11:18:22,217] {processor.py:620} INFO - Processing file /home/airflow/.local/lib/python3.7/site-packages/airflow/example_dags/example_kubernetes_executor.py for tasks to queue
[2023-04-05 11:18:22,217] {logging_mixin.py:109} INFO - [2023-04-05 11:18:22,217] {dagbag.py:500} INFO - Filling up the DagBag from /home/airflow/.local/lib/python3.7/site-packages/airflow/example_dags/example_kubernetes_executor.py
[2023-04-05 11:18:22,245] {processor.py:632} INFO - DAG(s) dict_keys(['example_kubernetes_executor']) retrieved from /home/airflow/.local/lib/python3.7/site-packages/airflow/example_dags/example_kubernetes_executor.py
[2023-04-05 11:18:22,254] {logging_mixin.py:109} INFO - [2023-04-05 11:18:22,254] {dag.py:2389} INFO - Sync 1 DAGs
[2023-04-05 11:18:22,270] {logging_mixin.py:109} INFO - [2023-04-05 11:18:22,269] {dag.py:2921} INFO - Setting next_dagrun for example_kubernetes_executor to None
[2023-04-05 11:18:22,278] {processor.py:171} INFO - Processing /home/airflow/.local/lib/python3.7/site-packages/airflow/example_dags/example_kubernetes_executor.py took 0.065 seconds
[2023-04-05 11:18:52,335] {processor.py:163} INFO - Started process (PID=519) to work on /home/airflow/.local/lib/python3.7/site-packages/airflow/example_dags/example_kubernetes_executor.py
[2023-04-05 11:18:52,336] {processor.py:620} INFO - Processing file /home/airflow/.local/lib/python3.7/site-packages/airflow/example_dags/example_kubernetes_executor.py for tasks to queue
[2023-04-05 11:18:52,337] {logging_mixin.py:109} INFO - [2023-04-05 11:18:52,337] {dagbag.py:500} INFO - Filling up the DagBag from /home/airflow/.local/lib/python3.7/site-packages/airflow/example_dags/example_kubernetes_executor.py
[2023-04-05 11:18:52,370] {processor.py:632} INFO - DAG(s) dict_keys(['example_kubernetes_executor']) retrieved from /home/airflow/.local/lib/python3.7/site-packages/airflow/example_dags/example_kubernetes_executor.py
[2023-04-05 11:18:52,382] {logging_mixin.py:109} INFO - [2023-04-05 11:18:52,382] {dag.py:2389} INFO - Sync 1 DAGs
[2023-04-05 11:18:52,399] {logging_mixin.py:109} INFO - [2023-04-05 11:18:52,399] {dag.py:2921} INFO - Setting next_dagrun for example_kubernetes_executor to None
[2023-04-05 11:18:52,409] {processor.py:171} INFO - Processing /home/airflow/.local/lib/python3.7/site-packages/airflow/example_dags/example_kubernetes_executor.py took 0.078 seconds
[2023-04-05 11:19:22,457] {processor.py:163} INFO - Started process (PID=570) to work on /home/airflow/.local/lib/python3.7/site-packages/airflow/example_dags/example_kubernetes_executor.py
[2023-04-05 11:19:22,458] {processor.py:620} INFO - Processing file /home/airflow/.local/lib/python3.7/site-packages/airflow/example_dags/example_kubernetes_executor.py for tasks to queue
[2023-04-05 11:19:22,458] {logging_mixin.py:109} INFO - [2023-04-05 11:19:22,458] {dagbag.py:500} INFO - Filling up the DagBag from /home/airflow/.local/lib/python3.7/site-packages/airflow/example_dags/example_kubernetes_executor.py
[2023-04-05 11:19:22,482] {processor.py:632} INFO - DAG(s) dict_keys(['example_kubernetes_executor']) retrieved from /home/airflow/.local/lib/python3.7/site-packages/airflow/example_dags/example_kubernetes_executor.py
[2023-04-05 11:19:22,492] {logging_mixin.py:109} INFO - [2023-04-05 11:19:22,492] {dag.py:2389} INFO - Sync 1 DAGs
[2023-04-05 11:19:22,506] {logging_mixin.py:109} INFO - [2023-04-05 11:19:22,505] {dag.py:2921} INFO - Setting next_dagrun for example_kubernetes_executor to None
[2023-04-05 11:19:22,514] {processor.py:171} INFO - Processing /home/airflow/.local/lib/python3.7/site-packages/airflow/example_dags/example_kubernetes_executor.py took 0.060 seconds
[2023-04-05 11:19:52,603] {processor.py:163} INFO - Started process (PID=620) to work on /home/airflow/.local/lib/python3.7/site-packages/airflow/example_dags/example_kubernetes_executor.py
[2023-04-05 11:19:52,604] {processor.py:620} INFO - Processing file /home/airflow/.local/lib/python3.7/site-packages/airflow/example_dags/example_kubernetes_executor.py for tasks to queue
[2023-04-05 11:19:52,605] {logging_mixin.py:109} INFO - [2023-04-05 11:19:52,605] {dagbag.py:500} INFO - Filling up the DagBag from /home/airflow/.local/lib/python3.7/site-packages/airflow/example_dags/example_kubernetes_executor.py
[2023-04-05 11:19:52,690] {processor.py:632} INFO - DAG(s) dict_keys(['example_kubernetes_executor']) retrieved from /home/airflow/.local/lib/python3.7/site-packages/airflow/example_dags/example_kubernetes_executor.py
[2023-04-05 11:19:52,698] {logging_mixin.py:109} INFO - [2023-04-05 11:19:52,698] {dag.py:2389} INFO - Sync 1 DAGs
[2023-04-05 11:19:52,711] {logging_mixin.py:109} INFO - [2023-04-05 11:19:52,711] {dag.py:2921} INFO - Setting next_dagrun for example_kubernetes_executor to None
[2023-04-05 11:19:52,720] {processor.py:171} INFO - Processing /home/airflow/.local/lib/python3.7/site-packages/airflow/example_dags/example_kubernetes_executor.py took 0.120 seconds
[2023-04-05 11:20:23,707] {processor.py:163} INFO - Started process (PID=680) to work on /home/airflow/.local/lib/python3.7/site-packages/airflow/example_dags/example_kubernetes_executor.py
[2023-04-05 11:20:23,708] {processor.py:620} INFO - Processing file /home/airflow/.local/lib/python3.7/site-packages/airflow/example_dags/example_kubernetes_executor.py for tasks to queue
[2023-04-05 11:20:23,709] {logging_mixin.py:109} INFO - [2023-04-05 11:20:23,709] {dagbag.py:500} INFO - Filling up the DagBag from /home/airflow/.local/lib/python3.7/site-packages/airflow/example_dags/example_kubernetes_executor.py
[2023-04-05 11:20:23,731] {processor.py:632} INFO - DAG(s) dict_keys(['example_kubernetes_executor']) retrieved from /home/airflow/.local/lib/python3.7/site-packages/airflow/example_dags/example_kubernetes_executor.py
[2023-04-05 11:20:23,740] {logging_mixin.py:109} INFO - [2023-04-05 11:20:23,740] {dag.py:2389} INFO - Sync 1 DAGs
[2023-04-05 11:20:23,753] {logging_mixin.py:109} INFO - [2023-04-05 11:20:23,753] {dag.py:2921} INFO - Setting next_dagrun for example_kubernetes_executor to None
[2023-04-05 11:20:23,762] {processor.py:171} INFO - Processing /home/airflow/.local/lib/python3.7/site-packages/airflow/example_dags/example_kubernetes_executor.py took 0.057 seconds
[2023-04-05 11:23:51,688] {processor.py:163} INFO - Started process (PID=67) to work on /home/airflow/.local/lib/python3.7/site-packages/airflow/example_dags/example_kubernetes_executor.py
[2023-04-05 11:23:51,690] {processor.py:620} INFO - Processing file /home/airflow/.local/lib/python3.7/site-packages/airflow/example_dags/example_kubernetes_executor.py for tasks to queue
[2023-04-05 11:23:51,691] {logging_mixin.py:109} INFO - [2023-04-05 11:23:51,691] {dagbag.py:500} INFO - Filling up the DagBag from /home/airflow/.local/lib/python3.7/site-packages/airflow/example_dags/example_kubernetes_executor.py
[2023-04-05 11:23:51,725] {processor.py:632} INFO - DAG(s) dict_keys(['example_kubernetes_executor']) retrieved from /home/airflow/.local/lib/python3.7/site-packages/airflow/example_dags/example_kubernetes_executor.py
[2023-04-05 11:23:54,869] {logging_mixin.py:109} INFO - [2023-04-05 11:23:54,869] {providers_manager.py:156} WARNING - Exception when importing 'airflow.providers.google.leveldb.hooks.leveldb.LevelDBHook' from 'apache-airflow-providers-google' package: No module named 'plyvel'
[2023-04-05 11:23:55,719] {logging_mixin.py:109} INFO - [2023-04-05 11:23:55,719] {providers_manager.py:156} WARNING - Exception when importing 'airflow.providers.google.leveldb.hooks.leveldb.LevelDBHook' from 'apache-airflow-providers-google' package: No module named 'plyvel'
[2023-04-05 11:23:55,767] {logging_mixin.py:109} INFO - [2023-04-05 11:23:55,767] {manager.py:496} INFO - Created Permission View: can edit on DAG:example_kubernetes_executor
[2023-04-05 11:23:55,791] {logging_mixin.py:109} INFO - [2023-04-05 11:23:55,791] {manager.py:496} INFO - Created Permission View: can read on DAG:example_kubernetes_executor
[2023-04-05 11:23:55,792] {logging_mixin.py:109} INFO - [2023-04-05 11:23:55,791] {dag.py:2389} INFO - Sync 1 DAGs
[2023-04-05 11:23:55,808] {logging_mixin.py:109} INFO - [2023-04-05 11:23:55,807] {dag.py:2408} INFO - Creating ORM DAG for example_kubernetes_executor
[2023-04-05 11:23:55,823] {logging_mixin.py:109} INFO - [2023-04-05 11:23:55,823] {dag.py:2921} INFO - Setting next_dagrun for example_kubernetes_executor to None
[2023-04-05 11:23:55,865] {processor.py:171} INFO - Processing /home/airflow/.local/lib/python3.7/site-packages/airflow/example_dags/example_kubernetes_executor.py took 4.181 seconds
[2023-04-05 11:24:39,847] {processor.py:163} INFO - Started process (PID=352) to work on /home/airflow/.local/lib/python3.7/site-packages/airflow/example_dags/example_kubernetes_executor.py
[2023-04-05 11:24:39,849] {processor.py:620} INFO - Processing file /home/airflow/.local/lib/python3.7/site-packages/airflow/example_dags/example_kubernetes_executor.py for tasks to queue
[2023-04-05 11:24:39,849] {logging_mixin.py:109} INFO - [2023-04-05 11:24:39,849] {dagbag.py:500} INFO - Filling up the DagBag from /home/airflow/.local/lib/python3.7/site-packages/airflow/example_dags/example_kubernetes_executor.py
[2023-04-05 11:24:39,897] {processor.py:632} INFO - DAG(s) dict_keys(['example_kubernetes_executor']) retrieved from /home/airflow/.local/lib/python3.7/site-packages/airflow/example_dags/example_kubernetes_executor.py
[2023-04-05 11:24:39,918] {logging_mixin.py:109} INFO - [2023-04-05 11:24:39,918] {dag.py:2389} INFO - Sync 1 DAGs
[2023-04-05 11:24:39,951] {logging_mixin.py:109} INFO - [2023-04-05 11:24:39,951] {dag.py:2921} INFO - Setting next_dagrun for example_kubernetes_executor to None
[2023-04-05 11:24:40,033] {processor.py:171} INFO - Processing /home/airflow/.local/lib/python3.7/site-packages/airflow/example_dags/example_kubernetes_executor.py took 0.190 seconds
[2023-04-05 11:25:10,891] {processor.py:163} INFO - Started process (PID=410) to work on /home/airflow/.local/lib/python3.7/site-packages/airflow/example_dags/example_kubernetes_executor.py
[2023-04-05 11:25:10,891] {processor.py:620} INFO - Processing file /home/airflow/.local/lib/python3.7/site-packages/airflow/example_dags/example_kubernetes_executor.py for tasks to queue
[2023-04-05 11:25:10,892] {logging_mixin.py:109} INFO - [2023-04-05 11:25:10,892] {dagbag.py:500} INFO - Filling up the DagBag from /home/airflow/.local/lib/python3.7/site-packages/airflow/example_dags/example_kubernetes_executor.py
[2023-04-05 11:25:10,914] {processor.py:632} INFO - DAG(s) dict_keys(['example_kubernetes_executor']) retrieved from /home/airflow/.local/lib/python3.7/site-packages/airflow/example_dags/example_kubernetes_executor.py
[2023-04-05 11:25:10,922] {logging_mixin.py:109} INFO - [2023-04-05 11:25:10,921] {dag.py:2389} INFO - Sync 1 DAGs
[2023-04-05 11:25:10,933] {logging_mixin.py:109} INFO - [2023-04-05 11:25:10,933] {dag.py:2921} INFO - Setting next_dagrun for example_kubernetes_executor to None
[2023-04-05 11:25:10,942] {processor.py:171} INFO - Processing /home/airflow/.local/lib/python3.7/site-packages/airflow/example_dags/example_kubernetes_executor.py took 0.054 seconds
[2023-04-05 11:25:41,493] {processor.py:163} INFO - Started process (PID=461) to work on /home/airflow/.local/lib/python3.7/site-packages/airflow/example_dags/example_kubernetes_executor.py
[2023-04-05 11:25:41,494] {processor.py:620} INFO - Processing file /home/airflow/.local/lib/python3.7/site-packages/airflow/example_dags/example_kubernetes_executor.py for tasks to queue
[2023-04-05 11:25:41,495] {logging_mixin.py:109} INFO - [2023-04-05 11:25:41,494] {dagbag.py:500} INFO - Filling up the DagBag from /home/airflow/.local/lib/python3.7/site-packages/airflow/example_dags/example_kubernetes_executor.py
[2023-04-05 11:25:41,516] {processor.py:632} INFO - DAG(s) dict_keys(['example_kubernetes_executor']) retrieved from /home/airflow/.local/lib/python3.7/site-packages/airflow/example_dags/example_kubernetes_executor.py
[2023-04-05 11:25:41,525] {logging_mixin.py:109} INFO - [2023-04-05 11:25:41,524] {dag.py:2389} INFO - Sync 1 DAGs
[2023-04-05 11:25:41,539] {logging_mixin.py:109} INFO - [2023-04-05 11:25:41,539] {dag.py:2921} INFO - Setting next_dagrun for example_kubernetes_executor to None
[2023-04-05 11:25:41,548] {processor.py:171} INFO - Processing /home/airflow/.local/lib/python3.7/site-packages/airflow/example_dags/example_kubernetes_executor.py took 0.058 seconds
[2023-04-05 11:26:12,134] {processor.py:163} INFO - Started process (PID=521) to work on /home/airflow/.local/lib/python3.7/site-packages/airflow/example_dags/example_kubernetes_executor.py
[2023-04-05 11:26:12,135] {processor.py:620} INFO - Processing file /home/airflow/.local/lib/python3.7/site-packages/airflow/example_dags/example_kubernetes_executor.py for tasks to queue
[2023-04-05 11:26:12,136] {logging_mixin.py:109} INFO - [2023-04-05 11:26:12,136] {dagbag.py:500} INFO - Filling up the DagBag from /home/airflow/.local/lib/python3.7/site-packages/airflow/example_dags/example_kubernetes_executor.py
[2023-04-05 11:26:12,156] {processor.py:632} INFO - DAG(s) dict_keys(['example_kubernetes_executor']) retrieved from /home/airflow/.local/lib/python3.7/site-packages/airflow/example_dags/example_kubernetes_executor.py
[2023-04-05 11:26:12,164] {logging_mixin.py:109} INFO - [2023-04-05 11:26:12,164] {dag.py:2389} INFO - Sync 1 DAGs
[2023-04-05 11:26:12,174] {logging_mixin.py:109} INFO - [2023-04-05 11:26:12,174] {dag.py:2921} INFO - Setting next_dagrun for example_kubernetes_executor to None
[2023-04-05 11:26:12,182] {processor.py:171} INFO - Processing /home/airflow/.local/lib/python3.7/site-packages/airflow/example_dags/example_kubernetes_executor.py took 0.050 seconds
[2023-04-05 11:26:42,379] {processor.py:163} INFO - Started process (PID=572) to work on /home/airflow/.local/lib/python3.7/site-packages/airflow/example_dags/example_kubernetes_executor.py
[2023-04-05 11:26:42,383] {processor.py:620} INFO - Processing file /home/airflow/.local/lib/python3.7/site-packages/airflow/example_dags/example_kubernetes_executor.py for tasks to queue
[2023-04-05 11:26:42,384] {logging_mixin.py:109} INFO - [2023-04-05 11:26:42,384] {dagbag.py:500} INFO - Filling up the DagBag from /home/airflow/.local/lib/python3.7/site-packages/airflow/example_dags/example_kubernetes_executor.py
[2023-04-05 11:26:42,406] {processor.py:632} INFO - DAG(s) dict_keys(['example_kubernetes_executor']) retrieved from /home/airflow/.local/lib/python3.7/site-packages/airflow/example_dags/example_kubernetes_executor.py
[2023-04-05 11:26:42,416] {logging_mixin.py:109} INFO - [2023-04-05 11:26:42,415] {dag.py:2389} INFO - Sync 1 DAGs
[2023-04-05 11:26:42,431] {logging_mixin.py:109} INFO - [2023-04-05 11:26:42,431] {dag.py:2921} INFO - Setting next_dagrun for example_kubernetes_executor to None
[2023-04-05 11:26:42,441] {processor.py:171} INFO - Processing /home/airflow/.local/lib/python3.7/site-packages/airflow/example_dags/example_kubernetes_executor.py took 0.065 seconds
[2023-04-05 11:27:12,741] {processor.py:163} INFO - Started process (PID=632) to work on /home/airflow/.local/lib/python3.7/site-packages/airflow/example_dags/example_kubernetes_executor.py
[2023-04-05 11:27:12,742] {processor.py:620} INFO - Processing file /home/airflow/.local/lib/python3.7/site-packages/airflow/example_dags/example_kubernetes_executor.py for tasks to queue
[2023-04-05 11:27:12,742] {logging_mixin.py:109} INFO - [2023-04-05 11:27:12,742] {dagbag.py:500} INFO - Filling up the DagBag from /home/airflow/.local/lib/python3.7/site-packages/airflow/example_dags/example_kubernetes_executor.py
[2023-04-05 11:27:12,768] {processor.py:632} INFO - DAG(s) dict_keys(['example_kubernetes_executor']) retrieved from /home/airflow/.local/lib/python3.7/site-packages/airflow/example_dags/example_kubernetes_executor.py
[2023-04-05 11:27:12,778] {logging_mixin.py:109} INFO - [2023-04-05 11:27:12,778] {dag.py:2389} INFO - Sync 1 DAGs
[2023-04-05 11:27:12,796] {logging_mixin.py:109} INFO - [2023-04-05 11:27:12,796] {dag.py:2921} INFO - Setting next_dagrun for example_kubernetes_executor to None
[2023-04-05 11:27:12,805] {processor.py:171} INFO - Processing /home/airflow/.local/lib/python3.7/site-packages/airflow/example_dags/example_kubernetes_executor.py took 0.068 seconds
[2023-04-05 11:27:43,371] {processor.py:163} INFO - Started process (PID=683) to work on /home/airflow/.local/lib/python3.7/site-packages/airflow/example_dags/example_kubernetes_executor.py
[2023-04-05 11:27:43,375] {processor.py:620} INFO - Processing file /home/airflow/.local/lib/python3.7/site-packages/airflow/example_dags/example_kubernetes_executor.py for tasks to queue
[2023-04-05 11:27:43,376] {logging_mixin.py:109} INFO - [2023-04-05 11:27:43,376] {dagbag.py:500} INFO - Filling up the DagBag from /home/airflow/.local/lib/python3.7/site-packages/airflow/example_dags/example_kubernetes_executor.py
[2023-04-05 11:27:43,396] {processor.py:632} INFO - DAG(s) dict_keys(['example_kubernetes_executor']) retrieved from /home/airflow/.local/lib/python3.7/site-packages/airflow/example_dags/example_kubernetes_executor.py
[2023-04-05 11:27:43,403] {logging_mixin.py:109} INFO - [2023-04-05 11:27:43,403] {dag.py:2389} INFO - Sync 1 DAGs
[2023-04-05 11:27:43,414] {logging_mixin.py:109} INFO - [2023-04-05 11:27:43,414] {dag.py:2921} INFO - Setting next_dagrun for example_kubernetes_executor to None
[2023-04-05 11:27:43,423] {processor.py:171} INFO - Processing /home/airflow/.local/lib/python3.7/site-packages/airflow/example_dags/example_kubernetes_executor.py took 0.055 seconds
