[2023-04-05 11:17:14,529] {processor.py:163} INFO - Started process (PID=301) to work on /home/airflow/.local/lib/python3.7/site-packages/airflow/example_dags/example_trigger_target_dag.py
[2023-04-05 11:17:14,531] {processor.py:620} INFO - Processing file /home/airflow/.local/lib/python3.7/site-packages/airflow/example_dags/example_trigger_target_dag.py for tasks to queue
[2023-04-05 11:17:14,532] {logging_mixin.py:109} INFO - [2023-04-05 11:17:14,532] {dagbag.py:500} INFO - Filling up the DagBag from /home/airflow/.local/lib/python3.7/site-packages/airflow/example_dags/example_trigger_target_dag.py
[2023-04-05 11:17:14,568] {processor.py:632} INFO - DAG(s) dict_keys(['example_trigger_target_dag']) retrieved from /home/airflow/.local/lib/python3.7/site-packages/airflow/example_dags/example_trigger_target_dag.py
[2023-04-05 11:17:17,225] {logging_mixin.py:109} INFO - [2023-04-05 11:17:17,225] {providers_manager.py:156} WARNING - Exception when importing 'airflow.providers.google.leveldb.hooks.leveldb.LevelDBHook' from 'apache-airflow-providers-google' package: No module named 'plyvel'
[2023-04-05 11:17:17,768] {logging_mixin.py:109} INFO - [2023-04-05 11:17:17,768] {providers_manager.py:156} WARNING - Exception when importing 'airflow.providers.google.leveldb.hooks.leveldb.LevelDBHook' from 'apache-airflow-providers-google' package: No module named 'plyvel'
[2023-04-05 11:17:17,796] {logging_mixin.py:109} INFO - [2023-04-05 11:17:17,796] {manager.py:496} INFO - Created Permission View: can read on DAG:example_trigger_target_dag
[2023-04-05 11:17:17,807] {logging_mixin.py:109} INFO - [2023-04-05 11:17:17,806] {manager.py:496} INFO - Created Permission View: can edit on DAG:example_trigger_target_dag
[2023-04-05 11:17:17,807] {logging_mixin.py:109} INFO - [2023-04-05 11:17:17,807] {dag.py:2389} INFO - Sync 1 DAGs
[2023-04-05 11:17:17,818] {logging_mixin.py:109} INFO - [2023-04-05 11:17:17,817] {dag.py:2408} INFO - Creating ORM DAG for example_trigger_target_dag
[2023-04-05 11:17:17,830] {logging_mixin.py:109} INFO - [2023-04-05 11:17:17,830] {dag.py:2921} INFO - Setting next_dagrun for example_trigger_target_dag to None
[2023-04-05 11:17:17,855] {processor.py:171} INFO - Processing /home/airflow/.local/lib/python3.7/site-packages/airflow/example_dags/example_trigger_target_dag.py took 3.330 seconds
[2023-04-05 11:17:48,598] {processor.py:163} INFO - Started process (PID=402) to work on /home/airflow/.local/lib/python3.7/site-packages/airflow/example_dags/example_trigger_target_dag.py
[2023-04-05 11:17:48,599] {processor.py:620} INFO - Processing file /home/airflow/.local/lib/python3.7/site-packages/airflow/example_dags/example_trigger_target_dag.py for tasks to queue
[2023-04-05 11:17:48,600] {logging_mixin.py:109} INFO - [2023-04-05 11:17:48,600] {dagbag.py:500} INFO - Filling up the DagBag from /home/airflow/.local/lib/python3.7/site-packages/airflow/example_dags/example_trigger_target_dag.py
[2023-04-05 11:17:48,625] {processor.py:632} INFO - DAG(s) dict_keys(['example_trigger_target_dag']) retrieved from /home/airflow/.local/lib/python3.7/site-packages/airflow/example_dags/example_trigger_target_dag.py
[2023-04-05 11:17:48,635] {logging_mixin.py:109} INFO - [2023-04-05 11:17:48,635] {dag.py:2389} INFO - Sync 1 DAGs
[2023-04-05 11:17:48,652] {logging_mixin.py:109} INFO - [2023-04-05 11:17:48,652] {dag.py:2921} INFO - Setting next_dagrun for example_trigger_target_dag to None
[2023-04-05 11:17:48,663] {processor.py:171} INFO - Processing /home/airflow/.local/lib/python3.7/site-packages/airflow/example_dags/example_trigger_target_dag.py took 0.069 seconds
[2023-04-05 11:18:18,909] {processor.py:163} INFO - Started process (PID=453) to work on /home/airflow/.local/lib/python3.7/site-packages/airflow/example_dags/example_trigger_target_dag.py
[2023-04-05 11:18:18,915] {processor.py:620} INFO - Processing file /home/airflow/.local/lib/python3.7/site-packages/airflow/example_dags/example_trigger_target_dag.py for tasks to queue
[2023-04-05 11:18:18,915] {logging_mixin.py:109} INFO - [2023-04-05 11:18:18,915] {dagbag.py:500} INFO - Filling up the DagBag from /home/airflow/.local/lib/python3.7/site-packages/airflow/example_dags/example_trigger_target_dag.py
[2023-04-05 11:18:18,934] {processor.py:632} INFO - DAG(s) dict_keys(['example_trigger_target_dag']) retrieved from /home/airflow/.local/lib/python3.7/site-packages/airflow/example_dags/example_trigger_target_dag.py
[2023-04-05 11:18:18,940] {logging_mixin.py:109} INFO - [2023-04-05 11:18:18,940] {dag.py:2389} INFO - Sync 1 DAGs
[2023-04-05 11:18:18,951] {logging_mixin.py:109} INFO - [2023-04-05 11:18:18,951] {dag.py:2921} INFO - Setting next_dagrun for example_trigger_target_dag to None
[2023-04-05 11:18:18,958] {processor.py:171} INFO - Processing /home/airflow/.local/lib/python3.7/site-packages/airflow/example_dags/example_trigger_target_dag.py took 0.051 seconds
[2023-04-05 11:18:49,026] {processor.py:163} INFO - Started process (PID=504) to work on /home/airflow/.local/lib/python3.7/site-packages/airflow/example_dags/example_trigger_target_dag.py
[2023-04-05 11:18:49,027] {processor.py:620} INFO - Processing file /home/airflow/.local/lib/python3.7/site-packages/airflow/example_dags/example_trigger_target_dag.py for tasks to queue
[2023-04-05 11:18:49,028] {logging_mixin.py:109} INFO - [2023-04-05 11:18:49,028] {dagbag.py:500} INFO - Filling up the DagBag from /home/airflow/.local/lib/python3.7/site-packages/airflow/example_dags/example_trigger_target_dag.py
[2023-04-05 11:18:49,051] {processor.py:632} INFO - DAG(s) dict_keys(['example_trigger_target_dag']) retrieved from /home/airflow/.local/lib/python3.7/site-packages/airflow/example_dags/example_trigger_target_dag.py
[2023-04-05 11:18:49,057] {logging_mixin.py:109} INFO - [2023-04-05 11:18:49,057] {dag.py:2389} INFO - Sync 1 DAGs
[2023-04-05 11:18:49,068] {logging_mixin.py:109} INFO - [2023-04-05 11:18:49,068] {dag.py:2921} INFO - Setting next_dagrun for example_trigger_target_dag to None
[2023-04-05 11:18:49,077] {processor.py:171} INFO - Processing /home/airflow/.local/lib/python3.7/site-packages/airflow/example_dags/example_trigger_target_dag.py took 0.052 seconds
[2023-04-05 11:19:19,220] {processor.py:163} INFO - Started process (PID=564) to work on /home/airflow/.local/lib/python3.7/site-packages/airflow/example_dags/example_trigger_target_dag.py
[2023-04-05 11:19:19,221] {processor.py:620} INFO - Processing file /home/airflow/.local/lib/python3.7/site-packages/airflow/example_dags/example_trigger_target_dag.py for tasks to queue
[2023-04-05 11:19:19,222] {logging_mixin.py:109} INFO - [2023-04-05 11:19:19,222] {dagbag.py:500} INFO - Filling up the DagBag from /home/airflow/.local/lib/python3.7/site-packages/airflow/example_dags/example_trigger_target_dag.py
[2023-04-05 11:19:19,254] {processor.py:632} INFO - DAG(s) dict_keys(['example_trigger_target_dag']) retrieved from /home/airflow/.local/lib/python3.7/site-packages/airflow/example_dags/example_trigger_target_dag.py
[2023-04-05 11:19:19,267] {logging_mixin.py:109} INFO - [2023-04-05 11:19:19,267] {dag.py:2389} INFO - Sync 1 DAGs
[2023-04-05 11:19:19,291] {logging_mixin.py:109} INFO - [2023-04-05 11:19:19,291] {dag.py:2921} INFO - Setting next_dagrun for example_trigger_target_dag to None
[2023-04-05 11:19:19,320] {processor.py:171} INFO - Processing /home/airflow/.local/lib/python3.7/site-packages/airflow/example_dags/example_trigger_target_dag.py took 0.103 seconds
[2023-04-05 11:19:49,422] {processor.py:163} INFO - Started process (PID=615) to work on /home/airflow/.local/lib/python3.7/site-packages/airflow/example_dags/example_trigger_target_dag.py
[2023-04-05 11:19:49,423] {processor.py:620} INFO - Processing file /home/airflow/.local/lib/python3.7/site-packages/airflow/example_dags/example_trigger_target_dag.py for tasks to queue
[2023-04-05 11:19:49,423] {logging_mixin.py:109} INFO - [2023-04-05 11:19:49,423] {dagbag.py:500} INFO - Filling up the DagBag from /home/airflow/.local/lib/python3.7/site-packages/airflow/example_dags/example_trigger_target_dag.py
[2023-04-05 11:19:49,445] {processor.py:632} INFO - DAG(s) dict_keys(['example_trigger_target_dag']) retrieved from /home/airflow/.local/lib/python3.7/site-packages/airflow/example_dags/example_trigger_target_dag.py
[2023-04-05 11:19:49,453] {logging_mixin.py:109} INFO - [2023-04-05 11:19:49,452] {dag.py:2389} INFO - Sync 1 DAGs
[2023-04-05 11:19:49,464] {logging_mixin.py:109} INFO - [2023-04-05 11:19:49,464] {dag.py:2921} INFO - Setting next_dagrun for example_trigger_target_dag to None
[2023-04-05 11:19:49,472] {processor.py:171} INFO - Processing /home/airflow/.local/lib/python3.7/site-packages/airflow/example_dags/example_trigger_target_dag.py took 0.052 seconds
[2023-04-05 11:20:19,520] {processor.py:163} INFO - Started process (PID=666) to work on /home/airflow/.local/lib/python3.7/site-packages/airflow/example_dags/example_trigger_target_dag.py
[2023-04-05 11:20:19,521] {processor.py:620} INFO - Processing file /home/airflow/.local/lib/python3.7/site-packages/airflow/example_dags/example_trigger_target_dag.py for tasks to queue
[2023-04-05 11:20:19,521] {logging_mixin.py:109} INFO - [2023-04-05 11:20:19,521] {dagbag.py:500} INFO - Filling up the DagBag from /home/airflow/.local/lib/python3.7/site-packages/airflow/example_dags/example_trigger_target_dag.py
[2023-04-05 11:20:19,545] {processor.py:632} INFO - DAG(s) dict_keys(['example_trigger_target_dag']) retrieved from /home/airflow/.local/lib/python3.7/site-packages/airflow/example_dags/example_trigger_target_dag.py
[2023-04-05 11:20:19,553] {logging_mixin.py:109} INFO - [2023-04-05 11:20:19,553] {dag.py:2389} INFO - Sync 1 DAGs
[2023-04-05 11:20:19,567] {logging_mixin.py:109} INFO - [2023-04-05 11:20:19,567] {dag.py:2921} INFO - Setting next_dagrun for example_trigger_target_dag to None
[2023-04-05 11:20:19,576] {processor.py:171} INFO - Processing /home/airflow/.local/lib/python3.7/site-packages/airflow/example_dags/example_trigger_target_dag.py took 0.059 seconds
[2023-04-05 11:24:29,508] {processor.py:163} INFO - Started process (PID=302) to work on /home/airflow/.local/lib/python3.7/site-packages/airflow/example_dags/example_trigger_target_dag.py
[2023-04-05 11:24:29,510] {processor.py:620} INFO - Processing file /home/airflow/.local/lib/python3.7/site-packages/airflow/example_dags/example_trigger_target_dag.py for tasks to queue
[2023-04-05 11:24:29,510] {logging_mixin.py:109} INFO - [2023-04-05 11:24:29,510] {dagbag.py:500} INFO - Filling up the DagBag from /home/airflow/.local/lib/python3.7/site-packages/airflow/example_dags/example_trigger_target_dag.py
[2023-04-05 11:24:29,558] {processor.py:632} INFO - DAG(s) dict_keys(['example_trigger_target_dag']) retrieved from /home/airflow/.local/lib/python3.7/site-packages/airflow/example_dags/example_trigger_target_dag.py
[2023-04-05 11:24:33,125] {logging_mixin.py:109} INFO - [2023-04-05 11:24:33,125] {providers_manager.py:156} WARNING - Exception when importing 'airflow.providers.google.leveldb.hooks.leveldb.LevelDBHook' from 'apache-airflow-providers-google' package: No module named 'plyvel'
[2023-04-05 11:24:33,937] {logging_mixin.py:109} INFO - [2023-04-05 11:24:33,937] {providers_manager.py:156} WARNING - Exception when importing 'airflow.providers.google.leveldb.hooks.leveldb.LevelDBHook' from 'apache-airflow-providers-google' package: No module named 'plyvel'
[2023-04-05 11:24:33,975] {logging_mixin.py:109} INFO - [2023-04-05 11:24:33,975] {manager.py:496} INFO - Created Permission View: can edit on DAG:example_trigger_target_dag
[2023-04-05 11:24:33,992] {logging_mixin.py:109} INFO - [2023-04-05 11:24:33,992] {manager.py:496} INFO - Created Permission View: can read on DAG:example_trigger_target_dag
[2023-04-05 11:24:33,993] {logging_mixin.py:109} INFO - [2023-04-05 11:24:33,992] {dag.py:2389} INFO - Sync 1 DAGs
[2023-04-05 11:24:34,010] {logging_mixin.py:109} INFO - [2023-04-05 11:24:34,009] {dag.py:2408} INFO - Creating ORM DAG for example_trigger_target_dag
[2023-04-05 11:24:34,027] {logging_mixin.py:109} INFO - [2023-04-05 11:24:34,027] {dag.py:2921} INFO - Setting next_dagrun for example_trigger_target_dag to None
[2023-04-05 11:24:34,052] {processor.py:171} INFO - Processing /home/airflow/.local/lib/python3.7/site-packages/airflow/example_dags/example_trigger_target_dag.py took 4.548 seconds
[2023-04-05 11:25:04,571] {processor.py:163} INFO - Started process (PID=400) to work on /home/airflow/.local/lib/python3.7/site-packages/airflow/example_dags/example_trigger_target_dag.py
[2023-04-05 11:25:04,573] {processor.py:620} INFO - Processing file /home/airflow/.local/lib/python3.7/site-packages/airflow/example_dags/example_trigger_target_dag.py for tasks to queue
[2023-04-05 11:25:04,574] {logging_mixin.py:109} INFO - [2023-04-05 11:25:04,574] {dagbag.py:500} INFO - Filling up the DagBag from /home/airflow/.local/lib/python3.7/site-packages/airflow/example_dags/example_trigger_target_dag.py
[2023-04-05 11:25:04,607] {processor.py:632} INFO - DAG(s) dict_keys(['example_trigger_target_dag']) retrieved from /home/airflow/.local/lib/python3.7/site-packages/airflow/example_dags/example_trigger_target_dag.py
[2023-04-05 11:25:04,616] {logging_mixin.py:109} INFO - [2023-04-05 11:25:04,616] {dag.py:2389} INFO - Sync 1 DAGs
[2023-04-05 11:25:04,631] {logging_mixin.py:109} INFO - [2023-04-05 11:25:04,631] {dag.py:2921} INFO - Setting next_dagrun for example_trigger_target_dag to None
[2023-04-05 11:25:04,641] {processor.py:171} INFO - Processing /home/airflow/.local/lib/python3.7/site-packages/airflow/example_dags/example_trigger_target_dag.py took 0.073 seconds
[2023-04-05 11:25:35,297] {processor.py:163} INFO - Started process (PID=453) to work on /home/airflow/.local/lib/python3.7/site-packages/airflow/example_dags/example_trigger_target_dag.py
[2023-04-05 11:25:35,298] {processor.py:620} INFO - Processing file /home/airflow/.local/lib/python3.7/site-packages/airflow/example_dags/example_trigger_target_dag.py for tasks to queue
[2023-04-05 11:25:35,298] {logging_mixin.py:109} INFO - [2023-04-05 11:25:35,298] {dagbag.py:500} INFO - Filling up the DagBag from /home/airflow/.local/lib/python3.7/site-packages/airflow/example_dags/example_trigger_target_dag.py
[2023-04-05 11:25:35,329] {processor.py:632} INFO - DAG(s) dict_keys(['example_trigger_target_dag']) retrieved from /home/airflow/.local/lib/python3.7/site-packages/airflow/example_dags/example_trigger_target_dag.py
[2023-04-05 11:25:35,340] {logging_mixin.py:109} INFO - [2023-04-05 11:25:35,340] {dag.py:2389} INFO - Sync 1 DAGs
[2023-04-05 11:25:35,359] {logging_mixin.py:109} INFO - [2023-04-05 11:25:35,358] {dag.py:2921} INFO - Setting next_dagrun for example_trigger_target_dag to None
[2023-04-05 11:25:35,370] {processor.py:171} INFO - Processing /home/airflow/.local/lib/python3.7/site-packages/airflow/example_dags/example_trigger_target_dag.py took 0.075 seconds
[2023-04-05 11:26:05,906] {processor.py:163} INFO - Started process (PID=504) to work on /home/airflow/.local/lib/python3.7/site-packages/airflow/example_dags/example_trigger_target_dag.py
[2023-04-05 11:26:05,907] {processor.py:620} INFO - Processing file /home/airflow/.local/lib/python3.7/site-packages/airflow/example_dags/example_trigger_target_dag.py for tasks to queue
[2023-04-05 11:26:05,908] {logging_mixin.py:109} INFO - [2023-04-05 11:26:05,907] {dagbag.py:500} INFO - Filling up the DagBag from /home/airflow/.local/lib/python3.7/site-packages/airflow/example_dags/example_trigger_target_dag.py
[2023-04-05 11:26:05,927] {processor.py:632} INFO - DAG(s) dict_keys(['example_trigger_target_dag']) retrieved from /home/airflow/.local/lib/python3.7/site-packages/airflow/example_dags/example_trigger_target_dag.py
[2023-04-05 11:26:05,934] {logging_mixin.py:109} INFO - [2023-04-05 11:26:05,934] {dag.py:2389} INFO - Sync 1 DAGs
[2023-04-05 11:26:05,945] {logging_mixin.py:109} INFO - [2023-04-05 11:26:05,945] {dag.py:2921} INFO - Setting next_dagrun for example_trigger_target_dag to None
[2023-04-05 11:26:05,953] {processor.py:171} INFO - Processing /home/airflow/.local/lib/python3.7/site-packages/airflow/example_dags/example_trigger_target_dag.py took 0.049 seconds
[2023-04-05 11:26:36,141] {processor.py:163} INFO - Started process (PID=564) to work on /home/airflow/.local/lib/python3.7/site-packages/airflow/example_dags/example_trigger_target_dag.py
[2023-04-05 11:26:36,142] {processor.py:620} INFO - Processing file /home/airflow/.local/lib/python3.7/site-packages/airflow/example_dags/example_trigger_target_dag.py for tasks to queue
[2023-04-05 11:26:36,142] {logging_mixin.py:109} INFO - [2023-04-05 11:26:36,142] {dagbag.py:500} INFO - Filling up the DagBag from /home/airflow/.local/lib/python3.7/site-packages/airflow/example_dags/example_trigger_target_dag.py
[2023-04-05 11:26:36,167] {processor.py:632} INFO - DAG(s) dict_keys(['example_trigger_target_dag']) retrieved from /home/airflow/.local/lib/python3.7/site-packages/airflow/example_dags/example_trigger_target_dag.py
[2023-04-05 11:26:36,175] {logging_mixin.py:109} INFO - [2023-04-05 11:26:36,175] {dag.py:2389} INFO - Sync 1 DAGs
[2023-04-05 11:26:36,188] {logging_mixin.py:109} INFO - [2023-04-05 11:26:36,188] {dag.py:2921} INFO - Setting next_dagrun for example_trigger_target_dag to None
[2023-04-05 11:26:36,197] {processor.py:171} INFO - Processing /home/airflow/.local/lib/python3.7/site-packages/airflow/example_dags/example_trigger_target_dag.py took 0.060 seconds
[2023-04-05 11:27:06,512] {processor.py:163} INFO - Started process (PID=615) to work on /home/airflow/.local/lib/python3.7/site-packages/airflow/example_dags/example_trigger_target_dag.py
[2023-04-05 11:27:06,516] {processor.py:620} INFO - Processing file /home/airflow/.local/lib/python3.7/site-packages/airflow/example_dags/example_trigger_target_dag.py for tasks to queue
[2023-04-05 11:27:06,516] {logging_mixin.py:109} INFO - [2023-04-05 11:27:06,516] {dagbag.py:500} INFO - Filling up the DagBag from /home/airflow/.local/lib/python3.7/site-packages/airflow/example_dags/example_trigger_target_dag.py
[2023-04-05 11:27:06,549] {processor.py:632} INFO - DAG(s) dict_keys(['example_trigger_target_dag']) retrieved from /home/airflow/.local/lib/python3.7/site-packages/airflow/example_dags/example_trigger_target_dag.py
[2023-04-05 11:27:06,560] {logging_mixin.py:109} INFO - [2023-04-05 11:27:06,559] {dag.py:2389} INFO - Sync 1 DAGs
[2023-04-05 11:27:06,576] {logging_mixin.py:109} INFO - [2023-04-05 11:27:06,576] {dag.py:2921} INFO - Setting next_dagrun for example_trigger_target_dag to None
[2023-04-05 11:27:06,586] {processor.py:171} INFO - Processing /home/airflow/.local/lib/python3.7/site-packages/airflow/example_dags/example_trigger_target_dag.py took 0.078 seconds
[2023-04-05 11:27:37,056] {processor.py:163} INFO - Started process (PID=666) to work on /home/airflow/.local/lib/python3.7/site-packages/airflow/example_dags/example_trigger_target_dag.py
[2023-04-05 11:27:37,057] {processor.py:620} INFO - Processing file /home/airflow/.local/lib/python3.7/site-packages/airflow/example_dags/example_trigger_target_dag.py for tasks to queue
[2023-04-05 11:27:37,057] {logging_mixin.py:109} INFO - [2023-04-05 11:27:37,057] {dagbag.py:500} INFO - Filling up the DagBag from /home/airflow/.local/lib/python3.7/site-packages/airflow/example_dags/example_trigger_target_dag.py
[2023-04-05 11:27:37,085] {processor.py:632} INFO - DAG(s) dict_keys(['example_trigger_target_dag']) retrieved from /home/airflow/.local/lib/python3.7/site-packages/airflow/example_dags/example_trigger_target_dag.py
[2023-04-05 11:27:37,096] {logging_mixin.py:109} INFO - [2023-04-05 11:27:37,096] {dag.py:2389} INFO - Sync 1 DAGs
[2023-04-05 11:27:37,111] {logging_mixin.py:109} INFO - [2023-04-05 11:27:37,111] {dag.py:2921} INFO - Setting next_dagrun for example_trigger_target_dag to None
[2023-04-05 11:27:37,121] {processor.py:171} INFO - Processing /home/airflow/.local/lib/python3.7/site-packages/airflow/example_dags/example_trigger_target_dag.py took 0.068 seconds
