[2023-04-05 11:16:52,727] {processor.py:163} INFO - Started process (PID=148) to work on /home/airflow/.local/lib/python3.7/site-packages/airflow/example_dags/example_skip_dag.py
[2023-04-05 11:16:52,729] {processor.py:620} INFO - Processing file /home/airflow/.local/lib/python3.7/site-packages/airflow/example_dags/example_skip_dag.py for tasks to queue
[2023-04-05 11:16:52,729] {logging_mixin.py:109} INFO - [2023-04-05 11:16:52,729] {dagbag.py:500} INFO - Filling up the DagBag from /home/airflow/.local/lib/python3.7/site-packages/airflow/example_dags/example_skip_dag.py
[2023-04-05 11:16:52,767] {processor.py:632} INFO - DAG(s) dict_keys(['example_skip_dag']) retrieved from /home/airflow/.local/lib/python3.7/site-packages/airflow/example_dags/example_skip_dag.py
[2023-04-05 11:16:54,780] {logging_mixin.py:109} INFO - [2023-04-05 11:16:54,780] {providers_manager.py:156} WARNING - Exception when importing 'airflow.providers.google.leveldb.hooks.leveldb.LevelDBHook' from 'apache-airflow-providers-google' package: No module named 'plyvel'
[2023-04-05 11:16:55,332] {logging_mixin.py:109} INFO - [2023-04-05 11:16:55,332] {providers_manager.py:156} WARNING - Exception when importing 'airflow.providers.google.leveldb.hooks.leveldb.LevelDBHook' from 'apache-airflow-providers-google' package: No module named 'plyvel'
[2023-04-05 11:16:55,372] {logging_mixin.py:109} INFO - [2023-04-05 11:16:55,372] {manager.py:496} INFO - Created Permission View: can read on DAG:example_skip_dag
[2023-04-05 11:16:55,392] {logging_mixin.py:109} INFO - [2023-04-05 11:16:55,392] {manager.py:496} INFO - Created Permission View: can edit on DAG:example_skip_dag
[2023-04-05 11:16:55,394] {logging_mixin.py:109} INFO - [2023-04-05 11:16:55,392] {dag.py:2389} INFO - Sync 1 DAGs
[2023-04-05 11:16:55,406] {logging_mixin.py:109} INFO - [2023-04-05 11:16:55,405] {dag.py:2408} INFO - Creating ORM DAG for example_skip_dag
[2023-04-05 11:16:55,426] {logging_mixin.py:109} INFO - [2023-04-05 11:16:55,426] {dag.py:2921} INFO - Setting next_dagrun for example_skip_dag to 2023-04-04T11:16:55.426381+00:00
[2023-04-05 11:16:55,464] {processor.py:171} INFO - Processing /home/airflow/.local/lib/python3.7/site-packages/airflow/example_dags/example_skip_dag.py took 2.738 seconds
[2023-04-05 11:17:25,858] {processor.py:163} INFO - Started process (PID=366) to work on /home/airflow/.local/lib/python3.7/site-packages/airflow/example_dags/example_skip_dag.py
[2023-04-05 11:17:25,865] {processor.py:620} INFO - Processing file /home/airflow/.local/lib/python3.7/site-packages/airflow/example_dags/example_skip_dag.py for tasks to queue
[2023-04-05 11:17:25,866] {logging_mixin.py:109} INFO - [2023-04-05 11:17:25,866] {dagbag.py:500} INFO - Filling up the DagBag from /home/airflow/.local/lib/python3.7/site-packages/airflow/example_dags/example_skip_dag.py
[2023-04-05 11:17:25,883] {processor.py:632} INFO - DAG(s) dict_keys(['example_skip_dag']) retrieved from /home/airflow/.local/lib/python3.7/site-packages/airflow/example_dags/example_skip_dag.py
[2023-04-05 11:17:25,891] {logging_mixin.py:109} INFO - [2023-04-05 11:17:25,891] {dag.py:2389} INFO - Sync 1 DAGs
[2023-04-05 11:17:25,902] {logging_mixin.py:109} INFO - [2023-04-05 11:17:25,902] {dag.py:2921} INFO - Setting next_dagrun for example_skip_dag to 2023-04-04T11:17:25.902231+00:00
[2023-04-05 11:17:25,910] {processor.py:171} INFO - Processing /home/airflow/.local/lib/python3.7/site-packages/airflow/example_dags/example_skip_dag.py took 0.054 seconds
[2023-04-05 11:17:56,082] {processor.py:163} INFO - Started process (PID=418) to work on /home/airflow/.local/lib/python3.7/site-packages/airflow/example_dags/example_skip_dag.py
[2023-04-05 11:17:56,084] {processor.py:620} INFO - Processing file /home/airflow/.local/lib/python3.7/site-packages/airflow/example_dags/example_skip_dag.py for tasks to queue
[2023-04-05 11:17:56,084] {logging_mixin.py:109} INFO - [2023-04-05 11:17:56,084] {dagbag.py:500} INFO - Filling up the DagBag from /home/airflow/.local/lib/python3.7/site-packages/airflow/example_dags/example_skip_dag.py
[2023-04-05 11:17:56,108] {processor.py:632} INFO - DAG(s) dict_keys(['example_skip_dag']) retrieved from /home/airflow/.local/lib/python3.7/site-packages/airflow/example_dags/example_skip_dag.py
[2023-04-05 11:17:56,119] {logging_mixin.py:109} INFO - [2023-04-05 11:17:56,119] {dag.py:2389} INFO - Sync 1 DAGs
[2023-04-05 11:17:56,137] {logging_mixin.py:109} INFO - [2023-04-05 11:17:56,137] {dag.py:2921} INFO - Setting next_dagrun for example_skip_dag to 2023-04-04T11:17:56.136706+00:00
[2023-04-05 11:17:56,153] {processor.py:171} INFO - Processing /home/airflow/.local/lib/python3.7/site-packages/airflow/example_dags/example_skip_dag.py took 0.074 seconds
[2023-04-05 11:18:26,965] {processor.py:163} INFO - Started process (PID=478) to work on /home/airflow/.local/lib/python3.7/site-packages/airflow/example_dags/example_skip_dag.py
[2023-04-05 11:18:26,967] {processor.py:620} INFO - Processing file /home/airflow/.local/lib/python3.7/site-packages/airflow/example_dags/example_skip_dag.py for tasks to queue
[2023-04-05 11:18:26,968] {logging_mixin.py:109} INFO - [2023-04-05 11:18:26,967] {dagbag.py:500} INFO - Filling up the DagBag from /home/airflow/.local/lib/python3.7/site-packages/airflow/example_dags/example_skip_dag.py
[2023-04-05 11:18:26,995] {processor.py:632} INFO - DAG(s) dict_keys(['example_skip_dag']) retrieved from /home/airflow/.local/lib/python3.7/site-packages/airflow/example_dags/example_skip_dag.py
[2023-04-05 11:18:27,010] {logging_mixin.py:109} INFO - [2023-04-05 11:18:27,010] {dag.py:2389} INFO - Sync 1 DAGs
[2023-04-05 11:18:27,033] {logging_mixin.py:109} INFO - [2023-04-05 11:18:27,033] {dag.py:2921} INFO - Setting next_dagrun for example_skip_dag to 2023-04-04T11:18:27.032726+00:00
[2023-04-05 11:18:27,045] {processor.py:171} INFO - Processing /home/airflow/.local/lib/python3.7/site-packages/airflow/example_dags/example_skip_dag.py took 0.083 seconds
[2023-04-05 11:18:57,225] {processor.py:163} INFO - Started process (PID=529) to work on /home/airflow/.local/lib/python3.7/site-packages/airflow/example_dags/example_skip_dag.py
[2023-04-05 11:18:57,226] {processor.py:620} INFO - Processing file /home/airflow/.local/lib/python3.7/site-packages/airflow/example_dags/example_skip_dag.py for tasks to queue
[2023-04-05 11:18:57,226] {logging_mixin.py:109} INFO - [2023-04-05 11:18:57,226] {dagbag.py:500} INFO - Filling up the DagBag from /home/airflow/.local/lib/python3.7/site-packages/airflow/example_dags/example_skip_dag.py
[2023-04-05 11:18:57,246] {processor.py:632} INFO - DAG(s) dict_keys(['example_skip_dag']) retrieved from /home/airflow/.local/lib/python3.7/site-packages/airflow/example_dags/example_skip_dag.py
[2023-04-05 11:18:57,254] {logging_mixin.py:109} INFO - [2023-04-05 11:18:57,254] {dag.py:2389} INFO - Sync 1 DAGs
[2023-04-05 11:18:57,267] {logging_mixin.py:109} INFO - [2023-04-05 11:18:57,266] {dag.py:2921} INFO - Setting next_dagrun for example_skip_dag to 2023-04-04T11:18:57.266681+00:00
[2023-04-05 11:18:57,275] {processor.py:171} INFO - Processing /home/airflow/.local/lib/python3.7/site-packages/airflow/example_dags/example_skip_dag.py took 0.053 seconds
[2023-04-05 11:19:27,294] {processor.py:163} INFO - Started process (PID=580) to work on /home/airflow/.local/lib/python3.7/site-packages/airflow/example_dags/example_skip_dag.py
[2023-04-05 11:19:27,295] {processor.py:620} INFO - Processing file /home/airflow/.local/lib/python3.7/site-packages/airflow/example_dags/example_skip_dag.py for tasks to queue
[2023-04-05 11:19:27,296] {logging_mixin.py:109} INFO - [2023-04-05 11:19:27,296] {dagbag.py:500} INFO - Filling up the DagBag from /home/airflow/.local/lib/python3.7/site-packages/airflow/example_dags/example_skip_dag.py
[2023-04-05 11:19:27,316] {processor.py:632} INFO - DAG(s) dict_keys(['example_skip_dag']) retrieved from /home/airflow/.local/lib/python3.7/site-packages/airflow/example_dags/example_skip_dag.py
[2023-04-05 11:19:27,324] {logging_mixin.py:109} INFO - [2023-04-05 11:19:27,324] {dag.py:2389} INFO - Sync 1 DAGs
[2023-04-05 11:19:27,335] {logging_mixin.py:109} INFO - [2023-04-05 11:19:27,335] {dag.py:2921} INFO - Setting next_dagrun for example_skip_dag to 2023-04-04T11:19:27.335127+00:00
[2023-04-05 11:19:27,345] {processor.py:171} INFO - Processing /home/airflow/.local/lib/python3.7/site-packages/airflow/example_dags/example_skip_dag.py took 0.053 seconds
[2023-04-05 11:19:57,416] {processor.py:163} INFO - Started process (PID=639) to work on /home/airflow/.local/lib/python3.7/site-packages/airflow/example_dags/example_skip_dag.py
[2023-04-05 11:19:57,417] {processor.py:620} INFO - Processing file /home/airflow/.local/lib/python3.7/site-packages/airflow/example_dags/example_skip_dag.py for tasks to queue
[2023-04-05 11:19:57,417] {logging_mixin.py:109} INFO - [2023-04-05 11:19:57,417] {dagbag.py:500} INFO - Filling up the DagBag from /home/airflow/.local/lib/python3.7/site-packages/airflow/example_dags/example_skip_dag.py
[2023-04-05 11:19:57,443] {processor.py:632} INFO - DAG(s) dict_keys(['example_skip_dag']) retrieved from /home/airflow/.local/lib/python3.7/site-packages/airflow/example_dags/example_skip_dag.py
[2023-04-05 11:19:57,462] {logging_mixin.py:109} INFO - [2023-04-05 11:19:57,462] {dag.py:2389} INFO - Sync 1 DAGs
[2023-04-05 11:19:57,481] {logging_mixin.py:109} INFO - [2023-04-05 11:19:57,480] {dag.py:2921} INFO - Setting next_dagrun for example_skip_dag to 2023-04-04T11:19:57.480707+00:00
[2023-04-05 11:19:57,491] {processor.py:171} INFO - Processing /home/airflow/.local/lib/python3.7/site-packages/airflow/example_dags/example_skip_dag.py took 0.077 seconds
[2023-04-05 11:20:28,434] {processor.py:163} INFO - Started process (PID=690) to work on /home/airflow/.local/lib/python3.7/site-packages/airflow/example_dags/example_skip_dag.py
[2023-04-05 11:20:28,435] {processor.py:620} INFO - Processing file /home/airflow/.local/lib/python3.7/site-packages/airflow/example_dags/example_skip_dag.py for tasks to queue
[2023-04-05 11:20:28,436] {logging_mixin.py:109} INFO - [2023-04-05 11:20:28,436] {dagbag.py:500} INFO - Filling up the DagBag from /home/airflow/.local/lib/python3.7/site-packages/airflow/example_dags/example_skip_dag.py
[2023-04-05 11:20:28,456] {processor.py:632} INFO - DAG(s) dict_keys(['example_skip_dag']) retrieved from /home/airflow/.local/lib/python3.7/site-packages/airflow/example_dags/example_skip_dag.py
[2023-04-05 11:20:28,464] {logging_mixin.py:109} INFO - [2023-04-05 11:20:28,464] {dag.py:2389} INFO - Sync 1 DAGs
[2023-04-05 11:20:28,479] {logging_mixin.py:109} INFO - [2023-04-05 11:20:28,479] {dag.py:2921} INFO - Setting next_dagrun for example_skip_dag to 2023-04-04T11:20:28.479098+00:00
[2023-04-05 11:20:28,488] {processor.py:171} INFO - Processing /home/airflow/.local/lib/python3.7/site-packages/airflow/example_dags/example_skip_dag.py took 0.056 seconds
[2023-04-05 11:24:07,655] {processor.py:163} INFO - Started process (PID=148) to work on /home/airflow/.local/lib/python3.7/site-packages/airflow/example_dags/example_skip_dag.py
[2023-04-05 11:24:07,657] {processor.py:620} INFO - Processing file /home/airflow/.local/lib/python3.7/site-packages/airflow/example_dags/example_skip_dag.py for tasks to queue
[2023-04-05 11:24:07,658] {logging_mixin.py:109} INFO - [2023-04-05 11:24:07,658] {dagbag.py:500} INFO - Filling up the DagBag from /home/airflow/.local/lib/python3.7/site-packages/airflow/example_dags/example_skip_dag.py
[2023-04-05 11:24:07,692] {processor.py:632} INFO - DAG(s) dict_keys(['example_skip_dag']) retrieved from /home/airflow/.local/lib/python3.7/site-packages/airflow/example_dags/example_skip_dag.py
[2023-04-05 11:24:09,703] {logging_mixin.py:109} INFO - [2023-04-05 11:24:09,703] {providers_manager.py:156} WARNING - Exception when importing 'airflow.providers.google.leveldb.hooks.leveldb.LevelDBHook' from 'apache-airflow-providers-google' package: No module named 'plyvel'
[2023-04-05 11:24:10,143] {logging_mixin.py:109} INFO - [2023-04-05 11:24:10,143] {providers_manager.py:156} WARNING - Exception when importing 'airflow.providers.google.leveldb.hooks.leveldb.LevelDBHook' from 'apache-airflow-providers-google' package: No module named 'plyvel'
[2023-04-05 11:24:10,173] {logging_mixin.py:109} INFO - [2023-04-05 11:24:10,173] {manager.py:496} INFO - Created Permission View: can edit on DAG:example_skip_dag
[2023-04-05 11:24:10,181] {logging_mixin.py:109} INFO - [2023-04-05 11:24:10,181] {manager.py:496} INFO - Created Permission View: can read on DAG:example_skip_dag
[2023-04-05 11:24:10,182] {logging_mixin.py:109} INFO - [2023-04-05 11:24:10,182] {dag.py:2389} INFO - Sync 1 DAGs
[2023-04-05 11:24:10,191] {logging_mixin.py:109} INFO - [2023-04-05 11:24:10,190] {dag.py:2408} INFO - Creating ORM DAG for example_skip_dag
[2023-04-05 11:24:10,200] {logging_mixin.py:109} INFO - [2023-04-05 11:24:10,200] {dag.py:2921} INFO - Setting next_dagrun for example_skip_dag to 2023-04-04T11:24:10.199887+00:00
[2023-04-05 11:24:10,213] {processor.py:171} INFO - Processing /home/airflow/.local/lib/python3.7/site-packages/airflow/example_dags/example_skip_dag.py took 2.562 seconds
[2023-04-05 11:24:41,187] {processor.py:163} INFO - Started process (PID=367) to work on /home/airflow/.local/lib/python3.7/site-packages/airflow/example_dags/example_skip_dag.py
[2023-04-05 11:24:41,188] {processor.py:620} INFO - Processing file /home/airflow/.local/lib/python3.7/site-packages/airflow/example_dags/example_skip_dag.py for tasks to queue
[2023-04-05 11:24:41,189] {logging_mixin.py:109} INFO - [2023-04-05 11:24:41,189] {dagbag.py:500} INFO - Filling up the DagBag from /home/airflow/.local/lib/python3.7/site-packages/airflow/example_dags/example_skip_dag.py
[2023-04-05 11:24:41,218] {processor.py:632} INFO - DAG(s) dict_keys(['example_skip_dag']) retrieved from /home/airflow/.local/lib/python3.7/site-packages/airflow/example_dags/example_skip_dag.py
[2023-04-05 11:24:41,232] {logging_mixin.py:109} INFO - [2023-04-05 11:24:41,232] {dag.py:2389} INFO - Sync 1 DAGs
[2023-04-05 11:24:41,252] {logging_mixin.py:109} INFO - [2023-04-05 11:24:41,252] {dag.py:2921} INFO - Setting next_dagrun for example_skip_dag to 2023-04-04T11:24:41.251933+00:00
[2023-04-05 11:24:41,264] {processor.py:171} INFO - Processing /home/airflow/.local/lib/python3.7/site-packages/airflow/example_dags/example_skip_dag.py took 0.081 seconds
[2023-04-05 11:25:11,354] {processor.py:163} INFO - Started process (PID=417) to work on /home/airflow/.local/lib/python3.7/site-packages/airflow/example_dags/example_skip_dag.py
[2023-04-05 11:25:11,356] {processor.py:620} INFO - Processing file /home/airflow/.local/lib/python3.7/site-packages/airflow/example_dags/example_skip_dag.py for tasks to queue
[2023-04-05 11:25:11,356] {logging_mixin.py:109} INFO - [2023-04-05 11:25:11,356] {dagbag.py:500} INFO - Filling up the DagBag from /home/airflow/.local/lib/python3.7/site-packages/airflow/example_dags/example_skip_dag.py
[2023-04-05 11:25:11,377] {processor.py:632} INFO - DAG(s) dict_keys(['example_skip_dag']) retrieved from /home/airflow/.local/lib/python3.7/site-packages/airflow/example_dags/example_skip_dag.py
[2023-04-05 11:25:11,386] {logging_mixin.py:109} INFO - [2023-04-05 11:25:11,386] {dag.py:2389} INFO - Sync 1 DAGs
[2023-04-05 11:25:11,399] {logging_mixin.py:109} INFO - [2023-04-05 11:25:11,399] {dag.py:2921} INFO - Setting next_dagrun for example_skip_dag to 2023-04-04T11:25:11.399649+00:00
[2023-04-05 11:25:11,409] {processor.py:171} INFO - Processing /home/airflow/.local/lib/python3.7/site-packages/airflow/example_dags/example_skip_dag.py took 0.058 seconds
[2023-04-05 11:25:42,046] {processor.py:163} INFO - Started process (PID=468) to work on /home/airflow/.local/lib/python3.7/site-packages/airflow/example_dags/example_skip_dag.py
[2023-04-05 11:25:42,047] {processor.py:620} INFO - Processing file /home/airflow/.local/lib/python3.7/site-packages/airflow/example_dags/example_skip_dag.py for tasks to queue
[2023-04-05 11:25:42,048] {logging_mixin.py:109} INFO - [2023-04-05 11:25:42,048] {dagbag.py:500} INFO - Filling up the DagBag from /home/airflow/.local/lib/python3.7/site-packages/airflow/example_dags/example_skip_dag.py
[2023-04-05 11:25:42,082] {processor.py:632} INFO - DAG(s) dict_keys(['example_skip_dag']) retrieved from /home/airflow/.local/lib/python3.7/site-packages/airflow/example_dags/example_skip_dag.py
[2023-04-05 11:25:42,094] {logging_mixin.py:109} INFO - [2023-04-05 11:25:42,094] {dag.py:2389} INFO - Sync 1 DAGs
[2023-04-05 11:25:42,112] {logging_mixin.py:109} INFO - [2023-04-05 11:25:42,112] {dag.py:2921} INFO - Setting next_dagrun for example_skip_dag to 2023-04-04T11:25:42.111949+00:00
[2023-04-05 11:25:42,123] {processor.py:171} INFO - Processing /home/airflow/.local/lib/python3.7/site-packages/airflow/example_dags/example_skip_dag.py took 0.080 seconds
[2023-04-05 11:26:12,582] {processor.py:163} INFO - Started process (PID=528) to work on /home/airflow/.local/lib/python3.7/site-packages/airflow/example_dags/example_skip_dag.py
[2023-04-05 11:26:12,583] {processor.py:620} INFO - Processing file /home/airflow/.local/lib/python3.7/site-packages/airflow/example_dags/example_skip_dag.py for tasks to queue
[2023-04-05 11:26:12,583] {logging_mixin.py:109} INFO - [2023-04-05 11:26:12,583] {dagbag.py:500} INFO - Filling up the DagBag from /home/airflow/.local/lib/python3.7/site-packages/airflow/example_dags/example_skip_dag.py
[2023-04-05 11:26:12,605] {processor.py:632} INFO - DAG(s) dict_keys(['example_skip_dag']) retrieved from /home/airflow/.local/lib/python3.7/site-packages/airflow/example_dags/example_skip_dag.py
[2023-04-05 11:26:12,614] {logging_mixin.py:109} INFO - [2023-04-05 11:26:12,614] {dag.py:2389} INFO - Sync 1 DAGs
[2023-04-05 11:26:12,626] {logging_mixin.py:109} INFO - [2023-04-05 11:26:12,626] {dag.py:2921} INFO - Setting next_dagrun for example_skip_dag to 2023-04-04T11:26:12.626531+00:00
[2023-04-05 11:26:12,635] {processor.py:171} INFO - Processing /home/airflow/.local/lib/python3.7/site-packages/airflow/example_dags/example_skip_dag.py took 0.055 seconds
[2023-04-05 11:26:42,971] {processor.py:163} INFO - Started process (PID=579) to work on /home/airflow/.local/lib/python3.7/site-packages/airflow/example_dags/example_skip_dag.py
[2023-04-05 11:26:42,971] {processor.py:620} INFO - Processing file /home/airflow/.local/lib/python3.7/site-packages/airflow/example_dags/example_skip_dag.py for tasks to queue
[2023-04-05 11:26:42,972] {logging_mixin.py:109} INFO - [2023-04-05 11:26:42,972] {dagbag.py:500} INFO - Filling up the DagBag from /home/airflow/.local/lib/python3.7/site-packages/airflow/example_dags/example_skip_dag.py
[2023-04-05 11:26:42,991] {processor.py:632} INFO - DAG(s) dict_keys(['example_skip_dag']) retrieved from /home/airflow/.local/lib/python3.7/site-packages/airflow/example_dags/example_skip_dag.py
[2023-04-05 11:26:43,000] {logging_mixin.py:109} INFO - [2023-04-05 11:26:43,000] {dag.py:2389} INFO - Sync 1 DAGs
[2023-04-05 11:26:43,014] {logging_mixin.py:109} INFO - [2023-04-05 11:26:43,014] {dag.py:2921} INFO - Setting next_dagrun for example_skip_dag to 2023-04-04T11:26:43.013863+00:00
[2023-04-05 11:26:43,023] {processor.py:171} INFO - Processing /home/airflow/.local/lib/python3.7/site-packages/airflow/example_dags/example_skip_dag.py took 0.054 seconds
[2023-04-05 11:27:13,361] {processor.py:163} INFO - Started process (PID=639) to work on /home/airflow/.local/lib/python3.7/site-packages/airflow/example_dags/example_skip_dag.py
[2023-04-05 11:27:13,362] {processor.py:620} INFO - Processing file /home/airflow/.local/lib/python3.7/site-packages/airflow/example_dags/example_skip_dag.py for tasks to queue
[2023-04-05 11:27:13,362] {logging_mixin.py:109} INFO - [2023-04-05 11:27:13,362] {dagbag.py:500} INFO - Filling up the DagBag from /home/airflow/.local/lib/python3.7/site-packages/airflow/example_dags/example_skip_dag.py
[2023-04-05 11:27:13,390] {processor.py:632} INFO - DAG(s) dict_keys(['example_skip_dag']) retrieved from /home/airflow/.local/lib/python3.7/site-packages/airflow/example_dags/example_skip_dag.py
[2023-04-05 11:27:13,401] {logging_mixin.py:109} INFO - [2023-04-05 11:27:13,401] {dag.py:2389} INFO - Sync 1 DAGs
[2023-04-05 11:27:13,418] {logging_mixin.py:109} INFO - [2023-04-05 11:27:13,418] {dag.py:2921} INFO - Setting next_dagrun for example_skip_dag to 2023-04-04T11:27:13.417756+00:00
[2023-04-05 11:27:13,428] {processor.py:171} INFO - Processing /home/airflow/.local/lib/python3.7/site-packages/airflow/example_dags/example_skip_dag.py took 0.071 seconds
[2023-04-05 11:27:43,855] {processor.py:163} INFO - Started process (PID=690) to work on /home/airflow/.local/lib/python3.7/site-packages/airflow/example_dags/example_skip_dag.py
[2023-04-05 11:27:43,856] {processor.py:620} INFO - Processing file /home/airflow/.local/lib/python3.7/site-packages/airflow/example_dags/example_skip_dag.py for tasks to queue
[2023-04-05 11:27:43,856] {logging_mixin.py:109} INFO - [2023-04-05 11:27:43,856] {dagbag.py:500} INFO - Filling up the DagBag from /home/airflow/.local/lib/python3.7/site-packages/airflow/example_dags/example_skip_dag.py
[2023-04-05 11:27:43,878] {processor.py:632} INFO - DAG(s) dict_keys(['example_skip_dag']) retrieved from /home/airflow/.local/lib/python3.7/site-packages/airflow/example_dags/example_skip_dag.py
[2023-04-05 11:27:43,887] {logging_mixin.py:109} INFO - [2023-04-05 11:27:43,887] {dag.py:2389} INFO - Sync 1 DAGs
[2023-04-05 11:27:43,898] {logging_mixin.py:109} INFO - [2023-04-05 11:27:43,898] {dag.py:2921} INFO - Setting next_dagrun for example_skip_dag to 2023-04-04T11:27:43.898337+00:00
[2023-04-05 11:27:43,906] {processor.py:171} INFO - Processing /home/airflow/.local/lib/python3.7/site-packages/airflow/example_dags/example_skip_dag.py took 0.054 seconds
