[2023-04-05 11:16:38,970] {processor.py:163} INFO - Started process (PID=67) to work on /home/airflow/.local/lib/python3.7/site-packages/airflow/example_dags/example_xcom.py
[2023-04-05 11:16:38,971] {processor.py:620} INFO - Processing file /home/airflow/.local/lib/python3.7/site-packages/airflow/example_dags/example_xcom.py for tasks to queue
[2023-04-05 11:16:38,972] {logging_mixin.py:109} INFO - [2023-04-05 11:16:38,972] {dagbag.py:500} INFO - Filling up the DagBag from /home/airflow/.local/lib/python3.7/site-packages/airflow/example_dags/example_xcom.py
[2023-04-05 11:16:39,028] {processor.py:632} INFO - DAG(s) dict_keys(['example_xcom']) retrieved from /home/airflow/.local/lib/python3.7/site-packages/airflow/example_dags/example_xcom.py
[2023-04-05 11:16:42,410] {logging_mixin.py:109} INFO - [2023-04-05 11:16:42,410] {providers_manager.py:156} WARNING - Exception when importing 'airflow.providers.google.leveldb.hooks.leveldb.LevelDBHook' from 'apache-airflow-providers-google' package: No module named 'plyvel'
[2023-04-05 11:16:43,167] {logging_mixin.py:109} INFO - [2023-04-05 11:16:43,166] {providers_manager.py:156} WARNING - Exception when importing 'airflow.providers.google.leveldb.hooks.leveldb.LevelDBHook' from 'apache-airflow-providers-google' package: No module named 'plyvel'
[2023-04-05 11:16:43,256] {logging_mixin.py:109} INFO - [2023-04-05 11:16:43,256] {manager.py:496} INFO - Created Permission View: can read on DAG:example_xcom
[2023-04-05 11:16:43,270] {logging_mixin.py:109} INFO - [2023-04-05 11:16:43,270] {manager.py:496} INFO - Created Permission View: can edit on DAG:example_xcom
[2023-04-05 11:16:43,272] {logging_mixin.py:109} INFO - [2023-04-05 11:16:43,271] {dag.py:2389} INFO - Sync 1 DAGs
[2023-04-05 11:16:43,285] {logging_mixin.py:109} INFO - [2023-04-05 11:16:43,284] {dag.py:2408} INFO - Creating ORM DAG for example_xcom
[2023-04-05 11:16:43,297] {logging_mixin.py:109} INFO - [2023-04-05 11:16:43,297] {dag.py:2921} INFO - Setting next_dagrun for example_xcom to 2021-01-01T00:00:00+00:00
[2023-04-05 11:16:43,332] {processor.py:171} INFO - Processing /home/airflow/.local/lib/python3.7/site-packages/airflow/example_dags/example_xcom.py took 4.367 seconds
[2023-04-05 11:17:21,258] {processor.py:163} INFO - Started process (PID=350) to work on /home/airflow/.local/lib/python3.7/site-packages/airflow/example_dags/example_xcom.py
[2023-04-05 11:17:21,260] {processor.py:620} INFO - Processing file /home/airflow/.local/lib/python3.7/site-packages/airflow/example_dags/example_xcom.py for tasks to queue
[2023-04-05 11:17:21,262] {logging_mixin.py:109} INFO - [2023-04-05 11:17:21,262] {dagbag.py:500} INFO - Filling up the DagBag from /home/airflow/.local/lib/python3.7/site-packages/airflow/example_dags/example_xcom.py
[2023-04-05 11:17:21,311] {processor.py:632} INFO - DAG(s) dict_keys(['example_xcom']) retrieved from /home/airflow/.local/lib/python3.7/site-packages/airflow/example_dags/example_xcom.py
[2023-04-05 11:17:21,724] {logging_mixin.py:109} INFO - [2023-04-05 11:17:21,724] {dag.py:2389} INFO - Sync 1 DAGs
[2023-04-05 11:17:21,743] {logging_mixin.py:109} INFO - [2023-04-05 11:17:21,743] {dag.py:2921} INFO - Setting next_dagrun for example_xcom to 2021-01-01T00:00:00+00:00
[2023-04-05 11:17:21,756] {processor.py:171} INFO - Processing /home/airflow/.local/lib/python3.7/site-packages/airflow/example_dags/example_xcom.py took 0.503 seconds
[2023-04-05 11:17:51,974] {processor.py:163} INFO - Started process (PID=409) to work on /home/airflow/.local/lib/python3.7/site-packages/airflow/example_dags/example_xcom.py
[2023-04-05 11:17:51,975] {processor.py:620} INFO - Processing file /home/airflow/.local/lib/python3.7/site-packages/airflow/example_dags/example_xcom.py for tasks to queue
[2023-04-05 11:17:51,976] {logging_mixin.py:109} INFO - [2023-04-05 11:17:51,976] {dagbag.py:500} INFO - Filling up the DagBag from /home/airflow/.local/lib/python3.7/site-packages/airflow/example_dags/example_xcom.py
[2023-04-05 11:17:52,013] {processor.py:632} INFO - DAG(s) dict_keys(['example_xcom']) retrieved from /home/airflow/.local/lib/python3.7/site-packages/airflow/example_dags/example_xcom.py
[2023-04-05 11:17:52,268] {logging_mixin.py:109} INFO - [2023-04-05 11:17:52,268] {dag.py:2389} INFO - Sync 1 DAGs
[2023-04-05 11:17:52,280] {logging_mixin.py:109} INFO - [2023-04-05 11:17:52,279] {dag.py:2921} INFO - Setting next_dagrun for example_xcom to 2021-01-01T00:00:00+00:00
[2023-04-05 11:17:52,289] {processor.py:171} INFO - Processing /home/airflow/.local/lib/python3.7/site-packages/airflow/example_dags/example_xcom.py took 0.318 seconds
[2023-04-05 11:18:22,369] {processor.py:163} INFO - Started process (PID=462) to work on /home/airflow/.local/lib/python3.7/site-packages/airflow/example_dags/example_xcom.py
[2023-04-05 11:18:22,370] {processor.py:620} INFO - Processing file /home/airflow/.local/lib/python3.7/site-packages/airflow/example_dags/example_xcom.py for tasks to queue
[2023-04-05 11:18:22,371] {logging_mixin.py:109} INFO - [2023-04-05 11:18:22,371] {dagbag.py:500} INFO - Filling up the DagBag from /home/airflow/.local/lib/python3.7/site-packages/airflow/example_dags/example_xcom.py
[2023-04-05 11:18:22,400] {processor.py:632} INFO - DAG(s) dict_keys(['example_xcom']) retrieved from /home/airflow/.local/lib/python3.7/site-packages/airflow/example_dags/example_xcom.py
[2023-04-05 11:18:22,651] {logging_mixin.py:109} INFO - [2023-04-05 11:18:22,651] {dag.py:2389} INFO - Sync 1 DAGs
[2023-04-05 11:18:22,663] {logging_mixin.py:109} INFO - [2023-04-05 11:18:22,663] {dag.py:2921} INFO - Setting next_dagrun for example_xcom to 2021-01-01T00:00:00+00:00
[2023-04-05 11:18:22,673] {processor.py:171} INFO - Processing /home/airflow/.local/lib/python3.7/site-packages/airflow/example_dags/example_xcom.py took 0.306 seconds
[2023-04-05 11:18:53,530] {processor.py:163} INFO - Started process (PID=522) to work on /home/airflow/.local/lib/python3.7/site-packages/airflow/example_dags/example_xcom.py
[2023-04-05 11:18:53,531] {processor.py:620} INFO - Processing file /home/airflow/.local/lib/python3.7/site-packages/airflow/example_dags/example_xcom.py for tasks to queue
[2023-04-05 11:18:53,532] {logging_mixin.py:109} INFO - [2023-04-05 11:18:53,532] {dagbag.py:500} INFO - Filling up the DagBag from /home/airflow/.local/lib/python3.7/site-packages/airflow/example_dags/example_xcom.py
[2023-04-05 11:18:53,574] {processor.py:632} INFO - DAG(s) dict_keys(['example_xcom']) retrieved from /home/airflow/.local/lib/python3.7/site-packages/airflow/example_dags/example_xcom.py
[2023-04-05 11:18:53,873] {logging_mixin.py:109} INFO - [2023-04-05 11:18:53,873] {dag.py:2389} INFO - Sync 1 DAGs
[2023-04-05 11:18:53,887] {logging_mixin.py:109} INFO - [2023-04-05 11:18:53,887] {dag.py:2921} INFO - Setting next_dagrun for example_xcom to 2021-01-01T00:00:00+00:00
[2023-04-05 11:18:53,901] {processor.py:171} INFO - Processing /home/airflow/.local/lib/python3.7/site-packages/airflow/example_dags/example_xcom.py took 0.376 seconds
[2023-04-05 11:19:24,666] {processor.py:163} INFO - Started process (PID=574) to work on /home/airflow/.local/lib/python3.7/site-packages/airflow/example_dags/example_xcom.py
[2023-04-05 11:19:24,673] {processor.py:620} INFO - Processing file /home/airflow/.local/lib/python3.7/site-packages/airflow/example_dags/example_xcom.py for tasks to queue
[2023-04-05 11:19:24,674] {logging_mixin.py:109} INFO - [2023-04-05 11:19:24,674] {dagbag.py:500} INFO - Filling up the DagBag from /home/airflow/.local/lib/python3.7/site-packages/airflow/example_dags/example_xcom.py
[2023-04-05 11:19:24,695] {processor.py:632} INFO - DAG(s) dict_keys(['example_xcom']) retrieved from /home/airflow/.local/lib/python3.7/site-packages/airflow/example_dags/example_xcom.py
[2023-04-05 11:19:24,939] {logging_mixin.py:109} INFO - [2023-04-05 11:19:24,939] {dag.py:2389} INFO - Sync 1 DAGs
[2023-04-05 11:19:24,950] {logging_mixin.py:109} INFO - [2023-04-05 11:19:24,950] {dag.py:2921} INFO - Setting next_dagrun for example_xcom to 2021-01-01T00:00:00+00:00
[2023-04-05 11:19:24,961] {processor.py:171} INFO - Processing /home/airflow/.local/lib/python3.7/site-packages/airflow/example_dags/example_xcom.py took 0.297 seconds
[2023-04-05 11:19:55,040] {processor.py:163} INFO - Started process (PID=628) to work on /home/airflow/.local/lib/python3.7/site-packages/airflow/example_dags/example_xcom.py
[2023-04-05 11:19:55,042] {processor.py:620} INFO - Processing file /home/airflow/.local/lib/python3.7/site-packages/airflow/example_dags/example_xcom.py for tasks to queue
[2023-04-05 11:19:55,042] {logging_mixin.py:109} INFO - [2023-04-05 11:19:55,042] {dagbag.py:500} INFO - Filling up the DagBag from /home/airflow/.local/lib/python3.7/site-packages/airflow/example_dags/example_xcom.py
[2023-04-05 11:19:55,073] {processor.py:632} INFO - DAG(s) dict_keys(['example_xcom']) retrieved from /home/airflow/.local/lib/python3.7/site-packages/airflow/example_dags/example_xcom.py
[2023-04-05 11:19:55,369] {logging_mixin.py:109} INFO - [2023-04-05 11:19:55,369] {dag.py:2389} INFO - Sync 1 DAGs
[2023-04-05 11:19:55,383] {logging_mixin.py:109} INFO - [2023-04-05 11:19:55,383] {dag.py:2921} INFO - Setting next_dagrun for example_xcom to 2021-01-01T00:00:00+00:00
[2023-04-05 11:19:55,393] {processor.py:171} INFO - Processing /home/airflow/.local/lib/python3.7/site-packages/airflow/example_dags/example_xcom.py took 0.355 seconds
[2023-04-05 11:20:26,097] {processor.py:163} INFO - Started process (PID=688) to work on /home/airflow/.local/lib/python3.7/site-packages/airflow/example_dags/example_xcom.py
[2023-04-05 11:20:26,099] {processor.py:620} INFO - Processing file /home/airflow/.local/lib/python3.7/site-packages/airflow/example_dags/example_xcom.py for tasks to queue
[2023-04-05 11:20:26,099] {logging_mixin.py:109} INFO - [2023-04-05 11:20:26,099] {dagbag.py:500} INFO - Filling up the DagBag from /home/airflow/.local/lib/python3.7/site-packages/airflow/example_dags/example_xcom.py
[2023-04-05 11:20:26,128] {processor.py:632} INFO - DAG(s) dict_keys(['example_xcom']) retrieved from /home/airflow/.local/lib/python3.7/site-packages/airflow/example_dags/example_xcom.py
[2023-04-05 11:20:26,392] {logging_mixin.py:109} INFO - [2023-04-05 11:20:26,392] {dag.py:2389} INFO - Sync 1 DAGs
[2023-04-05 11:20:26,404] {logging_mixin.py:109} INFO - [2023-04-05 11:20:26,403] {dag.py:2921} INFO - Setting next_dagrun for example_xcom to 2021-01-01T00:00:00+00:00
[2023-04-05 11:20:26,414] {processor.py:171} INFO - Processing /home/airflow/.local/lib/python3.7/site-packages/airflow/example_dags/example_xcom.py took 0.320 seconds
[2023-04-05 11:23:51,682] {processor.py:163} INFO - Started process (PID=66) to work on /home/airflow/.local/lib/python3.7/site-packages/airflow/example_dags/example_xcom.py
[2023-04-05 11:23:51,684] {processor.py:620} INFO - Processing file /home/airflow/.local/lib/python3.7/site-packages/airflow/example_dags/example_xcom.py for tasks to queue
[2023-04-05 11:23:51,685] {logging_mixin.py:109} INFO - [2023-04-05 11:23:51,685] {dagbag.py:500} INFO - Filling up the DagBag from /home/airflow/.local/lib/python3.7/site-packages/airflow/example_dags/example_xcom.py
[2023-04-05 11:23:51,723] {processor.py:632} INFO - DAG(s) dict_keys(['example_xcom']) retrieved from /home/airflow/.local/lib/python3.7/site-packages/airflow/example_dags/example_xcom.py
[2023-04-05 11:23:54,626] {logging_mixin.py:109} INFO - [2023-04-05 11:23:54,625] {providers_manager.py:156} WARNING - Exception when importing 'airflow.providers.google.leveldb.hooks.leveldb.LevelDBHook' from 'apache-airflow-providers-google' package: No module named 'plyvel'
[2023-04-05 11:23:55,422] {logging_mixin.py:109} INFO - [2023-04-05 11:23:55,421] {providers_manager.py:156} WARNING - Exception when importing 'airflow.providers.google.leveldb.hooks.leveldb.LevelDBHook' from 'apache-airflow-providers-google' package: No module named 'plyvel'
[2023-04-05 11:23:55,484] {logging_mixin.py:109} INFO - [2023-04-05 11:23:55,483] {manager.py:496} INFO - Created Permission View: can edit on DAG:example_xcom
[2023-04-05 11:23:55,513] {logging_mixin.py:109} INFO - [2023-04-05 11:23:55,513] {manager.py:496} INFO - Created Permission View: can read on DAG:example_xcom
[2023-04-05 11:23:55,514] {logging_mixin.py:109} INFO - [2023-04-05 11:23:55,513] {dag.py:2389} INFO - Sync 1 DAGs
[2023-04-05 11:23:55,525] {logging_mixin.py:109} INFO - [2023-04-05 11:23:55,525] {dag.py:2408} INFO - Creating ORM DAG for example_xcom
[2023-04-05 11:23:55,537] {logging_mixin.py:109} INFO - [2023-04-05 11:23:55,537] {dag.py:2921} INFO - Setting next_dagrun for example_xcom to 2021-01-01T00:00:00+00:00
[2023-04-05 11:23:55,569] {processor.py:171} INFO - Processing /home/airflow/.local/lib/python3.7/site-packages/airflow/example_dags/example_xcom.py took 3.891 seconds
[2023-04-05 11:24:38,993] {processor.py:163} INFO - Started process (PID=351) to work on /home/airflow/.local/lib/python3.7/site-packages/airflow/example_dags/example_xcom.py
[2023-04-05 11:24:38,998] {processor.py:620} INFO - Processing file /home/airflow/.local/lib/python3.7/site-packages/airflow/example_dags/example_xcom.py for tasks to queue
[2023-04-05 11:24:39,000] {logging_mixin.py:109} INFO - [2023-04-05 11:24:38,999] {dagbag.py:500} INFO - Filling up the DagBag from /home/airflow/.local/lib/python3.7/site-packages/airflow/example_dags/example_xcom.py
[2023-04-05 11:24:39,056] {processor.py:632} INFO - DAG(s) dict_keys(['example_xcom']) retrieved from /home/airflow/.local/lib/python3.7/site-packages/airflow/example_dags/example_xcom.py
[2023-04-05 11:24:39,781] {logging_mixin.py:109} INFO - [2023-04-05 11:24:39,781] {dag.py:2389} INFO - Sync 1 DAGs
[2023-04-05 11:24:39,804] {logging_mixin.py:109} INFO - [2023-04-05 11:24:39,804] {dag.py:2921} INFO - Setting next_dagrun for example_xcom to 2021-01-01T00:00:00+00:00
[2023-04-05 11:24:39,824] {processor.py:171} INFO - Processing /home/airflow/.local/lib/python3.7/site-packages/airflow/example_dags/example_xcom.py took 0.842 seconds
[2023-04-05 11:25:09,886] {processor.py:163} INFO - Started process (PID=409) to work on /home/airflow/.local/lib/python3.7/site-packages/airflow/example_dags/example_xcom.py
[2023-04-05 11:25:09,887] {processor.py:620} INFO - Processing file /home/airflow/.local/lib/python3.7/site-packages/airflow/example_dags/example_xcom.py for tasks to queue
[2023-04-05 11:25:09,888] {logging_mixin.py:109} INFO - [2023-04-05 11:25:09,888] {dagbag.py:500} INFO - Filling up the DagBag from /home/airflow/.local/lib/python3.7/site-packages/airflow/example_dags/example_xcom.py
[2023-04-05 11:25:09,924] {processor.py:632} INFO - DAG(s) dict_keys(['example_xcom']) retrieved from /home/airflow/.local/lib/python3.7/site-packages/airflow/example_dags/example_xcom.py
[2023-04-05 11:25:09,938] {logging_mixin.py:109} INFO - [2023-04-05 11:25:09,938] {dag.py:2389} INFO - Sync 1 DAGs
[2023-04-05 11:25:09,957] {logging_mixin.py:109} INFO - [2023-04-05 11:25:09,957] {dag.py:2921} INFO - Setting next_dagrun for example_xcom to 2021-01-01T00:00:00+00:00
[2023-04-05 11:25:09,974] {processor.py:171} INFO - Processing /home/airflow/.local/lib/python3.7/site-packages/airflow/example_dags/example_xcom.py took 0.091 seconds
[2023-04-05 11:25:40,487] {processor.py:163} INFO - Started process (PID=460) to work on /home/airflow/.local/lib/python3.7/site-packages/airflow/example_dags/example_xcom.py
[2023-04-05 11:25:40,488] {processor.py:620} INFO - Processing file /home/airflow/.local/lib/python3.7/site-packages/airflow/example_dags/example_xcom.py for tasks to queue
[2023-04-05 11:25:40,489] {logging_mixin.py:109} INFO - [2023-04-05 11:25:40,489] {dagbag.py:500} INFO - Filling up the DagBag from /home/airflow/.local/lib/python3.7/site-packages/airflow/example_dags/example_xcom.py
[2023-04-05 11:25:40,515] {processor.py:632} INFO - DAG(s) dict_keys(['example_xcom']) retrieved from /home/airflow/.local/lib/python3.7/site-packages/airflow/example_dags/example_xcom.py
[2023-04-05 11:25:40,761] {logging_mixin.py:109} INFO - [2023-04-05 11:25:40,761] {dag.py:2389} INFO - Sync 1 DAGs
[2023-04-05 11:25:40,770] {logging_mixin.py:109} INFO - [2023-04-05 11:25:40,770] {dag.py:2921} INFO - Setting next_dagrun for example_xcom to 2021-01-01T00:00:00+00:00
[2023-04-05 11:25:40,779] {processor.py:171} INFO - Processing /home/airflow/.local/lib/python3.7/site-packages/airflow/example_dags/example_xcom.py took 0.295 seconds
[2023-04-05 11:26:11,127] {processor.py:163} INFO - Started process (PID=520) to work on /home/airflow/.local/lib/python3.7/site-packages/airflow/example_dags/example_xcom.py
[2023-04-05 11:26:11,128] {processor.py:620} INFO - Processing file /home/airflow/.local/lib/python3.7/site-packages/airflow/example_dags/example_xcom.py for tasks to queue
[2023-04-05 11:26:11,129] {logging_mixin.py:109} INFO - [2023-04-05 11:26:11,129] {dagbag.py:500} INFO - Filling up the DagBag from /home/airflow/.local/lib/python3.7/site-packages/airflow/example_dags/example_xcom.py
[2023-04-05 11:26:11,159] {processor.py:632} INFO - DAG(s) dict_keys(['example_xcom']) retrieved from /home/airflow/.local/lib/python3.7/site-packages/airflow/example_dags/example_xcom.py
[2023-04-05 11:26:11,403] {logging_mixin.py:109} INFO - [2023-04-05 11:26:11,403] {dag.py:2389} INFO - Sync 1 DAGs
[2023-04-05 11:26:11,416] {logging_mixin.py:109} INFO - [2023-04-05 11:26:11,416] {dag.py:2921} INFO - Setting next_dagrun for example_xcom to 2021-01-01T00:00:00+00:00
[2023-04-05 11:26:11,427] {processor.py:171} INFO - Processing /home/airflow/.local/lib/python3.7/site-packages/airflow/example_dags/example_xcom.py took 0.303 seconds
[2023-04-05 11:26:42,376] {processor.py:163} INFO - Started process (PID=571) to work on /home/airflow/.local/lib/python3.7/site-packages/airflow/example_dags/example_xcom.py
[2023-04-05 11:26:42,383] {processor.py:620} INFO - Processing file /home/airflow/.local/lib/python3.7/site-packages/airflow/example_dags/example_xcom.py for tasks to queue
[2023-04-05 11:26:42,384] {logging_mixin.py:109} INFO - [2023-04-05 11:26:42,384] {dagbag.py:500} INFO - Filling up the DagBag from /home/airflow/.local/lib/python3.7/site-packages/airflow/example_dags/example_xcom.py
[2023-04-05 11:26:42,410] {processor.py:632} INFO - DAG(s) dict_keys(['example_xcom']) retrieved from /home/airflow/.local/lib/python3.7/site-packages/airflow/example_dags/example_xcom.py
[2023-04-05 11:26:42,697] {logging_mixin.py:109} INFO - [2023-04-05 11:26:42,697] {dag.py:2389} INFO - Sync 1 DAGs
[2023-04-05 11:26:42,710] {logging_mixin.py:109} INFO - [2023-04-05 11:26:42,710] {dag.py:2921} INFO - Setting next_dagrun for example_xcom to 2021-01-01T00:00:00+00:00
[2023-04-05 11:26:42,722] {processor.py:171} INFO - Processing /home/airflow/.local/lib/python3.7/site-packages/airflow/example_dags/example_xcom.py took 0.350 seconds
[2023-04-05 11:27:12,737] {processor.py:163} INFO - Started process (PID=631) to work on /home/airflow/.local/lib/python3.7/site-packages/airflow/example_dags/example_xcom.py
[2023-04-05 11:27:12,739] {processor.py:620} INFO - Processing file /home/airflow/.local/lib/python3.7/site-packages/airflow/example_dags/example_xcom.py for tasks to queue
[2023-04-05 11:27:12,739] {logging_mixin.py:109} INFO - [2023-04-05 11:27:12,739] {dagbag.py:500} INFO - Filling up the DagBag from /home/airflow/.local/lib/python3.7/site-packages/airflow/example_dags/example_xcom.py
[2023-04-05 11:27:12,768] {processor.py:632} INFO - DAG(s) dict_keys(['example_xcom']) retrieved from /home/airflow/.local/lib/python3.7/site-packages/airflow/example_dags/example_xcom.py
[2023-04-05 11:27:13,040] {logging_mixin.py:109} INFO - [2023-04-05 11:27:13,040] {dag.py:2389} INFO - Sync 1 DAGs
[2023-04-05 11:27:13,052] {logging_mixin.py:109} INFO - [2023-04-05 11:27:13,052] {dag.py:2921} INFO - Setting next_dagrun for example_xcom to 2021-01-01T00:00:00+00:00
[2023-04-05 11:27:13,063] {processor.py:171} INFO - Processing /home/airflow/.local/lib/python3.7/site-packages/airflow/example_dags/example_xcom.py took 0.329 seconds
[2023-04-05 11:27:43,368] {processor.py:163} INFO - Started process (PID=682) to work on /home/airflow/.local/lib/python3.7/site-packages/airflow/example_dags/example_xcom.py
[2023-04-05 11:27:43,376] {processor.py:620} INFO - Processing file /home/airflow/.local/lib/python3.7/site-packages/airflow/example_dags/example_xcom.py for tasks to queue
[2023-04-05 11:27:43,376] {logging_mixin.py:109} INFO - [2023-04-05 11:27:43,376] {dagbag.py:500} INFO - Filling up the DagBag from /home/airflow/.local/lib/python3.7/site-packages/airflow/example_dags/example_xcom.py
[2023-04-05 11:27:43,397] {processor.py:632} INFO - DAG(s) dict_keys(['example_xcom']) retrieved from /home/airflow/.local/lib/python3.7/site-packages/airflow/example_dags/example_xcom.py
[2023-04-05 11:27:43,609] {logging_mixin.py:109} INFO - [2023-04-05 11:27:43,609] {dag.py:2389} INFO - Sync 1 DAGs
[2023-04-05 11:27:43,621] {logging_mixin.py:109} INFO - [2023-04-05 11:27:43,621] {dag.py:2921} INFO - Setting next_dagrun for example_xcom to 2021-01-01T00:00:00+00:00
[2023-04-05 11:27:43,631] {processor.py:171} INFO - Processing /home/airflow/.local/lib/python3.7/site-packages/airflow/example_dags/example_xcom.py took 0.266 seconds
