[2023-04-05 11:16:31,245] {processor.py:163} INFO - Started process (PID=41) to work on /home/airflow/.local/lib/python3.7/site-packages/airflow/example_dags/example_short_circuit_operator.py
[2023-04-05 11:16:31,246] {processor.py:620} INFO - Processing file /home/airflow/.local/lib/python3.7/site-packages/airflow/example_dags/example_short_circuit_operator.py for tasks to queue
[2023-04-05 11:16:31,247] {logging_mixin.py:109} INFO - [2023-04-05 11:16:31,247] {dagbag.py:500} INFO - Filling up the DagBag from /home/airflow/.local/lib/python3.7/site-packages/airflow/example_dags/example_short_circuit_operator.py
[2023-04-05 11:16:31,298] {processor.py:632} INFO - DAG(s) dict_keys(['example_short_circuit_operator']) retrieved from /home/airflow/.local/lib/python3.7/site-packages/airflow/example_dags/example_short_circuit_operator.py
[2023-04-05 11:16:36,888] {logging_mixin.py:109} INFO - [2023-04-05 11:16:36,888] {providers_manager.py:156} WARNING - Exception when importing 'airflow.providers.google.leveldb.hooks.leveldb.LevelDBHook' from 'apache-airflow-providers-google' package: No module named 'plyvel'
[2023-04-05 11:16:38,838] {logging_mixin.py:109} INFO - [2023-04-05 11:16:38,838] {providers_manager.py:156} WARNING - Exception when importing 'airflow.providers.google.leveldb.hooks.leveldb.LevelDBHook' from 'apache-airflow-providers-google' package: No module named 'plyvel'
[2023-04-05 11:16:38,865] {logging_mixin.py:109} INFO - [2023-04-05 11:16:38,865] {manager.py:496} INFO - Created Permission View: can read on DAG:example_short_circuit_operator
[2023-04-05 11:16:38,877] {logging_mixin.py:109} INFO - [2023-04-05 11:16:38,877] {manager.py:496} INFO - Created Permission View: can edit on DAG:example_short_circuit_operator
[2023-04-05 11:16:38,878] {logging_mixin.py:109} INFO - [2023-04-05 11:16:38,877] {dag.py:2389} INFO - Sync 1 DAGs
[2023-04-05 11:16:38,889] {logging_mixin.py:109} INFO - [2023-04-05 11:16:38,889] {dag.py:2408} INFO - Creating ORM DAG for example_short_circuit_operator
[2023-04-05 11:16:38,901] {logging_mixin.py:109} INFO - [2023-04-05 11:16:38,901] {dag.py:2921} INFO - Setting next_dagrun for example_short_circuit_operator to 2023-04-04T11:16:38.901485+00:00
[2023-04-05 11:16:38,932] {processor.py:171} INFO - Processing /home/airflow/.local/lib/python3.7/site-packages/airflow/example_dags/example_short_circuit_operator.py took 7.691 seconds
[2023-04-05 11:17:21,117] {processor.py:163} INFO - Started process (PID=349) to work on /home/airflow/.local/lib/python3.7/site-packages/airflow/example_dags/example_short_circuit_operator.py
[2023-04-05 11:17:21,118] {processor.py:620} INFO - Processing file /home/airflow/.local/lib/python3.7/site-packages/airflow/example_dags/example_short_circuit_operator.py for tasks to queue
[2023-04-05 11:17:21,119] {logging_mixin.py:109} INFO - [2023-04-05 11:17:21,119] {dagbag.py:500} INFO - Filling up the DagBag from /home/airflow/.local/lib/python3.7/site-packages/airflow/example_dags/example_short_circuit_operator.py
[2023-04-05 11:17:21,160] {processor.py:632} INFO - DAG(s) dict_keys(['example_short_circuit_operator']) retrieved from /home/airflow/.local/lib/python3.7/site-packages/airflow/example_dags/example_short_circuit_operator.py
[2023-04-05 11:17:21,182] {logging_mixin.py:109} INFO - [2023-04-05 11:17:21,182] {dag.py:2389} INFO - Sync 1 DAGs
[2023-04-05 11:17:21,217] {logging_mixin.py:109} INFO - [2023-04-05 11:17:21,216] {dag.py:2921} INFO - Setting next_dagrun for example_short_circuit_operator to 2023-04-04T11:17:21.216307+00:00
[2023-04-05 11:17:21,236] {processor.py:171} INFO - Processing /home/airflow/.local/lib/python3.7/site-packages/airflow/example_dags/example_short_circuit_operator.py took 0.124 seconds
[2023-04-05 11:17:51,684] {processor.py:163} INFO - Started process (PID=404) to work on /home/airflow/.local/lib/python3.7/site-packages/airflow/example_dags/example_short_circuit_operator.py
[2023-04-05 11:17:51,685] {processor.py:620} INFO - Processing file /home/airflow/.local/lib/python3.7/site-packages/airflow/example_dags/example_short_circuit_operator.py for tasks to queue
[2023-04-05 11:17:51,686] {logging_mixin.py:109} INFO - [2023-04-05 11:17:51,686] {dagbag.py:500} INFO - Filling up the DagBag from /home/airflow/.local/lib/python3.7/site-packages/airflow/example_dags/example_short_circuit_operator.py
[2023-04-05 11:17:51,725] {processor.py:632} INFO - DAG(s) dict_keys(['example_short_circuit_operator']) retrieved from /home/airflow/.local/lib/python3.7/site-packages/airflow/example_dags/example_short_circuit_operator.py
[2023-04-05 11:17:51,740] {logging_mixin.py:109} INFO - [2023-04-05 11:17:51,740] {dag.py:2389} INFO - Sync 1 DAGs
[2023-04-05 11:17:51,758] {logging_mixin.py:109} INFO - [2023-04-05 11:17:51,758] {dag.py:2921} INFO - Setting next_dagrun for example_short_circuit_operator to 2023-04-04T11:17:51.757783+00:00
[2023-04-05 11:17:51,770] {processor.py:171} INFO - Processing /home/airflow/.local/lib/python3.7/site-packages/airflow/example_dags/example_short_circuit_operator.py took 0.088 seconds
[2023-04-05 11:18:21,980] {processor.py:163} INFO - Started process (PID=455) to work on /home/airflow/.local/lib/python3.7/site-packages/airflow/example_dags/example_short_circuit_operator.py
[2023-04-05 11:18:21,981] {processor.py:620} INFO - Processing file /home/airflow/.local/lib/python3.7/site-packages/airflow/example_dags/example_short_circuit_operator.py for tasks to queue
[2023-04-05 11:18:21,981] {logging_mixin.py:109} INFO - [2023-04-05 11:18:21,981] {dagbag.py:500} INFO - Filling up the DagBag from /home/airflow/.local/lib/python3.7/site-packages/airflow/example_dags/example_short_circuit_operator.py
[2023-04-05 11:18:22,004] {processor.py:632} INFO - DAG(s) dict_keys(['example_short_circuit_operator']) retrieved from /home/airflow/.local/lib/python3.7/site-packages/airflow/example_dags/example_short_circuit_operator.py
[2023-04-05 11:18:22,014] {logging_mixin.py:109} INFO - [2023-04-05 11:18:22,013] {dag.py:2389} INFO - Sync 1 DAGs
[2023-04-05 11:18:22,028] {logging_mixin.py:109} INFO - [2023-04-05 11:18:22,028] {dag.py:2921} INFO - Setting next_dagrun for example_short_circuit_operator to 2023-04-04T11:18:22.027805+00:00
[2023-04-05 11:18:22,041] {processor.py:171} INFO - Processing /home/airflow/.local/lib/python3.7/site-packages/airflow/example_dags/example_short_circuit_operator.py took 0.063 seconds
[2023-04-05 11:18:52,110] {processor.py:163} INFO - Started process (PID=515) to work on /home/airflow/.local/lib/python3.7/site-packages/airflow/example_dags/example_short_circuit_operator.py
[2023-04-05 11:18:52,114] {processor.py:620} INFO - Processing file /home/airflow/.local/lib/python3.7/site-packages/airflow/example_dags/example_short_circuit_operator.py for tasks to queue
[2023-04-05 11:18:52,117] {logging_mixin.py:109} INFO - [2023-04-05 11:18:52,117] {dagbag.py:500} INFO - Filling up the DagBag from /home/airflow/.local/lib/python3.7/site-packages/airflow/example_dags/example_short_circuit_operator.py
[2023-04-05 11:18:52,156] {processor.py:632} INFO - DAG(s) dict_keys(['example_short_circuit_operator']) retrieved from /home/airflow/.local/lib/python3.7/site-packages/airflow/example_dags/example_short_circuit_operator.py
[2023-04-05 11:18:52,171] {logging_mixin.py:109} INFO - [2023-04-05 11:18:52,171] {dag.py:2389} INFO - Sync 1 DAGs
[2023-04-05 11:18:52,194] {logging_mixin.py:109} INFO - [2023-04-05 11:18:52,194] {dag.py:2921} INFO - Setting next_dagrun for example_short_circuit_operator to 2023-04-04T11:18:52.194085+00:00
[2023-04-05 11:18:52,210] {processor.py:171} INFO - Processing /home/airflow/.local/lib/python3.7/site-packages/airflow/example_dags/example_short_circuit_operator.py took 0.105 seconds
[2023-04-05 11:19:22,323] {processor.py:163} INFO - Started process (PID=566) to work on /home/airflow/.local/lib/python3.7/site-packages/airflow/example_dags/example_short_circuit_operator.py
[2023-04-05 11:19:22,325] {processor.py:620} INFO - Processing file /home/airflow/.local/lib/python3.7/site-packages/airflow/example_dags/example_short_circuit_operator.py for tasks to queue
[2023-04-05 11:19:22,325] {logging_mixin.py:109} INFO - [2023-04-05 11:19:22,325] {dagbag.py:500} INFO - Filling up the DagBag from /home/airflow/.local/lib/python3.7/site-packages/airflow/example_dags/example_short_circuit_operator.py
[2023-04-05 11:19:22,349] {processor.py:632} INFO - DAG(s) dict_keys(['example_short_circuit_operator']) retrieved from /home/airflow/.local/lib/python3.7/site-packages/airflow/example_dags/example_short_circuit_operator.py
[2023-04-05 11:19:22,358] {logging_mixin.py:109} INFO - [2023-04-05 11:19:22,358] {dag.py:2389} INFO - Sync 1 DAGs
[2023-04-05 11:19:22,371] {logging_mixin.py:109} INFO - [2023-04-05 11:19:22,371] {dag.py:2921} INFO - Setting next_dagrun for example_short_circuit_operator to 2023-04-04T11:19:22.371256+00:00
[2023-04-05 11:19:22,379] {processor.py:171} INFO - Processing /home/airflow/.local/lib/python3.7/site-packages/airflow/example_dags/example_short_circuit_operator.py took 0.059 seconds
[2023-04-05 11:19:52,494] {processor.py:163} INFO - Started process (PID=617) to work on /home/airflow/.local/lib/python3.7/site-packages/airflow/example_dags/example_short_circuit_operator.py
[2023-04-05 11:19:52,495] {processor.py:620} INFO - Processing file /home/airflow/.local/lib/python3.7/site-packages/airflow/example_dags/example_short_circuit_operator.py for tasks to queue
[2023-04-05 11:19:52,495] {logging_mixin.py:109} INFO - [2023-04-05 11:19:52,495] {dagbag.py:500} INFO - Filling up the DagBag from /home/airflow/.local/lib/python3.7/site-packages/airflow/example_dags/example_short_circuit_operator.py
[2023-04-05 11:19:52,514] {processor.py:632} INFO - DAG(s) dict_keys(['example_short_circuit_operator']) retrieved from /home/airflow/.local/lib/python3.7/site-packages/airflow/example_dags/example_short_circuit_operator.py
[2023-04-05 11:19:52,521] {logging_mixin.py:109} INFO - [2023-04-05 11:19:52,521] {dag.py:2389} INFO - Sync 1 DAGs
[2023-04-05 11:19:52,531] {logging_mixin.py:109} INFO - [2023-04-05 11:19:52,531] {dag.py:2921} INFO - Setting next_dagrun for example_short_circuit_operator to 2023-04-04T11:19:52.531261+00:00
[2023-04-05 11:19:52,540] {processor.py:171} INFO - Processing /home/airflow/.local/lib/python3.7/site-packages/airflow/example_dags/example_short_circuit_operator.py took 0.048 seconds
[2023-04-05 11:20:22,598] {processor.py:163} INFO - Started process (PID=677) to work on /home/airflow/.local/lib/python3.7/site-packages/airflow/example_dags/example_short_circuit_operator.py
[2023-04-05 11:20:22,602] {processor.py:620} INFO - Processing file /home/airflow/.local/lib/python3.7/site-packages/airflow/example_dags/example_short_circuit_operator.py for tasks to queue
[2023-04-05 11:20:22,602] {logging_mixin.py:109} INFO - [2023-04-05 11:20:22,602] {dagbag.py:500} INFO - Filling up the DagBag from /home/airflow/.local/lib/python3.7/site-packages/airflow/example_dags/example_short_circuit_operator.py
[2023-04-05 11:20:22,625] {processor.py:632} INFO - DAG(s) dict_keys(['example_short_circuit_operator']) retrieved from /home/airflow/.local/lib/python3.7/site-packages/airflow/example_dags/example_short_circuit_operator.py
[2023-04-05 11:20:22,633] {logging_mixin.py:109} INFO - [2023-04-05 11:20:22,633] {dag.py:2389} INFO - Sync 1 DAGs
[2023-04-05 11:20:22,647] {logging_mixin.py:109} INFO - [2023-04-05 11:20:22,646] {dag.py:2921} INFO - Setting next_dagrun for example_short_circuit_operator to 2023-04-04T11:20:22.646597+00:00
[2023-04-05 11:20:22,657] {processor.py:171} INFO - Processing /home/airflow/.local/lib/python3.7/site-packages/airflow/example_dags/example_short_circuit_operator.py took 0.061 seconds
[2023-04-05 11:23:44,123] {processor.py:163} INFO - Started process (PID=40) to work on /home/airflow/.local/lib/python3.7/site-packages/airflow/example_dags/example_short_circuit_operator.py
[2023-04-05 11:23:44,125] {processor.py:620} INFO - Processing file /home/airflow/.local/lib/python3.7/site-packages/airflow/example_dags/example_short_circuit_operator.py for tasks to queue
[2023-04-05 11:23:44,126] {logging_mixin.py:109} INFO - [2023-04-05 11:23:44,126] {dagbag.py:500} INFO - Filling up the DagBag from /home/airflow/.local/lib/python3.7/site-packages/airflow/example_dags/example_short_circuit_operator.py
[2023-04-05 11:23:44,181] {processor.py:632} INFO - DAG(s) dict_keys(['example_short_circuit_operator']) retrieved from /home/airflow/.local/lib/python3.7/site-packages/airflow/example_dags/example_short_circuit_operator.py
[2023-04-05 11:23:49,610] {logging_mixin.py:109} INFO - [2023-04-05 11:23:49,610] {providers_manager.py:156} WARNING - Exception when importing 'airflow.providers.google.leveldb.hooks.leveldb.LevelDBHook' from 'apache-airflow-providers-google' package: No module named 'plyvel'
[2023-04-05 11:23:51,582] {logging_mixin.py:109} INFO - [2023-04-05 11:23:51,581] {providers_manager.py:156} WARNING - Exception when importing 'airflow.providers.google.leveldb.hooks.leveldb.LevelDBHook' from 'apache-airflow-providers-google' package: No module named 'plyvel'
[2023-04-05 11:23:51,610] {logging_mixin.py:109} INFO - [2023-04-05 11:23:51,609] {manager.py:496} INFO - Created Permission View: can edit on DAG:example_short_circuit_operator
[2023-04-05 11:23:51,620] {logging_mixin.py:109} INFO - [2023-04-05 11:23:51,620] {manager.py:496} INFO - Created Permission View: can read on DAG:example_short_circuit_operator
[2023-04-05 11:23:51,620] {logging_mixin.py:109} INFO - [2023-04-05 11:23:51,620] {dag.py:2389} INFO - Sync 1 DAGs
[2023-04-05 11:23:51,627] {logging_mixin.py:109} INFO - [2023-04-05 11:23:51,627] {dag.py:2408} INFO - Creating ORM DAG for example_short_circuit_operator
[2023-04-05 11:23:51,637] {logging_mixin.py:109} INFO - [2023-04-05 11:23:51,637] {dag.py:2921} INFO - Setting next_dagrun for example_short_circuit_operator to 2023-04-04T11:23:51.637243+00:00
[2023-04-05 11:23:51,652] {processor.py:171} INFO - Processing /home/airflow/.local/lib/python3.7/site-packages/airflow/example_dags/example_short_circuit_operator.py took 7.534 seconds
[2023-04-05 11:24:38,823] {processor.py:163} INFO - Started process (PID=350) to work on /home/airflow/.local/lib/python3.7/site-packages/airflow/example_dags/example_short_circuit_operator.py
[2023-04-05 11:24:38,826] {processor.py:620} INFO - Processing file /home/airflow/.local/lib/python3.7/site-packages/airflow/example_dags/example_short_circuit_operator.py for tasks to queue
[2023-04-05 11:24:38,827] {logging_mixin.py:109} INFO - [2023-04-05 11:24:38,827] {dagbag.py:500} INFO - Filling up the DagBag from /home/airflow/.local/lib/python3.7/site-packages/airflow/example_dags/example_short_circuit_operator.py
[2023-04-05 11:24:38,889] {processor.py:632} INFO - DAG(s) dict_keys(['example_short_circuit_operator']) retrieved from /home/airflow/.local/lib/python3.7/site-packages/airflow/example_dags/example_short_circuit_operator.py
[2023-04-05 11:24:38,910] {logging_mixin.py:109} INFO - [2023-04-05 11:24:38,910] {dag.py:2389} INFO - Sync 1 DAGs
[2023-04-05 11:24:38,950] {logging_mixin.py:109} INFO - [2023-04-05 11:24:38,950] {dag.py:2921} INFO - Setting next_dagrun for example_short_circuit_operator to 2023-04-04T11:24:38.949876+00:00
[2023-04-05 11:24:38,966] {processor.py:171} INFO - Processing /home/airflow/.local/lib/python3.7/site-packages/airflow/example_dags/example_short_circuit_operator.py took 0.148 seconds
[2023-04-05 11:25:09,797] {processor.py:163} INFO - Started process (PID=408) to work on /home/airflow/.local/lib/python3.7/site-packages/airflow/example_dags/example_short_circuit_operator.py
[2023-04-05 11:25:09,798] {processor.py:620} INFO - Processing file /home/airflow/.local/lib/python3.7/site-packages/airflow/example_dags/example_short_circuit_operator.py for tasks to queue
[2023-04-05 11:25:09,799] {logging_mixin.py:109} INFO - [2023-04-05 11:25:09,799] {dagbag.py:500} INFO - Filling up the DagBag from /home/airflow/.local/lib/python3.7/site-packages/airflow/example_dags/example_short_circuit_operator.py
[2023-04-05 11:25:09,825] {processor.py:632} INFO - DAG(s) dict_keys(['example_short_circuit_operator']) retrieved from /home/airflow/.local/lib/python3.7/site-packages/airflow/example_dags/example_short_circuit_operator.py
[2023-04-05 11:25:09,837] {logging_mixin.py:109} INFO - [2023-04-05 11:25:09,837] {dag.py:2389} INFO - Sync 1 DAGs
[2023-04-05 11:25:09,856] {logging_mixin.py:109} INFO - [2023-04-05 11:25:09,856] {dag.py:2921} INFO - Setting next_dagrun for example_short_circuit_operator to 2023-04-04T11:25:09.856123+00:00
[2023-04-05 11:25:09,870] {processor.py:171} INFO - Processing /home/airflow/.local/lib/python3.7/site-packages/airflow/example_dags/example_short_circuit_operator.py took 0.077 seconds
[2023-04-05 11:25:40,416] {processor.py:163} INFO - Started process (PID=459) to work on /home/airflow/.local/lib/python3.7/site-packages/airflow/example_dags/example_short_circuit_operator.py
[2023-04-05 11:25:40,417] {processor.py:620} INFO - Processing file /home/airflow/.local/lib/python3.7/site-packages/airflow/example_dags/example_short_circuit_operator.py for tasks to queue
[2023-04-05 11:25:40,417] {logging_mixin.py:109} INFO - [2023-04-05 11:25:40,417] {dagbag.py:500} INFO - Filling up the DagBag from /home/airflow/.local/lib/python3.7/site-packages/airflow/example_dags/example_short_circuit_operator.py
[2023-04-05 11:25:40,440] {processor.py:632} INFO - DAG(s) dict_keys(['example_short_circuit_operator']) retrieved from /home/airflow/.local/lib/python3.7/site-packages/airflow/example_dags/example_short_circuit_operator.py
[2023-04-05 11:25:40,450] {logging_mixin.py:109} INFO - [2023-04-05 11:25:40,450] {dag.py:2389} INFO - Sync 1 DAGs
[2023-04-05 11:25:40,466] {logging_mixin.py:109} INFO - [2023-04-05 11:25:40,466] {dag.py:2921} INFO - Setting next_dagrun for example_short_circuit_operator to 2023-04-04T11:25:40.465797+00:00
[2023-04-05 11:25:40,475] {processor.py:171} INFO - Processing /home/airflow/.local/lib/python3.7/site-packages/airflow/example_dags/example_short_circuit_operator.py took 0.061 seconds
[2023-04-05 11:26:11,053] {processor.py:163} INFO - Started process (PID=519) to work on /home/airflow/.local/lib/python3.7/site-packages/airflow/example_dags/example_short_circuit_operator.py
[2023-04-05 11:26:11,054] {processor.py:620} INFO - Processing file /home/airflow/.local/lib/python3.7/site-packages/airflow/example_dags/example_short_circuit_operator.py for tasks to queue
[2023-04-05 11:26:11,055] {logging_mixin.py:109} INFO - [2023-04-05 11:26:11,055] {dagbag.py:500} INFO - Filling up the DagBag from /home/airflow/.local/lib/python3.7/site-packages/airflow/example_dags/example_short_circuit_operator.py
[2023-04-05 11:26:11,078] {processor.py:632} INFO - DAG(s) dict_keys(['example_short_circuit_operator']) retrieved from /home/airflow/.local/lib/python3.7/site-packages/airflow/example_dags/example_short_circuit_operator.py
[2023-04-05 11:26:11,088] {logging_mixin.py:109} INFO - [2023-04-05 11:26:11,088] {dag.py:2389} INFO - Sync 1 DAGs
[2023-04-05 11:26:11,103] {logging_mixin.py:109} INFO - [2023-04-05 11:26:11,103] {dag.py:2921} INFO - Setting next_dagrun for example_short_circuit_operator to 2023-04-04T11:26:11.103572+00:00
[2023-04-05 11:26:11,113] {processor.py:171} INFO - Processing /home/airflow/.local/lib/python3.7/site-packages/airflow/example_dags/example_short_circuit_operator.py took 0.062 seconds
[2023-04-05 11:26:41,295] {processor.py:163} INFO - Started process (PID=570) to work on /home/airflow/.local/lib/python3.7/site-packages/airflow/example_dags/example_short_circuit_operator.py
[2023-04-05 11:26:41,296] {processor.py:620} INFO - Processing file /home/airflow/.local/lib/python3.7/site-packages/airflow/example_dags/example_short_circuit_operator.py for tasks to queue
[2023-04-05 11:26:41,296] {logging_mixin.py:109} INFO - [2023-04-05 11:26:41,296] {dagbag.py:500} INFO - Filling up the DagBag from /home/airflow/.local/lib/python3.7/site-packages/airflow/example_dags/example_short_circuit_operator.py
[2023-04-05 11:26:41,322] {processor.py:632} INFO - DAG(s) dict_keys(['example_short_circuit_operator']) retrieved from /home/airflow/.local/lib/python3.7/site-packages/airflow/example_dags/example_short_circuit_operator.py
[2023-04-05 11:26:41,332] {logging_mixin.py:109} INFO - [2023-04-05 11:26:41,332] {dag.py:2389} INFO - Sync 1 DAGs
[2023-04-05 11:26:41,348] {logging_mixin.py:109} INFO - [2023-04-05 11:26:41,348] {dag.py:2921} INFO - Setting next_dagrun for example_short_circuit_operator to 2023-04-04T11:26:41.348444+00:00
[2023-04-05 11:26:41,358] {processor.py:171} INFO - Processing /home/airflow/.local/lib/python3.7/site-packages/airflow/example_dags/example_short_circuit_operator.py took 0.066 seconds
[2023-04-05 11:27:11,729] {processor.py:163} INFO - Started process (PID=628) to work on /home/airflow/.local/lib/python3.7/site-packages/airflow/example_dags/example_short_circuit_operator.py
[2023-04-05 11:27:11,730] {processor.py:620} INFO - Processing file /home/airflow/.local/lib/python3.7/site-packages/airflow/example_dags/example_short_circuit_operator.py for tasks to queue
[2023-04-05 11:27:11,731] {logging_mixin.py:109} INFO - [2023-04-05 11:27:11,731] {dagbag.py:500} INFO - Filling up the DagBag from /home/airflow/.local/lib/python3.7/site-packages/airflow/example_dags/example_short_circuit_operator.py
[2023-04-05 11:27:11,763] {processor.py:632} INFO - DAG(s) dict_keys(['example_short_circuit_operator']) retrieved from /home/airflow/.local/lib/python3.7/site-packages/airflow/example_dags/example_short_circuit_operator.py
[2023-04-05 11:27:11,775] {logging_mixin.py:109} INFO - [2023-04-05 11:27:11,775] {dag.py:2389} INFO - Sync 1 DAGs
[2023-04-05 11:27:11,794] {logging_mixin.py:109} INFO - [2023-04-05 11:27:11,794] {dag.py:2921} INFO - Setting next_dagrun for example_short_circuit_operator to 2023-04-04T11:27:11.794212+00:00
[2023-04-05 11:27:11,806] {processor.py:171} INFO - Processing /home/airflow/.local/lib/python3.7/site-packages/airflow/example_dags/example_short_circuit_operator.py took 0.080 seconds
[2023-04-05 11:27:42,296] {processor.py:163} INFO - Started process (PID=681) to work on /home/airflow/.local/lib/python3.7/site-packages/airflow/example_dags/example_short_circuit_operator.py
[2023-04-05 11:27:42,297] {processor.py:620} INFO - Processing file /home/airflow/.local/lib/python3.7/site-packages/airflow/example_dags/example_short_circuit_operator.py for tasks to queue
[2023-04-05 11:27:42,298] {logging_mixin.py:109} INFO - [2023-04-05 11:27:42,298] {dagbag.py:500} INFO - Filling up the DagBag from /home/airflow/.local/lib/python3.7/site-packages/airflow/example_dags/example_short_circuit_operator.py
[2023-04-05 11:27:42,319] {processor.py:632} INFO - DAG(s) dict_keys(['example_short_circuit_operator']) retrieved from /home/airflow/.local/lib/python3.7/site-packages/airflow/example_dags/example_short_circuit_operator.py
[2023-04-05 11:27:42,328] {logging_mixin.py:109} INFO - [2023-04-05 11:27:42,328] {dag.py:2389} INFO - Sync 1 DAGs
[2023-04-05 11:27:42,342] {logging_mixin.py:109} INFO - [2023-04-05 11:27:42,342] {dag.py:2921} INFO - Setting next_dagrun for example_short_circuit_operator to 2023-04-04T11:27:42.342577+00:00
[2023-04-05 11:27:42,352] {processor.py:171} INFO - Processing /home/airflow/.local/lib/python3.7/site-packages/airflow/example_dags/example_short_circuit_operator.py took 0.058 seconds
