[2023-04-05 11:16:47,057] {processor.py:163} INFO - Started process (PID=103) to work on /home/airflow/.local/lib/python3.7/site-packages/airflow/example_dags/example_task_group.py
[2023-04-05 11:16:47,059] {processor.py:620} INFO - Processing file /home/airflow/.local/lib/python3.7/site-packages/airflow/example_dags/example_task_group.py for tasks to queue
[2023-04-05 11:16:47,059] {logging_mixin.py:109} INFO - [2023-04-05 11:16:47,059] {dagbag.py:500} INFO - Filling up the DagBag from /home/airflow/.local/lib/python3.7/site-packages/airflow/example_dags/example_task_group.py
[2023-04-05 11:16:47,093] {processor.py:632} INFO - DAG(s) dict_keys(['example_task_group']) retrieved from /home/airflow/.local/lib/python3.7/site-packages/airflow/example_dags/example_task_group.py
[2023-04-05 11:16:49,639] {logging_mixin.py:109} INFO - [2023-04-05 11:16:49,638] {providers_manager.py:156} WARNING - Exception when importing 'airflow.providers.google.leveldb.hooks.leveldb.LevelDBHook' from 'apache-airflow-providers-google' package: No module named 'plyvel'
[2023-04-05 11:16:50,079] {logging_mixin.py:109} INFO - [2023-04-05 11:16:50,079] {providers_manager.py:156} WARNING - Exception when importing 'airflow.providers.google.leveldb.hooks.leveldb.LevelDBHook' from 'apache-airflow-providers-google' package: No module named 'plyvel'
[2023-04-05 11:16:50,104] {logging_mixin.py:109} INFO - [2023-04-05 11:16:50,104] {manager.py:496} INFO - Created Permission View: can read on DAG:example_task_group
[2023-04-05 11:16:50,113] {logging_mixin.py:109} INFO - [2023-04-05 11:16:50,113] {manager.py:496} INFO - Created Permission View: can edit on DAG:example_task_group
[2023-04-05 11:16:50,113] {logging_mixin.py:109} INFO - [2023-04-05 11:16:50,113] {dag.py:2389} INFO - Sync 1 DAGs
[2023-04-05 11:16:50,120] {logging_mixin.py:109} INFO - [2023-04-05 11:16:50,120] {dag.py:2408} INFO - Creating ORM DAG for example_task_group
[2023-04-05 11:16:50,129] {logging_mixin.py:109} INFO - [2023-04-05 11:16:50,129] {dag.py:2921} INFO - Setting next_dagrun for example_task_group to 2023-04-04T11:16:50.129033+00:00
[2023-04-05 11:16:50,141] {processor.py:171} INFO - Processing /home/airflow/.local/lib/python3.7/site-packages/airflow/example_dags/example_task_group.py took 3.087 seconds
[2023-04-05 11:17:22,641] {processor.py:163} INFO - Started process (PID=361) to work on /home/airflow/.local/lib/python3.7/site-packages/airflow/example_dags/example_task_group.py
[2023-04-05 11:17:22,643] {processor.py:620} INFO - Processing file /home/airflow/.local/lib/python3.7/site-packages/airflow/example_dags/example_task_group.py for tasks to queue
[2023-04-05 11:17:22,644] {logging_mixin.py:109} INFO - [2023-04-05 11:17:22,644] {dagbag.py:500} INFO - Filling up the DagBag from /home/airflow/.local/lib/python3.7/site-packages/airflow/example_dags/example_task_group.py
[2023-04-05 11:17:22,686] {processor.py:632} INFO - DAG(s) dict_keys(['example_task_group']) retrieved from /home/airflow/.local/lib/python3.7/site-packages/airflow/example_dags/example_task_group.py
[2023-04-05 11:17:22,704] {logging_mixin.py:109} INFO - [2023-04-05 11:17:22,703] {dag.py:2389} INFO - Sync 1 DAGs
[2023-04-05 11:17:22,728] {logging_mixin.py:109} INFO - [2023-04-05 11:17:22,727] {dag.py:2921} INFO - Setting next_dagrun for example_task_group to 2023-04-04T11:17:22.727269+00:00
[2023-04-05 11:17:22,741] {processor.py:171} INFO - Processing /home/airflow/.local/lib/python3.7/site-packages/airflow/example_dags/example_task_group.py took 0.104 seconds
[2023-04-05 11:17:53,165] {processor.py:163} INFO - Started process (PID=413) to work on /home/airflow/.local/lib/python3.7/site-packages/airflow/example_dags/example_task_group.py
[2023-04-05 11:17:53,166] {processor.py:620} INFO - Processing file /home/airflow/.local/lib/python3.7/site-packages/airflow/example_dags/example_task_group.py for tasks to queue
[2023-04-05 11:17:53,166] {logging_mixin.py:109} INFO - [2023-04-05 11:17:53,166] {dagbag.py:500} INFO - Filling up the DagBag from /home/airflow/.local/lib/python3.7/site-packages/airflow/example_dags/example_task_group.py
[2023-04-05 11:17:53,203] {processor.py:632} INFO - DAG(s) dict_keys(['example_task_group']) retrieved from /home/airflow/.local/lib/python3.7/site-packages/airflow/example_dags/example_task_group.py
[2023-04-05 11:17:53,215] {logging_mixin.py:109} INFO - [2023-04-05 11:17:53,215] {dag.py:2389} INFO - Sync 1 DAGs
[2023-04-05 11:17:53,232] {logging_mixin.py:109} INFO - [2023-04-05 11:17:53,232] {dag.py:2921} INFO - Setting next_dagrun for example_task_group to 2023-04-04T11:17:53.231927+00:00
[2023-04-05 11:17:53,241] {processor.py:171} INFO - Processing /home/airflow/.local/lib/python3.7/site-packages/airflow/example_dags/example_task_group.py took 0.079 seconds
[2023-04-05 11:18:23,377] {processor.py:163} INFO - Started process (PID=463) to work on /home/airflow/.local/lib/python3.7/site-packages/airflow/example_dags/example_task_group.py
[2023-04-05 11:18:23,378] {processor.py:620} INFO - Processing file /home/airflow/.local/lib/python3.7/site-packages/airflow/example_dags/example_task_group.py for tasks to queue
[2023-04-05 11:18:23,379] {logging_mixin.py:109} INFO - [2023-04-05 11:18:23,378] {dagbag.py:500} INFO - Filling up the DagBag from /home/airflow/.local/lib/python3.7/site-packages/airflow/example_dags/example_task_group.py
[2023-04-05 11:18:23,406] {processor.py:632} INFO - DAG(s) dict_keys(['example_task_group']) retrieved from /home/airflow/.local/lib/python3.7/site-packages/airflow/example_dags/example_task_group.py
[2023-04-05 11:18:23,417] {logging_mixin.py:109} INFO - [2023-04-05 11:18:23,417] {dag.py:2389} INFO - Sync 1 DAGs
[2023-04-05 11:18:23,431] {logging_mixin.py:109} INFO - [2023-04-05 11:18:23,431] {dag.py:2921} INFO - Setting next_dagrun for example_task_group to 2023-04-04T11:18:23.430911+00:00
[2023-04-05 11:18:23,440] {processor.py:171} INFO - Processing /home/airflow/.local/lib/python3.7/site-packages/airflow/example_dags/example_task_group.py took 0.066 seconds
[2023-04-05 11:18:53,535] {processor.py:163} INFO - Started process (PID=523) to work on /home/airflow/.local/lib/python3.7/site-packages/airflow/example_dags/example_task_group.py
[2023-04-05 11:18:53,536] {processor.py:620} INFO - Processing file /home/airflow/.local/lib/python3.7/site-packages/airflow/example_dags/example_task_group.py for tasks to queue
[2023-04-05 11:18:53,536] {logging_mixin.py:109} INFO - [2023-04-05 11:18:53,536] {dagbag.py:500} INFO - Filling up the DagBag from /home/airflow/.local/lib/python3.7/site-packages/airflow/example_dags/example_task_group.py
[2023-04-05 11:18:53,574] {processor.py:632} INFO - DAG(s) dict_keys(['example_task_group']) retrieved from /home/airflow/.local/lib/python3.7/site-packages/airflow/example_dags/example_task_group.py
[2023-04-05 11:18:53,588] {logging_mixin.py:109} INFO - [2023-04-05 11:18:53,588] {dag.py:2389} INFO - Sync 1 DAGs
[2023-04-05 11:18:53,609] {logging_mixin.py:109} INFO - [2023-04-05 11:18:53,608] {dag.py:2921} INFO - Setting next_dagrun for example_task_group to 2023-04-04T11:18:53.608329+00:00
[2023-04-05 11:18:53,621] {processor.py:171} INFO - Processing /home/airflow/.local/lib/python3.7/site-packages/airflow/example_dags/example_task_group.py took 0.090 seconds
[2023-04-05 11:19:23,659] {processor.py:163} INFO - Started process (PID=573) to work on /home/airflow/.local/lib/python3.7/site-packages/airflow/example_dags/example_task_group.py
[2023-04-05 11:19:23,660] {processor.py:620} INFO - Processing file /home/airflow/.local/lib/python3.7/site-packages/airflow/example_dags/example_task_group.py for tasks to queue
[2023-04-05 11:19:23,661] {logging_mixin.py:109} INFO - [2023-04-05 11:19:23,661] {dagbag.py:500} INFO - Filling up the DagBag from /home/airflow/.local/lib/python3.7/site-packages/airflow/example_dags/example_task_group.py
[2023-04-05 11:19:23,682] {processor.py:632} INFO - DAG(s) dict_keys(['example_task_group']) retrieved from /home/airflow/.local/lib/python3.7/site-packages/airflow/example_dags/example_task_group.py
[2023-04-05 11:19:23,690] {logging_mixin.py:109} INFO - [2023-04-05 11:19:23,690] {dag.py:2389} INFO - Sync 1 DAGs
[2023-04-05 11:19:23,702] {logging_mixin.py:109} INFO - [2023-04-05 11:19:23,702] {dag.py:2921} INFO - Setting next_dagrun for example_task_group to 2023-04-04T11:19:23.701839+00:00
[2023-04-05 11:19:23,710] {processor.py:171} INFO - Processing /home/airflow/.local/lib/python3.7/site-packages/airflow/example_dags/example_task_group.py took 0.054 seconds
[2023-04-05 11:19:53,820] {processor.py:163} INFO - Started process (PID=624) to work on /home/airflow/.local/lib/python3.7/site-packages/airflow/example_dags/example_task_group.py
[2023-04-05 11:19:53,821] {processor.py:620} INFO - Processing file /home/airflow/.local/lib/python3.7/site-packages/airflow/example_dags/example_task_group.py for tasks to queue
[2023-04-05 11:19:53,822] {logging_mixin.py:109} INFO - [2023-04-05 11:19:53,822] {dagbag.py:500} INFO - Filling up the DagBag from /home/airflow/.local/lib/python3.7/site-packages/airflow/example_dags/example_task_group.py
[2023-04-05 11:19:53,848] {processor.py:632} INFO - DAG(s) dict_keys(['example_task_group']) retrieved from /home/airflow/.local/lib/python3.7/site-packages/airflow/example_dags/example_task_group.py
[2023-04-05 11:19:53,856] {logging_mixin.py:109} INFO - [2023-04-05 11:19:53,855] {dag.py:2389} INFO - Sync 1 DAGs
[2023-04-05 11:19:53,866] {logging_mixin.py:109} INFO - [2023-04-05 11:19:53,865] {dag.py:2921} INFO - Setting next_dagrun for example_task_group to 2023-04-04T11:19:53.865759+00:00
[2023-04-05 11:19:53,874] {processor.py:171} INFO - Processing /home/airflow/.local/lib/python3.7/site-packages/airflow/example_dags/example_task_group.py took 0.059 seconds
[2023-04-05 11:20:24,854] {processor.py:163} INFO - Started process (PID=684) to work on /home/airflow/.local/lib/python3.7/site-packages/airflow/example_dags/example_task_group.py
[2023-04-05 11:20:24,855] {processor.py:620} INFO - Processing file /home/airflow/.local/lib/python3.7/site-packages/airflow/example_dags/example_task_group.py for tasks to queue
[2023-04-05 11:20:24,855] {logging_mixin.py:109} INFO - [2023-04-05 11:20:24,855] {dagbag.py:500} INFO - Filling up the DagBag from /home/airflow/.local/lib/python3.7/site-packages/airflow/example_dags/example_task_group.py
[2023-04-05 11:20:24,948] {processor.py:632} INFO - DAG(s) dict_keys(['example_task_group']) retrieved from /home/airflow/.local/lib/python3.7/site-packages/airflow/example_dags/example_task_group.py
[2023-04-05 11:20:24,958] {logging_mixin.py:109} INFO - [2023-04-05 11:20:24,958] {dag.py:2389} INFO - Sync 1 DAGs
[2023-04-05 11:20:24,976] {logging_mixin.py:109} INFO - [2023-04-05 11:20:24,975] {dag.py:2921} INFO - Setting next_dagrun for example_task_group to 2023-04-04T11:20:24.975528+00:00
[2023-04-05 11:20:24,988] {processor.py:171} INFO - Processing /home/airflow/.local/lib/python3.7/site-packages/airflow/example_dags/example_task_group.py took 0.138 seconds
[2023-04-05 11:24:00,332] {processor.py:163} INFO - Started process (PID=102) to work on /home/airflow/.local/lib/python3.7/site-packages/airflow/example_dags/example_task_group.py
[2023-04-05 11:24:00,335] {processor.py:620} INFO - Processing file /home/airflow/.local/lib/python3.7/site-packages/airflow/example_dags/example_task_group.py for tasks to queue
[2023-04-05 11:24:00,336] {logging_mixin.py:109} INFO - [2023-04-05 11:24:00,336] {dagbag.py:500} INFO - Filling up the DagBag from /home/airflow/.local/lib/python3.7/site-packages/airflow/example_dags/example_task_group.py
[2023-04-05 11:24:00,388] {processor.py:632} INFO - DAG(s) dict_keys(['example_task_group']) retrieved from /home/airflow/.local/lib/python3.7/site-packages/airflow/example_dags/example_task_group.py
[2023-04-05 11:24:03,758] {logging_mixin.py:109} INFO - [2023-04-05 11:24:03,758] {providers_manager.py:156} WARNING - Exception when importing 'airflow.providers.google.leveldb.hooks.leveldb.LevelDBHook' from 'apache-airflow-providers-google' package: No module named 'plyvel'
[2023-04-05 11:24:04,434] {logging_mixin.py:109} INFO - [2023-04-05 11:24:04,434] {providers_manager.py:156} WARNING - Exception when importing 'airflow.providers.google.leveldb.hooks.leveldb.LevelDBHook' from 'apache-airflow-providers-google' package: No module named 'plyvel'
[2023-04-05 11:24:04,464] {logging_mixin.py:109} INFO - [2023-04-05 11:24:04,464] {manager.py:496} INFO - Created Permission View: can edit on DAG:example_task_group
[2023-04-05 11:24:04,477] {logging_mixin.py:109} INFO - [2023-04-05 11:24:04,477] {manager.py:496} INFO - Created Permission View: can read on DAG:example_task_group
[2023-04-05 11:24:04,477] {logging_mixin.py:109} INFO - [2023-04-05 11:24:04,477] {dag.py:2389} INFO - Sync 1 DAGs
[2023-04-05 11:24:04,487] {logging_mixin.py:109} INFO - [2023-04-05 11:24:04,486] {dag.py:2408} INFO - Creating ORM DAG for example_task_group
[2023-04-05 11:24:04,499] {logging_mixin.py:109} INFO - [2023-04-05 11:24:04,499] {dag.py:2921} INFO - Setting next_dagrun for example_task_group to 2023-04-04T11:24:04.499093+00:00
[2023-04-05 11:24:04,515] {processor.py:171} INFO - Processing /home/airflow/.local/lib/python3.7/site-packages/airflow/example_dags/example_task_group.py took 4.192 seconds
[2023-04-05 11:24:40,761] {processor.py:163} INFO - Started process (PID=363) to work on /home/airflow/.local/lib/python3.7/site-packages/airflow/example_dags/example_task_group.py
[2023-04-05 11:24:40,763] {processor.py:620} INFO - Processing file /home/airflow/.local/lib/python3.7/site-packages/airflow/example_dags/example_task_group.py for tasks to queue
[2023-04-05 11:24:40,764] {logging_mixin.py:109} INFO - [2023-04-05 11:24:40,764] {dagbag.py:500} INFO - Filling up the DagBag from /home/airflow/.local/lib/python3.7/site-packages/airflow/example_dags/example_task_group.py
[2023-04-05 11:24:40,802] {processor.py:632} INFO - DAG(s) dict_keys(['example_task_group']) retrieved from /home/airflow/.local/lib/python3.7/site-packages/airflow/example_dags/example_task_group.py
[2023-04-05 11:24:40,818] {logging_mixin.py:109} INFO - [2023-04-05 11:24:40,818] {dag.py:2389} INFO - Sync 1 DAGs
[2023-04-05 11:24:40,839] {logging_mixin.py:109} INFO - [2023-04-05 11:24:40,839] {dag.py:2921} INFO - Setting next_dagrun for example_task_group to 2023-04-04T11:24:40.839233+00:00
[2023-04-05 11:24:40,852] {processor.py:171} INFO - Processing /home/airflow/.local/lib/python3.7/site-packages/airflow/example_dags/example_task_group.py took 0.095 seconds
[2023-04-05 11:25:11,207] {processor.py:163} INFO - Started process (PID=413) to work on /home/airflow/.local/lib/python3.7/site-packages/airflow/example_dags/example_task_group.py
[2023-04-05 11:25:11,208] {processor.py:620} INFO - Processing file /home/airflow/.local/lib/python3.7/site-packages/airflow/example_dags/example_task_group.py for tasks to queue
[2023-04-05 11:25:11,208] {logging_mixin.py:109} INFO - [2023-04-05 11:25:11,208] {dagbag.py:500} INFO - Filling up the DagBag from /home/airflow/.local/lib/python3.7/site-packages/airflow/example_dags/example_task_group.py
[2023-04-05 11:25:11,233] {processor.py:632} INFO - DAG(s) dict_keys(['example_task_group']) retrieved from /home/airflow/.local/lib/python3.7/site-packages/airflow/example_dags/example_task_group.py
[2023-04-05 11:25:11,241] {logging_mixin.py:109} INFO - [2023-04-05 11:25:11,241] {dag.py:2389} INFO - Sync 1 DAGs
[2023-04-05 11:25:11,254] {logging_mixin.py:109} INFO - [2023-04-05 11:25:11,254] {dag.py:2921} INFO - Setting next_dagrun for example_task_group to 2023-04-04T11:25:11.253888+00:00
[2023-04-05 11:25:11,263] {processor.py:171} INFO - Processing /home/airflow/.local/lib/python3.7/site-packages/airflow/example_dags/example_task_group.py took 0.059 seconds
[2023-04-05 11:25:41,860] {processor.py:163} INFO - Started process (PID=464) to work on /home/airflow/.local/lib/python3.7/site-packages/airflow/example_dags/example_task_group.py
[2023-04-05 11:25:41,862] {processor.py:620} INFO - Processing file /home/airflow/.local/lib/python3.7/site-packages/airflow/example_dags/example_task_group.py for tasks to queue
[2023-04-05 11:25:41,862] {logging_mixin.py:109} INFO - [2023-04-05 11:25:41,862] {dagbag.py:500} INFO - Filling up the DagBag from /home/airflow/.local/lib/python3.7/site-packages/airflow/example_dags/example_task_group.py
[2023-04-05 11:25:41,888] {processor.py:632} INFO - DAG(s) dict_keys(['example_task_group']) retrieved from /home/airflow/.local/lib/python3.7/site-packages/airflow/example_dags/example_task_group.py
[2023-04-05 11:25:41,900] {logging_mixin.py:109} INFO - [2023-04-05 11:25:41,900] {dag.py:2389} INFO - Sync 1 DAGs
[2023-04-05 11:25:41,917] {logging_mixin.py:109} INFO - [2023-04-05 11:25:41,917] {dag.py:2921} INFO - Setting next_dagrun for example_task_group to 2023-04-04T11:25:41.916670+00:00
[2023-04-05 11:25:41,926] {processor.py:171} INFO - Processing /home/airflow/.local/lib/python3.7/site-packages/airflow/example_dags/example_task_group.py took 0.068 seconds
[2023-04-05 11:26:12,450] {processor.py:163} INFO - Started process (PID=524) to work on /home/airflow/.local/lib/python3.7/site-packages/airflow/example_dags/example_task_group.py
[2023-04-05 11:26:12,451] {processor.py:620} INFO - Processing file /home/airflow/.local/lib/python3.7/site-packages/airflow/example_dags/example_task_group.py for tasks to queue
[2023-04-05 11:26:12,451] {logging_mixin.py:109} INFO - [2023-04-05 11:26:12,451] {dagbag.py:500} INFO - Filling up the DagBag from /home/airflow/.local/lib/python3.7/site-packages/airflow/example_dags/example_task_group.py
[2023-04-05 11:26:12,472] {processor.py:632} INFO - DAG(s) dict_keys(['example_task_group']) retrieved from /home/airflow/.local/lib/python3.7/site-packages/airflow/example_dags/example_task_group.py
[2023-04-05 11:26:12,480] {logging_mixin.py:109} INFO - [2023-04-05 11:26:12,480] {dag.py:2389} INFO - Sync 1 DAGs
[2023-04-05 11:26:12,490] {logging_mixin.py:109} INFO - [2023-04-05 11:26:12,490] {dag.py:2921} INFO - Setting next_dagrun for example_task_group to 2023-04-04T11:26:12.490403+00:00
[2023-04-05 11:26:12,499] {processor.py:171} INFO - Processing /home/airflow/.local/lib/python3.7/site-packages/airflow/example_dags/example_task_group.py took 0.051 seconds
[2023-04-05 11:26:42,737] {processor.py:163} INFO - Started process (PID=575) to work on /home/airflow/.local/lib/python3.7/site-packages/airflow/example_dags/example_task_group.py
[2023-04-05 11:26:42,738] {processor.py:620} INFO - Processing file /home/airflow/.local/lib/python3.7/site-packages/airflow/example_dags/example_task_group.py for tasks to queue
[2023-04-05 11:26:42,739] {logging_mixin.py:109} INFO - [2023-04-05 11:26:42,739] {dagbag.py:500} INFO - Filling up the DagBag from /home/airflow/.local/lib/python3.7/site-packages/airflow/example_dags/example_task_group.py
[2023-04-05 11:26:42,764] {processor.py:632} INFO - DAG(s) dict_keys(['example_task_group']) retrieved from /home/airflow/.local/lib/python3.7/site-packages/airflow/example_dags/example_task_group.py
[2023-04-05 11:26:42,776] {logging_mixin.py:109} INFO - [2023-04-05 11:26:42,775] {dag.py:2389} INFO - Sync 1 DAGs
[2023-04-05 11:26:42,792] {logging_mixin.py:109} INFO - [2023-04-05 11:26:42,792] {dag.py:2921} INFO - Setting next_dagrun for example_task_group to 2023-04-04T11:26:42.792370+00:00
[2023-04-05 11:26:42,802] {processor.py:171} INFO - Processing /home/airflow/.local/lib/python3.7/site-packages/airflow/example_dags/example_task_group.py took 0.068 seconds
[2023-04-05 11:27:13,080] {processor.py:163} INFO - Started process (PID=635) to work on /home/airflow/.local/lib/python3.7/site-packages/airflow/example_dags/example_task_group.py
[2023-04-05 11:27:13,081] {processor.py:620} INFO - Processing file /home/airflow/.local/lib/python3.7/site-packages/airflow/example_dags/example_task_group.py for tasks to queue
[2023-04-05 11:27:13,081] {logging_mixin.py:109} INFO - [2023-04-05 11:27:13,081] {dagbag.py:500} INFO - Filling up the DagBag from /home/airflow/.local/lib/python3.7/site-packages/airflow/example_dags/example_task_group.py
[2023-04-05 11:27:13,111] {processor.py:632} INFO - DAG(s) dict_keys(['example_task_group']) retrieved from /home/airflow/.local/lib/python3.7/site-packages/airflow/example_dags/example_task_group.py
[2023-04-05 11:27:13,124] {logging_mixin.py:109} INFO - [2023-04-05 11:27:13,124] {dag.py:2389} INFO - Sync 1 DAGs
[2023-04-05 11:27:13,139] {logging_mixin.py:109} INFO - [2023-04-05 11:27:13,139] {dag.py:2921} INFO - Setting next_dagrun for example_task_group to 2023-04-04T11:27:13.139310+00:00
[2023-04-05 11:27:13,150] {processor.py:171} INFO - Processing /home/airflow/.local/lib/python3.7/site-packages/airflow/example_dags/example_task_group.py took 0.073 seconds
[2023-04-05 11:27:43,645] {processor.py:163} INFO - Started process (PID=686) to work on /home/airflow/.local/lib/python3.7/site-packages/airflow/example_dags/example_task_group.py
[2023-04-05 11:27:43,647] {processor.py:620} INFO - Processing file /home/airflow/.local/lib/python3.7/site-packages/airflow/example_dags/example_task_group.py for tasks to queue
[2023-04-05 11:27:43,647] {logging_mixin.py:109} INFO - [2023-04-05 11:27:43,647] {dagbag.py:500} INFO - Filling up the DagBag from /home/airflow/.local/lib/python3.7/site-packages/airflow/example_dags/example_task_group.py
[2023-04-05 11:27:43,674] {processor.py:632} INFO - DAG(s) dict_keys(['example_task_group']) retrieved from /home/airflow/.local/lib/python3.7/site-packages/airflow/example_dags/example_task_group.py
[2023-04-05 11:27:43,683] {logging_mixin.py:109} INFO - [2023-04-05 11:27:43,683] {dag.py:2389} INFO - Sync 1 DAGs
[2023-04-05 11:27:43,696] {logging_mixin.py:109} INFO - [2023-04-05 11:27:43,696] {dag.py:2921} INFO - Setting next_dagrun for example_task_group to 2023-04-04T11:27:43.696491+00:00
[2023-04-05 11:27:43,705] {processor.py:171} INFO - Processing /home/airflow/.local/lib/python3.7/site-packages/airflow/example_dags/example_task_group.py took 0.062 seconds
