[2023-04-05 11:16:43,248] {processor.py:163} INFO - Started process (PID=85) to work on /home/airflow/.local/lib/python3.7/site-packages/airflow/example_dags/example_branch_labels.py
[2023-04-05 11:16:43,249] {processor.py:620} INFO - Processing file /home/airflow/.local/lib/python3.7/site-packages/airflow/example_dags/example_branch_labels.py for tasks to queue
[2023-04-05 11:16:43,250] {logging_mixin.py:109} INFO - [2023-04-05 11:16:43,250] {dagbag.py:500} INFO - Filling up the DagBag from /home/airflow/.local/lib/python3.7/site-packages/airflow/example_dags/example_branch_labels.py
[2023-04-05 11:16:43,294] {processor.py:632} INFO - DAG(s) dict_keys(['example_branch_labels']) retrieved from /home/airflow/.local/lib/python3.7/site-packages/airflow/example_dags/example_branch_labels.py
[2023-04-05 11:16:46,268] {logging_mixin.py:109} INFO - [2023-04-05 11:16:46,268] {providers_manager.py:156} WARNING - Exception when importing 'airflow.providers.google.leveldb.hooks.leveldb.LevelDBHook' from 'apache-airflow-providers-google' package: No module named 'plyvel'
[2023-04-05 11:16:46,956] {logging_mixin.py:109} INFO - [2023-04-05 11:16:46,956] {providers_manager.py:156} WARNING - Exception when importing 'airflow.providers.google.leveldb.hooks.leveldb.LevelDBHook' from 'apache-airflow-providers-google' package: No module named 'plyvel'
[2023-04-05 11:16:46,986] {logging_mixin.py:109} INFO - [2023-04-05 11:16:46,986] {manager.py:496} INFO - Created Permission View: can read on DAG:example_branch_labels
[2023-04-05 11:16:46,997] {logging_mixin.py:109} INFO - [2023-04-05 11:16:46,997] {manager.py:496} INFO - Created Permission View: can edit on DAG:example_branch_labels
[2023-04-05 11:16:46,997] {logging_mixin.py:109} INFO - [2023-04-05 11:16:46,997] {dag.py:2389} INFO - Sync 1 DAGs
[2023-04-05 11:16:47,004] {logging_mixin.py:109} INFO - [2023-04-05 11:16:47,004] {dag.py:2408} INFO - Creating ORM DAG for example_branch_labels
[2023-04-05 11:16:47,015] {logging_mixin.py:109} INFO - [2023-04-05 11:16:47,015] {dag.py:2921} INFO - Setting next_dagrun for example_branch_labels to 2023-04-04 00:00:00+00:00
[2023-04-05 11:16:47,027] {processor.py:171} INFO - Processing /home/airflow/.local/lib/python3.7/site-packages/airflow/example_dags/example_branch_labels.py took 3.784 seconds
[2023-04-05 11:17:21,899] {processor.py:163} INFO - Started process (PID=352) to work on /home/airflow/.local/lib/python3.7/site-packages/airflow/example_dags/example_branch_labels.py
[2023-04-05 11:17:21,901] {processor.py:620} INFO - Processing file /home/airflow/.local/lib/python3.7/site-packages/airflow/example_dags/example_branch_labels.py for tasks to queue
[2023-04-05 11:17:21,902] {logging_mixin.py:109} INFO - [2023-04-05 11:17:21,902] {dagbag.py:500} INFO - Filling up the DagBag from /home/airflow/.local/lib/python3.7/site-packages/airflow/example_dags/example_branch_labels.py
[2023-04-05 11:17:21,943] {processor.py:632} INFO - DAG(s) dict_keys(['example_branch_labels']) retrieved from /home/airflow/.local/lib/python3.7/site-packages/airflow/example_dags/example_branch_labels.py
[2023-04-05 11:17:21,976] {logging_mixin.py:109} INFO - [2023-04-05 11:17:21,976] {dag.py:2389} INFO - Sync 1 DAGs
[2023-04-05 11:17:22,010] {logging_mixin.py:109} INFO - [2023-04-05 11:17:22,010] {dag.py:2921} INFO - Setting next_dagrun for example_branch_labels to 2023-04-04 00:00:00+00:00
[2023-04-05 11:17:22,043] {processor.py:171} INFO - Processing /home/airflow/.local/lib/python3.7/site-packages/airflow/example_dags/example_branch_labels.py took 0.148 seconds
[2023-04-05 11:17:52,084] {processor.py:163} INFO - Started process (PID=411) to work on /home/airflow/.local/lib/python3.7/site-packages/airflow/example_dags/example_branch_labels.py
[2023-04-05 11:17:52,085] {processor.py:620} INFO - Processing file /home/airflow/.local/lib/python3.7/site-packages/airflow/example_dags/example_branch_labels.py for tasks to queue
[2023-04-05 11:17:52,085] {logging_mixin.py:109} INFO - [2023-04-05 11:17:52,085] {dagbag.py:500} INFO - Filling up the DagBag from /home/airflow/.local/lib/python3.7/site-packages/airflow/example_dags/example_branch_labels.py
[2023-04-05 11:17:52,112] {processor.py:632} INFO - DAG(s) dict_keys(['example_branch_labels']) retrieved from /home/airflow/.local/lib/python3.7/site-packages/airflow/example_dags/example_branch_labels.py
[2023-04-05 11:17:52,122] {logging_mixin.py:109} INFO - [2023-04-05 11:17:52,122] {dag.py:2389} INFO - Sync 1 DAGs
[2023-04-05 11:17:52,138] {logging_mixin.py:109} INFO - [2023-04-05 11:17:52,138] {dag.py:2921} INFO - Setting next_dagrun for example_branch_labels to 2023-04-04 00:00:00+00:00
[2023-04-05 11:17:52,147] {processor.py:171} INFO - Processing /home/airflow/.local/lib/python3.7/site-packages/airflow/example_dags/example_branch_labels.py took 0.067 seconds
[2023-04-05 11:18:22,291] {processor.py:163} INFO - Started process (PID=460) to work on /home/airflow/.local/lib/python3.7/site-packages/airflow/example_dags/example_branch_labels.py
[2023-04-05 11:18:22,293] {processor.py:620} INFO - Processing file /home/airflow/.local/lib/python3.7/site-packages/airflow/example_dags/example_branch_labels.py for tasks to queue
[2023-04-05 11:18:22,294] {logging_mixin.py:109} INFO - [2023-04-05 11:18:22,293] {dagbag.py:500} INFO - Filling up the DagBag from /home/airflow/.local/lib/python3.7/site-packages/airflow/example_dags/example_branch_labels.py
[2023-04-05 11:18:22,320] {processor.py:632} INFO - DAG(s) dict_keys(['example_branch_labels']) retrieved from /home/airflow/.local/lib/python3.7/site-packages/airflow/example_dags/example_branch_labels.py
[2023-04-05 11:18:22,331] {logging_mixin.py:109} INFO - [2023-04-05 11:18:22,331] {dag.py:2389} INFO - Sync 1 DAGs
[2023-04-05 11:18:22,346] {logging_mixin.py:109} INFO - [2023-04-05 11:18:22,346] {dag.py:2921} INFO - Setting next_dagrun for example_branch_labels to 2023-04-04 00:00:00+00:00
[2023-04-05 11:18:22,355] {processor.py:171} INFO - Processing /home/airflow/.local/lib/python3.7/site-packages/airflow/example_dags/example_branch_labels.py took 0.066 seconds
[2023-04-05 11:18:52,426] {processor.py:163} INFO - Started process (PID=520) to work on /home/airflow/.local/lib/python3.7/site-packages/airflow/example_dags/example_branch_labels.py
[2023-04-05 11:18:52,427] {processor.py:620} INFO - Processing file /home/airflow/.local/lib/python3.7/site-packages/airflow/example_dags/example_branch_labels.py for tasks to queue
[2023-04-05 11:18:52,428] {logging_mixin.py:109} INFO - [2023-04-05 11:18:52,428] {dagbag.py:500} INFO - Filling up the DagBag from /home/airflow/.local/lib/python3.7/site-packages/airflow/example_dags/example_branch_labels.py
[2023-04-05 11:18:52,461] {processor.py:632} INFO - DAG(s) dict_keys(['example_branch_labels']) retrieved from /home/airflow/.local/lib/python3.7/site-packages/airflow/example_dags/example_branch_labels.py
[2023-04-05 11:18:52,474] {logging_mixin.py:109} INFO - [2023-04-05 11:18:52,474] {dag.py:2389} INFO - Sync 1 DAGs
[2023-04-05 11:18:52,496] {logging_mixin.py:109} INFO - [2023-04-05 11:18:52,496] {dag.py:2921} INFO - Setting next_dagrun for example_branch_labels to 2023-04-04 00:00:00+00:00
[2023-04-05 11:18:52,509] {processor.py:171} INFO - Processing /home/airflow/.local/lib/python3.7/site-packages/airflow/example_dags/example_branch_labels.py took 0.087 seconds
[2023-04-05 11:19:22,526] {processor.py:163} INFO - Started process (PID=571) to work on /home/airflow/.local/lib/python3.7/site-packages/airflow/example_dags/example_branch_labels.py
[2023-04-05 11:19:22,527] {processor.py:620} INFO - Processing file /home/airflow/.local/lib/python3.7/site-packages/airflow/example_dags/example_branch_labels.py for tasks to queue
[2023-04-05 11:19:22,528] {logging_mixin.py:109} INFO - [2023-04-05 11:19:22,528] {dagbag.py:500} INFO - Filling up the DagBag from /home/airflow/.local/lib/python3.7/site-packages/airflow/example_dags/example_branch_labels.py
[2023-04-05 11:19:22,553] {processor.py:632} INFO - DAG(s) dict_keys(['example_branch_labels']) retrieved from /home/airflow/.local/lib/python3.7/site-packages/airflow/example_dags/example_branch_labels.py
[2023-04-05 11:19:22,563] {logging_mixin.py:109} INFO - [2023-04-05 11:19:22,563] {dag.py:2389} INFO - Sync 1 DAGs
[2023-04-05 11:19:22,576] {logging_mixin.py:109} INFO - [2023-04-05 11:19:22,576] {dag.py:2921} INFO - Setting next_dagrun for example_branch_labels to 2023-04-04 00:00:00+00:00
[2023-04-05 11:19:22,583] {processor.py:171} INFO - Processing /home/airflow/.local/lib/python3.7/site-packages/airflow/example_dags/example_branch_labels.py took 0.060 seconds
[2023-04-05 11:19:52,605] {processor.py:163} INFO - Started process (PID=621) to work on /home/airflow/.local/lib/python3.7/site-packages/airflow/example_dags/example_branch_labels.py
[2023-04-05 11:19:52,606] {processor.py:620} INFO - Processing file /home/airflow/.local/lib/python3.7/site-packages/airflow/example_dags/example_branch_labels.py for tasks to queue
[2023-04-05 11:19:52,607] {logging_mixin.py:109} INFO - [2023-04-05 11:19:52,606] {dagbag.py:500} INFO - Filling up the DagBag from /home/airflow/.local/lib/python3.7/site-packages/airflow/example_dags/example_branch_labels.py
[2023-04-05 11:19:52,690] {processor.py:632} INFO - DAG(s) dict_keys(['example_branch_labels']) retrieved from /home/airflow/.local/lib/python3.7/site-packages/airflow/example_dags/example_branch_labels.py
[2023-04-05 11:19:52,698] {logging_mixin.py:109} INFO - [2023-04-05 11:19:52,698] {dag.py:2389} INFO - Sync 1 DAGs
[2023-04-05 11:19:52,714] {logging_mixin.py:109} INFO - [2023-04-05 11:19:52,714] {dag.py:2921} INFO - Setting next_dagrun for example_branch_labels to 2023-04-04 00:00:00+00:00
[2023-04-05 11:19:52,722] {processor.py:171} INFO - Processing /home/airflow/.local/lib/python3.7/site-packages/airflow/example_dags/example_branch_labels.py took 0.119 seconds
[2023-04-05 11:20:23,709] {processor.py:163} INFO - Started process (PID=681) to work on /home/airflow/.local/lib/python3.7/site-packages/airflow/example_dags/example_branch_labels.py
[2023-04-05 11:20:23,710] {processor.py:620} INFO - Processing file /home/airflow/.local/lib/python3.7/site-packages/airflow/example_dags/example_branch_labels.py for tasks to queue
[2023-04-05 11:20:23,711] {logging_mixin.py:109} INFO - [2023-04-05 11:20:23,710] {dagbag.py:500} INFO - Filling up the DagBag from /home/airflow/.local/lib/python3.7/site-packages/airflow/example_dags/example_branch_labels.py
[2023-04-05 11:20:23,731] {processor.py:632} INFO - DAG(s) dict_keys(['example_branch_labels']) retrieved from /home/airflow/.local/lib/python3.7/site-packages/airflow/example_dags/example_branch_labels.py
[2023-04-05 11:20:23,740] {logging_mixin.py:109} INFO - [2023-04-05 11:20:23,740] {dag.py:2389} INFO - Sync 1 DAGs
[2023-04-05 11:20:23,754] {logging_mixin.py:109} INFO - [2023-04-05 11:20:23,754] {dag.py:2921} INFO - Setting next_dagrun for example_branch_labels to 2023-04-04 00:00:00+00:00
[2023-04-05 11:20:23,763] {processor.py:171} INFO - Processing /home/airflow/.local/lib/python3.7/site-packages/airflow/example_dags/example_branch_labels.py took 0.056 seconds
[2023-04-05 11:23:55,612] {processor.py:163} INFO - Started process (PID=84) to work on /home/airflow/.local/lib/python3.7/site-packages/airflow/example_dags/example_branch_labels.py
[2023-04-05 11:23:55,624] {processor.py:620} INFO - Processing file /home/airflow/.local/lib/python3.7/site-packages/airflow/example_dags/example_branch_labels.py for tasks to queue
[2023-04-05 11:23:55,625] {logging_mixin.py:109} INFO - [2023-04-05 11:23:55,625] {dagbag.py:500} INFO - Filling up the DagBag from /home/airflow/.local/lib/python3.7/site-packages/airflow/example_dags/example_branch_labels.py
[2023-04-05 11:23:55,690] {processor.py:632} INFO - DAG(s) dict_keys(['example_branch_labels']) retrieved from /home/airflow/.local/lib/python3.7/site-packages/airflow/example_dags/example_branch_labels.py
[2023-04-05 11:23:59,292] {logging_mixin.py:109} INFO - [2023-04-05 11:23:59,292] {providers_manager.py:156} WARNING - Exception when importing 'airflow.providers.google.leveldb.hooks.leveldb.LevelDBHook' from 'apache-airflow-providers-google' package: No module named 'plyvel'
[2023-04-05 11:24:00,176] {logging_mixin.py:109} INFO - [2023-04-05 11:24:00,176] {providers_manager.py:156} WARNING - Exception when importing 'airflow.providers.google.leveldb.hooks.leveldb.LevelDBHook' from 'apache-airflow-providers-google' package: No module named 'plyvel'
[2023-04-05 11:24:00,222] {logging_mixin.py:109} INFO - [2023-04-05 11:24:00,222] {manager.py:496} INFO - Created Permission View: can edit on DAG:example_branch_labels
[2023-04-05 11:24:00,236] {logging_mixin.py:109} INFO - [2023-04-05 11:24:00,236] {manager.py:496} INFO - Created Permission View: can read on DAG:example_branch_labels
[2023-04-05 11:24:00,237] {logging_mixin.py:109} INFO - [2023-04-05 11:24:00,236] {dag.py:2389} INFO - Sync 1 DAGs
[2023-04-05 11:24:00,248] {logging_mixin.py:109} INFO - [2023-04-05 11:24:00,247] {dag.py:2408} INFO - Creating ORM DAG for example_branch_labels
[2023-04-05 11:24:00,263] {logging_mixin.py:109} INFO - [2023-04-05 11:24:00,263] {dag.py:2921} INFO - Setting next_dagrun for example_branch_labels to 2023-04-04 00:00:00+00:00
[2023-04-05 11:24:00,286] {processor.py:171} INFO - Processing /home/airflow/.local/lib/python3.7/site-packages/airflow/example_dags/example_branch_labels.py took 4.678 seconds
[2023-04-05 11:24:40,079] {processor.py:163} INFO - Started process (PID=360) to work on /home/airflow/.local/lib/python3.7/site-packages/airflow/example_dags/example_branch_labels.py
[2023-04-05 11:24:40,082] {processor.py:620} INFO - Processing file /home/airflow/.local/lib/python3.7/site-packages/airflow/example_dags/example_branch_labels.py for tasks to queue
[2023-04-05 11:24:40,083] {logging_mixin.py:109} INFO - [2023-04-05 11:24:40,083] {dagbag.py:500} INFO - Filling up the DagBag from /home/airflow/.local/lib/python3.7/site-packages/airflow/example_dags/example_branch_labels.py
[2023-04-05 11:24:40,155] {processor.py:632} INFO - DAG(s) dict_keys(['example_branch_labels']) retrieved from /home/airflow/.local/lib/python3.7/site-packages/airflow/example_dags/example_branch_labels.py
[2023-04-05 11:24:40,175] {logging_mixin.py:109} INFO - [2023-04-05 11:24:40,175] {dag.py:2389} INFO - Sync 1 DAGs
[2023-04-05 11:24:40,210] {logging_mixin.py:109} INFO - [2023-04-05 11:24:40,210] {dag.py:2921} INFO - Setting next_dagrun for example_branch_labels to 2023-04-04 00:00:00+00:00
[2023-04-05 11:24:40,231] {processor.py:171} INFO - Processing /home/airflow/.local/lib/python3.7/site-packages/airflow/example_dags/example_branch_labels.py took 0.168 seconds
[2023-04-05 11:25:10,893] {processor.py:163} INFO - Started process (PID=411) to work on /home/airflow/.local/lib/python3.7/site-packages/airflow/example_dags/example_branch_labels.py
[2023-04-05 11:25:10,894] {processor.py:620} INFO - Processing file /home/airflow/.local/lib/python3.7/site-packages/airflow/example_dags/example_branch_labels.py for tasks to queue
[2023-04-05 11:25:10,894] {logging_mixin.py:109} INFO - [2023-04-05 11:25:10,894] {dagbag.py:500} INFO - Filling up the DagBag from /home/airflow/.local/lib/python3.7/site-packages/airflow/example_dags/example_branch_labels.py
[2023-04-05 11:25:10,914] {processor.py:632} INFO - DAG(s) dict_keys(['example_branch_labels']) retrieved from /home/airflow/.local/lib/python3.7/site-packages/airflow/example_dags/example_branch_labels.py
[2023-04-05 11:25:10,922] {logging_mixin.py:109} INFO - [2023-04-05 11:25:10,922] {dag.py:2389} INFO - Sync 1 DAGs
[2023-04-05 11:25:10,934] {logging_mixin.py:109} INFO - [2023-04-05 11:25:10,934] {dag.py:2921} INFO - Setting next_dagrun for example_branch_labels to 2023-04-04 00:00:00+00:00
[2023-04-05 11:25:10,943] {processor.py:171} INFO - Processing /home/airflow/.local/lib/python3.7/site-packages/airflow/example_dags/example_branch_labels.py took 0.053 seconds
[2023-04-05 11:25:41,496] {processor.py:163} INFO - Started process (PID=462) to work on /home/airflow/.local/lib/python3.7/site-packages/airflow/example_dags/example_branch_labels.py
[2023-04-05 11:25:41,497] {processor.py:620} INFO - Processing file /home/airflow/.local/lib/python3.7/site-packages/airflow/example_dags/example_branch_labels.py for tasks to queue
[2023-04-05 11:25:41,497] {logging_mixin.py:109} INFO - [2023-04-05 11:25:41,497] {dagbag.py:500} INFO - Filling up the DagBag from /home/airflow/.local/lib/python3.7/site-packages/airflow/example_dags/example_branch_labels.py
[2023-04-05 11:25:41,518] {processor.py:632} INFO - DAG(s) dict_keys(['example_branch_labels']) retrieved from /home/airflow/.local/lib/python3.7/site-packages/airflow/example_dags/example_branch_labels.py
[2023-04-05 11:25:41,527] {logging_mixin.py:109} INFO - [2023-04-05 11:25:41,526] {dag.py:2389} INFO - Sync 1 DAGs
[2023-04-05 11:25:41,541] {logging_mixin.py:109} INFO - [2023-04-05 11:25:41,540] {dag.py:2921} INFO - Setting next_dagrun for example_branch_labels to 2023-04-04 00:00:00+00:00
[2023-04-05 11:25:41,549] {processor.py:171} INFO - Processing /home/airflow/.local/lib/python3.7/site-packages/airflow/example_dags/example_branch_labels.py took 0.056 seconds
[2023-04-05 11:26:12,137] {processor.py:163} INFO - Started process (PID=522) to work on /home/airflow/.local/lib/python3.7/site-packages/airflow/example_dags/example_branch_labels.py
[2023-04-05 11:26:12,138] {processor.py:620} INFO - Processing file /home/airflow/.local/lib/python3.7/site-packages/airflow/example_dags/example_branch_labels.py for tasks to queue
[2023-04-05 11:26:12,138] {logging_mixin.py:109} INFO - [2023-04-05 11:26:12,138] {dagbag.py:500} INFO - Filling up the DagBag from /home/airflow/.local/lib/python3.7/site-packages/airflow/example_dags/example_branch_labels.py
[2023-04-05 11:26:12,157] {processor.py:632} INFO - DAG(s) dict_keys(['example_branch_labels']) retrieved from /home/airflow/.local/lib/python3.7/site-packages/airflow/example_dags/example_branch_labels.py
[2023-04-05 11:26:12,164] {logging_mixin.py:109} INFO - [2023-04-05 11:26:12,164] {dag.py:2389} INFO - Sync 1 DAGs
[2023-04-05 11:26:12,175] {logging_mixin.py:109} INFO - [2023-04-05 11:26:12,175] {dag.py:2921} INFO - Setting next_dagrun for example_branch_labels to 2023-04-04 00:00:00+00:00
[2023-04-05 11:26:12,184] {processor.py:171} INFO - Processing /home/airflow/.local/lib/python3.7/site-packages/airflow/example_dags/example_branch_labels.py took 0.049 seconds
[2023-04-05 11:26:42,456] {processor.py:163} INFO - Started process (PID=573) to work on /home/airflow/.local/lib/python3.7/site-packages/airflow/example_dags/example_branch_labels.py
[2023-04-05 11:26:42,458] {processor.py:620} INFO - Processing file /home/airflow/.local/lib/python3.7/site-packages/airflow/example_dags/example_branch_labels.py for tasks to queue
[2023-04-05 11:26:42,458] {logging_mixin.py:109} INFO - [2023-04-05 11:26:42,458] {dagbag.py:500} INFO - Filling up the DagBag from /home/airflow/.local/lib/python3.7/site-packages/airflow/example_dags/example_branch_labels.py
[2023-04-05 11:26:42,487] {processor.py:632} INFO - DAG(s) dict_keys(['example_branch_labels']) retrieved from /home/airflow/.local/lib/python3.7/site-packages/airflow/example_dags/example_branch_labels.py
[2023-04-05 11:26:42,498] {logging_mixin.py:109} INFO - [2023-04-05 11:26:42,498] {dag.py:2389} INFO - Sync 1 DAGs
[2023-04-05 11:26:42,516] {logging_mixin.py:109} INFO - [2023-04-05 11:26:42,516] {dag.py:2921} INFO - Setting next_dagrun for example_branch_labels to 2023-04-04 00:00:00+00:00
[2023-04-05 11:26:42,525] {processor.py:171} INFO - Processing /home/airflow/.local/lib/python3.7/site-packages/airflow/example_dags/example_branch_labels.py took 0.073 seconds
[2023-04-05 11:27:12,820] {processor.py:163} INFO - Started process (PID=633) to work on /home/airflow/.local/lib/python3.7/site-packages/airflow/example_dags/example_branch_labels.py
[2023-04-05 11:27:12,821] {processor.py:620} INFO - Processing file /home/airflow/.local/lib/python3.7/site-packages/airflow/example_dags/example_branch_labels.py for tasks to queue
[2023-04-05 11:27:12,822] {logging_mixin.py:109} INFO - [2023-04-05 11:27:12,821] {dagbag.py:500} INFO - Filling up the DagBag from /home/airflow/.local/lib/python3.7/site-packages/airflow/example_dags/example_branch_labels.py
[2023-04-05 11:27:12,853] {processor.py:632} INFO - DAG(s) dict_keys(['example_branch_labels']) retrieved from /home/airflow/.local/lib/python3.7/site-packages/airflow/example_dags/example_branch_labels.py
[2023-04-05 11:27:12,864] {logging_mixin.py:109} INFO - [2023-04-05 11:27:12,864] {dag.py:2389} INFO - Sync 1 DAGs
[2023-04-05 11:27:12,882] {logging_mixin.py:109} INFO - [2023-04-05 11:27:12,882] {dag.py:2921} INFO - Setting next_dagrun for example_branch_labels to 2023-04-04 00:00:00+00:00
[2023-04-05 11:27:12,892] {processor.py:171} INFO - Processing /home/airflow/.local/lib/python3.7/site-packages/airflow/example_dags/example_branch_labels.py took 0.075 seconds
[2023-04-05 11:27:43,434] {processor.py:163} INFO - Started process (PID=684) to work on /home/airflow/.local/lib/python3.7/site-packages/airflow/example_dags/example_branch_labels.py
[2023-04-05 11:27:43,436] {processor.py:620} INFO - Processing file /home/airflow/.local/lib/python3.7/site-packages/airflow/example_dags/example_branch_labels.py for tasks to queue
[2023-04-05 11:27:43,436] {logging_mixin.py:109} INFO - [2023-04-05 11:27:43,436] {dagbag.py:500} INFO - Filling up the DagBag from /home/airflow/.local/lib/python3.7/site-packages/airflow/example_dags/example_branch_labels.py
[2023-04-05 11:27:43,460] {processor.py:632} INFO - DAG(s) dict_keys(['example_branch_labels']) retrieved from /home/airflow/.local/lib/python3.7/site-packages/airflow/example_dags/example_branch_labels.py
[2023-04-05 11:27:43,467] {logging_mixin.py:109} INFO - [2023-04-05 11:27:43,467] {dag.py:2389} INFO - Sync 1 DAGs
[2023-04-05 11:27:43,480] {logging_mixin.py:109} INFO - [2023-04-05 11:27:43,479] {dag.py:2921} INFO - Setting next_dagrun for example_branch_labels to 2023-04-04 00:00:00+00:00
[2023-04-05 11:27:43,488] {processor.py:171} INFO - Processing /home/airflow/.local/lib/python3.7/site-packages/airflow/example_dags/example_branch_labels.py took 0.056 seconds
