[2023-04-05 11:16:58,090] {processor.py:163} INFO - Started process (PID=185) to work on /home/airflow/.local/lib/python3.7/site-packages/airflow/example_dags/example_latest_only.py
[2023-04-05 11:16:58,091] {processor.py:620} INFO - Processing file /home/airflow/.local/lib/python3.7/site-packages/airflow/example_dags/example_latest_only.py for tasks to queue
[2023-04-05 11:16:58,092] {logging_mixin.py:109} INFO - [2023-04-05 11:16:58,092] {dagbag.py:500} INFO - Filling up the DagBag from /home/airflow/.local/lib/python3.7/site-packages/airflow/example_dags/example_latest_only.py
[2023-04-05 11:16:58,119] {processor.py:632} INFO - DAG(s) dict_keys(['latest_only']) retrieved from /home/airflow/.local/lib/python3.7/site-packages/airflow/example_dags/example_latest_only.py
[2023-04-05 11:17:00,041] {logging_mixin.py:109} INFO - [2023-04-05 11:17:00,041] {providers_manager.py:156} WARNING - Exception when importing 'airflow.providers.google.leveldb.hooks.leveldb.LevelDBHook' from 'apache-airflow-providers-google' package: No module named 'plyvel'
[2023-04-05 11:17:00,537] {logging_mixin.py:109} INFO - [2023-04-05 11:17:00,536] {providers_manager.py:156} WARNING - Exception when importing 'airflow.providers.google.leveldb.hooks.leveldb.LevelDBHook' from 'apache-airflow-providers-google' package: No module named 'plyvel'
[2023-04-05 11:17:00,563] {logging_mixin.py:109} INFO - [2023-04-05 11:17:00,563] {manager.py:496} INFO - Created Permission View: can read on DAG:latest_only
[2023-04-05 11:17:00,573] {logging_mixin.py:109} INFO - [2023-04-05 11:17:00,573] {manager.py:496} INFO - Created Permission View: can edit on DAG:latest_only
[2023-04-05 11:17:00,574] {logging_mixin.py:109} INFO - [2023-04-05 11:17:00,573] {dag.py:2389} INFO - Sync 1 DAGs
[2023-04-05 11:17:00,581] {logging_mixin.py:109} INFO - [2023-04-05 11:17:00,581] {dag.py:2408} INFO - Creating ORM DAG for latest_only
[2023-04-05 11:17:00,593] {logging_mixin.py:109} INFO - [2023-04-05 11:17:00,592] {dag.py:2921} INFO - Setting next_dagrun for latest_only to 2023-04-05T07:17:00.592715+00:00
[2023-04-05 11:17:00,609] {processor.py:171} INFO - Processing /home/airflow/.local/lib/python3.7/site-packages/airflow/example_dags/example_latest_only.py took 2.523 seconds
[2023-04-05 11:17:31,025] {processor.py:163} INFO - Started process (PID=371) to work on /home/airflow/.local/lib/python3.7/site-packages/airflow/example_dags/example_latest_only.py
[2023-04-05 11:17:31,027] {processor.py:620} INFO - Processing file /home/airflow/.local/lib/python3.7/site-packages/airflow/example_dags/example_latest_only.py for tasks to queue
[2023-04-05 11:17:31,027] {logging_mixin.py:109} INFO - [2023-04-05 11:17:31,027] {dagbag.py:500} INFO - Filling up the DagBag from /home/airflow/.local/lib/python3.7/site-packages/airflow/example_dags/example_latest_only.py
[2023-04-05 11:17:31,051] {processor.py:632} INFO - DAG(s) dict_keys(['latest_only']) retrieved from /home/airflow/.local/lib/python3.7/site-packages/airflow/example_dags/example_latest_only.py
[2023-04-05 11:17:31,060] {logging_mixin.py:109} INFO - [2023-04-05 11:17:31,060] {dag.py:2389} INFO - Sync 1 DAGs
[2023-04-05 11:17:31,072] {logging_mixin.py:109} INFO - [2023-04-05 11:17:31,072] {dag.py:2921} INFO - Setting next_dagrun for latest_only to 2023-04-05T07:17:31.071871+00:00
[2023-04-05 11:17:31,079] {processor.py:171} INFO - Processing /home/airflow/.local/lib/python3.7/site-packages/airflow/example_dags/example_latest_only.py took 0.058 seconds
[2023-04-05 11:18:01,223] {processor.py:163} INFO - Started process (PID=432) to work on /home/airflow/.local/lib/python3.7/site-packages/airflow/example_dags/example_latest_only.py
[2023-04-05 11:18:01,224] {processor.py:620} INFO - Processing file /home/airflow/.local/lib/python3.7/site-packages/airflow/example_dags/example_latest_only.py for tasks to queue
[2023-04-05 11:18:01,225] {logging_mixin.py:109} INFO - [2023-04-05 11:18:01,225] {dagbag.py:500} INFO - Filling up the DagBag from /home/airflow/.local/lib/python3.7/site-packages/airflow/example_dags/example_latest_only.py
[2023-04-05 11:18:01,252] {processor.py:632} INFO - DAG(s) dict_keys(['latest_only']) retrieved from /home/airflow/.local/lib/python3.7/site-packages/airflow/example_dags/example_latest_only.py
[2023-04-05 11:18:01,261] {logging_mixin.py:109} INFO - [2023-04-05 11:18:01,261] {dag.py:2389} INFO - Sync 1 DAGs
[2023-04-05 11:18:01,280] {logging_mixin.py:109} INFO - [2023-04-05 11:18:01,279] {dag.py:2921} INFO - Setting next_dagrun for latest_only to 2023-04-05T07:18:01.279196+00:00
[2023-04-05 11:18:01,292] {processor.py:171} INFO - Processing /home/airflow/.local/lib/python3.7/site-packages/airflow/example_dags/example_latest_only.py took 0.071 seconds
[2023-04-05 11:18:31,353] {processor.py:163} INFO - Started process (PID=483) to work on /home/airflow/.local/lib/python3.7/site-packages/airflow/example_dags/example_latest_only.py
[2023-04-05 11:18:31,354] {processor.py:620} INFO - Processing file /home/airflow/.local/lib/python3.7/site-packages/airflow/example_dags/example_latest_only.py for tasks to queue
[2023-04-05 11:18:31,354] {logging_mixin.py:109} INFO - [2023-04-05 11:18:31,354] {dagbag.py:500} INFO - Filling up the DagBag from /home/airflow/.local/lib/python3.7/site-packages/airflow/example_dags/example_latest_only.py
[2023-04-05 11:18:31,374] {processor.py:632} INFO - DAG(s) dict_keys(['latest_only']) retrieved from /home/airflow/.local/lib/python3.7/site-packages/airflow/example_dags/example_latest_only.py
[2023-04-05 11:18:31,382] {logging_mixin.py:109} INFO - [2023-04-05 11:18:31,382] {dag.py:2389} INFO - Sync 1 DAGs
[2023-04-05 11:18:31,395] {logging_mixin.py:109} INFO - [2023-04-05 11:18:31,395] {dag.py:2921} INFO - Setting next_dagrun for latest_only to 2023-04-05T07:18:31.395566+00:00
[2023-04-05 11:18:31,405] {processor.py:171} INFO - Processing /home/airflow/.local/lib/python3.7/site-packages/airflow/example_dags/example_latest_only.py took 0.055 seconds
[2023-04-05 11:19:01,633] {processor.py:163} INFO - Started process (PID=534) to work on /home/airflow/.local/lib/python3.7/site-packages/airflow/example_dags/example_latest_only.py
[2023-04-05 11:19:01,634] {processor.py:620} INFO - Processing file /home/airflow/.local/lib/python3.7/site-packages/airflow/example_dags/example_latest_only.py for tasks to queue
[2023-04-05 11:19:01,635] {logging_mixin.py:109} INFO - [2023-04-05 11:19:01,635] {dagbag.py:500} INFO - Filling up the DagBag from /home/airflow/.local/lib/python3.7/site-packages/airflow/example_dags/example_latest_only.py
[2023-04-05 11:19:01,659] {processor.py:632} INFO - DAG(s) dict_keys(['latest_only']) retrieved from /home/airflow/.local/lib/python3.7/site-packages/airflow/example_dags/example_latest_only.py
[2023-04-05 11:19:01,667] {logging_mixin.py:109} INFO - [2023-04-05 11:19:01,667] {dag.py:2389} INFO - Sync 1 DAGs
[2023-04-05 11:19:01,686] {logging_mixin.py:109} INFO - [2023-04-05 11:19:01,685] {dag.py:2921} INFO - Setting next_dagrun for latest_only to 2023-04-05T07:19:01.685608+00:00
[2023-04-05 11:19:01,695] {processor.py:171} INFO - Processing /home/airflow/.local/lib/python3.7/site-packages/airflow/example_dags/example_latest_only.py took 0.064 seconds
[2023-04-05 11:19:32,466] {processor.py:163} INFO - Started process (PID=594) to work on /home/airflow/.local/lib/python3.7/site-packages/airflow/example_dags/example_latest_only.py
[2023-04-05 11:19:32,467] {processor.py:620} INFO - Processing file /home/airflow/.local/lib/python3.7/site-packages/airflow/example_dags/example_latest_only.py for tasks to queue
[2023-04-05 11:19:32,468] {logging_mixin.py:109} INFO - [2023-04-05 11:19:32,468] {dagbag.py:500} INFO - Filling up the DagBag from /home/airflow/.local/lib/python3.7/site-packages/airflow/example_dags/example_latest_only.py
[2023-04-05 11:19:32,497] {processor.py:632} INFO - DAG(s) dict_keys(['latest_only']) retrieved from /home/airflow/.local/lib/python3.7/site-packages/airflow/example_dags/example_latest_only.py
[2023-04-05 11:19:32,510] {logging_mixin.py:109} INFO - [2023-04-05 11:19:32,510] {dag.py:2389} INFO - Sync 1 DAGs
[2023-04-05 11:19:32,530] {logging_mixin.py:109} INFO - [2023-04-05 11:19:32,530] {dag.py:2921} INFO - Setting next_dagrun for latest_only to 2023-04-05T07:19:32.529716+00:00
[2023-04-05 11:19:32,540] {processor.py:171} INFO - Processing /home/airflow/.local/lib/python3.7/site-packages/airflow/example_dags/example_latest_only.py took 0.079 seconds
[2023-04-05 11:20:02,597] {processor.py:163} INFO - Started process (PID=644) to work on /home/airflow/.local/lib/python3.7/site-packages/airflow/example_dags/example_latest_only.py
[2023-04-05 11:20:02,597] {processor.py:620} INFO - Processing file /home/airflow/.local/lib/python3.7/site-packages/airflow/example_dags/example_latest_only.py for tasks to queue
[2023-04-05 11:20:02,598] {logging_mixin.py:109} INFO - [2023-04-05 11:20:02,598] {dagbag.py:500} INFO - Filling up the DagBag from /home/airflow/.local/lib/python3.7/site-packages/airflow/example_dags/example_latest_only.py
[2023-04-05 11:20:02,616] {processor.py:632} INFO - DAG(s) dict_keys(['latest_only']) retrieved from /home/airflow/.local/lib/python3.7/site-packages/airflow/example_dags/example_latest_only.py
[2023-04-05 11:20:02,623] {logging_mixin.py:109} INFO - [2023-04-05 11:20:02,623] {dag.py:2389} INFO - Sync 1 DAGs
[2023-04-05 11:20:02,633] {logging_mixin.py:109} INFO - [2023-04-05 11:20:02,632] {dag.py:2921} INFO - Setting next_dagrun for latest_only to 2023-04-05T07:20:02.632778+00:00
[2023-04-05 11:20:02,640] {processor.py:171} INFO - Processing /home/airflow/.local/lib/python3.7/site-packages/airflow/example_dags/example_latest_only.py took 0.046 seconds
[2023-04-05 11:20:32,871] {processor.py:163} INFO - Started process (PID=695) to work on /home/airflow/.local/lib/python3.7/site-packages/airflow/example_dags/example_latest_only.py
[2023-04-05 11:20:32,873] {processor.py:620} INFO - Processing file /home/airflow/.local/lib/python3.7/site-packages/airflow/example_dags/example_latest_only.py for tasks to queue
[2023-04-05 11:20:32,873] {logging_mixin.py:109} INFO - [2023-04-05 11:20:32,873] {dagbag.py:500} INFO - Filling up the DagBag from /home/airflow/.local/lib/python3.7/site-packages/airflow/example_dags/example_latest_only.py
[2023-04-05 11:20:32,895] {processor.py:632} INFO - DAG(s) dict_keys(['latest_only']) retrieved from /home/airflow/.local/lib/python3.7/site-packages/airflow/example_dags/example_latest_only.py
[2023-04-05 11:20:32,904] {logging_mixin.py:109} INFO - [2023-04-05 11:20:32,904] {dag.py:2389} INFO - Sync 1 DAGs
[2023-04-05 11:20:32,919] {logging_mixin.py:109} INFO - [2023-04-05 11:20:32,919] {dag.py:2921} INFO - Setting next_dagrun for latest_only to 2023-04-05T07:20:32.919524+00:00
[2023-04-05 11:20:32,929] {processor.py:171} INFO - Processing /home/airflow/.local/lib/python3.7/site-packages/airflow/example_dags/example_latest_only.py took 0.061 seconds
[2023-04-05 11:24:12,540] {processor.py:163} INFO - Started process (PID=185) to work on /home/airflow/.local/lib/python3.7/site-packages/airflow/example_dags/example_latest_only.py
[2023-04-05 11:24:12,542] {processor.py:620} INFO - Processing file /home/airflow/.local/lib/python3.7/site-packages/airflow/example_dags/example_latest_only.py for tasks to queue
[2023-04-05 11:24:12,542] {logging_mixin.py:109} INFO - [2023-04-05 11:24:12,542] {dagbag.py:500} INFO - Filling up the DagBag from /home/airflow/.local/lib/python3.7/site-packages/airflow/example_dags/example_latest_only.py
[2023-04-05 11:24:12,570] {processor.py:632} INFO - DAG(s) dict_keys(['latest_only']) retrieved from /home/airflow/.local/lib/python3.7/site-packages/airflow/example_dags/example_latest_only.py
[2023-04-05 11:24:14,520] {logging_mixin.py:109} INFO - [2023-04-05 11:24:14,520] {providers_manager.py:156} WARNING - Exception when importing 'airflow.providers.google.leveldb.hooks.leveldb.LevelDBHook' from 'apache-airflow-providers-google' package: No module named 'plyvel'
[2023-04-05 11:24:15,190] {logging_mixin.py:109} INFO - [2023-04-05 11:24:15,190] {providers_manager.py:156} WARNING - Exception when importing 'airflow.providers.google.leveldb.hooks.leveldb.LevelDBHook' from 'apache-airflow-providers-google' package: No module named 'plyvel'
[2023-04-05 11:24:15,226] {logging_mixin.py:109} INFO - [2023-04-05 11:24:15,226] {manager.py:496} INFO - Created Permission View: can edit on DAG:latest_only
[2023-04-05 11:24:15,245] {logging_mixin.py:109} INFO - [2023-04-05 11:24:15,245] {manager.py:496} INFO - Created Permission View: can read on DAG:latest_only
[2023-04-05 11:24:15,245] {logging_mixin.py:109} INFO - [2023-04-05 11:24:15,245] {dag.py:2389} INFO - Sync 1 DAGs
[2023-04-05 11:24:15,261] {logging_mixin.py:109} INFO - [2023-04-05 11:24:15,260] {dag.py:2408} INFO - Creating ORM DAG for latest_only
[2023-04-05 11:24:15,282] {logging_mixin.py:109} INFO - [2023-04-05 11:24:15,282] {dag.py:2921} INFO - Setting next_dagrun for latest_only to 2023-04-05T07:24:15.281971+00:00
[2023-04-05 11:24:15,303] {processor.py:171} INFO - Processing /home/airflow/.local/lib/python3.7/site-packages/airflow/example_dags/example_latest_only.py took 2.767 seconds
[2023-04-05 11:24:45,907] {processor.py:163} INFO - Started process (PID=372) to work on /home/airflow/.local/lib/python3.7/site-packages/airflow/example_dags/example_latest_only.py
[2023-04-05 11:24:45,908] {processor.py:620} INFO - Processing file /home/airflow/.local/lib/python3.7/site-packages/airflow/example_dags/example_latest_only.py for tasks to queue
[2023-04-05 11:24:45,908] {logging_mixin.py:109} INFO - [2023-04-05 11:24:45,908] {dagbag.py:500} INFO - Filling up the DagBag from /home/airflow/.local/lib/python3.7/site-packages/airflow/example_dags/example_latest_only.py
[2023-04-05 11:24:45,934] {processor.py:632} INFO - DAG(s) dict_keys(['latest_only']) retrieved from /home/airflow/.local/lib/python3.7/site-packages/airflow/example_dags/example_latest_only.py
[2023-04-05 11:24:45,942] {logging_mixin.py:109} INFO - [2023-04-05 11:24:45,942] {dag.py:2389} INFO - Sync 1 DAGs
[2023-04-05 11:24:45,958] {logging_mixin.py:109} INFO - [2023-04-05 11:24:45,958] {dag.py:2921} INFO - Setting next_dagrun for latest_only to 2023-04-05T07:24:45.958338+00:00
[2023-04-05 11:24:45,973] {processor.py:171} INFO - Processing /home/airflow/.local/lib/python3.7/site-packages/airflow/example_dags/example_latest_only.py took 0.068 seconds
[2023-04-05 11:25:16,560] {processor.py:163} INFO - Started process (PID=423) to work on /home/airflow/.local/lib/python3.7/site-packages/airflow/example_dags/example_latest_only.py
[2023-04-05 11:25:16,561] {processor.py:620} INFO - Processing file /home/airflow/.local/lib/python3.7/site-packages/airflow/example_dags/example_latest_only.py for tasks to queue
[2023-04-05 11:25:16,562] {logging_mixin.py:109} INFO - [2023-04-05 11:25:16,562] {dagbag.py:500} INFO - Filling up the DagBag from /home/airflow/.local/lib/python3.7/site-packages/airflow/example_dags/example_latest_only.py
[2023-04-05 11:25:16,594] {processor.py:632} INFO - DAG(s) dict_keys(['latest_only']) retrieved from /home/airflow/.local/lib/python3.7/site-packages/airflow/example_dags/example_latest_only.py
[2023-04-05 11:25:16,604] {logging_mixin.py:109} INFO - [2023-04-05 11:25:16,604] {dag.py:2389} INFO - Sync 1 DAGs
[2023-04-05 11:25:16,622] {logging_mixin.py:109} INFO - [2023-04-05 11:25:16,622] {dag.py:2921} INFO - Setting next_dagrun for latest_only to 2023-04-05T07:25:16.621966+00:00
[2023-04-05 11:25:16,632] {processor.py:171} INFO - Processing /home/airflow/.local/lib/python3.7/site-packages/airflow/example_dags/example_latest_only.py took 0.075 seconds
[2023-04-05 11:25:47,248] {processor.py:163} INFO - Started process (PID=483) to work on /home/airflow/.local/lib/python3.7/site-packages/airflow/example_dags/example_latest_only.py
[2023-04-05 11:25:47,249] {processor.py:620} INFO - Processing file /home/airflow/.local/lib/python3.7/site-packages/airflow/example_dags/example_latest_only.py for tasks to queue
[2023-04-05 11:25:47,250] {logging_mixin.py:109} INFO - [2023-04-05 11:25:47,250] {dagbag.py:500} INFO - Filling up the DagBag from /home/airflow/.local/lib/python3.7/site-packages/airflow/example_dags/example_latest_only.py
[2023-04-05 11:25:47,276] {processor.py:632} INFO - DAG(s) dict_keys(['latest_only']) retrieved from /home/airflow/.local/lib/python3.7/site-packages/airflow/example_dags/example_latest_only.py
[2023-04-05 11:25:47,285] {logging_mixin.py:109} INFO - [2023-04-05 11:25:47,285] {dag.py:2389} INFO - Sync 1 DAGs
[2023-04-05 11:25:47,301] {logging_mixin.py:109} INFO - [2023-04-05 11:25:47,300] {dag.py:2921} INFO - Setting next_dagrun for latest_only to 2023-04-05T07:25:47.300571+00:00
[2023-04-05 11:25:47,310] {processor.py:171} INFO - Processing /home/airflow/.local/lib/python3.7/site-packages/airflow/example_dags/example_latest_only.py took 0.065 seconds
[2023-04-05 11:26:17,742] {processor.py:163} INFO - Started process (PID=534) to work on /home/airflow/.local/lib/python3.7/site-packages/airflow/example_dags/example_latest_only.py
[2023-04-05 11:26:17,747] {processor.py:620} INFO - Processing file /home/airflow/.local/lib/python3.7/site-packages/airflow/example_dags/example_latest_only.py for tasks to queue
[2023-04-05 11:26:17,748] {logging_mixin.py:109} INFO - [2023-04-05 11:26:17,748] {dagbag.py:500} INFO - Filling up the DagBag from /home/airflow/.local/lib/python3.7/site-packages/airflow/example_dags/example_latest_only.py
[2023-04-05 11:26:17,766] {processor.py:632} INFO - DAG(s) dict_keys(['latest_only']) retrieved from /home/airflow/.local/lib/python3.7/site-packages/airflow/example_dags/example_latest_only.py
[2023-04-05 11:26:17,773] {logging_mixin.py:109} INFO - [2023-04-05 11:26:17,773] {dag.py:2389} INFO - Sync 1 DAGs
[2023-04-05 11:26:17,786] {logging_mixin.py:109} INFO - [2023-04-05 11:26:17,786] {dag.py:2921} INFO - Setting next_dagrun for latest_only to 2023-04-05T07:26:17.785931+00:00
[2023-04-05 11:26:17,795] {processor.py:171} INFO - Processing /home/airflow/.local/lib/python3.7/site-packages/airflow/example_dags/example_latest_only.py took 0.055 seconds
[2023-04-05 11:26:48,155] {processor.py:163} INFO - Started process (PID=594) to work on /home/airflow/.local/lib/python3.7/site-packages/airflow/example_dags/example_latest_only.py
[2023-04-05 11:26:48,156] {processor.py:620} INFO - Processing file /home/airflow/.local/lib/python3.7/site-packages/airflow/example_dags/example_latest_only.py for tasks to queue
[2023-04-05 11:26:48,157] {logging_mixin.py:109} INFO - [2023-04-05 11:26:48,156] {dagbag.py:500} INFO - Filling up the DagBag from /home/airflow/.local/lib/python3.7/site-packages/airflow/example_dags/example_latest_only.py
[2023-04-05 11:26:48,180] {processor.py:632} INFO - DAG(s) dict_keys(['latest_only']) retrieved from /home/airflow/.local/lib/python3.7/site-packages/airflow/example_dags/example_latest_only.py
[2023-04-05 11:26:48,189] {logging_mixin.py:109} INFO - [2023-04-05 11:26:48,189] {dag.py:2389} INFO - Sync 1 DAGs
[2023-04-05 11:26:48,205] {logging_mixin.py:109} INFO - [2023-04-05 11:26:48,205] {dag.py:2921} INFO - Setting next_dagrun for latest_only to 2023-04-05T07:26:48.204866+00:00
[2023-04-05 11:26:48,215] {processor.py:171} INFO - Processing /home/airflow/.local/lib/python3.7/site-packages/airflow/example_dags/example_latest_only.py took 0.063 seconds
[2023-04-05 11:27:18,588] {processor.py:163} INFO - Started process (PID=645) to work on /home/airflow/.local/lib/python3.7/site-packages/airflow/example_dags/example_latest_only.py
[2023-04-05 11:27:18,589] {processor.py:620} INFO - Processing file /home/airflow/.local/lib/python3.7/site-packages/airflow/example_dags/example_latest_only.py for tasks to queue
[2023-04-05 11:27:18,589] {logging_mixin.py:109} INFO - [2023-04-05 11:27:18,589] {dagbag.py:500} INFO - Filling up the DagBag from /home/airflow/.local/lib/python3.7/site-packages/airflow/example_dags/example_latest_only.py
[2023-04-05 11:27:18,607] {processor.py:632} INFO - DAG(s) dict_keys(['latest_only']) retrieved from /home/airflow/.local/lib/python3.7/site-packages/airflow/example_dags/example_latest_only.py
[2023-04-05 11:27:18,615] {logging_mixin.py:109} INFO - [2023-04-05 11:27:18,615] {dag.py:2389} INFO - Sync 1 DAGs
[2023-04-05 11:27:18,631] {logging_mixin.py:109} INFO - [2023-04-05 11:27:18,631] {dag.py:2921} INFO - Setting next_dagrun for latest_only to 2023-04-05T07:27:18.631433+00:00
[2023-04-05 11:27:18,640] {processor.py:171} INFO - Processing /home/airflow/.local/lib/python3.7/site-packages/airflow/example_dags/example_latest_only.py took 0.054 seconds
[2023-04-05 11:27:49,026] {processor.py:163} INFO - Started process (PID=696) to work on /home/airflow/.local/lib/python3.7/site-packages/airflow/example_dags/example_latest_only.py
[2023-04-05 11:27:49,031] {processor.py:620} INFO - Processing file /home/airflow/.local/lib/python3.7/site-packages/airflow/example_dags/example_latest_only.py for tasks to queue
[2023-04-05 11:27:49,031] {logging_mixin.py:109} INFO - [2023-04-05 11:27:49,031] {dagbag.py:500} INFO - Filling up the DagBag from /home/airflow/.local/lib/python3.7/site-packages/airflow/example_dags/example_latest_only.py
[2023-04-05 11:27:49,059] {processor.py:632} INFO - DAG(s) dict_keys(['latest_only']) retrieved from /home/airflow/.local/lib/python3.7/site-packages/airflow/example_dags/example_latest_only.py
[2023-04-05 11:27:49,068] {logging_mixin.py:109} INFO - [2023-04-05 11:27:49,068] {dag.py:2389} INFO - Sync 1 DAGs
[2023-04-05 11:27:49,084] {logging_mixin.py:109} INFO - [2023-04-05 11:27:49,084] {dag.py:2921} INFO - Setting next_dagrun for latest_only to 2023-04-05T07:27:49.084245+00:00
[2023-04-05 11:27:49,095] {processor.py:171} INFO - Processing /home/airflow/.local/lib/python3.7/site-packages/airflow/example_dags/example_latest_only.py took 0.071 seconds
