[2023-04-05 11:17:20,789] {processor.py:163} INFO - Started process (PID=345) to work on /home/airflow/.local/lib/python3.7/site-packages/airflow/example_dags/example_xcomargs.py
[2023-04-05 11:17:20,790] {processor.py:620} INFO - Processing file /home/airflow/.local/lib/python3.7/site-packages/airflow/example_dags/example_xcomargs.py for tasks to queue
[2023-04-05 11:17:20,791] {logging_mixin.py:109} INFO - [2023-04-05 11:17:20,791] {dagbag.py:500} INFO - Filling up the DagBag from /home/airflow/.local/lib/python3.7/site-packages/airflow/example_dags/example_xcomargs.py
[2023-04-05 11:17:20,835] {processor.py:632} INFO - DAG(s) dict_keys(['example_xcom_args', 'example_xcom_args_with_operators']) retrieved from /home/airflow/.local/lib/python3.7/site-packages/airflow/example_dags/example_xcomargs.py
[2023-04-05 11:17:23,287] {logging_mixin.py:109} INFO - [2023-04-05 11:17:23,286] {providers_manager.py:156} WARNING - Exception when importing 'airflow.providers.google.leveldb.hooks.leveldb.LevelDBHook' from 'apache-airflow-providers-google' package: No module named 'plyvel'
[2023-04-05 11:17:23,738] {logging_mixin.py:109} INFO - [2023-04-05 11:17:23,738] {providers_manager.py:156} WARNING - Exception when importing 'airflow.providers.google.leveldb.hooks.leveldb.LevelDBHook' from 'apache-airflow-providers-google' package: No module named 'plyvel'
[2023-04-05 11:17:23,759] {logging_mixin.py:109} INFO - [2023-04-05 11:17:23,759] {manager.py:496} INFO - Created Permission View: can read on DAG:example_xcom_args
[2023-04-05 11:17:23,770] {logging_mixin.py:109} INFO - [2023-04-05 11:17:23,770] {manager.py:496} INFO - Created Permission View: can edit on DAG:example_xcom_args
[2023-04-05 11:17:23,796] {logging_mixin.py:109} INFO - [2023-04-05 11:17:23,796] {manager.py:496} INFO - Created Permission View: can read on DAG:example_xcom_args_with_operators
[2023-04-05 11:17:23,806] {logging_mixin.py:109} INFO - [2023-04-05 11:17:23,806] {manager.py:496} INFO - Created Permission View: can edit on DAG:example_xcom_args_with_operators
[2023-04-05 11:17:23,806] {logging_mixin.py:109} INFO - [2023-04-05 11:17:23,806] {dag.py:2389} INFO - Sync 2 DAGs
[2023-04-05 11:17:23,813] {logging_mixin.py:109} INFO - [2023-04-05 11:17:23,812] {dag.py:2408} INFO - Creating ORM DAG for example_xcom_args
[2023-04-05 11:17:23,813] {logging_mixin.py:109} INFO - [2023-04-05 11:17:23,813] {dag.py:2408} INFO - Creating ORM DAG for example_xcom_args_with_operators
[2023-04-05 11:17:23,820] {logging_mixin.py:109} INFO - [2023-04-05 11:17:23,820] {dag.py:2921} INFO - Setting next_dagrun for example_xcom_args to None
[2023-04-05 11:17:23,821] {logging_mixin.py:109} INFO - [2023-04-05 11:17:23,821] {dag.py:2921} INFO - Setting next_dagrun for example_xcom_args_with_operators to None
[2023-04-05 11:17:23,833] {processor.py:171} INFO - Processing /home/airflow/.local/lib/python3.7/site-packages/airflow/example_dags/example_xcomargs.py took 3.048 seconds
[2023-04-05 11:17:54,505] {processor.py:163} INFO - Started process (PID=417) to work on /home/airflow/.local/lib/python3.7/site-packages/airflow/example_dags/example_xcomargs.py
[2023-04-05 11:17:54,506] {processor.py:620} INFO - Processing file /home/airflow/.local/lib/python3.7/site-packages/airflow/example_dags/example_xcomargs.py for tasks to queue
[2023-04-05 11:17:54,507] {logging_mixin.py:109} INFO - [2023-04-05 11:17:54,507] {dagbag.py:500} INFO - Filling up the DagBag from /home/airflow/.local/lib/python3.7/site-packages/airflow/example_dags/example_xcomargs.py
[2023-04-05 11:17:54,552] {processor.py:632} INFO - DAG(s) dict_keys(['example_xcom_args', 'example_xcom_args_with_operators']) retrieved from /home/airflow/.local/lib/python3.7/site-packages/airflow/example_dags/example_xcomargs.py
[2023-04-05 11:17:55,008] {logging_mixin.py:109} INFO - [2023-04-05 11:17:55,008] {dag.py:2389} INFO - Sync 2 DAGs
[2023-04-05 11:17:55,035] {logging_mixin.py:109} INFO - [2023-04-05 11:17:55,035] {dag.py:2921} INFO - Setting next_dagrun for example_xcom_args to None
[2023-04-05 11:17:55,036] {logging_mixin.py:109} INFO - [2023-04-05 11:17:55,036] {dag.py:2921} INFO - Setting next_dagrun for example_xcom_args_with_operators to None
[2023-04-05 11:17:55,056] {processor.py:171} INFO - Processing /home/airflow/.local/lib/python3.7/site-packages/airflow/example_dags/example_xcomargs.py took 0.554 seconds
[2023-04-05 11:18:25,681] {processor.py:163} INFO - Started process (PID=477) to work on /home/airflow/.local/lib/python3.7/site-packages/airflow/example_dags/example_xcomargs.py
[2023-04-05 11:18:25,683] {processor.py:620} INFO - Processing file /home/airflow/.local/lib/python3.7/site-packages/airflow/example_dags/example_xcomargs.py for tasks to queue
[2023-04-05 11:18:25,683] {logging_mixin.py:109} INFO - [2023-04-05 11:18:25,683] {dagbag.py:500} INFO - Filling up the DagBag from /home/airflow/.local/lib/python3.7/site-packages/airflow/example_dags/example_xcomargs.py
[2023-04-05 11:18:25,729] {processor.py:632} INFO - DAG(s) dict_keys(['example_xcom_args', 'example_xcom_args_with_operators']) retrieved from /home/airflow/.local/lib/python3.7/site-packages/airflow/example_dags/example_xcomargs.py
[2023-04-05 11:18:26,076] {logging_mixin.py:109} INFO - [2023-04-05 11:18:26,076] {dag.py:2389} INFO - Sync 2 DAGs
[2023-04-05 11:18:26,091] {logging_mixin.py:109} INFO - [2023-04-05 11:18:26,091] {dag.py:2921} INFO - Setting next_dagrun for example_xcom_args to None
[2023-04-05 11:18:26,092] {logging_mixin.py:109} INFO - [2023-04-05 11:18:26,092] {dag.py:2921} INFO - Setting next_dagrun for example_xcom_args_with_operators to None
[2023-04-05 11:18:26,103] {processor.py:171} INFO - Processing /home/airflow/.local/lib/python3.7/site-packages/airflow/example_dags/example_xcomargs.py took 0.425 seconds
[2023-04-05 11:18:56,217] {processor.py:163} INFO - Started process (PID=528) to work on /home/airflow/.local/lib/python3.7/site-packages/airflow/example_dags/example_xcomargs.py
[2023-04-05 11:18:56,219] {processor.py:620} INFO - Processing file /home/airflow/.local/lib/python3.7/site-packages/airflow/example_dags/example_xcomargs.py for tasks to queue
[2023-04-05 11:18:56,220] {logging_mixin.py:109} INFO - [2023-04-05 11:18:56,220] {dagbag.py:500} INFO - Filling up the DagBag from /home/airflow/.local/lib/python3.7/site-packages/airflow/example_dags/example_xcomargs.py
[2023-04-05 11:18:56,248] {processor.py:632} INFO - DAG(s) dict_keys(['example_xcom_args', 'example_xcom_args_with_operators']) retrieved from /home/airflow/.local/lib/python3.7/site-packages/airflow/example_dags/example_xcomargs.py
[2023-04-05 11:18:56,449] {logging_mixin.py:109} INFO - [2023-04-05 11:18:56,449] {dag.py:2389} INFO - Sync 2 DAGs
[2023-04-05 11:18:56,458] {logging_mixin.py:109} INFO - [2023-04-05 11:18:56,458] {dag.py:2921} INFO - Setting next_dagrun for example_xcom_args to None
[2023-04-05 11:18:56,458] {logging_mixin.py:109} INFO - [2023-04-05 11:18:56,458] {dag.py:2921} INFO - Setting next_dagrun for example_xcom_args_with_operators to None
[2023-04-05 11:18:56,467] {processor.py:171} INFO - Processing /home/airflow/.local/lib/python3.7/site-packages/airflow/example_dags/example_xcomargs.py took 0.253 seconds
[2023-04-05 11:19:26,979] {processor.py:163} INFO - Started process (PID=579) to work on /home/airflow/.local/lib/python3.7/site-packages/airflow/example_dags/example_xcomargs.py
[2023-04-05 11:19:26,980] {processor.py:620} INFO - Processing file /home/airflow/.local/lib/python3.7/site-packages/airflow/example_dags/example_xcomargs.py for tasks to queue
[2023-04-05 11:19:26,980] {logging_mixin.py:109} INFO - [2023-04-05 11:19:26,980] {dagbag.py:500} INFO - Filling up the DagBag from /home/airflow/.local/lib/python3.7/site-packages/airflow/example_dags/example_xcomargs.py
[2023-04-05 11:19:27,007] {processor.py:632} INFO - DAG(s) dict_keys(['example_xcom_args', 'example_xcom_args_with_operators']) retrieved from /home/airflow/.local/lib/python3.7/site-packages/airflow/example_dags/example_xcomargs.py
[2023-04-05 11:19:27,261] {logging_mixin.py:109} INFO - [2023-04-05 11:19:27,261] {dag.py:2389} INFO - Sync 2 DAGs
[2023-04-05 11:19:27,272] {logging_mixin.py:109} INFO - [2023-04-05 11:19:27,272] {dag.py:2921} INFO - Setting next_dagrun for example_xcom_args to None
[2023-04-05 11:19:27,272] {logging_mixin.py:109} INFO - [2023-04-05 11:19:27,272] {dag.py:2921} INFO - Setting next_dagrun for example_xcom_args_with_operators to None
[2023-04-05 11:19:27,282] {processor.py:171} INFO - Processing /home/airflow/.local/lib/python3.7/site-packages/airflow/example_dags/example_xcomargs.py took 0.305 seconds
[2023-04-05 11:19:57,502] {processor.py:163} INFO - Started process (PID=641) to work on /home/airflow/.local/lib/python3.7/site-packages/airflow/example_dags/example_xcomargs.py
[2023-04-05 11:19:57,503] {processor.py:620} INFO - Processing file /home/airflow/.local/lib/python3.7/site-packages/airflow/example_dags/example_xcomargs.py for tasks to queue
[2023-04-05 11:19:57,504] {logging_mixin.py:109} INFO - [2023-04-05 11:19:57,504] {dagbag.py:500} INFO - Filling up the DagBag from /home/airflow/.local/lib/python3.7/site-packages/airflow/example_dags/example_xcomargs.py
[2023-04-05 11:19:57,537] {processor.py:632} INFO - DAG(s) dict_keys(['example_xcom_args', 'example_xcom_args_with_operators']) retrieved from /home/airflow/.local/lib/python3.7/site-packages/airflow/example_dags/example_xcomargs.py
[2023-04-05 11:19:57,825] {logging_mixin.py:109} INFO - [2023-04-05 11:19:57,825] {dag.py:2389} INFO - Sync 2 DAGs
[2023-04-05 11:19:57,836] {logging_mixin.py:109} INFO - [2023-04-05 11:19:57,836] {dag.py:2921} INFO - Setting next_dagrun for example_xcom_args to None
[2023-04-05 11:19:57,836] {logging_mixin.py:109} INFO - [2023-04-05 11:19:57,836] {dag.py:2921} INFO - Setting next_dagrun for example_xcom_args_with_operators to None
[2023-04-05 11:19:57,846] {processor.py:171} INFO - Processing /home/airflow/.local/lib/python3.7/site-packages/airflow/example_dags/example_xcomargs.py took 0.347 seconds
[2023-04-05 11:20:28,565] {processor.py:163} INFO - Started process (PID=692) to work on /home/airflow/.local/lib/python3.7/site-packages/airflow/example_dags/example_xcomargs.py
[2023-04-05 11:20:28,565] {processor.py:620} INFO - Processing file /home/airflow/.local/lib/python3.7/site-packages/airflow/example_dags/example_xcomargs.py for tasks to queue
[2023-04-05 11:20:28,566] {logging_mixin.py:109} INFO - [2023-04-05 11:20:28,566] {dagbag.py:500} INFO - Filling up the DagBag from /home/airflow/.local/lib/python3.7/site-packages/airflow/example_dags/example_xcomargs.py
[2023-04-05 11:20:28,592] {processor.py:632} INFO - DAG(s) dict_keys(['example_xcom_args', 'example_xcom_args_with_operators']) retrieved from /home/airflow/.local/lib/python3.7/site-packages/airflow/example_dags/example_xcomargs.py
[2023-04-05 11:20:28,819] {logging_mixin.py:109} INFO - [2023-04-05 11:20:28,819] {dag.py:2389} INFO - Sync 2 DAGs
[2023-04-05 11:20:28,830] {logging_mixin.py:109} INFO - [2023-04-05 11:20:28,830] {dag.py:2921} INFO - Setting next_dagrun for example_xcom_args to None
[2023-04-05 11:20:28,830] {logging_mixin.py:109} INFO - [2023-04-05 11:20:28,830] {dag.py:2921} INFO - Setting next_dagrun for example_xcom_args_with_operators to None
[2023-04-05 11:20:28,840] {processor.py:171} INFO - Processing /home/airflow/.local/lib/python3.7/site-packages/airflow/example_dags/example_xcomargs.py took 0.278 seconds
[2023-04-05 11:24:38,274] {processor.py:163} INFO - Started process (PID=346) to work on /home/airflow/.local/lib/python3.7/site-packages/airflow/example_dags/example_xcomargs.py
[2023-04-05 11:24:38,276] {processor.py:620} INFO - Processing file /home/airflow/.local/lib/python3.7/site-packages/airflow/example_dags/example_xcomargs.py for tasks to queue
[2023-04-05 11:24:38,277] {logging_mixin.py:109} INFO - [2023-04-05 11:24:38,277] {dagbag.py:500} INFO - Filling up the DagBag from /home/airflow/.local/lib/python3.7/site-packages/airflow/example_dags/example_xcomargs.py
[2023-04-05 11:24:38,329] {processor.py:632} INFO - DAG(s) dict_keys(['example_xcom_args', 'example_xcom_args_with_operators']) retrieved from /home/airflow/.local/lib/python3.7/site-packages/airflow/example_dags/example_xcomargs.py
[2023-04-05 11:24:41,211] {logging_mixin.py:109} INFO - [2023-04-05 11:24:41,211] {providers_manager.py:156} WARNING - Exception when importing 'airflow.providers.google.leveldb.hooks.leveldb.LevelDBHook' from 'apache-airflow-providers-google' package: No module named 'plyvel'
[2023-04-05 11:24:41,682] {logging_mixin.py:109} INFO - [2023-04-05 11:24:41,682] {providers_manager.py:156} WARNING - Exception when importing 'airflow.providers.google.leveldb.hooks.leveldb.LevelDBHook' from 'apache-airflow-providers-google' package: No module named 'plyvel'
[2023-04-05 11:24:41,705] {logging_mixin.py:109} INFO - [2023-04-05 11:24:41,705] {manager.py:496} INFO - Created Permission View: can edit on DAG:example_xcom_args
[2023-04-05 11:24:41,713] {logging_mixin.py:109} INFO - [2023-04-05 11:24:41,713] {manager.py:496} INFO - Created Permission View: can read on DAG:example_xcom_args
[2023-04-05 11:24:41,733] {logging_mixin.py:109} INFO - [2023-04-05 11:24:41,733] {manager.py:496} INFO - Created Permission View: can edit on DAG:example_xcom_args_with_operators
[2023-04-05 11:24:41,743] {logging_mixin.py:109} INFO - [2023-04-05 11:24:41,743] {manager.py:496} INFO - Created Permission View: can read on DAG:example_xcom_args_with_operators
[2023-04-05 11:24:41,743] {logging_mixin.py:109} INFO - [2023-04-05 11:24:41,743] {dag.py:2389} INFO - Sync 2 DAGs
[2023-04-05 11:24:41,750] {logging_mixin.py:109} INFO - [2023-04-05 11:24:41,750] {dag.py:2408} INFO - Creating ORM DAG for example_xcom_args
[2023-04-05 11:24:41,751] {logging_mixin.py:109} INFO - [2023-04-05 11:24:41,751] {dag.py:2408} INFO - Creating ORM DAG for example_xcom_args_with_operators
[2023-04-05 11:24:41,758] {logging_mixin.py:109} INFO - [2023-04-05 11:24:41,758] {dag.py:2921} INFO - Setting next_dagrun for example_xcom_args to None
[2023-04-05 11:24:41,758] {logging_mixin.py:109} INFO - [2023-04-05 11:24:41,758] {dag.py:2921} INFO - Setting next_dagrun for example_xcom_args_with_operators to None
[2023-04-05 11:24:41,771] {processor.py:171} INFO - Processing /home/airflow/.local/lib/python3.7/site-packages/airflow/example_dags/example_xcomargs.py took 3.501 seconds
[2023-04-05 11:25:12,424] {processor.py:163} INFO - Started process (PID=419) to work on /home/airflow/.local/lib/python3.7/site-packages/airflow/example_dags/example_xcomargs.py
[2023-04-05 11:25:12,425] {processor.py:620} INFO - Processing file /home/airflow/.local/lib/python3.7/site-packages/airflow/example_dags/example_xcomargs.py for tasks to queue
[2023-04-05 11:25:12,425] {logging_mixin.py:109} INFO - [2023-04-05 11:25:12,425] {dagbag.py:500} INFO - Filling up the DagBag from /home/airflow/.local/lib/python3.7/site-packages/airflow/example_dags/example_xcomargs.py
[2023-04-05 11:25:12,452] {processor.py:632} INFO - DAG(s) dict_keys(['example_xcom_args', 'example_xcom_args_with_operators']) retrieved from /home/airflow/.local/lib/python3.7/site-packages/airflow/example_dags/example_xcomargs.py
[2023-04-05 11:25:12,676] {logging_mixin.py:109} INFO - [2023-04-05 11:25:12,676] {dag.py:2389} INFO - Sync 2 DAGs
[2023-04-05 11:25:12,685] {logging_mixin.py:109} INFO - [2023-04-05 11:25:12,685] {dag.py:2921} INFO - Setting next_dagrun for example_xcom_args to None
[2023-04-05 11:25:12,686] {logging_mixin.py:109} INFO - [2023-04-05 11:25:12,686] {dag.py:2921} INFO - Setting next_dagrun for example_xcom_args_with_operators to None
[2023-04-05 11:25:12,696] {processor.py:171} INFO - Processing /home/airflow/.local/lib/python3.7/site-packages/airflow/example_dags/example_xcomargs.py took 0.275 seconds
[2023-04-05 11:25:43,138] {processor.py:163} INFO - Started process (PID=470) to work on /home/airflow/.local/lib/python3.7/site-packages/airflow/example_dags/example_xcomargs.py
[2023-04-05 11:25:43,139] {processor.py:620} INFO - Processing file /home/airflow/.local/lib/python3.7/site-packages/airflow/example_dags/example_xcomargs.py for tasks to queue
[2023-04-05 11:25:43,140] {logging_mixin.py:109} INFO - [2023-04-05 11:25:43,140] {dagbag.py:500} INFO - Filling up the DagBag from /home/airflow/.local/lib/python3.7/site-packages/airflow/example_dags/example_xcomargs.py
[2023-04-05 11:25:43,171] {processor.py:632} INFO - DAG(s) dict_keys(['example_xcom_args', 'example_xcom_args_with_operators']) retrieved from /home/airflow/.local/lib/python3.7/site-packages/airflow/example_dags/example_xcomargs.py
[2023-04-05 11:25:43,444] {logging_mixin.py:109} INFO - [2023-04-05 11:25:43,444] {dag.py:2389} INFO - Sync 2 DAGs
[2023-04-05 11:25:43,458] {logging_mixin.py:109} INFO - [2023-04-05 11:25:43,458] {dag.py:2921} INFO - Setting next_dagrun for example_xcom_args to None
[2023-04-05 11:25:43,459] {logging_mixin.py:109} INFO - [2023-04-05 11:25:43,459] {dag.py:2921} INFO - Setting next_dagrun for example_xcom_args_with_operators to None
[2023-04-05 11:25:43,470] {processor.py:171} INFO - Processing /home/airflow/.local/lib/python3.7/site-packages/airflow/example_dags/example_xcomargs.py took 0.335 seconds
[2023-04-05 11:26:13,649] {processor.py:163} INFO - Started process (PID=530) to work on /home/airflow/.local/lib/python3.7/site-packages/airflow/example_dags/example_xcomargs.py
[2023-04-05 11:26:13,650] {processor.py:620} INFO - Processing file /home/airflow/.local/lib/python3.7/site-packages/airflow/example_dags/example_xcomargs.py for tasks to queue
[2023-04-05 11:26:13,650] {logging_mixin.py:109} INFO - [2023-04-05 11:26:13,650] {dagbag.py:500} INFO - Filling up the DagBag from /home/airflow/.local/lib/python3.7/site-packages/airflow/example_dags/example_xcomargs.py
[2023-04-05 11:26:13,684] {processor.py:632} INFO - DAG(s) dict_keys(['example_xcom_args', 'example_xcom_args_with_operators']) retrieved from /home/airflow/.local/lib/python3.7/site-packages/airflow/example_dags/example_xcomargs.py
[2023-04-05 11:26:13,943] {logging_mixin.py:109} INFO - [2023-04-05 11:26:13,943] {dag.py:2389} INFO - Sync 2 DAGs
[2023-04-05 11:26:13,953] {logging_mixin.py:109} INFO - [2023-04-05 11:26:13,953] {dag.py:2921} INFO - Setting next_dagrun for example_xcom_args to None
[2023-04-05 11:26:13,953] {logging_mixin.py:109} INFO - [2023-04-05 11:26:13,953] {dag.py:2921} INFO - Setting next_dagrun for example_xcom_args_with_operators to None
[2023-04-05 11:26:13,970] {processor.py:171} INFO - Processing /home/airflow/.local/lib/python3.7/site-packages/airflow/example_dags/example_xcomargs.py took 0.323 seconds
[2023-04-05 11:26:44,039] {processor.py:163} INFO - Started process (PID=581) to work on /home/airflow/.local/lib/python3.7/site-packages/airflow/example_dags/example_xcomargs.py
[2023-04-05 11:26:44,040] {processor.py:620} INFO - Processing file /home/airflow/.local/lib/python3.7/site-packages/airflow/example_dags/example_xcomargs.py for tasks to queue
[2023-04-05 11:26:44,041] {logging_mixin.py:109} INFO - [2023-04-05 11:26:44,041] {dagbag.py:500} INFO - Filling up the DagBag from /home/airflow/.local/lib/python3.7/site-packages/airflow/example_dags/example_xcomargs.py
[2023-04-05 11:26:44,065] {processor.py:632} INFO - DAG(s) dict_keys(['example_xcom_args', 'example_xcom_args_with_operators']) retrieved from /home/airflow/.local/lib/python3.7/site-packages/airflow/example_dags/example_xcomargs.py
[2023-04-05 11:26:44,263] {logging_mixin.py:109} INFO - [2023-04-05 11:26:44,263] {dag.py:2389} INFO - Sync 2 DAGs
[2023-04-05 11:26:44,272] {logging_mixin.py:109} INFO - [2023-04-05 11:26:44,272] {dag.py:2921} INFO - Setting next_dagrun for example_xcom_args to None
[2023-04-05 11:26:44,272] {logging_mixin.py:109} INFO - [2023-04-05 11:26:44,272] {dag.py:2921} INFO - Setting next_dagrun for example_xcom_args_with_operators to None
[2023-04-05 11:26:44,282] {processor.py:171} INFO - Processing /home/airflow/.local/lib/python3.7/site-packages/airflow/example_dags/example_xcomargs.py took 0.245 seconds
[2023-04-05 11:27:14,444] {processor.py:163} INFO - Started process (PID=641) to work on /home/airflow/.local/lib/python3.7/site-packages/airflow/example_dags/example_xcomargs.py
[2023-04-05 11:27:14,444] {processor.py:620} INFO - Processing file /home/airflow/.local/lib/python3.7/site-packages/airflow/example_dags/example_xcomargs.py for tasks to queue
[2023-04-05 11:27:14,445] {logging_mixin.py:109} INFO - [2023-04-05 11:27:14,445] {dagbag.py:500} INFO - Filling up the DagBag from /home/airflow/.local/lib/python3.7/site-packages/airflow/example_dags/example_xcomargs.py
[2023-04-05 11:27:14,468] {processor.py:632} INFO - DAG(s) dict_keys(['example_xcom_args', 'example_xcom_args_with_operators']) retrieved from /home/airflow/.local/lib/python3.7/site-packages/airflow/example_dags/example_xcomargs.py
[2023-04-05 11:27:14,664] {logging_mixin.py:109} INFO - [2023-04-05 11:27:14,663] {dag.py:2389} INFO - Sync 2 DAGs
[2023-04-05 11:27:14,674] {logging_mixin.py:109} INFO - [2023-04-05 11:27:14,674] {dag.py:2921} INFO - Setting next_dagrun for example_xcom_args to None
[2023-04-05 11:27:14,675] {logging_mixin.py:109} INFO - [2023-04-05 11:27:14,674] {dag.py:2921} INFO - Setting next_dagrun for example_xcom_args_with_operators to None
[2023-04-05 11:27:14,689] {processor.py:171} INFO - Processing /home/airflow/.local/lib/python3.7/site-packages/airflow/example_dags/example_xcomargs.py took 0.248 seconds
[2023-04-05 11:27:44,922] {processor.py:163} INFO - Started process (PID=692) to work on /home/airflow/.local/lib/python3.7/site-packages/airflow/example_dags/example_xcomargs.py
[2023-04-05 11:27:44,923] {processor.py:620} INFO - Processing file /home/airflow/.local/lib/python3.7/site-packages/airflow/example_dags/example_xcomargs.py for tasks to queue
[2023-04-05 11:27:44,924] {logging_mixin.py:109} INFO - [2023-04-05 11:27:44,924] {dagbag.py:500} INFO - Filling up the DagBag from /home/airflow/.local/lib/python3.7/site-packages/airflow/example_dags/example_xcomargs.py
[2023-04-05 11:27:44,977] {processor.py:632} INFO - DAG(s) dict_keys(['example_xcom_args', 'example_xcom_args_with_operators']) retrieved from /home/airflow/.local/lib/python3.7/site-packages/airflow/example_dags/example_xcomargs.py
[2023-04-05 11:27:44,990] {logging_mixin.py:109} INFO - [2023-04-05 11:27:44,990] {dag.py:2389} INFO - Sync 2 DAGs
[2023-04-05 11:27:45,004] {logging_mixin.py:109} INFO - [2023-04-05 11:27:45,004] {dag.py:2921} INFO - Setting next_dagrun for example_xcom_args to None
[2023-04-05 11:27:45,004] {logging_mixin.py:109} INFO - [2023-04-05 11:27:45,004] {dag.py:2921} INFO - Setting next_dagrun for example_xcom_args_with_operators to None
[2023-04-05 11:27:45,013] {processor.py:171} INFO - Processing /home/airflow/.local/lib/python3.7/site-packages/airflow/example_dags/example_xcomargs.py took 0.094 seconds
