[2023-04-05 11:17:11,012] {processor.py:163} INFO - Started process (PID=283) to work on /home/airflow/.local/lib/python3.7/site-packages/airflow/example_dags/example_trigger_controller_dag.py
[2023-04-05 11:17:11,013] {processor.py:620} INFO - Processing file /home/airflow/.local/lib/python3.7/site-packages/airflow/example_dags/example_trigger_controller_dag.py for tasks to queue
[2023-04-05 11:17:11,014] {logging_mixin.py:109} INFO - [2023-04-05 11:17:11,014] {dagbag.py:500} INFO - Filling up the DagBag from /home/airflow/.local/lib/python3.7/site-packages/airflow/example_dags/example_trigger_controller_dag.py
[2023-04-05 11:17:11,047] {processor.py:632} INFO - DAG(s) dict_keys(['example_trigger_controller_dag']) retrieved from /home/airflow/.local/lib/python3.7/site-packages/airflow/example_dags/example_trigger_controller_dag.py
[2023-04-05 11:17:13,676] {logging_mixin.py:109} INFO - [2023-04-05 11:17:13,676] {providers_manager.py:156} WARNING - Exception when importing 'airflow.providers.google.leveldb.hooks.leveldb.LevelDBHook' from 'apache-airflow-providers-google' package: No module named 'plyvel'
[2023-04-05 11:17:14,421] {logging_mixin.py:109} INFO - [2023-04-05 11:17:14,421] {providers_manager.py:156} WARNING - Exception when importing 'airflow.providers.google.leveldb.hooks.leveldb.LevelDBHook' from 'apache-airflow-providers-google' package: No module named 'plyvel'
[2023-04-05 11:17:14,449] {logging_mixin.py:109} INFO - [2023-04-05 11:17:14,448] {manager.py:496} INFO - Created Permission View: can read on DAG:example_trigger_controller_dag
[2023-04-05 11:17:14,461] {logging_mixin.py:109} INFO - [2023-04-05 11:17:14,460] {manager.py:496} INFO - Created Permission View: can edit on DAG:example_trigger_controller_dag
[2023-04-05 11:17:14,461] {logging_mixin.py:109} INFO - [2023-04-05 11:17:14,461] {dag.py:2389} INFO - Sync 1 DAGs
[2023-04-05 11:17:14,470] {logging_mixin.py:109} INFO - [2023-04-05 11:17:14,470] {dag.py:2408} INFO - Creating ORM DAG for example_trigger_controller_dag
[2023-04-05 11:17:14,481] {logging_mixin.py:109} INFO - [2023-04-05 11:17:14,481] {dag.py:2921} INFO - Setting next_dagrun for example_trigger_controller_dag to 2021-01-01T00:00:00+00:00
[2023-04-05 11:17:14,496] {processor.py:171} INFO - Processing /home/airflow/.local/lib/python3.7/site-packages/airflow/example_dags/example_trigger_controller_dag.py took 3.488 seconds
[2023-04-05 11:17:44,580] {processor.py:163} INFO - Started process (PID=390) to work on /home/airflow/.local/lib/python3.7/site-packages/airflow/example_dags/example_trigger_controller_dag.py
[2023-04-05 11:17:44,581] {processor.py:620} INFO - Processing file /home/airflow/.local/lib/python3.7/site-packages/airflow/example_dags/example_trigger_controller_dag.py for tasks to queue
[2023-04-05 11:17:44,581] {logging_mixin.py:109} INFO - [2023-04-05 11:17:44,581] {dagbag.py:500} INFO - Filling up the DagBag from /home/airflow/.local/lib/python3.7/site-packages/airflow/example_dags/example_trigger_controller_dag.py
[2023-04-05 11:17:44,599] {processor.py:632} INFO - DAG(s) dict_keys(['example_trigger_controller_dag']) retrieved from /home/airflow/.local/lib/python3.7/site-packages/airflow/example_dags/example_trigger_controller_dag.py
[2023-04-05 11:17:44,606] {logging_mixin.py:109} INFO - [2023-04-05 11:17:44,606] {dag.py:2389} INFO - Sync 1 DAGs
[2023-04-05 11:17:44,616] {logging_mixin.py:109} INFO - [2023-04-05 11:17:44,616] {dag.py:2921} INFO - Setting next_dagrun for example_trigger_controller_dag to 2021-01-01T00:00:00+00:00
[2023-04-05 11:17:44,624] {processor.py:171} INFO - Processing /home/airflow/.local/lib/python3.7/site-packages/airflow/example_dags/example_trigger_controller_dag.py took 0.046 seconds
[2023-04-05 11:18:14,821] {processor.py:163} INFO - Started process (PID=451) to work on /home/airflow/.local/lib/python3.7/site-packages/airflow/example_dags/example_trigger_controller_dag.py
[2023-04-05 11:18:14,822] {processor.py:620} INFO - Processing file /home/airflow/.local/lib/python3.7/site-packages/airflow/example_dags/example_trigger_controller_dag.py for tasks to queue
[2023-04-05 11:18:14,823] {logging_mixin.py:109} INFO - [2023-04-05 11:18:14,822] {dagbag.py:500} INFO - Filling up the DagBag from /home/airflow/.local/lib/python3.7/site-packages/airflow/example_dags/example_trigger_controller_dag.py
[2023-04-05 11:18:14,846] {processor.py:632} INFO - DAG(s) dict_keys(['example_trigger_controller_dag']) retrieved from /home/airflow/.local/lib/python3.7/site-packages/airflow/example_dags/example_trigger_controller_dag.py
[2023-04-05 11:18:14,856] {logging_mixin.py:109} INFO - [2023-04-05 11:18:14,856] {dag.py:2389} INFO - Sync 1 DAGs
[2023-04-05 11:18:14,873] {logging_mixin.py:109} INFO - [2023-04-05 11:18:14,873] {dag.py:2921} INFO - Setting next_dagrun for example_trigger_controller_dag to 2021-01-01T00:00:00+00:00
[2023-04-05 11:18:14,884] {processor.py:171} INFO - Processing /home/airflow/.local/lib/python3.7/site-packages/airflow/example_dags/example_trigger_controller_dag.py took 0.065 seconds
[2023-04-05 11:18:44,925] {processor.py:163} INFO - Started process (PID=502) to work on /home/airflow/.local/lib/python3.7/site-packages/airflow/example_dags/example_trigger_controller_dag.py
[2023-04-05 11:18:44,926] {processor.py:620} INFO - Processing file /home/airflow/.local/lib/python3.7/site-packages/airflow/example_dags/example_trigger_controller_dag.py for tasks to queue
[2023-04-05 11:18:44,927] {logging_mixin.py:109} INFO - [2023-04-05 11:18:44,927] {dagbag.py:500} INFO - Filling up the DagBag from /home/airflow/.local/lib/python3.7/site-packages/airflow/example_dags/example_trigger_controller_dag.py
[2023-04-05 11:18:44,954] {processor.py:632} INFO - DAG(s) dict_keys(['example_trigger_controller_dag']) retrieved from /home/airflow/.local/lib/python3.7/site-packages/airflow/example_dags/example_trigger_controller_dag.py
[2023-04-05 11:18:44,964] {logging_mixin.py:109} INFO - [2023-04-05 11:18:44,963] {dag.py:2389} INFO - Sync 1 DAGs
[2023-04-05 11:18:44,982] {logging_mixin.py:109} INFO - [2023-04-05 11:18:44,982] {dag.py:2921} INFO - Setting next_dagrun for example_trigger_controller_dag to 2021-01-01T00:00:00+00:00
[2023-04-05 11:18:44,994] {processor.py:171} INFO - Processing /home/airflow/.local/lib/python3.7/site-packages/airflow/example_dags/example_trigger_controller_dag.py took 0.072 seconds
[2023-04-05 11:19:15,133] {processor.py:163} INFO - Started process (PID=553) to work on /home/airflow/.local/lib/python3.7/site-packages/airflow/example_dags/example_trigger_controller_dag.py
[2023-04-05 11:19:15,133] {processor.py:620} INFO - Processing file /home/airflow/.local/lib/python3.7/site-packages/airflow/example_dags/example_trigger_controller_dag.py for tasks to queue
[2023-04-05 11:19:15,134] {logging_mixin.py:109} INFO - [2023-04-05 11:19:15,134] {dagbag.py:500} INFO - Filling up the DagBag from /home/airflow/.local/lib/python3.7/site-packages/airflow/example_dags/example_trigger_controller_dag.py
[2023-04-05 11:19:15,154] {processor.py:632} INFO - DAG(s) dict_keys(['example_trigger_controller_dag']) retrieved from /home/airflow/.local/lib/python3.7/site-packages/airflow/example_dags/example_trigger_controller_dag.py
[2023-04-05 11:19:15,162] {logging_mixin.py:109} INFO - [2023-04-05 11:19:15,162] {dag.py:2389} INFO - Sync 1 DAGs
[2023-04-05 11:19:15,173] {logging_mixin.py:109} INFO - [2023-04-05 11:19:15,173] {dag.py:2921} INFO - Setting next_dagrun for example_trigger_controller_dag to 2021-01-01T00:00:00+00:00
[2023-04-05 11:19:15,182] {processor.py:171} INFO - Processing /home/airflow/.local/lib/python3.7/site-packages/airflow/example_dags/example_trigger_controller_dag.py took 0.052 seconds
[2023-04-05 11:19:45,324] {processor.py:163} INFO - Started process (PID=613) to work on /home/airflow/.local/lib/python3.7/site-packages/airflow/example_dags/example_trigger_controller_dag.py
[2023-04-05 11:19:45,325] {processor.py:620} INFO - Processing file /home/airflow/.local/lib/python3.7/site-packages/airflow/example_dags/example_trigger_controller_dag.py for tasks to queue
[2023-04-05 11:19:45,326] {logging_mixin.py:109} INFO - [2023-04-05 11:19:45,326] {dagbag.py:500} INFO - Filling up the DagBag from /home/airflow/.local/lib/python3.7/site-packages/airflow/example_dags/example_trigger_controller_dag.py
[2023-04-05 11:19:45,352] {processor.py:632} INFO - DAG(s) dict_keys(['example_trigger_controller_dag']) retrieved from /home/airflow/.local/lib/python3.7/site-packages/airflow/example_dags/example_trigger_controller_dag.py
[2023-04-05 11:19:45,362] {logging_mixin.py:109} INFO - [2023-04-05 11:19:45,362] {dag.py:2389} INFO - Sync 1 DAGs
[2023-04-05 11:19:45,380] {logging_mixin.py:109} INFO - [2023-04-05 11:19:45,380] {dag.py:2921} INFO - Setting next_dagrun for example_trigger_controller_dag to 2021-01-01T00:00:00+00:00
[2023-04-05 11:19:45,390] {processor.py:171} INFO - Processing /home/airflow/.local/lib/python3.7/site-packages/airflow/example_dags/example_trigger_controller_dag.py took 0.069 seconds
[2023-04-05 11:20:15,430] {processor.py:163} INFO - Started process (PID=663) to work on /home/airflow/.local/lib/python3.7/site-packages/airflow/example_dags/example_trigger_controller_dag.py
[2023-04-05 11:20:15,430] {processor.py:620} INFO - Processing file /home/airflow/.local/lib/python3.7/site-packages/airflow/example_dags/example_trigger_controller_dag.py for tasks to queue
[2023-04-05 11:20:15,431] {logging_mixin.py:109} INFO - [2023-04-05 11:20:15,431] {dagbag.py:500} INFO - Filling up the DagBag from /home/airflow/.local/lib/python3.7/site-packages/airflow/example_dags/example_trigger_controller_dag.py
[2023-04-05 11:20:15,455] {processor.py:632} INFO - DAG(s) dict_keys(['example_trigger_controller_dag']) retrieved from /home/airflow/.local/lib/python3.7/site-packages/airflow/example_dags/example_trigger_controller_dag.py
[2023-04-05 11:20:15,465] {logging_mixin.py:109} INFO - [2023-04-05 11:20:15,465] {dag.py:2389} INFO - Sync 1 DAGs
[2023-04-05 11:20:15,479] {logging_mixin.py:109} INFO - [2023-04-05 11:20:15,479] {dag.py:2921} INFO - Setting next_dagrun for example_trigger_controller_dag to 2021-01-01T00:00:00+00:00
[2023-04-05 11:20:15,488] {processor.py:171} INFO - Processing /home/airflow/.local/lib/python3.7/site-packages/airflow/example_dags/example_trigger_controller_dag.py took 0.061 seconds
[2023-04-05 11:24:26,959] {processor.py:163} INFO - Started process (PID=284) to work on /home/airflow/.local/lib/python3.7/site-packages/airflow/example_dags/example_trigger_controller_dag.py
[2023-04-05 11:24:26,960] {processor.py:620} INFO - Processing file /home/airflow/.local/lib/python3.7/site-packages/airflow/example_dags/example_trigger_controller_dag.py for tasks to queue
[2023-04-05 11:24:26,960] {logging_mixin.py:109} INFO - [2023-04-05 11:24:26,960] {dagbag.py:500} INFO - Filling up the DagBag from /home/airflow/.local/lib/python3.7/site-packages/airflow/example_dags/example_trigger_controller_dag.py
[2023-04-05 11:24:26,989] {processor.py:632} INFO - DAG(s) dict_keys(['example_trigger_controller_dag']) retrieved from /home/airflow/.local/lib/python3.7/site-packages/airflow/example_dags/example_trigger_controller_dag.py
[2023-04-05 11:24:28,866] {logging_mixin.py:109} INFO - [2023-04-05 11:24:28,865] {providers_manager.py:156} WARNING - Exception when importing 'airflow.providers.google.leveldb.hooks.leveldb.LevelDBHook' from 'apache-airflow-providers-google' package: No module named 'plyvel'
[2023-04-05 11:24:29,368] {logging_mixin.py:109} INFO - [2023-04-05 11:24:29,368] {providers_manager.py:156} WARNING - Exception when importing 'airflow.providers.google.leveldb.hooks.leveldb.LevelDBHook' from 'apache-airflow-providers-google' package: No module named 'plyvel'
[2023-04-05 11:24:29,407] {logging_mixin.py:109} INFO - [2023-04-05 11:24:29,406] {manager.py:496} INFO - Created Permission View: can edit on DAG:example_trigger_controller_dag
[2023-04-05 11:24:29,422] {logging_mixin.py:109} INFO - [2023-04-05 11:24:29,422] {manager.py:496} INFO - Created Permission View: can read on DAG:example_trigger_controller_dag
[2023-04-05 11:24:29,423] {logging_mixin.py:109} INFO - [2023-04-05 11:24:29,422] {dag.py:2389} INFO - Sync 1 DAGs
[2023-04-05 11:24:29,435] {logging_mixin.py:109} INFO - [2023-04-05 11:24:29,435] {dag.py:2408} INFO - Creating ORM DAG for example_trigger_controller_dag
[2023-04-05 11:24:29,448] {logging_mixin.py:109} INFO - [2023-04-05 11:24:29,448] {dag.py:2921} INFO - Setting next_dagrun for example_trigger_controller_dag to 2021-01-01T00:00:00+00:00
[2023-04-05 11:24:29,471] {processor.py:171} INFO - Processing /home/airflow/.local/lib/python3.7/site-packages/airflow/example_dags/example_trigger_controller_dag.py took 2.515 seconds
[2023-04-05 11:24:59,540] {processor.py:163} INFO - Started process (PID=391) to work on /home/airflow/.local/lib/python3.7/site-packages/airflow/example_dags/example_trigger_controller_dag.py
[2023-04-05 11:24:59,541] {processor.py:620} INFO - Processing file /home/airflow/.local/lib/python3.7/site-packages/airflow/example_dags/example_trigger_controller_dag.py for tasks to queue
[2023-04-05 11:24:59,541] {logging_mixin.py:109} INFO - [2023-04-05 11:24:59,541] {dagbag.py:500} INFO - Filling up the DagBag from /home/airflow/.local/lib/python3.7/site-packages/airflow/example_dags/example_trigger_controller_dag.py
[2023-04-05 11:24:59,558] {processor.py:632} INFO - DAG(s) dict_keys(['example_trigger_controller_dag']) retrieved from /home/airflow/.local/lib/python3.7/site-packages/airflow/example_dags/example_trigger_controller_dag.py
[2023-04-05 11:24:59,565] {logging_mixin.py:109} INFO - [2023-04-05 11:24:59,565] {dag.py:2389} INFO - Sync 1 DAGs
[2023-04-05 11:24:59,574] {logging_mixin.py:109} INFO - [2023-04-05 11:24:59,574] {dag.py:2921} INFO - Setting next_dagrun for example_trigger_controller_dag to 2021-01-01T00:00:00+00:00
[2023-04-05 11:24:59,582] {processor.py:171} INFO - Processing /home/airflow/.local/lib/python3.7/site-packages/airflow/example_dags/example_trigger_controller_dag.py took 0.044 seconds
[2023-04-05 11:25:30,203] {processor.py:163} INFO - Started process (PID=442) to work on /home/airflow/.local/lib/python3.7/site-packages/airflow/example_dags/example_trigger_controller_dag.py
[2023-04-05 11:25:30,204] {processor.py:620} INFO - Processing file /home/airflow/.local/lib/python3.7/site-packages/airflow/example_dags/example_trigger_controller_dag.py for tasks to queue
[2023-04-05 11:25:30,204] {logging_mixin.py:109} INFO - [2023-04-05 11:25:30,204] {dagbag.py:500} INFO - Filling up the DagBag from /home/airflow/.local/lib/python3.7/site-packages/airflow/example_dags/example_trigger_controller_dag.py
[2023-04-05 11:25:30,229] {processor.py:632} INFO - DAG(s) dict_keys(['example_trigger_controller_dag']) retrieved from /home/airflow/.local/lib/python3.7/site-packages/airflow/example_dags/example_trigger_controller_dag.py
[2023-04-05 11:25:30,237] {logging_mixin.py:109} INFO - [2023-04-05 11:25:30,237] {dag.py:2389} INFO - Sync 1 DAGs
[2023-04-05 11:25:30,254] {logging_mixin.py:109} INFO - [2023-04-05 11:25:30,253] {dag.py:2921} INFO - Setting next_dagrun for example_trigger_controller_dag to 2021-01-01T00:00:00+00:00
[2023-04-05 11:25:30,264] {processor.py:171} INFO - Processing /home/airflow/.local/lib/python3.7/site-packages/airflow/example_dags/example_trigger_controller_dag.py took 0.064 seconds
[2023-04-05 11:26:00,813] {processor.py:163} INFO - Started process (PID=502) to work on /home/airflow/.local/lib/python3.7/site-packages/airflow/example_dags/example_trigger_controller_dag.py
[2023-04-05 11:26:00,814] {processor.py:620} INFO - Processing file /home/airflow/.local/lib/python3.7/site-packages/airflow/example_dags/example_trigger_controller_dag.py for tasks to queue
[2023-04-05 11:26:00,815] {logging_mixin.py:109} INFO - [2023-04-05 11:26:00,815] {dagbag.py:500} INFO - Filling up the DagBag from /home/airflow/.local/lib/python3.7/site-packages/airflow/example_dags/example_trigger_controller_dag.py
[2023-04-05 11:26:00,842] {processor.py:632} INFO - DAG(s) dict_keys(['example_trigger_controller_dag']) retrieved from /home/airflow/.local/lib/python3.7/site-packages/airflow/example_dags/example_trigger_controller_dag.py
[2023-04-05 11:26:00,852] {logging_mixin.py:109} INFO - [2023-04-05 11:26:00,852] {dag.py:2389} INFO - Sync 1 DAGs
[2023-04-05 11:26:00,867] {logging_mixin.py:109} INFO - [2023-04-05 11:26:00,867] {dag.py:2921} INFO - Setting next_dagrun for example_trigger_controller_dag to 2021-01-01T00:00:00+00:00
[2023-04-05 11:26:00,877] {processor.py:171} INFO - Processing /home/airflow/.local/lib/python3.7/site-packages/airflow/example_dags/example_trigger_controller_dag.py took 0.067 seconds
[2023-04-05 11:26:31,065] {processor.py:163} INFO - Started process (PID=553) to work on /home/airflow/.local/lib/python3.7/site-packages/airflow/example_dags/example_trigger_controller_dag.py
[2023-04-05 11:26:31,066] {processor.py:620} INFO - Processing file /home/airflow/.local/lib/python3.7/site-packages/airflow/example_dags/example_trigger_controller_dag.py for tasks to queue
[2023-04-05 11:26:31,066] {logging_mixin.py:109} INFO - [2023-04-05 11:26:31,066] {dagbag.py:500} INFO - Filling up the DagBag from /home/airflow/.local/lib/python3.7/site-packages/airflow/example_dags/example_trigger_controller_dag.py
[2023-04-05 11:26:31,085] {processor.py:632} INFO - DAG(s) dict_keys(['example_trigger_controller_dag']) retrieved from /home/airflow/.local/lib/python3.7/site-packages/airflow/example_dags/example_trigger_controller_dag.py
[2023-04-05 11:26:31,092] {logging_mixin.py:109} INFO - [2023-04-05 11:26:31,091] {dag.py:2389} INFO - Sync 1 DAGs
[2023-04-05 11:26:31,103] {logging_mixin.py:109} INFO - [2023-04-05 11:26:31,103] {dag.py:2921} INFO - Setting next_dagrun for example_trigger_controller_dag to 2021-01-01T00:00:00+00:00
[2023-04-05 11:26:31,111] {processor.py:171} INFO - Processing /home/airflow/.local/lib/python3.7/site-packages/airflow/example_dags/example_trigger_controller_dag.py took 0.048 seconds
[2023-04-05 11:27:01,492] {processor.py:163} INFO - Started process (PID=613) to work on /home/airflow/.local/lib/python3.7/site-packages/airflow/example_dags/example_trigger_controller_dag.py
[2023-04-05 11:27:01,495] {processor.py:620} INFO - Processing file /home/airflow/.local/lib/python3.7/site-packages/airflow/example_dags/example_trigger_controller_dag.py for tasks to queue
[2023-04-05 11:27:01,496] {logging_mixin.py:109} INFO - [2023-04-05 11:27:01,496] {dagbag.py:500} INFO - Filling up the DagBag from /home/airflow/.local/lib/python3.7/site-packages/airflow/example_dags/example_trigger_controller_dag.py
[2023-04-05 11:27:01,529] {processor.py:632} INFO - DAG(s) dict_keys(['example_trigger_controller_dag']) retrieved from /home/airflow/.local/lib/python3.7/site-packages/airflow/example_dags/example_trigger_controller_dag.py
[2023-04-05 11:27:01,539] {logging_mixin.py:109} INFO - [2023-04-05 11:27:01,539] {dag.py:2389} INFO - Sync 1 DAGs
[2023-04-05 11:27:01,553] {logging_mixin.py:109} INFO - [2023-04-05 11:27:01,553] {dag.py:2921} INFO - Setting next_dagrun for example_trigger_controller_dag to 2021-01-01T00:00:00+00:00
[2023-04-05 11:27:01,562] {processor.py:171} INFO - Processing /home/airflow/.local/lib/python3.7/site-packages/airflow/example_dags/example_trigger_controller_dag.py took 0.072 seconds
[2023-04-05 11:27:32,039] {processor.py:163} INFO - Started process (PID=664) to work on /home/airflow/.local/lib/python3.7/site-packages/airflow/example_dags/example_trigger_controller_dag.py
[2023-04-05 11:27:32,040] {processor.py:620} INFO - Processing file /home/airflow/.local/lib/python3.7/site-packages/airflow/example_dags/example_trigger_controller_dag.py for tasks to queue
[2023-04-05 11:27:32,041] {logging_mixin.py:109} INFO - [2023-04-05 11:27:32,041] {dagbag.py:500} INFO - Filling up the DagBag from /home/airflow/.local/lib/python3.7/site-packages/airflow/example_dags/example_trigger_controller_dag.py
[2023-04-05 11:27:32,061] {processor.py:632} INFO - DAG(s) dict_keys(['example_trigger_controller_dag']) retrieved from /home/airflow/.local/lib/python3.7/site-packages/airflow/example_dags/example_trigger_controller_dag.py
[2023-04-05 11:27:32,070] {logging_mixin.py:109} INFO - [2023-04-05 11:27:32,070] {dag.py:2389} INFO - Sync 1 DAGs
[2023-04-05 11:27:32,082] {logging_mixin.py:109} INFO - [2023-04-05 11:27:32,081] {dag.py:2921} INFO - Setting next_dagrun for example_trigger_controller_dag to 2021-01-01T00:00:00+00:00
[2023-04-05 11:27:32,092] {processor.py:171} INFO - Processing /home/airflow/.local/lib/python3.7/site-packages/airflow/example_dags/example_trigger_controller_dag.py took 0.056 seconds
