[2023-04-05 11:17:08,306] {processor.py:163} INFO - Started process (PID=264) to work on /home/airflow/.local/lib/python3.7/site-packages/airflow/example_dags/example_branch_datetime_operator.py
[2023-04-05 11:17:08,308] {processor.py:620} INFO - Processing file /home/airflow/.local/lib/python3.7/site-packages/airflow/example_dags/example_branch_datetime_operator.py for tasks to queue
[2023-04-05 11:17:08,308] {logging_mixin.py:109} INFO - [2023-04-05 11:17:08,308] {dagbag.py:500} INFO - Filling up the DagBag from /home/airflow/.local/lib/python3.7/site-packages/airflow/example_dags/example_branch_datetime_operator.py
[2023-04-05 11:17:08,344] {processor.py:632} INFO - DAG(s) dict_keys(['example_branch_datetime_operator_2']) retrieved from /home/airflow/.local/lib/python3.7/site-packages/airflow/example_dags/example_branch_datetime_operator.py
[2023-04-05 11:17:10,291] {logging_mixin.py:109} INFO - [2023-04-05 11:17:10,290] {providers_manager.py:156} WARNING - Exception when importing 'airflow.providers.google.leveldb.hooks.leveldb.LevelDBHook' from 'apache-airflow-providers-google' package: No module named 'plyvel'
[2023-04-05 11:17:10,785] {logging_mixin.py:109} INFO - [2023-04-05 11:17:10,785] {providers_manager.py:156} WARNING - Exception when importing 'airflow.providers.google.leveldb.hooks.leveldb.LevelDBHook' from 'apache-airflow-providers-google' package: No module named 'plyvel'
[2023-04-05 11:17:10,811] {logging_mixin.py:109} INFO - [2023-04-05 11:17:10,811] {manager.py:496} INFO - Created Permission View: can read on DAG:example_branch_datetime_operator_2
[2023-04-05 11:17:10,819] {logging_mixin.py:109} INFO - [2023-04-05 11:17:10,819] {manager.py:496} INFO - Created Permission View: can edit on DAG:example_branch_datetime_operator_2
[2023-04-05 11:17:10,820] {logging_mixin.py:109} INFO - [2023-04-05 11:17:10,819] {dag.py:2389} INFO - Sync 1 DAGs
[2023-04-05 11:17:10,828] {logging_mixin.py:109} INFO - [2023-04-05 11:17:10,827] {dag.py:2408} INFO - Creating ORM DAG for example_branch_datetime_operator_2
[2023-04-05 11:17:10,838] {logging_mixin.py:109} INFO - [2023-04-05 11:17:10,838] {dag.py:2921} INFO - Setting next_dagrun for example_branch_datetime_operator_2 to 2023-04-04 00:00:00+00:00
[2023-04-05 11:17:10,853] {processor.py:171} INFO - Processing /home/airflow/.local/lib/python3.7/site-packages/airflow/example_dags/example_branch_datetime_operator.py took 2.552 seconds
[2023-04-05 11:17:41,427] {processor.py:163} INFO - Started process (PID=387) to work on /home/airflow/.local/lib/python3.7/site-packages/airflow/example_dags/example_branch_datetime_operator.py
[2023-04-05 11:17:41,428] {processor.py:620} INFO - Processing file /home/airflow/.local/lib/python3.7/site-packages/airflow/example_dags/example_branch_datetime_operator.py for tasks to queue
[2023-04-05 11:17:41,428] {logging_mixin.py:109} INFO - [2023-04-05 11:17:41,428] {dagbag.py:500} INFO - Filling up the DagBag from /home/airflow/.local/lib/python3.7/site-packages/airflow/example_dags/example_branch_datetime_operator.py
[2023-04-05 11:17:41,455] {processor.py:632} INFO - DAG(s) dict_keys(['example_branch_datetime_operator_2']) retrieved from /home/airflow/.local/lib/python3.7/site-packages/airflow/example_dags/example_branch_datetime_operator.py
[2023-04-05 11:17:41,462] {logging_mixin.py:109} INFO - [2023-04-05 11:17:41,462] {dag.py:2389} INFO - Sync 1 DAGs
[2023-04-05 11:17:41,476] {logging_mixin.py:109} INFO - [2023-04-05 11:17:41,476] {dag.py:2921} INFO - Setting next_dagrun for example_branch_datetime_operator_2 to 2023-04-04 00:00:00+00:00
[2023-04-05 11:17:41,485] {processor.py:171} INFO - Processing /home/airflow/.local/lib/python3.7/site-packages/airflow/example_dags/example_branch_datetime_operator.py took 0.061 seconds
[2023-04-05 11:18:11,712] {processor.py:163} INFO - Started process (PID=439) to work on /home/airflow/.local/lib/python3.7/site-packages/airflow/example_dags/example_branch_datetime_operator.py
[2023-04-05 11:18:11,714] {processor.py:620} INFO - Processing file /home/airflow/.local/lib/python3.7/site-packages/airflow/example_dags/example_branch_datetime_operator.py for tasks to queue
[2023-04-05 11:18:11,714] {logging_mixin.py:109} INFO - [2023-04-05 11:18:11,714] {dagbag.py:500} INFO - Filling up the DagBag from /home/airflow/.local/lib/python3.7/site-packages/airflow/example_dags/example_branch_datetime_operator.py
[2023-04-05 11:18:11,750] {processor.py:632} INFO - DAG(s) dict_keys(['example_branch_datetime_operator_2']) retrieved from /home/airflow/.local/lib/python3.7/site-packages/airflow/example_dags/example_branch_datetime_operator.py
[2023-04-05 11:18:11,761] {logging_mixin.py:109} INFO - [2023-04-05 11:18:11,760] {dag.py:2389} INFO - Sync 1 DAGs
[2023-04-05 11:18:11,779] {logging_mixin.py:109} INFO - [2023-04-05 11:18:11,779] {dag.py:2921} INFO - Setting next_dagrun for example_branch_datetime_operator_2 to 2023-04-04 00:00:00+00:00
[2023-04-05 11:18:11,789] {processor.py:171} INFO - Processing /home/airflow/.local/lib/python3.7/site-packages/airflow/example_dags/example_branch_datetime_operator.py took 0.080 seconds
[2023-04-05 11:18:41,836] {processor.py:163} INFO - Started process (PID=499) to work on /home/airflow/.local/lib/python3.7/site-packages/airflow/example_dags/example_branch_datetime_operator.py
[2023-04-05 11:18:41,837] {processor.py:620} INFO - Processing file /home/airflow/.local/lib/python3.7/site-packages/airflow/example_dags/example_branch_datetime_operator.py for tasks to queue
[2023-04-05 11:18:41,838] {logging_mixin.py:109} INFO - [2023-04-05 11:18:41,838] {dagbag.py:500} INFO - Filling up the DagBag from /home/airflow/.local/lib/python3.7/site-packages/airflow/example_dags/example_branch_datetime_operator.py
[2023-04-05 11:18:41,861] {processor.py:632} INFO - DAG(s) dict_keys(['example_branch_datetime_operator_2']) retrieved from /home/airflow/.local/lib/python3.7/site-packages/airflow/example_dags/example_branch_datetime_operator.py
[2023-04-05 11:18:41,871] {logging_mixin.py:109} INFO - [2023-04-05 11:18:41,870] {dag.py:2389} INFO - Sync 1 DAGs
[2023-04-05 11:18:41,887] {logging_mixin.py:109} INFO - [2023-04-05 11:18:41,887] {dag.py:2921} INFO - Setting next_dagrun for example_branch_datetime_operator_2 to 2023-04-04 00:00:00+00:00
[2023-04-05 11:18:41,900] {processor.py:171} INFO - Processing /home/airflow/.local/lib/python3.7/site-packages/airflow/example_dags/example_branch_datetime_operator.py took 0.066 seconds
[2023-04-05 11:19:12,028] {processor.py:163} INFO - Started process (PID=550) to work on /home/airflow/.local/lib/python3.7/site-packages/airflow/example_dags/example_branch_datetime_operator.py
[2023-04-05 11:19:12,029] {processor.py:620} INFO - Processing file /home/airflow/.local/lib/python3.7/site-packages/airflow/example_dags/example_branch_datetime_operator.py for tasks to queue
[2023-04-05 11:19:12,030] {logging_mixin.py:109} INFO - [2023-04-05 11:19:12,030] {dagbag.py:500} INFO - Filling up the DagBag from /home/airflow/.local/lib/python3.7/site-packages/airflow/example_dags/example_branch_datetime_operator.py
[2023-04-05 11:19:12,065] {processor.py:632} INFO - DAG(s) dict_keys(['example_branch_datetime_operator_2']) retrieved from /home/airflow/.local/lib/python3.7/site-packages/airflow/example_dags/example_branch_datetime_operator.py
[2023-04-05 11:19:12,076] {logging_mixin.py:109} INFO - [2023-04-05 11:19:12,076] {dag.py:2389} INFO - Sync 1 DAGs
[2023-04-05 11:19:12,099] {logging_mixin.py:109} INFO - [2023-04-05 11:19:12,099] {dag.py:2921} INFO - Setting next_dagrun for example_branch_datetime_operator_2 to 2023-04-04 00:00:00+00:00
[2023-04-05 11:19:12,109] {processor.py:171} INFO - Processing /home/airflow/.local/lib/python3.7/site-packages/airflow/example_dags/example_branch_datetime_operator.py took 0.084 seconds
[2023-04-05 11:19:42,194] {processor.py:163} INFO - Started process (PID=601) to work on /home/airflow/.local/lib/python3.7/site-packages/airflow/example_dags/example_branch_datetime_operator.py
[2023-04-05 11:19:42,201] {processor.py:620} INFO - Processing file /home/airflow/.local/lib/python3.7/site-packages/airflow/example_dags/example_branch_datetime_operator.py for tasks to queue
[2023-04-05 11:19:42,201] {logging_mixin.py:109} INFO - [2023-04-05 11:19:42,201] {dagbag.py:500} INFO - Filling up the DagBag from /home/airflow/.local/lib/python3.7/site-packages/airflow/example_dags/example_branch_datetime_operator.py
[2023-04-05 11:19:42,222] {processor.py:632} INFO - DAG(s) dict_keys(['example_branch_datetime_operator_2']) retrieved from /home/airflow/.local/lib/python3.7/site-packages/airflow/example_dags/example_branch_datetime_operator.py
[2023-04-05 11:19:42,229] {logging_mixin.py:109} INFO - [2023-04-05 11:19:42,229] {dag.py:2389} INFO - Sync 1 DAGs
[2023-04-05 11:19:42,242] {logging_mixin.py:109} INFO - [2023-04-05 11:19:42,241] {dag.py:2921} INFO - Setting next_dagrun for example_branch_datetime_operator_2 to 2023-04-04 00:00:00+00:00
[2023-04-05 11:19:42,251] {processor.py:171} INFO - Processing /home/airflow/.local/lib/python3.7/site-packages/airflow/example_dags/example_branch_datetime_operator.py took 0.059 seconds
[2023-04-05 11:20:12,358] {processor.py:163} INFO - Started process (PID=661) to work on /home/airflow/.local/lib/python3.7/site-packages/airflow/example_dags/example_branch_datetime_operator.py
[2023-04-05 11:20:12,358] {processor.py:620} INFO - Processing file /home/airflow/.local/lib/python3.7/site-packages/airflow/example_dags/example_branch_datetime_operator.py for tasks to queue
[2023-04-05 11:20:12,359] {logging_mixin.py:109} INFO - [2023-04-05 11:20:12,359] {dagbag.py:500} INFO - Filling up the DagBag from /home/airflow/.local/lib/python3.7/site-packages/airflow/example_dags/example_branch_datetime_operator.py
[2023-04-05 11:20:12,381] {processor.py:632} INFO - DAG(s) dict_keys(['example_branch_datetime_operator_2']) retrieved from /home/airflow/.local/lib/python3.7/site-packages/airflow/example_dags/example_branch_datetime_operator.py
[2023-04-05 11:20:12,389] {logging_mixin.py:109} INFO - [2023-04-05 11:20:12,389] {dag.py:2389} INFO - Sync 1 DAGs
[2023-04-05 11:20:12,403] {logging_mixin.py:109} INFO - [2023-04-05 11:20:12,403] {dag.py:2921} INFO - Setting next_dagrun for example_branch_datetime_operator_2 to 2023-04-04 00:00:00+00:00
[2023-04-05 11:20:12,411] {processor.py:171} INFO - Processing /home/airflow/.local/lib/python3.7/site-packages/airflow/example_dags/example_branch_datetime_operator.py took 0.056 seconds
[2023-04-05 11:20:42,481] {processor.py:163} INFO - Started process (PID=712) to work on /home/airflow/.local/lib/python3.7/site-packages/airflow/example_dags/example_branch_datetime_operator.py
[2023-04-05 11:20:42,483] {processor.py:620} INFO - Processing file /home/airflow/.local/lib/python3.7/site-packages/airflow/example_dags/example_branch_datetime_operator.py for tasks to queue
[2023-04-05 11:20:42,484] {logging_mixin.py:109} INFO - [2023-04-05 11:20:42,484] {dagbag.py:500} INFO - Filling up the DagBag from /home/airflow/.local/lib/python3.7/site-packages/airflow/example_dags/example_branch_datetime_operator.py
[2023-04-05 11:20:42,515] {processor.py:632} INFO - DAG(s) dict_keys(['example_branch_datetime_operator_2']) retrieved from /home/airflow/.local/lib/python3.7/site-packages/airflow/example_dags/example_branch_datetime_operator.py
[2023-04-05 11:20:42,529] {logging_mixin.py:109} INFO - [2023-04-05 11:20:42,529] {dag.py:2389} INFO - Sync 1 DAGs
[2023-04-05 11:20:42,549] {logging_mixin.py:109} INFO - [2023-04-05 11:20:42,548] {dag.py:2921} INFO - Setting next_dagrun for example_branch_datetime_operator_2 to 2023-04-04 00:00:00+00:00
[2023-04-05 11:20:42,560] {processor.py:171} INFO - Processing /home/airflow/.local/lib/python3.7/site-packages/airflow/example_dags/example_branch_datetime_operator.py took 0.082 seconds
[2023-04-05 11:24:23,991] {processor.py:163} INFO - Started process (PID=265) to work on /home/airflow/.local/lib/python3.7/site-packages/airflow/example_dags/example_branch_datetime_operator.py
[2023-04-05 11:24:23,992] {processor.py:620} INFO - Processing file /home/airflow/.local/lib/python3.7/site-packages/airflow/example_dags/example_branch_datetime_operator.py for tasks to queue
[2023-04-05 11:24:23,993] {logging_mixin.py:109} INFO - [2023-04-05 11:24:23,993] {dagbag.py:500} INFO - Filling up the DagBag from /home/airflow/.local/lib/python3.7/site-packages/airflow/example_dags/example_branch_datetime_operator.py
[2023-04-05 11:24:24,025] {processor.py:632} INFO - DAG(s) dict_keys(['example_branch_datetime_operator_2']) retrieved from /home/airflow/.local/lib/python3.7/site-packages/airflow/example_dags/example_branch_datetime_operator.py
[2023-04-05 11:24:26,341] {logging_mixin.py:109} INFO - [2023-04-05 11:24:26,341] {providers_manager.py:156} WARNING - Exception when importing 'airflow.providers.google.leveldb.hooks.leveldb.LevelDBHook' from 'apache-airflow-providers-google' package: No module named 'plyvel'
[2023-04-05 11:24:26,799] {logging_mixin.py:109} INFO - [2023-04-05 11:24:26,799] {providers_manager.py:156} WARNING - Exception when importing 'airflow.providers.google.leveldb.hooks.leveldb.LevelDBHook' from 'apache-airflow-providers-google' package: No module named 'plyvel'
[2023-04-05 11:24:26,828] {logging_mixin.py:109} INFO - [2023-04-05 11:24:26,828] {manager.py:496} INFO - Created Permission View: can edit on DAG:example_branch_datetime_operator_2
[2023-04-05 11:24:26,837] {logging_mixin.py:109} INFO - [2023-04-05 11:24:26,837] {manager.py:496} INFO - Created Permission View: can read on DAG:example_branch_datetime_operator_2
[2023-04-05 11:24:26,838] {logging_mixin.py:109} INFO - [2023-04-05 11:24:26,837] {dag.py:2389} INFO - Sync 1 DAGs
[2023-04-05 11:24:26,845] {logging_mixin.py:109} INFO - [2023-04-05 11:24:26,844] {dag.py:2408} INFO - Creating ORM DAG for example_branch_datetime_operator_2
[2023-04-05 11:24:26,853] {logging_mixin.py:109} INFO - [2023-04-05 11:24:26,853] {dag.py:2921} INFO - Setting next_dagrun for example_branch_datetime_operator_2 to 2023-04-04 00:00:00+00:00
[2023-04-05 11:24:26,866] {processor.py:171} INFO - Processing /home/airflow/.local/lib/python3.7/site-packages/airflow/example_dags/example_branch_datetime_operator.py took 2.878 seconds
[2023-04-05 11:24:57,051] {processor.py:163} INFO - Started process (PID=388) to work on /home/airflow/.local/lib/python3.7/site-packages/airflow/example_dags/example_branch_datetime_operator.py
[2023-04-05 11:24:57,052] {processor.py:620} INFO - Processing file /home/airflow/.local/lib/python3.7/site-packages/airflow/example_dags/example_branch_datetime_operator.py for tasks to queue
[2023-04-05 11:24:57,053] {logging_mixin.py:109} INFO - [2023-04-05 11:24:57,053] {dagbag.py:500} INFO - Filling up the DagBag from /home/airflow/.local/lib/python3.7/site-packages/airflow/example_dags/example_branch_datetime_operator.py
[2023-04-05 11:24:57,090] {processor.py:632} INFO - DAG(s) dict_keys(['example_branch_datetime_operator_2']) retrieved from /home/airflow/.local/lib/python3.7/site-packages/airflow/example_dags/example_branch_datetime_operator.py
[2023-04-05 11:24:57,101] {logging_mixin.py:109} INFO - [2023-04-05 11:24:57,101] {dag.py:2389} INFO - Sync 1 DAGs
[2023-04-05 11:24:57,124] {logging_mixin.py:109} INFO - [2023-04-05 11:24:57,124] {dag.py:2921} INFO - Setting next_dagrun for example_branch_datetime_operator_2 to 2023-04-04 00:00:00+00:00
[2023-04-05 11:24:57,135] {processor.py:171} INFO - Processing /home/airflow/.local/lib/python3.7/site-packages/airflow/example_dags/example_branch_datetime_operator.py took 0.091 seconds
[2023-04-05 11:25:28,119] {processor.py:163} INFO - Started process (PID=439) to work on /home/airflow/.local/lib/python3.7/site-packages/airflow/example_dags/example_branch_datetime_operator.py
[2023-04-05 11:25:28,128] {processor.py:620} INFO - Processing file /home/airflow/.local/lib/python3.7/site-packages/airflow/example_dags/example_branch_datetime_operator.py for tasks to queue
[2023-04-05 11:25:28,128] {logging_mixin.py:109} INFO - [2023-04-05 11:25:28,128] {dagbag.py:500} INFO - Filling up the DagBag from /home/airflow/.local/lib/python3.7/site-packages/airflow/example_dags/example_branch_datetime_operator.py
[2023-04-05 11:25:28,148] {processor.py:632} INFO - DAG(s) dict_keys(['example_branch_datetime_operator_2']) retrieved from /home/airflow/.local/lib/python3.7/site-packages/airflow/example_dags/example_branch_datetime_operator.py
[2023-04-05 11:25:28,156] {logging_mixin.py:109} INFO - [2023-04-05 11:25:28,156] {dag.py:2389} INFO - Sync 1 DAGs
[2023-04-05 11:25:28,168] {logging_mixin.py:109} INFO - [2023-04-05 11:25:28,168] {dag.py:2921} INFO - Setting next_dagrun for example_branch_datetime_operator_2 to 2023-04-04 00:00:00+00:00
[2023-04-05 11:25:28,177] {processor.py:171} INFO - Processing /home/airflow/.local/lib/python3.7/site-packages/airflow/example_dags/example_branch_datetime_operator.py took 0.060 seconds
[2023-04-05 11:25:58,625] {processor.py:163} INFO - Started process (PID=499) to work on /home/airflow/.local/lib/python3.7/site-packages/airflow/example_dags/example_branch_datetime_operator.py
[2023-04-05 11:25:58,626] {processor.py:620} INFO - Processing file /home/airflow/.local/lib/python3.7/site-packages/airflow/example_dags/example_branch_datetime_operator.py for tasks to queue
[2023-04-05 11:25:58,627] {logging_mixin.py:109} INFO - [2023-04-05 11:25:58,627] {dagbag.py:500} INFO - Filling up the DagBag from /home/airflow/.local/lib/python3.7/site-packages/airflow/example_dags/example_branch_datetime_operator.py
[2023-04-05 11:25:58,707] {processor.py:632} INFO - DAG(s) dict_keys(['example_branch_datetime_operator_2']) retrieved from /home/airflow/.local/lib/python3.7/site-packages/airflow/example_dags/example_branch_datetime_operator.py
[2023-04-05 11:25:58,721] {logging_mixin.py:109} INFO - [2023-04-05 11:25:58,721] {dag.py:2389} INFO - Sync 1 DAGs
[2023-04-05 11:25:58,757] {logging_mixin.py:109} INFO - [2023-04-05 11:25:58,757] {dag.py:2921} INFO - Setting next_dagrun for example_branch_datetime_operator_2 to 2023-04-04 00:00:00+00:00
[2023-04-05 11:25:58,776] {processor.py:171} INFO - Processing /home/airflow/.local/lib/python3.7/site-packages/airflow/example_dags/example_branch_datetime_operator.py took 0.155 seconds
[2023-04-05 11:26:28,971] {processor.py:163} INFO - Started process (PID=550) to work on /home/airflow/.local/lib/python3.7/site-packages/airflow/example_dags/example_branch_datetime_operator.py
[2023-04-05 11:26:28,972] {processor.py:620} INFO - Processing file /home/airflow/.local/lib/python3.7/site-packages/airflow/example_dags/example_branch_datetime_operator.py for tasks to queue
[2023-04-05 11:26:28,973] {logging_mixin.py:109} INFO - [2023-04-05 11:26:28,973] {dagbag.py:500} INFO - Filling up the DagBag from /home/airflow/.local/lib/python3.7/site-packages/airflow/example_dags/example_branch_datetime_operator.py
[2023-04-05 11:26:29,000] {processor.py:632} INFO - DAG(s) dict_keys(['example_branch_datetime_operator_2']) retrieved from /home/airflow/.local/lib/python3.7/site-packages/airflow/example_dags/example_branch_datetime_operator.py
[2023-04-05 11:26:29,009] {logging_mixin.py:109} INFO - [2023-04-05 11:26:29,009] {dag.py:2389} INFO - Sync 1 DAGs
[2023-04-05 11:26:29,026] {logging_mixin.py:109} INFO - [2023-04-05 11:26:29,026] {dag.py:2921} INFO - Setting next_dagrun for example_branch_datetime_operator_2 to 2023-04-04 00:00:00+00:00
[2023-04-05 11:26:29,035] {processor.py:171} INFO - Processing /home/airflow/.local/lib/python3.7/site-packages/airflow/example_dags/example_branch_datetime_operator.py took 0.067 seconds
[2023-04-05 11:26:59,396] {processor.py:163} INFO - Started process (PID=608) to work on /home/airflow/.local/lib/python3.7/site-packages/airflow/example_dags/example_branch_datetime_operator.py
[2023-04-05 11:26:59,397] {processor.py:620} INFO - Processing file /home/airflow/.local/lib/python3.7/site-packages/airflow/example_dags/example_branch_datetime_operator.py for tasks to queue
[2023-04-05 11:26:59,397] {logging_mixin.py:109} INFO - [2023-04-05 11:26:59,397] {dagbag.py:500} INFO - Filling up the DagBag from /home/airflow/.local/lib/python3.7/site-packages/airflow/example_dags/example_branch_datetime_operator.py
[2023-04-05 11:26:59,425] {processor.py:632} INFO - DAG(s) dict_keys(['example_branch_datetime_operator_2']) retrieved from /home/airflow/.local/lib/python3.7/site-packages/airflow/example_dags/example_branch_datetime_operator.py
[2023-04-05 11:26:59,435] {logging_mixin.py:109} INFO - [2023-04-05 11:26:59,435] {dag.py:2389} INFO - Sync 1 DAGs
[2023-04-05 11:26:59,451] {logging_mixin.py:109} INFO - [2023-04-05 11:26:59,451] {dag.py:2921} INFO - Setting next_dagrun for example_branch_datetime_operator_2 to 2023-04-04 00:00:00+00:00
[2023-04-05 11:26:59,461] {processor.py:171} INFO - Processing /home/airflow/.local/lib/python3.7/site-packages/airflow/example_dags/example_branch_datetime_operator.py took 0.068 seconds
[2023-04-05 11:27:29,912] {processor.py:163} INFO - Started process (PID=661) to work on /home/airflow/.local/lib/python3.7/site-packages/airflow/example_dags/example_branch_datetime_operator.py
[2023-04-05 11:27:29,918] {processor.py:620} INFO - Processing file /home/airflow/.local/lib/python3.7/site-packages/airflow/example_dags/example_branch_datetime_operator.py for tasks to queue
[2023-04-05 11:27:29,919] {logging_mixin.py:109} INFO - [2023-04-05 11:27:29,919] {dagbag.py:500} INFO - Filling up the DagBag from /home/airflow/.local/lib/python3.7/site-packages/airflow/example_dags/example_branch_datetime_operator.py
[2023-04-05 11:27:29,959] {processor.py:632} INFO - DAG(s) dict_keys(['example_branch_datetime_operator_2']) retrieved from /home/airflow/.local/lib/python3.7/site-packages/airflow/example_dags/example_branch_datetime_operator.py
[2023-04-05 11:27:29,974] {logging_mixin.py:109} INFO - [2023-04-05 11:27:29,973] {dag.py:2389} INFO - Sync 1 DAGs
[2023-04-05 11:27:29,999] {logging_mixin.py:109} INFO - [2023-04-05 11:27:29,999] {dag.py:2921} INFO - Setting next_dagrun for example_branch_datetime_operator_2 to 2023-04-04 00:00:00+00:00
[2023-04-05 11:27:30,012] {processor.py:171} INFO - Processing /home/airflow/.local/lib/python3.7/site-packages/airflow/example_dags/example_branch_datetime_operator.py took 0.104 seconds
