[2023-04-05 11:16:57,982] {processor.py:163} INFO - Started process (PID=184) to work on /home/airflow/.local/lib/python3.7/site-packages/airflow/example_dags/example_branch_day_of_week_operator.py
[2023-04-05 11:16:57,983] {processor.py:620} INFO - Processing file /home/airflow/.local/lib/python3.7/site-packages/airflow/example_dags/example_branch_day_of_week_operator.py for tasks to queue
[2023-04-05 11:16:57,984] {logging_mixin.py:109} INFO - [2023-04-05 11:16:57,984] {dagbag.py:500} INFO - Filling up the DagBag from /home/airflow/.local/lib/python3.7/site-packages/airflow/example_dags/example_branch_day_of_week_operator.py
[2023-04-05 11:16:58,020] {processor.py:632} INFO - DAG(s) dict_keys(['example_weekday_branch_operator']) retrieved from /home/airflow/.local/lib/python3.7/site-packages/airflow/example_dags/example_branch_day_of_week_operator.py
[2023-04-05 11:16:59,940] {logging_mixin.py:109} INFO - [2023-04-05 11:16:59,940] {providers_manager.py:156} WARNING - Exception when importing 'airflow.providers.google.leveldb.hooks.leveldb.LevelDBHook' from 'apache-airflow-providers-google' package: No module named 'plyvel'
[2023-04-05 11:17:00,461] {logging_mixin.py:109} INFO - [2023-04-05 11:17:00,461] {providers_manager.py:156} WARNING - Exception when importing 'airflow.providers.google.leveldb.hooks.leveldb.LevelDBHook' from 'apache-airflow-providers-google' package: No module named 'plyvel'
[2023-04-05 11:17:00,488] {logging_mixin.py:109} INFO - [2023-04-05 11:17:00,488] {manager.py:496} INFO - Created Permission View: can read on DAG:example_weekday_branch_operator
[2023-04-05 11:17:00,499] {logging_mixin.py:109} INFO - [2023-04-05 11:17:00,499] {manager.py:496} INFO - Created Permission View: can edit on DAG:example_weekday_branch_operator
[2023-04-05 11:17:00,500] {logging_mixin.py:109} INFO - [2023-04-05 11:17:00,499] {dag.py:2389} INFO - Sync 1 DAGs
[2023-04-05 11:17:00,509] {logging_mixin.py:109} INFO - [2023-04-05 11:17:00,509] {dag.py:2408} INFO - Creating ORM DAG for example_weekday_branch_operator
[2023-04-05 11:17:00,522] {logging_mixin.py:109} INFO - [2023-04-05 11:17:00,522] {dag.py:2921} INFO - Setting next_dagrun for example_weekday_branch_operator to 2023-04-04 00:00:00+00:00
[2023-04-05 11:17:00,536] {processor.py:171} INFO - Processing /home/airflow/.local/lib/python3.7/site-packages/airflow/example_dags/example_branch_day_of_week_operator.py took 2.557 seconds
[2023-04-05 11:17:31,021] {processor.py:163} INFO - Started process (PID=370) to work on /home/airflow/.local/lib/python3.7/site-packages/airflow/example_dags/example_branch_day_of_week_operator.py
[2023-04-05 11:17:31,023] {processor.py:620} INFO - Processing file /home/airflow/.local/lib/python3.7/site-packages/airflow/example_dags/example_branch_day_of_week_operator.py for tasks to queue
[2023-04-05 11:17:31,023] {logging_mixin.py:109} INFO - [2023-04-05 11:17:31,023] {dagbag.py:500} INFO - Filling up the DagBag from /home/airflow/.local/lib/python3.7/site-packages/airflow/example_dags/example_branch_day_of_week_operator.py
[2023-04-05 11:17:31,048] {processor.py:632} INFO - DAG(s) dict_keys(['example_weekday_branch_operator']) retrieved from /home/airflow/.local/lib/python3.7/site-packages/airflow/example_dags/example_branch_day_of_week_operator.py
[2023-04-05 11:17:31,056] {logging_mixin.py:109} INFO - [2023-04-05 11:17:31,056] {dag.py:2389} INFO - Sync 1 DAGs
[2023-04-05 11:17:31,069] {logging_mixin.py:109} INFO - [2023-04-05 11:17:31,069] {dag.py:2921} INFO - Setting next_dagrun for example_weekday_branch_operator to 2023-04-04 00:00:00+00:00
[2023-04-05 11:17:31,077] {processor.py:171} INFO - Processing /home/airflow/.local/lib/python3.7/site-packages/airflow/example_dags/example_branch_day_of_week_operator.py took 0.060 seconds
[2023-04-05 11:18:01,220] {processor.py:163} INFO - Started process (PID=431) to work on /home/airflow/.local/lib/python3.7/site-packages/airflow/example_dags/example_branch_day_of_week_operator.py
[2023-04-05 11:18:01,221] {processor.py:620} INFO - Processing file /home/airflow/.local/lib/python3.7/site-packages/airflow/example_dags/example_branch_day_of_week_operator.py for tasks to queue
[2023-04-05 11:18:01,221] {logging_mixin.py:109} INFO - [2023-04-05 11:18:01,221] {dagbag.py:500} INFO - Filling up the DagBag from /home/airflow/.local/lib/python3.7/site-packages/airflow/example_dags/example_branch_day_of_week_operator.py
[2023-04-05 11:18:01,251] {processor.py:632} INFO - DAG(s) dict_keys(['example_weekday_branch_operator']) retrieved from /home/airflow/.local/lib/python3.7/site-packages/airflow/example_dags/example_branch_day_of_week_operator.py
[2023-04-05 11:18:01,261] {logging_mixin.py:109} INFO - [2023-04-05 11:18:01,261] {dag.py:2389} INFO - Sync 1 DAGs
[2023-04-05 11:18:01,282] {logging_mixin.py:109} INFO - [2023-04-05 11:18:01,282] {dag.py:2921} INFO - Setting next_dagrun for example_weekday_branch_operator to 2023-04-04 00:00:00+00:00
[2023-04-05 11:18:01,294] {processor.py:171} INFO - Processing /home/airflow/.local/lib/python3.7/site-packages/airflow/example_dags/example_branch_day_of_week_operator.py took 0.078 seconds
[2023-04-05 11:18:31,350] {processor.py:163} INFO - Started process (PID=482) to work on /home/airflow/.local/lib/python3.7/site-packages/airflow/example_dags/example_branch_day_of_week_operator.py
[2023-04-05 11:18:31,351] {processor.py:620} INFO - Processing file /home/airflow/.local/lib/python3.7/site-packages/airflow/example_dags/example_branch_day_of_week_operator.py for tasks to queue
[2023-04-05 11:18:31,352] {logging_mixin.py:109} INFO - [2023-04-05 11:18:31,352] {dagbag.py:500} INFO - Filling up the DagBag from /home/airflow/.local/lib/python3.7/site-packages/airflow/example_dags/example_branch_day_of_week_operator.py
[2023-04-05 11:18:31,374] {processor.py:632} INFO - DAG(s) dict_keys(['example_weekday_branch_operator']) retrieved from /home/airflow/.local/lib/python3.7/site-packages/airflow/example_dags/example_branch_day_of_week_operator.py
[2023-04-05 11:18:31,382] {logging_mixin.py:109} INFO - [2023-04-05 11:18:31,382] {dag.py:2389} INFO - Sync 1 DAGs
[2023-04-05 11:18:31,396] {logging_mixin.py:109} INFO - [2023-04-05 11:18:31,396] {dag.py:2921} INFO - Setting next_dagrun for example_weekday_branch_operator to 2023-04-04 00:00:00+00:00
[2023-04-05 11:18:31,406] {processor.py:171} INFO - Processing /home/airflow/.local/lib/python3.7/site-packages/airflow/example_dags/example_branch_day_of_week_operator.py took 0.058 seconds
[2023-04-05 11:19:01,630] {processor.py:163} INFO - Started process (PID=533) to work on /home/airflow/.local/lib/python3.7/site-packages/airflow/example_dags/example_branch_day_of_week_operator.py
[2023-04-05 11:19:01,631] {processor.py:620} INFO - Processing file /home/airflow/.local/lib/python3.7/site-packages/airflow/example_dags/example_branch_day_of_week_operator.py for tasks to queue
[2023-04-05 11:19:01,632] {logging_mixin.py:109} INFO - [2023-04-05 11:19:01,632] {dagbag.py:500} INFO - Filling up the DagBag from /home/airflow/.local/lib/python3.7/site-packages/airflow/example_dags/example_branch_day_of_week_operator.py
[2023-04-05 11:19:01,659] {processor.py:632} INFO - DAG(s) dict_keys(['example_weekday_branch_operator']) retrieved from /home/airflow/.local/lib/python3.7/site-packages/airflow/example_dags/example_branch_day_of_week_operator.py
[2023-04-05 11:19:01,667] {logging_mixin.py:109} INFO - [2023-04-05 11:19:01,667] {dag.py:2389} INFO - Sync 1 DAGs
[2023-04-05 11:19:01,683] {logging_mixin.py:109} INFO - [2023-04-05 11:19:01,683] {dag.py:2921} INFO - Setting next_dagrun for example_weekday_branch_operator to 2023-04-04 00:00:00+00:00
[2023-04-05 11:19:01,693] {processor.py:171} INFO - Processing /home/airflow/.local/lib/python3.7/site-packages/airflow/example_dags/example_branch_day_of_week_operator.py took 0.066 seconds
[2023-04-05 11:19:32,376] {processor.py:163} INFO - Started process (PID=593) to work on /home/airflow/.local/lib/python3.7/site-packages/airflow/example_dags/example_branch_day_of_week_operator.py
[2023-04-05 11:19:32,378] {processor.py:620} INFO - Processing file /home/airflow/.local/lib/python3.7/site-packages/airflow/example_dags/example_branch_day_of_week_operator.py for tasks to queue
[2023-04-05 11:19:32,378] {logging_mixin.py:109} INFO - [2023-04-05 11:19:32,378] {dagbag.py:500} INFO - Filling up the DagBag from /home/airflow/.local/lib/python3.7/site-packages/airflow/example_dags/example_branch_day_of_week_operator.py
[2023-04-05 11:19:32,406] {processor.py:632} INFO - DAG(s) dict_keys(['example_weekday_branch_operator']) retrieved from /home/airflow/.local/lib/python3.7/site-packages/airflow/example_dags/example_branch_day_of_week_operator.py
[2023-04-05 11:19:32,417] {logging_mixin.py:109} INFO - [2023-04-05 11:19:32,417] {dag.py:2389} INFO - Sync 1 DAGs
[2023-04-05 11:19:32,437] {logging_mixin.py:109} INFO - [2023-04-05 11:19:32,437] {dag.py:2921} INFO - Setting next_dagrun for example_weekday_branch_operator to 2023-04-04 00:00:00+00:00
[2023-04-05 11:19:32,449] {processor.py:171} INFO - Processing /home/airflow/.local/lib/python3.7/site-packages/airflow/example_dags/example_branch_day_of_week_operator.py took 0.076 seconds
[2023-04-05 11:20:02,535] {processor.py:163} INFO - Started process (PID=643) to work on /home/airflow/.local/lib/python3.7/site-packages/airflow/example_dags/example_branch_day_of_week_operator.py
[2023-04-05 11:20:02,536] {processor.py:620} INFO - Processing file /home/airflow/.local/lib/python3.7/site-packages/airflow/example_dags/example_branch_day_of_week_operator.py for tasks to queue
[2023-04-05 11:20:02,537] {logging_mixin.py:109} INFO - [2023-04-05 11:20:02,537] {dagbag.py:500} INFO - Filling up the DagBag from /home/airflow/.local/lib/python3.7/site-packages/airflow/example_dags/example_branch_day_of_week_operator.py
[2023-04-05 11:20:02,559] {processor.py:632} INFO - DAG(s) dict_keys(['example_weekday_branch_operator']) retrieved from /home/airflow/.local/lib/python3.7/site-packages/airflow/example_dags/example_branch_day_of_week_operator.py
[2023-04-05 11:20:02,566] {logging_mixin.py:109} INFO - [2023-04-05 11:20:02,566] {dag.py:2389} INFO - Sync 1 DAGs
[2023-04-05 11:20:02,577] {logging_mixin.py:109} INFO - [2023-04-05 11:20:02,577] {dag.py:2921} INFO - Setting next_dagrun for example_weekday_branch_operator to 2023-04-04 00:00:00+00:00
[2023-04-05 11:20:02,586] {processor.py:171} INFO - Processing /home/airflow/.local/lib/python3.7/site-packages/airflow/example_dags/example_branch_day_of_week_operator.py took 0.053 seconds
[2023-04-05 11:20:32,867] {processor.py:163} INFO - Started process (PID=694) to work on /home/airflow/.local/lib/python3.7/site-packages/airflow/example_dags/example_branch_day_of_week_operator.py
[2023-04-05 11:20:32,869] {processor.py:620} INFO - Processing file /home/airflow/.local/lib/python3.7/site-packages/airflow/example_dags/example_branch_day_of_week_operator.py for tasks to queue
[2023-04-05 11:20:32,869] {logging_mixin.py:109} INFO - [2023-04-05 11:20:32,869] {dagbag.py:500} INFO - Filling up the DagBag from /home/airflow/.local/lib/python3.7/site-packages/airflow/example_dags/example_branch_day_of_week_operator.py
[2023-04-05 11:20:32,895] {processor.py:632} INFO - DAG(s) dict_keys(['example_weekday_branch_operator']) retrieved from /home/airflow/.local/lib/python3.7/site-packages/airflow/example_dags/example_branch_day_of_week_operator.py
[2023-04-05 11:20:32,905] {logging_mixin.py:109} INFO - [2023-04-05 11:20:32,905] {dag.py:2389} INFO - Sync 1 DAGs
[2023-04-05 11:20:32,921] {logging_mixin.py:109} INFO - [2023-04-05 11:20:32,921] {dag.py:2921} INFO - Setting next_dagrun for example_weekday_branch_operator to 2023-04-04 00:00:00+00:00
[2023-04-05 11:20:32,930] {processor.py:171} INFO - Processing /home/airflow/.local/lib/python3.7/site-packages/airflow/example_dags/example_branch_day_of_week_operator.py took 0.065 seconds
[2023-04-05 11:24:12,465] {processor.py:163} INFO - Started process (PID=184) to work on /home/airflow/.local/lib/python3.7/site-packages/airflow/example_dags/example_branch_day_of_week_operator.py
[2023-04-05 11:24:12,466] {processor.py:620} INFO - Processing file /home/airflow/.local/lib/python3.7/site-packages/airflow/example_dags/example_branch_day_of_week_operator.py for tasks to queue
[2023-04-05 11:24:12,467] {logging_mixin.py:109} INFO - [2023-04-05 11:24:12,466] {dagbag.py:500} INFO - Filling up the DagBag from /home/airflow/.local/lib/python3.7/site-packages/airflow/example_dags/example_branch_day_of_week_operator.py
[2023-04-05 11:24:12,493] {processor.py:632} INFO - DAG(s) dict_keys(['example_weekday_branch_operator']) retrieved from /home/airflow/.local/lib/python3.7/site-packages/airflow/example_dags/example_branch_day_of_week_operator.py
[2023-04-05 11:24:14,451] {logging_mixin.py:109} INFO - [2023-04-05 11:24:14,451] {providers_manager.py:156} WARNING - Exception when importing 'airflow.providers.google.leveldb.hooks.leveldb.LevelDBHook' from 'apache-airflow-providers-google' package: No module named 'plyvel'
[2023-04-05 11:24:15,142] {logging_mixin.py:109} INFO - [2023-04-05 11:24:15,142] {providers_manager.py:156} WARNING - Exception when importing 'airflow.providers.google.leveldb.hooks.leveldb.LevelDBHook' from 'apache-airflow-providers-google' package: No module named 'plyvel'
[2023-04-05 11:24:15,186] {logging_mixin.py:109} INFO - [2023-04-05 11:24:15,185] {manager.py:496} INFO - Created Permission View: can edit on DAG:example_weekday_branch_operator
[2023-04-05 11:24:15,199] {logging_mixin.py:109} INFO - [2023-04-05 11:24:15,199] {manager.py:496} INFO - Created Permission View: can read on DAG:example_weekday_branch_operator
[2023-04-05 11:24:15,200] {logging_mixin.py:109} INFO - [2023-04-05 11:24:15,200] {dag.py:2389} INFO - Sync 1 DAGs
[2023-04-05 11:24:15,211] {logging_mixin.py:109} INFO - [2023-04-05 11:24:15,211] {dag.py:2408} INFO - Creating ORM DAG for example_weekday_branch_operator
[2023-04-05 11:24:15,230] {logging_mixin.py:109} INFO - [2023-04-05 11:24:15,229] {dag.py:2921} INFO - Setting next_dagrun for example_weekday_branch_operator to 2023-04-04 00:00:00+00:00
[2023-04-05 11:24:15,250] {processor.py:171} INFO - Processing /home/airflow/.local/lib/python3.7/site-packages/airflow/example_dags/example_branch_day_of_week_operator.py took 2.788 seconds
[2023-04-05 11:24:45,903] {processor.py:163} INFO - Started process (PID=371) to work on /home/airflow/.local/lib/python3.7/site-packages/airflow/example_dags/example_branch_day_of_week_operator.py
[2023-04-05 11:24:45,905] {processor.py:620} INFO - Processing file /home/airflow/.local/lib/python3.7/site-packages/airflow/example_dags/example_branch_day_of_week_operator.py for tasks to queue
[2023-04-05 11:24:45,905] {logging_mixin.py:109} INFO - [2023-04-05 11:24:45,905] {dagbag.py:500} INFO - Filling up the DagBag from /home/airflow/.local/lib/python3.7/site-packages/airflow/example_dags/example_branch_day_of_week_operator.py
[2023-04-05 11:24:45,934] {processor.py:632} INFO - DAG(s) dict_keys(['example_weekday_branch_operator']) retrieved from /home/airflow/.local/lib/python3.7/site-packages/airflow/example_dags/example_branch_day_of_week_operator.py
[2023-04-05 11:24:45,942] {logging_mixin.py:109} INFO - [2023-04-05 11:24:45,942] {dag.py:2389} INFO - Sync 1 DAGs
[2023-04-05 11:24:45,960] {logging_mixin.py:109} INFO - [2023-04-05 11:24:45,960] {dag.py:2921} INFO - Setting next_dagrun for example_weekday_branch_operator to 2023-04-04 00:00:00+00:00
[2023-04-05 11:24:45,971] {processor.py:171} INFO - Processing /home/airflow/.local/lib/python3.7/site-packages/airflow/example_dags/example_branch_day_of_week_operator.py took 0.071 seconds
[2023-04-05 11:25:16,557] {processor.py:163} INFO - Started process (PID=422) to work on /home/airflow/.local/lib/python3.7/site-packages/airflow/example_dags/example_branch_day_of_week_operator.py
[2023-04-05 11:25:16,558] {processor.py:620} INFO - Processing file /home/airflow/.local/lib/python3.7/site-packages/airflow/example_dags/example_branch_day_of_week_operator.py for tasks to queue
[2023-04-05 11:25:16,558] {logging_mixin.py:109} INFO - [2023-04-05 11:25:16,558] {dagbag.py:500} INFO - Filling up the DagBag from /home/airflow/.local/lib/python3.7/site-packages/airflow/example_dags/example_branch_day_of_week_operator.py
[2023-04-05 11:25:16,593] {processor.py:632} INFO - DAG(s) dict_keys(['example_weekday_branch_operator']) retrieved from /home/airflow/.local/lib/python3.7/site-packages/airflow/example_dags/example_branch_day_of_week_operator.py
[2023-04-05 11:25:16,604] {logging_mixin.py:109} INFO - [2023-04-05 11:25:16,603] {dag.py:2389} INFO - Sync 1 DAGs
[2023-04-05 11:25:16,624] {logging_mixin.py:109} INFO - [2023-04-05 11:25:16,624] {dag.py:2921} INFO - Setting next_dagrun for example_weekday_branch_operator to 2023-04-04 00:00:00+00:00
[2023-04-05 11:25:16,634] {processor.py:171} INFO - Processing /home/airflow/.local/lib/python3.7/site-packages/airflow/example_dags/example_branch_day_of_week_operator.py took 0.080 seconds
[2023-04-05 11:25:47,244] {processor.py:163} INFO - Started process (PID=482) to work on /home/airflow/.local/lib/python3.7/site-packages/airflow/example_dags/example_branch_day_of_week_operator.py
[2023-04-05 11:25:47,245] {processor.py:620} INFO - Processing file /home/airflow/.local/lib/python3.7/site-packages/airflow/example_dags/example_branch_day_of_week_operator.py for tasks to queue
[2023-04-05 11:25:47,246] {logging_mixin.py:109} INFO - [2023-04-05 11:25:47,246] {dagbag.py:500} INFO - Filling up the DagBag from /home/airflow/.local/lib/python3.7/site-packages/airflow/example_dags/example_branch_day_of_week_operator.py
[2023-04-05 11:25:47,272] {processor.py:632} INFO - DAG(s) dict_keys(['example_weekday_branch_operator']) retrieved from /home/airflow/.local/lib/python3.7/site-packages/airflow/example_dags/example_branch_day_of_week_operator.py
[2023-04-05 11:25:47,282] {logging_mixin.py:109} INFO - [2023-04-05 11:25:47,282] {dag.py:2389} INFO - Sync 1 DAGs
[2023-04-05 11:25:47,300] {logging_mixin.py:109} INFO - [2023-04-05 11:25:47,299] {dag.py:2921} INFO - Setting next_dagrun for example_weekday_branch_operator to 2023-04-04 00:00:00+00:00
[2023-04-05 11:25:47,310] {processor.py:171} INFO - Processing /home/airflow/.local/lib/python3.7/site-packages/airflow/example_dags/example_branch_day_of_week_operator.py took 0.068 seconds
[2023-04-05 11:26:17,740] {processor.py:163} INFO - Started process (PID=533) to work on /home/airflow/.local/lib/python3.7/site-packages/airflow/example_dags/example_branch_day_of_week_operator.py
[2023-04-05 11:26:17,747] {processor.py:620} INFO - Processing file /home/airflow/.local/lib/python3.7/site-packages/airflow/example_dags/example_branch_day_of_week_operator.py for tasks to queue
[2023-04-05 11:26:17,748] {logging_mixin.py:109} INFO - [2023-04-05 11:26:17,748] {dagbag.py:500} INFO - Filling up the DagBag from /home/airflow/.local/lib/python3.7/site-packages/airflow/example_dags/example_branch_day_of_week_operator.py
[2023-04-05 11:26:17,767] {processor.py:632} INFO - DAG(s) dict_keys(['example_weekday_branch_operator']) retrieved from /home/airflow/.local/lib/python3.7/site-packages/airflow/example_dags/example_branch_day_of_week_operator.py
[2023-04-05 11:26:17,774] {logging_mixin.py:109} INFO - [2023-04-05 11:26:17,774] {dag.py:2389} INFO - Sync 1 DAGs
[2023-04-05 11:26:17,787] {logging_mixin.py:109} INFO - [2023-04-05 11:26:17,787] {dag.py:2921} INFO - Setting next_dagrun for example_weekday_branch_operator to 2023-04-04 00:00:00+00:00
[2023-04-05 11:26:17,796] {processor.py:171} INFO - Processing /home/airflow/.local/lib/python3.7/site-packages/airflow/example_dags/example_branch_day_of_week_operator.py took 0.059 seconds
[2023-04-05 11:26:48,152] {processor.py:163} INFO - Started process (PID=593) to work on /home/airflow/.local/lib/python3.7/site-packages/airflow/example_dags/example_branch_day_of_week_operator.py
[2023-04-05 11:26:48,153] {processor.py:620} INFO - Processing file /home/airflow/.local/lib/python3.7/site-packages/airflow/example_dags/example_branch_day_of_week_operator.py for tasks to queue
[2023-04-05 11:26:48,154] {logging_mixin.py:109} INFO - [2023-04-05 11:26:48,153] {dagbag.py:500} INFO - Filling up the DagBag from /home/airflow/.local/lib/python3.7/site-packages/airflow/example_dags/example_branch_day_of_week_operator.py
[2023-04-05 11:26:48,179] {processor.py:632} INFO - DAG(s) dict_keys(['example_weekday_branch_operator']) retrieved from /home/airflow/.local/lib/python3.7/site-packages/airflow/example_dags/example_branch_day_of_week_operator.py
[2023-04-05 11:26:48,189] {logging_mixin.py:109} INFO - [2023-04-05 11:26:48,189] {dag.py:2389} INFO - Sync 1 DAGs
[2023-04-05 11:26:48,207] {logging_mixin.py:109} INFO - [2023-04-05 11:26:48,207] {dag.py:2921} INFO - Setting next_dagrun for example_weekday_branch_operator to 2023-04-04 00:00:00+00:00
[2023-04-05 11:26:48,218] {processor.py:171} INFO - Processing /home/airflow/.local/lib/python3.7/site-packages/airflow/example_dags/example_branch_day_of_week_operator.py took 0.068 seconds
[2023-04-05 11:27:18,586] {processor.py:163} INFO - Started process (PID=644) to work on /home/airflow/.local/lib/python3.7/site-packages/airflow/example_dags/example_branch_day_of_week_operator.py
[2023-04-05 11:27:18,587] {processor.py:620} INFO - Processing file /home/airflow/.local/lib/python3.7/site-packages/airflow/example_dags/example_branch_day_of_week_operator.py for tasks to queue
[2023-04-05 11:27:18,587] {logging_mixin.py:109} INFO - [2023-04-05 11:27:18,587] {dagbag.py:500} INFO - Filling up the DagBag from /home/airflow/.local/lib/python3.7/site-packages/airflow/example_dags/example_branch_day_of_week_operator.py
[2023-04-05 11:27:18,607] {processor.py:632} INFO - DAG(s) dict_keys(['example_weekday_branch_operator']) retrieved from /home/airflow/.local/lib/python3.7/site-packages/airflow/example_dags/example_branch_day_of_week_operator.py
[2023-04-05 11:27:18,615] {logging_mixin.py:109} INFO - [2023-04-05 11:27:18,615] {dag.py:2389} INFO - Sync 1 DAGs
[2023-04-05 11:27:18,626] {logging_mixin.py:109} INFO - [2023-04-05 11:27:18,626] {dag.py:2921} INFO - Setting next_dagrun for example_weekday_branch_operator to 2023-04-04 00:00:00+00:00
[2023-04-05 11:27:18,634] {processor.py:171} INFO - Processing /home/airflow/.local/lib/python3.7/site-packages/airflow/example_dags/example_branch_day_of_week_operator.py took 0.051 seconds
[2023-04-05 11:27:49,023] {processor.py:163} INFO - Started process (PID=695) to work on /home/airflow/.local/lib/python3.7/site-packages/airflow/example_dags/example_branch_day_of_week_operator.py
[2023-04-05 11:27:49,031] {processor.py:620} INFO - Processing file /home/airflow/.local/lib/python3.7/site-packages/airflow/example_dags/example_branch_day_of_week_operator.py for tasks to queue
[2023-04-05 11:27:49,031] {logging_mixin.py:109} INFO - [2023-04-05 11:27:49,031] {dagbag.py:500} INFO - Filling up the DagBag from /home/airflow/.local/lib/python3.7/site-packages/airflow/example_dags/example_branch_day_of_week_operator.py
[2023-04-05 11:27:49,059] {processor.py:632} INFO - DAG(s) dict_keys(['example_weekday_branch_operator']) retrieved from /home/airflow/.local/lib/python3.7/site-packages/airflow/example_dags/example_branch_day_of_week_operator.py
[2023-04-05 11:27:49,068] {logging_mixin.py:109} INFO - [2023-04-05 11:27:49,068] {dag.py:2389} INFO - Sync 1 DAGs
[2023-04-05 11:27:49,087] {logging_mixin.py:109} INFO - [2023-04-05 11:27:49,086] {dag.py:2921} INFO - Setting next_dagrun for example_weekday_branch_operator to 2023-04-04 00:00:00+00:00
[2023-04-05 11:27:49,097] {processor.py:171} INFO - Processing /home/airflow/.local/lib/python3.7/site-packages/airflow/example_dags/example_branch_day_of_week_operator.py took 0.077 seconds
