[2023-04-05 11:17:02,923] {processor.py:163} INFO - Started process (PID=221) to work on /home/airflow/.local/lib/python3.7/site-packages/airflow/example_dags/example_nested_branch_dag.py
[2023-04-05 11:17:02,924] {processor.py:620} INFO - Processing file /home/airflow/.local/lib/python3.7/site-packages/airflow/example_dags/example_nested_branch_dag.py for tasks to queue
[2023-04-05 11:17:02,925] {logging_mixin.py:109} INFO - [2023-04-05 11:17:02,925] {dagbag.py:500} INFO - Filling up the DagBag from /home/airflow/.local/lib/python3.7/site-packages/airflow/example_dags/example_nested_branch_dag.py
[2023-04-05 11:17:02,955] {processor.py:632} INFO - DAG(s) dict_keys(['example_nested_branch_dag']) retrieved from /home/airflow/.local/lib/python3.7/site-packages/airflow/example_dags/example_nested_branch_dag.py
[2023-04-05 11:17:04,615] {logging_mixin.py:109} INFO - [2023-04-05 11:17:04,614] {providers_manager.py:156} WARNING - Exception when importing 'airflow.providers.google.leveldb.hooks.leveldb.LevelDBHook' from 'apache-airflow-providers-google' package: No module named 'plyvel'
[2023-04-05 11:17:05,116] {logging_mixin.py:109} INFO - [2023-04-05 11:17:05,116] {providers_manager.py:156} WARNING - Exception when importing 'airflow.providers.google.leveldb.hooks.leveldb.LevelDBHook' from 'apache-airflow-providers-google' package: No module named 'plyvel'
[2023-04-05 11:17:05,141] {logging_mixin.py:109} INFO - [2023-04-05 11:17:05,141] {manager.py:496} INFO - Created Permission View: can read on DAG:example_nested_branch_dag
[2023-04-05 11:17:05,149] {logging_mixin.py:109} INFO - [2023-04-05 11:17:05,149] {manager.py:496} INFO - Created Permission View: can edit on DAG:example_nested_branch_dag
[2023-04-05 11:17:05,150] {logging_mixin.py:109} INFO - [2023-04-05 11:17:05,150] {dag.py:2389} INFO - Sync 1 DAGs
[2023-04-05 11:17:05,159] {logging_mixin.py:109} INFO - [2023-04-05 11:17:05,159] {dag.py:2408} INFO - Creating ORM DAG for example_nested_branch_dag
[2023-04-05 11:17:05,171] {logging_mixin.py:109} INFO - [2023-04-05 11:17:05,171] {dag.py:2921} INFO - Setting next_dagrun for example_nested_branch_dag to 2023-04-04 00:00:00+00:00
[2023-04-05 11:17:05,185] {processor.py:171} INFO - Processing /home/airflow/.local/lib/python3.7/site-packages/airflow/example_dags/example_nested_branch_dag.py took 2.266 seconds
[2023-04-05 11:17:35,220] {processor.py:163} INFO - Started process (PID=384) to work on /home/airflow/.local/lib/python3.7/site-packages/airflow/example_dags/example_nested_branch_dag.py
[2023-04-05 11:17:35,222] {processor.py:620} INFO - Processing file /home/airflow/.local/lib/python3.7/site-packages/airflow/example_dags/example_nested_branch_dag.py for tasks to queue
[2023-04-05 11:17:35,222] {logging_mixin.py:109} INFO - [2023-04-05 11:17:35,222] {dagbag.py:500} INFO - Filling up the DagBag from /home/airflow/.local/lib/python3.7/site-packages/airflow/example_dags/example_nested_branch_dag.py
[2023-04-05 11:17:35,252] {processor.py:632} INFO - DAG(s) dict_keys(['example_nested_branch_dag']) retrieved from /home/airflow/.local/lib/python3.7/site-packages/airflow/example_dags/example_nested_branch_dag.py
[2023-04-05 11:17:35,266] {logging_mixin.py:109} INFO - [2023-04-05 11:17:35,266] {dag.py:2389} INFO - Sync 1 DAGs
[2023-04-05 11:17:35,291] {logging_mixin.py:109} INFO - [2023-04-05 11:17:35,291] {dag.py:2921} INFO - Setting next_dagrun for example_nested_branch_dag to 2023-04-04 00:00:00+00:00
[2023-04-05 11:17:35,302] {processor.py:171} INFO - Processing /home/airflow/.local/lib/python3.7/site-packages/airflow/example_dags/example_nested_branch_dag.py took 0.086 seconds
[2023-04-05 11:18:05,582] {processor.py:163} INFO - Started process (PID=436) to work on /home/airflow/.local/lib/python3.7/site-packages/airflow/example_dags/example_nested_branch_dag.py
[2023-04-05 11:18:05,582] {processor.py:620} INFO - Processing file /home/airflow/.local/lib/python3.7/site-packages/airflow/example_dags/example_nested_branch_dag.py for tasks to queue
[2023-04-05 11:18:05,583] {logging_mixin.py:109} INFO - [2023-04-05 11:18:05,583] {dagbag.py:500} INFO - Filling up the DagBag from /home/airflow/.local/lib/python3.7/site-packages/airflow/example_dags/example_nested_branch_dag.py
[2023-04-05 11:18:05,607] {processor.py:632} INFO - DAG(s) dict_keys(['example_nested_branch_dag']) retrieved from /home/airflow/.local/lib/python3.7/site-packages/airflow/example_dags/example_nested_branch_dag.py
[2023-04-05 11:18:05,614] {logging_mixin.py:109} INFO - [2023-04-05 11:18:05,614] {dag.py:2389} INFO - Sync 1 DAGs
[2023-04-05 11:18:05,628] {logging_mixin.py:109} INFO - [2023-04-05 11:18:05,628] {dag.py:2921} INFO - Setting next_dagrun for example_nested_branch_dag to 2023-04-04 00:00:00+00:00
[2023-04-05 11:18:05,636] {processor.py:171} INFO - Processing /home/airflow/.local/lib/python3.7/site-packages/airflow/example_dags/example_nested_branch_dag.py took 0.058 seconds
[2023-04-05 11:18:35,731] {processor.py:163} INFO - Started process (PID=487) to work on /home/airflow/.local/lib/python3.7/site-packages/airflow/example_dags/example_nested_branch_dag.py
[2023-04-05 11:18:35,733] {processor.py:620} INFO - Processing file /home/airflow/.local/lib/python3.7/site-packages/airflow/example_dags/example_nested_branch_dag.py for tasks to queue
[2023-04-05 11:18:35,733] {logging_mixin.py:109} INFO - [2023-04-05 11:18:35,733] {dagbag.py:500} INFO - Filling up the DagBag from /home/airflow/.local/lib/python3.7/site-packages/airflow/example_dags/example_nested_branch_dag.py
[2023-04-05 11:18:35,761] {processor.py:632} INFO - DAG(s) dict_keys(['example_nested_branch_dag']) retrieved from /home/airflow/.local/lib/python3.7/site-packages/airflow/example_dags/example_nested_branch_dag.py
[2023-04-05 11:18:35,774] {logging_mixin.py:109} INFO - [2023-04-05 11:18:35,774] {dag.py:2389} INFO - Sync 1 DAGs
[2023-04-05 11:18:35,792] {logging_mixin.py:109} INFO - [2023-04-05 11:18:35,792] {dag.py:2921} INFO - Setting next_dagrun for example_nested_branch_dag to 2023-04-04 00:00:00+00:00
[2023-04-05 11:18:35,802] {processor.py:171} INFO - Processing /home/airflow/.local/lib/python3.7/site-packages/airflow/example_dags/example_nested_branch_dag.py took 0.075 seconds
[2023-04-05 11:19:06,832] {processor.py:163} INFO - Started process (PID=547) to work on /home/airflow/.local/lib/python3.7/site-packages/airflow/example_dags/example_nested_branch_dag.py
[2023-04-05 11:19:06,834] {processor.py:620} INFO - Processing file /home/airflow/.local/lib/python3.7/site-packages/airflow/example_dags/example_nested_branch_dag.py for tasks to queue
[2023-04-05 11:19:06,834] {logging_mixin.py:109} INFO - [2023-04-05 11:19:06,834] {dagbag.py:500} INFO - Filling up the DagBag from /home/airflow/.local/lib/python3.7/site-packages/airflow/example_dags/example_nested_branch_dag.py
[2023-04-05 11:19:06,869] {processor.py:632} INFO - DAG(s) dict_keys(['example_nested_branch_dag']) retrieved from /home/airflow/.local/lib/python3.7/site-packages/airflow/example_dags/example_nested_branch_dag.py
[2023-04-05 11:19:06,883] {logging_mixin.py:109} INFO - [2023-04-05 11:19:06,883] {dag.py:2389} INFO - Sync 1 DAGs
[2023-04-05 11:19:06,916] {logging_mixin.py:109} INFO - [2023-04-05 11:19:06,915] {dag.py:2921} INFO - Setting next_dagrun for example_nested_branch_dag to 2023-04-04 00:00:00+00:00
[2023-04-05 11:19:06,928] {processor.py:171} INFO - Processing /home/airflow/.local/lib/python3.7/site-packages/airflow/example_dags/example_nested_branch_dag.py took 0.101 seconds
[2023-04-05 11:19:37,847] {processor.py:163} INFO - Started process (PID=598) to work on /home/airflow/.local/lib/python3.7/site-packages/airflow/example_dags/example_nested_branch_dag.py
[2023-04-05 11:19:37,848] {processor.py:620} INFO - Processing file /home/airflow/.local/lib/python3.7/site-packages/airflow/example_dags/example_nested_branch_dag.py for tasks to queue
[2023-04-05 11:19:37,848] {logging_mixin.py:109} INFO - [2023-04-05 11:19:37,848] {dagbag.py:500} INFO - Filling up the DagBag from /home/airflow/.local/lib/python3.7/site-packages/airflow/example_dags/example_nested_branch_dag.py
[2023-04-05 11:19:37,871] {processor.py:632} INFO - DAG(s) dict_keys(['example_nested_branch_dag']) retrieved from /home/airflow/.local/lib/python3.7/site-packages/airflow/example_dags/example_nested_branch_dag.py
[2023-04-05 11:19:37,881] {logging_mixin.py:109} INFO - [2023-04-05 11:19:37,881] {dag.py:2389} INFO - Sync 1 DAGs
[2023-04-05 11:19:37,895] {logging_mixin.py:109} INFO - [2023-04-05 11:19:37,895] {dag.py:2921} INFO - Setting next_dagrun for example_nested_branch_dag to 2023-04-04 00:00:00+00:00
[2023-04-05 11:19:37,904] {processor.py:171} INFO - Processing /home/airflow/.local/lib/python3.7/site-packages/airflow/example_dags/example_nested_branch_dag.py took 0.059 seconds
[2023-04-05 11:20:07,924] {processor.py:163} INFO - Started process (PID=648) to work on /home/airflow/.local/lib/python3.7/site-packages/airflow/example_dags/example_nested_branch_dag.py
[2023-04-05 11:20:07,924] {processor.py:620} INFO - Processing file /home/airflow/.local/lib/python3.7/site-packages/airflow/example_dags/example_nested_branch_dag.py for tasks to queue
[2023-04-05 11:20:07,925] {logging_mixin.py:109} INFO - [2023-04-05 11:20:07,925] {dagbag.py:500} INFO - Filling up the DagBag from /home/airflow/.local/lib/python3.7/site-packages/airflow/example_dags/example_nested_branch_dag.py
[2023-04-05 11:20:07,951] {processor.py:632} INFO - DAG(s) dict_keys(['example_nested_branch_dag']) retrieved from /home/airflow/.local/lib/python3.7/site-packages/airflow/example_dags/example_nested_branch_dag.py
[2023-04-05 11:20:07,960] {logging_mixin.py:109} INFO - [2023-04-05 11:20:07,960] {dag.py:2389} INFO - Sync 1 DAGs
[2023-04-05 11:20:07,974] {logging_mixin.py:109} INFO - [2023-04-05 11:20:07,974] {dag.py:2921} INFO - Setting next_dagrun for example_nested_branch_dag to 2023-04-04 00:00:00+00:00
[2023-04-05 11:20:07,983] {processor.py:171} INFO - Processing /home/airflow/.local/lib/python3.7/site-packages/airflow/example_dags/example_nested_branch_dag.py took 0.061 seconds
[2023-04-05 11:20:38,026] {processor.py:163} INFO - Started process (PID=708) to work on /home/airflow/.local/lib/python3.7/site-packages/airflow/example_dags/example_nested_branch_dag.py
[2023-04-05 11:20:38,027] {processor.py:620} INFO - Processing file /home/airflow/.local/lib/python3.7/site-packages/airflow/example_dags/example_nested_branch_dag.py for tasks to queue
[2023-04-05 11:20:38,027] {logging_mixin.py:109} INFO - [2023-04-05 11:20:38,027] {dagbag.py:500} INFO - Filling up the DagBag from /home/airflow/.local/lib/python3.7/site-packages/airflow/example_dags/example_nested_branch_dag.py
[2023-04-05 11:20:38,049] {processor.py:632} INFO - DAG(s) dict_keys(['example_nested_branch_dag']) retrieved from /home/airflow/.local/lib/python3.7/site-packages/airflow/example_dags/example_nested_branch_dag.py
[2023-04-05 11:20:38,058] {logging_mixin.py:109} INFO - [2023-04-05 11:20:38,057] {dag.py:2389} INFO - Sync 1 DAGs
[2023-04-05 11:20:38,068] {logging_mixin.py:109} INFO - [2023-04-05 11:20:38,068] {dag.py:2921} INFO - Setting next_dagrun for example_nested_branch_dag to 2023-04-04 00:00:00+00:00
[2023-04-05 11:20:38,077] {processor.py:171} INFO - Processing /home/airflow/.local/lib/python3.7/site-packages/airflow/example_dags/example_nested_branch_dag.py took 0.054 seconds
[2023-04-05 11:24:18,238] {processor.py:163} INFO - Started process (PID=221) to work on /home/airflow/.local/lib/python3.7/site-packages/airflow/example_dags/example_nested_branch_dag.py
[2023-04-05 11:24:18,239] {processor.py:620} INFO - Processing file /home/airflow/.local/lib/python3.7/site-packages/airflow/example_dags/example_nested_branch_dag.py for tasks to queue
[2023-04-05 11:24:18,240] {logging_mixin.py:109} INFO - [2023-04-05 11:24:18,240] {dagbag.py:500} INFO - Filling up the DagBag from /home/airflow/.local/lib/python3.7/site-packages/airflow/example_dags/example_nested_branch_dag.py
[2023-04-05 11:24:18,272] {processor.py:632} INFO - DAG(s) dict_keys(['example_nested_branch_dag']) retrieved from /home/airflow/.local/lib/python3.7/site-packages/airflow/example_dags/example_nested_branch_dag.py
[2023-04-05 11:24:20,535] {logging_mixin.py:109} INFO - [2023-04-05 11:24:20,535] {providers_manager.py:156} WARNING - Exception when importing 'airflow.providers.google.leveldb.hooks.leveldb.LevelDBHook' from 'apache-airflow-providers-google' package: No module named 'plyvel'
[2023-04-05 11:24:21,229] {logging_mixin.py:109} INFO - [2023-04-05 11:24:21,229] {providers_manager.py:156} WARNING - Exception when importing 'airflow.providers.google.leveldb.hooks.leveldb.LevelDBHook' from 'apache-airflow-providers-google' package: No module named 'plyvel'
[2023-04-05 11:24:21,254] {logging_mixin.py:109} INFO - [2023-04-05 11:24:21,253] {manager.py:496} INFO - Created Permission View: can edit on DAG:example_nested_branch_dag
[2023-04-05 11:24:21,266] {logging_mixin.py:109} INFO - [2023-04-05 11:24:21,266] {manager.py:496} INFO - Created Permission View: can read on DAG:example_nested_branch_dag
[2023-04-05 11:24:21,267] {logging_mixin.py:109} INFO - [2023-04-05 11:24:21,267] {dag.py:2389} INFO - Sync 1 DAGs
[2023-04-05 11:24:21,278] {logging_mixin.py:109} INFO - [2023-04-05 11:24:21,277] {dag.py:2408} INFO - Creating ORM DAG for example_nested_branch_dag
[2023-04-05 11:24:21,293] {logging_mixin.py:109} INFO - [2023-04-05 11:24:21,292] {dag.py:2921} INFO - Setting next_dagrun for example_nested_branch_dag to 2023-04-04 00:00:00+00:00
[2023-04-05 11:24:21,311] {processor.py:171} INFO - Processing /home/airflow/.local/lib/python3.7/site-packages/airflow/example_dags/example_nested_branch_dag.py took 3.077 seconds
[2023-04-05 11:24:51,697] {processor.py:163} INFO - Started process (PID=385) to work on /home/airflow/.local/lib/python3.7/site-packages/airflow/example_dags/example_nested_branch_dag.py
[2023-04-05 11:24:51,700] {processor.py:620} INFO - Processing file /home/airflow/.local/lib/python3.7/site-packages/airflow/example_dags/example_nested_branch_dag.py for tasks to queue
[2023-04-05 11:24:51,701] {logging_mixin.py:109} INFO - [2023-04-05 11:24:51,700] {dagbag.py:500} INFO - Filling up the DagBag from /home/airflow/.local/lib/python3.7/site-packages/airflow/example_dags/example_nested_branch_dag.py
[2023-04-05 11:24:51,752] {processor.py:632} INFO - DAG(s) dict_keys(['example_nested_branch_dag']) retrieved from /home/airflow/.local/lib/python3.7/site-packages/airflow/example_dags/example_nested_branch_dag.py
[2023-04-05 11:24:51,777] {logging_mixin.py:109} INFO - [2023-04-05 11:24:51,776] {dag.py:2389} INFO - Sync 1 DAGs
[2023-04-05 11:24:51,819] {logging_mixin.py:109} INFO - [2023-04-05 11:24:51,819] {dag.py:2921} INFO - Setting next_dagrun for example_nested_branch_dag to 2023-04-04 00:00:00+00:00
[2023-04-05 11:24:51,836] {processor.py:171} INFO - Processing /home/airflow/.local/lib/python3.7/site-packages/airflow/example_dags/example_nested_branch_dag.py took 0.144 seconds
[2023-04-05 11:25:22,035] {processor.py:163} INFO - Started process (PID=436) to work on /home/airflow/.local/lib/python3.7/site-packages/airflow/example_dags/example_nested_branch_dag.py
[2023-04-05 11:25:22,036] {processor.py:620} INFO - Processing file /home/airflow/.local/lib/python3.7/site-packages/airflow/example_dags/example_nested_branch_dag.py for tasks to queue
[2023-04-05 11:25:22,037] {logging_mixin.py:109} INFO - [2023-04-05 11:25:22,037] {dagbag.py:500} INFO - Filling up the DagBag from /home/airflow/.local/lib/python3.7/site-packages/airflow/example_dags/example_nested_branch_dag.py
[2023-04-05 11:25:22,066] {processor.py:632} INFO - DAG(s) dict_keys(['example_nested_branch_dag']) retrieved from /home/airflow/.local/lib/python3.7/site-packages/airflow/example_dags/example_nested_branch_dag.py
[2023-04-05 11:25:22,079] {logging_mixin.py:109} INFO - [2023-04-05 11:25:22,079] {dag.py:2389} INFO - Sync 1 DAGs
[2023-04-05 11:25:22,100] {logging_mixin.py:109} INFO - [2023-04-05 11:25:22,100] {dag.py:2921} INFO - Setting next_dagrun for example_nested_branch_dag to 2023-04-04 00:00:00+00:00
[2023-04-05 11:25:22,111] {processor.py:171} INFO - Processing /home/airflow/.local/lib/python3.7/site-packages/airflow/example_dags/example_nested_branch_dag.py took 0.079 seconds
[2023-04-05 11:25:52,399] {processor.py:163} INFO - Started process (PID=487) to work on /home/airflow/.local/lib/python3.7/site-packages/airflow/example_dags/example_nested_branch_dag.py
[2023-04-05 11:25:52,401] {processor.py:620} INFO - Processing file /home/airflow/.local/lib/python3.7/site-packages/airflow/example_dags/example_nested_branch_dag.py for tasks to queue
[2023-04-05 11:25:52,401] {logging_mixin.py:109} INFO - [2023-04-05 11:25:52,401] {dagbag.py:500} INFO - Filling up the DagBag from /home/airflow/.local/lib/python3.7/site-packages/airflow/example_dags/example_nested_branch_dag.py
[2023-04-05 11:25:52,440] {processor.py:632} INFO - DAG(s) dict_keys(['example_nested_branch_dag']) retrieved from /home/airflow/.local/lib/python3.7/site-packages/airflow/example_dags/example_nested_branch_dag.py
[2023-04-05 11:25:52,453] {logging_mixin.py:109} INFO - [2023-04-05 11:25:52,453] {dag.py:2389} INFO - Sync 1 DAGs
[2023-04-05 11:25:52,474] {logging_mixin.py:109} INFO - [2023-04-05 11:25:52,473] {dag.py:2921} INFO - Setting next_dagrun for example_nested_branch_dag to 2023-04-04 00:00:00+00:00
[2023-04-05 11:25:52,484] {processor.py:171} INFO - Processing /home/airflow/.local/lib/python3.7/site-packages/airflow/example_dags/example_nested_branch_dag.py took 0.089 seconds
[2023-04-05 11:26:22,894] {processor.py:163} INFO - Started process (PID=547) to work on /home/airflow/.local/lib/python3.7/site-packages/airflow/example_dags/example_nested_branch_dag.py
[2023-04-05 11:26:22,895] {processor.py:620} INFO - Processing file /home/airflow/.local/lib/python3.7/site-packages/airflow/example_dags/example_nested_branch_dag.py for tasks to queue
[2023-04-05 11:26:22,896] {logging_mixin.py:109} INFO - [2023-04-05 11:26:22,896] {dagbag.py:500} INFO - Filling up the DagBag from /home/airflow/.local/lib/python3.7/site-packages/airflow/example_dags/example_nested_branch_dag.py
[2023-04-05 11:26:22,923] {processor.py:632} INFO - DAG(s) dict_keys(['example_nested_branch_dag']) retrieved from /home/airflow/.local/lib/python3.7/site-packages/airflow/example_dags/example_nested_branch_dag.py
[2023-04-05 11:26:22,932] {logging_mixin.py:109} INFO - [2023-04-05 11:26:22,932] {dag.py:2389} INFO - Sync 1 DAGs
[2023-04-05 11:26:22,946] {logging_mixin.py:109} INFO - [2023-04-05 11:26:22,946] {dag.py:2921} INFO - Setting next_dagrun for example_nested_branch_dag to 2023-04-04 00:00:00+00:00
[2023-04-05 11:26:22,955] {processor.py:171} INFO - Processing /home/airflow/.local/lib/python3.7/site-packages/airflow/example_dags/example_nested_branch_dag.py took 0.064 seconds
[2023-04-05 11:26:53,317] {processor.py:163} INFO - Started process (PID=598) to work on /home/airflow/.local/lib/python3.7/site-packages/airflow/example_dags/example_nested_branch_dag.py
[2023-04-05 11:26:53,318] {processor.py:620} INFO - Processing file /home/airflow/.local/lib/python3.7/site-packages/airflow/example_dags/example_nested_branch_dag.py for tasks to queue
[2023-04-05 11:26:53,319] {logging_mixin.py:109} INFO - [2023-04-05 11:26:53,319] {dagbag.py:500} INFO - Filling up the DagBag from /home/airflow/.local/lib/python3.7/site-packages/airflow/example_dags/example_nested_branch_dag.py
[2023-04-05 11:26:53,341] {processor.py:632} INFO - DAG(s) dict_keys(['example_nested_branch_dag']) retrieved from /home/airflow/.local/lib/python3.7/site-packages/airflow/example_dags/example_nested_branch_dag.py
[2023-04-05 11:26:53,350] {logging_mixin.py:109} INFO - [2023-04-05 11:26:53,350] {dag.py:2389} INFO - Sync 1 DAGs
[2023-04-05 11:26:53,365] {logging_mixin.py:109} INFO - [2023-04-05 11:26:53,365] {dag.py:2921} INFO - Setting next_dagrun for example_nested_branch_dag to 2023-04-04 00:00:00+00:00
[2023-04-05 11:26:53,372] {processor.py:171} INFO - Processing /home/airflow/.local/lib/python3.7/site-packages/airflow/example_dags/example_nested_branch_dag.py took 0.058 seconds
[2023-04-05 11:27:23,771] {processor.py:163} INFO - Started process (PID=649) to work on /home/airflow/.local/lib/python3.7/site-packages/airflow/example_dags/example_nested_branch_dag.py
[2023-04-05 11:27:23,773] {processor.py:620} INFO - Processing file /home/airflow/.local/lib/python3.7/site-packages/airflow/example_dags/example_nested_branch_dag.py for tasks to queue
[2023-04-05 11:27:23,773] {logging_mixin.py:109} INFO - [2023-04-05 11:27:23,773] {dagbag.py:500} INFO - Filling up the DagBag from /home/airflow/.local/lib/python3.7/site-packages/airflow/example_dags/example_nested_branch_dag.py
[2023-04-05 11:27:23,796] {processor.py:632} INFO - DAG(s) dict_keys(['example_nested_branch_dag']) retrieved from /home/airflow/.local/lib/python3.7/site-packages/airflow/example_dags/example_nested_branch_dag.py
[2023-04-05 11:27:23,805] {logging_mixin.py:109} INFO - [2023-04-05 11:27:23,804] {dag.py:2389} INFO - Sync 1 DAGs
[2023-04-05 11:27:23,819] {logging_mixin.py:109} INFO - [2023-04-05 11:27:23,819] {dag.py:2921} INFO - Setting next_dagrun for example_nested_branch_dag to 2023-04-04 00:00:00+00:00
[2023-04-05 11:27:23,829] {processor.py:171} INFO - Processing /home/airflow/.local/lib/python3.7/site-packages/airflow/example_dags/example_nested_branch_dag.py took 0.060 seconds
[2023-04-05 11:27:54,134] {processor.py:163} INFO - Started process (PID=709) to work on /home/airflow/.local/lib/python3.7/site-packages/airflow/example_dags/example_nested_branch_dag.py
[2023-04-05 11:27:54,135] {processor.py:620} INFO - Processing file /home/airflow/.local/lib/python3.7/site-packages/airflow/example_dags/example_nested_branch_dag.py for tasks to queue
[2023-04-05 11:27:54,136] {logging_mixin.py:109} INFO - [2023-04-05 11:27:54,136] {dagbag.py:500} INFO - Filling up the DagBag from /home/airflow/.local/lib/python3.7/site-packages/airflow/example_dags/example_nested_branch_dag.py
[2023-04-05 11:27:54,163] {processor.py:632} INFO - DAG(s) dict_keys(['example_nested_branch_dag']) retrieved from /home/airflow/.local/lib/python3.7/site-packages/airflow/example_dags/example_nested_branch_dag.py
[2023-04-05 11:27:54,175] {logging_mixin.py:109} INFO - [2023-04-05 11:27:54,175] {dag.py:2389} INFO - Sync 1 DAGs
[2023-04-05 11:27:54,193] {logging_mixin.py:109} INFO - [2023-04-05 11:27:54,193] {dag.py:2921} INFO - Setting next_dagrun for example_nested_branch_dag to 2023-04-04 00:00:00+00:00
[2023-04-05 11:27:54,203] {processor.py:171} INFO - Processing /home/airflow/.local/lib/python3.7/site-packages/airflow/example_dags/example_nested_branch_dag.py took 0.071 seconds
