[2023-04-05 11:17:10,891] {processor.py:163} INFO - Started process (PID=282) to work on /home/airflow/.local/lib/python3.7/site-packages/airflow/example_dags/example_branch_python_dop_operator_3.py
[2023-04-05 11:17:10,892] {processor.py:620} INFO - Processing file /home/airflow/.local/lib/python3.7/site-packages/airflow/example_dags/example_branch_python_dop_operator_3.py for tasks to queue
[2023-04-05 11:17:10,893] {logging_mixin.py:109} INFO - [2023-04-05 11:17:10,893] {dagbag.py:500} INFO - Filling up the DagBag from /home/airflow/.local/lib/python3.7/site-packages/airflow/example_dags/example_branch_python_dop_operator_3.py
[2023-04-05 11:17:10,929] {processor.py:632} INFO - DAG(s) dict_keys(['example_branch_dop_operator_v3']) retrieved from /home/airflow/.local/lib/python3.7/site-packages/airflow/example_dags/example_branch_python_dop_operator_3.py
[2023-04-05 11:17:13,409] {logging_mixin.py:109} INFO - [2023-04-05 11:17:13,409] {providers_manager.py:156} WARNING - Exception when importing 'airflow.providers.google.leveldb.hooks.leveldb.LevelDBHook' from 'apache-airflow-providers-google' package: No module named 'plyvel'
[2023-04-05 11:17:14,116] {logging_mixin.py:109} INFO - [2023-04-05 11:17:14,116] {providers_manager.py:156} WARNING - Exception when importing 'airflow.providers.google.leveldb.hooks.leveldb.LevelDBHook' from 'apache-airflow-providers-google' package: No module named 'plyvel'
[2023-04-05 11:17:14,159] {logging_mixin.py:109} INFO - [2023-04-05 11:17:14,159] {manager.py:496} INFO - Created Permission View: can read on DAG:example_branch_dop_operator_v3
[2023-04-05 11:17:14,180] {logging_mixin.py:109} INFO - [2023-04-05 11:17:14,180] {manager.py:496} INFO - Created Permission View: can edit on DAG:example_branch_dop_operator_v3
[2023-04-05 11:17:14,181] {logging_mixin.py:109} INFO - [2023-04-05 11:17:14,180] {dag.py:2389} INFO - Sync 1 DAGs
[2023-04-05 11:17:14,194] {logging_mixin.py:109} INFO - [2023-04-05 11:17:14,194] {dag.py:2408} INFO - Creating ORM DAG for example_branch_dop_operator_v3
[2023-04-05 11:17:14,220] {logging_mixin.py:109} INFO - [2023-04-05 11:17:14,219] {dag.py:2921} INFO - Setting next_dagrun for example_branch_dop_operator_v3 to 2023-04-05T11:16:00+00:00
[2023-04-05 11:17:14,243] {processor.py:171} INFO - Processing /home/airflow/.local/lib/python3.7/site-packages/airflow/example_dags/example_branch_python_dop_operator_3.py took 3.356 seconds
[2023-04-05 11:17:44,522] {processor.py:163} INFO - Started process (PID=389) to work on /home/airflow/.local/lib/python3.7/site-packages/airflow/example_dags/example_branch_python_dop_operator_3.py
[2023-04-05 11:17:44,524] {processor.py:620} INFO - Processing file /home/airflow/.local/lib/python3.7/site-packages/airflow/example_dags/example_branch_python_dop_operator_3.py for tasks to queue
[2023-04-05 11:17:44,524] {logging_mixin.py:109} INFO - [2023-04-05 11:17:44,524] {dagbag.py:500} INFO - Filling up the DagBag from /home/airflow/.local/lib/python3.7/site-packages/airflow/example_dags/example_branch_python_dop_operator_3.py
[2023-04-05 11:17:44,545] {processor.py:632} INFO - DAG(s) dict_keys(['example_branch_dop_operator_v3']) retrieved from /home/airflow/.local/lib/python3.7/site-packages/airflow/example_dags/example_branch_python_dop_operator_3.py
[2023-04-05 11:17:44,551] {logging_mixin.py:109} INFO - [2023-04-05 11:17:44,551] {dag.py:2389} INFO - Sync 1 DAGs
[2023-04-05 11:17:44,562] {logging_mixin.py:109} INFO - [2023-04-05 11:17:44,562] {dag.py:2921} INFO - Setting next_dagrun for example_branch_dop_operator_v3 to 2023-04-05T11:16:00+00:00
[2023-04-05 11:17:44,570] {processor.py:171} INFO - Processing /home/airflow/.local/lib/python3.7/site-packages/airflow/example_dags/example_branch_python_dop_operator_3.py took 0.052 seconds
[2023-04-05 11:18:14,818] {processor.py:163} INFO - Started process (PID=450) to work on /home/airflow/.local/lib/python3.7/site-packages/airflow/example_dags/example_branch_python_dop_operator_3.py
[2023-04-05 11:18:14,819] {processor.py:620} INFO - Processing file /home/airflow/.local/lib/python3.7/site-packages/airflow/example_dags/example_branch_python_dop_operator_3.py for tasks to queue
[2023-04-05 11:18:14,820] {logging_mixin.py:109} INFO - [2023-04-05 11:18:14,820] {dagbag.py:500} INFO - Filling up the DagBag from /home/airflow/.local/lib/python3.7/site-packages/airflow/example_dags/example_branch_python_dop_operator_3.py
[2023-04-05 11:18:14,846] {processor.py:632} INFO - DAG(s) dict_keys(['example_branch_dop_operator_v3']) retrieved from /home/airflow/.local/lib/python3.7/site-packages/airflow/example_dags/example_branch_python_dop_operator_3.py
[2023-04-05 11:18:14,856] {logging_mixin.py:109} INFO - [2023-04-05 11:18:14,856] {dag.py:2389} INFO - Sync 1 DAGs
[2023-04-05 11:18:14,876] {logging_mixin.py:109} INFO - [2023-04-05 11:18:14,876] {dag.py:2921} INFO - Setting next_dagrun for example_branch_dop_operator_v3 to 2023-04-05T11:17:00+00:00
[2023-04-05 11:18:14,887] {processor.py:171} INFO - Processing /home/airflow/.local/lib/python3.7/site-packages/airflow/example_dags/example_branch_python_dop_operator_3.py took 0.071 seconds
[2023-04-05 11:18:44,921] {processor.py:163} INFO - Started process (PID=501) to work on /home/airflow/.local/lib/python3.7/site-packages/airflow/example_dags/example_branch_python_dop_operator_3.py
[2023-04-05 11:18:44,922] {processor.py:620} INFO - Processing file /home/airflow/.local/lib/python3.7/site-packages/airflow/example_dags/example_branch_python_dop_operator_3.py for tasks to queue
[2023-04-05 11:18:44,923] {logging_mixin.py:109} INFO - [2023-04-05 11:18:44,922] {dagbag.py:500} INFO - Filling up the DagBag from /home/airflow/.local/lib/python3.7/site-packages/airflow/example_dags/example_branch_python_dop_operator_3.py
[2023-04-05 11:18:44,952] {processor.py:632} INFO - DAG(s) dict_keys(['example_branch_dop_operator_v3']) retrieved from /home/airflow/.local/lib/python3.7/site-packages/airflow/example_dags/example_branch_python_dop_operator_3.py
[2023-04-05 11:18:44,962] {logging_mixin.py:109} INFO - [2023-04-05 11:18:44,962] {dag.py:2389} INFO - Sync 1 DAGs
[2023-04-05 11:18:44,987] {logging_mixin.py:109} INFO - [2023-04-05 11:18:44,986] {dag.py:2921} INFO - Setting next_dagrun for example_branch_dop_operator_v3 to 2023-04-05T11:17:00+00:00
[2023-04-05 11:18:44,997] {processor.py:171} INFO - Processing /home/airflow/.local/lib/python3.7/site-packages/airflow/example_dags/example_branch_python_dop_operator_3.py took 0.080 seconds
[2023-04-05 11:19:15,131] {processor.py:163} INFO - Started process (PID=552) to work on /home/airflow/.local/lib/python3.7/site-packages/airflow/example_dags/example_branch_python_dop_operator_3.py
[2023-04-05 11:19:15,132] {processor.py:620} INFO - Processing file /home/airflow/.local/lib/python3.7/site-packages/airflow/example_dags/example_branch_python_dop_operator_3.py for tasks to queue
[2023-04-05 11:19:15,133] {logging_mixin.py:109} INFO - [2023-04-05 11:19:15,132] {dagbag.py:500} INFO - Filling up the DagBag from /home/airflow/.local/lib/python3.7/site-packages/airflow/example_dags/example_branch_python_dop_operator_3.py
[2023-04-05 11:19:15,154] {processor.py:632} INFO - DAG(s) dict_keys(['example_branch_dop_operator_v3']) retrieved from /home/airflow/.local/lib/python3.7/site-packages/airflow/example_dags/example_branch_python_dop_operator_3.py
[2023-04-05 11:19:15,162] {logging_mixin.py:109} INFO - [2023-04-05 11:19:15,162] {dag.py:2389} INFO - Sync 1 DAGs
[2023-04-05 11:19:15,176] {logging_mixin.py:109} INFO - [2023-04-05 11:19:15,176] {dag.py:2921} INFO - Setting next_dagrun for example_branch_dop_operator_v3 to 2023-04-05T11:18:00+00:00
[2023-04-05 11:19:15,186] {processor.py:171} INFO - Processing /home/airflow/.local/lib/python3.7/site-packages/airflow/example_dags/example_branch_python_dop_operator_3.py took 0.056 seconds
[2023-04-05 11:19:45,223] {processor.py:163} INFO - Started process (PID=612) to work on /home/airflow/.local/lib/python3.7/site-packages/airflow/example_dags/example_branch_python_dop_operator_3.py
[2023-04-05 11:19:45,225] {processor.py:620} INFO - Processing file /home/airflow/.local/lib/python3.7/site-packages/airflow/example_dags/example_branch_python_dop_operator_3.py for tasks to queue
[2023-04-05 11:19:45,225] {logging_mixin.py:109} INFO - [2023-04-05 11:19:45,225] {dagbag.py:500} INFO - Filling up the DagBag from /home/airflow/.local/lib/python3.7/site-packages/airflow/example_dags/example_branch_python_dop_operator_3.py
[2023-04-05 11:19:45,261] {processor.py:632} INFO - DAG(s) dict_keys(['example_branch_dop_operator_v3']) retrieved from /home/airflow/.local/lib/python3.7/site-packages/airflow/example_dags/example_branch_python_dop_operator_3.py
[2023-04-05 11:19:45,273] {logging_mixin.py:109} INFO - [2023-04-05 11:19:45,273] {dag.py:2389} INFO - Sync 1 DAGs
[2023-04-05 11:19:45,298] {logging_mixin.py:109} INFO - [2023-04-05 11:19:45,298] {dag.py:2921} INFO - Setting next_dagrun for example_branch_dop_operator_v3 to 2023-04-05T11:18:00+00:00
[2023-04-05 11:19:45,309] {processor.py:171} INFO - Processing /home/airflow/.local/lib/python3.7/site-packages/airflow/example_dags/example_branch_python_dop_operator_3.py took 0.089 seconds
[2023-04-05 11:20:15,373] {processor.py:163} INFO - Started process (PID=662) to work on /home/airflow/.local/lib/python3.7/site-packages/airflow/example_dags/example_branch_python_dop_operator_3.py
[2023-04-05 11:20:15,373] {processor.py:620} INFO - Processing file /home/airflow/.local/lib/python3.7/site-packages/airflow/example_dags/example_branch_python_dop_operator_3.py for tasks to queue
[2023-04-05 11:20:15,374] {logging_mixin.py:109} INFO - [2023-04-05 11:20:15,374] {dagbag.py:500} INFO - Filling up the DagBag from /home/airflow/.local/lib/python3.7/site-packages/airflow/example_dags/example_branch_python_dop_operator_3.py
[2023-04-05 11:20:15,399] {processor.py:632} INFO - DAG(s) dict_keys(['example_branch_dop_operator_v3']) retrieved from /home/airflow/.local/lib/python3.7/site-packages/airflow/example_dags/example_branch_python_dop_operator_3.py
[2023-04-05 11:20:15,408] {logging_mixin.py:109} INFO - [2023-04-05 11:20:15,408] {dag.py:2389} INFO - Sync 1 DAGs
[2023-04-05 11:20:15,425] {logging_mixin.py:109} INFO - [2023-04-05 11:20:15,424] {dag.py:2921} INFO - Setting next_dagrun for example_branch_dop_operator_v3 to 2023-04-05T11:19:00+00:00
[2023-04-05 11:20:15,434] {processor.py:171} INFO - Processing /home/airflow/.local/lib/python3.7/site-packages/airflow/example_dags/example_branch_python_dop_operator_3.py took 0.065 seconds
[2023-04-05 11:24:26,893] {processor.py:163} INFO - Started process (PID=283) to work on /home/airflow/.local/lib/python3.7/site-packages/airflow/example_dags/example_branch_python_dop_operator_3.py
[2023-04-05 11:24:26,895] {processor.py:620} INFO - Processing file /home/airflow/.local/lib/python3.7/site-packages/airflow/example_dags/example_branch_python_dop_operator_3.py for tasks to queue
[2023-04-05 11:24:26,896] {logging_mixin.py:109} INFO - [2023-04-05 11:24:26,896] {dagbag.py:500} INFO - Filling up the DagBag from /home/airflow/.local/lib/python3.7/site-packages/airflow/example_dags/example_branch_python_dop_operator_3.py
[2023-04-05 11:24:26,962] {processor.py:632} INFO - DAG(s) dict_keys(['example_branch_dop_operator_v3']) retrieved from /home/airflow/.local/lib/python3.7/site-packages/airflow/example_dags/example_branch_python_dop_operator_3.py
[2023-04-05 11:24:28,797] {logging_mixin.py:109} INFO - [2023-04-05 11:24:28,797] {providers_manager.py:156} WARNING - Exception when importing 'airflow.providers.google.leveldb.hooks.leveldb.LevelDBHook' from 'apache-airflow-providers-google' package: No module named 'plyvel'
[2023-04-05 11:24:29,276] {logging_mixin.py:109} INFO - [2023-04-05 11:24:29,276] {providers_manager.py:156} WARNING - Exception when importing 'airflow.providers.google.leveldb.hooks.leveldb.LevelDBHook' from 'apache-airflow-providers-google' package: No module named 'plyvel'
[2023-04-05 11:24:29,305] {logging_mixin.py:109} INFO - [2023-04-05 11:24:29,305] {manager.py:496} INFO - Created Permission View: can edit on DAG:example_branch_dop_operator_v3
[2023-04-05 11:24:29,315] {logging_mixin.py:109} INFO - [2023-04-05 11:24:29,315] {manager.py:496} INFO - Created Permission View: can read on DAG:example_branch_dop_operator_v3
[2023-04-05 11:24:29,316] {logging_mixin.py:109} INFO - [2023-04-05 11:24:29,316] {dag.py:2389} INFO - Sync 1 DAGs
[2023-04-05 11:24:29,325] {logging_mixin.py:109} INFO - [2023-04-05 11:24:29,325] {dag.py:2408} INFO - Creating ORM DAG for example_branch_dop_operator_v3
[2023-04-05 11:24:29,342] {logging_mixin.py:109} INFO - [2023-04-05 11:24:29,342] {dag.py:2921} INFO - Setting next_dagrun for example_branch_dop_operator_v3 to 2023-04-05T11:23:00+00:00
[2023-04-05 11:24:29,360] {processor.py:171} INFO - Processing /home/airflow/.local/lib/python3.7/site-packages/airflow/example_dags/example_branch_python_dop_operator_3.py took 2.470 seconds
[2023-04-05 11:24:59,477] {processor.py:163} INFO - Started process (PID=390) to work on /home/airflow/.local/lib/python3.7/site-packages/airflow/example_dags/example_branch_python_dop_operator_3.py
[2023-04-05 11:24:59,479] {processor.py:620} INFO - Processing file /home/airflow/.local/lib/python3.7/site-packages/airflow/example_dags/example_branch_python_dop_operator_3.py for tasks to queue
[2023-04-05 11:24:59,480] {logging_mixin.py:109} INFO - [2023-04-05 11:24:59,479] {dagbag.py:500} INFO - Filling up the DagBag from /home/airflow/.local/lib/python3.7/site-packages/airflow/example_dags/example_branch_python_dop_operator_3.py
[2023-04-05 11:24:59,500] {processor.py:632} INFO - DAG(s) dict_keys(['example_branch_dop_operator_v3']) retrieved from /home/airflow/.local/lib/python3.7/site-packages/airflow/example_dags/example_branch_python_dop_operator_3.py
[2023-04-05 11:24:59,507] {logging_mixin.py:109} INFO - [2023-04-05 11:24:59,507] {dag.py:2389} INFO - Sync 1 DAGs
[2023-04-05 11:24:59,522] {logging_mixin.py:109} INFO - [2023-04-05 11:24:59,522] {dag.py:2921} INFO - Setting next_dagrun for example_branch_dop_operator_v3 to 2023-04-05T11:23:00+00:00
[2023-04-05 11:24:59,530] {processor.py:171} INFO - Processing /home/airflow/.local/lib/python3.7/site-packages/airflow/example_dags/example_branch_python_dop_operator_3.py took 0.055 seconds
[2023-04-05 11:25:30,199] {processor.py:163} INFO - Started process (PID=441) to work on /home/airflow/.local/lib/python3.7/site-packages/airflow/example_dags/example_branch_python_dop_operator_3.py
[2023-04-05 11:25:30,200] {processor.py:620} INFO - Processing file /home/airflow/.local/lib/python3.7/site-packages/airflow/example_dags/example_branch_python_dop_operator_3.py for tasks to queue
[2023-04-05 11:25:30,201] {logging_mixin.py:109} INFO - [2023-04-05 11:25:30,201] {dagbag.py:500} INFO - Filling up the DagBag from /home/airflow/.local/lib/python3.7/site-packages/airflow/example_dags/example_branch_python_dop_operator_3.py
[2023-04-05 11:25:30,227] {processor.py:632} INFO - DAG(s) dict_keys(['example_branch_dop_operator_v3']) retrieved from /home/airflow/.local/lib/python3.7/site-packages/airflow/example_dags/example_branch_python_dop_operator_3.py
[2023-04-05 11:25:30,236] {logging_mixin.py:109} INFO - [2023-04-05 11:25:30,236] {dag.py:2389} INFO - Sync 1 DAGs
[2023-04-05 11:25:30,259] {logging_mixin.py:109} INFO - [2023-04-05 11:25:30,259] {dag.py:2921} INFO - Setting next_dagrun for example_branch_dop_operator_v3 to 2023-04-05T11:24:00+00:00
[2023-04-05 11:25:30,270] {processor.py:171} INFO - Processing /home/airflow/.local/lib/python3.7/site-packages/airflow/example_dags/example_branch_python_dop_operator_3.py took 0.074 seconds
[2023-04-05 11:26:00,809] {processor.py:163} INFO - Started process (PID=501) to work on /home/airflow/.local/lib/python3.7/site-packages/airflow/example_dags/example_branch_python_dop_operator_3.py
[2023-04-05 11:26:00,812] {processor.py:620} INFO - Processing file /home/airflow/.local/lib/python3.7/site-packages/airflow/example_dags/example_branch_python_dop_operator_3.py for tasks to queue
[2023-04-05 11:26:00,813] {logging_mixin.py:109} INFO - [2023-04-05 11:26:00,813] {dagbag.py:500} INFO - Filling up the DagBag from /home/airflow/.local/lib/python3.7/site-packages/airflow/example_dags/example_branch_python_dop_operator_3.py
[2023-04-05 11:26:00,844] {processor.py:632} INFO - DAG(s) dict_keys(['example_branch_dop_operator_v3']) retrieved from /home/airflow/.local/lib/python3.7/site-packages/airflow/example_dags/example_branch_python_dop_operator_3.py
[2023-04-05 11:26:00,853] {logging_mixin.py:109} INFO - [2023-04-05 11:26:00,853] {dag.py:2389} INFO - Sync 1 DAGs
[2023-04-05 11:26:00,873] {logging_mixin.py:109} INFO - [2023-04-05 11:26:00,873] {dag.py:2921} INFO - Setting next_dagrun for example_branch_dop_operator_v3 to 2023-04-05T11:25:00+00:00
[2023-04-05 11:26:00,883] {processor.py:171} INFO - Processing /home/airflow/.local/lib/python3.7/site-packages/airflow/example_dags/example_branch_python_dop_operator_3.py took 0.078 seconds
[2023-04-05 11:26:31,062] {processor.py:163} INFO - Started process (PID=552) to work on /home/airflow/.local/lib/python3.7/site-packages/airflow/example_dags/example_branch_python_dop_operator_3.py
[2023-04-05 11:26:31,063] {processor.py:620} INFO - Processing file /home/airflow/.local/lib/python3.7/site-packages/airflow/example_dags/example_branch_python_dop_operator_3.py for tasks to queue
[2023-04-05 11:26:31,063] {logging_mixin.py:109} INFO - [2023-04-05 11:26:31,063] {dagbag.py:500} INFO - Filling up the DagBag from /home/airflow/.local/lib/python3.7/site-packages/airflow/example_dags/example_branch_python_dop_operator_3.py
[2023-04-05 11:26:31,085] {processor.py:632} INFO - DAG(s) dict_keys(['example_branch_dop_operator_v3']) retrieved from /home/airflow/.local/lib/python3.7/site-packages/airflow/example_dags/example_branch_python_dop_operator_3.py
[2023-04-05 11:26:31,092] {logging_mixin.py:109} INFO - [2023-04-05 11:26:31,091] {dag.py:2389} INFO - Sync 1 DAGs
[2023-04-05 11:26:31,107] {logging_mixin.py:109} INFO - [2023-04-05 11:26:31,106] {dag.py:2921} INFO - Setting next_dagrun for example_branch_dop_operator_v3 to 2023-04-05T11:25:00+00:00
[2023-04-05 11:26:31,114] {processor.py:171} INFO - Processing /home/airflow/.local/lib/python3.7/site-packages/airflow/example_dags/example_branch_python_dop_operator_3.py took 0.054 seconds
[2023-04-05 11:27:01,488] {processor.py:163} INFO - Started process (PID=612) to work on /home/airflow/.local/lib/python3.7/site-packages/airflow/example_dags/example_branch_python_dop_operator_3.py
[2023-04-05 11:27:01,495] {processor.py:620} INFO - Processing file /home/airflow/.local/lib/python3.7/site-packages/airflow/example_dags/example_branch_python_dop_operator_3.py for tasks to queue
[2023-04-05 11:27:01,496] {logging_mixin.py:109} INFO - [2023-04-05 11:27:01,496] {dagbag.py:500} INFO - Filling up the DagBag from /home/airflow/.local/lib/python3.7/site-packages/airflow/example_dags/example_branch_python_dop_operator_3.py
[2023-04-05 11:27:01,527] {processor.py:632} INFO - DAG(s) dict_keys(['example_branch_dop_operator_v3']) retrieved from /home/airflow/.local/lib/python3.7/site-packages/airflow/example_dags/example_branch_python_dop_operator_3.py
[2023-04-05 11:27:01,536] {logging_mixin.py:109} INFO - [2023-04-05 11:27:01,536] {dag.py:2389} INFO - Sync 1 DAGs
[2023-04-05 11:27:01,554] {logging_mixin.py:109} INFO - [2023-04-05 11:27:01,554] {dag.py:2921} INFO - Setting next_dagrun for example_branch_dop_operator_v3 to 2023-04-05T11:26:00+00:00
[2023-04-05 11:27:01,562] {processor.py:171} INFO - Processing /home/airflow/.local/lib/python3.7/site-packages/airflow/example_dags/example_branch_python_dop_operator_3.py took 0.077 seconds
[2023-04-05 11:27:32,039] {processor.py:163} INFO - Started process (PID=663) to work on /home/airflow/.local/lib/python3.7/site-packages/airflow/example_dags/example_branch_python_dop_operator_3.py
[2023-04-05 11:27:32,040] {processor.py:620} INFO - Processing file /home/airflow/.local/lib/python3.7/site-packages/airflow/example_dags/example_branch_python_dop_operator_3.py for tasks to queue
[2023-04-05 11:27:32,040] {logging_mixin.py:109} INFO - [2023-04-05 11:27:32,040] {dagbag.py:500} INFO - Filling up the DagBag from /home/airflow/.local/lib/python3.7/site-packages/airflow/example_dags/example_branch_python_dop_operator_3.py
[2023-04-05 11:27:32,062] {processor.py:632} INFO - DAG(s) dict_keys(['example_branch_dop_operator_v3']) retrieved from /home/airflow/.local/lib/python3.7/site-packages/airflow/example_dags/example_branch_python_dop_operator_3.py
[2023-04-05 11:27:32,070] {logging_mixin.py:109} INFO - [2023-04-05 11:27:32,070] {dag.py:2389} INFO - Sync 1 DAGs
[2023-04-05 11:27:32,085] {logging_mixin.py:109} INFO - [2023-04-05 11:27:32,085] {dag.py:2921} INFO - Setting next_dagrun for example_branch_dop_operator_v3 to 2023-04-05T11:26:00+00:00
[2023-04-05 11:27:32,093] {processor.py:171} INFO - Processing /home/airflow/.local/lib/python3.7/site-packages/airflow/example_dags/example_branch_python_dop_operator_3.py took 0.057 seconds
