[2023-04-05 11:17:05,214] {processor.py:163} INFO - Started process (PID=239) to work on /home/airflow/.local/lib/python3.7/site-packages/airflow/example_dags/example_bash_operator.py
[2023-04-05 11:17:05,216] {processor.py:620} INFO - Processing file /home/airflow/.local/lib/python3.7/site-packages/airflow/example_dags/example_bash_operator.py for tasks to queue
[2023-04-05 11:17:05,217] {logging_mixin.py:109} INFO - [2023-04-05 11:17:05,216] {dagbag.py:500} INFO - Filling up the DagBag from /home/airflow/.local/lib/python3.7/site-packages/airflow/example_dags/example_bash_operator.py
[2023-04-05 11:17:05,258] {processor.py:632} INFO - DAG(s) dict_keys(['example_bash_operator']) retrieved from /home/airflow/.local/lib/python3.7/site-packages/airflow/example_dags/example_bash_operator.py
[2023-04-05 11:17:07,732] {logging_mixin.py:109} INFO - [2023-04-05 11:17:07,732] {providers_manager.py:156} WARNING - Exception when importing 'airflow.providers.google.leveldb.hooks.leveldb.LevelDBHook' from 'apache-airflow-providers-google' package: No module named 'plyvel'
[2023-04-05 11:17:08,316] {logging_mixin.py:109} INFO - [2023-04-05 11:17:08,316] {providers_manager.py:156} WARNING - Exception when importing 'airflow.providers.google.leveldb.hooks.leveldb.LevelDBHook' from 'apache-airflow-providers-google' package: No module named 'plyvel'
[2023-04-05 11:17:08,342] {logging_mixin.py:109} INFO - [2023-04-05 11:17:08,342] {manager.py:496} INFO - Created Permission View: can read on DAG:example_bash_operator
[2023-04-05 11:17:08,351] {logging_mixin.py:109} INFO - [2023-04-05 11:17:08,351] {manager.py:496} INFO - Created Permission View: can edit on DAG:example_bash_operator
[2023-04-05 11:17:08,352] {logging_mixin.py:109} INFO - [2023-04-05 11:17:08,351] {dag.py:2389} INFO - Sync 1 DAGs
[2023-04-05 11:17:08,359] {logging_mixin.py:109} INFO - [2023-04-05 11:17:08,359] {dag.py:2408} INFO - Creating ORM DAG for example_bash_operator
[2023-04-05 11:17:08,368] {logging_mixin.py:109} INFO - [2023-04-05 11:17:08,368] {dag.py:2921} INFO - Setting next_dagrun for example_bash_operator to 2023-04-04 00:00:00+00:00
[2023-04-05 11:17:08,380] {processor.py:171} INFO - Processing /home/airflow/.local/lib/python3.7/site-packages/airflow/example_dags/example_bash_operator.py took 3.170 seconds
[2023-04-05 11:17:39,329] {processor.py:163} INFO - Started process (PID=386) to work on /home/airflow/.local/lib/python3.7/site-packages/airflow/example_dags/example_bash_operator.py
[2023-04-05 11:17:39,330] {processor.py:620} INFO - Processing file /home/airflow/.local/lib/python3.7/site-packages/airflow/example_dags/example_bash_operator.py for tasks to queue
[2023-04-05 11:17:39,331] {logging_mixin.py:109} INFO - [2023-04-05 11:17:39,331] {dagbag.py:500} INFO - Filling up the DagBag from /home/airflow/.local/lib/python3.7/site-packages/airflow/example_dags/example_bash_operator.py
[2023-04-05 11:17:39,354] {processor.py:632} INFO - DAG(s) dict_keys(['example_bash_operator']) retrieved from /home/airflow/.local/lib/python3.7/site-packages/airflow/example_dags/example_bash_operator.py
[2023-04-05 11:17:39,361] {logging_mixin.py:109} INFO - [2023-04-05 11:17:39,361] {dag.py:2389} INFO - Sync 1 DAGs
[2023-04-05 11:17:39,371] {logging_mixin.py:109} INFO - [2023-04-05 11:17:39,371] {dag.py:2921} INFO - Setting next_dagrun for example_bash_operator to 2023-04-04 00:00:00+00:00
[2023-04-05 11:17:39,379] {processor.py:171} INFO - Processing /home/airflow/.local/lib/python3.7/site-packages/airflow/example_dags/example_bash_operator.py took 0.052 seconds
[2023-04-05 11:18:09,657] {processor.py:163} INFO - Started process (PID=438) to work on /home/airflow/.local/lib/python3.7/site-packages/airflow/example_dags/example_bash_operator.py
[2023-04-05 11:18:09,657] {processor.py:620} INFO - Processing file /home/airflow/.local/lib/python3.7/site-packages/airflow/example_dags/example_bash_operator.py for tasks to queue
[2023-04-05 11:18:09,658] {logging_mixin.py:109} INFO - [2023-04-05 11:18:09,658] {dagbag.py:500} INFO - Filling up the DagBag from /home/airflow/.local/lib/python3.7/site-packages/airflow/example_dags/example_bash_operator.py
[2023-04-05 11:18:09,686] {processor.py:632} INFO - DAG(s) dict_keys(['example_bash_operator']) retrieved from /home/airflow/.local/lib/python3.7/site-packages/airflow/example_dags/example_bash_operator.py
[2023-04-05 11:18:09,695] {logging_mixin.py:109} INFO - [2023-04-05 11:18:09,695] {dag.py:2389} INFO - Sync 1 DAGs
[2023-04-05 11:18:09,712] {logging_mixin.py:109} INFO - [2023-04-05 11:18:09,711] {dag.py:2921} INFO - Setting next_dagrun for example_bash_operator to 2023-04-04 00:00:00+00:00
[2023-04-05 11:18:09,721] {processor.py:171} INFO - Processing /home/airflow/.local/lib/python3.7/site-packages/airflow/example_dags/example_bash_operator.py took 0.067 seconds
[2023-04-05 11:18:39,752] {processor.py:163} INFO - Started process (PID=498) to work on /home/airflow/.local/lib/python3.7/site-packages/airflow/example_dags/example_bash_operator.py
[2023-04-05 11:18:39,760] {processor.py:620} INFO - Processing file /home/airflow/.local/lib/python3.7/site-packages/airflow/example_dags/example_bash_operator.py for tasks to queue
[2023-04-05 11:18:39,761] {logging_mixin.py:109} INFO - [2023-04-05 11:18:39,761] {dagbag.py:500} INFO - Filling up the DagBag from /home/airflow/.local/lib/python3.7/site-packages/airflow/example_dags/example_bash_operator.py
[2023-04-05 11:18:39,799] {processor.py:632} INFO - DAG(s) dict_keys(['example_bash_operator']) retrieved from /home/airflow/.local/lib/python3.7/site-packages/airflow/example_dags/example_bash_operator.py
[2023-04-05 11:18:39,813] {logging_mixin.py:109} INFO - [2023-04-05 11:18:39,813] {dag.py:2389} INFO - Sync 1 DAGs
[2023-04-05 11:18:39,837] {logging_mixin.py:109} INFO - [2023-04-05 11:18:39,837] {dag.py:2921} INFO - Setting next_dagrun for example_bash_operator to 2023-04-04 00:00:00+00:00
[2023-04-05 11:18:39,849] {processor.py:171} INFO - Processing /home/airflow/.local/lib/python3.7/site-packages/airflow/example_dags/example_bash_operator.py took 0.101 seconds
[2023-04-05 11:19:09,955] {processor.py:163} INFO - Started process (PID=549) to work on /home/airflow/.local/lib/python3.7/site-packages/airflow/example_dags/example_bash_operator.py
[2023-04-05 11:19:09,956] {processor.py:620} INFO - Processing file /home/airflow/.local/lib/python3.7/site-packages/airflow/example_dags/example_bash_operator.py for tasks to queue
[2023-04-05 11:19:09,956] {logging_mixin.py:109} INFO - [2023-04-05 11:19:09,956] {dagbag.py:500} INFO - Filling up the DagBag from /home/airflow/.local/lib/python3.7/site-packages/airflow/example_dags/example_bash_operator.py
[2023-04-05 11:19:09,980] {processor.py:632} INFO - DAG(s) dict_keys(['example_bash_operator']) retrieved from /home/airflow/.local/lib/python3.7/site-packages/airflow/example_dags/example_bash_operator.py
[2023-04-05 11:19:09,991] {logging_mixin.py:109} INFO - [2023-04-05 11:19:09,991] {dag.py:2389} INFO - Sync 1 DAGs
[2023-04-05 11:19:10,007] {logging_mixin.py:109} INFO - [2023-04-05 11:19:10,007] {dag.py:2921} INFO - Setting next_dagrun for example_bash_operator to 2023-04-04 00:00:00+00:00
[2023-04-05 11:19:10,018] {processor.py:171} INFO - Processing /home/airflow/.local/lib/python3.7/site-packages/airflow/example_dags/example_bash_operator.py took 0.065 seconds
[2023-04-05 11:19:40,133] {processor.py:163} INFO - Started process (PID=600) to work on /home/airflow/.local/lib/python3.7/site-packages/airflow/example_dags/example_bash_operator.py
[2023-04-05 11:19:40,134] {processor.py:620} INFO - Processing file /home/airflow/.local/lib/python3.7/site-packages/airflow/example_dags/example_bash_operator.py for tasks to queue
[2023-04-05 11:19:40,135] {logging_mixin.py:109} INFO - [2023-04-05 11:19:40,135] {dagbag.py:500} INFO - Filling up the DagBag from /home/airflow/.local/lib/python3.7/site-packages/airflow/example_dags/example_bash_operator.py
[2023-04-05 11:19:40,162] {processor.py:632} INFO - DAG(s) dict_keys(['example_bash_operator']) retrieved from /home/airflow/.local/lib/python3.7/site-packages/airflow/example_dags/example_bash_operator.py
[2023-04-05 11:19:40,170] {logging_mixin.py:109} INFO - [2023-04-05 11:19:40,170] {dag.py:2389} INFO - Sync 1 DAGs
[2023-04-05 11:19:40,186] {logging_mixin.py:109} INFO - [2023-04-05 11:19:40,186] {dag.py:2921} INFO - Setting next_dagrun for example_bash_operator to 2023-04-04 00:00:00+00:00
[2023-04-05 11:19:40,195] {processor.py:171} INFO - Processing /home/airflow/.local/lib/python3.7/site-packages/airflow/example_dags/example_bash_operator.py took 0.064 seconds
[2023-04-05 11:20:10,278] {processor.py:163} INFO - Started process (PID=660) to work on /home/airflow/.local/lib/python3.7/site-packages/airflow/example_dags/example_bash_operator.py
[2023-04-05 11:20:10,279] {processor.py:620} INFO - Processing file /home/airflow/.local/lib/python3.7/site-packages/airflow/example_dags/example_bash_operator.py for tasks to queue
[2023-04-05 11:20:10,280] {logging_mixin.py:109} INFO - [2023-04-05 11:20:10,280] {dagbag.py:500} INFO - Filling up the DagBag from /home/airflow/.local/lib/python3.7/site-packages/airflow/example_dags/example_bash_operator.py
[2023-04-05 11:20:10,308] {processor.py:632} INFO - DAG(s) dict_keys(['example_bash_operator']) retrieved from /home/airflow/.local/lib/python3.7/site-packages/airflow/example_dags/example_bash_operator.py
[2023-04-05 11:20:10,319] {logging_mixin.py:109} INFO - [2023-04-05 11:20:10,319] {dag.py:2389} INFO - Sync 1 DAGs
[2023-04-05 11:20:10,338] {logging_mixin.py:109} INFO - [2023-04-05 11:20:10,338] {dag.py:2921} INFO - Setting next_dagrun for example_bash_operator to 2023-04-04 00:00:00+00:00
[2023-04-05 11:20:10,348] {processor.py:171} INFO - Processing /home/airflow/.local/lib/python3.7/site-packages/airflow/example_dags/example_bash_operator.py took 0.073 seconds
[2023-04-05 11:20:40,402] {processor.py:163} INFO - Started process (PID=711) to work on /home/airflow/.local/lib/python3.7/site-packages/airflow/example_dags/example_bash_operator.py
[2023-04-05 11:20:40,403] {processor.py:620} INFO - Processing file /home/airflow/.local/lib/python3.7/site-packages/airflow/example_dags/example_bash_operator.py for tasks to queue
[2023-04-05 11:20:40,403] {logging_mixin.py:109} INFO - [2023-04-05 11:20:40,403] {dagbag.py:500} INFO - Filling up the DagBag from /home/airflow/.local/lib/python3.7/site-packages/airflow/example_dags/example_bash_operator.py
[2023-04-05 11:20:40,429] {processor.py:632} INFO - DAG(s) dict_keys(['example_bash_operator']) retrieved from /home/airflow/.local/lib/python3.7/site-packages/airflow/example_dags/example_bash_operator.py
[2023-04-05 11:20:40,440] {logging_mixin.py:109} INFO - [2023-04-05 11:20:40,440] {dag.py:2389} INFO - Sync 1 DAGs
[2023-04-05 11:20:40,453] {logging_mixin.py:109} INFO - [2023-04-05 11:20:40,453] {dag.py:2921} INFO - Setting next_dagrun for example_bash_operator to 2023-04-04 00:00:00+00:00
[2023-04-05 11:20:40,462] {processor.py:171} INFO - Processing /home/airflow/.local/lib/python3.7/site-packages/airflow/example_dags/example_bash_operator.py took 0.064 seconds
[2023-04-05 11:24:21,348] {processor.py:163} INFO - Started process (PID=248) to work on /home/airflow/.local/lib/python3.7/site-packages/airflow/example_dags/example_bash_operator.py
[2023-04-05 11:24:21,351] {processor.py:620} INFO - Processing file /home/airflow/.local/lib/python3.7/site-packages/airflow/example_dags/example_bash_operator.py for tasks to queue
[2023-04-05 11:24:21,352] {logging_mixin.py:109} INFO - [2023-04-05 11:24:21,352] {dagbag.py:500} INFO - Filling up the DagBag from /home/airflow/.local/lib/python3.7/site-packages/airflow/example_dags/example_bash_operator.py
[2023-04-05 11:24:21,398] {processor.py:632} INFO - DAG(s) dict_keys(['example_bash_operator']) retrieved from /home/airflow/.local/lib/python3.7/site-packages/airflow/example_dags/example_bash_operator.py
[2023-04-05 11:24:23,491] {logging_mixin.py:109} INFO - [2023-04-05 11:24:23,491] {providers_manager.py:156} WARNING - Exception when importing 'airflow.providers.google.leveldb.hooks.leveldb.LevelDBHook' from 'apache-airflow-providers-google' package: No module named 'plyvel'
[2023-04-05 11:24:23,927] {logging_mixin.py:109} INFO - [2023-04-05 11:24:23,927] {providers_manager.py:156} WARNING - Exception when importing 'airflow.providers.google.leveldb.hooks.leveldb.LevelDBHook' from 'apache-airflow-providers-google' package: No module named 'plyvel'
[2023-04-05 11:24:23,950] {logging_mixin.py:109} INFO - [2023-04-05 11:24:23,949] {manager.py:496} INFO - Created Permission View: can edit on DAG:example_bash_operator
[2023-04-05 11:24:23,959] {logging_mixin.py:109} INFO - [2023-04-05 11:24:23,959] {manager.py:496} INFO - Created Permission View: can read on DAG:example_bash_operator
[2023-04-05 11:24:23,959] {logging_mixin.py:109} INFO - [2023-04-05 11:24:23,959] {dag.py:2389} INFO - Sync 1 DAGs
[2023-04-05 11:24:23,966] {logging_mixin.py:109} INFO - [2023-04-05 11:24:23,965] {dag.py:2408} INFO - Creating ORM DAG for example_bash_operator
[2023-04-05 11:24:23,976] {logging_mixin.py:109} INFO - [2023-04-05 11:24:23,975] {dag.py:2921} INFO - Setting next_dagrun for example_bash_operator to 2023-04-04 00:00:00+00:00
[2023-04-05 11:24:23,989] {processor.py:171} INFO - Processing /home/airflow/.local/lib/python3.7/site-packages/airflow/example_dags/example_bash_operator.py took 2.647 seconds
[2023-04-05 11:24:54,920] {processor.py:163} INFO - Started process (PID=387) to work on /home/airflow/.local/lib/python3.7/site-packages/airflow/example_dags/example_bash_operator.py
[2023-04-05 11:24:54,922] {processor.py:620} INFO - Processing file /home/airflow/.local/lib/python3.7/site-packages/airflow/example_dags/example_bash_operator.py for tasks to queue
[2023-04-05 11:24:54,923] {logging_mixin.py:109} INFO - [2023-04-05 11:24:54,923] {dagbag.py:500} INFO - Filling up the DagBag from /home/airflow/.local/lib/python3.7/site-packages/airflow/example_dags/example_bash_operator.py
[2023-04-05 11:24:54,969] {processor.py:632} INFO - DAG(s) dict_keys(['example_bash_operator']) retrieved from /home/airflow/.local/lib/python3.7/site-packages/airflow/example_dags/example_bash_operator.py
[2023-04-05 11:24:54,983] {logging_mixin.py:109} INFO - [2023-04-05 11:24:54,982] {dag.py:2389} INFO - Sync 1 DAGs
[2023-04-05 11:24:55,008] {logging_mixin.py:109} INFO - [2023-04-05 11:24:55,007] {dag.py:2921} INFO - Setting next_dagrun for example_bash_operator to 2023-04-04 00:00:00+00:00
[2023-04-05 11:24:55,024] {processor.py:171} INFO - Processing /home/airflow/.local/lib/python3.7/site-packages/airflow/example_dags/example_bash_operator.py took 0.108 seconds
[2023-04-05 11:25:25,047] {processor.py:163} INFO - Started process (PID=438) to work on /home/airflow/.local/lib/python3.7/site-packages/airflow/example_dags/example_bash_operator.py
[2023-04-05 11:25:25,047] {processor.py:620} INFO - Processing file /home/airflow/.local/lib/python3.7/site-packages/airflow/example_dags/example_bash_operator.py for tasks to queue
[2023-04-05 11:25:25,048] {logging_mixin.py:109} INFO - [2023-04-05 11:25:25,048] {dagbag.py:500} INFO - Filling up the DagBag from /home/airflow/.local/lib/python3.7/site-packages/airflow/example_dags/example_bash_operator.py
[2023-04-05 11:25:25,077] {processor.py:632} INFO - DAG(s) dict_keys(['example_bash_operator']) retrieved from /home/airflow/.local/lib/python3.7/site-packages/airflow/example_dags/example_bash_operator.py
[2023-04-05 11:25:25,086] {logging_mixin.py:109} INFO - [2023-04-05 11:25:25,086] {dag.py:2389} INFO - Sync 1 DAGs
[2023-04-05 11:25:25,098] {logging_mixin.py:109} INFO - [2023-04-05 11:25:25,098] {dag.py:2921} INFO - Setting next_dagrun for example_bash_operator to 2023-04-04 00:00:00+00:00
[2023-04-05 11:25:25,106] {processor.py:171} INFO - Processing /home/airflow/.local/lib/python3.7/site-packages/airflow/example_dags/example_bash_operator.py took 0.062 seconds
[2023-04-05 11:25:55,511] {processor.py:163} INFO - Started process (PID=489) to work on /home/airflow/.local/lib/python3.7/site-packages/airflow/example_dags/example_bash_operator.py
[2023-04-05 11:25:55,512] {processor.py:620} INFO - Processing file /home/airflow/.local/lib/python3.7/site-packages/airflow/example_dags/example_bash_operator.py for tasks to queue
[2023-04-05 11:25:55,513] {logging_mixin.py:109} INFO - [2023-04-05 11:25:55,513] {dagbag.py:500} INFO - Filling up the DagBag from /home/airflow/.local/lib/python3.7/site-packages/airflow/example_dags/example_bash_operator.py
[2023-04-05 11:25:55,553] {processor.py:632} INFO - DAG(s) dict_keys(['example_bash_operator']) retrieved from /home/airflow/.local/lib/python3.7/site-packages/airflow/example_dags/example_bash_operator.py
[2023-04-05 11:25:55,567] {logging_mixin.py:109} INFO - [2023-04-05 11:25:55,566] {dag.py:2389} INFO - Sync 1 DAGs
[2023-04-05 11:25:55,592] {logging_mixin.py:109} INFO - [2023-04-05 11:25:55,592] {dag.py:2921} INFO - Setting next_dagrun for example_bash_operator to 2023-04-04 00:00:00+00:00
[2023-04-05 11:25:55,605] {processor.py:171} INFO - Processing /home/airflow/.local/lib/python3.7/site-packages/airflow/example_dags/example_bash_operator.py took 0.098 seconds
[2023-04-05 11:26:25,905] {processor.py:163} INFO - Started process (PID=549) to work on /home/airflow/.local/lib/python3.7/site-packages/airflow/example_dags/example_bash_operator.py
[2023-04-05 11:26:25,906] {processor.py:620} INFO - Processing file /home/airflow/.local/lib/python3.7/site-packages/airflow/example_dags/example_bash_operator.py for tasks to queue
[2023-04-05 11:26:25,906] {logging_mixin.py:109} INFO - [2023-04-05 11:26:25,906] {dagbag.py:500} INFO - Filling up the DagBag from /home/airflow/.local/lib/python3.7/site-packages/airflow/example_dags/example_bash_operator.py
[2023-04-05 11:26:25,929] {processor.py:632} INFO - DAG(s) dict_keys(['example_bash_operator']) retrieved from /home/airflow/.local/lib/python3.7/site-packages/airflow/example_dags/example_bash_operator.py
[2023-04-05 11:26:25,936] {logging_mixin.py:109} INFO - [2023-04-05 11:26:25,936] {dag.py:2389} INFO - Sync 1 DAGs
[2023-04-05 11:26:25,949] {logging_mixin.py:109} INFO - [2023-04-05 11:26:25,949] {dag.py:2921} INFO - Setting next_dagrun for example_bash_operator to 2023-04-04 00:00:00+00:00
[2023-04-05 11:26:25,957] {processor.py:171} INFO - Processing /home/airflow/.local/lib/python3.7/site-packages/airflow/example_dags/example_bash_operator.py took 0.054 seconds
[2023-04-05 11:26:56,332] {processor.py:163} INFO - Started process (PID=600) to work on /home/airflow/.local/lib/python3.7/site-packages/airflow/example_dags/example_bash_operator.py
[2023-04-05 11:26:56,333] {processor.py:620} INFO - Processing file /home/airflow/.local/lib/python3.7/site-packages/airflow/example_dags/example_bash_operator.py for tasks to queue
[2023-04-05 11:26:56,334] {logging_mixin.py:109} INFO - [2023-04-05 11:26:56,334] {dagbag.py:500} INFO - Filling up the DagBag from /home/airflow/.local/lib/python3.7/site-packages/airflow/example_dags/example_bash_operator.py
[2023-04-05 11:26:56,355] {processor.py:632} INFO - DAG(s) dict_keys(['example_bash_operator']) retrieved from /home/airflow/.local/lib/python3.7/site-packages/airflow/example_dags/example_bash_operator.py
[2023-04-05 11:26:56,362] {logging_mixin.py:109} INFO - [2023-04-05 11:26:56,362] {dag.py:2389} INFO - Sync 1 DAGs
[2023-04-05 11:26:56,373] {logging_mixin.py:109} INFO - [2023-04-05 11:26:56,373] {dag.py:2921} INFO - Setting next_dagrun for example_bash_operator to 2023-04-04 00:00:00+00:00
[2023-04-05 11:26:56,381] {processor.py:171} INFO - Processing /home/airflow/.local/lib/python3.7/site-packages/airflow/example_dags/example_bash_operator.py took 0.051 seconds
[2023-04-05 11:27:26,792] {processor.py:163} INFO - Started process (PID=660) to work on /home/airflow/.local/lib/python3.7/site-packages/airflow/example_dags/example_bash_operator.py
[2023-04-05 11:27:26,793] {processor.py:620} INFO - Processing file /home/airflow/.local/lib/python3.7/site-packages/airflow/example_dags/example_bash_operator.py for tasks to queue
[2023-04-05 11:27:26,794] {logging_mixin.py:109} INFO - [2023-04-05 11:27:26,793] {dagbag.py:500} INFO - Filling up the DagBag from /home/airflow/.local/lib/python3.7/site-packages/airflow/example_dags/example_bash_operator.py
[2023-04-05 11:27:26,837] {processor.py:632} INFO - DAG(s) dict_keys(['example_bash_operator']) retrieved from /home/airflow/.local/lib/python3.7/site-packages/airflow/example_dags/example_bash_operator.py
[2023-04-05 11:27:26,857] {logging_mixin.py:109} INFO - [2023-04-05 11:27:26,857] {dag.py:2389} INFO - Sync 1 DAGs
[2023-04-05 11:27:26,883] {logging_mixin.py:109} INFO - [2023-04-05 11:27:26,883] {dag.py:2921} INFO - Setting next_dagrun for example_bash_operator to 2023-04-04 00:00:00+00:00
[2023-04-05 11:27:26,899] {processor.py:171} INFO - Processing /home/airflow/.local/lib/python3.7/site-packages/airflow/example_dags/example_bash_operator.py took 0.112 seconds
