[2023-04-05 11:17:05,088] {processor.py:163} INFO - Started process (PID=238) to work on /home/airflow/.local/lib/python3.7/site-packages/airflow/example_dags/example_time_delta_sensor_async.py
[2023-04-05 11:17:05,089] {processor.py:620} INFO - Processing file /home/airflow/.local/lib/python3.7/site-packages/airflow/example_dags/example_time_delta_sensor_async.py for tasks to queue
[2023-04-05 11:17:05,090] {logging_mixin.py:109} INFO - [2023-04-05 11:17:05,089] {dagbag.py:500} INFO - Filling up the DagBag from /home/airflow/.local/lib/python3.7/site-packages/airflow/example_dags/example_time_delta_sensor_async.py
[2023-04-05 11:17:05,121] {processor.py:632} INFO - DAG(s) dict_keys(['example_time_delta_sensor_async']) retrieved from /home/airflow/.local/lib/python3.7/site-packages/airflow/example_dags/example_time_delta_sensor_async.py
[2023-04-05 11:17:07,610] {logging_mixin.py:109} INFO - [2023-04-05 11:17:07,609] {providers_manager.py:156} WARNING - Exception when importing 'airflow.providers.google.leveldb.hooks.leveldb.LevelDBHook' from 'apache-airflow-providers-google' package: No module named 'plyvel'
[2023-04-05 11:17:08,180] {logging_mixin.py:109} INFO - [2023-04-05 11:17:08,179] {providers_manager.py:156} WARNING - Exception when importing 'airflow.providers.google.leveldb.hooks.leveldb.LevelDBHook' from 'apache-airflow-providers-google' package: No module named 'plyvel'
[2023-04-05 11:17:08,223] {logging_mixin.py:109} INFO - [2023-04-05 11:17:08,223] {manager.py:496} INFO - Created Permission View: can read on DAG:example_time_delta_sensor_async
[2023-04-05 11:17:08,233] {logging_mixin.py:109} INFO - [2023-04-05 11:17:08,233] {manager.py:496} INFO - Created Permission View: can edit on DAG:example_time_delta_sensor_async
[2023-04-05 11:17:08,233] {logging_mixin.py:109} INFO - [2023-04-05 11:17:08,233] {dag.py:2389} INFO - Sync 1 DAGs
[2023-04-05 11:17:08,242] {logging_mixin.py:109} INFO - [2023-04-05 11:17:08,242] {dag.py:2408} INFO - Creating ORM DAG for example_time_delta_sensor_async
[2023-04-05 11:17:08,252] {logging_mixin.py:109} INFO - [2023-04-05 11:17:08,252] {dag.py:2921} INFO - Setting next_dagrun for example_time_delta_sensor_async to None
[2023-04-05 11:17:08,272] {processor.py:171} INFO - Processing /home/airflow/.local/lib/python3.7/site-packages/airflow/example_dags/example_time_delta_sensor_async.py took 3.188 seconds
[2023-04-05 11:17:38,323] {processor.py:163} INFO - Started process (PID=385) to work on /home/airflow/.local/lib/python3.7/site-packages/airflow/example_dags/example_time_delta_sensor_async.py
[2023-04-05 11:17:38,324] {processor.py:620} INFO - Processing file /home/airflow/.local/lib/python3.7/site-packages/airflow/example_dags/example_time_delta_sensor_async.py for tasks to queue
[2023-04-05 11:17:38,325] {logging_mixin.py:109} INFO - [2023-04-05 11:17:38,324] {dagbag.py:500} INFO - Filling up the DagBag from /home/airflow/.local/lib/python3.7/site-packages/airflow/example_dags/example_time_delta_sensor_async.py
[2023-04-05 11:17:38,344] {processor.py:632} INFO - DAG(s) dict_keys(['example_time_delta_sensor_async']) retrieved from /home/airflow/.local/lib/python3.7/site-packages/airflow/example_dags/example_time_delta_sensor_async.py
[2023-04-05 11:17:38,352] {logging_mixin.py:109} INFO - [2023-04-05 11:17:38,352] {dag.py:2389} INFO - Sync 1 DAGs
[2023-04-05 11:17:38,363] {logging_mixin.py:109} INFO - [2023-04-05 11:17:38,363] {dag.py:2921} INFO - Setting next_dagrun for example_time_delta_sensor_async to None
[2023-04-05 11:17:38,373] {processor.py:171} INFO - Processing /home/airflow/.local/lib/python3.7/site-packages/airflow/example_dags/example_time_delta_sensor_async.py took 0.052 seconds
[2023-04-05 11:18:08,588] {processor.py:163} INFO - Started process (PID=437) to work on /home/airflow/.local/lib/python3.7/site-packages/airflow/example_dags/example_time_delta_sensor_async.py
[2023-04-05 11:18:08,590] {processor.py:620} INFO - Processing file /home/airflow/.local/lib/python3.7/site-packages/airflow/example_dags/example_time_delta_sensor_async.py for tasks to queue
[2023-04-05 11:18:08,590] {logging_mixin.py:109} INFO - [2023-04-05 11:18:08,590] {dagbag.py:500} INFO - Filling up the DagBag from /home/airflow/.local/lib/python3.7/site-packages/airflow/example_dags/example_time_delta_sensor_async.py
[2023-04-05 11:18:08,609] {processor.py:632} INFO - DAG(s) dict_keys(['example_time_delta_sensor_async']) retrieved from /home/airflow/.local/lib/python3.7/site-packages/airflow/example_dags/example_time_delta_sensor_async.py
[2023-04-05 11:18:08,617] {logging_mixin.py:109} INFO - [2023-04-05 11:18:08,617] {dag.py:2389} INFO - Sync 1 DAGs
[2023-04-05 11:18:08,629] {logging_mixin.py:109} INFO - [2023-04-05 11:18:08,629] {dag.py:2921} INFO - Setting next_dagrun for example_time_delta_sensor_async to None
[2023-04-05 11:18:08,635] {processor.py:171} INFO - Processing /home/airflow/.local/lib/python3.7/site-packages/airflow/example_dags/example_time_delta_sensor_async.py took 0.049 seconds
[2023-04-05 11:18:38,743] {processor.py:163} INFO - Started process (PID=497) to work on /home/airflow/.local/lib/python3.7/site-packages/airflow/example_dags/example_time_delta_sensor_async.py
[2023-04-05 11:18:38,744] {processor.py:620} INFO - Processing file /home/airflow/.local/lib/python3.7/site-packages/airflow/example_dags/example_time_delta_sensor_async.py for tasks to queue
[2023-04-05 11:18:38,745] {logging_mixin.py:109} INFO - [2023-04-05 11:18:38,744] {dagbag.py:500} INFO - Filling up the DagBag from /home/airflow/.local/lib/python3.7/site-packages/airflow/example_dags/example_time_delta_sensor_async.py
[2023-04-05 11:18:38,772] {processor.py:632} INFO - DAG(s) dict_keys(['example_time_delta_sensor_async']) retrieved from /home/airflow/.local/lib/python3.7/site-packages/airflow/example_dags/example_time_delta_sensor_async.py
[2023-04-05 11:18:38,782] {logging_mixin.py:109} INFO - [2023-04-05 11:18:38,782] {dag.py:2389} INFO - Sync 1 DAGs
[2023-04-05 11:18:38,800] {logging_mixin.py:109} INFO - [2023-04-05 11:18:38,800] {dag.py:2921} INFO - Setting next_dagrun for example_time_delta_sensor_async to None
[2023-04-05 11:18:38,813] {processor.py:171} INFO - Processing /home/airflow/.local/lib/python3.7/site-packages/airflow/example_dags/example_time_delta_sensor_async.py took 0.073 seconds
[2023-04-05 11:19:08,950] {processor.py:163} INFO - Started process (PID=548) to work on /home/airflow/.local/lib/python3.7/site-packages/airflow/example_dags/example_time_delta_sensor_async.py
[2023-04-05 11:19:08,958] {processor.py:620} INFO - Processing file /home/airflow/.local/lib/python3.7/site-packages/airflow/example_dags/example_time_delta_sensor_async.py for tasks to queue
[2023-04-05 11:19:08,958] {logging_mixin.py:109} INFO - [2023-04-05 11:19:08,958] {dagbag.py:500} INFO - Filling up the DagBag from /home/airflow/.local/lib/python3.7/site-packages/airflow/example_dags/example_time_delta_sensor_async.py
[2023-04-05 11:19:08,979] {processor.py:632} INFO - DAG(s) dict_keys(['example_time_delta_sensor_async']) retrieved from /home/airflow/.local/lib/python3.7/site-packages/airflow/example_dags/example_time_delta_sensor_async.py
[2023-04-05 11:19:08,986] {logging_mixin.py:109} INFO - [2023-04-05 11:19:08,986] {dag.py:2389} INFO - Sync 1 DAGs
[2023-04-05 11:19:08,998] {logging_mixin.py:109} INFO - [2023-04-05 11:19:08,998] {dag.py:2921} INFO - Setting next_dagrun for example_time_delta_sensor_async to None
[2023-04-05 11:19:09,006] {processor.py:171} INFO - Processing /home/airflow/.local/lib/python3.7/site-packages/airflow/example_dags/example_time_delta_sensor_async.py took 0.059 seconds
[2023-04-05 11:19:39,129] {processor.py:163} INFO - Started process (PID=599) to work on /home/airflow/.local/lib/python3.7/site-packages/airflow/example_dags/example_time_delta_sensor_async.py
[2023-04-05 11:19:39,130] {processor.py:620} INFO - Processing file /home/airflow/.local/lib/python3.7/site-packages/airflow/example_dags/example_time_delta_sensor_async.py for tasks to queue
[2023-04-05 11:19:39,131] {logging_mixin.py:109} INFO - [2023-04-05 11:19:39,131] {dagbag.py:500} INFO - Filling up the DagBag from /home/airflow/.local/lib/python3.7/site-packages/airflow/example_dags/example_time_delta_sensor_async.py
[2023-04-05 11:19:39,150] {processor.py:632} INFO - DAG(s) dict_keys(['example_time_delta_sensor_async']) retrieved from /home/airflow/.local/lib/python3.7/site-packages/airflow/example_dags/example_time_delta_sensor_async.py
[2023-04-05 11:19:39,158] {logging_mixin.py:109} INFO - [2023-04-05 11:19:39,158] {dag.py:2389} INFO - Sync 1 DAGs
[2023-04-05 11:19:39,168] {logging_mixin.py:109} INFO - [2023-04-05 11:19:39,168] {dag.py:2921} INFO - Setting next_dagrun for example_time_delta_sensor_async to None
[2023-04-05 11:19:39,175] {processor.py:171} INFO - Processing /home/airflow/.local/lib/python3.7/site-packages/airflow/example_dags/example_time_delta_sensor_async.py took 0.049 seconds
[2023-04-05 11:20:09,271] {processor.py:163} INFO - Started process (PID=659) to work on /home/airflow/.local/lib/python3.7/site-packages/airflow/example_dags/example_time_delta_sensor_async.py
[2023-04-05 11:20:09,272] {processor.py:620} INFO - Processing file /home/airflow/.local/lib/python3.7/site-packages/airflow/example_dags/example_time_delta_sensor_async.py for tasks to queue
[2023-04-05 11:20:09,273] {logging_mixin.py:109} INFO - [2023-04-05 11:20:09,273] {dagbag.py:500} INFO - Filling up the DagBag from /home/airflow/.local/lib/python3.7/site-packages/airflow/example_dags/example_time_delta_sensor_async.py
[2023-04-05 11:20:09,303] {processor.py:632} INFO - DAG(s) dict_keys(['example_time_delta_sensor_async']) retrieved from /home/airflow/.local/lib/python3.7/site-packages/airflow/example_dags/example_time_delta_sensor_async.py
[2023-04-05 11:20:09,313] {logging_mixin.py:109} INFO - [2023-04-05 11:20:09,313] {dag.py:2389} INFO - Sync 1 DAGs
[2023-04-05 11:20:09,327] {logging_mixin.py:109} INFO - [2023-04-05 11:20:09,327] {dag.py:2921} INFO - Setting next_dagrun for example_time_delta_sensor_async to None
[2023-04-05 11:20:09,337] {processor.py:171} INFO - Processing /home/airflow/.local/lib/python3.7/site-packages/airflow/example_dags/example_time_delta_sensor_async.py took 0.069 seconds
[2023-04-05 11:20:40,045] {processor.py:163} INFO - Started process (PID=710) to work on /home/airflow/.local/lib/python3.7/site-packages/airflow/example_dags/example_time_delta_sensor_async.py
[2023-04-05 11:20:40,046] {processor.py:620} INFO - Processing file /home/airflow/.local/lib/python3.7/site-packages/airflow/example_dags/example_time_delta_sensor_async.py for tasks to queue
[2023-04-05 11:20:40,046] {logging_mixin.py:109} INFO - [2023-04-05 11:20:40,046] {dagbag.py:500} INFO - Filling up the DagBag from /home/airflow/.local/lib/python3.7/site-packages/airflow/example_dags/example_time_delta_sensor_async.py
[2023-04-05 11:20:40,069] {processor.py:632} INFO - DAG(s) dict_keys(['example_time_delta_sensor_async']) retrieved from /home/airflow/.local/lib/python3.7/site-packages/airflow/example_dags/example_time_delta_sensor_async.py
[2023-04-05 11:20:40,076] {logging_mixin.py:109} INFO - [2023-04-05 11:20:40,076] {dag.py:2389} INFO - Sync 1 DAGs
[2023-04-05 11:20:40,089] {logging_mixin.py:109} INFO - [2023-04-05 11:20:40,089] {dag.py:2921} INFO - Setting next_dagrun for example_time_delta_sensor_async to None
[2023-04-05 11:20:40,099] {processor.py:171} INFO - Processing /home/airflow/.local/lib/python3.7/site-packages/airflow/example_dags/example_time_delta_sensor_async.py took 0.057 seconds
[2023-04-05 11:24:21,290] {processor.py:163} INFO - Started process (PID=247) to work on /home/airflow/.local/lib/python3.7/site-packages/airflow/example_dags/example_time_delta_sensor_async.py
[2023-04-05 11:24:21,293] {processor.py:620} INFO - Processing file /home/airflow/.local/lib/python3.7/site-packages/airflow/example_dags/example_time_delta_sensor_async.py for tasks to queue
[2023-04-05 11:24:21,294] {logging_mixin.py:109} INFO - [2023-04-05 11:24:21,294] {dagbag.py:500} INFO - Filling up the DagBag from /home/airflow/.local/lib/python3.7/site-packages/airflow/example_dags/example_time_delta_sensor_async.py
[2023-04-05 11:24:21,333] {processor.py:632} INFO - DAG(s) dict_keys(['example_time_delta_sensor_async']) retrieved from /home/airflow/.local/lib/python3.7/site-packages/airflow/example_dags/example_time_delta_sensor_async.py
[2023-04-05 11:24:23,463] {logging_mixin.py:109} INFO - [2023-04-05 11:24:23,463] {providers_manager.py:156} WARNING - Exception when importing 'airflow.providers.google.leveldb.hooks.leveldb.LevelDBHook' from 'apache-airflow-providers-google' package: No module named 'plyvel'
[2023-04-05 11:24:23,902] {logging_mixin.py:109} INFO - [2023-04-05 11:24:23,902] {providers_manager.py:156} WARNING - Exception when importing 'airflow.providers.google.leveldb.hooks.leveldb.LevelDBHook' from 'apache-airflow-providers-google' package: No module named 'plyvel'
[2023-04-05 11:24:23,929] {logging_mixin.py:109} INFO - [2023-04-05 11:24:23,929] {manager.py:496} INFO - Created Permission View: can edit on DAG:example_time_delta_sensor_async
[2023-04-05 11:24:23,939] {logging_mixin.py:109} INFO - [2023-04-05 11:24:23,939] {manager.py:496} INFO - Created Permission View: can read on DAG:example_time_delta_sensor_async
[2023-04-05 11:24:23,940] {logging_mixin.py:109} INFO - [2023-04-05 11:24:23,939] {dag.py:2389} INFO - Sync 1 DAGs
[2023-04-05 11:24:23,946] {logging_mixin.py:109} INFO - [2023-04-05 11:24:23,946] {dag.py:2408} INFO - Creating ORM DAG for example_time_delta_sensor_async
[2023-04-05 11:24:23,954] {logging_mixin.py:109} INFO - [2023-04-05 11:24:23,954] {dag.py:2921} INFO - Setting next_dagrun for example_time_delta_sensor_async to None
[2023-04-05 11:24:23,966] {processor.py:171} INFO - Processing /home/airflow/.local/lib/python3.7/site-packages/airflow/example_dags/example_time_delta_sensor_async.py took 2.682 seconds
[2023-04-05 11:24:54,916] {processor.py:163} INFO - Started process (PID=386) to work on /home/airflow/.local/lib/python3.7/site-packages/airflow/example_dags/example_time_delta_sensor_async.py
[2023-04-05 11:24:54,918] {processor.py:620} INFO - Processing file /home/airflow/.local/lib/python3.7/site-packages/airflow/example_dags/example_time_delta_sensor_async.py for tasks to queue
[2023-04-05 11:24:54,919] {logging_mixin.py:109} INFO - [2023-04-05 11:24:54,919] {dagbag.py:500} INFO - Filling up the DagBag from /home/airflow/.local/lib/python3.7/site-packages/airflow/example_dags/example_time_delta_sensor_async.py
[2023-04-05 11:24:54,957] {processor.py:632} INFO - DAG(s) dict_keys(['example_time_delta_sensor_async']) retrieved from /home/airflow/.local/lib/python3.7/site-packages/airflow/example_dags/example_time_delta_sensor_async.py
[2023-04-05 11:24:54,972] {logging_mixin.py:109} INFO - [2023-04-05 11:24:54,972] {dag.py:2389} INFO - Sync 1 DAGs
[2023-04-05 11:24:54,996] {logging_mixin.py:109} INFO - [2023-04-05 11:24:54,996] {dag.py:2921} INFO - Setting next_dagrun for example_time_delta_sensor_async to None
[2023-04-05 11:24:55,013] {processor.py:171} INFO - Processing /home/airflow/.local/lib/python3.7/site-packages/airflow/example_dags/example_time_delta_sensor_async.py took 0.101 seconds
[2023-04-05 11:25:25,044] {processor.py:163} INFO - Started process (PID=437) to work on /home/airflow/.local/lib/python3.7/site-packages/airflow/example_dags/example_time_delta_sensor_async.py
[2023-04-05 11:25:25,045] {processor.py:620} INFO - Processing file /home/airflow/.local/lib/python3.7/site-packages/airflow/example_dags/example_time_delta_sensor_async.py for tasks to queue
[2023-04-05 11:25:25,045] {logging_mixin.py:109} INFO - [2023-04-05 11:25:25,045] {dagbag.py:500} INFO - Filling up the DagBag from /home/airflow/.local/lib/python3.7/site-packages/airflow/example_dags/example_time_delta_sensor_async.py
[2023-04-05 11:25:25,070] {processor.py:632} INFO - DAG(s) dict_keys(['example_time_delta_sensor_async']) retrieved from /home/airflow/.local/lib/python3.7/site-packages/airflow/example_dags/example_time_delta_sensor_async.py
[2023-04-05 11:25:25,078] {logging_mixin.py:109} INFO - [2023-04-05 11:25:25,078] {dag.py:2389} INFO - Sync 1 DAGs
[2023-04-05 11:25:25,091] {logging_mixin.py:109} INFO - [2023-04-05 11:25:25,091] {dag.py:2921} INFO - Setting next_dagrun for example_time_delta_sensor_async to None
[2023-04-05 11:25:25,098] {processor.py:171} INFO - Processing /home/airflow/.local/lib/python3.7/site-packages/airflow/example_dags/example_time_delta_sensor_async.py took 0.057 seconds
[2023-04-05 11:25:55,507] {processor.py:163} INFO - Started process (PID=488) to work on /home/airflow/.local/lib/python3.7/site-packages/airflow/example_dags/example_time_delta_sensor_async.py
[2023-04-05 11:25:55,510] {processor.py:620} INFO - Processing file /home/airflow/.local/lib/python3.7/site-packages/airflow/example_dags/example_time_delta_sensor_async.py for tasks to queue
[2023-04-05 11:25:55,511] {logging_mixin.py:109} INFO - [2023-04-05 11:25:55,511] {dagbag.py:500} INFO - Filling up the DagBag from /home/airflow/.local/lib/python3.7/site-packages/airflow/example_dags/example_time_delta_sensor_async.py
[2023-04-05 11:25:55,543] {processor.py:632} INFO - DAG(s) dict_keys(['example_time_delta_sensor_async']) retrieved from /home/airflow/.local/lib/python3.7/site-packages/airflow/example_dags/example_time_delta_sensor_async.py
[2023-04-05 11:25:55,555] {logging_mixin.py:109} INFO - [2023-04-05 11:25:55,555] {dag.py:2389} INFO - Sync 1 DAGs
[2023-04-05 11:25:55,576] {logging_mixin.py:109} INFO - [2023-04-05 11:25:55,576] {dag.py:2921} INFO - Setting next_dagrun for example_time_delta_sensor_async to None
[2023-04-05 11:25:55,589] {processor.py:171} INFO - Processing /home/airflow/.local/lib/python3.7/site-packages/airflow/example_dags/example_time_delta_sensor_async.py took 0.086 seconds
[2023-04-05 11:26:25,903] {processor.py:163} INFO - Started process (PID=548) to work on /home/airflow/.local/lib/python3.7/site-packages/airflow/example_dags/example_time_delta_sensor_async.py
[2023-04-05 11:26:25,904] {processor.py:620} INFO - Processing file /home/airflow/.local/lib/python3.7/site-packages/airflow/example_dags/example_time_delta_sensor_async.py for tasks to queue
[2023-04-05 11:26:25,904] {logging_mixin.py:109} INFO - [2023-04-05 11:26:25,904] {dagbag.py:500} INFO - Filling up the DagBag from /home/airflow/.local/lib/python3.7/site-packages/airflow/example_dags/example_time_delta_sensor_async.py
[2023-04-05 11:26:25,925] {processor.py:632} INFO - DAG(s) dict_keys(['example_time_delta_sensor_async']) retrieved from /home/airflow/.local/lib/python3.7/site-packages/airflow/example_dags/example_time_delta_sensor_async.py
[2023-04-05 11:26:25,931] {logging_mixin.py:109} INFO - [2023-04-05 11:26:25,931] {dag.py:2389} INFO - Sync 1 DAGs
[2023-04-05 11:26:25,943] {logging_mixin.py:109} INFO - [2023-04-05 11:26:25,942] {dag.py:2921} INFO - Setting next_dagrun for example_time_delta_sensor_async to None
[2023-04-05 11:26:25,951] {processor.py:171} INFO - Processing /home/airflow/.local/lib/python3.7/site-packages/airflow/example_dags/example_time_delta_sensor_async.py took 0.050 seconds
[2023-04-05 11:26:56,330] {processor.py:163} INFO - Started process (PID=599) to work on /home/airflow/.local/lib/python3.7/site-packages/airflow/example_dags/example_time_delta_sensor_async.py
[2023-04-05 11:26:56,331] {processor.py:620} INFO - Processing file /home/airflow/.local/lib/python3.7/site-packages/airflow/example_dags/example_time_delta_sensor_async.py for tasks to queue
[2023-04-05 11:26:56,331] {logging_mixin.py:109} INFO - [2023-04-05 11:26:56,331] {dagbag.py:500} INFO - Filling up the DagBag from /home/airflow/.local/lib/python3.7/site-packages/airflow/example_dags/example_time_delta_sensor_async.py
[2023-04-05 11:26:56,350] {processor.py:632} INFO - DAG(s) dict_keys(['example_time_delta_sensor_async']) retrieved from /home/airflow/.local/lib/python3.7/site-packages/airflow/example_dags/example_time_delta_sensor_async.py
[2023-04-05 11:26:56,357] {logging_mixin.py:109} INFO - [2023-04-05 11:26:56,357] {dag.py:2389} INFO - Sync 1 DAGs
[2023-04-05 11:26:56,367] {logging_mixin.py:109} INFO - [2023-04-05 11:26:56,367] {dag.py:2921} INFO - Setting next_dagrun for example_time_delta_sensor_async to None
[2023-04-05 11:26:56,375] {processor.py:171} INFO - Processing /home/airflow/.local/lib/python3.7/site-packages/airflow/example_dags/example_time_delta_sensor_async.py took 0.048 seconds
[2023-04-05 11:27:26,787] {processor.py:163} INFO - Started process (PID=659) to work on /home/airflow/.local/lib/python3.7/site-packages/airflow/example_dags/example_time_delta_sensor_async.py
[2023-04-05 11:27:26,789] {processor.py:620} INFO - Processing file /home/airflow/.local/lib/python3.7/site-packages/airflow/example_dags/example_time_delta_sensor_async.py for tasks to queue
[2023-04-05 11:27:26,790] {logging_mixin.py:109} INFO - [2023-04-05 11:27:26,790] {dagbag.py:500} INFO - Filling up the DagBag from /home/airflow/.local/lib/python3.7/site-packages/airflow/example_dags/example_time_delta_sensor_async.py
[2023-04-05 11:27:26,833] {processor.py:632} INFO - DAG(s) dict_keys(['example_time_delta_sensor_async']) retrieved from /home/airflow/.local/lib/python3.7/site-packages/airflow/example_dags/example_time_delta_sensor_async.py
[2023-04-05 11:27:26,847] {logging_mixin.py:109} INFO - [2023-04-05 11:27:26,847] {dag.py:2389} INFO - Sync 1 DAGs
[2023-04-05 11:27:26,868] {logging_mixin.py:109} INFO - [2023-04-05 11:27:26,868] {dag.py:2921} INFO - Setting next_dagrun for example_time_delta_sensor_async to None
[2023-04-05 11:27:26,883] {processor.py:171} INFO - Processing /home/airflow/.local/lib/python3.7/site-packages/airflow/example_dags/example_time_delta_sensor_async.py took 0.100 seconds
