[2023-04-05 11:17:17,681] {processor.py:163} INFO - Started process (PID=318) to work on /home/airflow/.local/lib/python3.7/site-packages/airflow/example_dags/example_subdag_operator.py
[2023-04-05 11:17:17,683] {processor.py:620} INFO - Processing file /home/airflow/.local/lib/python3.7/site-packages/airflow/example_dags/example_subdag_operator.py for tasks to queue
[2023-04-05 11:17:17,683] {logging_mixin.py:109} INFO - [2023-04-05 11:17:17,683] {dagbag.py:500} INFO - Filling up the DagBag from /home/airflow/.local/lib/python3.7/site-packages/airflow/example_dags/example_subdag_operator.py
[2023-04-05 11:17:17,735] {processor.py:632} INFO - DAG(s) dict_keys(['example_subdag_operator.section-1', 'example_subdag_operator.section-2', 'example_subdag_operator']) retrieved from /home/airflow/.local/lib/python3.7/site-packages/airflow/example_dags/example_subdag_operator.py
[2023-04-05 11:17:20,063] {logging_mixin.py:109} INFO - [2023-04-05 11:17:20,063] {providers_manager.py:156} WARNING - Exception when importing 'airflow.providers.google.leveldb.hooks.leveldb.LevelDBHook' from 'apache-airflow-providers-google' package: No module named 'plyvel'
[2023-04-05 11:17:20,651] {logging_mixin.py:109} INFO - [2023-04-05 11:17:20,651] {providers_manager.py:156} WARNING - Exception when importing 'airflow.providers.google.leveldb.hooks.leveldb.LevelDBHook' from 'apache-airflow-providers-google' package: No module named 'plyvel'
[2023-04-05 11:17:20,684] {logging_mixin.py:109} INFO - [2023-04-05 11:17:20,684] {manager.py:496} INFO - Created Permission View: can read on DAG:example_subdag_operator
[2023-04-05 11:17:20,696] {logging_mixin.py:109} INFO - [2023-04-05 11:17:20,696] {manager.py:496} INFO - Created Permission View: can edit on DAG:example_subdag_operator
[2023-04-05 11:17:20,697] {logging_mixin.py:109} INFO - [2023-04-05 11:17:20,697] {dag.py:2389} INFO - Sync 3 DAGs
[2023-04-05 11:17:20,708] {logging_mixin.py:109} INFO - [2023-04-05 11:17:20,707] {dag.py:2408} INFO - Creating ORM DAG for example_subdag_operator.section-2
[2023-04-05 11:17:20,709] {logging_mixin.py:109} INFO - [2023-04-05 11:17:20,709] {dag.py:2408} INFO - Creating ORM DAG for example_subdag_operator
[2023-04-05 11:17:20,709] {logging_mixin.py:109} INFO - [2023-04-05 11:17:20,709] {dag.py:2408} INFO - Creating ORM DAG for example_subdag_operator.section-1
[2023-04-05 11:17:20,722] {logging_mixin.py:109} INFO - [2023-04-05 11:17:20,722] {dag.py:2921} INFO - Setting next_dagrun for example_subdag_operator to 2023-04-03T00:00:00+00:00
[2023-04-05 11:17:20,723] {logging_mixin.py:109} INFO - [2023-04-05 11:17:20,723] {dag.py:2921} INFO - Setting next_dagrun for example_subdag_operator.section-1 to None
[2023-04-05 11:17:20,723] {logging_mixin.py:109} INFO - [2023-04-05 11:17:20,723] {dag.py:2921} INFO - Setting next_dagrun for example_subdag_operator.section-2 to None
[2023-04-05 11:17:20,734] {logging_mixin.py:109} INFO - [2023-04-05 11:17:20,734] {dag.py:2389} INFO - Sync 2 DAGs
[2023-04-05 11:17:20,746] {logging_mixin.py:109} INFO - [2023-04-05 11:17:20,746] {dag.py:2921} INFO - Setting next_dagrun for example_subdag_operator.section-1 to None
[2023-04-05 11:17:20,746] {logging_mixin.py:109} INFO - [2023-04-05 11:17:20,746] {dag.py:2921} INFO - Setting next_dagrun for example_subdag_operator.section-2 to None
[2023-04-05 11:17:20,756] {processor.py:171} INFO - Processing /home/airflow/.local/lib/python3.7/site-packages/airflow/example_dags/example_subdag_operator.py took 3.080 seconds
[2023-04-05 11:17:51,785] {processor.py:163} INFO - Started process (PID=405) to work on /home/airflow/.local/lib/python3.7/site-packages/airflow/example_dags/example_subdag_operator.py
[2023-04-05 11:17:51,786] {processor.py:620} INFO - Processing file /home/airflow/.local/lib/python3.7/site-packages/airflow/example_dags/example_subdag_operator.py for tasks to queue
[2023-04-05 11:17:51,787] {logging_mixin.py:109} INFO - [2023-04-05 11:17:51,787] {dagbag.py:500} INFO - Filling up the DagBag from /home/airflow/.local/lib/python3.7/site-packages/airflow/example_dags/example_subdag_operator.py
[2023-04-05 11:17:51,824] {processor.py:632} INFO - DAG(s) dict_keys(['example_subdag_operator.section-1', 'example_subdag_operator.section-2', 'example_subdag_operator']) retrieved from /home/airflow/.local/lib/python3.7/site-packages/airflow/example_dags/example_subdag_operator.py
[2023-04-05 11:17:51,837] {logging_mixin.py:109} INFO - [2023-04-05 11:17:51,836] {dag.py:2389} INFO - Sync 3 DAGs
[2023-04-05 11:17:51,854] {logging_mixin.py:109} INFO - [2023-04-05 11:17:51,854] {dag.py:2921} INFO - Setting next_dagrun for example_subdag_operator to 2023-04-03T00:00:00+00:00
[2023-04-05 11:17:51,855] {logging_mixin.py:109} INFO - [2023-04-05 11:17:51,855] {dag.py:2921} INFO - Setting next_dagrun for example_subdag_operator.section-1 to None
[2023-04-05 11:17:51,855] {logging_mixin.py:109} INFO - [2023-04-05 11:17:51,855] {dag.py:2921} INFO - Setting next_dagrun for example_subdag_operator.section-2 to None
[2023-04-05 11:17:51,860] {logging_mixin.py:109} INFO - [2023-04-05 11:17:51,860] {dag.py:2389} INFO - Sync 2 DAGs
[2023-04-05 11:17:51,869] {logging_mixin.py:109} INFO - [2023-04-05 11:17:51,869] {dag.py:2921} INFO - Setting next_dagrun for example_subdag_operator.section-1 to None
[2023-04-05 11:17:51,869] {logging_mixin.py:109} INFO - [2023-04-05 11:17:51,869] {dag.py:2921} INFO - Setting next_dagrun for example_subdag_operator.section-2 to None
[2023-04-05 11:17:51,876] {processor.py:171} INFO - Processing /home/airflow/.local/lib/python3.7/site-packages/airflow/example_dags/example_subdag_operator.py took 0.094 seconds
[2023-04-05 11:18:22,055] {processor.py:163} INFO - Started process (PID=456) to work on /home/airflow/.local/lib/python3.7/site-packages/airflow/example_dags/example_subdag_operator.py
[2023-04-05 11:18:22,056] {processor.py:620} INFO - Processing file /home/airflow/.local/lib/python3.7/site-packages/airflow/example_dags/example_subdag_operator.py for tasks to queue
[2023-04-05 11:18:22,057] {logging_mixin.py:109} INFO - [2023-04-05 11:18:22,057] {dagbag.py:500} INFO - Filling up the DagBag from /home/airflow/.local/lib/python3.7/site-packages/airflow/example_dags/example_subdag_operator.py
[2023-04-05 11:18:22,125] {processor.py:632} INFO - DAG(s) dict_keys(['example_subdag_operator.section-1', 'example_subdag_operator.section-2', 'example_subdag_operator']) retrieved from /home/airflow/.local/lib/python3.7/site-packages/airflow/example_dags/example_subdag_operator.py
[2023-04-05 11:18:22,136] {logging_mixin.py:109} INFO - [2023-04-05 11:18:22,136] {dag.py:2389} INFO - Sync 3 DAGs
[2023-04-05 11:18:22,149] {logging_mixin.py:109} INFO - [2023-04-05 11:18:22,149] {dag.py:2921} INFO - Setting next_dagrun for example_subdag_operator to 2023-04-03T00:00:00+00:00
[2023-04-05 11:18:22,150] {logging_mixin.py:109} INFO - [2023-04-05 11:18:22,149] {dag.py:2921} INFO - Setting next_dagrun for example_subdag_operator.section-1 to None
[2023-04-05 11:18:22,150] {logging_mixin.py:109} INFO - [2023-04-05 11:18:22,150] {dag.py:2921} INFO - Setting next_dagrun for example_subdag_operator.section-2 to None
[2023-04-05 11:18:22,155] {logging_mixin.py:109} INFO - [2023-04-05 11:18:22,155] {dag.py:2389} INFO - Sync 2 DAGs
[2023-04-05 11:18:22,162] {logging_mixin.py:109} INFO - [2023-04-05 11:18:22,162] {dag.py:2921} INFO - Setting next_dagrun for example_subdag_operator.section-1 to None
[2023-04-05 11:18:22,162] {logging_mixin.py:109} INFO - [2023-04-05 11:18:22,162] {dag.py:2921} INFO - Setting next_dagrun for example_subdag_operator.section-2 to None
[2023-04-05 11:18:22,169] {processor.py:171} INFO - Processing /home/airflow/.local/lib/python3.7/site-packages/airflow/example_dags/example_subdag_operator.py took 0.116 seconds
[2023-04-05 11:18:52,228] {processor.py:163} INFO - Started process (PID=516) to work on /home/airflow/.local/lib/python3.7/site-packages/airflow/example_dags/example_subdag_operator.py
[2023-04-05 11:18:52,230] {processor.py:620} INFO - Processing file /home/airflow/.local/lib/python3.7/site-packages/airflow/example_dags/example_subdag_operator.py for tasks to queue
[2023-04-05 11:18:52,231] {logging_mixin.py:109} INFO - [2023-04-05 11:18:52,231] {dagbag.py:500} INFO - Filling up the DagBag from /home/airflow/.local/lib/python3.7/site-packages/airflow/example_dags/example_subdag_operator.py
[2023-04-05 11:18:52,283] {processor.py:632} INFO - DAG(s) dict_keys(['example_subdag_operator.section-1', 'example_subdag_operator.section-2', 'example_subdag_operator']) retrieved from /home/airflow/.local/lib/python3.7/site-packages/airflow/example_dags/example_subdag_operator.py
[2023-04-05 11:18:52,300] {logging_mixin.py:109} INFO - [2023-04-05 11:18:52,300] {dag.py:2389} INFO - Sync 3 DAGs
[2023-04-05 11:18:52,322] {logging_mixin.py:109} INFO - [2023-04-05 11:18:52,322] {dag.py:2921} INFO - Setting next_dagrun for example_subdag_operator to 2023-04-03T00:00:00+00:00
[2023-04-05 11:18:52,323] {logging_mixin.py:109} INFO - [2023-04-05 11:18:52,323] {dag.py:2921} INFO - Setting next_dagrun for example_subdag_operator.section-1 to None
[2023-04-05 11:18:52,323] {logging_mixin.py:109} INFO - [2023-04-05 11:18:52,323] {dag.py:2921} INFO - Setting next_dagrun for example_subdag_operator.section-2 to None
[2023-04-05 11:18:52,330] {logging_mixin.py:109} INFO - [2023-04-05 11:18:52,330] {dag.py:2389} INFO - Sync 2 DAGs
[2023-04-05 11:18:52,342] {logging_mixin.py:109} INFO - [2023-04-05 11:18:52,342] {dag.py:2921} INFO - Setting next_dagrun for example_subdag_operator.section-1 to None
[2023-04-05 11:18:52,342] {logging_mixin.py:109} INFO - [2023-04-05 11:18:52,342] {dag.py:2921} INFO - Setting next_dagrun for example_subdag_operator.section-2 to None
[2023-04-05 11:18:52,352] {processor.py:171} INFO - Processing /home/airflow/.local/lib/python3.7/site-packages/airflow/example_dags/example_subdag_operator.py took 0.128 seconds
[2023-04-05 11:19:22,422] {processor.py:163} INFO - Started process (PID=568) to work on /home/airflow/.local/lib/python3.7/site-packages/airflow/example_dags/example_subdag_operator.py
[2023-04-05 11:19:22,422] {processor.py:620} INFO - Processing file /home/airflow/.local/lib/python3.7/site-packages/airflow/example_dags/example_subdag_operator.py for tasks to queue
[2023-04-05 11:19:22,423] {logging_mixin.py:109} INFO - [2023-04-05 11:19:22,423] {dagbag.py:500} INFO - Filling up the DagBag from /home/airflow/.local/lib/python3.7/site-packages/airflow/example_dags/example_subdag_operator.py
[2023-04-05 11:19:22,452] {processor.py:632} INFO - DAG(s) dict_keys(['example_subdag_operator.section-1', 'example_subdag_operator.section-2', 'example_subdag_operator']) retrieved from /home/airflow/.local/lib/python3.7/site-packages/airflow/example_dags/example_subdag_operator.py
[2023-04-05 11:19:22,463] {logging_mixin.py:109} INFO - [2023-04-05 11:19:22,463] {dag.py:2389} INFO - Sync 3 DAGs
[2023-04-05 11:19:22,478] {logging_mixin.py:109} INFO - [2023-04-05 11:19:22,478] {dag.py:2921} INFO - Setting next_dagrun for example_subdag_operator to 2023-04-03T00:00:00+00:00
[2023-04-05 11:19:22,478] {logging_mixin.py:109} INFO - [2023-04-05 11:19:22,478] {dag.py:2921} INFO - Setting next_dagrun for example_subdag_operator.section-1 to None
[2023-04-05 11:19:22,478] {logging_mixin.py:109} INFO - [2023-04-05 11:19:22,478] {dag.py:2921} INFO - Setting next_dagrun for example_subdag_operator.section-2 to None
[2023-04-05 11:19:22,484] {logging_mixin.py:109} INFO - [2023-04-05 11:19:22,484] {dag.py:2389} INFO - Sync 2 DAGs
[2023-04-05 11:19:22,492] {logging_mixin.py:109} INFO - [2023-04-05 11:19:22,491] {dag.py:2921} INFO - Setting next_dagrun for example_subdag_operator.section-1 to None
[2023-04-05 11:19:22,492] {logging_mixin.py:109} INFO - [2023-04-05 11:19:22,492] {dag.py:2921} INFO - Setting next_dagrun for example_subdag_operator.section-2 to None
[2023-04-05 11:19:22,499] {processor.py:171} INFO - Processing /home/airflow/.local/lib/python3.7/site-packages/airflow/example_dags/example_subdag_operator.py took 0.080 seconds
[2023-04-05 11:19:52,733] {processor.py:163} INFO - Started process (PID=622) to work on /home/airflow/.local/lib/python3.7/site-packages/airflow/example_dags/example_subdag_operator.py
[2023-04-05 11:19:52,734] {processor.py:620} INFO - Processing file /home/airflow/.local/lib/python3.7/site-packages/airflow/example_dags/example_subdag_operator.py for tasks to queue
[2023-04-05 11:19:52,734] {logging_mixin.py:109} INFO - [2023-04-05 11:19:52,734] {dagbag.py:500} INFO - Filling up the DagBag from /home/airflow/.local/lib/python3.7/site-packages/airflow/example_dags/example_subdag_operator.py
[2023-04-05 11:19:52,761] {processor.py:632} INFO - DAG(s) dict_keys(['example_subdag_operator.section-1', 'example_subdag_operator.section-2', 'example_subdag_operator']) retrieved from /home/airflow/.local/lib/python3.7/site-packages/airflow/example_dags/example_subdag_operator.py
[2023-04-05 11:19:52,769] {logging_mixin.py:109} INFO - [2023-04-05 11:19:52,769] {dag.py:2389} INFO - Sync 3 DAGs
[2023-04-05 11:19:52,780] {logging_mixin.py:109} INFO - [2023-04-05 11:19:52,780] {dag.py:2921} INFO - Setting next_dagrun for example_subdag_operator to 2023-04-03T00:00:00+00:00
[2023-04-05 11:19:52,781] {logging_mixin.py:109} INFO - [2023-04-05 11:19:52,781] {dag.py:2921} INFO - Setting next_dagrun for example_subdag_operator.section-1 to None
[2023-04-05 11:19:52,781] {logging_mixin.py:109} INFO - [2023-04-05 11:19:52,781] {dag.py:2921} INFO - Setting next_dagrun for example_subdag_operator.section-2 to None
[2023-04-05 11:19:52,785] {logging_mixin.py:109} INFO - [2023-04-05 11:19:52,785] {dag.py:2389} INFO - Sync 2 DAGs
[2023-04-05 11:19:52,791] {logging_mixin.py:109} INFO - [2023-04-05 11:19:52,791] {dag.py:2921} INFO - Setting next_dagrun for example_subdag_operator.section-1 to None
[2023-04-05 11:19:52,791] {logging_mixin.py:109} INFO - [2023-04-05 11:19:52,791] {dag.py:2921} INFO - Setting next_dagrun for example_subdag_operator.section-2 to None
[2023-04-05 11:19:52,798] {processor.py:171} INFO - Processing /home/airflow/.local/lib/python3.7/site-packages/airflow/example_dags/example_subdag_operator.py took 0.069 seconds
[2023-04-05 11:20:23,774] {processor.py:163} INFO - Started process (PID=682) to work on /home/airflow/.local/lib/python3.7/site-packages/airflow/example_dags/example_subdag_operator.py
[2023-04-05 11:20:23,775] {processor.py:620} INFO - Processing file /home/airflow/.local/lib/python3.7/site-packages/airflow/example_dags/example_subdag_operator.py for tasks to queue
[2023-04-05 11:20:23,776] {logging_mixin.py:109} INFO - [2023-04-05 11:20:23,775] {dagbag.py:500} INFO - Filling up the DagBag from /home/airflow/.local/lib/python3.7/site-packages/airflow/example_dags/example_subdag_operator.py
[2023-04-05 11:20:23,806] {processor.py:632} INFO - DAG(s) dict_keys(['example_subdag_operator.section-1', 'example_subdag_operator.section-2', 'example_subdag_operator']) retrieved from /home/airflow/.local/lib/python3.7/site-packages/airflow/example_dags/example_subdag_operator.py
[2023-04-05 11:20:23,816] {logging_mixin.py:109} INFO - [2023-04-05 11:20:23,816] {dag.py:2389} INFO - Sync 3 DAGs
[2023-04-05 11:20:23,830] {logging_mixin.py:109} INFO - [2023-04-05 11:20:23,830] {dag.py:2921} INFO - Setting next_dagrun for example_subdag_operator to 2023-04-03T00:00:00+00:00
[2023-04-05 11:20:23,830] {logging_mixin.py:109} INFO - [2023-04-05 11:20:23,830] {dag.py:2921} INFO - Setting next_dagrun for example_subdag_operator.section-1 to None
[2023-04-05 11:20:23,831] {logging_mixin.py:109} INFO - [2023-04-05 11:20:23,831] {dag.py:2921} INFO - Setting next_dagrun for example_subdag_operator.section-2 to None
[2023-04-05 11:20:23,836] {logging_mixin.py:109} INFO - [2023-04-05 11:20:23,836] {dag.py:2389} INFO - Sync 2 DAGs
[2023-04-05 11:20:23,843] {logging_mixin.py:109} INFO - [2023-04-05 11:20:23,843] {dag.py:2921} INFO - Setting next_dagrun for example_subdag_operator.section-1 to None
[2023-04-05 11:20:23,843] {logging_mixin.py:109} INFO - [2023-04-05 11:20:23,843] {dag.py:2921} INFO - Setting next_dagrun for example_subdag_operator.section-2 to None
[2023-04-05 11:20:23,851] {processor.py:171} INFO - Processing /home/airflow/.local/lib/python3.7/site-packages/airflow/example_dags/example_subdag_operator.py took 0.079 seconds
[2023-04-05 11:24:33,887] {processor.py:163} INFO - Started process (PID=328) to work on /home/airflow/.local/lib/python3.7/site-packages/airflow/example_dags/example_subdag_operator.py
[2023-04-05 11:24:33,889] {processor.py:620} INFO - Processing file /home/airflow/.local/lib/python3.7/site-packages/airflow/example_dags/example_subdag_operator.py for tasks to queue
[2023-04-05 11:24:33,890] {logging_mixin.py:109} INFO - [2023-04-05 11:24:33,890] {dagbag.py:500} INFO - Filling up the DagBag from /home/airflow/.local/lib/python3.7/site-packages/airflow/example_dags/example_subdag_operator.py
[2023-04-05 11:24:33,959] {processor.py:632} INFO - DAG(s) dict_keys(['example_subdag_operator.section-1', 'example_subdag_operator.section-2', 'example_subdag_operator']) retrieved from /home/airflow/.local/lib/python3.7/site-packages/airflow/example_dags/example_subdag_operator.py
[2023-04-05 11:24:37,456] {logging_mixin.py:109} INFO - [2023-04-05 11:24:37,456] {providers_manager.py:156} WARNING - Exception when importing 'airflow.providers.google.leveldb.hooks.leveldb.LevelDBHook' from 'apache-airflow-providers-google' package: No module named 'plyvel'
[2023-04-05 11:24:38,119] {logging_mixin.py:109} INFO - [2023-04-05 11:24:38,119] {providers_manager.py:156} WARNING - Exception when importing 'airflow.providers.google.leveldb.hooks.leveldb.LevelDBHook' from 'apache-airflow-providers-google' package: No module named 'plyvel'
[2023-04-05 11:24:38,151] {logging_mixin.py:109} INFO - [2023-04-05 11:24:38,150] {manager.py:496} INFO - Created Permission View: can edit on DAG:example_subdag_operator
[2023-04-05 11:24:38,164] {logging_mixin.py:109} INFO - [2023-04-05 11:24:38,164] {manager.py:496} INFO - Created Permission View: can read on DAG:example_subdag_operator
[2023-04-05 11:24:38,165] {logging_mixin.py:109} INFO - [2023-04-05 11:24:38,164] {dag.py:2389} INFO - Sync 3 DAGs
[2023-04-05 11:24:38,177] {logging_mixin.py:109} INFO - [2023-04-05 11:24:38,177] {dag.py:2408} INFO - Creating ORM DAG for example_subdag_operator.section-1
[2023-04-05 11:24:38,178] {logging_mixin.py:109} INFO - [2023-04-05 11:24:38,178] {dag.py:2408} INFO - Creating ORM DAG for example_subdag_operator.section-2
[2023-04-05 11:24:38,179] {logging_mixin.py:109} INFO - [2023-04-05 11:24:38,179] {dag.py:2408} INFO - Creating ORM DAG for example_subdag_operator
[2023-04-05 11:24:38,192] {logging_mixin.py:109} INFO - [2023-04-05 11:24:38,192] {dag.py:2921} INFO - Setting next_dagrun for example_subdag_operator to 2023-04-03T00:00:00+00:00
[2023-04-05 11:24:38,194] {logging_mixin.py:109} INFO - [2023-04-05 11:24:38,194] {dag.py:2921} INFO - Setting next_dagrun for example_subdag_operator.section-1 to None
[2023-04-05 11:24:38,195] {logging_mixin.py:109} INFO - [2023-04-05 11:24:38,195] {dag.py:2921} INFO - Setting next_dagrun for example_subdag_operator.section-2 to None
[2023-04-05 11:24:38,209] {logging_mixin.py:109} INFO - [2023-04-05 11:24:38,209] {dag.py:2389} INFO - Sync 2 DAGs
[2023-04-05 11:24:38,226] {logging_mixin.py:109} INFO - [2023-04-05 11:24:38,226] {dag.py:2921} INFO - Setting next_dagrun for example_subdag_operator.section-1 to None
[2023-04-05 11:24:38,226] {logging_mixin.py:109} INFO - [2023-04-05 11:24:38,226] {dag.py:2921} INFO - Setting next_dagrun for example_subdag_operator.section-2 to None
[2023-04-05 11:24:38,237] {processor.py:171} INFO - Processing /home/airflow/.local/lib/python3.7/site-packages/airflow/example_dags/example_subdag_operator.py took 4.355 seconds
[2023-04-05 11:25:08,681] {processor.py:163} INFO - Started process (PID=403) to work on /home/airflow/.local/lib/python3.7/site-packages/airflow/example_dags/example_subdag_operator.py
[2023-04-05 11:25:08,682] {processor.py:620} INFO - Processing file /home/airflow/.local/lib/python3.7/site-packages/airflow/example_dags/example_subdag_operator.py for tasks to queue
[2023-04-05 11:25:08,683] {logging_mixin.py:109} INFO - [2023-04-05 11:25:08,683] {dagbag.py:500} INFO - Filling up the DagBag from /home/airflow/.local/lib/python3.7/site-packages/airflow/example_dags/example_subdag_operator.py
[2023-04-05 11:25:08,713] {processor.py:632} INFO - DAG(s) dict_keys(['example_subdag_operator.section-1', 'example_subdag_operator.section-2', 'example_subdag_operator']) retrieved from /home/airflow/.local/lib/python3.7/site-packages/airflow/example_dags/example_subdag_operator.py
[2023-04-05 11:25:08,723] {logging_mixin.py:109} INFO - [2023-04-05 11:25:08,723] {dag.py:2389} INFO - Sync 3 DAGs
[2023-04-05 11:25:08,737] {logging_mixin.py:109} INFO - [2023-04-05 11:25:08,737] {dag.py:2921} INFO - Setting next_dagrun for example_subdag_operator to 2023-04-03T00:00:00+00:00
[2023-04-05 11:25:08,737] {logging_mixin.py:109} INFO - [2023-04-05 11:25:08,737] {dag.py:2921} INFO - Setting next_dagrun for example_subdag_operator.section-1 to None
[2023-04-05 11:25:08,737] {logging_mixin.py:109} INFO - [2023-04-05 11:25:08,737] {dag.py:2921} INFO - Setting next_dagrun for example_subdag_operator.section-2 to None
[2023-04-05 11:25:08,742] {logging_mixin.py:109} INFO - [2023-04-05 11:25:08,742] {dag.py:2389} INFO - Sync 2 DAGs
[2023-04-05 11:25:08,749] {logging_mixin.py:109} INFO - [2023-04-05 11:25:08,749] {dag.py:2921} INFO - Setting next_dagrun for example_subdag_operator.section-1 to None
[2023-04-05 11:25:08,749] {logging_mixin.py:109} INFO - [2023-04-05 11:25:08,749] {dag.py:2921} INFO - Setting next_dagrun for example_subdag_operator.section-2 to None
[2023-04-05 11:25:08,756] {processor.py:171} INFO - Processing /home/airflow/.local/lib/python3.7/site-packages/airflow/example_dags/example_subdag_operator.py took 0.077 seconds
[2023-04-05 11:25:39,319] {processor.py:163} INFO - Started process (PID=454) to work on /home/airflow/.local/lib/python3.7/site-packages/airflow/example_dags/example_subdag_operator.py
[2023-04-05 11:25:39,320] {processor.py:620} INFO - Processing file /home/airflow/.local/lib/python3.7/site-packages/airflow/example_dags/example_subdag_operator.py for tasks to queue
[2023-04-05 11:25:39,320] {logging_mixin.py:109} INFO - [2023-04-05 11:25:39,320] {dagbag.py:500} INFO - Filling up the DagBag from /home/airflow/.local/lib/python3.7/site-packages/airflow/example_dags/example_subdag_operator.py
[2023-04-05 11:25:39,346] {processor.py:632} INFO - DAG(s) dict_keys(['example_subdag_operator.section-1', 'example_subdag_operator.section-2', 'example_subdag_operator']) retrieved from /home/airflow/.local/lib/python3.7/site-packages/airflow/example_dags/example_subdag_operator.py
[2023-04-05 11:25:39,355] {logging_mixin.py:109} INFO - [2023-04-05 11:25:39,354] {dag.py:2389} INFO - Sync 3 DAGs
[2023-04-05 11:25:39,365] {logging_mixin.py:109} INFO - [2023-04-05 11:25:39,365] {dag.py:2921} INFO - Setting next_dagrun for example_subdag_operator to 2023-04-03T00:00:00+00:00
[2023-04-05 11:25:39,365] {logging_mixin.py:109} INFO - [2023-04-05 11:25:39,365] {dag.py:2921} INFO - Setting next_dagrun for example_subdag_operator.section-1 to None
[2023-04-05 11:25:39,365] {logging_mixin.py:109} INFO - [2023-04-05 11:25:39,365] {dag.py:2921} INFO - Setting next_dagrun for example_subdag_operator.section-2 to None
[2023-04-05 11:25:39,370] {logging_mixin.py:109} INFO - [2023-04-05 11:25:39,370] {dag.py:2389} INFO - Sync 2 DAGs
[2023-04-05 11:25:39,376] {logging_mixin.py:109} INFO - [2023-04-05 11:25:39,376] {dag.py:2921} INFO - Setting next_dagrun for example_subdag_operator.section-1 to None
[2023-04-05 11:25:39,376] {logging_mixin.py:109} INFO - [2023-04-05 11:25:39,376] {dag.py:2921} INFO - Setting next_dagrun for example_subdag_operator.section-2 to None
[2023-04-05 11:25:39,383] {processor.py:171} INFO - Processing /home/airflow/.local/lib/python3.7/site-packages/airflow/example_dags/example_subdag_operator.py took 0.066 seconds
[2023-04-05 11:26:09,932] {processor.py:163} INFO - Started process (PID=514) to work on /home/airflow/.local/lib/python3.7/site-packages/airflow/example_dags/example_subdag_operator.py
[2023-04-05 11:26:09,933] {processor.py:620} INFO - Processing file /home/airflow/.local/lib/python3.7/site-packages/airflow/example_dags/example_subdag_operator.py for tasks to queue
[2023-04-05 11:26:09,934] {logging_mixin.py:109} INFO - [2023-04-05 11:26:09,934] {dagbag.py:500} INFO - Filling up the DagBag from /home/airflow/.local/lib/python3.7/site-packages/airflow/example_dags/example_subdag_operator.py
[2023-04-05 11:26:09,966] {processor.py:632} INFO - DAG(s) dict_keys(['example_subdag_operator.section-1', 'example_subdag_operator.section-2', 'example_subdag_operator']) retrieved from /home/airflow/.local/lib/python3.7/site-packages/airflow/example_dags/example_subdag_operator.py
[2023-04-05 11:26:09,979] {logging_mixin.py:109} INFO - [2023-04-05 11:26:09,979] {dag.py:2389} INFO - Sync 3 DAGs
[2023-04-05 11:26:09,995] {logging_mixin.py:109} INFO - [2023-04-05 11:26:09,995] {dag.py:2921} INFO - Setting next_dagrun for example_subdag_operator to 2023-04-03T00:00:00+00:00
[2023-04-05 11:26:09,996] {logging_mixin.py:109} INFO - [2023-04-05 11:26:09,996] {dag.py:2921} INFO - Setting next_dagrun for example_subdag_operator.section-1 to None
[2023-04-05 11:26:09,996] {logging_mixin.py:109} INFO - [2023-04-05 11:26:09,996] {dag.py:2921} INFO - Setting next_dagrun for example_subdag_operator.section-2 to None
[2023-04-05 11:26:10,002] {logging_mixin.py:109} INFO - [2023-04-05 11:26:10,002] {dag.py:2389} INFO - Sync 2 DAGs
[2023-04-05 11:26:10,011] {logging_mixin.py:109} INFO - [2023-04-05 11:26:10,011] {dag.py:2921} INFO - Setting next_dagrun for example_subdag_operator.section-1 to None
[2023-04-05 11:26:10,012] {logging_mixin.py:109} INFO - [2023-04-05 11:26:10,012] {dag.py:2921} INFO - Setting next_dagrun for example_subdag_operator.section-2 to None
[2023-04-05 11:26:10,019] {processor.py:171} INFO - Processing /home/airflow/.local/lib/python3.7/site-packages/airflow/example_dags/example_subdag_operator.py took 0.091 seconds
[2023-04-05 11:26:40,159] {processor.py:163} INFO - Started process (PID=565) to work on /home/airflow/.local/lib/python3.7/site-packages/airflow/example_dags/example_subdag_operator.py
[2023-04-05 11:26:40,160] {processor.py:620} INFO - Processing file /home/airflow/.local/lib/python3.7/site-packages/airflow/example_dags/example_subdag_operator.py for tasks to queue
[2023-04-05 11:26:40,161] {logging_mixin.py:109} INFO - [2023-04-05 11:26:40,160] {dagbag.py:500} INFO - Filling up the DagBag from /home/airflow/.local/lib/python3.7/site-packages/airflow/example_dags/example_subdag_operator.py
[2023-04-05 11:26:40,198] {processor.py:632} INFO - DAG(s) dict_keys(['example_subdag_operator.section-1', 'example_subdag_operator.section-2', 'example_subdag_operator']) retrieved from /home/airflow/.local/lib/python3.7/site-packages/airflow/example_dags/example_subdag_operator.py
[2023-04-05 11:26:40,209] {logging_mixin.py:109} INFO - [2023-04-05 11:26:40,209] {dag.py:2389} INFO - Sync 3 DAGs
[2023-04-05 11:26:40,224] {logging_mixin.py:109} INFO - [2023-04-05 11:26:40,224] {dag.py:2921} INFO - Setting next_dagrun for example_subdag_operator to 2023-04-03T00:00:00+00:00
[2023-04-05 11:26:40,225] {logging_mixin.py:109} INFO - [2023-04-05 11:26:40,225] {dag.py:2921} INFO - Setting next_dagrun for example_subdag_operator.section-1 to None
[2023-04-05 11:26:40,225] {logging_mixin.py:109} INFO - [2023-04-05 11:26:40,225] {dag.py:2921} INFO - Setting next_dagrun for example_subdag_operator.section-2 to None
[2023-04-05 11:26:40,231] {logging_mixin.py:109} INFO - [2023-04-05 11:26:40,231] {dag.py:2389} INFO - Sync 2 DAGs
[2023-04-05 11:26:40,243] {logging_mixin.py:109} INFO - [2023-04-05 11:26:40,243] {dag.py:2921} INFO - Setting next_dagrun for example_subdag_operator.section-1 to None
[2023-04-05 11:26:40,243] {logging_mixin.py:109} INFO - [2023-04-05 11:26:40,243] {dag.py:2921} INFO - Setting next_dagrun for example_subdag_operator.section-2 to None
[2023-04-05 11:26:40,251] {processor.py:171} INFO - Processing /home/airflow/.local/lib/python3.7/site-packages/airflow/example_dags/example_subdag_operator.py took 0.096 seconds
[2023-04-05 11:27:10,605] {processor.py:163} INFO - Started process (PID=616) to work on /home/airflow/.local/lib/python3.7/site-packages/airflow/example_dags/example_subdag_operator.py
[2023-04-05 11:27:10,607] {processor.py:620} INFO - Processing file /home/airflow/.local/lib/python3.7/site-packages/airflow/example_dags/example_subdag_operator.py for tasks to queue
[2023-04-05 11:27:10,607] {logging_mixin.py:109} INFO - [2023-04-05 11:27:10,607] {dagbag.py:500} INFO - Filling up the DagBag from /home/airflow/.local/lib/python3.7/site-packages/airflow/example_dags/example_subdag_operator.py
[2023-04-05 11:27:10,638] {processor.py:632} INFO - DAG(s) dict_keys(['example_subdag_operator.section-1', 'example_subdag_operator.section-2', 'example_subdag_operator']) retrieved from /home/airflow/.local/lib/python3.7/site-packages/airflow/example_dags/example_subdag_operator.py
[2023-04-05 11:27:10,649] {logging_mixin.py:109} INFO - [2023-04-05 11:27:10,649] {dag.py:2389} INFO - Sync 3 DAGs
[2023-04-05 11:27:10,664] {logging_mixin.py:109} INFO - [2023-04-05 11:27:10,664] {dag.py:2921} INFO - Setting next_dagrun for example_subdag_operator to 2023-04-03T00:00:00+00:00
[2023-04-05 11:27:10,664] {logging_mixin.py:109} INFO - [2023-04-05 11:27:10,664] {dag.py:2921} INFO - Setting next_dagrun for example_subdag_operator.section-1 to None
[2023-04-05 11:27:10,664] {logging_mixin.py:109} INFO - [2023-04-05 11:27:10,664] {dag.py:2921} INFO - Setting next_dagrun for example_subdag_operator.section-2 to None
[2023-04-05 11:27:10,670] {logging_mixin.py:109} INFO - [2023-04-05 11:27:10,670] {dag.py:2389} INFO - Sync 2 DAGs
[2023-04-05 11:27:10,678] {logging_mixin.py:109} INFO - [2023-04-05 11:27:10,677] {dag.py:2921} INFO - Setting next_dagrun for example_subdag_operator.section-1 to None
[2023-04-05 11:27:10,678] {logging_mixin.py:109} INFO - [2023-04-05 11:27:10,678] {dag.py:2921} INFO - Setting next_dagrun for example_subdag_operator.section-2 to None
[2023-04-05 11:27:10,686] {processor.py:171} INFO - Processing /home/airflow/.local/lib/python3.7/site-packages/airflow/example_dags/example_subdag_operator.py took 0.083 seconds
[2023-04-05 11:27:41,125] {processor.py:163} INFO - Started process (PID=676) to work on /home/airflow/.local/lib/python3.7/site-packages/airflow/example_dags/example_subdag_operator.py
[2023-04-05 11:27:41,125] {processor.py:620} INFO - Processing file /home/airflow/.local/lib/python3.7/site-packages/airflow/example_dags/example_subdag_operator.py for tasks to queue
[2023-04-05 11:27:41,126] {logging_mixin.py:109} INFO - [2023-04-05 11:27:41,126] {dagbag.py:500} INFO - Filling up the DagBag from /home/airflow/.local/lib/python3.7/site-packages/airflow/example_dags/example_subdag_operator.py
[2023-04-05 11:27:41,152] {processor.py:632} INFO - DAG(s) dict_keys(['example_subdag_operator.section-1', 'example_subdag_operator.section-2', 'example_subdag_operator']) retrieved from /home/airflow/.local/lib/python3.7/site-packages/airflow/example_dags/example_subdag_operator.py
[2023-04-05 11:27:41,160] {logging_mixin.py:109} INFO - [2023-04-05 11:27:41,160] {dag.py:2389} INFO - Sync 3 DAGs
[2023-04-05 11:27:41,174] {logging_mixin.py:109} INFO - [2023-04-05 11:27:41,174] {dag.py:2921} INFO - Setting next_dagrun for example_subdag_operator to 2023-04-03T00:00:00+00:00
[2023-04-05 11:27:41,174] {logging_mixin.py:109} INFO - [2023-04-05 11:27:41,174] {dag.py:2921} INFO - Setting next_dagrun for example_subdag_operator.section-1 to None
[2023-04-05 11:27:41,174] {logging_mixin.py:109} INFO - [2023-04-05 11:27:41,174] {dag.py:2921} INFO - Setting next_dagrun for example_subdag_operator.section-2 to None
[2023-04-05 11:27:41,179] {logging_mixin.py:109} INFO - [2023-04-05 11:27:41,179] {dag.py:2389} INFO - Sync 2 DAGs
[2023-04-05 11:27:41,186] {logging_mixin.py:109} INFO - [2023-04-05 11:27:41,186] {dag.py:2921} INFO - Setting next_dagrun for example_subdag_operator.section-1 to None
[2023-04-05 11:27:41,186] {logging_mixin.py:109} INFO - [2023-04-05 11:27:41,186] {dag.py:2921} INFO - Setting next_dagrun for example_subdag_operator.section-2 to None
[2023-04-05 11:27:41,192] {processor.py:171} INFO - Processing /home/airflow/.local/lib/python3.7/site-packages/airflow/example_dags/example_subdag_operator.py took 0.069 seconds
