[2023-04-05 11:16:50,164] {processor.py:163} INFO - Started process (PID=121) to work on /home/airflow/.local/lib/python3.7/site-packages/airflow/example_dags/example_kubernetes_executor_config.py
[2023-04-05 11:16:50,164] {processor.py:620} INFO - Processing file /home/airflow/.local/lib/python3.7/site-packages/airflow/example_dags/example_kubernetes_executor_config.py for tasks to queue
[2023-04-05 11:16:50,165] {logging_mixin.py:109} INFO - [2023-04-05 11:16:50,165] {dagbag.py:500} INFO - Filling up the DagBag from /home/airflow/.local/lib/python3.7/site-packages/airflow/example_dags/example_kubernetes_executor_config.py
[2023-04-05 11:16:50,195] {processor.py:632} INFO - DAG(s) dict_keys(['example_kubernetes_executor_config']) retrieved from /home/airflow/.local/lib/python3.7/site-packages/airflow/example_dags/example_kubernetes_executor_config.py
[2023-04-05 11:16:51,991] {logging_mixin.py:109} INFO - [2023-04-05 11:16:51,991] {providers_manager.py:156} WARNING - Exception when importing 'airflow.providers.google.leveldb.hooks.leveldb.LevelDBHook' from 'apache-airflow-providers-google' package: No module named 'plyvel'
[2023-04-05 11:16:52,619] {logging_mixin.py:109} INFO - [2023-04-05 11:16:52,619] {providers_manager.py:156} WARNING - Exception when importing 'airflow.providers.google.leveldb.hooks.leveldb.LevelDBHook' from 'apache-airflow-providers-google' package: No module named 'plyvel'
[2023-04-05 11:16:52,645] {logging_mixin.py:109} INFO - [2023-04-05 11:16:52,645] {manager.py:496} INFO - Created Permission View: can read on DAG:example_kubernetes_executor_config
[2023-04-05 11:16:52,657] {logging_mixin.py:109} INFO - [2023-04-05 11:16:52,657] {manager.py:496} INFO - Created Permission View: can edit on DAG:example_kubernetes_executor_config
[2023-04-05 11:16:52,657] {logging_mixin.py:109} INFO - [2023-04-05 11:16:52,657] {dag.py:2389} INFO - Sync 1 DAGs
[2023-04-05 11:16:52,668] {logging_mixin.py:109} INFO - [2023-04-05 11:16:52,667] {dag.py:2408} INFO - Creating ORM DAG for example_kubernetes_executor_config
[2023-04-05 11:16:52,677] {logging_mixin.py:109} INFO - [2023-04-05 11:16:52,677] {dag.py:2921} INFO - Setting next_dagrun for example_kubernetes_executor_config to None
[2023-04-05 11:16:52,696] {processor.py:171} INFO - Processing /home/airflow/.local/lib/python3.7/site-packages/airflow/example_dags/example_kubernetes_executor_config.py took 2.536 seconds
[2023-04-05 11:17:22,943] {processor.py:163} INFO - Started process (PID=364) to work on /home/airflow/.local/lib/python3.7/site-packages/airflow/example_dags/example_kubernetes_executor_config.py
[2023-04-05 11:17:22,945] {processor.py:620} INFO - Processing file /home/airflow/.local/lib/python3.7/site-packages/airflow/example_dags/example_kubernetes_executor_config.py for tasks to queue
[2023-04-05 11:17:22,945] {logging_mixin.py:109} INFO - [2023-04-05 11:17:22,945] {dagbag.py:500} INFO - Filling up the DagBag from /home/airflow/.local/lib/python3.7/site-packages/airflow/example_dags/example_kubernetes_executor_config.py
[2023-04-05 11:17:22,986] {processor.py:632} INFO - DAG(s) dict_keys(['example_kubernetes_executor_config']) retrieved from /home/airflow/.local/lib/python3.7/site-packages/airflow/example_dags/example_kubernetes_executor_config.py
[2023-04-05 11:17:23,005] {logging_mixin.py:109} INFO - [2023-04-05 11:17:23,005] {dag.py:2389} INFO - Sync 1 DAGs
[2023-04-05 11:17:23,031] {logging_mixin.py:109} INFO - [2023-04-05 11:17:23,031] {dag.py:2921} INFO - Setting next_dagrun for example_kubernetes_executor_config to None
[2023-04-05 11:17:23,047] {processor.py:171} INFO - Processing /home/airflow/.local/lib/python3.7/site-packages/airflow/example_dags/example_kubernetes_executor_config.py took 0.110 seconds
[2023-04-05 11:17:53,349] {processor.py:163} INFO - Started process (PID=415) to work on /home/airflow/.local/lib/python3.7/site-packages/airflow/example_dags/example_kubernetes_executor_config.py
[2023-04-05 11:17:53,350] {processor.py:620} INFO - Processing file /home/airflow/.local/lib/python3.7/site-packages/airflow/example_dags/example_kubernetes_executor_config.py for tasks to queue
[2023-04-05 11:17:53,351] {logging_mixin.py:109} INFO - [2023-04-05 11:17:53,351] {dagbag.py:500} INFO - Filling up the DagBag from /home/airflow/.local/lib/python3.7/site-packages/airflow/example_dags/example_kubernetes_executor_config.py
[2023-04-05 11:17:53,375] {processor.py:632} INFO - DAG(s) dict_keys(['example_kubernetes_executor_config']) retrieved from /home/airflow/.local/lib/python3.7/site-packages/airflow/example_dags/example_kubernetes_executor_config.py
[2023-04-05 11:17:53,385] {logging_mixin.py:109} INFO - [2023-04-05 11:17:53,385] {dag.py:2389} INFO - Sync 1 DAGs
[2023-04-05 11:17:53,399] {logging_mixin.py:109} INFO - [2023-04-05 11:17:53,399] {dag.py:2921} INFO - Setting next_dagrun for example_kubernetes_executor_config to None
[2023-04-05 11:17:53,408] {processor.py:171} INFO - Processing /home/airflow/.local/lib/python3.7/site-packages/airflow/example_dags/example_kubernetes_executor_config.py took 0.062 seconds
[2023-04-05 11:18:23,453] {processor.py:163} INFO - Started process (PID=465) to work on /home/airflow/.local/lib/python3.7/site-packages/airflow/example_dags/example_kubernetes_executor_config.py
[2023-04-05 11:18:23,454] {processor.py:620} INFO - Processing file /home/airflow/.local/lib/python3.7/site-packages/airflow/example_dags/example_kubernetes_executor_config.py for tasks to queue
[2023-04-05 11:18:23,454] {logging_mixin.py:109} INFO - [2023-04-05 11:18:23,454] {dagbag.py:500} INFO - Filling up the DagBag from /home/airflow/.local/lib/python3.7/site-packages/airflow/example_dags/example_kubernetes_executor_config.py
[2023-04-05 11:18:23,480] {processor.py:632} INFO - DAG(s) dict_keys(['example_kubernetes_executor_config']) retrieved from /home/airflow/.local/lib/python3.7/site-packages/airflow/example_dags/example_kubernetes_executor_config.py
[2023-04-05 11:18:23,493] {logging_mixin.py:109} INFO - [2023-04-05 11:18:23,492] {dag.py:2389} INFO - Sync 1 DAGs
[2023-04-05 11:18:23,507] {logging_mixin.py:109} INFO - [2023-04-05 11:18:23,506] {dag.py:2921} INFO - Setting next_dagrun for example_kubernetes_executor_config to None
[2023-04-05 11:18:23,516] {processor.py:171} INFO - Processing /home/airflow/.local/lib/python3.7/site-packages/airflow/example_dags/example_kubernetes_executor_config.py took 0.065 seconds
[2023-04-05 11:18:53,737] {processor.py:163} INFO - Started process (PID=525) to work on /home/airflow/.local/lib/python3.7/site-packages/airflow/example_dags/example_kubernetes_executor_config.py
[2023-04-05 11:18:53,738] {processor.py:620} INFO - Processing file /home/airflow/.local/lib/python3.7/site-packages/airflow/example_dags/example_kubernetes_executor_config.py for tasks to queue
[2023-04-05 11:18:53,739] {logging_mixin.py:109} INFO - [2023-04-05 11:18:53,739] {dagbag.py:500} INFO - Filling up the DagBag from /home/airflow/.local/lib/python3.7/site-packages/airflow/example_dags/example_kubernetes_executor_config.py
[2023-04-05 11:18:53,768] {processor.py:632} INFO - DAG(s) dict_keys(['example_kubernetes_executor_config']) retrieved from /home/airflow/.local/lib/python3.7/site-packages/airflow/example_dags/example_kubernetes_executor_config.py
[2023-04-05 11:18:53,780] {logging_mixin.py:109} INFO - [2023-04-05 11:18:53,780] {dag.py:2389} INFO - Sync 1 DAGs
[2023-04-05 11:18:53,795] {logging_mixin.py:109} INFO - [2023-04-05 11:18:53,795] {dag.py:2921} INFO - Setting next_dagrun for example_kubernetes_executor_config to None
[2023-04-05 11:18:53,806] {processor.py:171} INFO - Processing /home/airflow/.local/lib/python3.7/site-packages/airflow/example_dags/example_kubernetes_executor_config.py took 0.073 seconds
[2023-04-05 11:19:24,745] {processor.py:163} INFO - Started process (PID=576) to work on /home/airflow/.local/lib/python3.7/site-packages/airflow/example_dags/example_kubernetes_executor_config.py
[2023-04-05 11:19:24,746] {processor.py:620} INFO - Processing file /home/airflow/.local/lib/python3.7/site-packages/airflow/example_dags/example_kubernetes_executor_config.py for tasks to queue
[2023-04-05 11:19:24,747] {logging_mixin.py:109} INFO - [2023-04-05 11:19:24,747] {dagbag.py:500} INFO - Filling up the DagBag from /home/airflow/.local/lib/python3.7/site-packages/airflow/example_dags/example_kubernetes_executor_config.py
[2023-04-05 11:19:24,771] {processor.py:632} INFO - DAG(s) dict_keys(['example_kubernetes_executor_config']) retrieved from /home/airflow/.local/lib/python3.7/site-packages/airflow/example_dags/example_kubernetes_executor_config.py
[2023-04-05 11:19:24,782] {logging_mixin.py:109} INFO - [2023-04-05 11:19:24,782] {dag.py:2389} INFO - Sync 1 DAGs
[2023-04-05 11:19:24,798] {logging_mixin.py:109} INFO - [2023-04-05 11:19:24,798] {dag.py:2921} INFO - Setting next_dagrun for example_kubernetes_executor_config to None
[2023-04-05 11:19:24,807] {processor.py:171} INFO - Processing /home/airflow/.local/lib/python3.7/site-packages/airflow/example_dags/example_kubernetes_executor_config.py took 0.064 seconds
[2023-04-05 11:19:54,879] {processor.py:163} INFO - Started process (PID=626) to work on /home/airflow/.local/lib/python3.7/site-packages/airflow/example_dags/example_kubernetes_executor_config.py
[2023-04-05 11:19:54,880] {processor.py:620} INFO - Processing file /home/airflow/.local/lib/python3.7/site-packages/airflow/example_dags/example_kubernetes_executor_config.py for tasks to queue
[2023-04-05 11:19:54,881] {logging_mixin.py:109} INFO - [2023-04-05 11:19:54,881] {dagbag.py:500} INFO - Filling up the DagBag from /home/airflow/.local/lib/python3.7/site-packages/airflow/example_dags/example_kubernetes_executor_config.py
[2023-04-05 11:19:54,912] {processor.py:632} INFO - DAG(s) dict_keys(['example_kubernetes_executor_config']) retrieved from /home/airflow/.local/lib/python3.7/site-packages/airflow/example_dags/example_kubernetes_executor_config.py
[2023-04-05 11:19:54,927] {logging_mixin.py:109} INFO - [2023-04-05 11:19:54,927] {dag.py:2389} INFO - Sync 1 DAGs
[2023-04-05 11:19:54,944] {logging_mixin.py:109} INFO - [2023-04-05 11:19:54,944] {dag.py:2921} INFO - Setting next_dagrun for example_kubernetes_executor_config to None
[2023-04-05 11:19:54,954] {processor.py:171} INFO - Processing /home/airflow/.local/lib/python3.7/site-packages/airflow/example_dags/example_kubernetes_executor_config.py took 0.078 seconds
[2023-04-05 11:20:25,005] {processor.py:163} INFO - Started process (PID=686) to work on /home/airflow/.local/lib/python3.7/site-packages/airflow/example_dags/example_kubernetes_executor_config.py
[2023-04-05 11:20:25,007] {processor.py:620} INFO - Processing file /home/airflow/.local/lib/python3.7/site-packages/airflow/example_dags/example_kubernetes_executor_config.py for tasks to queue
[2023-04-05 11:20:25,007] {logging_mixin.py:109} INFO - [2023-04-05 11:20:25,007] {dagbag.py:500} INFO - Filling up the DagBag from /home/airflow/.local/lib/python3.7/site-packages/airflow/example_dags/example_kubernetes_executor_config.py
[2023-04-05 11:20:25,033] {processor.py:632} INFO - DAG(s) dict_keys(['example_kubernetes_executor_config']) retrieved from /home/airflow/.local/lib/python3.7/site-packages/airflow/example_dags/example_kubernetes_executor_config.py
[2023-04-05 11:20:25,049] {logging_mixin.py:109} INFO - [2023-04-05 11:20:25,048] {dag.py:2389} INFO - Sync 1 DAGs
[2023-04-05 11:20:25,065] {logging_mixin.py:109} INFO - [2023-04-05 11:20:25,065] {dag.py:2921} INFO - Setting next_dagrun for example_kubernetes_executor_config to None
[2023-04-05 11:20:25,074] {processor.py:171} INFO - Processing /home/airflow/.local/lib/python3.7/site-packages/airflow/example_dags/example_kubernetes_executor_config.py took 0.073 seconds
[2023-04-05 11:24:04,556] {processor.py:163} INFO - Started process (PID=120) to work on /home/airflow/.local/lib/python3.7/site-packages/airflow/example_dags/example_kubernetes_executor_config.py
[2023-04-05 11:24:04,558] {processor.py:620} INFO - Processing file /home/airflow/.local/lib/python3.7/site-packages/airflow/example_dags/example_kubernetes_executor_config.py for tasks to queue
[2023-04-05 11:24:04,559] {logging_mixin.py:109} INFO - [2023-04-05 11:24:04,559] {dagbag.py:500} INFO - Filling up the DagBag from /home/airflow/.local/lib/python3.7/site-packages/airflow/example_dags/example_kubernetes_executor_config.py
[2023-04-05 11:24:04,607] {processor.py:632} INFO - DAG(s) dict_keys(['example_kubernetes_executor_config']) retrieved from /home/airflow/.local/lib/python3.7/site-packages/airflow/example_dags/example_kubernetes_executor_config.py
[2023-04-05 11:24:06,958] {logging_mixin.py:109} INFO - [2023-04-05 11:24:06,958] {providers_manager.py:156} WARNING - Exception when importing 'airflow.providers.google.leveldb.hooks.leveldb.LevelDBHook' from 'apache-airflow-providers-google' package: No module named 'plyvel'
[2023-04-05 11:24:07,538] {logging_mixin.py:109} INFO - [2023-04-05 11:24:07,537] {providers_manager.py:156} WARNING - Exception when importing 'airflow.providers.google.leveldb.hooks.leveldb.LevelDBHook' from 'apache-airflow-providers-google' package: No module named 'plyvel'
[2023-04-05 11:24:07,577] {logging_mixin.py:109} INFO - [2023-04-05 11:24:07,576] {manager.py:496} INFO - Created Permission View: can edit on DAG:example_kubernetes_executor_config
[2023-04-05 11:24:07,588] {logging_mixin.py:109} INFO - [2023-04-05 11:24:07,588] {manager.py:496} INFO - Created Permission View: can read on DAG:example_kubernetes_executor_config
[2023-04-05 11:24:07,589] {logging_mixin.py:109} INFO - [2023-04-05 11:24:07,589] {dag.py:2389} INFO - Sync 1 DAGs
[2023-04-05 11:24:07,598] {logging_mixin.py:109} INFO - [2023-04-05 11:24:07,598] {dag.py:2408} INFO - Creating ORM DAG for example_kubernetes_executor_config
[2023-04-05 11:24:07,609] {logging_mixin.py:109} INFO - [2023-04-05 11:24:07,609] {dag.py:2921} INFO - Setting next_dagrun for example_kubernetes_executor_config to None
[2023-04-05 11:24:07,625] {processor.py:171} INFO - Processing /home/airflow/.local/lib/python3.7/site-packages/airflow/example_dags/example_kubernetes_executor_config.py took 3.075 seconds
[2023-04-05 11:24:40,993] {processor.py:163} INFO - Started process (PID=365) to work on /home/airflow/.local/lib/python3.7/site-packages/airflow/example_dags/example_kubernetes_executor_config.py
[2023-04-05 11:24:40,995] {processor.py:620} INFO - Processing file /home/airflow/.local/lib/python3.7/site-packages/airflow/example_dags/example_kubernetes_executor_config.py for tasks to queue
[2023-04-05 11:24:40,996] {logging_mixin.py:109} INFO - [2023-04-05 11:24:40,996] {dagbag.py:500} INFO - Filling up the DagBag from /home/airflow/.local/lib/python3.7/site-packages/airflow/example_dags/example_kubernetes_executor_config.py
[2023-04-05 11:24:41,030] {processor.py:632} INFO - DAG(s) dict_keys(['example_kubernetes_executor_config']) retrieved from /home/airflow/.local/lib/python3.7/site-packages/airflow/example_dags/example_kubernetes_executor_config.py
[2023-04-05 11:24:41,045] {logging_mixin.py:109} INFO - [2023-04-05 11:24:41,045] {dag.py:2389} INFO - Sync 1 DAGs
[2023-04-05 11:24:41,065] {logging_mixin.py:109} INFO - [2023-04-05 11:24:41,065] {dag.py:2921} INFO - Setting next_dagrun for example_kubernetes_executor_config to None
[2023-04-05 11:24:41,078] {processor.py:171} INFO - Processing /home/airflow/.local/lib/python3.7/site-packages/airflow/example_dags/example_kubernetes_executor_config.py took 0.089 seconds
[2023-04-05 11:25:11,277] {processor.py:163} INFO - Started process (PID=415) to work on /home/airflow/.local/lib/python3.7/site-packages/airflow/example_dags/example_kubernetes_executor_config.py
[2023-04-05 11:25:11,278] {processor.py:620} INFO - Processing file /home/airflow/.local/lib/python3.7/site-packages/airflow/example_dags/example_kubernetes_executor_config.py for tasks to queue
[2023-04-05 11:25:11,279] {logging_mixin.py:109} INFO - [2023-04-05 11:25:11,279] {dagbag.py:500} INFO - Filling up the DagBag from /home/airflow/.local/lib/python3.7/site-packages/airflow/example_dags/example_kubernetes_executor_config.py
[2023-04-05 11:25:11,303] {processor.py:632} INFO - DAG(s) dict_keys(['example_kubernetes_executor_config']) retrieved from /home/airflow/.local/lib/python3.7/site-packages/airflow/example_dags/example_kubernetes_executor_config.py
[2023-04-05 11:25:11,313] {logging_mixin.py:109} INFO - [2023-04-05 11:25:11,313] {dag.py:2389} INFO - Sync 1 DAGs
[2023-04-05 11:25:11,326] {logging_mixin.py:109} INFO - [2023-04-05 11:25:11,326] {dag.py:2921} INFO - Setting next_dagrun for example_kubernetes_executor_config to None
[2023-04-05 11:25:11,335] {processor.py:171} INFO - Processing /home/airflow/.local/lib/python3.7/site-packages/airflow/example_dags/example_kubernetes_executor_config.py took 0.060 seconds
[2023-04-05 11:25:41,938] {processor.py:163} INFO - Started process (PID=466) to work on /home/airflow/.local/lib/python3.7/site-packages/airflow/example_dags/example_kubernetes_executor_config.py
[2023-04-05 11:25:41,940] {processor.py:620} INFO - Processing file /home/airflow/.local/lib/python3.7/site-packages/airflow/example_dags/example_kubernetes_executor_config.py for tasks to queue
[2023-04-05 11:25:41,940] {logging_mixin.py:109} INFO - [2023-04-05 11:25:41,940] {dagbag.py:500} INFO - Filling up the DagBag from /home/airflow/.local/lib/python3.7/site-packages/airflow/example_dags/example_kubernetes_executor_config.py
[2023-04-05 11:25:41,973] {processor.py:632} INFO - DAG(s) dict_keys(['example_kubernetes_executor_config']) retrieved from /home/airflow/.local/lib/python3.7/site-packages/airflow/example_dags/example_kubernetes_executor_config.py
[2023-04-05 11:25:41,997] {logging_mixin.py:109} INFO - [2023-04-05 11:25:41,997] {dag.py:2389} INFO - Sync 1 DAGs
[2023-04-05 11:25:42,017] {logging_mixin.py:109} INFO - [2023-04-05 11:25:42,017] {dag.py:2921} INFO - Setting next_dagrun for example_kubernetes_executor_config to None
[2023-04-05 11:25:42,030] {processor.py:171} INFO - Processing /home/airflow/.local/lib/python3.7/site-packages/airflow/example_dags/example_kubernetes_executor_config.py took 0.094 seconds
[2023-04-05 11:26:12,510] {processor.py:163} INFO - Started process (PID=526) to work on /home/airflow/.local/lib/python3.7/site-packages/airflow/example_dags/example_kubernetes_executor_config.py
[2023-04-05 11:26:12,511] {processor.py:620} INFO - Processing file /home/airflow/.local/lib/python3.7/site-packages/airflow/example_dags/example_kubernetes_executor_config.py for tasks to queue
[2023-04-05 11:26:12,512] {logging_mixin.py:109} INFO - [2023-04-05 11:26:12,511] {dagbag.py:500} INFO - Filling up the DagBag from /home/airflow/.local/lib/python3.7/site-packages/airflow/example_dags/example_kubernetes_executor_config.py
[2023-04-05 11:26:12,536] {processor.py:632} INFO - DAG(s) dict_keys(['example_kubernetes_executor_config']) retrieved from /home/airflow/.local/lib/python3.7/site-packages/airflow/example_dags/example_kubernetes_executor_config.py
[2023-04-05 11:26:12,547] {logging_mixin.py:109} INFO - [2023-04-05 11:26:12,547] {dag.py:2389} INFO - Sync 1 DAGs
[2023-04-05 11:26:12,560] {logging_mixin.py:109} INFO - [2023-04-05 11:26:12,560] {dag.py:2921} INFO - Setting next_dagrun for example_kubernetes_executor_config to None
[2023-04-05 11:26:12,569] {processor.py:171} INFO - Processing /home/airflow/.local/lib/python3.7/site-packages/airflow/example_dags/example_kubernetes_executor_config.py took 0.061 seconds
[2023-04-05 11:26:42,899] {processor.py:163} INFO - Started process (PID=577) to work on /home/airflow/.local/lib/python3.7/site-packages/airflow/example_dags/example_kubernetes_executor_config.py
[2023-04-05 11:26:42,900] {processor.py:620} INFO - Processing file /home/airflow/.local/lib/python3.7/site-packages/airflow/example_dags/example_kubernetes_executor_config.py for tasks to queue
[2023-04-05 11:26:42,901] {logging_mixin.py:109} INFO - [2023-04-05 11:26:42,901] {dagbag.py:500} INFO - Filling up the DagBag from /home/airflow/.local/lib/python3.7/site-packages/airflow/example_dags/example_kubernetes_executor_config.py
[2023-04-05 11:26:42,927] {processor.py:632} INFO - DAG(s) dict_keys(['example_kubernetes_executor_config']) retrieved from /home/airflow/.local/lib/python3.7/site-packages/airflow/example_dags/example_kubernetes_executor_config.py
[2023-04-05 11:26:42,938] {logging_mixin.py:109} INFO - [2023-04-05 11:26:42,938] {dag.py:2389} INFO - Sync 1 DAGs
[2023-04-05 11:26:42,951] {logging_mixin.py:109} INFO - [2023-04-05 11:26:42,951] {dag.py:2921} INFO - Setting next_dagrun for example_kubernetes_executor_config to None
[2023-04-05 11:26:42,959] {processor.py:171} INFO - Processing /home/airflow/.local/lib/python3.7/site-packages/airflow/example_dags/example_kubernetes_executor_config.py took 0.063 seconds
[2023-04-05 11:27:13,277] {processor.py:163} INFO - Started process (PID=637) to work on /home/airflow/.local/lib/python3.7/site-packages/airflow/example_dags/example_kubernetes_executor_config.py
[2023-04-05 11:27:13,278] {processor.py:620} INFO - Processing file /home/airflow/.local/lib/python3.7/site-packages/airflow/example_dags/example_kubernetes_executor_config.py for tasks to queue
[2023-04-05 11:27:13,278] {logging_mixin.py:109} INFO - [2023-04-05 11:27:13,278] {dagbag.py:500} INFO - Filling up the DagBag from /home/airflow/.local/lib/python3.7/site-packages/airflow/example_dags/example_kubernetes_executor_config.py
[2023-04-05 11:27:13,308] {processor.py:632} INFO - DAG(s) dict_keys(['example_kubernetes_executor_config']) retrieved from /home/airflow/.local/lib/python3.7/site-packages/airflow/example_dags/example_kubernetes_executor_config.py
[2023-04-05 11:27:13,321] {logging_mixin.py:109} INFO - [2023-04-05 11:27:13,320] {dag.py:2389} INFO - Sync 1 DAGs
[2023-04-05 11:27:13,335] {logging_mixin.py:109} INFO - [2023-04-05 11:27:13,335] {dag.py:2921} INFO - Setting next_dagrun for example_kubernetes_executor_config to None
[2023-04-05 11:27:13,346] {processor.py:171} INFO - Processing /home/airflow/.local/lib/python3.7/site-packages/airflow/example_dags/example_kubernetes_executor_config.py took 0.073 seconds
[2023-04-05 11:27:43,789] {processor.py:163} INFO - Started process (PID=688) to work on /home/airflow/.local/lib/python3.7/site-packages/airflow/example_dags/example_kubernetes_executor_config.py
[2023-04-05 11:27:43,790] {processor.py:620} INFO - Processing file /home/airflow/.local/lib/python3.7/site-packages/airflow/example_dags/example_kubernetes_executor_config.py for tasks to queue
[2023-04-05 11:27:43,791] {logging_mixin.py:109} INFO - [2023-04-05 11:27:43,790] {dagbag.py:500} INFO - Filling up the DagBag from /home/airflow/.local/lib/python3.7/site-packages/airflow/example_dags/example_kubernetes_executor_config.py
[2023-04-05 11:27:43,814] {processor.py:632} INFO - DAG(s) dict_keys(['example_kubernetes_executor_config']) retrieved from /home/airflow/.local/lib/python3.7/site-packages/airflow/example_dags/example_kubernetes_executor_config.py
[2023-04-05 11:27:43,823] {logging_mixin.py:109} INFO - [2023-04-05 11:27:43,823] {dag.py:2389} INFO - Sync 1 DAGs
[2023-04-05 11:27:43,835] {logging_mixin.py:109} INFO - [2023-04-05 11:27:43,835] {dag.py:2921} INFO - Setting next_dagrun for example_kubernetes_executor_config to None
[2023-04-05 11:27:43,844] {processor.py:171} INFO - Processing /home/airflow/.local/lib/python3.7/site-packages/airflow/example_dags/example_kubernetes_executor_config.py took 0.058 seconds
