[2023-04-05 11:17:08,407] {processor.py:163} INFO - Started process (PID=265) to work on /home/airflow/.local/lib/python3.7/site-packages/airflow/example_dags/example_task_group_decorator.py
[2023-04-05 11:17:08,408] {processor.py:620} INFO - Processing file /home/airflow/.local/lib/python3.7/site-packages/airflow/example_dags/example_task_group_decorator.py for tasks to queue
[2023-04-05 11:17:08,409] {logging_mixin.py:109} INFO - [2023-04-05 11:17:08,409] {dagbag.py:500} INFO - Filling up the DagBag from /home/airflow/.local/lib/python3.7/site-packages/airflow/example_dags/example_task_group_decorator.py
[2023-04-05 11:17:08,458] {processor.py:632} INFO - DAG(s) dict_keys(['example_task_group_decorator']) retrieved from /home/airflow/.local/lib/python3.7/site-packages/airflow/example_dags/example_task_group_decorator.py
[2023-04-05 11:17:10,424] {logging_mixin.py:109} INFO - [2023-04-05 11:17:10,424] {providers_manager.py:156} WARNING - Exception when importing 'airflow.providers.google.leveldb.hooks.leveldb.LevelDBHook' from 'apache-airflow-providers-google' package: No module named 'plyvel'
[2023-04-05 11:17:10,912] {logging_mixin.py:109} INFO - [2023-04-05 11:17:10,912] {providers_manager.py:156} WARNING - Exception when importing 'airflow.providers.google.leveldb.hooks.leveldb.LevelDBHook' from 'apache-airflow-providers-google' package: No module named 'plyvel'
[2023-04-05 11:17:10,938] {logging_mixin.py:109} INFO - [2023-04-05 11:17:10,937] {manager.py:496} INFO - Created Permission View: can read on DAG:example_task_group_decorator
[2023-04-05 11:17:10,949] {logging_mixin.py:109} INFO - [2023-04-05 11:17:10,949] {manager.py:496} INFO - Created Permission View: can edit on DAG:example_task_group_decorator
[2023-04-05 11:17:10,949] {logging_mixin.py:109} INFO - [2023-04-05 11:17:10,949] {dag.py:2389} INFO - Sync 1 DAGs
[2023-04-05 11:17:10,957] {logging_mixin.py:109} INFO - [2023-04-05 11:17:10,957] {dag.py:2408} INFO - Creating ORM DAG for example_task_group_decorator
[2023-04-05 11:17:10,966] {logging_mixin.py:109} INFO - [2023-04-05 11:17:10,966] {dag.py:2921} INFO - Setting next_dagrun for example_task_group_decorator to 2023-04-04T11:17:10.966079+00:00
[2023-04-05 11:17:10,981] {processor.py:171} INFO - Processing /home/airflow/.local/lib/python3.7/site-packages/airflow/example_dags/example_task_group_decorator.py took 2.577 seconds
[2023-04-05 11:17:41,429] {processor.py:163} INFO - Started process (PID=388) to work on /home/airflow/.local/lib/python3.7/site-packages/airflow/example_dags/example_task_group_decorator.py
[2023-04-05 11:17:41,429] {processor.py:620} INFO - Processing file /home/airflow/.local/lib/python3.7/site-packages/airflow/example_dags/example_task_group_decorator.py for tasks to queue
[2023-04-05 11:17:41,430] {logging_mixin.py:109} INFO - [2023-04-05 11:17:41,430] {dagbag.py:500} INFO - Filling up the DagBag from /home/airflow/.local/lib/python3.7/site-packages/airflow/example_dags/example_task_group_decorator.py
[2023-04-05 11:17:41,462] {processor.py:632} INFO - DAG(s) dict_keys(['example_task_group_decorator']) retrieved from /home/airflow/.local/lib/python3.7/site-packages/airflow/example_dags/example_task_group_decorator.py
[2023-04-05 11:17:41,717] {logging_mixin.py:109} INFO - [2023-04-05 11:17:41,717] {dag.py:2389} INFO - Sync 1 DAGs
[2023-04-05 11:17:41,732] {logging_mixin.py:109} INFO - [2023-04-05 11:17:41,732] {dag.py:2921} INFO - Setting next_dagrun for example_task_group_decorator to 2023-04-04T11:17:41.731901+00:00
[2023-04-05 11:17:41,742] {processor.py:171} INFO - Processing /home/airflow/.local/lib/python3.7/site-packages/airflow/example_dags/example_task_group_decorator.py took 0.316 seconds
[2023-04-05 11:18:11,803] {processor.py:163} INFO - Started process (PID=440) to work on /home/airflow/.local/lib/python3.7/site-packages/airflow/example_dags/example_task_group_decorator.py
[2023-04-05 11:18:11,804] {processor.py:620} INFO - Processing file /home/airflow/.local/lib/python3.7/site-packages/airflow/example_dags/example_task_group_decorator.py for tasks to queue
[2023-04-05 11:18:11,805] {logging_mixin.py:109} INFO - [2023-04-05 11:18:11,805] {dagbag.py:500} INFO - Filling up the DagBag from /home/airflow/.local/lib/python3.7/site-packages/airflow/example_dags/example_task_group_decorator.py
[2023-04-05 11:18:11,868] {processor.py:632} INFO - DAG(s) dict_keys(['example_task_group_decorator']) retrieved from /home/airflow/.local/lib/python3.7/site-packages/airflow/example_dags/example_task_group_decorator.py
[2023-04-05 11:18:12,203] {logging_mixin.py:109} INFO - [2023-04-05 11:18:12,203] {dag.py:2389} INFO - Sync 1 DAGs
[2023-04-05 11:18:12,220] {logging_mixin.py:109} INFO - [2023-04-05 11:18:12,220] {dag.py:2921} INFO - Setting next_dagrun for example_task_group_decorator to 2023-04-04T11:18:12.220081+00:00
[2023-04-05 11:18:12,234] {processor.py:171} INFO - Processing /home/airflow/.local/lib/python3.7/site-packages/airflow/example_dags/example_task_group_decorator.py took 0.434 seconds
[2023-04-05 11:18:42,869] {processor.py:163} INFO - Started process (PID=500) to work on /home/airflow/.local/lib/python3.7/site-packages/airflow/example_dags/example_task_group_decorator.py
[2023-04-05 11:18:42,871] {processor.py:620} INFO - Processing file /home/airflow/.local/lib/python3.7/site-packages/airflow/example_dags/example_task_group_decorator.py for tasks to queue
[2023-04-05 11:18:42,871] {logging_mixin.py:109} INFO - [2023-04-05 11:18:42,871] {dagbag.py:500} INFO - Filling up the DagBag from /home/airflow/.local/lib/python3.7/site-packages/airflow/example_dags/example_task_group_decorator.py
[2023-04-05 11:18:42,914] {processor.py:632} INFO - DAG(s) dict_keys(['example_task_group_decorator']) retrieved from /home/airflow/.local/lib/python3.7/site-packages/airflow/example_dags/example_task_group_decorator.py
[2023-04-05 11:18:43,180] {logging_mixin.py:109} INFO - [2023-04-05 11:18:43,180] {dag.py:2389} INFO - Sync 1 DAGs
[2023-04-05 11:18:43,193] {logging_mixin.py:109} INFO - [2023-04-05 11:18:43,192] {dag.py:2921} INFO - Setting next_dagrun for example_task_group_decorator to 2023-04-04T11:18:43.192699+00:00
[2023-04-05 11:18:43,203] {processor.py:171} INFO - Processing /home/airflow/.local/lib/python3.7/site-packages/airflow/example_dags/example_task_group_decorator.py took 0.336 seconds
[2023-04-05 11:19:14,046] {processor.py:163} INFO - Started process (PID=551) to work on /home/airflow/.local/lib/python3.7/site-packages/airflow/example_dags/example_task_group_decorator.py
[2023-04-05 11:19:14,047] {processor.py:620} INFO - Processing file /home/airflow/.local/lib/python3.7/site-packages/airflow/example_dags/example_task_group_decorator.py for tasks to queue
[2023-04-05 11:19:14,048] {logging_mixin.py:109} INFO - [2023-04-05 11:19:14,048] {dagbag.py:500} INFO - Filling up the DagBag from /home/airflow/.local/lib/python3.7/site-packages/airflow/example_dags/example_task_group_decorator.py
[2023-04-05 11:19:14,076] {processor.py:632} INFO - DAG(s) dict_keys(['example_task_group_decorator']) retrieved from /home/airflow/.local/lib/python3.7/site-packages/airflow/example_dags/example_task_group_decorator.py
[2023-04-05 11:19:14,298] {logging_mixin.py:109} INFO - [2023-04-05 11:19:14,298] {dag.py:2389} INFO - Sync 1 DAGs
[2023-04-05 11:19:14,309] {logging_mixin.py:109} INFO - [2023-04-05 11:19:14,309] {dag.py:2921} INFO - Setting next_dagrun for example_task_group_decorator to 2023-04-04T11:19:14.309218+00:00
[2023-04-05 11:19:14,318] {processor.py:171} INFO - Processing /home/airflow/.local/lib/python3.7/site-packages/airflow/example_dags/example_task_group_decorator.py took 0.276 seconds
[2023-04-05 11:19:45,219] {processor.py:163} INFO - Started process (PID=611) to work on /home/airflow/.local/lib/python3.7/site-packages/airflow/example_dags/example_task_group_decorator.py
[2023-04-05 11:19:45,220] {processor.py:620} INFO - Processing file /home/airflow/.local/lib/python3.7/site-packages/airflow/example_dags/example_task_group_decorator.py for tasks to queue
[2023-04-05 11:19:45,221] {logging_mixin.py:109} INFO - [2023-04-05 11:19:45,221] {dagbag.py:500} INFO - Filling up the DagBag from /home/airflow/.local/lib/python3.7/site-packages/airflow/example_dags/example_task_group_decorator.py
[2023-04-05 11:19:45,271] {processor.py:632} INFO - DAG(s) dict_keys(['example_task_group_decorator']) retrieved from /home/airflow/.local/lib/python3.7/site-packages/airflow/example_dags/example_task_group_decorator.py
[2023-04-05 11:19:45,567] {logging_mixin.py:109} INFO - [2023-04-05 11:19:45,567] {dag.py:2389} INFO - Sync 1 DAGs
[2023-04-05 11:19:45,584] {logging_mixin.py:109} INFO - [2023-04-05 11:19:45,584] {dag.py:2921} INFO - Setting next_dagrun for example_task_group_decorator to 2023-04-04T11:19:45.583845+00:00
[2023-04-05 11:19:45,597] {processor.py:171} INFO - Processing /home/airflow/.local/lib/python3.7/site-packages/airflow/example_dags/example_task_group_decorator.py took 0.382 seconds
[2023-04-05 11:20:16,449] {processor.py:163} INFO - Started process (PID=664) to work on /home/airflow/.local/lib/python3.7/site-packages/airflow/example_dags/example_task_group_decorator.py
[2023-04-05 11:20:16,450] {processor.py:620} INFO - Processing file /home/airflow/.local/lib/python3.7/site-packages/airflow/example_dags/example_task_group_decorator.py for tasks to queue
[2023-04-05 11:20:16,450] {logging_mixin.py:109} INFO - [2023-04-05 11:20:16,450] {dagbag.py:500} INFO - Filling up the DagBag from /home/airflow/.local/lib/python3.7/site-packages/airflow/example_dags/example_task_group_decorator.py
[2023-04-05 11:20:16,488] {processor.py:632} INFO - DAG(s) dict_keys(['example_task_group_decorator']) retrieved from /home/airflow/.local/lib/python3.7/site-packages/airflow/example_dags/example_task_group_decorator.py
[2023-04-05 11:20:16,728] {logging_mixin.py:109} INFO - [2023-04-05 11:20:16,728] {dag.py:2389} INFO - Sync 1 DAGs
[2023-04-05 11:20:16,740] {logging_mixin.py:109} INFO - [2023-04-05 11:20:16,740] {dag.py:2921} INFO - Setting next_dagrun for example_task_group_decorator to 2023-04-04T11:20:16.740390+00:00
[2023-04-05 11:20:16,752] {processor.py:171} INFO - Processing /home/airflow/.local/lib/python3.7/site-packages/airflow/example_dags/example_task_group_decorator.py took 0.305 seconds
[2023-04-05 11:24:24,014] {processor.py:163} INFO - Started process (PID=266) to work on /home/airflow/.local/lib/python3.7/site-packages/airflow/example_dags/example_task_group_decorator.py
[2023-04-05 11:24:24,016] {processor.py:620} INFO - Processing file /home/airflow/.local/lib/python3.7/site-packages/airflow/example_dags/example_task_group_decorator.py for tasks to queue
[2023-04-05 11:24:24,017] {logging_mixin.py:109} INFO - [2023-04-05 11:24:24,016] {dagbag.py:500} INFO - Filling up the DagBag from /home/airflow/.local/lib/python3.7/site-packages/airflow/example_dags/example_task_group_decorator.py
[2023-04-05 11:24:24,063] {processor.py:632} INFO - DAG(s) dict_keys(['example_task_group_decorator']) retrieved from /home/airflow/.local/lib/python3.7/site-packages/airflow/example_dags/example_task_group_decorator.py
[2023-04-05 11:24:26,382] {logging_mixin.py:109} INFO - [2023-04-05 11:24:26,382] {providers_manager.py:156} WARNING - Exception when importing 'airflow.providers.google.leveldb.hooks.leveldb.LevelDBHook' from 'apache-airflow-providers-google' package: No module named 'plyvel'
[2023-04-05 11:24:26,828] {logging_mixin.py:109} INFO - [2023-04-05 11:24:26,828] {providers_manager.py:156} WARNING - Exception when importing 'airflow.providers.google.leveldb.hooks.leveldb.LevelDBHook' from 'apache-airflow-providers-google' package: No module named 'plyvel'
[2023-04-05 11:24:26,848] {logging_mixin.py:109} INFO - [2023-04-05 11:24:26,848] {manager.py:496} INFO - Created Permission View: can edit on DAG:example_task_group_decorator
[2023-04-05 11:24:26,858] {logging_mixin.py:109} INFO - [2023-04-05 11:24:26,858] {manager.py:496} INFO - Created Permission View: can read on DAG:example_task_group_decorator
[2023-04-05 11:24:26,858] {logging_mixin.py:109} INFO - [2023-04-05 11:24:26,858] {dag.py:2389} INFO - Sync 1 DAGs
[2023-04-05 11:24:26,865] {logging_mixin.py:109} INFO - [2023-04-05 11:24:26,864] {dag.py:2408} INFO - Creating ORM DAG for example_task_group_decorator
[2023-04-05 11:24:26,873] {logging_mixin.py:109} INFO - [2023-04-05 11:24:26,873] {dag.py:2921} INFO - Setting next_dagrun for example_task_group_decorator to 2023-04-04T11:24:26.872927+00:00
[2023-04-05 11:24:26,887] {processor.py:171} INFO - Processing /home/airflow/.local/lib/python3.7/site-packages/airflow/example_dags/example_task_group_decorator.py took 2.876 seconds
[2023-04-05 11:24:57,054] {processor.py:163} INFO - Started process (PID=389) to work on /home/airflow/.local/lib/python3.7/site-packages/airflow/example_dags/example_task_group_decorator.py
[2023-04-05 11:24:57,054] {processor.py:620} INFO - Processing file /home/airflow/.local/lib/python3.7/site-packages/airflow/example_dags/example_task_group_decorator.py for tasks to queue
[2023-04-05 11:24:57,055] {logging_mixin.py:109} INFO - [2023-04-05 11:24:57,055] {dagbag.py:500} INFO - Filling up the DagBag from /home/airflow/.local/lib/python3.7/site-packages/airflow/example_dags/example_task_group_decorator.py
[2023-04-05 11:24:57,103] {processor.py:632} INFO - DAG(s) dict_keys(['example_task_group_decorator']) retrieved from /home/airflow/.local/lib/python3.7/site-packages/airflow/example_dags/example_task_group_decorator.py
[2023-04-05 11:24:57,419] {logging_mixin.py:109} INFO - [2023-04-05 11:24:57,419] {dag.py:2389} INFO - Sync 1 DAGs
[2023-04-05 11:24:57,434] {logging_mixin.py:109} INFO - [2023-04-05 11:24:57,434] {dag.py:2921} INFO - Setting next_dagrun for example_task_group_decorator to 2023-04-04T11:24:57.434673+00:00
[2023-04-05 11:24:57,451] {processor.py:171} INFO - Processing /home/airflow/.local/lib/python3.7/site-packages/airflow/example_dags/example_task_group_decorator.py took 0.401 seconds
[2023-04-05 11:25:28,122] {processor.py:163} INFO - Started process (PID=440) to work on /home/airflow/.local/lib/python3.7/site-packages/airflow/example_dags/example_task_group_decorator.py
[2023-04-05 11:25:28,127] {processor.py:620} INFO - Processing file /home/airflow/.local/lib/python3.7/site-packages/airflow/example_dags/example_task_group_decorator.py for tasks to queue
[2023-04-05 11:25:28,128] {logging_mixin.py:109} INFO - [2023-04-05 11:25:28,128] {dagbag.py:500} INFO - Filling up the DagBag from /home/airflow/.local/lib/python3.7/site-packages/airflow/example_dags/example_task_group_decorator.py
[2023-04-05 11:25:28,156] {processor.py:632} INFO - DAG(s) dict_keys(['example_task_group_decorator']) retrieved from /home/airflow/.local/lib/python3.7/site-packages/airflow/example_dags/example_task_group_decorator.py
[2023-04-05 11:25:28,343] {logging_mixin.py:109} INFO - [2023-04-05 11:25:28,343] {dag.py:2389} INFO - Sync 1 DAGs
[2023-04-05 11:25:28,351] {logging_mixin.py:109} INFO - [2023-04-05 11:25:28,351] {dag.py:2921} INFO - Setting next_dagrun for example_task_group_decorator to 2023-04-04T11:25:28.351676+00:00
[2023-04-05 11:25:28,363] {processor.py:171} INFO - Processing /home/airflow/.local/lib/python3.7/site-packages/airflow/example_dags/example_task_group_decorator.py took 0.244 seconds
[2023-04-05 11:25:58,635] {processor.py:163} INFO - Started process (PID=500) to work on /home/airflow/.local/lib/python3.7/site-packages/airflow/example_dags/example_task_group_decorator.py
[2023-04-05 11:25:58,640] {processor.py:620} INFO - Processing file /home/airflow/.local/lib/python3.7/site-packages/airflow/example_dags/example_task_group_decorator.py for tasks to queue
[2023-04-05 11:25:58,647] {logging_mixin.py:109} INFO - [2023-04-05 11:25:58,646] {dagbag.py:500} INFO - Filling up the DagBag from /home/airflow/.local/lib/python3.7/site-packages/airflow/example_dags/example_task_group_decorator.py
[2023-04-05 11:25:58,731] {processor.py:632} INFO - DAG(s) dict_keys(['example_task_group_decorator']) retrieved from /home/airflow/.local/lib/python3.7/site-packages/airflow/example_dags/example_task_group_decorator.py
[2023-04-05 11:25:59,130] {logging_mixin.py:109} INFO - [2023-04-05 11:25:59,130] {dag.py:2389} INFO - Sync 1 DAGs
[2023-04-05 11:25:59,148] {logging_mixin.py:109} INFO - [2023-04-05 11:25:59,147] {dag.py:2921} INFO - Setting next_dagrun for example_task_group_decorator to 2023-04-04T11:25:59.147690+00:00
[2023-04-05 11:25:59,161] {processor.py:171} INFO - Processing /home/airflow/.local/lib/python3.7/site-packages/airflow/example_dags/example_task_group_decorator.py took 0.531 seconds
[2023-04-05 11:26:29,979] {processor.py:163} INFO - Started process (PID=551) to work on /home/airflow/.local/lib/python3.7/site-packages/airflow/example_dags/example_task_group_decorator.py
[2023-04-05 11:26:29,981] {processor.py:620} INFO - Processing file /home/airflow/.local/lib/python3.7/site-packages/airflow/example_dags/example_task_group_decorator.py for tasks to queue
[2023-04-05 11:26:29,981] {logging_mixin.py:109} INFO - [2023-04-05 11:26:29,981] {dagbag.py:500} INFO - Filling up the DagBag from /home/airflow/.local/lib/python3.7/site-packages/airflow/example_dags/example_task_group_decorator.py
[2023-04-05 11:26:30,064] {processor.py:632} INFO - DAG(s) dict_keys(['example_task_group_decorator']) retrieved from /home/airflow/.local/lib/python3.7/site-packages/airflow/example_dags/example_task_group_decorator.py
[2023-04-05 11:26:30,428] {logging_mixin.py:109} INFO - [2023-04-05 11:26:30,428] {dag.py:2389} INFO - Sync 1 DAGs
[2023-04-05 11:26:30,439] {logging_mixin.py:109} INFO - [2023-04-05 11:26:30,439] {dag.py:2921} INFO - Setting next_dagrun for example_task_group_decorator to 2023-04-04T11:26:30.439513+00:00
[2023-04-05 11:26:30,450] {processor.py:171} INFO - Processing /home/airflow/.local/lib/python3.7/site-packages/airflow/example_dags/example_task_group_decorator.py took 0.474 seconds
[2023-04-05 11:27:00,477] {processor.py:163} INFO - Started process (PID=611) to work on /home/airflow/.local/lib/python3.7/site-packages/airflow/example_dags/example_task_group_decorator.py
[2023-04-05 11:27:00,478] {processor.py:620} INFO - Processing file /home/airflow/.local/lib/python3.7/site-packages/airflow/example_dags/example_task_group_decorator.py for tasks to queue
[2023-04-05 11:27:00,478] {logging_mixin.py:109} INFO - [2023-04-05 11:27:00,478] {dagbag.py:500} INFO - Filling up the DagBag from /home/airflow/.local/lib/python3.7/site-packages/airflow/example_dags/example_task_group_decorator.py
[2023-04-05 11:27:00,515] {processor.py:632} INFO - DAG(s) dict_keys(['example_task_group_decorator']) retrieved from /home/airflow/.local/lib/python3.7/site-packages/airflow/example_dags/example_task_group_decorator.py
[2023-04-05 11:27:00,803] {logging_mixin.py:109} INFO - [2023-04-05 11:27:00,803] {dag.py:2389} INFO - Sync 1 DAGs
[2023-04-05 11:27:00,816] {logging_mixin.py:109} INFO - [2023-04-05 11:27:00,816] {dag.py:2921} INFO - Setting next_dagrun for example_task_group_decorator to 2023-04-04T11:27:00.816606+00:00
[2023-04-05 11:27:00,826] {processor.py:171} INFO - Processing /home/airflow/.local/lib/python3.7/site-packages/airflow/example_dags/example_task_group_decorator.py took 0.352 seconds
[2023-04-05 11:27:30,986] {processor.py:163} INFO - Started process (PID=662) to work on /home/airflow/.local/lib/python3.7/site-packages/airflow/example_dags/example_task_group_decorator.py
[2023-04-05 11:27:30,987] {processor.py:620} INFO - Processing file /home/airflow/.local/lib/python3.7/site-packages/airflow/example_dags/example_task_group_decorator.py for tasks to queue
[2023-04-05 11:27:30,987] {logging_mixin.py:109} INFO - [2023-04-05 11:27:30,987] {dagbag.py:500} INFO - Filling up the DagBag from /home/airflow/.local/lib/python3.7/site-packages/airflow/example_dags/example_task_group_decorator.py
[2023-04-05 11:27:31,025] {processor.py:632} INFO - DAG(s) dict_keys(['example_task_group_decorator']) retrieved from /home/airflow/.local/lib/python3.7/site-packages/airflow/example_dags/example_task_group_decorator.py
[2023-04-05 11:27:31,228] {logging_mixin.py:109} INFO - [2023-04-05 11:27:31,228] {dag.py:2389} INFO - Sync 1 DAGs
[2023-04-05 11:27:31,237] {logging_mixin.py:109} INFO - [2023-04-05 11:27:31,237] {dag.py:2921} INFO - Setting next_dagrun for example_task_group_decorator to 2023-04-04T11:27:31.237655+00:00
[2023-04-05 11:27:31,252] {processor.py:171} INFO - Processing /home/airflow/.local/lib/python3.7/site-packages/airflow/example_dags/example_task_group_decorator.py took 0.269 seconds
