[2023-04-05 11:17:14,283] {processor.py:163} INFO - Started process (PID=300) to work on /home/airflow/.local/lib/python3.7/site-packages/airflow/example_dags/example_latest_only_with_trigger.py
[2023-04-05 11:17:14,285] {processor.py:620} INFO - Processing file /home/airflow/.local/lib/python3.7/site-packages/airflow/example_dags/example_latest_only_with_trigger.py for tasks to queue
[2023-04-05 11:17:14,286] {logging_mixin.py:109} INFO - [2023-04-05 11:17:14,286] {dagbag.py:500} INFO - Filling up the DagBag from /home/airflow/.local/lib/python3.7/site-packages/airflow/example_dags/example_latest_only_with_trigger.py
[2023-04-05 11:17:14,331] {processor.py:632} INFO - DAG(s) dict_keys(['latest_only_with_trigger']) retrieved from /home/airflow/.local/lib/python3.7/site-packages/airflow/example_dags/example_latest_only_with_trigger.py
[2023-04-05 11:17:16,983] {logging_mixin.py:109} INFO - [2023-04-05 11:17:16,983] {providers_manager.py:156} WARNING - Exception when importing 'airflow.providers.google.leveldb.hooks.leveldb.LevelDBHook' from 'apache-airflow-providers-google' package: No module named 'plyvel'
[2023-04-05 11:17:17,576] {logging_mixin.py:109} INFO - [2023-04-05 11:17:17,576] {providers_manager.py:156} WARNING - Exception when importing 'airflow.providers.google.leveldb.hooks.leveldb.LevelDBHook' from 'apache-airflow-providers-google' package: No module named 'plyvel'
[2023-04-05 11:17:17,604] {logging_mixin.py:109} INFO - [2023-04-05 11:17:17,604] {manager.py:496} INFO - Created Permission View: can read on DAG:latest_only_with_trigger
[2023-04-05 11:17:17,616] {logging_mixin.py:109} INFO - [2023-04-05 11:17:17,616] {manager.py:496} INFO - Created Permission View: can edit on DAG:latest_only_with_trigger
[2023-04-05 11:17:17,616] {logging_mixin.py:109} INFO - [2023-04-05 11:17:17,616] {dag.py:2389} INFO - Sync 1 DAGs
[2023-04-05 11:17:17,625] {logging_mixin.py:109} INFO - [2023-04-05 11:17:17,625] {dag.py:2408} INFO - Creating ORM DAG for latest_only_with_trigger
[2023-04-05 11:17:17,633] {logging_mixin.py:109} INFO - [2023-04-05 11:17:17,633] {dag.py:2921} INFO - Setting next_dagrun for latest_only_with_trigger to 2023-04-05T07:17:17.633638+00:00
[2023-04-05 11:17:17,649] {processor.py:171} INFO - Processing /home/airflow/.local/lib/python3.7/site-packages/airflow/example_dags/example_latest_only_with_trigger.py took 3.370 seconds
[2023-04-05 11:17:48,594] {processor.py:163} INFO - Started process (PID=401) to work on /home/airflow/.local/lib/python3.7/site-packages/airflow/example_dags/example_latest_only_with_trigger.py
[2023-04-05 11:17:48,596] {processor.py:620} INFO - Processing file /home/airflow/.local/lib/python3.7/site-packages/airflow/example_dags/example_latest_only_with_trigger.py for tasks to queue
[2023-04-05 11:17:48,597] {logging_mixin.py:109} INFO - [2023-04-05 11:17:48,597] {dagbag.py:500} INFO - Filling up the DagBag from /home/airflow/.local/lib/python3.7/site-packages/airflow/example_dags/example_latest_only_with_trigger.py
[2023-04-05 11:17:48,620] {processor.py:632} INFO - DAG(s) dict_keys(['latest_only_with_trigger']) retrieved from /home/airflow/.local/lib/python3.7/site-packages/airflow/example_dags/example_latest_only_with_trigger.py
[2023-04-05 11:17:48,630] {logging_mixin.py:109} INFO - [2023-04-05 11:17:48,630] {dag.py:2389} INFO - Sync 1 DAGs
[2023-04-05 11:17:48,646] {logging_mixin.py:109} INFO - [2023-04-05 11:17:48,645] {dag.py:2921} INFO - Setting next_dagrun for latest_only_with_trigger to 2023-04-05T07:17:48.645501+00:00
[2023-04-05 11:17:48,657] {processor.py:171} INFO - Processing /home/airflow/.local/lib/python3.7/site-packages/airflow/example_dags/example_latest_only_with_trigger.py took 0.066 seconds
[2023-04-05 11:18:18,907] {processor.py:163} INFO - Started process (PID=452) to work on /home/airflow/.local/lib/python3.7/site-packages/airflow/example_dags/example_latest_only_with_trigger.py
[2023-04-05 11:18:18,915] {processor.py:620} INFO - Processing file /home/airflow/.local/lib/python3.7/site-packages/airflow/example_dags/example_latest_only_with_trigger.py for tasks to queue
[2023-04-05 11:18:18,915] {logging_mixin.py:109} INFO - [2023-04-05 11:18:18,915] {dagbag.py:500} INFO - Filling up the DagBag from /home/airflow/.local/lib/python3.7/site-packages/airflow/example_dags/example_latest_only_with_trigger.py
[2023-04-05 11:18:18,934] {processor.py:632} INFO - DAG(s) dict_keys(['latest_only_with_trigger']) retrieved from /home/airflow/.local/lib/python3.7/site-packages/airflow/example_dags/example_latest_only_with_trigger.py
[2023-04-05 11:18:18,940] {logging_mixin.py:109} INFO - [2023-04-05 11:18:18,940] {dag.py:2389} INFO - Sync 1 DAGs
[2023-04-05 11:18:18,951] {logging_mixin.py:109} INFO - [2023-04-05 11:18:18,951] {dag.py:2921} INFO - Setting next_dagrun for latest_only_with_trigger to 2023-04-05T07:18:18.951129+00:00
[2023-04-05 11:18:18,960] {processor.py:171} INFO - Processing /home/airflow/.local/lib/python3.7/site-packages/airflow/example_dags/example_latest_only_with_trigger.py took 0.055 seconds
[2023-04-05 11:18:49,024] {processor.py:163} INFO - Started process (PID=503) to work on /home/airflow/.local/lib/python3.7/site-packages/airflow/example_dags/example_latest_only_with_trigger.py
[2023-04-05 11:18:49,025] {processor.py:620} INFO - Processing file /home/airflow/.local/lib/python3.7/site-packages/airflow/example_dags/example_latest_only_with_trigger.py for tasks to queue
[2023-04-05 11:18:49,025] {logging_mixin.py:109} INFO - [2023-04-05 11:18:49,025] {dagbag.py:500} INFO - Filling up the DagBag from /home/airflow/.local/lib/python3.7/site-packages/airflow/example_dags/example_latest_only_with_trigger.py
[2023-04-05 11:18:49,047] {processor.py:632} INFO - DAG(s) dict_keys(['latest_only_with_trigger']) retrieved from /home/airflow/.local/lib/python3.7/site-packages/airflow/example_dags/example_latest_only_with_trigger.py
[2023-04-05 11:18:49,055] {logging_mixin.py:109} INFO - [2023-04-05 11:18:49,055] {dag.py:2389} INFO - Sync 1 DAGs
[2023-04-05 11:18:49,067] {logging_mixin.py:109} INFO - [2023-04-05 11:18:49,066] {dag.py:2921} INFO - Setting next_dagrun for latest_only_with_trigger to 2023-04-05T07:18:49.066647+00:00
[2023-04-05 11:18:49,076] {processor.py:171} INFO - Processing /home/airflow/.local/lib/python3.7/site-packages/airflow/example_dags/example_latest_only_with_trigger.py took 0.054 seconds
[2023-04-05 11:19:19,216] {processor.py:163} INFO - Started process (PID=563) to work on /home/airflow/.local/lib/python3.7/site-packages/airflow/example_dags/example_latest_only_with_trigger.py
[2023-04-05 11:19:19,217] {processor.py:620} INFO - Processing file /home/airflow/.local/lib/python3.7/site-packages/airflow/example_dags/example_latest_only_with_trigger.py for tasks to queue
[2023-04-05 11:19:19,218] {logging_mixin.py:109} INFO - [2023-04-05 11:19:19,217] {dagbag.py:500} INFO - Filling up the DagBag from /home/airflow/.local/lib/python3.7/site-packages/airflow/example_dags/example_latest_only_with_trigger.py
[2023-04-05 11:19:19,248] {processor.py:632} INFO - DAG(s) dict_keys(['latest_only_with_trigger']) retrieved from /home/airflow/.local/lib/python3.7/site-packages/airflow/example_dags/example_latest_only_with_trigger.py
[2023-04-05 11:19:19,262] {logging_mixin.py:109} INFO - [2023-04-05 11:19:19,261] {dag.py:2389} INFO - Sync 1 DAGs
[2023-04-05 11:19:19,284] {logging_mixin.py:109} INFO - [2023-04-05 11:19:19,283] {dag.py:2921} INFO - Setting next_dagrun for latest_only_with_trigger to 2023-04-05T07:19:19.283459+00:00
[2023-04-05 11:19:19,297] {processor.py:171} INFO - Processing /home/airflow/.local/lib/python3.7/site-packages/airflow/example_dags/example_latest_only_with_trigger.py took 0.085 seconds
[2023-04-05 11:19:49,420] {processor.py:163} INFO - Started process (PID=614) to work on /home/airflow/.local/lib/python3.7/site-packages/airflow/example_dags/example_latest_only_with_trigger.py
[2023-04-05 11:19:49,420] {processor.py:620} INFO - Processing file /home/airflow/.local/lib/python3.7/site-packages/airflow/example_dags/example_latest_only_with_trigger.py for tasks to queue
[2023-04-05 11:19:49,421] {logging_mixin.py:109} INFO - [2023-04-05 11:19:49,421] {dagbag.py:500} INFO - Filling up the DagBag from /home/airflow/.local/lib/python3.7/site-packages/airflow/example_dags/example_latest_only_with_trigger.py
[2023-04-05 11:19:49,442] {processor.py:632} INFO - DAG(s) dict_keys(['latest_only_with_trigger']) retrieved from /home/airflow/.local/lib/python3.7/site-packages/airflow/example_dags/example_latest_only_with_trigger.py
[2023-04-05 11:19:49,450] {logging_mixin.py:109} INFO - [2023-04-05 11:19:49,450] {dag.py:2389} INFO - Sync 1 DAGs
[2023-04-05 11:19:49,462] {logging_mixin.py:109} INFO - [2023-04-05 11:19:49,461] {dag.py:2921} INFO - Setting next_dagrun for latest_only_with_trigger to 2023-04-05T07:19:49.461695+00:00
[2023-04-05 11:19:49,470] {processor.py:171} INFO - Processing /home/airflow/.local/lib/python3.7/site-packages/airflow/example_dags/example_latest_only_with_trigger.py took 0.053 seconds
[2023-04-05 11:20:19,516] {processor.py:163} INFO - Started process (PID=665) to work on /home/airflow/.local/lib/python3.7/site-packages/airflow/example_dags/example_latest_only_with_trigger.py
[2023-04-05 11:20:19,517] {processor.py:620} INFO - Processing file /home/airflow/.local/lib/python3.7/site-packages/airflow/example_dags/example_latest_only_with_trigger.py for tasks to queue
[2023-04-05 11:20:19,518] {logging_mixin.py:109} INFO - [2023-04-05 11:20:19,518] {dagbag.py:500} INFO - Filling up the DagBag from /home/airflow/.local/lib/python3.7/site-packages/airflow/example_dags/example_latest_only_with_trigger.py
[2023-04-05 11:20:19,542] {processor.py:632} INFO - DAG(s) dict_keys(['latest_only_with_trigger']) retrieved from /home/airflow/.local/lib/python3.7/site-packages/airflow/example_dags/example_latest_only_with_trigger.py
[2023-04-05 11:20:19,552] {logging_mixin.py:109} INFO - [2023-04-05 11:20:19,552] {dag.py:2389} INFO - Sync 1 DAGs
[2023-04-05 11:20:19,567] {logging_mixin.py:109} INFO - [2023-04-05 11:20:19,566] {dag.py:2921} INFO - Setting next_dagrun for latest_only_with_trigger to 2023-04-05T07:20:19.566728+00:00
[2023-04-05 11:20:19,577] {processor.py:171} INFO - Processing /home/airflow/.local/lib/python3.7/site-packages/airflow/example_dags/example_latest_only_with_trigger.py took 0.064 seconds
[2023-04-05 11:24:29,399] {processor.py:163} INFO - Started process (PID=301) to work on /home/airflow/.local/lib/python3.7/site-packages/airflow/example_dags/example_latest_only_with_trigger.py
[2023-04-05 11:24:29,402] {processor.py:620} INFO - Processing file /home/airflow/.local/lib/python3.7/site-packages/airflow/example_dags/example_latest_only_with_trigger.py for tasks to queue
[2023-04-05 11:24:29,403] {logging_mixin.py:109} INFO - [2023-04-05 11:24:29,403] {dagbag.py:500} INFO - Filling up the DagBag from /home/airflow/.local/lib/python3.7/site-packages/airflow/example_dags/example_latest_only_with_trigger.py
[2023-04-05 11:24:29,446] {processor.py:632} INFO - DAG(s) dict_keys(['latest_only_with_trigger']) retrieved from /home/airflow/.local/lib/python3.7/site-packages/airflow/example_dags/example_latest_only_with_trigger.py
[2023-04-05 11:24:32,884] {logging_mixin.py:109} INFO - [2023-04-05 11:24:32,884] {providers_manager.py:156} WARNING - Exception when importing 'airflow.providers.google.leveldb.hooks.leveldb.LevelDBHook' from 'apache-airflow-providers-google' package: No module named 'plyvel'
[2023-04-05 11:24:33,764] {logging_mixin.py:109} INFO - [2023-04-05 11:24:33,764] {providers_manager.py:156} WARNING - Exception when importing 'airflow.providers.google.leveldb.hooks.leveldb.LevelDBHook' from 'apache-airflow-providers-google' package: No module named 'plyvel'
[2023-04-05 11:24:33,796] {logging_mixin.py:109} INFO - [2023-04-05 11:24:33,796] {manager.py:496} INFO - Created Permission View: can edit on DAG:latest_only_with_trigger
[2023-04-05 11:24:33,809] {logging_mixin.py:109} INFO - [2023-04-05 11:24:33,809] {manager.py:496} INFO - Created Permission View: can read on DAG:latest_only_with_trigger
[2023-04-05 11:24:33,810] {logging_mixin.py:109} INFO - [2023-04-05 11:24:33,809] {dag.py:2389} INFO - Sync 1 DAGs
[2023-04-05 11:24:33,822] {logging_mixin.py:109} INFO - [2023-04-05 11:24:33,821] {dag.py:2408} INFO - Creating ORM DAG for latest_only_with_trigger
[2023-04-05 11:24:33,835] {logging_mixin.py:109} INFO - [2023-04-05 11:24:33,835] {dag.py:2921} INFO - Setting next_dagrun for latest_only_with_trigger to 2023-04-05T07:24:33.835219+00:00
[2023-04-05 11:24:33,852] {processor.py:171} INFO - Processing /home/airflow/.local/lib/python3.7/site-packages/airflow/example_dags/example_latest_only_with_trigger.py took 4.459 seconds
[2023-04-05 11:25:04,566] {processor.py:163} INFO - Started process (PID=399) to work on /home/airflow/.local/lib/python3.7/site-packages/airflow/example_dags/example_latest_only_with_trigger.py
[2023-04-05 11:25:04,568] {processor.py:620} INFO - Processing file /home/airflow/.local/lib/python3.7/site-packages/airflow/example_dags/example_latest_only_with_trigger.py for tasks to queue
[2023-04-05 11:25:04,569] {logging_mixin.py:109} INFO - [2023-04-05 11:25:04,569] {dagbag.py:500} INFO - Filling up the DagBag from /home/airflow/.local/lib/python3.7/site-packages/airflow/example_dags/example_latest_only_with_trigger.py
[2023-04-05 11:25:04,604] {processor.py:632} INFO - DAG(s) dict_keys(['latest_only_with_trigger']) retrieved from /home/airflow/.local/lib/python3.7/site-packages/airflow/example_dags/example_latest_only_with_trigger.py
[2023-04-05 11:25:04,615] {logging_mixin.py:109} INFO - [2023-04-05 11:25:04,615] {dag.py:2389} INFO - Sync 1 DAGs
[2023-04-05 11:25:04,632] {logging_mixin.py:109} INFO - [2023-04-05 11:25:04,632] {dag.py:2921} INFO - Setting next_dagrun for latest_only_with_trigger to 2023-04-05T07:25:04.632238+00:00
[2023-04-05 11:25:04,642] {processor.py:171} INFO - Processing /home/airflow/.local/lib/python3.7/site-packages/airflow/example_dags/example_latest_only_with_trigger.py took 0.080 seconds
[2023-04-05 11:25:35,294] {processor.py:163} INFO - Started process (PID=452) to work on /home/airflow/.local/lib/python3.7/site-packages/airflow/example_dags/example_latest_only_with_trigger.py
[2023-04-05 11:25:35,295] {processor.py:620} INFO - Processing file /home/airflow/.local/lib/python3.7/site-packages/airflow/example_dags/example_latest_only_with_trigger.py for tasks to queue
[2023-04-05 11:25:35,296] {logging_mixin.py:109} INFO - [2023-04-05 11:25:35,296] {dagbag.py:500} INFO - Filling up the DagBag from /home/airflow/.local/lib/python3.7/site-packages/airflow/example_dags/example_latest_only_with_trigger.py
[2023-04-05 11:25:35,323] {processor.py:632} INFO - DAG(s) dict_keys(['latest_only_with_trigger']) retrieved from /home/airflow/.local/lib/python3.7/site-packages/airflow/example_dags/example_latest_only_with_trigger.py
[2023-04-05 11:25:35,336] {logging_mixin.py:109} INFO - [2023-04-05 11:25:35,336] {dag.py:2389} INFO - Sync 1 DAGs
[2023-04-05 11:25:35,356] {logging_mixin.py:109} INFO - [2023-04-05 11:25:35,356] {dag.py:2921} INFO - Setting next_dagrun for latest_only_with_trigger to 2023-04-05T07:25:35.355830+00:00
[2023-04-05 11:25:35,367] {processor.py:171} INFO - Processing /home/airflow/.local/lib/python3.7/site-packages/airflow/example_dags/example_latest_only_with_trigger.py took 0.077 seconds
[2023-04-05 11:26:05,904] {processor.py:163} INFO - Started process (PID=503) to work on /home/airflow/.local/lib/python3.7/site-packages/airflow/example_dags/example_latest_only_with_trigger.py
[2023-04-05 11:26:05,906] {processor.py:620} INFO - Processing file /home/airflow/.local/lib/python3.7/site-packages/airflow/example_dags/example_latest_only_with_trigger.py for tasks to queue
[2023-04-05 11:26:05,906] {logging_mixin.py:109} INFO - [2023-04-05 11:26:05,906] {dagbag.py:500} INFO - Filling up the DagBag from /home/airflow/.local/lib/python3.7/site-packages/airflow/example_dags/example_latest_only_with_trigger.py
[2023-04-05 11:26:05,927] {processor.py:632} INFO - DAG(s) dict_keys(['latest_only_with_trigger']) retrieved from /home/airflow/.local/lib/python3.7/site-packages/airflow/example_dags/example_latest_only_with_trigger.py
[2023-04-05 11:26:05,934] {logging_mixin.py:109} INFO - [2023-04-05 11:26:05,934] {dag.py:2389} INFO - Sync 1 DAGs
[2023-04-05 11:26:05,945] {logging_mixin.py:109} INFO - [2023-04-05 11:26:05,945] {dag.py:2921} INFO - Setting next_dagrun for latest_only_with_trigger to 2023-04-05T07:26:05.945220+00:00
[2023-04-05 11:26:05,954] {processor.py:171} INFO - Processing /home/airflow/.local/lib/python3.7/site-packages/airflow/example_dags/example_latest_only_with_trigger.py took 0.052 seconds
[2023-04-05 11:26:36,138] {processor.py:163} INFO - Started process (PID=563) to work on /home/airflow/.local/lib/python3.7/site-packages/airflow/example_dags/example_latest_only_with_trigger.py
[2023-04-05 11:26:36,139] {processor.py:620} INFO - Processing file /home/airflow/.local/lib/python3.7/site-packages/airflow/example_dags/example_latest_only_with_trigger.py for tasks to queue
[2023-04-05 11:26:36,140] {logging_mixin.py:109} INFO - [2023-04-05 11:26:36,140] {dagbag.py:500} INFO - Filling up the DagBag from /home/airflow/.local/lib/python3.7/site-packages/airflow/example_dags/example_latest_only_with_trigger.py
[2023-04-05 11:26:36,165] {processor.py:632} INFO - DAG(s) dict_keys(['latest_only_with_trigger']) retrieved from /home/airflow/.local/lib/python3.7/site-packages/airflow/example_dags/example_latest_only_with_trigger.py
[2023-04-05 11:26:36,174] {logging_mixin.py:109} INFO - [2023-04-05 11:26:36,174] {dag.py:2389} INFO - Sync 1 DAGs
[2023-04-05 11:26:36,187] {logging_mixin.py:109} INFO - [2023-04-05 11:26:36,187] {dag.py:2921} INFO - Setting next_dagrun for latest_only_with_trigger to 2023-04-05T07:26:36.187381+00:00
[2023-04-05 11:26:36,196] {processor.py:171} INFO - Processing /home/airflow/.local/lib/python3.7/site-packages/airflow/example_dags/example_latest_only_with_trigger.py took 0.061 seconds
[2023-04-05 11:27:06,508] {processor.py:163} INFO - Started process (PID=614) to work on /home/airflow/.local/lib/python3.7/site-packages/airflow/example_dags/example_latest_only_with_trigger.py
[2023-04-05 11:27:06,516] {processor.py:620} INFO - Processing file /home/airflow/.local/lib/python3.7/site-packages/airflow/example_dags/example_latest_only_with_trigger.py for tasks to queue
[2023-04-05 11:27:06,516] {logging_mixin.py:109} INFO - [2023-04-05 11:27:06,516] {dagbag.py:500} INFO - Filling up the DagBag from /home/airflow/.local/lib/python3.7/site-packages/airflow/example_dags/example_latest_only_with_trigger.py
[2023-04-05 11:27:06,542] {processor.py:632} INFO - DAG(s) dict_keys(['latest_only_with_trigger']) retrieved from /home/airflow/.local/lib/python3.7/site-packages/airflow/example_dags/example_latest_only_with_trigger.py
[2023-04-05 11:27:06,553] {logging_mixin.py:109} INFO - [2023-04-05 11:27:06,553] {dag.py:2389} INFO - Sync 1 DAGs
[2023-04-05 11:27:06,570] {logging_mixin.py:109} INFO - [2023-04-05 11:27:06,570] {dag.py:2921} INFO - Setting next_dagrun for latest_only_with_trigger to 2023-04-05T07:27:06.570465+00:00
[2023-04-05 11:27:06,581] {processor.py:171} INFO - Processing /home/airflow/.local/lib/python3.7/site-packages/airflow/example_dags/example_latest_only_with_trigger.py took 0.075 seconds
[2023-04-05 11:27:37,053] {processor.py:163} INFO - Started process (PID=665) to work on /home/airflow/.local/lib/python3.7/site-packages/airflow/example_dags/example_latest_only_with_trigger.py
[2023-04-05 11:27:37,053] {processor.py:620} INFO - Processing file /home/airflow/.local/lib/python3.7/site-packages/airflow/example_dags/example_latest_only_with_trigger.py for tasks to queue
[2023-04-05 11:27:37,054] {logging_mixin.py:109} INFO - [2023-04-05 11:27:37,054] {dagbag.py:500} INFO - Filling up the DagBag from /home/airflow/.local/lib/python3.7/site-packages/airflow/example_dags/example_latest_only_with_trigger.py
[2023-04-05 11:27:37,080] {processor.py:632} INFO - DAG(s) dict_keys(['latest_only_with_trigger']) retrieved from /home/airflow/.local/lib/python3.7/site-packages/airflow/example_dags/example_latest_only_with_trigger.py
[2023-04-05 11:27:37,092] {logging_mixin.py:109} INFO - [2023-04-05 11:27:37,092] {dag.py:2389} INFO - Sync 1 DAGs
[2023-04-05 11:27:37,108] {logging_mixin.py:109} INFO - [2023-04-05 11:27:37,107] {dag.py:2921} INFO - Setting next_dagrun for latest_only_with_trigger to 2023-04-05T07:27:37.107645+00:00
[2023-04-05 11:27:37,118] {processor.py:171} INFO - Processing /home/airflow/.local/lib/python3.7/site-packages/airflow/example_dags/example_latest_only_with_trigger.py took 0.068 seconds
