[2023-04-05 11:16:55,505] {processor.py:163} INFO - Started process (PID=166) to work on /home/airflow/.local/lib/python3.7/site-packages/airflow/example_dags/tutorial_taskflow_api_etl.py
[2023-04-05 11:16:55,507] {processor.py:620} INFO - Processing file /home/airflow/.local/lib/python3.7/site-packages/airflow/example_dags/tutorial_taskflow_api_etl.py for tasks to queue
[2023-04-05 11:16:55,508] {logging_mixin.py:109} INFO - [2023-04-05 11:16:55,507] {dagbag.py:500} INFO - Filling up the DagBag from /home/airflow/.local/lib/python3.7/site-packages/airflow/example_dags/tutorial_taskflow_api_etl.py
[2023-04-05 11:16:55,560] {processor.py:632} INFO - DAG(s) dict_keys(['tutorial_taskflow_api_etl']) retrieved from /home/airflow/.local/lib/python3.7/site-packages/airflow/example_dags/tutorial_taskflow_api_etl.py
[2023-04-05 11:16:57,374] {logging_mixin.py:109} INFO - [2023-04-05 11:16:57,374] {providers_manager.py:156} WARNING - Exception when importing 'airflow.providers.google.leveldb.hooks.leveldb.LevelDBHook' from 'apache-airflow-providers-google' package: No module named 'plyvel'
[2023-04-05 11:16:57,898] {logging_mixin.py:109} INFO - [2023-04-05 11:16:57,898] {providers_manager.py:156} WARNING - Exception when importing 'airflow.providers.google.leveldb.hooks.leveldb.LevelDBHook' from 'apache-airflow-providers-google' package: No module named 'plyvel'
[2023-04-05 11:16:57,917] {logging_mixin.py:109} INFO - [2023-04-05 11:16:57,917] {manager.py:496} INFO - Created Permission View: can read on DAG:tutorial_taskflow_api_etl
[2023-04-05 11:16:57,925] {logging_mixin.py:109} INFO - [2023-04-05 11:16:57,925] {manager.py:496} INFO - Created Permission View: can edit on DAG:tutorial_taskflow_api_etl
[2023-04-05 11:16:57,925] {logging_mixin.py:109} INFO - [2023-04-05 11:16:57,925] {dag.py:2389} INFO - Sync 1 DAGs
[2023-04-05 11:16:57,932] {logging_mixin.py:109} INFO - [2023-04-05 11:16:57,931] {dag.py:2408} INFO - Creating ORM DAG for tutorial_taskflow_api_etl
[2023-04-05 11:16:57,938] {logging_mixin.py:109} INFO - [2023-04-05 11:16:57,938] {dag.py:2921} INFO - Setting next_dagrun for tutorial_taskflow_api_etl to None
[2023-04-05 11:16:57,952] {processor.py:171} INFO - Processing /home/airflow/.local/lib/python3.7/site-packages/airflow/example_dags/tutorial_taskflow_api_etl.py took 2.452 seconds
[2023-04-05 11:17:28,874] {processor.py:163} INFO - Started process (PID=368) to work on /home/airflow/.local/lib/python3.7/site-packages/airflow/example_dags/tutorial_taskflow_api_etl.py
[2023-04-05 11:17:28,876] {processor.py:620} INFO - Processing file /home/airflow/.local/lib/python3.7/site-packages/airflow/example_dags/tutorial_taskflow_api_etl.py for tasks to queue
[2023-04-05 11:17:28,876] {logging_mixin.py:109} INFO - [2023-04-05 11:17:28,876] {dagbag.py:500} INFO - Filling up the DagBag from /home/airflow/.local/lib/python3.7/site-packages/airflow/example_dags/tutorial_taskflow_api_etl.py
[2023-04-05 11:17:28,961] {processor.py:632} INFO - DAG(s) dict_keys(['tutorial_taskflow_api_etl']) retrieved from /home/airflow/.local/lib/python3.7/site-packages/airflow/example_dags/tutorial_taskflow_api_etl.py
[2023-04-05 11:17:29,215] {logging_mixin.py:109} INFO - [2023-04-05 11:17:29,215] {dag.py:2389} INFO - Sync 1 DAGs
[2023-04-05 11:17:29,225] {logging_mixin.py:109} INFO - [2023-04-05 11:17:29,225] {dag.py:2921} INFO - Setting next_dagrun for tutorial_taskflow_api_etl to None
[2023-04-05 11:17:29,233] {processor.py:171} INFO - Processing /home/airflow/.local/lib/python3.7/site-packages/airflow/example_dags/tutorial_taskflow_api_etl.py took 0.362 seconds
[2023-04-05 11:18:00,181] {processor.py:163} INFO - Started process (PID=430) to work on /home/airflow/.local/lib/python3.7/site-packages/airflow/example_dags/tutorial_taskflow_api_etl.py
[2023-04-05 11:18:00,183] {processor.py:620} INFO - Processing file /home/airflow/.local/lib/python3.7/site-packages/airflow/example_dags/tutorial_taskflow_api_etl.py for tasks to queue
[2023-04-05 11:18:00,185] {logging_mixin.py:109} INFO - [2023-04-05 11:18:00,184] {dagbag.py:500} INFO - Filling up the DagBag from /home/airflow/.local/lib/python3.7/site-packages/airflow/example_dags/tutorial_taskflow_api_etl.py
[2023-04-05 11:18:00,305] {processor.py:632} INFO - DAG(s) dict_keys(['tutorial_taskflow_api_etl']) retrieved from /home/airflow/.local/lib/python3.7/site-packages/airflow/example_dags/tutorial_taskflow_api_etl.py
[2023-04-05 11:18:00,714] {logging_mixin.py:109} INFO - [2023-04-05 11:18:00,714] {dag.py:2389} INFO - Sync 1 DAGs
[2023-04-05 11:18:00,732] {logging_mixin.py:109} INFO - [2023-04-05 11:18:00,732] {dag.py:2921} INFO - Setting next_dagrun for tutorial_taskflow_api_etl to None
[2023-04-05 11:18:00,752] {processor.py:171} INFO - Processing /home/airflow/.local/lib/python3.7/site-packages/airflow/example_dags/tutorial_taskflow_api_etl.py took 0.575 seconds
[2023-04-05 11:18:31,071] {processor.py:163} INFO - Started process (PID=481) to work on /home/airflow/.local/lib/python3.7/site-packages/airflow/example_dags/tutorial_taskflow_api_etl.py
[2023-04-05 11:18:31,072] {processor.py:620} INFO - Processing file /home/airflow/.local/lib/python3.7/site-packages/airflow/example_dags/tutorial_taskflow_api_etl.py for tasks to queue
[2023-04-05 11:18:31,072] {logging_mixin.py:109} INFO - [2023-04-05 11:18:31,072] {dagbag.py:500} INFO - Filling up the DagBag from /home/airflow/.local/lib/python3.7/site-packages/airflow/example_dags/tutorial_taskflow_api_etl.py
[2023-04-05 11:18:31,095] {processor.py:632} INFO - DAG(s) dict_keys(['tutorial_taskflow_api_etl']) retrieved from /home/airflow/.local/lib/python3.7/site-packages/airflow/example_dags/tutorial_taskflow_api_etl.py
[2023-04-05 11:18:31,312] {logging_mixin.py:109} INFO - [2023-04-05 11:18:31,312] {dag.py:2389} INFO - Sync 1 DAGs
[2023-04-05 11:18:31,325] {logging_mixin.py:109} INFO - [2023-04-05 11:18:31,325] {dag.py:2921} INFO - Setting next_dagrun for tutorial_taskflow_api_etl to None
[2023-04-05 11:18:31,336] {processor.py:171} INFO - Processing /home/airflow/.local/lib/python3.7/site-packages/airflow/example_dags/tutorial_taskflow_api_etl.py took 0.268 seconds
[2023-04-05 11:19:01,358] {processor.py:163} INFO - Started process (PID=532) to work on /home/airflow/.local/lib/python3.7/site-packages/airflow/example_dags/tutorial_taskflow_api_etl.py
[2023-04-05 11:19:01,359] {processor.py:620} INFO - Processing file /home/airflow/.local/lib/python3.7/site-packages/airflow/example_dags/tutorial_taskflow_api_etl.py for tasks to queue
[2023-04-05 11:19:01,360] {logging_mixin.py:109} INFO - [2023-04-05 11:19:01,360] {dagbag.py:500} INFO - Filling up the DagBag from /home/airflow/.local/lib/python3.7/site-packages/airflow/example_dags/tutorial_taskflow_api_etl.py
[2023-04-05 11:19:01,383] {processor.py:632} INFO - DAG(s) dict_keys(['tutorial_taskflow_api_etl']) retrieved from /home/airflow/.local/lib/python3.7/site-packages/airflow/example_dags/tutorial_taskflow_api_etl.py
[2023-04-05 11:19:01,594] {logging_mixin.py:109} INFO - [2023-04-05 11:19:01,594] {dag.py:2389} INFO - Sync 1 DAGs
[2023-04-05 11:19:01,605] {logging_mixin.py:109} INFO - [2023-04-05 11:19:01,605] {dag.py:2921} INFO - Setting next_dagrun for tutorial_taskflow_api_etl to None
[2023-04-05 11:19:01,615] {processor.py:171} INFO - Processing /home/airflow/.local/lib/python3.7/site-packages/airflow/example_dags/tutorial_taskflow_api_etl.py took 0.259 seconds
[2023-04-05 11:19:32,372] {processor.py:163} INFO - Started process (PID=592) to work on /home/airflow/.local/lib/python3.7/site-packages/airflow/example_dags/tutorial_taskflow_api_etl.py
[2023-04-05 11:19:32,373] {processor.py:620} INFO - Processing file /home/airflow/.local/lib/python3.7/site-packages/airflow/example_dags/tutorial_taskflow_api_etl.py for tasks to queue
[2023-04-05 11:19:32,373] {logging_mixin.py:109} INFO - [2023-04-05 11:19:32,373] {dagbag.py:500} INFO - Filling up the DagBag from /home/airflow/.local/lib/python3.7/site-packages/airflow/example_dags/tutorial_taskflow_api_etl.py
[2023-04-05 11:19:32,405] {processor.py:632} INFO - DAG(s) dict_keys(['tutorial_taskflow_api_etl']) retrieved from /home/airflow/.local/lib/python3.7/site-packages/airflow/example_dags/tutorial_taskflow_api_etl.py
[2023-04-05 11:19:32,701] {logging_mixin.py:109} INFO - [2023-04-05 11:19:32,701] {dag.py:2389} INFO - Sync 1 DAGs
[2023-04-05 11:19:32,715] {logging_mixin.py:109} INFO - [2023-04-05 11:19:32,715] {dag.py:2921} INFO - Setting next_dagrun for tutorial_taskflow_api_etl to None
[2023-04-05 11:19:32,727] {processor.py:171} INFO - Processing /home/airflow/.local/lib/python3.7/site-packages/airflow/example_dags/tutorial_taskflow_api_etl.py took 0.358 seconds
[2023-04-05 11:20:03,601] {processor.py:163} INFO - Started process (PID=645) to work on /home/airflow/.local/lib/python3.7/site-packages/airflow/example_dags/tutorial_taskflow_api_etl.py
[2023-04-05 11:20:03,602] {processor.py:620} INFO - Processing file /home/airflow/.local/lib/python3.7/site-packages/airflow/example_dags/tutorial_taskflow_api_etl.py for tasks to queue
[2023-04-05 11:20:03,602] {logging_mixin.py:109} INFO - [2023-04-05 11:20:03,602] {dagbag.py:500} INFO - Filling up the DagBag from /home/airflow/.local/lib/python3.7/site-packages/airflow/example_dags/tutorial_taskflow_api_etl.py
[2023-04-05 11:20:03,623] {processor.py:632} INFO - DAG(s) dict_keys(['tutorial_taskflow_api_etl']) retrieved from /home/airflow/.local/lib/python3.7/site-packages/airflow/example_dags/tutorial_taskflow_api_etl.py
[2023-04-05 11:20:03,817] {logging_mixin.py:109} INFO - [2023-04-05 11:20:03,817] {dag.py:2389} INFO - Sync 1 DAGs
[2023-04-05 11:20:03,829] {logging_mixin.py:109} INFO - [2023-04-05 11:20:03,829] {dag.py:2921} INFO - Setting next_dagrun for tutorial_taskflow_api_etl to None
[2023-04-05 11:20:03,838] {processor.py:171} INFO - Processing /home/airflow/.local/lib/python3.7/site-packages/airflow/example_dags/tutorial_taskflow_api_etl.py took 0.239 seconds
[2023-04-05 11:20:33,931] {processor.py:163} INFO - Started process (PID=705) to work on /home/airflow/.local/lib/python3.7/site-packages/airflow/example_dags/tutorial_taskflow_api_etl.py
[2023-04-05 11:20:33,931] {processor.py:620} INFO - Processing file /home/airflow/.local/lib/python3.7/site-packages/airflow/example_dags/tutorial_taskflow_api_etl.py for tasks to queue
[2023-04-05 11:20:33,932] {logging_mixin.py:109} INFO - [2023-04-05 11:20:33,932] {dagbag.py:500} INFO - Filling up the DagBag from /home/airflow/.local/lib/python3.7/site-packages/airflow/example_dags/tutorial_taskflow_api_etl.py
[2023-04-05 11:20:33,958] {processor.py:632} INFO - DAG(s) dict_keys(['tutorial_taskflow_api_etl']) retrieved from /home/airflow/.local/lib/python3.7/site-packages/airflow/example_dags/tutorial_taskflow_api_etl.py
[2023-04-05 11:20:34,207] {logging_mixin.py:109} INFO - [2023-04-05 11:20:34,207] {dag.py:2389} INFO - Sync 1 DAGs
[2023-04-05 11:20:34,221] {logging_mixin.py:109} INFO - [2023-04-05 11:20:34,220] {dag.py:2921} INFO - Setting next_dagrun for tutorial_taskflow_api_etl to None
[2023-04-05 11:20:34,231] {processor.py:171} INFO - Processing /home/airflow/.local/lib/python3.7/site-packages/airflow/example_dags/tutorial_taskflow_api_etl.py took 0.303 seconds
[2023-04-05 11:24:10,238] {processor.py:163} INFO - Started process (PID=166) to work on /home/airflow/.local/lib/python3.7/site-packages/airflow/example_dags/tutorial_taskflow_api_etl.py
[2023-04-05 11:24:10,239] {processor.py:620} INFO - Processing file /home/airflow/.local/lib/python3.7/site-packages/airflow/example_dags/tutorial_taskflow_api_etl.py for tasks to queue
[2023-04-05 11:24:10,240] {logging_mixin.py:109} INFO - [2023-04-05 11:24:10,240] {dagbag.py:500} INFO - Filling up the DagBag from /home/airflow/.local/lib/python3.7/site-packages/airflow/example_dags/tutorial_taskflow_api_etl.py
[2023-04-05 11:24:10,270] {processor.py:632} INFO - DAG(s) dict_keys(['tutorial_taskflow_api_etl']) retrieved from /home/airflow/.local/lib/python3.7/site-packages/airflow/example_dags/tutorial_taskflow_api_etl.py
[2023-04-05 11:24:11,940] {logging_mixin.py:109} INFO - [2023-04-05 11:24:11,939] {providers_manager.py:156} WARNING - Exception when importing 'airflow.providers.google.leveldb.hooks.leveldb.LevelDBHook' from 'apache-airflow-providers-google' package: No module named 'plyvel'
[2023-04-05 11:24:12,385] {logging_mixin.py:109} INFO - [2023-04-05 11:24:12,385] {providers_manager.py:156} WARNING - Exception when importing 'airflow.providers.google.leveldb.hooks.leveldb.LevelDBHook' from 'apache-airflow-providers-google' package: No module named 'plyvel'
[2023-04-05 11:24:12,407] {logging_mixin.py:109} INFO - [2023-04-05 11:24:12,407] {manager.py:496} INFO - Created Permission View: can edit on DAG:tutorial_taskflow_api_etl
[2023-04-05 11:24:12,417] {logging_mixin.py:109} INFO - [2023-04-05 11:24:12,417] {manager.py:496} INFO - Created Permission View: can read on DAG:tutorial_taskflow_api_etl
[2023-04-05 11:24:12,418] {logging_mixin.py:109} INFO - [2023-04-05 11:24:12,417] {dag.py:2389} INFO - Sync 1 DAGs
[2023-04-05 11:24:12,425] {logging_mixin.py:109} INFO - [2023-04-05 11:24:12,424] {dag.py:2408} INFO - Creating ORM DAG for tutorial_taskflow_api_etl
[2023-04-05 11:24:12,432] {logging_mixin.py:109} INFO - [2023-04-05 11:24:12,432] {dag.py:2921} INFO - Setting next_dagrun for tutorial_taskflow_api_etl to None
[2023-04-05 11:24:12,443] {processor.py:171} INFO - Processing /home/airflow/.local/lib/python3.7/site-packages/airflow/example_dags/tutorial_taskflow_api_etl.py took 2.209 seconds
[2023-04-05 11:24:42,802] {processor.py:163} INFO - Started process (PID=369) to work on /home/airflow/.local/lib/python3.7/site-packages/airflow/example_dags/tutorial_taskflow_api_etl.py
[2023-04-05 11:24:42,803] {processor.py:620} INFO - Processing file /home/airflow/.local/lib/python3.7/site-packages/airflow/example_dags/tutorial_taskflow_api_etl.py for tasks to queue
[2023-04-05 11:24:42,804] {logging_mixin.py:109} INFO - [2023-04-05 11:24:42,803] {dagbag.py:500} INFO - Filling up the DagBag from /home/airflow/.local/lib/python3.7/site-packages/airflow/example_dags/tutorial_taskflow_api_etl.py
[2023-04-05 11:24:42,838] {processor.py:632} INFO - DAG(s) dict_keys(['tutorial_taskflow_api_etl']) retrieved from /home/airflow/.local/lib/python3.7/site-packages/airflow/example_dags/tutorial_taskflow_api_etl.py
[2023-04-05 11:24:43,107] {logging_mixin.py:109} INFO - [2023-04-05 11:24:43,107] {dag.py:2389} INFO - Sync 1 DAGs
[2023-04-05 11:24:43,119] {logging_mixin.py:109} INFO - [2023-04-05 11:24:43,119] {dag.py:2921} INFO - Setting next_dagrun for tutorial_taskflow_api_etl to None
[2023-04-05 11:24:43,131] {processor.py:171} INFO - Processing /home/airflow/.local/lib/python3.7/site-packages/airflow/example_dags/tutorial_taskflow_api_etl.py took 0.332 seconds
[2023-04-05 11:25:13,482] {processor.py:163} INFO - Started process (PID=420) to work on /home/airflow/.local/lib/python3.7/site-packages/airflow/example_dags/tutorial_taskflow_api_etl.py
[2023-04-05 11:25:13,482] {processor.py:620} INFO - Processing file /home/airflow/.local/lib/python3.7/site-packages/airflow/example_dags/tutorial_taskflow_api_etl.py for tasks to queue
[2023-04-05 11:25:13,483] {logging_mixin.py:109} INFO - [2023-04-05 11:25:13,483] {dagbag.py:500} INFO - Filling up the DagBag from /home/airflow/.local/lib/python3.7/site-packages/airflow/example_dags/tutorial_taskflow_api_etl.py
[2023-04-05 11:25:13,506] {processor.py:632} INFO - DAG(s) dict_keys(['tutorial_taskflow_api_etl']) retrieved from /home/airflow/.local/lib/python3.7/site-packages/airflow/example_dags/tutorial_taskflow_api_etl.py
[2023-04-05 11:25:13,696] {logging_mixin.py:109} INFO - [2023-04-05 11:25:13,696] {dag.py:2389} INFO - Sync 1 DAGs
[2023-04-05 11:25:13,705] {logging_mixin.py:109} INFO - [2023-04-05 11:25:13,705] {dag.py:2921} INFO - Setting next_dagrun for tutorial_taskflow_api_etl to None
[2023-04-05 11:25:13,715] {processor.py:171} INFO - Processing /home/airflow/.local/lib/python3.7/site-packages/airflow/example_dags/tutorial_taskflow_api_etl.py took 0.235 seconds
[2023-04-05 11:25:44,154] {processor.py:163} INFO - Started process (PID=480) to work on /home/airflow/.local/lib/python3.7/site-packages/airflow/example_dags/tutorial_taskflow_api_etl.py
[2023-04-05 11:25:44,156] {processor.py:620} INFO - Processing file /home/airflow/.local/lib/python3.7/site-packages/airflow/example_dags/tutorial_taskflow_api_etl.py for tasks to queue
[2023-04-05 11:25:44,156] {logging_mixin.py:109} INFO - [2023-04-05 11:25:44,156] {dagbag.py:500} INFO - Filling up the DagBag from /home/airflow/.local/lib/python3.7/site-packages/airflow/example_dags/tutorial_taskflow_api_etl.py
[2023-04-05 11:25:44,185] {processor.py:632} INFO - DAG(s) dict_keys(['tutorial_taskflow_api_etl']) retrieved from /home/airflow/.local/lib/python3.7/site-packages/airflow/example_dags/tutorial_taskflow_api_etl.py
[2023-04-05 11:25:44,480] {logging_mixin.py:109} INFO - [2023-04-05 11:25:44,480] {dag.py:2389} INFO - Sync 1 DAGs
[2023-04-05 11:25:44,492] {logging_mixin.py:109} INFO - [2023-04-05 11:25:44,492] {dag.py:2921} INFO - Setting next_dagrun for tutorial_taskflow_api_etl to None
[2023-04-05 11:25:44,502] {processor.py:171} INFO - Processing /home/airflow/.local/lib/python3.7/site-packages/airflow/example_dags/tutorial_taskflow_api_etl.py took 0.351 seconds
[2023-04-05 11:26:14,659] {processor.py:163} INFO - Started process (PID=531) to work on /home/airflow/.local/lib/python3.7/site-packages/airflow/example_dags/tutorial_taskflow_api_etl.py
[2023-04-05 11:26:14,660] {processor.py:620} INFO - Processing file /home/airflow/.local/lib/python3.7/site-packages/airflow/example_dags/tutorial_taskflow_api_etl.py for tasks to queue
[2023-04-05 11:26:14,661] {logging_mixin.py:109} INFO - [2023-04-05 11:26:14,660] {dagbag.py:500} INFO - Filling up the DagBag from /home/airflow/.local/lib/python3.7/site-packages/airflow/example_dags/tutorial_taskflow_api_etl.py
[2023-04-05 11:26:14,688] {processor.py:632} INFO - DAG(s) dict_keys(['tutorial_taskflow_api_etl']) retrieved from /home/airflow/.local/lib/python3.7/site-packages/airflow/example_dags/tutorial_taskflow_api_etl.py
[2023-04-05 11:26:14,968] {logging_mixin.py:109} INFO - [2023-04-05 11:26:14,968] {dag.py:2389} INFO - Sync 1 DAGs
[2023-04-05 11:26:14,983] {logging_mixin.py:109} INFO - [2023-04-05 11:26:14,983] {dag.py:2921} INFO - Setting next_dagrun for tutorial_taskflow_api_etl to None
[2023-04-05 11:26:14,996] {processor.py:171} INFO - Processing /home/airflow/.local/lib/python3.7/site-packages/airflow/example_dags/tutorial_taskflow_api_etl.py took 0.339 seconds
[2023-04-05 11:26:45,047] {processor.py:163} INFO - Started process (PID=582) to work on /home/airflow/.local/lib/python3.7/site-packages/airflow/example_dags/tutorial_taskflow_api_etl.py
[2023-04-05 11:26:45,049] {processor.py:620} INFO - Processing file /home/airflow/.local/lib/python3.7/site-packages/airflow/example_dags/tutorial_taskflow_api_etl.py for tasks to queue
[2023-04-05 11:26:45,049] {logging_mixin.py:109} INFO - [2023-04-05 11:26:45,049] {dagbag.py:500} INFO - Filling up the DagBag from /home/airflow/.local/lib/python3.7/site-packages/airflow/example_dags/tutorial_taskflow_api_etl.py
[2023-04-05 11:26:45,080] {processor.py:632} INFO - DAG(s) dict_keys(['tutorial_taskflow_api_etl']) retrieved from /home/airflow/.local/lib/python3.7/site-packages/airflow/example_dags/tutorial_taskflow_api_etl.py
[2023-04-05 11:26:45,392] {logging_mixin.py:109} INFO - [2023-04-05 11:26:45,392] {dag.py:2389} INFO - Sync 1 DAGs
[2023-04-05 11:26:45,407] {logging_mixin.py:109} INFO - [2023-04-05 11:26:45,407] {dag.py:2921} INFO - Setting next_dagrun for tutorial_taskflow_api_etl to None
[2023-04-05 11:26:45,418] {processor.py:171} INFO - Processing /home/airflow/.local/lib/python3.7/site-packages/airflow/example_dags/tutorial_taskflow_api_etl.py took 0.375 seconds
[2023-04-05 11:27:15,462] {processor.py:163} INFO - Started process (PID=642) to work on /home/airflow/.local/lib/python3.7/site-packages/airflow/example_dags/tutorial_taskflow_api_etl.py
[2023-04-05 11:27:15,463] {processor.py:620} INFO - Processing file /home/airflow/.local/lib/python3.7/site-packages/airflow/example_dags/tutorial_taskflow_api_etl.py for tasks to queue
[2023-04-05 11:27:15,464] {logging_mixin.py:109} INFO - [2023-04-05 11:27:15,464] {dagbag.py:500} INFO - Filling up the DagBag from /home/airflow/.local/lib/python3.7/site-packages/airflow/example_dags/tutorial_taskflow_api_etl.py
[2023-04-05 11:27:15,529] {processor.py:632} INFO - DAG(s) dict_keys(['tutorial_taskflow_api_etl']) retrieved from /home/airflow/.local/lib/python3.7/site-packages/airflow/example_dags/tutorial_taskflow_api_etl.py
[2023-04-05 11:27:15,750] {logging_mixin.py:109} INFO - [2023-04-05 11:27:15,750] {dag.py:2389} INFO - Sync 1 DAGs
[2023-04-05 11:27:15,762] {logging_mixin.py:109} INFO - [2023-04-05 11:27:15,762] {dag.py:2921} INFO - Setting next_dagrun for tutorial_taskflow_api_etl to None
[2023-04-05 11:27:15,772] {processor.py:171} INFO - Processing /home/airflow/.local/lib/python3.7/site-packages/airflow/example_dags/tutorial_taskflow_api_etl.py took 0.313 seconds
[2023-04-05 11:27:45,932] {processor.py:163} INFO - Started process (PID=693) to work on /home/airflow/.local/lib/python3.7/site-packages/airflow/example_dags/tutorial_taskflow_api_etl.py
[2023-04-05 11:27:45,933] {processor.py:620} INFO - Processing file /home/airflow/.local/lib/python3.7/site-packages/airflow/example_dags/tutorial_taskflow_api_etl.py for tasks to queue
[2023-04-05 11:27:45,934] {logging_mixin.py:109} INFO - [2023-04-05 11:27:45,933] {dagbag.py:500} INFO - Filling up the DagBag from /home/airflow/.local/lib/python3.7/site-packages/airflow/example_dags/tutorial_taskflow_api_etl.py
[2023-04-05 11:27:45,960] {processor.py:632} INFO - DAG(s) dict_keys(['tutorial_taskflow_api_etl']) retrieved from /home/airflow/.local/lib/python3.7/site-packages/airflow/example_dags/tutorial_taskflow_api_etl.py
[2023-04-05 11:27:46,233] {logging_mixin.py:109} INFO - [2023-04-05 11:27:46,233] {dag.py:2389} INFO - Sync 1 DAGs
[2023-04-05 11:27:46,246] {logging_mixin.py:109} INFO - [2023-04-05 11:27:46,246] {dag.py:2921} INFO - Setting next_dagrun for tutorial_taskflow_api_etl to None
[2023-04-05 11:27:46,257] {processor.py:171} INFO - Processing /home/airflow/.local/lib/python3.7/site-packages/airflow/example_dags/tutorial_taskflow_api_etl.py took 0.328 seconds
