[2023-04-05 11:16:50,210] {processor.py:163} INFO - Started process (PID=122) to work on /home/airflow/.local/lib/python3.7/site-packages/airflow/example_dags/tutorial_etl_dag.py
[2023-04-05 11:16:50,211] {processor.py:620} INFO - Processing file /home/airflow/.local/lib/python3.7/site-packages/airflow/example_dags/tutorial_etl_dag.py for tasks to queue
[2023-04-05 11:16:50,212] {logging_mixin.py:109} INFO - [2023-04-05 11:16:50,212] {dagbag.py:500} INFO - Filling up the DagBag from /home/airflow/.local/lib/python3.7/site-packages/airflow/example_dags/tutorial_etl_dag.py
[2023-04-05 11:16:50,240] {processor.py:632} INFO - DAG(s) dict_keys(['tutorial_etl_dag']) retrieved from /home/airflow/.local/lib/python3.7/site-packages/airflow/example_dags/tutorial_etl_dag.py
[2023-04-05 11:16:52,078] {logging_mixin.py:109} INFO - [2023-04-05 11:16:52,078] {providers_manager.py:156} WARNING - Exception when importing 'airflow.providers.google.leveldb.hooks.leveldb.LevelDBHook' from 'apache-airflow-providers-google' package: No module named 'plyvel'
[2023-04-05 11:16:52,691] {logging_mixin.py:109} INFO - [2023-04-05 11:16:52,691] {providers_manager.py:156} WARNING - Exception when importing 'airflow.providers.google.leveldb.hooks.leveldb.LevelDBHook' from 'apache-airflow-providers-google' package: No module named 'plyvel'
[2023-04-05 11:16:52,722] {logging_mixin.py:109} INFO - [2023-04-05 11:16:52,721] {manager.py:496} INFO - Created Permission View: can read on DAG:tutorial_etl_dag
[2023-04-05 11:16:52,735] {logging_mixin.py:109} INFO - [2023-04-05 11:16:52,734] {manager.py:496} INFO - Created Permission View: can edit on DAG:tutorial_etl_dag
[2023-04-05 11:16:52,735] {logging_mixin.py:109} INFO - [2023-04-05 11:16:52,735] {dag.py:2389} INFO - Sync 1 DAGs
[2023-04-05 11:16:52,745] {logging_mixin.py:109} INFO - [2023-04-05 11:16:52,745] {dag.py:2408} INFO - Creating ORM DAG for tutorial_etl_dag
[2023-04-05 11:16:52,755] {logging_mixin.py:109} INFO - [2023-04-05 11:16:52,755] {dag.py:2921} INFO - Setting next_dagrun for tutorial_etl_dag to None
[2023-04-05 11:16:52,770] {processor.py:171} INFO - Processing /home/airflow/.local/lib/python3.7/site-packages/airflow/example_dags/tutorial_etl_dag.py took 2.562 seconds
[2023-04-05 11:17:23,065] {processor.py:163} INFO - Started process (PID=365) to work on /home/airflow/.local/lib/python3.7/site-packages/airflow/example_dags/tutorial_etl_dag.py
[2023-04-05 11:17:23,066] {processor.py:620} INFO - Processing file /home/airflow/.local/lib/python3.7/site-packages/airflow/example_dags/tutorial_etl_dag.py for tasks to queue
[2023-04-05 11:17:23,067] {logging_mixin.py:109} INFO - [2023-04-05 11:17:23,067] {dagbag.py:500} INFO - Filling up the DagBag from /home/airflow/.local/lib/python3.7/site-packages/airflow/example_dags/tutorial_etl_dag.py
[2023-04-05 11:17:23,099] {processor.py:632} INFO - DAG(s) dict_keys(['tutorial_etl_dag']) retrieved from /home/airflow/.local/lib/python3.7/site-packages/airflow/example_dags/tutorial_etl_dag.py
[2023-04-05 11:17:23,112] {logging_mixin.py:109} INFO - [2023-04-05 11:17:23,111] {dag.py:2389} INFO - Sync 1 DAGs
[2023-04-05 11:17:23,132] {logging_mixin.py:109} INFO - [2023-04-05 11:17:23,132] {dag.py:2921} INFO - Setting next_dagrun for tutorial_etl_dag to None
[2023-04-05 11:17:23,144] {processor.py:171} INFO - Processing /home/airflow/.local/lib/python3.7/site-packages/airflow/example_dags/tutorial_etl_dag.py took 0.083 seconds
[2023-04-05 11:17:53,421] {processor.py:163} INFO - Started process (PID=416) to work on /home/airflow/.local/lib/python3.7/site-packages/airflow/example_dags/tutorial_etl_dag.py
[2023-04-05 11:17:53,423] {processor.py:620} INFO - Processing file /home/airflow/.local/lib/python3.7/site-packages/airflow/example_dags/tutorial_etl_dag.py for tasks to queue
[2023-04-05 11:17:53,423] {logging_mixin.py:109} INFO - [2023-04-05 11:17:53,423] {dagbag.py:500} INFO - Filling up the DagBag from /home/airflow/.local/lib/python3.7/site-packages/airflow/example_dags/tutorial_etl_dag.py
[2023-04-05 11:17:53,449] {processor.py:632} INFO - DAG(s) dict_keys(['tutorial_etl_dag']) retrieved from /home/airflow/.local/lib/python3.7/site-packages/airflow/example_dags/tutorial_etl_dag.py
[2023-04-05 11:17:53,458] {logging_mixin.py:109} INFO - [2023-04-05 11:17:53,458] {dag.py:2389} INFO - Sync 1 DAGs
[2023-04-05 11:17:53,472] {logging_mixin.py:109} INFO - [2023-04-05 11:17:53,472] {dag.py:2921} INFO - Setting next_dagrun for tutorial_etl_dag to None
[2023-04-05 11:17:53,482] {processor.py:171} INFO - Processing /home/airflow/.local/lib/python3.7/site-packages/airflow/example_dags/tutorial_etl_dag.py took 0.063 seconds
[2023-04-05 11:18:23,531] {processor.py:163} INFO - Started process (PID=467) to work on /home/airflow/.local/lib/python3.7/site-packages/airflow/example_dags/tutorial_etl_dag.py
[2023-04-05 11:18:23,531] {processor.py:620} INFO - Processing file /home/airflow/.local/lib/python3.7/site-packages/airflow/example_dags/tutorial_etl_dag.py for tasks to queue
[2023-04-05 11:18:23,532] {logging_mixin.py:109} INFO - [2023-04-05 11:18:23,532] {dagbag.py:500} INFO - Filling up the DagBag from /home/airflow/.local/lib/python3.7/site-packages/airflow/example_dags/tutorial_etl_dag.py
[2023-04-05 11:18:23,619] {processor.py:632} INFO - DAG(s) dict_keys(['tutorial_etl_dag']) retrieved from /home/airflow/.local/lib/python3.7/site-packages/airflow/example_dags/tutorial_etl_dag.py
[2023-04-05 11:18:23,631] {logging_mixin.py:109} INFO - [2023-04-05 11:18:23,631] {dag.py:2389} INFO - Sync 1 DAGs
[2023-04-05 11:18:23,647] {logging_mixin.py:109} INFO - [2023-04-05 11:18:23,647] {dag.py:2921} INFO - Setting next_dagrun for tutorial_etl_dag to None
[2023-04-05 11:18:23,661] {processor.py:171} INFO - Processing /home/airflow/.local/lib/python3.7/site-packages/airflow/example_dags/tutorial_etl_dag.py took 0.133 seconds
[2023-04-05 11:18:53,821] {processor.py:163} INFO - Started process (PID=526) to work on /home/airflow/.local/lib/python3.7/site-packages/airflow/example_dags/tutorial_etl_dag.py
[2023-04-05 11:18:53,822] {processor.py:620} INFO - Processing file /home/airflow/.local/lib/python3.7/site-packages/airflow/example_dags/tutorial_etl_dag.py for tasks to queue
[2023-04-05 11:18:53,823] {logging_mixin.py:109} INFO - [2023-04-05 11:18:53,823] {dagbag.py:500} INFO - Filling up the DagBag from /home/airflow/.local/lib/python3.7/site-packages/airflow/example_dags/tutorial_etl_dag.py
[2023-04-05 11:18:53,849] {processor.py:632} INFO - DAG(s) dict_keys(['tutorial_etl_dag']) retrieved from /home/airflow/.local/lib/python3.7/site-packages/airflow/example_dags/tutorial_etl_dag.py
[2023-04-05 11:18:53,859] {logging_mixin.py:109} INFO - [2023-04-05 11:18:53,858] {dag.py:2389} INFO - Sync 1 DAGs
[2023-04-05 11:18:53,874] {logging_mixin.py:109} INFO - [2023-04-05 11:18:53,873] {dag.py:2921} INFO - Setting next_dagrun for tutorial_etl_dag to None
[2023-04-05 11:18:53,884] {processor.py:171} INFO - Processing /home/airflow/.local/lib/python3.7/site-packages/airflow/example_dags/tutorial_etl_dag.py took 0.066 seconds
[2023-04-05 11:19:24,820] {processor.py:163} INFO - Started process (PID=577) to work on /home/airflow/.local/lib/python3.7/site-packages/airflow/example_dags/tutorial_etl_dag.py
[2023-04-05 11:19:24,821] {processor.py:620} INFO - Processing file /home/airflow/.local/lib/python3.7/site-packages/airflow/example_dags/tutorial_etl_dag.py for tasks to queue
[2023-04-05 11:19:24,822] {logging_mixin.py:109} INFO - [2023-04-05 11:19:24,821] {dagbag.py:500} INFO - Filling up the DagBag from /home/airflow/.local/lib/python3.7/site-packages/airflow/example_dags/tutorial_etl_dag.py
[2023-04-05 11:19:24,844] {processor.py:632} INFO - DAG(s) dict_keys(['tutorial_etl_dag']) retrieved from /home/airflow/.local/lib/python3.7/site-packages/airflow/example_dags/tutorial_etl_dag.py
[2023-04-05 11:19:24,852] {logging_mixin.py:109} INFO - [2023-04-05 11:19:24,852] {dag.py:2389} INFO - Sync 1 DAGs
[2023-04-05 11:19:24,866] {logging_mixin.py:109} INFO - [2023-04-05 11:19:24,866] {dag.py:2921} INFO - Setting next_dagrun for tutorial_etl_dag to None
[2023-04-05 11:19:24,875] {processor.py:171} INFO - Processing /home/airflow/.local/lib/python3.7/site-packages/airflow/example_dags/tutorial_etl_dag.py took 0.059 seconds
[2023-04-05 11:19:54,967] {processor.py:163} INFO - Started process (PID=627) to work on /home/airflow/.local/lib/python3.7/site-packages/airflow/example_dags/tutorial_etl_dag.py
[2023-04-05 11:19:54,968] {processor.py:620} INFO - Processing file /home/airflow/.local/lib/python3.7/site-packages/airflow/example_dags/tutorial_etl_dag.py for tasks to queue
[2023-04-05 11:19:54,968] {logging_mixin.py:109} INFO - [2023-04-05 11:19:54,968] {dagbag.py:500} INFO - Filling up the DagBag from /home/airflow/.local/lib/python3.7/site-packages/airflow/example_dags/tutorial_etl_dag.py
[2023-04-05 11:19:54,993] {processor.py:632} INFO - DAG(s) dict_keys(['tutorial_etl_dag']) retrieved from /home/airflow/.local/lib/python3.7/site-packages/airflow/example_dags/tutorial_etl_dag.py
[2023-04-05 11:19:55,003] {logging_mixin.py:109} INFO - [2023-04-05 11:19:55,003] {dag.py:2389} INFO - Sync 1 DAGs
[2023-04-05 11:19:55,018] {logging_mixin.py:109} INFO - [2023-04-05 11:19:55,018] {dag.py:2921} INFO - Setting next_dagrun for tutorial_etl_dag to None
[2023-04-05 11:19:55,027] {processor.py:171} INFO - Processing /home/airflow/.local/lib/python3.7/site-packages/airflow/example_dags/tutorial_etl_dag.py took 0.063 seconds
[2023-04-05 11:20:25,089] {processor.py:163} INFO - Started process (PID=687) to work on /home/airflow/.local/lib/python3.7/site-packages/airflow/example_dags/tutorial_etl_dag.py
[2023-04-05 11:20:25,090] {processor.py:620} INFO - Processing file /home/airflow/.local/lib/python3.7/site-packages/airflow/example_dags/tutorial_etl_dag.py for tasks to queue
[2023-04-05 11:20:25,091] {logging_mixin.py:109} INFO - [2023-04-05 11:20:25,091] {dagbag.py:500} INFO - Filling up the DagBag from /home/airflow/.local/lib/python3.7/site-packages/airflow/example_dags/tutorial_etl_dag.py
[2023-04-05 11:20:25,118] {processor.py:632} INFO - DAG(s) dict_keys(['tutorial_etl_dag']) retrieved from /home/airflow/.local/lib/python3.7/site-packages/airflow/example_dags/tutorial_etl_dag.py
[2023-04-05 11:20:25,127] {logging_mixin.py:109} INFO - [2023-04-05 11:20:25,127] {dag.py:2389} INFO - Sync 1 DAGs
[2023-04-05 11:20:25,141] {logging_mixin.py:109} INFO - [2023-04-05 11:20:25,141] {dag.py:2921} INFO - Setting next_dagrun for tutorial_etl_dag to None
[2023-04-05 11:20:25,150] {processor.py:171} INFO - Processing /home/airflow/.local/lib/python3.7/site-packages/airflow/example_dags/tutorial_etl_dag.py took 0.065 seconds
[2023-04-05 11:24:04,865] {processor.py:163} INFO - Started process (PID=129) to work on /home/airflow/.local/lib/python3.7/site-packages/airflow/example_dags/tutorial_etl_dag.py
[2023-04-05 11:24:04,867] {processor.py:620} INFO - Processing file /home/airflow/.local/lib/python3.7/site-packages/airflow/example_dags/tutorial_etl_dag.py for tasks to queue
[2023-04-05 11:24:04,868] {logging_mixin.py:109} INFO - [2023-04-05 11:24:04,868] {dagbag.py:500} INFO - Filling up the DagBag from /home/airflow/.local/lib/python3.7/site-packages/airflow/example_dags/tutorial_etl_dag.py
[2023-04-05 11:24:04,906] {processor.py:632} INFO - DAG(s) dict_keys(['tutorial_etl_dag']) retrieved from /home/airflow/.local/lib/python3.7/site-packages/airflow/example_dags/tutorial_etl_dag.py
[2023-04-05 11:24:07,171] {logging_mixin.py:109} INFO - [2023-04-05 11:24:07,171] {providers_manager.py:156} WARNING - Exception when importing 'airflow.providers.google.leveldb.hooks.leveldb.LevelDBHook' from 'apache-airflow-providers-google' package: No module named 'plyvel'
[2023-04-05 11:24:07,760] {logging_mixin.py:109} INFO - [2023-04-05 11:24:07,760] {providers_manager.py:156} WARNING - Exception when importing 'airflow.providers.google.leveldb.hooks.leveldb.LevelDBHook' from 'apache-airflow-providers-google' package: No module named 'plyvel'
[2023-04-05 11:24:07,788] {logging_mixin.py:109} INFO - [2023-04-05 11:24:07,788] {manager.py:496} INFO - Created Permission View: can edit on DAG:tutorial_etl_dag
[2023-04-05 11:24:07,799] {logging_mixin.py:109} INFO - [2023-04-05 11:24:07,798] {manager.py:496} INFO - Created Permission View: can read on DAG:tutorial_etl_dag
[2023-04-05 11:24:07,799] {logging_mixin.py:109} INFO - [2023-04-05 11:24:07,799] {dag.py:2389} INFO - Sync 1 DAGs
[2023-04-05 11:24:07,806] {logging_mixin.py:109} INFO - [2023-04-05 11:24:07,806] {dag.py:2408} INFO - Creating ORM DAG for tutorial_etl_dag
[2023-04-05 11:24:07,817] {logging_mixin.py:109} INFO - [2023-04-05 11:24:07,817] {dag.py:2921} INFO - Setting next_dagrun for tutorial_etl_dag to None
[2023-04-05 11:24:07,834] {processor.py:171} INFO - Processing /home/airflow/.local/lib/python3.7/site-packages/airflow/example_dags/tutorial_etl_dag.py took 2.972 seconds
[2023-04-05 11:24:41,095] {processor.py:163} INFO - Started process (PID=366) to work on /home/airflow/.local/lib/python3.7/site-packages/airflow/example_dags/tutorial_etl_dag.py
[2023-04-05 11:24:41,097] {processor.py:620} INFO - Processing file /home/airflow/.local/lib/python3.7/site-packages/airflow/example_dags/tutorial_etl_dag.py for tasks to queue
[2023-04-05 11:24:41,098] {logging_mixin.py:109} INFO - [2023-04-05 11:24:41,098] {dagbag.py:500} INFO - Filling up the DagBag from /home/airflow/.local/lib/python3.7/site-packages/airflow/example_dags/tutorial_etl_dag.py
[2023-04-05 11:24:41,126] {processor.py:632} INFO - DAG(s) dict_keys(['tutorial_etl_dag']) retrieved from /home/airflow/.local/lib/python3.7/site-packages/airflow/example_dags/tutorial_etl_dag.py
[2023-04-05 11:24:41,136] {logging_mixin.py:109} INFO - [2023-04-05 11:24:41,136] {dag.py:2389} INFO - Sync 1 DAGs
[2023-04-05 11:24:41,158] {logging_mixin.py:109} INFO - [2023-04-05 11:24:41,158] {dag.py:2921} INFO - Setting next_dagrun for tutorial_etl_dag to None
[2023-04-05 11:24:41,169] {processor.py:171} INFO - Processing /home/airflow/.local/lib/python3.7/site-packages/airflow/example_dags/tutorial_etl_dag.py took 0.078 seconds
[2023-04-05 11:25:11,347] {processor.py:163} INFO - Started process (PID=416) to work on /home/airflow/.local/lib/python3.7/site-packages/airflow/example_dags/tutorial_etl_dag.py
[2023-04-05 11:25:11,347] {processor.py:620} INFO - Processing file /home/airflow/.local/lib/python3.7/site-packages/airflow/example_dags/tutorial_etl_dag.py for tasks to queue
[2023-04-05 11:25:11,348] {logging_mixin.py:109} INFO - [2023-04-05 11:25:11,348] {dagbag.py:500} INFO - Filling up the DagBag from /home/airflow/.local/lib/python3.7/site-packages/airflow/example_dags/tutorial_etl_dag.py
[2023-04-05 11:25:11,370] {processor.py:632} INFO - DAG(s) dict_keys(['tutorial_etl_dag']) retrieved from /home/airflow/.local/lib/python3.7/site-packages/airflow/example_dags/tutorial_etl_dag.py
[2023-04-05 11:25:11,378] {logging_mixin.py:109} INFO - [2023-04-05 11:25:11,378] {dag.py:2389} INFO - Sync 1 DAGs
[2023-04-05 11:25:11,391] {logging_mixin.py:109} INFO - [2023-04-05 11:25:11,391] {dag.py:2921} INFO - Setting next_dagrun for tutorial_etl_dag to None
[2023-04-05 11:25:11,400] {processor.py:171} INFO - Processing /home/airflow/.local/lib/python3.7/site-packages/airflow/example_dags/tutorial_etl_dag.py took 0.056 seconds
[2023-04-05 11:25:41,958] {processor.py:163} INFO - Started process (PID=467) to work on /home/airflow/.local/lib/python3.7/site-packages/airflow/example_dags/tutorial_etl_dag.py
[2023-04-05 11:25:41,960] {processor.py:620} INFO - Processing file /home/airflow/.local/lib/python3.7/site-packages/airflow/example_dags/tutorial_etl_dag.py for tasks to queue
[2023-04-05 11:25:41,961] {logging_mixin.py:109} INFO - [2023-04-05 11:25:41,960] {dagbag.py:500} INFO - Filling up the DagBag from /home/airflow/.local/lib/python3.7/site-packages/airflow/example_dags/tutorial_etl_dag.py
[2023-04-05 11:25:41,998] {processor.py:632} INFO - DAG(s) dict_keys(['tutorial_etl_dag']) retrieved from /home/airflow/.local/lib/python3.7/site-packages/airflow/example_dags/tutorial_etl_dag.py
[2023-04-05 11:25:42,009] {logging_mixin.py:109} INFO - [2023-04-05 11:25:42,009] {dag.py:2389} INFO - Sync 1 DAGs
[2023-04-05 11:25:42,028] {logging_mixin.py:109} INFO - [2023-04-05 11:25:42,028] {dag.py:2921} INFO - Setting next_dagrun for tutorial_etl_dag to None
[2023-04-05 11:25:42,040] {processor.py:171} INFO - Processing /home/airflow/.local/lib/python3.7/site-packages/airflow/example_dags/tutorial_etl_dag.py took 0.085 seconds
[2023-04-05 11:26:12,523] {processor.py:163} INFO - Started process (PID=527) to work on /home/airflow/.local/lib/python3.7/site-packages/airflow/example_dags/tutorial_etl_dag.py
[2023-04-05 11:26:12,523] {processor.py:620} INFO - Processing file /home/airflow/.local/lib/python3.7/site-packages/airflow/example_dags/tutorial_etl_dag.py for tasks to queue
[2023-04-05 11:26:12,524] {logging_mixin.py:109} INFO - [2023-04-05 11:26:12,524] {dagbag.py:500} INFO - Filling up the DagBag from /home/airflow/.local/lib/python3.7/site-packages/airflow/example_dags/tutorial_etl_dag.py
[2023-04-05 11:26:12,547] {processor.py:632} INFO - DAG(s) dict_keys(['tutorial_etl_dag']) retrieved from /home/airflow/.local/lib/python3.7/site-packages/airflow/example_dags/tutorial_etl_dag.py
[2023-04-05 11:26:12,556] {logging_mixin.py:109} INFO - [2023-04-05 11:26:12,555] {dag.py:2389} INFO - Sync 1 DAGs
[2023-04-05 11:26:12,568] {logging_mixin.py:109} INFO - [2023-04-05 11:26:12,568] {dag.py:2921} INFO - Setting next_dagrun for tutorial_etl_dag to None
[2023-04-05 11:26:12,578] {processor.py:171} INFO - Processing /home/airflow/.local/lib/python3.7/site-packages/airflow/example_dags/tutorial_etl_dag.py took 0.058 seconds
[2023-04-05 11:26:42,909] {processor.py:163} INFO - Started process (PID=578) to work on /home/airflow/.local/lib/python3.7/site-packages/airflow/example_dags/tutorial_etl_dag.py
[2023-04-05 11:26:42,910] {processor.py:620} INFO - Processing file /home/airflow/.local/lib/python3.7/site-packages/airflow/example_dags/tutorial_etl_dag.py for tasks to queue
[2023-04-05 11:26:42,910] {logging_mixin.py:109} INFO - [2023-04-05 11:26:42,910] {dagbag.py:500} INFO - Filling up the DagBag from /home/airflow/.local/lib/python3.7/site-packages/airflow/example_dags/tutorial_etl_dag.py
[2023-04-05 11:26:42,935] {processor.py:632} INFO - DAG(s) dict_keys(['tutorial_etl_dag']) retrieved from /home/airflow/.local/lib/python3.7/site-packages/airflow/example_dags/tutorial_etl_dag.py
[2023-04-05 11:26:42,943] {logging_mixin.py:109} INFO - [2023-04-05 11:26:42,943] {dag.py:2389} INFO - Sync 1 DAGs
[2023-04-05 11:26:42,956] {logging_mixin.py:109} INFO - [2023-04-05 11:26:42,956] {dag.py:2921} INFO - Setting next_dagrun for tutorial_etl_dag to None
[2023-04-05 11:26:42,965] {processor.py:171} INFO - Processing /home/airflow/.local/lib/python3.7/site-packages/airflow/example_dags/tutorial_etl_dag.py took 0.059 seconds
[2023-04-05 11:27:13,297] {processor.py:163} INFO - Started process (PID=638) to work on /home/airflow/.local/lib/python3.7/site-packages/airflow/example_dags/tutorial_etl_dag.py
[2023-04-05 11:27:13,298] {processor.py:620} INFO - Processing file /home/airflow/.local/lib/python3.7/site-packages/airflow/example_dags/tutorial_etl_dag.py for tasks to queue
[2023-04-05 11:27:13,298] {logging_mixin.py:109} INFO - [2023-04-05 11:27:13,298] {dagbag.py:500} INFO - Filling up the DagBag from /home/airflow/.local/lib/python3.7/site-packages/airflow/example_dags/tutorial_etl_dag.py
[2023-04-05 11:27:13,327] {processor.py:632} INFO - DAG(s) dict_keys(['tutorial_etl_dag']) retrieved from /home/airflow/.local/lib/python3.7/site-packages/airflow/example_dags/tutorial_etl_dag.py
[2023-04-05 11:27:13,336] {logging_mixin.py:109} INFO - [2023-04-05 11:27:13,335] {dag.py:2389} INFO - Sync 1 DAGs
[2023-04-05 11:27:13,353] {logging_mixin.py:109} INFO - [2023-04-05 11:27:13,353] {dag.py:2921} INFO - Setting next_dagrun for tutorial_etl_dag to None
[2023-04-05 11:27:13,363] {processor.py:171} INFO - Processing /home/airflow/.local/lib/python3.7/site-packages/airflow/example_dags/tutorial_etl_dag.py took 0.070 seconds
[2023-04-05 11:27:43,804] {processor.py:163} INFO - Started process (PID=689) to work on /home/airflow/.local/lib/python3.7/site-packages/airflow/example_dags/tutorial_etl_dag.py
[2023-04-05 11:27:43,805] {processor.py:620} INFO - Processing file /home/airflow/.local/lib/python3.7/site-packages/airflow/example_dags/tutorial_etl_dag.py for tasks to queue
[2023-04-05 11:27:43,806] {logging_mixin.py:109} INFO - [2023-04-05 11:27:43,806] {dagbag.py:500} INFO - Filling up the DagBag from /home/airflow/.local/lib/python3.7/site-packages/airflow/example_dags/tutorial_etl_dag.py
[2023-04-05 11:27:43,827] {processor.py:632} INFO - DAG(s) dict_keys(['tutorial_etl_dag']) retrieved from /home/airflow/.local/lib/python3.7/site-packages/airflow/example_dags/tutorial_etl_dag.py
[2023-04-05 11:27:43,835] {logging_mixin.py:109} INFO - [2023-04-05 11:27:43,835] {dag.py:2389} INFO - Sync 1 DAGs
[2023-04-05 11:27:43,846] {logging_mixin.py:109} INFO - [2023-04-05 11:27:43,846] {dag.py:2921} INFO - Setting next_dagrun for tutorial_etl_dag to None
[2023-04-05 11:27:43,855] {processor.py:171} INFO - Processing /home/airflow/.local/lib/python3.7/site-packages/airflow/example_dags/tutorial_etl_dag.py took 0.053 seconds
