[2023-04-05 11:17:00,639] {processor.py:163} INFO - Started process (PID=203) to work on /home/airflow/.local/lib/python3.7/site-packages/airflow/example_dags/tutorial_taskflow_api_etl_virtualenv.py
[2023-04-05 11:17:00,640] {processor.py:620} INFO - Processing file /home/airflow/.local/lib/python3.7/site-packages/airflow/example_dags/tutorial_taskflow_api_etl_virtualenv.py for tasks to queue
[2023-04-05 11:17:00,641] {logging_mixin.py:109} INFO - [2023-04-05 11:17:00,641] {dagbag.py:500} INFO - Filling up the DagBag from /home/airflow/.local/lib/python3.7/site-packages/airflow/example_dags/tutorial_taskflow_api_etl_virtualenv.py
[2023-04-05 11:17:00,675] {processor.py:632} INFO - DAG(s) dict_keys(['tutorial_taskflow_api_etl_virtualenv']) retrieved from /home/airflow/.local/lib/python3.7/site-packages/airflow/example_dags/tutorial_taskflow_api_etl_virtualenv.py
[2023-04-05 11:17:02,474] {logging_mixin.py:109} INFO - [2023-04-05 11:17:02,474] {providers_manager.py:156} WARNING - Exception when importing 'airflow.providers.google.leveldb.hooks.leveldb.LevelDBHook' from 'apache-airflow-providers-google' package: No module named 'plyvel'
[2023-04-05 11:17:02,846] {logging_mixin.py:109} INFO - [2023-04-05 11:17:02,846] {providers_manager.py:156} WARNING - Exception when importing 'airflow.providers.google.leveldb.hooks.leveldb.LevelDBHook' from 'apache-airflow-providers-google' package: No module named 'plyvel'
[2023-04-05 11:17:02,866] {logging_mixin.py:109} INFO - [2023-04-05 11:17:02,866] {manager.py:496} INFO - Created Permission View: can read on DAG:tutorial_taskflow_api_etl_virtualenv
[2023-04-05 11:17:02,873] {logging_mixin.py:109} INFO - [2023-04-05 11:17:02,873] {manager.py:496} INFO - Created Permission View: can edit on DAG:tutorial_taskflow_api_etl_virtualenv
[2023-04-05 11:17:02,873] {logging_mixin.py:109} INFO - [2023-04-05 11:17:02,873] {dag.py:2389} INFO - Sync 1 DAGs
[2023-04-05 11:17:02,880] {logging_mixin.py:109} INFO - [2023-04-05 11:17:02,879] {dag.py:2408} INFO - Creating ORM DAG for tutorial_taskflow_api_etl_virtualenv
[2023-04-05 11:17:02,886] {logging_mixin.py:109} INFO - [2023-04-05 11:17:02,886] {dag.py:2921} INFO - Setting next_dagrun for tutorial_taskflow_api_etl_virtualenv to None
[2023-04-05 11:17:02,897] {processor.py:171} INFO - Processing /home/airflow/.local/lib/python3.7/site-packages/airflow/example_dags/tutorial_taskflow_api_etl_virtualenv.py took 2.262 seconds
[2023-04-05 11:17:33,118] {processor.py:163} INFO - Started process (PID=373) to work on /home/airflow/.local/lib/python3.7/site-packages/airflow/example_dags/tutorial_taskflow_api_etl_virtualenv.py
[2023-04-05 11:17:33,119] {processor.py:620} INFO - Processing file /home/airflow/.local/lib/python3.7/site-packages/airflow/example_dags/tutorial_taskflow_api_etl_virtualenv.py for tasks to queue
[2023-04-05 11:17:33,119] {logging_mixin.py:109} INFO - [2023-04-05 11:17:33,119] {dagbag.py:500} INFO - Filling up the DagBag from /home/airflow/.local/lib/python3.7/site-packages/airflow/example_dags/tutorial_taskflow_api_etl_virtualenv.py
[2023-04-05 11:17:33,151] {processor.py:632} INFO - DAG(s) dict_keys(['tutorial_taskflow_api_etl_virtualenv']) retrieved from /home/airflow/.local/lib/python3.7/site-packages/airflow/example_dags/tutorial_taskflow_api_etl_virtualenv.py
[2023-04-05 11:17:33,417] {logging_mixin.py:109} INFO - [2023-04-05 11:17:33,417] {dag.py:2389} INFO - Sync 1 DAGs
[2023-04-05 11:17:33,428] {logging_mixin.py:109} INFO - [2023-04-05 11:17:33,428] {dag.py:2921} INFO - Setting next_dagrun for tutorial_taskflow_api_etl_virtualenv to None
[2023-04-05 11:17:33,438] {processor.py:171} INFO - Processing /home/airflow/.local/lib/python3.7/site-packages/airflow/example_dags/tutorial_taskflow_api_etl_virtualenv.py took 0.322 seconds
[2023-04-05 11:18:04,242] {processor.py:163} INFO - Started process (PID=434) to work on /home/airflow/.local/lib/python3.7/site-packages/airflow/example_dags/tutorial_taskflow_api_etl_virtualenv.py
[2023-04-05 11:18:04,244] {processor.py:620} INFO - Processing file /home/airflow/.local/lib/python3.7/site-packages/airflow/example_dags/tutorial_taskflow_api_etl_virtualenv.py for tasks to queue
[2023-04-05 11:18:04,244] {logging_mixin.py:109} INFO - [2023-04-05 11:18:04,244] {dagbag.py:500} INFO - Filling up the DagBag from /home/airflow/.local/lib/python3.7/site-packages/airflow/example_dags/tutorial_taskflow_api_etl_virtualenv.py
[2023-04-05 11:18:04,299] {processor.py:632} INFO - DAG(s) dict_keys(['tutorial_taskflow_api_etl_virtualenv']) retrieved from /home/airflow/.local/lib/python3.7/site-packages/airflow/example_dags/tutorial_taskflow_api_etl_virtualenv.py
[2023-04-05 11:18:04,531] {logging_mixin.py:109} INFO - [2023-04-05 11:18:04,531] {dag.py:2389} INFO - Sync 1 DAGs
[2023-04-05 11:18:04,544] {logging_mixin.py:109} INFO - [2023-04-05 11:18:04,544] {dag.py:2921} INFO - Setting next_dagrun for tutorial_taskflow_api_etl_virtualenv to None
[2023-04-05 11:18:04,555] {processor.py:171} INFO - Processing /home/airflow/.local/lib/python3.7/site-packages/airflow/example_dags/tutorial_taskflow_api_etl_virtualenv.py took 0.316 seconds
[2023-04-05 11:18:35,435] {processor.py:163} INFO - Started process (PID=485) to work on /home/airflow/.local/lib/python3.7/site-packages/airflow/example_dags/tutorial_taskflow_api_etl_virtualenv.py
[2023-04-05 11:18:35,442] {processor.py:620} INFO - Processing file /home/airflow/.local/lib/python3.7/site-packages/airflow/example_dags/tutorial_taskflow_api_etl_virtualenv.py for tasks to queue
[2023-04-05 11:18:35,443] {logging_mixin.py:109} INFO - [2023-04-05 11:18:35,443] {dagbag.py:500} INFO - Filling up the DagBag from /home/airflow/.local/lib/python3.7/site-packages/airflow/example_dags/tutorial_taskflow_api_etl_virtualenv.py
[2023-04-05 11:18:35,480] {processor.py:632} INFO - DAG(s) dict_keys(['tutorial_taskflow_api_etl_virtualenv']) retrieved from /home/airflow/.local/lib/python3.7/site-packages/airflow/example_dags/tutorial_taskflow_api_etl_virtualenv.py
[2023-04-05 11:18:35,692] {logging_mixin.py:109} INFO - [2023-04-05 11:18:35,692] {dag.py:2389} INFO - Sync 1 DAGs
[2023-04-05 11:18:35,705] {logging_mixin.py:109} INFO - [2023-04-05 11:18:35,705] {dag.py:2921} INFO - Setting next_dagrun for tutorial_taskflow_api_etl_virtualenv to None
[2023-04-05 11:18:35,714] {processor.py:171} INFO - Processing /home/airflow/.local/lib/python3.7/site-packages/airflow/example_dags/tutorial_taskflow_api_etl_virtualenv.py took 0.282 seconds
[2023-04-05 11:19:06,731] {processor.py:163} INFO - Started process (PID=545) to work on /home/airflow/.local/lib/python3.7/site-packages/airflow/example_dags/tutorial_taskflow_api_etl_virtualenv.py
[2023-04-05 11:19:06,732] {processor.py:620} INFO - Processing file /home/airflow/.local/lib/python3.7/site-packages/airflow/example_dags/tutorial_taskflow_api_etl_virtualenv.py for tasks to queue
[2023-04-05 11:19:06,732] {logging_mixin.py:109} INFO - [2023-04-05 11:19:06,732] {dagbag.py:500} INFO - Filling up the DagBag from /home/airflow/.local/lib/python3.7/site-packages/airflow/example_dags/tutorial_taskflow_api_etl_virtualenv.py
[2023-04-05 11:19:06,764] {processor.py:632} INFO - DAG(s) dict_keys(['tutorial_taskflow_api_etl_virtualenv']) retrieved from /home/airflow/.local/lib/python3.7/site-packages/airflow/example_dags/tutorial_taskflow_api_etl_virtualenv.py
[2023-04-05 11:19:07,088] {logging_mixin.py:109} INFO - [2023-04-05 11:19:07,088] {dag.py:2389} INFO - Sync 1 DAGs
[2023-04-05 11:19:07,103] {logging_mixin.py:109} INFO - [2023-04-05 11:19:07,103] {dag.py:2921} INFO - Setting next_dagrun for tutorial_taskflow_api_etl_virtualenv to None
[2023-04-05 11:19:07,115] {processor.py:171} INFO - Processing /home/airflow/.local/lib/python3.7/site-packages/airflow/example_dags/tutorial_taskflow_api_etl_virtualenv.py took 0.389 seconds
[2023-04-05 11:19:37,844] {processor.py:163} INFO - Started process (PID=597) to work on /home/airflow/.local/lib/python3.7/site-packages/airflow/example_dags/tutorial_taskflow_api_etl_virtualenv.py
[2023-04-05 11:19:37,847] {processor.py:620} INFO - Processing file /home/airflow/.local/lib/python3.7/site-packages/airflow/example_dags/tutorial_taskflow_api_etl_virtualenv.py for tasks to queue
[2023-04-05 11:19:37,848] {logging_mixin.py:109} INFO - [2023-04-05 11:19:37,848] {dagbag.py:500} INFO - Filling up the DagBag from /home/airflow/.local/lib/python3.7/site-packages/airflow/example_dags/tutorial_taskflow_api_etl_virtualenv.py
[2023-04-05 11:19:37,871] {processor.py:632} INFO - DAG(s) dict_keys(['tutorial_taskflow_api_etl_virtualenv']) retrieved from /home/airflow/.local/lib/python3.7/site-packages/airflow/example_dags/tutorial_taskflow_api_etl_virtualenv.py
[2023-04-05 11:19:38,089] {logging_mixin.py:109} INFO - [2023-04-05 11:19:38,089] {dag.py:2389} INFO - Sync 1 DAGs
[2023-04-05 11:19:38,098] {logging_mixin.py:109} INFO - [2023-04-05 11:19:38,098] {dag.py:2921} INFO - Setting next_dagrun for tutorial_taskflow_api_etl_virtualenv to None
[2023-04-05 11:19:38,110] {processor.py:171} INFO - Processing /home/airflow/.local/lib/python3.7/site-packages/airflow/example_dags/tutorial_taskflow_api_etl_virtualenv.py took 0.268 seconds
[2023-04-05 11:20:08,940] {processor.py:163} INFO - Started process (PID=658) to work on /home/airflow/.local/lib/python3.7/site-packages/airflow/example_dags/tutorial_taskflow_api_etl_virtualenv.py
[2023-04-05 11:20:08,941] {processor.py:620} INFO - Processing file /home/airflow/.local/lib/python3.7/site-packages/airflow/example_dags/tutorial_taskflow_api_etl_virtualenv.py for tasks to queue
[2023-04-05 11:20:08,942] {logging_mixin.py:109} INFO - [2023-04-05 11:20:08,942] {dagbag.py:500} INFO - Filling up the DagBag from /home/airflow/.local/lib/python3.7/site-packages/airflow/example_dags/tutorial_taskflow_api_etl_virtualenv.py
[2023-04-05 11:20:08,968] {processor.py:632} INFO - DAG(s) dict_keys(['tutorial_taskflow_api_etl_virtualenv']) retrieved from /home/airflow/.local/lib/python3.7/site-packages/airflow/example_dags/tutorial_taskflow_api_etl_virtualenv.py
[2023-04-05 11:20:09,238] {logging_mixin.py:109} INFO - [2023-04-05 11:20:09,238] {dag.py:2389} INFO - Sync 1 DAGs
[2023-04-05 11:20:09,248] {logging_mixin.py:109} INFO - [2023-04-05 11:20:09,248] {dag.py:2921} INFO - Setting next_dagrun for tutorial_taskflow_api_etl_virtualenv to None
[2023-04-05 11:20:09,257] {processor.py:171} INFO - Processing /home/airflow/.local/lib/python3.7/site-packages/airflow/example_dags/tutorial_taskflow_api_etl_virtualenv.py took 0.320 seconds
[2023-04-05 11:20:40,043] {processor.py:163} INFO - Started process (PID=709) to work on /home/airflow/.local/lib/python3.7/site-packages/airflow/example_dags/tutorial_taskflow_api_etl_virtualenv.py
[2023-04-05 11:20:40,044] {processor.py:620} INFO - Processing file /home/airflow/.local/lib/python3.7/site-packages/airflow/example_dags/tutorial_taskflow_api_etl_virtualenv.py for tasks to queue
[2023-04-05 11:20:40,045] {logging_mixin.py:109} INFO - [2023-04-05 11:20:40,044] {dagbag.py:500} INFO - Filling up the DagBag from /home/airflow/.local/lib/python3.7/site-packages/airflow/example_dags/tutorial_taskflow_api_etl_virtualenv.py
[2023-04-05 11:20:40,069] {processor.py:632} INFO - DAG(s) dict_keys(['tutorial_taskflow_api_etl_virtualenv']) retrieved from /home/airflow/.local/lib/python3.7/site-packages/airflow/example_dags/tutorial_taskflow_api_etl_virtualenv.py
[2023-04-05 11:20:40,355] {logging_mixin.py:109} INFO - [2023-04-05 11:20:40,355] {dag.py:2389} INFO - Sync 1 DAGs
[2023-04-05 11:20:40,370] {logging_mixin.py:109} INFO - [2023-04-05 11:20:40,370] {dag.py:2921} INFO - Setting next_dagrun for tutorial_taskflow_api_etl_virtualenv to None
[2023-04-05 11:20:40,386] {processor.py:171} INFO - Processing /home/airflow/.local/lib/python3.7/site-packages/airflow/example_dags/tutorial_taskflow_api_etl_virtualenv.py took 0.346 seconds
[2023-04-05 11:24:15,344] {processor.py:163} INFO - Started process (PID=203) to work on /home/airflow/.local/lib/python3.7/site-packages/airflow/example_dags/tutorial_taskflow_api_etl_virtualenv.py
[2023-04-05 11:24:15,346] {processor.py:620} INFO - Processing file /home/airflow/.local/lib/python3.7/site-packages/airflow/example_dags/tutorial_taskflow_api_etl_virtualenv.py for tasks to queue
[2023-04-05 11:24:15,348] {logging_mixin.py:109} INFO - [2023-04-05 11:24:15,348] {dagbag.py:500} INFO - Filling up the DagBag from /home/airflow/.local/lib/python3.7/site-packages/airflow/example_dags/tutorial_taskflow_api_etl_virtualenv.py
[2023-04-05 11:24:15,400] {processor.py:632} INFO - DAG(s) dict_keys(['tutorial_taskflow_api_etl_virtualenv']) retrieved from /home/airflow/.local/lib/python3.7/site-packages/airflow/example_dags/tutorial_taskflow_api_etl_virtualenv.py
[2023-04-05 11:24:17,614] {logging_mixin.py:109} INFO - [2023-04-05 11:24:17,614] {providers_manager.py:156} WARNING - Exception when importing 'airflow.providers.google.leveldb.hooks.leveldb.LevelDBHook' from 'apache-airflow-providers-google' package: No module named 'plyvel'
[2023-04-05 11:24:18,139] {logging_mixin.py:109} INFO - [2023-04-05 11:24:18,139] {providers_manager.py:156} WARNING - Exception when importing 'airflow.providers.google.leveldb.hooks.leveldb.LevelDBHook' from 'apache-airflow-providers-google' package: No module named 'plyvel'
[2023-04-05 11:24:18,167] {logging_mixin.py:109} INFO - [2023-04-05 11:24:18,167] {manager.py:496} INFO - Created Permission View: can edit on DAG:tutorial_taskflow_api_etl_virtualenv
[2023-04-05 11:24:18,177] {logging_mixin.py:109} INFO - [2023-04-05 11:24:18,177] {manager.py:496} INFO - Created Permission View: can read on DAG:tutorial_taskflow_api_etl_virtualenv
[2023-04-05 11:24:18,177] {logging_mixin.py:109} INFO - [2023-04-05 11:24:18,177] {dag.py:2389} INFO - Sync 1 DAGs
[2023-04-05 11:24:18,186] {logging_mixin.py:109} INFO - [2023-04-05 11:24:18,185] {dag.py:2408} INFO - Creating ORM DAG for tutorial_taskflow_api_etl_virtualenv
[2023-04-05 11:24:18,195] {logging_mixin.py:109} INFO - [2023-04-05 11:24:18,195] {dag.py:2921} INFO - Setting next_dagrun for tutorial_taskflow_api_etl_virtualenv to None
[2023-04-05 11:24:18,209] {processor.py:171} INFO - Processing /home/airflow/.local/lib/python3.7/site-packages/airflow/example_dags/tutorial_taskflow_api_etl_virtualenv.py took 2.872 seconds
[2023-04-05 11:24:48,943] {processor.py:163} INFO - Started process (PID=374) to work on /home/airflow/.local/lib/python3.7/site-packages/airflow/example_dags/tutorial_taskflow_api_etl_virtualenv.py
[2023-04-05 11:24:48,946] {processor.py:620} INFO - Processing file /home/airflow/.local/lib/python3.7/site-packages/airflow/example_dags/tutorial_taskflow_api_etl_virtualenv.py for tasks to queue
[2023-04-05 11:24:48,947] {logging_mixin.py:109} INFO - [2023-04-05 11:24:48,947] {dagbag.py:500} INFO - Filling up the DagBag from /home/airflow/.local/lib/python3.7/site-packages/airflow/example_dags/tutorial_taskflow_api_etl_virtualenv.py
[2023-04-05 11:24:49,008] {processor.py:632} INFO - DAG(s) dict_keys(['tutorial_taskflow_api_etl_virtualenv']) retrieved from /home/airflow/.local/lib/python3.7/site-packages/airflow/example_dags/tutorial_taskflow_api_etl_virtualenv.py
[2023-04-05 11:24:49,592] {logging_mixin.py:109} INFO - [2023-04-05 11:24:49,592] {dag.py:2389} INFO - Sync 1 DAGs
[2023-04-05 11:24:49,626] {logging_mixin.py:109} INFO - [2023-04-05 11:24:49,626] {dag.py:2921} INFO - Setting next_dagrun for tutorial_taskflow_api_etl_virtualenv to None
[2023-04-05 11:24:49,649] {processor.py:171} INFO - Processing /home/airflow/.local/lib/python3.7/site-packages/airflow/example_dags/tutorial_taskflow_api_etl_virtualenv.py took 0.711 seconds
[2023-04-05 11:25:20,655] {processor.py:163} INFO - Started process (PID=434) to work on /home/airflow/.local/lib/python3.7/site-packages/airflow/example_dags/tutorial_taskflow_api_etl_virtualenv.py
[2023-04-05 11:25:20,656] {processor.py:620} INFO - Processing file /home/airflow/.local/lib/python3.7/site-packages/airflow/example_dags/tutorial_taskflow_api_etl_virtualenv.py for tasks to queue
[2023-04-05 11:25:20,657] {logging_mixin.py:109} INFO - [2023-04-05 11:25:20,657] {dagbag.py:500} INFO - Filling up the DagBag from /home/airflow/.local/lib/python3.7/site-packages/airflow/example_dags/tutorial_taskflow_api_etl_virtualenv.py
[2023-04-05 11:25:20,687] {processor.py:632} INFO - DAG(s) dict_keys(['tutorial_taskflow_api_etl_virtualenv']) retrieved from /home/airflow/.local/lib/python3.7/site-packages/airflow/example_dags/tutorial_taskflow_api_etl_virtualenv.py
[2023-04-05 11:25:20,989] {logging_mixin.py:109} INFO - [2023-04-05 11:25:20,989] {dag.py:2389} INFO - Sync 1 DAGs
[2023-04-05 11:25:21,002] {logging_mixin.py:109} INFO - [2023-04-05 11:25:21,002] {dag.py:2921} INFO - Setting next_dagrun for tutorial_taskflow_api_etl_virtualenv to None
[2023-04-05 11:25:21,012] {processor.py:171} INFO - Processing /home/airflow/.local/lib/python3.7/site-packages/airflow/example_dags/tutorial_taskflow_api_etl_virtualenv.py took 0.360 seconds
[2023-04-05 11:25:51,351] {processor.py:163} INFO - Started process (PID=485) to work on /home/airflow/.local/lib/python3.7/site-packages/airflow/example_dags/tutorial_taskflow_api_etl_virtualenv.py
[2023-04-05 11:25:51,353] {processor.py:620} INFO - Processing file /home/airflow/.local/lib/python3.7/site-packages/airflow/example_dags/tutorial_taskflow_api_etl_virtualenv.py for tasks to queue
[2023-04-05 11:25:51,353] {logging_mixin.py:109} INFO - [2023-04-05 11:25:51,353] {dagbag.py:500} INFO - Filling up the DagBag from /home/airflow/.local/lib/python3.7/site-packages/airflow/example_dags/tutorial_taskflow_api_etl_virtualenv.py
[2023-04-05 11:25:51,381] {processor.py:632} INFO - DAG(s) dict_keys(['tutorial_taskflow_api_etl_virtualenv']) retrieved from /home/airflow/.local/lib/python3.7/site-packages/airflow/example_dags/tutorial_taskflow_api_etl_virtualenv.py
[2023-04-05 11:25:51,623] {logging_mixin.py:109} INFO - [2023-04-05 11:25:51,623] {dag.py:2389} INFO - Sync 1 DAGs
[2023-04-05 11:25:51,634] {logging_mixin.py:109} INFO - [2023-04-05 11:25:51,634] {dag.py:2921} INFO - Setting next_dagrun for tutorial_taskflow_api_etl_virtualenv to None
[2023-04-05 11:25:51,649] {processor.py:171} INFO - Processing /home/airflow/.local/lib/python3.7/site-packages/airflow/example_dags/tutorial_taskflow_api_etl_virtualenv.py took 0.300 seconds
[2023-04-05 11:26:21,817] {processor.py:163} INFO - Started process (PID=543) to work on /home/airflow/.local/lib/python3.7/site-packages/airflow/example_dags/tutorial_taskflow_api_etl_virtualenv.py
[2023-04-05 11:26:21,818] {processor.py:620} INFO - Processing file /home/airflow/.local/lib/python3.7/site-packages/airflow/example_dags/tutorial_taskflow_api_etl_virtualenv.py for tasks to queue
[2023-04-05 11:26:21,818] {logging_mixin.py:109} INFO - [2023-04-05 11:26:21,818] {dagbag.py:500} INFO - Filling up the DagBag from /home/airflow/.local/lib/python3.7/site-packages/airflow/example_dags/tutorial_taskflow_api_etl_virtualenv.py
[2023-04-05 11:26:21,847] {processor.py:632} INFO - DAG(s) dict_keys(['tutorial_taskflow_api_etl_virtualenv']) retrieved from /home/airflow/.local/lib/python3.7/site-packages/airflow/example_dags/tutorial_taskflow_api_etl_virtualenv.py
[2023-04-05 11:26:22,160] {logging_mixin.py:109} INFO - [2023-04-05 11:26:22,159] {dag.py:2389} INFO - Sync 1 DAGs
[2023-04-05 11:26:22,177] {logging_mixin.py:109} INFO - [2023-04-05 11:26:22,177] {dag.py:2921} INFO - Setting next_dagrun for tutorial_taskflow_api_etl_virtualenv to None
[2023-04-05 11:26:22,189] {processor.py:171} INFO - Processing /home/airflow/.local/lib/python3.7/site-packages/airflow/example_dags/tutorial_taskflow_api_etl_virtualenv.py took 0.375 seconds
[2023-04-05 11:26:52,251] {processor.py:163} INFO - Started process (PID=596) to work on /home/airflow/.local/lib/python3.7/site-packages/airflow/example_dags/tutorial_taskflow_api_etl_virtualenv.py
[2023-04-05 11:26:52,252] {processor.py:620} INFO - Processing file /home/airflow/.local/lib/python3.7/site-packages/airflow/example_dags/tutorial_taskflow_api_etl_virtualenv.py for tasks to queue
[2023-04-05 11:26:52,253] {logging_mixin.py:109} INFO - [2023-04-05 11:26:52,253] {dagbag.py:500} INFO - Filling up the DagBag from /home/airflow/.local/lib/python3.7/site-packages/airflow/example_dags/tutorial_taskflow_api_etl_virtualenv.py
[2023-04-05 11:26:52,274] {processor.py:632} INFO - DAG(s) dict_keys(['tutorial_taskflow_api_etl_virtualenv']) retrieved from /home/airflow/.local/lib/python3.7/site-packages/airflow/example_dags/tutorial_taskflow_api_etl_virtualenv.py
[2023-04-05 11:26:52,492] {logging_mixin.py:109} INFO - [2023-04-05 11:26:52,492] {dag.py:2389} INFO - Sync 1 DAGs
[2023-04-05 11:26:52,502] {logging_mixin.py:109} INFO - [2023-04-05 11:26:52,502] {dag.py:2921} INFO - Setting next_dagrun for tutorial_taskflow_api_etl_virtualenv to None
[2023-04-05 11:26:52,513] {processor.py:171} INFO - Processing /home/airflow/.local/lib/python3.7/site-packages/airflow/example_dags/tutorial_taskflow_api_etl_virtualenv.py took 0.265 seconds
[2023-04-05 11:27:22,664] {processor.py:163} INFO - Started process (PID=647) to work on /home/airflow/.local/lib/python3.7/site-packages/airflow/example_dags/tutorial_taskflow_api_etl_virtualenv.py
[2023-04-05 11:27:22,665] {processor.py:620} INFO - Processing file /home/airflow/.local/lib/python3.7/site-packages/airflow/example_dags/tutorial_taskflow_api_etl_virtualenv.py for tasks to queue
[2023-04-05 11:27:22,666] {logging_mixin.py:109} INFO - [2023-04-05 11:27:22,666] {dagbag.py:500} INFO - Filling up the DagBag from /home/airflow/.local/lib/python3.7/site-packages/airflow/example_dags/tutorial_taskflow_api_etl_virtualenv.py
[2023-04-05 11:27:22,690] {processor.py:632} INFO - DAG(s) dict_keys(['tutorial_taskflow_api_etl_virtualenv']) retrieved from /home/airflow/.local/lib/python3.7/site-packages/airflow/example_dags/tutorial_taskflow_api_etl_virtualenv.py
[2023-04-05 11:27:22,933] {logging_mixin.py:109} INFO - [2023-04-05 11:27:22,933] {dag.py:2389} INFO - Sync 1 DAGs
[2023-04-05 11:27:22,945] {logging_mixin.py:109} INFO - [2023-04-05 11:27:22,945] {dag.py:2921} INFO - Setting next_dagrun for tutorial_taskflow_api_etl_virtualenv to None
[2023-04-05 11:27:22,956] {processor.py:171} INFO - Processing /home/airflow/.local/lib/python3.7/site-packages/airflow/example_dags/tutorial_taskflow_api_etl_virtualenv.py took 0.294 seconds
[2023-04-05 11:27:53,125] {processor.py:163} INFO - Started process (PID=707) to work on /home/airflow/.local/lib/python3.7/site-packages/airflow/example_dags/tutorial_taskflow_api_etl_virtualenv.py
[2023-04-05 11:27:53,132] {processor.py:620} INFO - Processing file /home/airflow/.local/lib/python3.7/site-packages/airflow/example_dags/tutorial_taskflow_api_etl_virtualenv.py for tasks to queue
[2023-04-05 11:27:53,132] {logging_mixin.py:109} INFO - [2023-04-05 11:27:53,132] {dagbag.py:500} INFO - Filling up the DagBag from /home/airflow/.local/lib/python3.7/site-packages/airflow/example_dags/tutorial_taskflow_api_etl_virtualenv.py
[2023-04-05 11:27:53,154] {processor.py:632} INFO - DAG(s) dict_keys(['tutorial_taskflow_api_etl_virtualenv']) retrieved from /home/airflow/.local/lib/python3.7/site-packages/airflow/example_dags/tutorial_taskflow_api_etl_virtualenv.py
[2023-04-05 11:27:53,365] {logging_mixin.py:109} INFO - [2023-04-05 11:27:53,365] {dag.py:2389} INFO - Sync 1 DAGs
[2023-04-05 11:27:53,377] {logging_mixin.py:109} INFO - [2023-04-05 11:27:53,376] {dag.py:2921} INFO - Setting next_dagrun for tutorial_taskflow_api_etl_virtualenv to None
[2023-04-05 11:27:53,387] {processor.py:171} INFO - Processing /home/airflow/.local/lib/python3.7/site-packages/airflow/example_dags/tutorial_taskflow_api_etl_virtualenv.py took 0.265 seconds
