[2023-04-10 11:26:37,000] {processor.py:163} INFO - Started process (PID=84) to work on /home/airflow/.local/lib/python3.7/site-packages/airflow/example_dags/example_branch_labels.py
[2023-04-10 11:26:37,009] {processor.py:620} INFO - Processing file /home/airflow/.local/lib/python3.7/site-packages/airflow/example_dags/example_branch_labels.py for tasks to queue
[2023-04-10 11:26:37,011] {logging_mixin.py:109} INFO - [2023-04-10 11:26:37,010] {dagbag.py:500} INFO - Filling up the DagBag from /home/airflow/.local/lib/python3.7/site-packages/airflow/example_dags/example_branch_labels.py
[2023-04-10 11:26:37,068] {processor.py:632} INFO - DAG(s) dict_keys(['example_branch_labels']) retrieved from /home/airflow/.local/lib/python3.7/site-packages/airflow/example_dags/example_branch_labels.py
[2023-04-10 11:26:39,912] {logging_mixin.py:109} INFO - [2023-04-10 11:26:39,911] {providers_manager.py:156} WARNING - Exception when importing 'airflow.providers.google.leveldb.hooks.leveldb.LevelDBHook' from 'apache-airflow-providers-google' package: No module named 'plyvel'
[2023-04-10 11:26:40,635] {logging_mixin.py:109} INFO - [2023-04-10 11:26:40,635] {providers_manager.py:156} WARNING - Exception when importing 'airflow.providers.google.leveldb.hooks.leveldb.LevelDBHook' from 'apache-airflow-providers-google' package: No module named 'plyvel'
[2023-04-10 11:26:40,668] {logging_mixin.py:109} INFO - [2023-04-10 11:26:40,667] {manager.py:496} INFO - Created Permission View: can read on DAG:example_branch_labels
[2023-04-10 11:26:40,680] {logging_mixin.py:109} INFO - [2023-04-10 11:26:40,679] {manager.py:496} INFO - Created Permission View: can edit on DAG:example_branch_labels
[2023-04-10 11:26:40,680] {logging_mixin.py:109} INFO - [2023-04-10 11:26:40,680] {dag.py:2389} INFO - Sync 1 DAGs
[2023-04-10 11:26:40,691] {logging_mixin.py:109} INFO - [2023-04-10 11:26:40,691] {dag.py:2408} INFO - Creating ORM DAG for example_branch_labels
[2023-04-10 11:26:40,705] {logging_mixin.py:109} INFO - [2023-04-10 11:26:40,705] {dag.py:2921} INFO - Setting next_dagrun for example_branch_labels to 2023-04-09 00:00:00+00:00
[2023-04-10 11:26:40,728] {processor.py:171} INFO - Processing /home/airflow/.local/lib/python3.7/site-packages/airflow/example_dags/example_branch_labels.py took 3.734 seconds
[2023-04-10 11:27:11,199] {processor.py:163} INFO - Started process (PID=351) to work on /home/airflow/.local/lib/python3.7/site-packages/airflow/example_dags/example_branch_labels.py
[2023-04-10 11:27:11,206] {processor.py:620} INFO - Processing file /home/airflow/.local/lib/python3.7/site-packages/airflow/example_dags/example_branch_labels.py for tasks to queue
[2023-04-10 11:27:11,206] {logging_mixin.py:109} INFO - [2023-04-10 11:27:11,206] {dagbag.py:500} INFO - Filling up the DagBag from /home/airflow/.local/lib/python3.7/site-packages/airflow/example_dags/example_branch_labels.py
[2023-04-10 11:27:11,226] {processor.py:632} INFO - DAG(s) dict_keys(['example_branch_labels']) retrieved from /home/airflow/.local/lib/python3.7/site-packages/airflow/example_dags/example_branch_labels.py
[2023-04-10 11:27:11,234] {logging_mixin.py:109} INFO - [2023-04-10 11:27:11,233] {dag.py:2389} INFO - Sync 1 DAGs
[2023-04-10 11:27:11,245] {logging_mixin.py:109} INFO - [2023-04-10 11:27:11,245] {dag.py:2921} INFO - Setting next_dagrun for example_branch_labels to 2023-04-09 00:00:00+00:00
[2023-04-10 11:27:11,252] {processor.py:171} INFO - Processing /home/airflow/.local/lib/python3.7/site-packages/airflow/example_dags/example_branch_labels.py took 0.055 seconds
[2023-04-10 11:27:41,572] {processor.py:163} INFO - Started process (PID=411) to work on /home/airflow/.local/lib/python3.7/site-packages/airflow/example_dags/example_branch_labels.py
[2023-04-10 11:27:41,573] {processor.py:620} INFO - Processing file /home/airflow/.local/lib/python3.7/site-packages/airflow/example_dags/example_branch_labels.py for tasks to queue
[2023-04-10 11:27:41,574] {logging_mixin.py:109} INFO - [2023-04-10 11:27:41,574] {dagbag.py:500} INFO - Filling up the DagBag from /home/airflow/.local/lib/python3.7/site-packages/airflow/example_dags/example_branch_labels.py
[2023-04-10 11:27:41,597] {processor.py:632} INFO - DAG(s) dict_keys(['example_branch_labels']) retrieved from /home/airflow/.local/lib/python3.7/site-packages/airflow/example_dags/example_branch_labels.py
[2023-04-10 11:27:41,606] {logging_mixin.py:109} INFO - [2023-04-10 11:27:41,606] {dag.py:2389} INFO - Sync 1 DAGs
[2023-04-10 11:27:41,620] {logging_mixin.py:109} INFO - [2023-04-10 11:27:41,620] {dag.py:2921} INFO - Setting next_dagrun for example_branch_labels to 2023-04-09 00:00:00+00:00
[2023-04-10 11:27:41,629] {processor.py:171} INFO - Processing /home/airflow/.local/lib/python3.7/site-packages/airflow/example_dags/example_branch_labels.py took 0.059 seconds
[2023-04-10 11:28:11,716] {processor.py:163} INFO - Started process (PID=462) to work on /home/airflow/.local/lib/python3.7/site-packages/airflow/example_dags/example_branch_labels.py
[2023-04-10 11:28:11,717] {processor.py:620} INFO - Processing file /home/airflow/.local/lib/python3.7/site-packages/airflow/example_dags/example_branch_labels.py for tasks to queue
[2023-04-10 11:28:11,718] {logging_mixin.py:109} INFO - [2023-04-10 11:28:11,718] {dagbag.py:500} INFO - Filling up the DagBag from /home/airflow/.local/lib/python3.7/site-packages/airflow/example_dags/example_branch_labels.py
[2023-04-10 11:28:11,739] {processor.py:632} INFO - DAG(s) dict_keys(['example_branch_labels']) retrieved from /home/airflow/.local/lib/python3.7/site-packages/airflow/example_dags/example_branch_labels.py
[2023-04-10 11:28:11,746] {logging_mixin.py:109} INFO - [2023-04-10 11:28:11,746] {dag.py:2389} INFO - Sync 1 DAGs
[2023-04-10 11:28:11,757] {logging_mixin.py:109} INFO - [2023-04-10 11:28:11,757] {dag.py:2921} INFO - Setting next_dagrun for example_branch_labels to 2023-04-09 00:00:00+00:00
[2023-04-10 11:28:11,765] {processor.py:171} INFO - Processing /home/airflow/.local/lib/python3.7/site-packages/airflow/example_dags/example_branch_labels.py took 0.051 seconds
[2023-04-10 11:28:41,960] {processor.py:163} INFO - Started process (PID=512) to work on /home/airflow/.local/lib/python3.7/site-packages/airflow/example_dags/example_branch_labels.py
[2023-04-10 11:28:41,961] {processor.py:620} INFO - Processing file /home/airflow/.local/lib/python3.7/site-packages/airflow/example_dags/example_branch_labels.py for tasks to queue
[2023-04-10 11:28:41,962] {logging_mixin.py:109} INFO - [2023-04-10 11:28:41,962] {dagbag.py:500} INFO - Filling up the DagBag from /home/airflow/.local/lib/python3.7/site-packages/airflow/example_dags/example_branch_labels.py
[2023-04-10 11:28:41,983] {processor.py:632} INFO - DAG(s) dict_keys(['example_branch_labels']) retrieved from /home/airflow/.local/lib/python3.7/site-packages/airflow/example_dags/example_branch_labels.py
[2023-04-10 11:28:41,991] {logging_mixin.py:109} INFO - [2023-04-10 11:28:41,991] {dag.py:2389} INFO - Sync 1 DAGs
[2023-04-10 11:28:42,003] {logging_mixin.py:109} INFO - [2023-04-10 11:28:42,003] {dag.py:2921} INFO - Setting next_dagrun for example_branch_labels to 2023-04-09 00:00:00+00:00
[2023-04-10 11:28:42,011] {processor.py:171} INFO - Processing /home/airflow/.local/lib/python3.7/site-packages/airflow/example_dags/example_branch_labels.py took 0.053 seconds
[2023-04-10 11:29:12,831] {processor.py:163} INFO - Started process (PID=573) to work on /home/airflow/.local/lib/python3.7/site-packages/airflow/example_dags/example_branch_labels.py
[2023-04-10 11:29:12,831] {processor.py:620} INFO - Processing file /home/airflow/.local/lib/python3.7/site-packages/airflow/example_dags/example_branch_labels.py for tasks to queue
[2023-04-10 11:29:12,832] {logging_mixin.py:109} INFO - [2023-04-10 11:29:12,832] {dagbag.py:500} INFO - Filling up the DagBag from /home/airflow/.local/lib/python3.7/site-packages/airflow/example_dags/example_branch_labels.py
[2023-04-10 11:29:12,851] {processor.py:632} INFO - DAG(s) dict_keys(['example_branch_labels']) retrieved from /home/airflow/.local/lib/python3.7/site-packages/airflow/example_dags/example_branch_labels.py
[2023-04-10 11:29:12,864] {logging_mixin.py:109} INFO - [2023-04-10 11:29:12,864] {dag.py:2389} INFO - Sync 1 DAGs
[2023-04-10 11:29:12,877] {logging_mixin.py:109} INFO - [2023-04-10 11:29:12,877] {dag.py:2921} INFO - Setting next_dagrun for example_branch_labels to 2023-04-09 00:00:00+00:00
[2023-04-10 11:29:12,885] {processor.py:171} INFO - Processing /home/airflow/.local/lib/python3.7/site-packages/airflow/example_dags/example_branch_labels.py took 0.057 seconds
[2023-04-10 11:29:43,103] {processor.py:163} INFO - Started process (PID=625) to work on /home/airflow/.local/lib/python3.7/site-packages/airflow/example_dags/example_branch_labels.py
[2023-04-10 11:29:43,105] {processor.py:620} INFO - Processing file /home/airflow/.local/lib/python3.7/site-packages/airflow/example_dags/example_branch_labels.py for tasks to queue
[2023-04-10 11:29:43,105] {logging_mixin.py:109} INFO - [2023-04-10 11:29:43,105] {dagbag.py:500} INFO - Filling up the DagBag from /home/airflow/.local/lib/python3.7/site-packages/airflow/example_dags/example_branch_labels.py
[2023-04-10 11:29:43,126] {processor.py:632} INFO - DAG(s) dict_keys(['example_branch_labels']) retrieved from /home/airflow/.local/lib/python3.7/site-packages/airflow/example_dags/example_branch_labels.py
[2023-04-10 11:29:43,133] {logging_mixin.py:109} INFO - [2023-04-10 11:29:43,133] {dag.py:2389} INFO - Sync 1 DAGs
[2023-04-10 11:29:43,147] {logging_mixin.py:109} INFO - [2023-04-10 11:29:43,147] {dag.py:2921} INFO - Setting next_dagrun for example_branch_labels to 2023-04-09 00:00:00+00:00
[2023-04-10 11:29:43,155] {processor.py:171} INFO - Processing /home/airflow/.local/lib/python3.7/site-packages/airflow/example_dags/example_branch_labels.py took 0.054 seconds
[2023-04-10 11:30:13,632] {processor.py:163} INFO - Started process (PID=685) to work on /home/airflow/.local/lib/python3.7/site-packages/airflow/example_dags/example_branch_labels.py
[2023-04-10 11:30:13,632] {processor.py:620} INFO - Processing file /home/airflow/.local/lib/python3.7/site-packages/airflow/example_dags/example_branch_labels.py for tasks to queue
[2023-04-10 11:30:13,633] {logging_mixin.py:109} INFO - [2023-04-10 11:30:13,633] {dagbag.py:500} INFO - Filling up the DagBag from /home/airflow/.local/lib/python3.7/site-packages/airflow/example_dags/example_branch_labels.py
[2023-04-10 11:30:13,653] {processor.py:632} INFO - DAG(s) dict_keys(['example_branch_labels']) retrieved from /home/airflow/.local/lib/python3.7/site-packages/airflow/example_dags/example_branch_labels.py
[2023-04-10 11:30:13,660] {logging_mixin.py:109} INFO - [2023-04-10 11:30:13,660] {dag.py:2389} INFO - Sync 1 DAGs
[2023-04-10 11:30:13,672] {logging_mixin.py:109} INFO - [2023-04-10 11:30:13,672] {dag.py:2921} INFO - Setting next_dagrun for example_branch_labels to 2023-04-09 00:00:00+00:00
[2023-04-10 11:30:13,679] {processor.py:171} INFO - Processing /home/airflow/.local/lib/python3.7/site-packages/airflow/example_dags/example_branch_labels.py took 0.049 seconds
[2023-04-10 11:30:43,997] {processor.py:163} INFO - Started process (PID=736) to work on /home/airflow/.local/lib/python3.7/site-packages/airflow/example_dags/example_branch_labels.py
[2023-04-10 11:30:43,998] {processor.py:620} INFO - Processing file /home/airflow/.local/lib/python3.7/site-packages/airflow/example_dags/example_branch_labels.py for tasks to queue
[2023-04-10 11:30:43,999] {logging_mixin.py:109} INFO - [2023-04-10 11:30:43,998] {dagbag.py:500} INFO - Filling up the DagBag from /home/airflow/.local/lib/python3.7/site-packages/airflow/example_dags/example_branch_labels.py
[2023-04-10 11:30:44,016] {processor.py:632} INFO - DAG(s) dict_keys(['example_branch_labels']) retrieved from /home/airflow/.local/lib/python3.7/site-packages/airflow/example_dags/example_branch_labels.py
[2023-04-10 11:30:44,023] {logging_mixin.py:109} INFO - [2023-04-10 11:30:44,023] {dag.py:2389} INFO - Sync 1 DAGs
[2023-04-10 11:30:44,036] {logging_mixin.py:109} INFO - [2023-04-10 11:30:44,036] {dag.py:2921} INFO - Setting next_dagrun for example_branch_labels to 2023-04-09 00:00:00+00:00
[2023-04-10 11:30:44,043] {processor.py:171} INFO - Processing /home/airflow/.local/lib/python3.7/site-packages/airflow/example_dags/example_branch_labels.py took 0.048 seconds
[2023-04-10 11:31:14,320] {processor.py:163} INFO - Started process (PID=796) to work on /home/airflow/.local/lib/python3.7/site-packages/airflow/example_dags/example_branch_labels.py
[2023-04-10 11:31:14,321] {processor.py:620} INFO - Processing file /home/airflow/.local/lib/python3.7/site-packages/airflow/example_dags/example_branch_labels.py for tasks to queue
[2023-04-10 11:31:14,321] {logging_mixin.py:109} INFO - [2023-04-10 11:31:14,321] {dagbag.py:500} INFO - Filling up the DagBag from /home/airflow/.local/lib/python3.7/site-packages/airflow/example_dags/example_branch_labels.py
[2023-04-10 11:31:14,343] {processor.py:632} INFO - DAG(s) dict_keys(['example_branch_labels']) retrieved from /home/airflow/.local/lib/python3.7/site-packages/airflow/example_dags/example_branch_labels.py
[2023-04-10 11:31:14,351] {logging_mixin.py:109} INFO - [2023-04-10 11:31:14,351] {dag.py:2389} INFO - Sync 1 DAGs
[2023-04-10 11:31:14,367] {logging_mixin.py:109} INFO - [2023-04-10 11:31:14,367] {dag.py:2921} INFO - Setting next_dagrun for example_branch_labels to 2023-04-09 00:00:00+00:00
[2023-04-10 11:31:14,375] {processor.py:171} INFO - Processing /home/airflow/.local/lib/python3.7/site-packages/airflow/example_dags/example_branch_labels.py took 0.058 seconds
[2023-04-10 11:31:44,698] {processor.py:163} INFO - Started process (PID=847) to work on /home/airflow/.local/lib/python3.7/site-packages/airflow/example_dags/example_branch_labels.py
[2023-04-10 11:31:44,703] {processor.py:620} INFO - Processing file /home/airflow/.local/lib/python3.7/site-packages/airflow/example_dags/example_branch_labels.py for tasks to queue
[2023-04-10 11:31:44,704] {logging_mixin.py:109} INFO - [2023-04-10 11:31:44,704] {dagbag.py:500} INFO - Filling up the DagBag from /home/airflow/.local/lib/python3.7/site-packages/airflow/example_dags/example_branch_labels.py
[2023-04-10 11:31:44,722] {processor.py:632} INFO - DAG(s) dict_keys(['example_branch_labels']) retrieved from /home/airflow/.local/lib/python3.7/site-packages/airflow/example_dags/example_branch_labels.py
[2023-04-10 11:31:44,730] {logging_mixin.py:109} INFO - [2023-04-10 11:31:44,730] {dag.py:2389} INFO - Sync 1 DAGs
[2023-04-10 11:31:44,742] {logging_mixin.py:109} INFO - [2023-04-10 11:31:44,742] {dag.py:2921} INFO - Setting next_dagrun for example_branch_labels to 2023-04-09 00:00:00+00:00
[2023-04-10 11:31:44,750] {processor.py:171} INFO - Processing /home/airflow/.local/lib/python3.7/site-packages/airflow/example_dags/example_branch_labels.py took 0.054 seconds
[2023-04-10 11:32:14,843] {processor.py:163} INFO - Started process (PID=908) to work on /home/airflow/.local/lib/python3.7/site-packages/airflow/example_dags/example_branch_labels.py
[2023-04-10 11:32:14,851] {processor.py:620} INFO - Processing file /home/airflow/.local/lib/python3.7/site-packages/airflow/example_dags/example_branch_labels.py for tasks to queue
[2023-04-10 11:32:14,851] {logging_mixin.py:109} INFO - [2023-04-10 11:32:14,851] {dagbag.py:500} INFO - Filling up the DagBag from /home/airflow/.local/lib/python3.7/site-packages/airflow/example_dags/example_branch_labels.py
[2023-04-10 11:32:14,873] {processor.py:632} INFO - DAG(s) dict_keys(['example_branch_labels']) retrieved from /home/airflow/.local/lib/python3.7/site-packages/airflow/example_dags/example_branch_labels.py
[2023-04-10 11:32:14,881] {logging_mixin.py:109} INFO - [2023-04-10 11:32:14,881] {dag.py:2389} INFO - Sync 1 DAGs
[2023-04-10 11:32:14,896] {logging_mixin.py:109} INFO - [2023-04-10 11:32:14,896] {dag.py:2921} INFO - Setting next_dagrun for example_branch_labels to 2023-04-09 00:00:00+00:00
[2023-04-10 11:32:14,905] {processor.py:171} INFO - Processing /home/airflow/.local/lib/python3.7/site-packages/airflow/example_dags/example_branch_labels.py took 0.065 seconds
[2023-04-10 11:32:45,168] {processor.py:163} INFO - Started process (PID=959) to work on /home/airflow/.local/lib/python3.7/site-packages/airflow/example_dags/example_branch_labels.py
[2023-04-10 11:32:45,169] {processor.py:620} INFO - Processing file /home/airflow/.local/lib/python3.7/site-packages/airflow/example_dags/example_branch_labels.py for tasks to queue
[2023-04-10 11:32:45,169] {logging_mixin.py:109} INFO - [2023-04-10 11:32:45,169] {dagbag.py:500} INFO - Filling up the DagBag from /home/airflow/.local/lib/python3.7/site-packages/airflow/example_dags/example_branch_labels.py
[2023-04-10 11:32:45,190] {processor.py:632} INFO - DAG(s) dict_keys(['example_branch_labels']) retrieved from /home/airflow/.local/lib/python3.7/site-packages/airflow/example_dags/example_branch_labels.py
[2023-04-10 11:32:45,196] {logging_mixin.py:109} INFO - [2023-04-10 11:32:45,196] {dag.py:2389} INFO - Sync 1 DAGs
[2023-04-10 11:32:45,209] {logging_mixin.py:109} INFO - [2023-04-10 11:32:45,209] {dag.py:2921} INFO - Setting next_dagrun for example_branch_labels to 2023-04-09 00:00:00+00:00
[2023-04-10 11:32:45,217] {processor.py:171} INFO - Processing /home/airflow/.local/lib/python3.7/site-packages/airflow/example_dags/example_branch_labels.py took 0.051 seconds
[2023-04-10 11:33:15,572] {processor.py:163} INFO - Started process (PID=1011) to work on /home/airflow/.local/lib/python3.7/site-packages/airflow/example_dags/example_branch_labels.py
[2023-04-10 11:33:15,573] {processor.py:620} INFO - Processing file /home/airflow/.local/lib/python3.7/site-packages/airflow/example_dags/example_branch_labels.py for tasks to queue
[2023-04-10 11:33:15,573] {logging_mixin.py:109} INFO - [2023-04-10 11:33:15,573] {dagbag.py:500} INFO - Filling up the DagBag from /home/airflow/.local/lib/python3.7/site-packages/airflow/example_dags/example_branch_labels.py
[2023-04-10 11:33:15,592] {processor.py:632} INFO - DAG(s) dict_keys(['example_branch_labels']) retrieved from /home/airflow/.local/lib/python3.7/site-packages/airflow/example_dags/example_branch_labels.py
[2023-04-10 11:33:15,600] {logging_mixin.py:109} INFO - [2023-04-10 11:33:15,600] {dag.py:2389} INFO - Sync 1 DAGs
[2023-04-10 11:33:15,612] {logging_mixin.py:109} INFO - [2023-04-10 11:33:15,611] {dag.py:2921} INFO - Setting next_dagrun for example_branch_labels to 2023-04-09 00:00:00+00:00
[2023-04-10 11:33:15,619] {processor.py:171} INFO - Processing /home/airflow/.local/lib/python3.7/site-packages/airflow/example_dags/example_branch_labels.py took 0.049 seconds
[2023-04-10 11:33:45,905] {processor.py:163} INFO - Started process (PID=1071) to work on /home/airflow/.local/lib/python3.7/site-packages/airflow/example_dags/example_branch_labels.py
[2023-04-10 11:33:45,906] {processor.py:620} INFO - Processing file /home/airflow/.local/lib/python3.7/site-packages/airflow/example_dags/example_branch_labels.py for tasks to queue
[2023-04-10 11:33:45,907] {logging_mixin.py:109} INFO - [2023-04-10 11:33:45,907] {dagbag.py:500} INFO - Filling up the DagBag from /home/airflow/.local/lib/python3.7/site-packages/airflow/example_dags/example_branch_labels.py
[2023-04-10 11:33:45,925] {processor.py:632} INFO - DAG(s) dict_keys(['example_branch_labels']) retrieved from /home/airflow/.local/lib/python3.7/site-packages/airflow/example_dags/example_branch_labels.py
[2023-04-10 11:33:45,932] {logging_mixin.py:109} INFO - [2023-04-10 11:33:45,932] {dag.py:2389} INFO - Sync 1 DAGs
[2023-04-10 11:33:45,942] {logging_mixin.py:109} INFO - [2023-04-10 11:33:45,942] {dag.py:2921} INFO - Setting next_dagrun for example_branch_labels to 2023-04-09 00:00:00+00:00
[2023-04-10 11:33:45,950] {processor.py:171} INFO - Processing /home/airflow/.local/lib/python3.7/site-packages/airflow/example_dags/example_branch_labels.py took 0.048 seconds
[2023-04-10 11:34:16,674] {processor.py:163} INFO - Started process (PID=1122) to work on /home/airflow/.local/lib/python3.7/site-packages/airflow/example_dags/example_branch_labels.py
[2023-04-10 11:34:16,675] {processor.py:620} INFO - Processing file /home/airflow/.local/lib/python3.7/site-packages/airflow/example_dags/example_branch_labels.py for tasks to queue
[2023-04-10 11:34:16,675] {logging_mixin.py:109} INFO - [2023-04-10 11:34:16,675] {dagbag.py:500} INFO - Filling up the DagBag from /home/airflow/.local/lib/python3.7/site-packages/airflow/example_dags/example_branch_labels.py
[2023-04-10 11:34:16,696] {processor.py:632} INFO - DAG(s) dict_keys(['example_branch_labels']) retrieved from /home/airflow/.local/lib/python3.7/site-packages/airflow/example_dags/example_branch_labels.py
[2023-04-10 11:34:16,705] {logging_mixin.py:109} INFO - [2023-04-10 11:34:16,705] {dag.py:2389} INFO - Sync 1 DAGs
[2023-04-10 11:34:16,719] {logging_mixin.py:109} INFO - [2023-04-10 11:34:16,719] {dag.py:2921} INFO - Setting next_dagrun for example_branch_labels to 2023-04-09 00:00:00+00:00
[2023-04-10 11:34:16,726] {processor.py:171} INFO - Processing /home/airflow/.local/lib/python3.7/site-packages/airflow/example_dags/example_branch_labels.py took 0.055 seconds
[2023-04-10 11:34:46,875] {processor.py:163} INFO - Started process (PID=1182) to work on /home/airflow/.local/lib/python3.7/site-packages/airflow/example_dags/example_branch_labels.py
[2023-04-10 11:34:46,875] {processor.py:620} INFO - Processing file /home/airflow/.local/lib/python3.7/site-packages/airflow/example_dags/example_branch_labels.py for tasks to queue
[2023-04-10 11:34:46,876] {logging_mixin.py:109} INFO - [2023-04-10 11:34:46,875] {dagbag.py:500} INFO - Filling up the DagBag from /home/airflow/.local/lib/python3.7/site-packages/airflow/example_dags/example_branch_labels.py
[2023-04-10 11:34:46,897] {processor.py:632} INFO - DAG(s) dict_keys(['example_branch_labels']) retrieved from /home/airflow/.local/lib/python3.7/site-packages/airflow/example_dags/example_branch_labels.py
[2023-04-10 11:34:46,905] {logging_mixin.py:109} INFO - [2023-04-10 11:34:46,905] {dag.py:2389} INFO - Sync 1 DAGs
[2023-04-10 11:34:46,918] {logging_mixin.py:109} INFO - [2023-04-10 11:34:46,918] {dag.py:2921} INFO - Setting next_dagrun for example_branch_labels to 2023-04-09 00:00:00+00:00
[2023-04-10 11:34:46,926] {processor.py:171} INFO - Processing /home/airflow/.local/lib/python3.7/site-packages/airflow/example_dags/example_branch_labels.py took 0.053 seconds
[2023-04-10 11:35:17,211] {processor.py:163} INFO - Started process (PID=1233) to work on /home/airflow/.local/lib/python3.7/site-packages/airflow/example_dags/example_branch_labels.py
[2023-04-10 11:35:17,212] {processor.py:620} INFO - Processing file /home/airflow/.local/lib/python3.7/site-packages/airflow/example_dags/example_branch_labels.py for tasks to queue
[2023-04-10 11:35:17,213] {logging_mixin.py:109} INFO - [2023-04-10 11:35:17,213] {dagbag.py:500} INFO - Filling up the DagBag from /home/airflow/.local/lib/python3.7/site-packages/airflow/example_dags/example_branch_labels.py
[2023-04-10 11:35:17,235] {processor.py:632} INFO - DAG(s) dict_keys(['example_branch_labels']) retrieved from /home/airflow/.local/lib/python3.7/site-packages/airflow/example_dags/example_branch_labels.py
[2023-04-10 11:35:17,243] {logging_mixin.py:109} INFO - [2023-04-10 11:35:17,243] {dag.py:2389} INFO - Sync 1 DAGs
[2023-04-10 11:35:17,256] {logging_mixin.py:109} INFO - [2023-04-10 11:35:17,256] {dag.py:2921} INFO - Setting next_dagrun for example_branch_labels to 2023-04-09 00:00:00+00:00
[2023-04-10 11:35:17,264] {processor.py:171} INFO - Processing /home/airflow/.local/lib/python3.7/site-packages/airflow/example_dags/example_branch_labels.py took 0.055 seconds
[2023-04-10 11:35:47,495] {processor.py:163} INFO - Started process (PID=1293) to work on /home/airflow/.local/lib/python3.7/site-packages/airflow/example_dags/example_branch_labels.py
[2023-04-10 11:35:47,496] {processor.py:620} INFO - Processing file /home/airflow/.local/lib/python3.7/site-packages/airflow/example_dags/example_branch_labels.py for tasks to queue
[2023-04-10 11:35:47,496] {logging_mixin.py:109} INFO - [2023-04-10 11:35:47,496] {dagbag.py:500} INFO - Filling up the DagBag from /home/airflow/.local/lib/python3.7/site-packages/airflow/example_dags/example_branch_labels.py
[2023-04-10 11:35:47,524] {processor.py:632} INFO - DAG(s) dict_keys(['example_branch_labels']) retrieved from /home/airflow/.local/lib/python3.7/site-packages/airflow/example_dags/example_branch_labels.py
[2023-04-10 11:35:47,533] {logging_mixin.py:109} INFO - [2023-04-10 11:35:47,533] {dag.py:2389} INFO - Sync 1 DAGs
[2023-04-10 11:35:47,549] {logging_mixin.py:109} INFO - [2023-04-10 11:35:47,549] {dag.py:2921} INFO - Setting next_dagrun for example_branch_labels to 2023-04-09 00:00:00+00:00
[2023-04-10 11:35:47,559] {processor.py:171} INFO - Processing /home/airflow/.local/lib/python3.7/site-packages/airflow/example_dags/example_branch_labels.py took 0.067 seconds
[2023-04-10 11:36:17,881] {processor.py:163} INFO - Started process (PID=1345) to work on /home/airflow/.local/lib/python3.7/site-packages/airflow/example_dags/example_branch_labels.py
[2023-04-10 11:36:17,883] {processor.py:620} INFO - Processing file /home/airflow/.local/lib/python3.7/site-packages/airflow/example_dags/example_branch_labels.py for tasks to queue
[2023-04-10 11:36:17,883] {logging_mixin.py:109} INFO - [2023-04-10 11:36:17,883] {dagbag.py:500} INFO - Filling up the DagBag from /home/airflow/.local/lib/python3.7/site-packages/airflow/example_dags/example_branch_labels.py
[2023-04-10 11:36:17,902] {processor.py:632} INFO - DAG(s) dict_keys(['example_branch_labels']) retrieved from /home/airflow/.local/lib/python3.7/site-packages/airflow/example_dags/example_branch_labels.py
[2023-04-10 11:36:17,910] {logging_mixin.py:109} INFO - [2023-04-10 11:36:17,910] {dag.py:2389} INFO - Sync 1 DAGs
[2023-04-10 11:36:17,921] {logging_mixin.py:109} INFO - [2023-04-10 11:36:17,921] {dag.py:2921} INFO - Setting next_dagrun for example_branch_labels to 2023-04-09 00:00:00+00:00
[2023-04-10 11:36:17,929] {processor.py:171} INFO - Processing /home/airflow/.local/lib/python3.7/site-packages/airflow/example_dags/example_branch_labels.py took 0.050 seconds
[2023-04-10 11:36:48,256] {processor.py:163} INFO - Started process (PID=1397) to work on /home/airflow/.local/lib/python3.7/site-packages/airflow/example_dags/example_branch_labels.py
[2023-04-10 11:36:48,257] {processor.py:620} INFO - Processing file /home/airflow/.local/lib/python3.7/site-packages/airflow/example_dags/example_branch_labels.py for tasks to queue
[2023-04-10 11:36:48,257] {logging_mixin.py:109} INFO - [2023-04-10 11:36:48,257] {dagbag.py:500} INFO - Filling up the DagBag from /home/airflow/.local/lib/python3.7/site-packages/airflow/example_dags/example_branch_labels.py
[2023-04-10 11:36:48,277] {processor.py:632} INFO - DAG(s) dict_keys(['example_branch_labels']) retrieved from /home/airflow/.local/lib/python3.7/site-packages/airflow/example_dags/example_branch_labels.py
[2023-04-10 11:36:48,283] {logging_mixin.py:109} INFO - [2023-04-10 11:36:48,283] {dag.py:2389} INFO - Sync 1 DAGs
[2023-04-10 11:36:48,297] {logging_mixin.py:109} INFO - [2023-04-10 11:36:48,296] {dag.py:2921} INFO - Setting next_dagrun for example_branch_labels to 2023-04-09 00:00:00+00:00
[2023-04-10 11:36:48,304] {processor.py:171} INFO - Processing /home/airflow/.local/lib/python3.7/site-packages/airflow/example_dags/example_branch_labels.py took 0.050 seconds
[2023-04-10 11:37:18,660] {processor.py:163} INFO - Started process (PID=1457) to work on /home/airflow/.local/lib/python3.7/site-packages/airflow/example_dags/example_branch_labels.py
[2023-04-10 11:37:18,661] {processor.py:620} INFO - Processing file /home/airflow/.local/lib/python3.7/site-packages/airflow/example_dags/example_branch_labels.py for tasks to queue
[2023-04-10 11:37:18,661] {logging_mixin.py:109} INFO - [2023-04-10 11:37:18,661] {dagbag.py:500} INFO - Filling up the DagBag from /home/airflow/.local/lib/python3.7/site-packages/airflow/example_dags/example_branch_labels.py
[2023-04-10 11:37:18,684] {processor.py:632} INFO - DAG(s) dict_keys(['example_branch_labels']) retrieved from /home/airflow/.local/lib/python3.7/site-packages/airflow/example_dags/example_branch_labels.py
[2023-04-10 11:37:18,692] {logging_mixin.py:109} INFO - [2023-04-10 11:37:18,692] {dag.py:2389} INFO - Sync 1 DAGs
[2023-04-10 11:37:18,706] {logging_mixin.py:109} INFO - [2023-04-10 11:37:18,706] {dag.py:2921} INFO - Setting next_dagrun for example_branch_labels to 2023-04-09 00:00:00+00:00
[2023-04-10 11:37:18,714] {processor.py:171} INFO - Processing /home/airflow/.local/lib/python3.7/site-packages/airflow/example_dags/example_branch_labels.py took 0.058 seconds
[2023-04-10 11:37:48,844] {processor.py:163} INFO - Started process (PID=1508) to work on /home/airflow/.local/lib/python3.7/site-packages/airflow/example_dags/example_branch_labels.py
[2023-04-10 11:37:48,845] {processor.py:620} INFO - Processing file /home/airflow/.local/lib/python3.7/site-packages/airflow/example_dags/example_branch_labels.py for tasks to queue
[2023-04-10 11:37:48,845] {logging_mixin.py:109} INFO - [2023-04-10 11:37:48,845] {dagbag.py:500} INFO - Filling up the DagBag from /home/airflow/.local/lib/python3.7/site-packages/airflow/example_dags/example_branch_labels.py
[2023-04-10 11:37:48,864] {processor.py:632} INFO - DAG(s) dict_keys(['example_branch_labels']) retrieved from /home/airflow/.local/lib/python3.7/site-packages/airflow/example_dags/example_branch_labels.py
[2023-04-10 11:37:48,872] {logging_mixin.py:109} INFO - [2023-04-10 11:37:48,872] {dag.py:2389} INFO - Sync 1 DAGs
[2023-04-10 11:37:48,884] {logging_mixin.py:109} INFO - [2023-04-10 11:37:48,884] {dag.py:2921} INFO - Setting next_dagrun for example_branch_labels to 2023-04-09 00:00:00+00:00
[2023-04-10 11:37:48,892] {processor.py:171} INFO - Processing /home/airflow/.local/lib/python3.7/site-packages/airflow/example_dags/example_branch_labels.py took 0.051 seconds
[2023-04-10 11:38:19,241] {processor.py:163} INFO - Started process (PID=1569) to work on /home/airflow/.local/lib/python3.7/site-packages/airflow/example_dags/example_branch_labels.py
[2023-04-10 11:38:19,241] {processor.py:620} INFO - Processing file /home/airflow/.local/lib/python3.7/site-packages/airflow/example_dags/example_branch_labels.py for tasks to queue
[2023-04-10 11:38:19,242] {logging_mixin.py:109} INFO - [2023-04-10 11:38:19,242] {dagbag.py:500} INFO - Filling up the DagBag from /home/airflow/.local/lib/python3.7/site-packages/airflow/example_dags/example_branch_labels.py
[2023-04-10 11:38:19,260] {processor.py:632} INFO - DAG(s) dict_keys(['example_branch_labels']) retrieved from /home/airflow/.local/lib/python3.7/site-packages/airflow/example_dags/example_branch_labels.py
[2023-04-10 11:38:19,268] {logging_mixin.py:109} INFO - [2023-04-10 11:38:19,268] {dag.py:2389} INFO - Sync 1 DAGs
[2023-04-10 11:38:19,278] {logging_mixin.py:109} INFO - [2023-04-10 11:38:19,278] {dag.py:2921} INFO - Setting next_dagrun for example_branch_labels to 2023-04-09 00:00:00+00:00
[2023-04-10 11:38:19,286] {processor.py:171} INFO - Processing /home/airflow/.local/lib/python3.7/site-packages/airflow/example_dags/example_branch_labels.py took 0.047 seconds
[2023-04-10 11:38:49,346] {processor.py:163} INFO - Started process (PID=1620) to work on /home/airflow/.local/lib/python3.7/site-packages/airflow/example_dags/example_branch_labels.py
[2023-04-10 11:38:49,347] {processor.py:620} INFO - Processing file /home/airflow/.local/lib/python3.7/site-packages/airflow/example_dags/example_branch_labels.py for tasks to queue
[2023-04-10 11:38:49,347] {logging_mixin.py:109} INFO - [2023-04-10 11:38:49,347] {dagbag.py:500} INFO - Filling up the DagBag from /home/airflow/.local/lib/python3.7/site-packages/airflow/example_dags/example_branch_labels.py
[2023-04-10 11:38:49,365] {processor.py:632} INFO - DAG(s) dict_keys(['example_branch_labels']) retrieved from /home/airflow/.local/lib/python3.7/site-packages/airflow/example_dags/example_branch_labels.py
[2023-04-10 11:38:49,372] {logging_mixin.py:109} INFO - [2023-04-10 11:38:49,372] {dag.py:2389} INFO - Sync 1 DAGs
[2023-04-10 11:38:49,384] {logging_mixin.py:109} INFO - [2023-04-10 11:38:49,384] {dag.py:2921} INFO - Setting next_dagrun for example_branch_labels to 2023-04-09 00:00:00+00:00
[2023-04-10 11:38:49,391] {processor.py:171} INFO - Processing /home/airflow/.local/lib/python3.7/site-packages/airflow/example_dags/example_branch_labels.py took 0.048 seconds
[2023-04-10 11:39:19,688] {processor.py:163} INFO - Started process (PID=1680) to work on /home/airflow/.local/lib/python3.7/site-packages/airflow/example_dags/example_branch_labels.py
[2023-04-10 11:39:19,689] {processor.py:620} INFO - Processing file /home/airflow/.local/lib/python3.7/site-packages/airflow/example_dags/example_branch_labels.py for tasks to queue
[2023-04-10 11:39:19,689] {logging_mixin.py:109} INFO - [2023-04-10 11:39:19,689] {dagbag.py:500} INFO - Filling up the DagBag from /home/airflow/.local/lib/python3.7/site-packages/airflow/example_dags/example_branch_labels.py
[2023-04-10 11:39:19,711] {processor.py:632} INFO - DAG(s) dict_keys(['example_branch_labels']) retrieved from /home/airflow/.local/lib/python3.7/site-packages/airflow/example_dags/example_branch_labels.py
[2023-04-10 11:39:19,719] {logging_mixin.py:109} INFO - [2023-04-10 11:39:19,719] {dag.py:2389} INFO - Sync 1 DAGs
[2023-04-10 11:39:19,734] {logging_mixin.py:109} INFO - [2023-04-10 11:39:19,734] {dag.py:2921} INFO - Setting next_dagrun for example_branch_labels to 2023-04-09 00:00:00+00:00
[2023-04-10 11:39:19,742] {processor.py:171} INFO - Processing /home/airflow/.local/lib/python3.7/site-packages/airflow/example_dags/example_branch_labels.py took 0.057 seconds
[2023-04-10 11:39:49,989] {processor.py:163} INFO - Started process (PID=1731) to work on /home/airflow/.local/lib/python3.7/site-packages/airflow/example_dags/example_branch_labels.py
[2023-04-10 11:39:49,996] {processor.py:620} INFO - Processing file /home/airflow/.local/lib/python3.7/site-packages/airflow/example_dags/example_branch_labels.py for tasks to queue
[2023-04-10 11:39:49,996] {logging_mixin.py:109} INFO - [2023-04-10 11:39:49,996] {dagbag.py:500} INFO - Filling up the DagBag from /home/airflow/.local/lib/python3.7/site-packages/airflow/example_dags/example_branch_labels.py
[2023-04-10 11:39:50,015] {processor.py:632} INFO - DAG(s) dict_keys(['example_branch_labels']) retrieved from /home/airflow/.local/lib/python3.7/site-packages/airflow/example_dags/example_branch_labels.py
[2023-04-10 11:39:50,023] {logging_mixin.py:109} INFO - [2023-04-10 11:39:50,023] {dag.py:2389} INFO - Sync 1 DAGs
[2023-04-10 11:39:50,036] {logging_mixin.py:109} INFO - [2023-04-10 11:39:50,036] {dag.py:2921} INFO - Setting next_dagrun for example_branch_labels to 2023-04-09 00:00:00+00:00
[2023-04-10 11:39:50,043] {processor.py:171} INFO - Processing /home/airflow/.local/lib/python3.7/site-packages/airflow/example_dags/example_branch_labels.py took 0.057 seconds
[2023-04-10 11:40:20,151] {processor.py:163} INFO - Started process (PID=1791) to work on /home/airflow/.local/lib/python3.7/site-packages/airflow/example_dags/example_branch_labels.py
[2023-04-10 11:40:20,152] {processor.py:620} INFO - Processing file /home/airflow/.local/lib/python3.7/site-packages/airflow/example_dags/example_branch_labels.py for tasks to queue
[2023-04-10 11:40:20,152] {logging_mixin.py:109} INFO - [2023-04-10 11:40:20,152] {dagbag.py:500} INFO - Filling up the DagBag from /home/airflow/.local/lib/python3.7/site-packages/airflow/example_dags/example_branch_labels.py
[2023-04-10 11:40:20,176] {processor.py:632} INFO - DAG(s) dict_keys(['example_branch_labels']) retrieved from /home/airflow/.local/lib/python3.7/site-packages/airflow/example_dags/example_branch_labels.py
[2023-04-10 11:40:20,185] {logging_mixin.py:109} INFO - [2023-04-10 11:40:20,185] {dag.py:2389} INFO - Sync 1 DAGs
[2023-04-10 11:40:20,199] {logging_mixin.py:109} INFO - [2023-04-10 11:40:20,199] {dag.py:2921} INFO - Setting next_dagrun for example_branch_labels to 2023-04-09 00:00:00+00:00
[2023-04-10 11:40:20,207] {processor.py:171} INFO - Processing /home/airflow/.local/lib/python3.7/site-packages/airflow/example_dags/example_branch_labels.py took 0.058 seconds
[2023-04-10 11:40:50,540] {processor.py:163} INFO - Started process (PID=1842) to work on /home/airflow/.local/lib/python3.7/site-packages/airflow/example_dags/example_branch_labels.py
[2023-04-10 11:40:50,541] {processor.py:620} INFO - Processing file /home/airflow/.local/lib/python3.7/site-packages/airflow/example_dags/example_branch_labels.py for tasks to queue
[2023-04-10 11:40:50,541] {logging_mixin.py:109} INFO - [2023-04-10 11:40:50,541] {dagbag.py:500} INFO - Filling up the DagBag from /home/airflow/.local/lib/python3.7/site-packages/airflow/example_dags/example_branch_labels.py
[2023-04-10 11:40:50,560] {processor.py:632} INFO - DAG(s) dict_keys(['example_branch_labels']) retrieved from /home/airflow/.local/lib/python3.7/site-packages/airflow/example_dags/example_branch_labels.py
[2023-04-10 11:40:50,566] {logging_mixin.py:109} INFO - [2023-04-10 11:40:50,566] {dag.py:2389} INFO - Sync 1 DAGs
[2023-04-10 11:40:50,576] {logging_mixin.py:109} INFO - [2023-04-10 11:40:50,576] {dag.py:2921} INFO - Setting next_dagrun for example_branch_labels to 2023-04-09 00:00:00+00:00
[2023-04-10 11:40:50,584] {processor.py:171} INFO - Processing /home/airflow/.local/lib/python3.7/site-packages/airflow/example_dags/example_branch_labels.py took 0.046 seconds
[2023-04-10 11:41:20,777] {processor.py:163} INFO - Started process (PID=1893) to work on /home/airflow/.local/lib/python3.7/site-packages/airflow/example_dags/example_branch_labels.py
[2023-04-10 11:41:20,778] {processor.py:620} INFO - Processing file /home/airflow/.local/lib/python3.7/site-packages/airflow/example_dags/example_branch_labels.py for tasks to queue
[2023-04-10 11:41:20,779] {logging_mixin.py:109} INFO - [2023-04-10 11:41:20,779] {dagbag.py:500} INFO - Filling up the DagBag from /home/airflow/.local/lib/python3.7/site-packages/airflow/example_dags/example_branch_labels.py
[2023-04-10 11:41:20,798] {processor.py:632} INFO - DAG(s) dict_keys(['example_branch_labels']) retrieved from /home/airflow/.local/lib/python3.7/site-packages/airflow/example_dags/example_branch_labels.py
[2023-04-10 11:41:20,805] {logging_mixin.py:109} INFO - [2023-04-10 11:41:20,804] {dag.py:2389} INFO - Sync 1 DAGs
[2023-04-10 11:41:20,816] {logging_mixin.py:109} INFO - [2023-04-10 11:41:20,816] {dag.py:2921} INFO - Setting next_dagrun for example_branch_labels to 2023-04-09 00:00:00+00:00
[2023-04-10 11:41:20,823] {processor.py:171} INFO - Processing /home/airflow/.local/lib/python3.7/site-packages/airflow/example_dags/example_branch_labels.py took 0.049 seconds
[2023-04-10 11:41:51,087] {processor.py:163} INFO - Started process (PID=1953) to work on /home/airflow/.local/lib/python3.7/site-packages/airflow/example_dags/example_branch_labels.py
[2023-04-10 11:41:51,088] {processor.py:620} INFO - Processing file /home/airflow/.local/lib/python3.7/site-packages/airflow/example_dags/example_branch_labels.py for tasks to queue
[2023-04-10 11:41:51,088] {logging_mixin.py:109} INFO - [2023-04-10 11:41:51,088] {dagbag.py:500} INFO - Filling up the DagBag from /home/airflow/.local/lib/python3.7/site-packages/airflow/example_dags/example_branch_labels.py
[2023-04-10 11:41:51,107] {processor.py:632} INFO - DAG(s) dict_keys(['example_branch_labels']) retrieved from /home/airflow/.local/lib/python3.7/site-packages/airflow/example_dags/example_branch_labels.py
[2023-04-10 11:41:51,116] {logging_mixin.py:109} INFO - [2023-04-10 11:41:51,116] {dag.py:2389} INFO - Sync 1 DAGs
[2023-04-10 11:41:51,128] {logging_mixin.py:109} INFO - [2023-04-10 11:41:51,128] {dag.py:2921} INFO - Setting next_dagrun for example_branch_labels to 2023-04-09 00:00:00+00:00
[2023-04-10 11:41:51,135] {processor.py:171} INFO - Processing /home/airflow/.local/lib/python3.7/site-packages/airflow/example_dags/example_branch_labels.py took 0.051 seconds
[2023-04-10 11:42:21,486] {processor.py:163} INFO - Started process (PID=2005) to work on /home/airflow/.local/lib/python3.7/site-packages/airflow/example_dags/example_branch_labels.py
[2023-04-10 11:42:21,490] {processor.py:620} INFO - Processing file /home/airflow/.local/lib/python3.7/site-packages/airflow/example_dags/example_branch_labels.py for tasks to queue
[2023-04-10 11:42:21,490] {logging_mixin.py:109} INFO - [2023-04-10 11:42:21,490] {dagbag.py:500} INFO - Filling up the DagBag from /home/airflow/.local/lib/python3.7/site-packages/airflow/example_dags/example_branch_labels.py
[2023-04-10 11:42:21,515] {processor.py:632} INFO - DAG(s) dict_keys(['example_branch_labels']) retrieved from /home/airflow/.local/lib/python3.7/site-packages/airflow/example_dags/example_branch_labels.py
[2023-04-10 11:42:21,526] {logging_mixin.py:109} INFO - [2023-04-10 11:42:21,526] {dag.py:2389} INFO - Sync 1 DAGs
[2023-04-10 11:42:21,544] {logging_mixin.py:109} INFO - [2023-04-10 11:42:21,544] {dag.py:2921} INFO - Setting next_dagrun for example_branch_labels to 2023-04-09 00:00:00+00:00
[2023-04-10 11:42:21,552] {processor.py:171} INFO - Processing /home/airflow/.local/lib/python3.7/site-packages/airflow/example_dags/example_branch_labels.py took 0.069 seconds
[2023-04-10 11:42:51,849] {processor.py:163} INFO - Started process (PID=2065) to work on /home/airflow/.local/lib/python3.7/site-packages/airflow/example_dags/example_branch_labels.py
[2023-04-10 11:42:51,850] {processor.py:620} INFO - Processing file /home/airflow/.local/lib/python3.7/site-packages/airflow/example_dags/example_branch_labels.py for tasks to queue
[2023-04-10 11:42:51,850] {logging_mixin.py:109} INFO - [2023-04-10 11:42:51,850] {dagbag.py:500} INFO - Filling up the DagBag from /home/airflow/.local/lib/python3.7/site-packages/airflow/example_dags/example_branch_labels.py
[2023-04-10 11:42:51,874] {processor.py:632} INFO - DAG(s) dict_keys(['example_branch_labels']) retrieved from /home/airflow/.local/lib/python3.7/site-packages/airflow/example_dags/example_branch_labels.py
[2023-04-10 11:42:51,884] {logging_mixin.py:109} INFO - [2023-04-10 11:42:51,884] {dag.py:2389} INFO - Sync 1 DAGs
[2023-04-10 11:42:51,899] {logging_mixin.py:109} INFO - [2023-04-10 11:42:51,899] {dag.py:2921} INFO - Setting next_dagrun for example_branch_labels to 2023-04-09 00:00:00+00:00
[2023-04-10 11:42:51,909] {processor.py:171} INFO - Processing /home/airflow/.local/lib/python3.7/site-packages/airflow/example_dags/example_branch_labels.py took 0.063 seconds
[2023-04-10 11:43:22,095] {processor.py:163} INFO - Started process (PID=2117) to work on /home/airflow/.local/lib/python3.7/site-packages/airflow/example_dags/example_branch_labels.py
[2023-04-10 11:43:22,096] {processor.py:620} INFO - Processing file /home/airflow/.local/lib/python3.7/site-packages/airflow/example_dags/example_branch_labels.py for tasks to queue
[2023-04-10 11:43:22,097] {logging_mixin.py:109} INFO - [2023-04-10 11:43:22,097] {dagbag.py:500} INFO - Filling up the DagBag from /home/airflow/.local/lib/python3.7/site-packages/airflow/example_dags/example_branch_labels.py
[2023-04-10 11:43:22,115] {processor.py:632} INFO - DAG(s) dict_keys(['example_branch_labels']) retrieved from /home/airflow/.local/lib/python3.7/site-packages/airflow/example_dags/example_branch_labels.py
[2023-04-10 11:43:22,123] {logging_mixin.py:109} INFO - [2023-04-10 11:43:22,123] {dag.py:2389} INFO - Sync 1 DAGs
[2023-04-10 11:43:22,133] {logging_mixin.py:109} INFO - [2023-04-10 11:43:22,133] {dag.py:2921} INFO - Setting next_dagrun for example_branch_labels to 2023-04-09 00:00:00+00:00
[2023-04-10 11:43:22,141] {processor.py:171} INFO - Processing /home/airflow/.local/lib/python3.7/site-packages/airflow/example_dags/example_branch_labels.py took 0.047 seconds
[2023-04-10 11:43:52,314] {processor.py:163} INFO - Started process (PID=2177) to work on /home/airflow/.local/lib/python3.7/site-packages/airflow/example_dags/example_branch_labels.py
[2023-04-10 11:43:52,315] {processor.py:620} INFO - Processing file /home/airflow/.local/lib/python3.7/site-packages/airflow/example_dags/example_branch_labels.py for tasks to queue
[2023-04-10 11:43:52,315] {logging_mixin.py:109} INFO - [2023-04-10 11:43:52,315] {dagbag.py:500} INFO - Filling up the DagBag from /home/airflow/.local/lib/python3.7/site-packages/airflow/example_dags/example_branch_labels.py
[2023-04-10 11:43:52,336] {processor.py:632} INFO - DAG(s) dict_keys(['example_branch_labels']) retrieved from /home/airflow/.local/lib/python3.7/site-packages/airflow/example_dags/example_branch_labels.py
[2023-04-10 11:43:52,344] {logging_mixin.py:109} INFO - [2023-04-10 11:43:52,344] {dag.py:2389} INFO - Sync 1 DAGs
[2023-04-10 11:43:52,357] {logging_mixin.py:109} INFO - [2023-04-10 11:43:52,357] {dag.py:2921} INFO - Setting next_dagrun for example_branch_labels to 2023-04-09 00:00:00+00:00
[2023-04-10 11:43:52,365] {processor.py:171} INFO - Processing /home/airflow/.local/lib/python3.7/site-packages/airflow/example_dags/example_branch_labels.py took 0.053 seconds
[2023-04-10 11:44:22,763] {processor.py:163} INFO - Started process (PID=2228) to work on /home/airflow/.local/lib/python3.7/site-packages/airflow/example_dags/example_branch_labels.py
[2023-04-10 11:44:22,764] {processor.py:620} INFO - Processing file /home/airflow/.local/lib/python3.7/site-packages/airflow/example_dags/example_branch_labels.py for tasks to queue
[2023-04-10 11:44:22,765] {logging_mixin.py:109} INFO - [2023-04-10 11:44:22,765] {dagbag.py:500} INFO - Filling up the DagBag from /home/airflow/.local/lib/python3.7/site-packages/airflow/example_dags/example_branch_labels.py
[2023-04-10 11:44:22,784] {processor.py:632} INFO - DAG(s) dict_keys(['example_branch_labels']) retrieved from /home/airflow/.local/lib/python3.7/site-packages/airflow/example_dags/example_branch_labels.py
[2023-04-10 11:44:22,790] {logging_mixin.py:109} INFO - [2023-04-10 11:44:22,790] {dag.py:2389} INFO - Sync 1 DAGs
[2023-04-10 11:44:22,800] {logging_mixin.py:109} INFO - [2023-04-10 11:44:22,800] {dag.py:2921} INFO - Setting next_dagrun for example_branch_labels to 2023-04-09 00:00:00+00:00
[2023-04-10 11:44:22,808] {processor.py:171} INFO - Processing /home/airflow/.local/lib/python3.7/site-packages/airflow/example_dags/example_branch_labels.py took 0.047 seconds
[2023-04-10 11:44:52,991] {processor.py:163} INFO - Started process (PID=2279) to work on /home/airflow/.local/lib/python3.7/site-packages/airflow/example_dags/example_branch_labels.py
[2023-04-10 11:44:52,992] {processor.py:620} INFO - Processing file /home/airflow/.local/lib/python3.7/site-packages/airflow/example_dags/example_branch_labels.py for tasks to queue
[2023-04-10 11:44:52,993] {logging_mixin.py:109} INFO - [2023-04-10 11:44:52,993] {dagbag.py:500} INFO - Filling up the DagBag from /home/airflow/.local/lib/python3.7/site-packages/airflow/example_dags/example_branch_labels.py
[2023-04-10 11:44:53,014] {processor.py:632} INFO - DAG(s) dict_keys(['example_branch_labels']) retrieved from /home/airflow/.local/lib/python3.7/site-packages/airflow/example_dags/example_branch_labels.py
[2023-04-10 11:44:53,023] {logging_mixin.py:109} INFO - [2023-04-10 11:44:53,023] {dag.py:2389} INFO - Sync 1 DAGs
[2023-04-10 11:44:53,035] {logging_mixin.py:109} INFO - [2023-04-10 11:44:53,034] {dag.py:2921} INFO - Setting next_dagrun for example_branch_labels to 2023-04-09 00:00:00+00:00
[2023-04-10 11:44:53,043] {processor.py:171} INFO - Processing /home/airflow/.local/lib/python3.7/site-packages/airflow/example_dags/example_branch_labels.py took 0.055 seconds
[2023-04-10 11:45:23,411] {processor.py:163} INFO - Started process (PID=2340) to work on /home/airflow/.local/lib/python3.7/site-packages/airflow/example_dags/example_branch_labels.py
[2023-04-10 11:45:23,412] {processor.py:620} INFO - Processing file /home/airflow/.local/lib/python3.7/site-packages/airflow/example_dags/example_branch_labels.py for tasks to queue
[2023-04-10 11:45:23,413] {logging_mixin.py:109} INFO - [2023-04-10 11:45:23,413] {dagbag.py:500} INFO - Filling up the DagBag from /home/airflow/.local/lib/python3.7/site-packages/airflow/example_dags/example_branch_labels.py
[2023-04-10 11:45:23,436] {processor.py:632} INFO - DAG(s) dict_keys(['example_branch_labels']) retrieved from /home/airflow/.local/lib/python3.7/site-packages/airflow/example_dags/example_branch_labels.py
[2023-04-10 11:45:23,446] {logging_mixin.py:109} INFO - [2023-04-10 11:45:23,445] {dag.py:2389} INFO - Sync 1 DAGs
[2023-04-10 11:45:23,461] {logging_mixin.py:109} INFO - [2023-04-10 11:45:23,461] {dag.py:2921} INFO - Setting next_dagrun for example_branch_labels to 2023-04-09 00:00:00+00:00
[2023-04-10 11:45:23,468] {processor.py:171} INFO - Processing /home/airflow/.local/lib/python3.7/site-packages/airflow/example_dags/example_branch_labels.py took 0.060 seconds
[2023-04-10 11:45:53,741] {processor.py:163} INFO - Started process (PID=2391) to work on /home/airflow/.local/lib/python3.7/site-packages/airflow/example_dags/example_branch_labels.py
[2023-04-10 11:45:53,741] {processor.py:620} INFO - Processing file /home/airflow/.local/lib/python3.7/site-packages/airflow/example_dags/example_branch_labels.py for tasks to queue
[2023-04-10 11:45:53,742] {logging_mixin.py:109} INFO - [2023-04-10 11:45:53,742] {dagbag.py:500} INFO - Filling up the DagBag from /home/airflow/.local/lib/python3.7/site-packages/airflow/example_dags/example_branch_labels.py
[2023-04-10 11:45:53,761] {processor.py:632} INFO - DAG(s) dict_keys(['example_branch_labels']) retrieved from /home/airflow/.local/lib/python3.7/site-packages/airflow/example_dags/example_branch_labels.py
[2023-04-10 11:45:53,768] {logging_mixin.py:109} INFO - [2023-04-10 11:45:53,768] {dag.py:2389} INFO - Sync 1 DAGs
[2023-04-10 11:45:53,778] {logging_mixin.py:109} INFO - [2023-04-10 11:45:53,778] {dag.py:2921} INFO - Setting next_dagrun for example_branch_labels to 2023-04-09 00:00:00+00:00
[2023-04-10 11:45:53,785] {processor.py:171} INFO - Processing /home/airflow/.local/lib/python3.7/site-packages/airflow/example_dags/example_branch_labels.py took 0.047 seconds
[2023-04-10 11:46:24,062] {processor.py:163} INFO - Started process (PID=2451) to work on /home/airflow/.local/lib/python3.7/site-packages/airflow/example_dags/example_branch_labels.py
[2023-04-10 11:46:24,063] {processor.py:620} INFO - Processing file /home/airflow/.local/lib/python3.7/site-packages/airflow/example_dags/example_branch_labels.py for tasks to queue
[2023-04-10 11:46:24,064] {logging_mixin.py:109} INFO - [2023-04-10 11:46:24,063] {dagbag.py:500} INFO - Filling up the DagBag from /home/airflow/.local/lib/python3.7/site-packages/airflow/example_dags/example_branch_labels.py
[2023-04-10 11:46:24,084] {processor.py:632} INFO - DAG(s) dict_keys(['example_branch_labels']) retrieved from /home/airflow/.local/lib/python3.7/site-packages/airflow/example_dags/example_branch_labels.py
[2023-04-10 11:46:24,091] {logging_mixin.py:109} INFO - [2023-04-10 11:46:24,090] {dag.py:2389} INFO - Sync 1 DAGs
[2023-04-10 11:46:24,101] {logging_mixin.py:109} INFO - [2023-04-10 11:46:24,101] {dag.py:2921} INFO - Setting next_dagrun for example_branch_labels to 2023-04-09 00:00:00+00:00
[2023-04-10 11:46:24,108] {processor.py:171} INFO - Processing /home/airflow/.local/lib/python3.7/site-packages/airflow/example_dags/example_branch_labels.py took 0.049 seconds
[2023-04-10 11:46:54,390] {processor.py:163} INFO - Started process (PID=2502) to work on /home/airflow/.local/lib/python3.7/site-packages/airflow/example_dags/example_branch_labels.py
[2023-04-10 11:46:54,391] {processor.py:620} INFO - Processing file /home/airflow/.local/lib/python3.7/site-packages/airflow/example_dags/example_branch_labels.py for tasks to queue
[2023-04-10 11:46:54,391] {logging_mixin.py:109} INFO - [2023-04-10 11:46:54,391] {dagbag.py:500} INFO - Filling up the DagBag from /home/airflow/.local/lib/python3.7/site-packages/airflow/example_dags/example_branch_labels.py
[2023-04-10 11:46:54,471] {processor.py:632} INFO - DAG(s) dict_keys(['example_branch_labels']) retrieved from /home/airflow/.local/lib/python3.7/site-packages/airflow/example_dags/example_branch_labels.py
[2023-04-10 11:46:54,481] {logging_mixin.py:109} INFO - [2023-04-10 11:46:54,481] {dag.py:2389} INFO - Sync 1 DAGs
[2023-04-10 11:46:54,499] {logging_mixin.py:109} INFO - [2023-04-10 11:46:54,499] {dag.py:2921} INFO - Setting next_dagrun for example_branch_labels to 2023-04-09 00:00:00+00:00
[2023-04-10 11:46:54,510] {processor.py:171} INFO - Processing /home/airflow/.local/lib/python3.7/site-packages/airflow/example_dags/example_branch_labels.py took 0.123 seconds
[2023-04-10 11:47:24,783] {processor.py:163} INFO - Started process (PID=2562) to work on /home/airflow/.local/lib/python3.7/site-packages/airflow/example_dags/example_branch_labels.py
[2023-04-10 11:47:24,790] {processor.py:620} INFO - Processing file /home/airflow/.local/lib/python3.7/site-packages/airflow/example_dags/example_branch_labels.py for tasks to queue
[2023-04-10 11:47:24,791] {logging_mixin.py:109} INFO - [2023-04-10 11:47:24,791] {dagbag.py:500} INFO - Filling up the DagBag from /home/airflow/.local/lib/python3.7/site-packages/airflow/example_dags/example_branch_labels.py
[2023-04-10 11:47:24,810] {processor.py:632} INFO - DAG(s) dict_keys(['example_branch_labels']) retrieved from /home/airflow/.local/lib/python3.7/site-packages/airflow/example_dags/example_branch_labels.py
[2023-04-10 11:47:24,816] {logging_mixin.py:109} INFO - [2023-04-10 11:47:24,816] {dag.py:2389} INFO - Sync 1 DAGs
[2023-04-10 11:47:24,827] {logging_mixin.py:109} INFO - [2023-04-10 11:47:24,827] {dag.py:2921} INFO - Setting next_dagrun for example_branch_labels to 2023-04-09 00:00:00+00:00
[2023-04-10 11:47:24,834] {processor.py:171} INFO - Processing /home/airflow/.local/lib/python3.7/site-packages/airflow/example_dags/example_branch_labels.py took 0.053 seconds
[2023-04-10 11:47:54,873] {processor.py:163} INFO - Started process (PID=2612) to work on /home/airflow/.local/lib/python3.7/site-packages/airflow/example_dags/example_branch_labels.py
[2023-04-10 11:47:54,874] {processor.py:620} INFO - Processing file /home/airflow/.local/lib/python3.7/site-packages/airflow/example_dags/example_branch_labels.py for tasks to queue
[2023-04-10 11:47:54,874] {logging_mixin.py:109} INFO - [2023-04-10 11:47:54,874] {dagbag.py:500} INFO - Filling up the DagBag from /home/airflow/.local/lib/python3.7/site-packages/airflow/example_dags/example_branch_labels.py
[2023-04-10 11:47:54,897] {processor.py:632} INFO - DAG(s) dict_keys(['example_branch_labels']) retrieved from /home/airflow/.local/lib/python3.7/site-packages/airflow/example_dags/example_branch_labels.py
[2023-04-10 11:47:54,905] {logging_mixin.py:109} INFO - [2023-04-10 11:47:54,905] {dag.py:2389} INFO - Sync 1 DAGs
[2023-04-10 11:47:54,920] {logging_mixin.py:109} INFO - [2023-04-10 11:47:54,920] {dag.py:2921} INFO - Setting next_dagrun for example_branch_labels to 2023-04-09 00:00:00+00:00
[2023-04-10 11:47:54,927] {processor.py:171} INFO - Processing /home/airflow/.local/lib/python3.7/site-packages/airflow/example_dags/example_branch_labels.py took 0.056 seconds
[2023-04-10 11:48:03,396] {processor.py:163} INFO - Started process (PID=3116) to work on /home/airflow/.local/lib/python3.7/site-packages/airflow/example_dags/example_branch_labels.py
[2023-04-10 11:48:03,397] {processor.py:620} INFO - Processing file /home/airflow/.local/lib/python3.7/site-packages/airflow/example_dags/example_branch_labels.py for tasks to queue
[2023-04-10 11:48:03,398] {logging_mixin.py:109} INFO - [2023-04-10 11:48:03,398] {dagbag.py:500} INFO - Filling up the DagBag from /home/airflow/.local/lib/python3.7/site-packages/airflow/example_dags/example_branch_labels.py
[2023-04-10 11:48:03,420] {processor.py:632} INFO - DAG(s) dict_keys(['example_branch_labels']) retrieved from /home/airflow/.local/lib/python3.7/site-packages/airflow/example_dags/example_branch_labels.py
[2023-04-10 11:48:03,427] {logging_mixin.py:109} INFO - [2023-04-10 11:48:03,427] {dag.py:2389} INFO - Sync 1 DAGs
[2023-04-10 11:48:03,439] {logging_mixin.py:109} INFO - [2023-04-10 11:48:03,439] {dag.py:2921} INFO - Setting next_dagrun for example_branch_labels to 2023-04-09 00:00:00+00:00
[2023-04-10 11:48:03,446] {processor.py:171} INFO - Processing /home/airflow/.local/lib/python3.7/site-packages/airflow/example_dags/example_branch_labels.py took 0.052 seconds
[2023-04-10 11:48:25,200] {processor.py:163} INFO - Started process (PID=2663) to work on /home/airflow/.local/lib/python3.7/site-packages/airflow/example_dags/example_branch_labels.py
[2023-04-10 11:48:25,201] {processor.py:620} INFO - Processing file /home/airflow/.local/lib/python3.7/site-packages/airflow/example_dags/example_branch_labels.py for tasks to queue
[2023-04-10 11:48:25,201] {logging_mixin.py:109} INFO - [2023-04-10 11:48:25,201] {dagbag.py:500} INFO - Filling up the DagBag from /home/airflow/.local/lib/python3.7/site-packages/airflow/example_dags/example_branch_labels.py
[2023-04-10 11:48:25,222] {processor.py:632} INFO - DAG(s) dict_keys(['example_branch_labels']) retrieved from /home/airflow/.local/lib/python3.7/site-packages/airflow/example_dags/example_branch_labels.py
[2023-04-10 11:48:25,230] {logging_mixin.py:109} INFO - [2023-04-10 11:48:25,230] {dag.py:2389} INFO - Sync 1 DAGs
[2023-04-10 11:48:25,242] {logging_mixin.py:109} INFO - [2023-04-10 11:48:25,242] {dag.py:2921} INFO - Setting next_dagrun for example_branch_labels to 2023-04-09 00:00:00+00:00
[2023-04-10 11:48:25,250] {processor.py:171} INFO - Processing /home/airflow/.local/lib/python3.7/site-packages/airflow/example_dags/example_branch_labels.py took 0.052 seconds
[2023-04-10 11:48:56,108] {processor.py:163} INFO - Started process (PID=2723) to work on /home/airflow/.local/lib/python3.7/site-packages/airflow/example_dags/example_branch_labels.py
[2023-04-10 11:48:56,116] {processor.py:620} INFO - Processing file /home/airflow/.local/lib/python3.7/site-packages/airflow/example_dags/example_branch_labels.py for tasks to queue
[2023-04-10 11:48:56,117] {logging_mixin.py:109} INFO - [2023-04-10 11:48:56,117] {dagbag.py:500} INFO - Filling up the DagBag from /home/airflow/.local/lib/python3.7/site-packages/airflow/example_dags/example_branch_labels.py
[2023-04-10 11:48:56,153] {processor.py:632} INFO - DAG(s) dict_keys(['example_branch_labels']) retrieved from /home/airflow/.local/lib/python3.7/site-packages/airflow/example_dags/example_branch_labels.py
[2023-04-10 11:48:56,170] {logging_mixin.py:109} INFO - [2023-04-10 11:48:56,170] {dag.py:2389} INFO - Sync 1 DAGs
[2023-04-10 11:48:56,297] {logging_mixin.py:109} INFO - [2023-04-10 11:48:56,297] {dag.py:2921} INFO - Setting next_dagrun for example_branch_labels to 2023-04-09 00:00:00+00:00
[2023-04-10 11:48:56,307] {processor.py:171} INFO - Processing /home/airflow/.local/lib/python3.7/site-packages/airflow/example_dags/example_branch_labels.py took 0.203 seconds
