[2023-04-10 11:26:40,861] {processor.py:163} INFO - Started process (PID=103) to work on /home/airflow/.local/lib/python3.7/site-packages/airflow/example_dags/example_complex.py
[2023-04-10 11:26:40,862] {processor.py:620} INFO - Processing file /home/airflow/.local/lib/python3.7/site-packages/airflow/example_dags/example_complex.py for tasks to queue
[2023-04-10 11:26:40,863] {logging_mixin.py:109} INFO - [2023-04-10 11:26:40,863] {dagbag.py:500} INFO - Filling up the DagBag from /home/airflow/.local/lib/python3.7/site-packages/airflow/example_dags/example_complex.py
[2023-04-10 11:26:40,912] {processor.py:632} INFO - DAG(s) dict_keys(['example_complex']) retrieved from /home/airflow/.local/lib/python3.7/site-packages/airflow/example_dags/example_complex.py
[2023-04-10 11:26:43,190] {logging_mixin.py:109} INFO - [2023-04-10 11:26:43,190] {providers_manager.py:156} WARNING - Exception when importing 'airflow.providers.google.leveldb.hooks.leveldb.LevelDBHook' from 'apache-airflow-providers-google' package: No module named 'plyvel'
[2023-04-10 11:26:43,562] {logging_mixin.py:109} INFO - [2023-04-10 11:26:43,562] {providers_manager.py:156} WARNING - Exception when importing 'airflow.providers.google.leveldb.hooks.leveldb.LevelDBHook' from 'apache-airflow-providers-google' package: No module named 'plyvel'
[2023-04-10 11:26:43,581] {logging_mixin.py:109} INFO - [2023-04-10 11:26:43,581] {manager.py:496} INFO - Created Permission View: can read on DAG:example_complex
[2023-04-10 11:26:43,589] {logging_mixin.py:109} INFO - [2023-04-10 11:26:43,589] {manager.py:496} INFO - Created Permission View: can edit on DAG:example_complex
[2023-04-10 11:26:43,590] {logging_mixin.py:109} INFO - [2023-04-10 11:26:43,590] {dag.py:2389} INFO - Sync 1 DAGs
[2023-04-10 11:26:43,596] {logging_mixin.py:109} INFO - [2023-04-10 11:26:43,596] {dag.py:2408} INFO - Creating ORM DAG for example_complex
[2023-04-10 11:26:43,603] {logging_mixin.py:109} INFO - [2023-04-10 11:26:43,603] {dag.py:2921} INFO - Setting next_dagrun for example_complex to None
[2023-04-10 11:26:43,615] {processor.py:171} INFO - Processing /home/airflow/.local/lib/python3.7/site-packages/airflow/example_dags/example_complex.py took 2.758 seconds
[2023-04-10 11:27:14,276] {processor.py:163} INFO - Started process (PID=363) to work on /home/airflow/.local/lib/python3.7/site-packages/airflow/example_dags/example_complex.py
[2023-04-10 11:27:14,277] {processor.py:620} INFO - Processing file /home/airflow/.local/lib/python3.7/site-packages/airflow/example_dags/example_complex.py for tasks to queue
[2023-04-10 11:27:14,277] {logging_mixin.py:109} INFO - [2023-04-10 11:27:14,277] {dagbag.py:500} INFO - Filling up the DagBag from /home/airflow/.local/lib/python3.7/site-packages/airflow/example_dags/example_complex.py
[2023-04-10 11:27:14,313] {processor.py:632} INFO - DAG(s) dict_keys(['example_complex']) retrieved from /home/airflow/.local/lib/python3.7/site-packages/airflow/example_dags/example_complex.py
[2023-04-10 11:27:14,331] {logging_mixin.py:109} INFO - [2023-04-10 11:27:14,331] {dag.py:2389} INFO - Sync 1 DAGs
[2023-04-10 11:27:14,349] {logging_mixin.py:109} INFO - [2023-04-10 11:27:14,349] {dag.py:2921} INFO - Setting next_dagrun for example_complex to None
[2023-04-10 11:27:14,359] {processor.py:171} INFO - Processing /home/airflow/.local/lib/python3.7/site-packages/airflow/example_dags/example_complex.py took 0.086 seconds
[2023-04-10 11:27:44,649] {processor.py:163} INFO - Started process (PID=414) to work on /home/airflow/.local/lib/python3.7/site-packages/airflow/example_dags/example_complex.py
[2023-04-10 11:27:44,650] {processor.py:620} INFO - Processing file /home/airflow/.local/lib/python3.7/site-packages/airflow/example_dags/example_complex.py for tasks to queue
[2023-04-10 11:27:44,651] {logging_mixin.py:109} INFO - [2023-04-10 11:27:44,651] {dagbag.py:500} INFO - Filling up the DagBag from /home/airflow/.local/lib/python3.7/site-packages/airflow/example_dags/example_complex.py
[2023-04-10 11:27:44,675] {processor.py:632} INFO - DAG(s) dict_keys(['example_complex']) retrieved from /home/airflow/.local/lib/python3.7/site-packages/airflow/example_dags/example_complex.py
[2023-04-10 11:27:44,686] {logging_mixin.py:109} INFO - [2023-04-10 11:27:44,686] {dag.py:2389} INFO - Sync 1 DAGs
[2023-04-10 11:27:44,697] {logging_mixin.py:109} INFO - [2023-04-10 11:27:44,697] {dag.py:2921} INFO - Setting next_dagrun for example_complex to None
[2023-04-10 11:27:44,705] {processor.py:171} INFO - Processing /home/airflow/.local/lib/python3.7/site-packages/airflow/example_dags/example_complex.py took 0.058 seconds
[2023-04-10 11:28:14,785] {processor.py:163} INFO - Started process (PID=465) to work on /home/airflow/.local/lib/python3.7/site-packages/airflow/example_dags/example_complex.py
[2023-04-10 11:28:14,786] {processor.py:620} INFO - Processing file /home/airflow/.local/lib/python3.7/site-packages/airflow/example_dags/example_complex.py for tasks to queue
[2023-04-10 11:28:14,786] {logging_mixin.py:109} INFO - [2023-04-10 11:28:14,786] {dagbag.py:500} INFO - Filling up the DagBag from /home/airflow/.local/lib/python3.7/site-packages/airflow/example_dags/example_complex.py
[2023-04-10 11:28:14,818] {processor.py:632} INFO - DAG(s) dict_keys(['example_complex']) retrieved from /home/airflow/.local/lib/python3.7/site-packages/airflow/example_dags/example_complex.py
[2023-04-10 11:28:14,834] {logging_mixin.py:109} INFO - [2023-04-10 11:28:14,834] {dag.py:2389} INFO - Sync 1 DAGs
[2023-04-10 11:28:14,847] {logging_mixin.py:109} INFO - [2023-04-10 11:28:14,847] {dag.py:2921} INFO - Setting next_dagrun for example_complex to None
[2023-04-10 11:28:14,856] {processor.py:171} INFO - Processing /home/airflow/.local/lib/python3.7/site-packages/airflow/example_dags/example_complex.py took 0.073 seconds
[2023-04-10 11:28:45,046] {processor.py:163} INFO - Started process (PID=525) to work on /home/airflow/.local/lib/python3.7/site-packages/airflow/example_dags/example_complex.py
[2023-04-10 11:28:45,048] {processor.py:620} INFO - Processing file /home/airflow/.local/lib/python3.7/site-packages/airflow/example_dags/example_complex.py for tasks to queue
[2023-04-10 11:28:45,048] {logging_mixin.py:109} INFO - [2023-04-10 11:28:45,048] {dagbag.py:500} INFO - Filling up the DagBag from /home/airflow/.local/lib/python3.7/site-packages/airflow/example_dags/example_complex.py
[2023-04-10 11:28:45,079] {processor.py:632} INFO - DAG(s) dict_keys(['example_complex']) retrieved from /home/airflow/.local/lib/python3.7/site-packages/airflow/example_dags/example_complex.py
[2023-04-10 11:28:45,095] {logging_mixin.py:109} INFO - [2023-04-10 11:28:45,095] {dag.py:2389} INFO - Sync 1 DAGs
[2023-04-10 11:28:45,110] {logging_mixin.py:109} INFO - [2023-04-10 11:28:45,110] {dag.py:2921} INFO - Setting next_dagrun for example_complex to None
[2023-04-10 11:28:45,119] {processor.py:171} INFO - Processing /home/airflow/.local/lib/python3.7/site-packages/airflow/example_dags/example_complex.py took 0.076 seconds
[2023-04-10 11:29:15,166] {processor.py:163} INFO - Started process (PID=577) to work on /home/airflow/.local/lib/python3.7/site-packages/airflow/example_dags/example_complex.py
[2023-04-10 11:29:15,167] {processor.py:620} INFO - Processing file /home/airflow/.local/lib/python3.7/site-packages/airflow/example_dags/example_complex.py for tasks to queue
[2023-04-10 11:29:15,167] {logging_mixin.py:109} INFO - [2023-04-10 11:29:15,167] {dagbag.py:500} INFO - Filling up the DagBag from /home/airflow/.local/lib/python3.7/site-packages/airflow/example_dags/example_complex.py
[2023-04-10 11:29:15,195] {processor.py:632} INFO - DAG(s) dict_keys(['example_complex']) retrieved from /home/airflow/.local/lib/python3.7/site-packages/airflow/example_dags/example_complex.py
[2023-04-10 11:29:15,209] {logging_mixin.py:109} INFO - [2023-04-10 11:29:15,209] {dag.py:2389} INFO - Sync 1 DAGs
[2023-04-10 11:29:15,222] {logging_mixin.py:109} INFO - [2023-04-10 11:29:15,222] {dag.py:2921} INFO - Setting next_dagrun for example_complex to None
[2023-04-10 11:29:15,230] {processor.py:171} INFO - Processing /home/airflow/.local/lib/python3.7/site-packages/airflow/example_dags/example_complex.py took 0.065 seconds
[2023-04-10 11:29:45,479] {processor.py:163} INFO - Started process (PID=638) to work on /home/airflow/.local/lib/python3.7/site-packages/airflow/example_dags/example_complex.py
[2023-04-10 11:29:45,480] {processor.py:620} INFO - Processing file /home/airflow/.local/lib/python3.7/site-packages/airflow/example_dags/example_complex.py for tasks to queue
[2023-04-10 11:29:45,480] {logging_mixin.py:109} INFO - [2023-04-10 11:29:45,480] {dagbag.py:500} INFO - Filling up the DagBag from /home/airflow/.local/lib/python3.7/site-packages/airflow/example_dags/example_complex.py
[2023-04-10 11:29:45,512] {processor.py:632} INFO - DAG(s) dict_keys(['example_complex']) retrieved from /home/airflow/.local/lib/python3.7/site-packages/airflow/example_dags/example_complex.py
[2023-04-10 11:29:45,529] {logging_mixin.py:109} INFO - [2023-04-10 11:29:45,528] {dag.py:2389} INFO - Sync 1 DAGs
[2023-04-10 11:29:45,544] {logging_mixin.py:109} INFO - [2023-04-10 11:29:45,544] {dag.py:2921} INFO - Setting next_dagrun for example_complex to None
[2023-04-10 11:29:45,555] {processor.py:171} INFO - Processing /home/airflow/.local/lib/python3.7/site-packages/airflow/example_dags/example_complex.py took 0.080 seconds
[2023-04-10 11:30:15,954] {processor.py:163} INFO - Started process (PID=689) to work on /home/airflow/.local/lib/python3.7/site-packages/airflow/example_dags/example_complex.py
[2023-04-10 11:30:15,955] {processor.py:620} INFO - Processing file /home/airflow/.local/lib/python3.7/site-packages/airflow/example_dags/example_complex.py for tasks to queue
[2023-04-10 11:30:15,955] {logging_mixin.py:109} INFO - [2023-04-10 11:30:15,955] {dagbag.py:500} INFO - Filling up the DagBag from /home/airflow/.local/lib/python3.7/site-packages/airflow/example_dags/example_complex.py
[2023-04-10 11:30:15,982] {processor.py:632} INFO - DAG(s) dict_keys(['example_complex']) retrieved from /home/airflow/.local/lib/python3.7/site-packages/airflow/example_dags/example_complex.py
[2023-04-10 11:30:15,995] {logging_mixin.py:109} INFO - [2023-04-10 11:30:15,995] {dag.py:2389} INFO - Sync 1 DAGs
[2023-04-10 11:30:16,006] {logging_mixin.py:109} INFO - [2023-04-10 11:30:16,006] {dag.py:2921} INFO - Setting next_dagrun for example_complex to None
[2023-04-10 11:30:16,015] {processor.py:171} INFO - Processing /home/airflow/.local/lib/python3.7/site-packages/airflow/example_dags/example_complex.py took 0.063 seconds
[2023-04-10 11:30:46,343] {processor.py:163} INFO - Started process (PID=740) to work on /home/airflow/.local/lib/python3.7/site-packages/airflow/example_dags/example_complex.py
[2023-04-10 11:30:46,344] {processor.py:620} INFO - Processing file /home/airflow/.local/lib/python3.7/site-packages/airflow/example_dags/example_complex.py for tasks to queue
[2023-04-10 11:30:46,345] {logging_mixin.py:109} INFO - [2023-04-10 11:30:46,344] {dagbag.py:500} INFO - Filling up the DagBag from /home/airflow/.local/lib/python3.7/site-packages/airflow/example_dags/example_complex.py
[2023-04-10 11:30:46,440] {processor.py:632} INFO - DAG(s) dict_keys(['example_complex']) retrieved from /home/airflow/.local/lib/python3.7/site-packages/airflow/example_dags/example_complex.py
[2023-04-10 11:30:46,454] {logging_mixin.py:109} INFO - [2023-04-10 11:30:46,453] {dag.py:2389} INFO - Sync 1 DAGs
[2023-04-10 11:30:46,465] {logging_mixin.py:109} INFO - [2023-04-10 11:30:46,465] {dag.py:2921} INFO - Setting next_dagrun for example_complex to None
[2023-04-10 11:30:46,473] {processor.py:171} INFO - Processing /home/airflow/.local/lib/python3.7/site-packages/airflow/example_dags/example_complex.py took 0.132 seconds
[2023-04-10 11:31:16,730] {processor.py:163} INFO - Started process (PID=800) to work on /home/airflow/.local/lib/python3.7/site-packages/airflow/example_dags/example_complex.py
[2023-04-10 11:31:16,731] {processor.py:620} INFO - Processing file /home/airflow/.local/lib/python3.7/site-packages/airflow/example_dags/example_complex.py for tasks to queue
[2023-04-10 11:31:16,732] {logging_mixin.py:109} INFO - [2023-04-10 11:31:16,732] {dagbag.py:500} INFO - Filling up the DagBag from /home/airflow/.local/lib/python3.7/site-packages/airflow/example_dags/example_complex.py
[2023-04-10 11:31:16,763] {processor.py:632} INFO - DAG(s) dict_keys(['example_complex']) retrieved from /home/airflow/.local/lib/python3.7/site-packages/airflow/example_dags/example_complex.py
[2023-04-10 11:31:16,777] {logging_mixin.py:109} INFO - [2023-04-10 11:31:16,777] {dag.py:2389} INFO - Sync 1 DAGs
[2023-04-10 11:31:16,795] {logging_mixin.py:109} INFO - [2023-04-10 11:31:16,795] {dag.py:2921} INFO - Setting next_dagrun for example_complex to None
[2023-04-10 11:31:16,805] {processor.py:171} INFO - Processing /home/airflow/.local/lib/python3.7/site-packages/airflow/example_dags/example_complex.py took 0.077 seconds
[2023-04-10 11:31:47,081] {processor.py:163} INFO - Started process (PID=851) to work on /home/airflow/.local/lib/python3.7/site-packages/airflow/example_dags/example_complex.py
[2023-04-10 11:31:47,082] {processor.py:620} INFO - Processing file /home/airflow/.local/lib/python3.7/site-packages/airflow/example_dags/example_complex.py for tasks to queue
[2023-04-10 11:31:47,082] {logging_mixin.py:109} INFO - [2023-04-10 11:31:47,082] {dagbag.py:500} INFO - Filling up the DagBag from /home/airflow/.local/lib/python3.7/site-packages/airflow/example_dags/example_complex.py
[2023-04-10 11:31:47,109] {processor.py:632} INFO - DAG(s) dict_keys(['example_complex']) retrieved from /home/airflow/.local/lib/python3.7/site-packages/airflow/example_dags/example_complex.py
[2023-04-10 11:31:47,126] {logging_mixin.py:109} INFO - [2023-04-10 11:31:47,126] {dag.py:2389} INFO - Sync 1 DAGs
[2023-04-10 11:31:47,140] {logging_mixin.py:109} INFO - [2023-04-10 11:31:47,140] {dag.py:2921} INFO - Setting next_dagrun for example_complex to None
[2023-04-10 11:31:47,148] {processor.py:171} INFO - Processing /home/airflow/.local/lib/python3.7/site-packages/airflow/example_dags/example_complex.py took 0.070 seconds
[2023-04-10 11:32:17,220] {processor.py:163} INFO - Started process (PID=913) to work on /home/airflow/.local/lib/python3.7/site-packages/airflow/example_dags/example_complex.py
[2023-04-10 11:32:17,221] {processor.py:620} INFO - Processing file /home/airflow/.local/lib/python3.7/site-packages/airflow/example_dags/example_complex.py for tasks to queue
[2023-04-10 11:32:17,221] {logging_mixin.py:109} INFO - [2023-04-10 11:32:17,221] {dagbag.py:500} INFO - Filling up the DagBag from /home/airflow/.local/lib/python3.7/site-packages/airflow/example_dags/example_complex.py
[2023-04-10 11:32:17,252] {processor.py:632} INFO - DAG(s) dict_keys(['example_complex']) retrieved from /home/airflow/.local/lib/python3.7/site-packages/airflow/example_dags/example_complex.py
[2023-04-10 11:32:17,268] {logging_mixin.py:109} INFO - [2023-04-10 11:32:17,267] {dag.py:2389} INFO - Sync 1 DAGs
[2023-04-10 11:32:17,283] {logging_mixin.py:109} INFO - [2023-04-10 11:32:17,283] {dag.py:2921} INFO - Setting next_dagrun for example_complex to None
[2023-04-10 11:32:17,291] {processor.py:171} INFO - Processing /home/airflow/.local/lib/python3.7/site-packages/airflow/example_dags/example_complex.py took 0.074 seconds
[2023-04-10 11:32:47,524] {processor.py:163} INFO - Started process (PID=964) to work on /home/airflow/.local/lib/python3.7/site-packages/airflow/example_dags/example_complex.py
[2023-04-10 11:32:47,524] {processor.py:620} INFO - Processing file /home/airflow/.local/lib/python3.7/site-packages/airflow/example_dags/example_complex.py for tasks to queue
[2023-04-10 11:32:47,525] {logging_mixin.py:109} INFO - [2023-04-10 11:32:47,525] {dagbag.py:500} INFO - Filling up the DagBag from /home/airflow/.local/lib/python3.7/site-packages/airflow/example_dags/example_complex.py
[2023-04-10 11:32:47,551] {processor.py:632} INFO - DAG(s) dict_keys(['example_complex']) retrieved from /home/airflow/.local/lib/python3.7/site-packages/airflow/example_dags/example_complex.py
[2023-04-10 11:32:47,564] {logging_mixin.py:109} INFO - [2023-04-10 11:32:47,564] {dag.py:2389} INFO - Sync 1 DAGs
[2023-04-10 11:32:47,575] {logging_mixin.py:109} INFO - [2023-04-10 11:32:47,575] {dag.py:2921} INFO - Setting next_dagrun for example_complex to None
[2023-04-10 11:32:47,583] {processor.py:171} INFO - Processing /home/airflow/.local/lib/python3.7/site-packages/airflow/example_dags/example_complex.py took 0.062 seconds
[2023-04-10 11:33:17,978] {processor.py:163} INFO - Started process (PID=1025) to work on /home/airflow/.local/lib/python3.7/site-packages/airflow/example_dags/example_complex.py
[2023-04-10 11:33:17,979] {processor.py:620} INFO - Processing file /home/airflow/.local/lib/python3.7/site-packages/airflow/example_dags/example_complex.py for tasks to queue
[2023-04-10 11:33:17,979] {logging_mixin.py:109} INFO - [2023-04-10 11:33:17,979] {dagbag.py:500} INFO - Filling up the DagBag from /home/airflow/.local/lib/python3.7/site-packages/airflow/example_dags/example_complex.py
[2023-04-10 11:33:18,010] {processor.py:632} INFO - DAG(s) dict_keys(['example_complex']) retrieved from /home/airflow/.local/lib/python3.7/site-packages/airflow/example_dags/example_complex.py
[2023-04-10 11:33:18,024] {logging_mixin.py:109} INFO - [2023-04-10 11:33:18,024] {dag.py:2389} INFO - Sync 1 DAGs
[2023-04-10 11:33:18,039] {logging_mixin.py:109} INFO - [2023-04-10 11:33:18,039] {dag.py:2921} INFO - Setting next_dagrun for example_complex to None
[2023-04-10 11:33:18,048] {processor.py:171} INFO - Processing /home/airflow/.local/lib/python3.7/site-packages/airflow/example_dags/example_complex.py took 0.074 seconds
[2023-04-10 11:33:48,543] {processor.py:163} INFO - Started process (PID=1076) to work on /home/airflow/.local/lib/python3.7/site-packages/airflow/example_dags/example_complex.py
[2023-04-10 11:33:48,544] {processor.py:620} INFO - Processing file /home/airflow/.local/lib/python3.7/site-packages/airflow/example_dags/example_complex.py for tasks to queue
[2023-04-10 11:33:48,544] {logging_mixin.py:109} INFO - [2023-04-10 11:33:48,544] {dagbag.py:500} INFO - Filling up the DagBag from /home/airflow/.local/lib/python3.7/site-packages/airflow/example_dags/example_complex.py
[2023-04-10 11:33:48,575] {processor.py:632} INFO - DAG(s) dict_keys(['example_complex']) retrieved from /home/airflow/.local/lib/python3.7/site-packages/airflow/example_dags/example_complex.py
[2023-04-10 11:33:48,590] {logging_mixin.py:109} INFO - [2023-04-10 11:33:48,590] {dag.py:2389} INFO - Sync 1 DAGs
[2023-04-10 11:33:48,604] {logging_mixin.py:109} INFO - [2023-04-10 11:33:48,604] {dag.py:2921} INFO - Setting next_dagrun for example_complex to None
[2023-04-10 11:33:48,613] {processor.py:171} INFO - Processing /home/airflow/.local/lib/python3.7/site-packages/airflow/example_dags/example_complex.py took 0.073 seconds
[2023-04-10 11:34:18,961] {processor.py:163} INFO - Started process (PID=1136) to work on /home/airflow/.local/lib/python3.7/site-packages/airflow/example_dags/example_complex.py
[2023-04-10 11:34:18,962] {processor.py:620} INFO - Processing file /home/airflow/.local/lib/python3.7/site-packages/airflow/example_dags/example_complex.py for tasks to queue
[2023-04-10 11:34:18,963] {logging_mixin.py:109} INFO - [2023-04-10 11:34:18,963] {dagbag.py:500} INFO - Filling up the DagBag from /home/airflow/.local/lib/python3.7/site-packages/airflow/example_dags/example_complex.py
[2023-04-10 11:34:19,000] {processor.py:632} INFO - DAG(s) dict_keys(['example_complex']) retrieved from /home/airflow/.local/lib/python3.7/site-packages/airflow/example_dags/example_complex.py
[2023-04-10 11:34:19,018] {logging_mixin.py:109} INFO - [2023-04-10 11:34:19,017] {dag.py:2389} INFO - Sync 1 DAGs
[2023-04-10 11:34:19,033] {logging_mixin.py:109} INFO - [2023-04-10 11:34:19,032] {dag.py:2921} INFO - Setting next_dagrun for example_complex to None
[2023-04-10 11:34:19,041] {processor.py:171} INFO - Processing /home/airflow/.local/lib/python3.7/site-packages/airflow/example_dags/example_complex.py took 0.083 seconds
[2023-04-10 11:34:49,267] {processor.py:163} INFO - Started process (PID=1187) to work on /home/airflow/.local/lib/python3.7/site-packages/airflow/example_dags/example_complex.py
[2023-04-10 11:34:49,268] {processor.py:620} INFO - Processing file /home/airflow/.local/lib/python3.7/site-packages/airflow/example_dags/example_complex.py for tasks to queue
[2023-04-10 11:34:49,269] {logging_mixin.py:109} INFO - [2023-04-10 11:34:49,269] {dagbag.py:500} INFO - Filling up the DagBag from /home/airflow/.local/lib/python3.7/site-packages/airflow/example_dags/example_complex.py
[2023-04-10 11:34:49,300] {processor.py:632} INFO - DAG(s) dict_keys(['example_complex']) retrieved from /home/airflow/.local/lib/python3.7/site-packages/airflow/example_dags/example_complex.py
[2023-04-10 11:34:49,314] {logging_mixin.py:109} INFO - [2023-04-10 11:34:49,314] {dag.py:2389} INFO - Sync 1 DAGs
[2023-04-10 11:34:49,326] {logging_mixin.py:109} INFO - [2023-04-10 11:34:49,326] {dag.py:2921} INFO - Setting next_dagrun for example_complex to None
[2023-04-10 11:34:49,335] {processor.py:171} INFO - Processing /home/airflow/.local/lib/python3.7/site-packages/airflow/example_dags/example_complex.py took 0.070 seconds
[2023-04-10 11:35:19,568] {processor.py:163} INFO - Started process (PID=1237) to work on /home/airflow/.local/lib/python3.7/site-packages/airflow/example_dags/example_complex.py
[2023-04-10 11:35:19,569] {processor.py:620} INFO - Processing file /home/airflow/.local/lib/python3.7/site-packages/airflow/example_dags/example_complex.py for tasks to queue
[2023-04-10 11:35:19,569] {logging_mixin.py:109} INFO - [2023-04-10 11:35:19,569] {dagbag.py:500} INFO - Filling up the DagBag from /home/airflow/.local/lib/python3.7/site-packages/airflow/example_dags/example_complex.py
[2023-04-10 11:35:19,600] {processor.py:632} INFO - DAG(s) dict_keys(['example_complex']) retrieved from /home/airflow/.local/lib/python3.7/site-packages/airflow/example_dags/example_complex.py
[2023-04-10 11:35:19,613] {logging_mixin.py:109} INFO - [2023-04-10 11:35:19,612] {dag.py:2389} INFO - Sync 1 DAGs
[2023-04-10 11:35:19,625] {logging_mixin.py:109} INFO - [2023-04-10 11:35:19,625] {dag.py:2921} INFO - Setting next_dagrun for example_complex to None
[2023-04-10 11:35:19,634] {processor.py:171} INFO - Processing /home/airflow/.local/lib/python3.7/site-packages/airflow/example_dags/example_complex.py took 0.069 seconds
[2023-04-10 11:35:49,901] {processor.py:163} INFO - Started process (PID=1297) to work on /home/airflow/.local/lib/python3.7/site-packages/airflow/example_dags/example_complex.py
[2023-04-10 11:35:49,902] {processor.py:620} INFO - Processing file /home/airflow/.local/lib/python3.7/site-packages/airflow/example_dags/example_complex.py for tasks to queue
[2023-04-10 11:35:49,902] {logging_mixin.py:109} INFO - [2023-04-10 11:35:49,902] {dagbag.py:500} INFO - Filling up the DagBag from /home/airflow/.local/lib/python3.7/site-packages/airflow/example_dags/example_complex.py
[2023-04-10 11:35:49,929] {processor.py:632} INFO - DAG(s) dict_keys(['example_complex']) retrieved from /home/airflow/.local/lib/python3.7/site-packages/airflow/example_dags/example_complex.py
[2023-04-10 11:35:49,941] {logging_mixin.py:109} INFO - [2023-04-10 11:35:49,941] {dag.py:2389} INFO - Sync 1 DAGs
[2023-04-10 11:35:49,952] {logging_mixin.py:109} INFO - [2023-04-10 11:35:49,951] {dag.py:2921} INFO - Setting next_dagrun for example_complex to None
[2023-04-10 11:35:49,960] {processor.py:171} INFO - Processing /home/airflow/.local/lib/python3.7/site-packages/airflow/example_dags/example_complex.py took 0.061 seconds
[2023-04-10 11:36:20,274] {processor.py:163} INFO - Started process (PID=1349) to work on /home/airflow/.local/lib/python3.7/site-packages/airflow/example_dags/example_complex.py
[2023-04-10 11:36:20,276] {processor.py:620} INFO - Processing file /home/airflow/.local/lib/python3.7/site-packages/airflow/example_dags/example_complex.py for tasks to queue
[2023-04-10 11:36:20,276] {logging_mixin.py:109} INFO - [2023-04-10 11:36:20,276] {dagbag.py:500} INFO - Filling up the DagBag from /home/airflow/.local/lib/python3.7/site-packages/airflow/example_dags/example_complex.py
[2023-04-10 11:36:20,314] {processor.py:632} INFO - DAG(s) dict_keys(['example_complex']) retrieved from /home/airflow/.local/lib/python3.7/site-packages/airflow/example_dags/example_complex.py
[2023-04-10 11:36:20,333] {logging_mixin.py:109} INFO - [2023-04-10 11:36:20,332] {dag.py:2389} INFO - Sync 1 DAGs
[2023-04-10 11:36:20,351] {logging_mixin.py:109} INFO - [2023-04-10 11:36:20,351] {dag.py:2921} INFO - Setting next_dagrun for example_complex to None
[2023-04-10 11:36:20,360] {processor.py:171} INFO - Processing /home/airflow/.local/lib/python3.7/site-packages/airflow/example_dags/example_complex.py took 0.089 seconds
[2023-04-10 11:36:50,692] {processor.py:163} INFO - Started process (PID=1410) to work on /home/airflow/.local/lib/python3.7/site-packages/airflow/example_dags/example_complex.py
[2023-04-10 11:36:50,693] {processor.py:620} INFO - Processing file /home/airflow/.local/lib/python3.7/site-packages/airflow/example_dags/example_complex.py for tasks to queue
[2023-04-10 11:36:50,694] {logging_mixin.py:109} INFO - [2023-04-10 11:36:50,693] {dagbag.py:500} INFO - Filling up the DagBag from /home/airflow/.local/lib/python3.7/site-packages/airflow/example_dags/example_complex.py
[2023-04-10 11:36:50,723] {processor.py:632} INFO - DAG(s) dict_keys(['example_complex']) retrieved from /home/airflow/.local/lib/python3.7/site-packages/airflow/example_dags/example_complex.py
[2023-04-10 11:36:50,740] {logging_mixin.py:109} INFO - [2023-04-10 11:36:50,740] {dag.py:2389} INFO - Sync 1 DAGs
[2023-04-10 11:36:50,756] {logging_mixin.py:109} INFO - [2023-04-10 11:36:50,756] {dag.py:2921} INFO - Setting next_dagrun for example_complex to None
[2023-04-10 11:36:50,765] {processor.py:171} INFO - Processing /home/airflow/.local/lib/python3.7/site-packages/airflow/example_dags/example_complex.py took 0.075 seconds
[2023-04-10 11:37:21,025] {processor.py:163} INFO - Started process (PID=1461) to work on /home/airflow/.local/lib/python3.7/site-packages/airflow/example_dags/example_complex.py
[2023-04-10 11:37:21,026] {processor.py:620} INFO - Processing file /home/airflow/.local/lib/python3.7/site-packages/airflow/example_dags/example_complex.py for tasks to queue
[2023-04-10 11:37:21,027] {logging_mixin.py:109} INFO - [2023-04-10 11:37:21,026] {dagbag.py:500} INFO - Filling up the DagBag from /home/airflow/.local/lib/python3.7/site-packages/airflow/example_dags/example_complex.py
[2023-04-10 11:37:21,056] {processor.py:632} INFO - DAG(s) dict_keys(['example_complex']) retrieved from /home/airflow/.local/lib/python3.7/site-packages/airflow/example_dags/example_complex.py
[2023-04-10 11:37:21,070] {logging_mixin.py:109} INFO - [2023-04-10 11:37:21,069] {dag.py:2389} INFO - Sync 1 DAGs
[2023-04-10 11:37:21,086] {logging_mixin.py:109} INFO - [2023-04-10 11:37:21,086] {dag.py:2921} INFO - Setting next_dagrun for example_complex to None
[2023-04-10 11:37:21,096] {processor.py:171} INFO - Processing /home/airflow/.local/lib/python3.7/site-packages/airflow/example_dags/example_complex.py took 0.074 seconds
[2023-04-10 11:37:52,323] {processor.py:163} INFO - Started process (PID=1522) to work on /home/airflow/.local/lib/python3.7/site-packages/airflow/example_dags/example_complex.py
[2023-04-10 11:37:52,324] {processor.py:620} INFO - Processing file /home/airflow/.local/lib/python3.7/site-packages/airflow/example_dags/example_complex.py for tasks to queue
[2023-04-10 11:37:52,325] {logging_mixin.py:109} INFO - [2023-04-10 11:37:52,325] {dagbag.py:500} INFO - Filling up the DagBag from /home/airflow/.local/lib/python3.7/site-packages/airflow/example_dags/example_complex.py
[2023-04-10 11:37:52,353] {processor.py:632} INFO - DAG(s) dict_keys(['example_complex']) retrieved from /home/airflow/.local/lib/python3.7/site-packages/airflow/example_dags/example_complex.py
[2023-04-10 11:37:52,368] {logging_mixin.py:109} INFO - [2023-04-10 11:37:52,368] {dag.py:2389} INFO - Sync 1 DAGs
[2023-04-10 11:37:52,383] {logging_mixin.py:109} INFO - [2023-04-10 11:37:52,382] {dag.py:2921} INFO - Setting next_dagrun for example_complex to None
[2023-04-10 11:37:52,391] {processor.py:171} INFO - Processing /home/airflow/.local/lib/python3.7/site-packages/airflow/example_dags/example_complex.py took 0.071 seconds
[2023-04-10 11:38:22,616] {processor.py:163} INFO - Started process (PID=1573) to work on /home/airflow/.local/lib/python3.7/site-packages/airflow/example_dags/example_complex.py
[2023-04-10 11:38:22,616] {processor.py:620} INFO - Processing file /home/airflow/.local/lib/python3.7/site-packages/airflow/example_dags/example_complex.py for tasks to queue
[2023-04-10 11:38:22,617] {logging_mixin.py:109} INFO - [2023-04-10 11:38:22,617] {dagbag.py:500} INFO - Filling up the DagBag from /home/airflow/.local/lib/python3.7/site-packages/airflow/example_dags/example_complex.py
[2023-04-10 11:38:22,647] {processor.py:632} INFO - DAG(s) dict_keys(['example_complex']) retrieved from /home/airflow/.local/lib/python3.7/site-packages/airflow/example_dags/example_complex.py
[2023-04-10 11:38:22,662] {logging_mixin.py:109} INFO - [2023-04-10 11:38:22,662] {dag.py:2389} INFO - Sync 1 DAGs
[2023-04-10 11:38:22,674] {logging_mixin.py:109} INFO - [2023-04-10 11:38:22,674] {dag.py:2921} INFO - Setting next_dagrun for example_complex to None
[2023-04-10 11:38:22,682] {processor.py:171} INFO - Processing /home/airflow/.local/lib/python3.7/site-packages/airflow/example_dags/example_complex.py took 0.069 seconds
[2023-04-10 11:38:53,778] {processor.py:163} INFO - Started process (PID=1631) to work on /home/airflow/.local/lib/python3.7/site-packages/airflow/example_dags/example_complex.py
[2023-04-10 11:38:53,780] {processor.py:620} INFO - Processing file /home/airflow/.local/lib/python3.7/site-packages/airflow/example_dags/example_complex.py for tasks to queue
[2023-04-10 11:38:53,780] {logging_mixin.py:109} INFO - [2023-04-10 11:38:53,780] {dagbag.py:500} INFO - Filling up the DagBag from /home/airflow/.local/lib/python3.7/site-packages/airflow/example_dags/example_complex.py
[2023-04-10 11:38:53,808] {processor.py:632} INFO - DAG(s) dict_keys(['example_complex']) retrieved from /home/airflow/.local/lib/python3.7/site-packages/airflow/example_dags/example_complex.py
[2023-04-10 11:38:53,823] {logging_mixin.py:109} INFO - [2023-04-10 11:38:53,822] {dag.py:2389} INFO - Sync 1 DAGs
[2023-04-10 11:38:53,835] {logging_mixin.py:109} INFO - [2023-04-10 11:38:53,835] {dag.py:2921} INFO - Setting next_dagrun for example_complex to None
[2023-04-10 11:38:53,844] {processor.py:171} INFO - Processing /home/airflow/.local/lib/python3.7/site-packages/airflow/example_dags/example_complex.py took 0.069 seconds
[2023-04-10 11:39:24,033] {processor.py:163} INFO - Started process (PID=1684) to work on /home/airflow/.local/lib/python3.7/site-packages/airflow/example_dags/example_complex.py
[2023-04-10 11:39:24,034] {processor.py:620} INFO - Processing file /home/airflow/.local/lib/python3.7/site-packages/airflow/example_dags/example_complex.py for tasks to queue
[2023-04-10 11:39:24,034] {logging_mixin.py:109} INFO - [2023-04-10 11:39:24,034] {dagbag.py:500} INFO - Filling up the DagBag from /home/airflow/.local/lib/python3.7/site-packages/airflow/example_dags/example_complex.py
[2023-04-10 11:39:24,061] {processor.py:632} INFO - DAG(s) dict_keys(['example_complex']) retrieved from /home/airflow/.local/lib/python3.7/site-packages/airflow/example_dags/example_complex.py
[2023-04-10 11:39:24,075] {logging_mixin.py:109} INFO - [2023-04-10 11:39:24,075] {dag.py:2389} INFO - Sync 1 DAGs
[2023-04-10 11:39:24,089] {logging_mixin.py:109} INFO - [2023-04-10 11:39:24,089] {dag.py:2921} INFO - Setting next_dagrun for example_complex to None
[2023-04-10 11:39:24,097] {processor.py:171} INFO - Processing /home/airflow/.local/lib/python3.7/site-packages/airflow/example_dags/example_complex.py took 0.067 seconds
[2023-04-10 11:39:54,382] {processor.py:163} INFO - Started process (PID=1735) to work on /home/airflow/.local/lib/python3.7/site-packages/airflow/example_dags/example_complex.py
[2023-04-10 11:39:54,384] {processor.py:620} INFO - Processing file /home/airflow/.local/lib/python3.7/site-packages/airflow/example_dags/example_complex.py for tasks to queue
[2023-04-10 11:39:54,384] {logging_mixin.py:109} INFO - [2023-04-10 11:39:54,384] {dagbag.py:500} INFO - Filling up the DagBag from /home/airflow/.local/lib/python3.7/site-packages/airflow/example_dags/example_complex.py
[2023-04-10 11:39:54,410] {processor.py:632} INFO - DAG(s) dict_keys(['example_complex']) retrieved from /home/airflow/.local/lib/python3.7/site-packages/airflow/example_dags/example_complex.py
[2023-04-10 11:39:54,421] {logging_mixin.py:109} INFO - [2023-04-10 11:39:54,420] {dag.py:2389} INFO - Sync 1 DAGs
[2023-04-10 11:39:54,432] {logging_mixin.py:109} INFO - [2023-04-10 11:39:54,432] {dag.py:2921} INFO - Setting next_dagrun for example_complex to None
[2023-04-10 11:39:54,441] {processor.py:171} INFO - Processing /home/airflow/.local/lib/python3.7/site-packages/airflow/example_dags/example_complex.py took 0.060 seconds
[2023-04-10 11:40:25,555] {processor.py:163} INFO - Started process (PID=1795) to work on /home/airflow/.local/lib/python3.7/site-packages/airflow/example_dags/example_complex.py
[2023-04-10 11:40:25,557] {processor.py:620} INFO - Processing file /home/airflow/.local/lib/python3.7/site-packages/airflow/example_dags/example_complex.py for tasks to queue
[2023-04-10 11:40:25,557] {logging_mixin.py:109} INFO - [2023-04-10 11:40:25,557] {dagbag.py:500} INFO - Filling up the DagBag from /home/airflow/.local/lib/python3.7/site-packages/airflow/example_dags/example_complex.py
[2023-04-10 11:40:25,587] {processor.py:632} INFO - DAG(s) dict_keys(['example_complex']) retrieved from /home/airflow/.local/lib/python3.7/site-packages/airflow/example_dags/example_complex.py
[2023-04-10 11:40:25,599] {logging_mixin.py:109} INFO - [2023-04-10 11:40:25,599] {dag.py:2389} INFO - Sync 1 DAGs
[2023-04-10 11:40:25,610] {logging_mixin.py:109} INFO - [2023-04-10 11:40:25,609] {dag.py:2921} INFO - Setting next_dagrun for example_complex to None
[2023-04-10 11:40:25,618] {processor.py:171} INFO - Processing /home/airflow/.local/lib/python3.7/site-packages/airflow/example_dags/example_complex.py took 0.066 seconds
[2023-04-10 11:40:55,892] {processor.py:163} INFO - Started process (PID=1846) to work on /home/airflow/.local/lib/python3.7/site-packages/airflow/example_dags/example_complex.py
[2023-04-10 11:40:55,893] {processor.py:620} INFO - Processing file /home/airflow/.local/lib/python3.7/site-packages/airflow/example_dags/example_complex.py for tasks to queue
[2023-04-10 11:40:55,893] {logging_mixin.py:109} INFO - [2023-04-10 11:40:55,893] {dagbag.py:500} INFO - Filling up the DagBag from /home/airflow/.local/lib/python3.7/site-packages/airflow/example_dags/example_complex.py
[2023-04-10 11:40:55,917] {processor.py:632} INFO - DAG(s) dict_keys(['example_complex']) retrieved from /home/airflow/.local/lib/python3.7/site-packages/airflow/example_dags/example_complex.py
[2023-04-10 11:40:55,928] {logging_mixin.py:109} INFO - [2023-04-10 11:40:55,928] {dag.py:2389} INFO - Sync 1 DAGs
[2023-04-10 11:40:55,939] {logging_mixin.py:109} INFO - [2023-04-10 11:40:55,938] {dag.py:2921} INFO - Setting next_dagrun for example_complex to None
[2023-04-10 11:40:55,946] {processor.py:171} INFO - Processing /home/airflow/.local/lib/python3.7/site-packages/airflow/example_dags/example_complex.py took 0.056 seconds
[2023-04-10 11:41:26,130] {processor.py:163} INFO - Started process (PID=1906) to work on /home/airflow/.local/lib/python3.7/site-packages/airflow/example_dags/example_complex.py
[2023-04-10 11:41:26,131] {processor.py:620} INFO - Processing file /home/airflow/.local/lib/python3.7/site-packages/airflow/example_dags/example_complex.py for tasks to queue
[2023-04-10 11:41:26,132] {logging_mixin.py:109} INFO - [2023-04-10 11:41:26,132] {dagbag.py:500} INFO - Filling up the DagBag from /home/airflow/.local/lib/python3.7/site-packages/airflow/example_dags/example_complex.py
[2023-04-10 11:41:26,158] {processor.py:632} INFO - DAG(s) dict_keys(['example_complex']) retrieved from /home/airflow/.local/lib/python3.7/site-packages/airflow/example_dags/example_complex.py
[2023-04-10 11:41:26,171] {logging_mixin.py:109} INFO - [2023-04-10 11:41:26,171] {dag.py:2389} INFO - Sync 1 DAGs
[2023-04-10 11:41:26,183] {logging_mixin.py:109} INFO - [2023-04-10 11:41:26,183] {dag.py:2921} INFO - Setting next_dagrun for example_complex to None
[2023-04-10 11:41:26,192] {processor.py:171} INFO - Processing /home/airflow/.local/lib/python3.7/site-packages/airflow/example_dags/example_complex.py took 0.064 seconds
[2023-04-10 11:41:56,447] {processor.py:163} INFO - Started process (PID=1957) to work on /home/airflow/.local/lib/python3.7/site-packages/airflow/example_dags/example_complex.py
[2023-04-10 11:41:56,448] {processor.py:620} INFO - Processing file /home/airflow/.local/lib/python3.7/site-packages/airflow/example_dags/example_complex.py for tasks to queue
[2023-04-10 11:41:56,449] {logging_mixin.py:109} INFO - [2023-04-10 11:41:56,449] {dagbag.py:500} INFO - Filling up the DagBag from /home/airflow/.local/lib/python3.7/site-packages/airflow/example_dags/example_complex.py
[2023-04-10 11:41:56,480] {processor.py:632} INFO - DAG(s) dict_keys(['example_complex']) retrieved from /home/airflow/.local/lib/python3.7/site-packages/airflow/example_dags/example_complex.py
[2023-04-10 11:41:56,494] {logging_mixin.py:109} INFO - [2023-04-10 11:41:56,494] {dag.py:2389} INFO - Sync 1 DAGs
[2023-04-10 11:41:56,507] {logging_mixin.py:109} INFO - [2023-04-10 11:41:56,507] {dag.py:2921} INFO - Setting next_dagrun for example_complex to None
[2023-04-10 11:41:56,515] {processor.py:171} INFO - Processing /home/airflow/.local/lib/python3.7/site-packages/airflow/example_dags/example_complex.py took 0.071 seconds
[2023-04-10 11:42:26,829] {processor.py:163} INFO - Started process (PID=2018) to work on /home/airflow/.local/lib/python3.7/site-packages/airflow/example_dags/example_complex.py
[2023-04-10 11:42:26,830] {processor.py:620} INFO - Processing file /home/airflow/.local/lib/python3.7/site-packages/airflow/example_dags/example_complex.py for tasks to queue
[2023-04-10 11:42:26,831] {logging_mixin.py:109} INFO - [2023-04-10 11:42:26,831] {dagbag.py:500} INFO - Filling up the DagBag from /home/airflow/.local/lib/python3.7/site-packages/airflow/example_dags/example_complex.py
[2023-04-10 11:42:26,856] {processor.py:632} INFO - DAG(s) dict_keys(['example_complex']) retrieved from /home/airflow/.local/lib/python3.7/site-packages/airflow/example_dags/example_complex.py
[2023-04-10 11:42:26,870] {logging_mixin.py:109} INFO - [2023-04-10 11:42:26,870] {dag.py:2389} INFO - Sync 1 DAGs
[2023-04-10 11:42:26,882] {logging_mixin.py:109} INFO - [2023-04-10 11:42:26,882] {dag.py:2921} INFO - Setting next_dagrun for example_complex to None
[2023-04-10 11:42:26,891] {processor.py:171} INFO - Processing /home/airflow/.local/lib/python3.7/site-packages/airflow/example_dags/example_complex.py took 0.064 seconds
[2023-04-10 11:42:57,219] {processor.py:163} INFO - Started process (PID=2069) to work on /home/airflow/.local/lib/python3.7/site-packages/airflow/example_dags/example_complex.py
[2023-04-10 11:42:57,220] {processor.py:620} INFO - Processing file /home/airflow/.local/lib/python3.7/site-packages/airflow/example_dags/example_complex.py for tasks to queue
[2023-04-10 11:42:57,220] {logging_mixin.py:109} INFO - [2023-04-10 11:42:57,220] {dagbag.py:500} INFO - Filling up the DagBag from /home/airflow/.local/lib/python3.7/site-packages/airflow/example_dags/example_complex.py
[2023-04-10 11:42:57,253] {processor.py:632} INFO - DAG(s) dict_keys(['example_complex']) retrieved from /home/airflow/.local/lib/python3.7/site-packages/airflow/example_dags/example_complex.py
[2023-04-10 11:42:57,269] {logging_mixin.py:109} INFO - [2023-04-10 11:42:57,269] {dag.py:2389} INFO - Sync 1 DAGs
[2023-04-10 11:42:57,283] {logging_mixin.py:109} INFO - [2023-04-10 11:42:57,283] {dag.py:2921} INFO - Setting next_dagrun for example_complex to None
[2023-04-10 11:42:57,292] {processor.py:171} INFO - Processing /home/airflow/.local/lib/python3.7/site-packages/airflow/example_dags/example_complex.py took 0.076 seconds
[2023-04-10 11:43:28,273] {processor.py:163} INFO - Started process (PID=2130) to work on /home/airflow/.local/lib/python3.7/site-packages/airflow/example_dags/example_complex.py
[2023-04-10 11:43:28,274] {processor.py:620} INFO - Processing file /home/airflow/.local/lib/python3.7/site-packages/airflow/example_dags/example_complex.py for tasks to queue
[2023-04-10 11:43:28,275] {logging_mixin.py:109} INFO - [2023-04-10 11:43:28,275] {dagbag.py:500} INFO - Filling up the DagBag from /home/airflow/.local/lib/python3.7/site-packages/airflow/example_dags/example_complex.py
[2023-04-10 11:43:28,304] {processor.py:632} INFO - DAG(s) dict_keys(['example_complex']) retrieved from /home/airflow/.local/lib/python3.7/site-packages/airflow/example_dags/example_complex.py
[2023-04-10 11:43:28,318] {logging_mixin.py:109} INFO - [2023-04-10 11:43:28,318] {dag.py:2389} INFO - Sync 1 DAGs
[2023-04-10 11:43:28,332] {logging_mixin.py:109} INFO - [2023-04-10 11:43:28,332] {dag.py:2921} INFO - Setting next_dagrun for example_complex to None
[2023-04-10 11:43:28,341] {processor.py:171} INFO - Processing /home/airflow/.local/lib/python3.7/site-packages/airflow/example_dags/example_complex.py took 0.070 seconds
[2023-04-10 11:43:58,422] {processor.py:163} INFO - Started process (PID=2180) to work on /home/airflow/.local/lib/python3.7/site-packages/airflow/example_dags/example_complex.py
[2023-04-10 11:43:58,424] {processor.py:620} INFO - Processing file /home/airflow/.local/lib/python3.7/site-packages/airflow/example_dags/example_complex.py for tasks to queue
[2023-04-10 11:43:58,425] {logging_mixin.py:109} INFO - [2023-04-10 11:43:58,425] {dagbag.py:500} INFO - Filling up the DagBag from /home/airflow/.local/lib/python3.7/site-packages/airflow/example_dags/example_complex.py
[2023-04-10 11:43:58,463] {processor.py:632} INFO - DAG(s) dict_keys(['example_complex']) retrieved from /home/airflow/.local/lib/python3.7/site-packages/airflow/example_dags/example_complex.py
[2023-04-10 11:43:58,480] {logging_mixin.py:109} INFO - [2023-04-10 11:43:58,480] {dag.py:2389} INFO - Sync 1 DAGs
[2023-04-10 11:43:58,498] {logging_mixin.py:109} INFO - [2023-04-10 11:43:58,498] {dag.py:2921} INFO - Setting next_dagrun for example_complex to None
[2023-04-10 11:43:58,506] {processor.py:171} INFO - Processing /home/airflow/.local/lib/python3.7/site-packages/airflow/example_dags/example_complex.py took 0.087 seconds
[2023-04-10 11:44:28,860] {processor.py:163} INFO - Started process (PID=2238) to work on /home/airflow/.local/lib/python3.7/site-packages/airflow/example_dags/example_complex.py
[2023-04-10 11:44:28,861] {processor.py:620} INFO - Processing file /home/airflow/.local/lib/python3.7/site-packages/airflow/example_dags/example_complex.py for tasks to queue
[2023-04-10 11:44:28,862] {logging_mixin.py:109} INFO - [2023-04-10 11:44:28,862] {dagbag.py:500} INFO - Filling up the DagBag from /home/airflow/.local/lib/python3.7/site-packages/airflow/example_dags/example_complex.py
[2023-04-10 11:44:28,895] {processor.py:632} INFO - DAG(s) dict_keys(['example_complex']) retrieved from /home/airflow/.local/lib/python3.7/site-packages/airflow/example_dags/example_complex.py
[2023-04-10 11:44:28,912] {logging_mixin.py:109} INFO - [2023-04-10 11:44:28,912] {dag.py:2389} INFO - Sync 1 DAGs
[2023-04-10 11:44:28,926] {logging_mixin.py:109} INFO - [2023-04-10 11:44:28,926] {dag.py:2921} INFO - Setting next_dagrun for example_complex to None
[2023-04-10 11:44:28,936] {processor.py:171} INFO - Processing /home/airflow/.local/lib/python3.7/site-packages/airflow/example_dags/example_complex.py took 0.078 seconds
[2023-04-10 11:44:59,019] {processor.py:163} INFO - Started process (PID=2290) to work on /home/airflow/.local/lib/python3.7/site-packages/airflow/example_dags/example_complex.py
[2023-04-10 11:44:59,020] {processor.py:620} INFO - Processing file /home/airflow/.local/lib/python3.7/site-packages/airflow/example_dags/example_complex.py for tasks to queue
[2023-04-10 11:44:59,020] {logging_mixin.py:109} INFO - [2023-04-10 11:44:59,020] {dagbag.py:500} INFO - Filling up the DagBag from /home/airflow/.local/lib/python3.7/site-packages/airflow/example_dags/example_complex.py
[2023-04-10 11:44:59,050] {processor.py:632} INFO - DAG(s) dict_keys(['example_complex']) retrieved from /home/airflow/.local/lib/python3.7/site-packages/airflow/example_dags/example_complex.py
[2023-04-10 11:44:59,065] {logging_mixin.py:109} INFO - [2023-04-10 11:44:59,065] {dag.py:2389} INFO - Sync 1 DAGs
[2023-04-10 11:44:59,080] {logging_mixin.py:109} INFO - [2023-04-10 11:44:59,080] {dag.py:2921} INFO - Setting next_dagrun for example_complex to None
[2023-04-10 11:44:59,091] {processor.py:171} INFO - Processing /home/airflow/.local/lib/python3.7/site-packages/airflow/example_dags/example_complex.py took 0.076 seconds
[2023-04-10 11:45:29,435] {processor.py:163} INFO - Started process (PID=2342) to work on /home/airflow/.local/lib/python3.7/site-packages/airflow/example_dags/example_complex.py
[2023-04-10 11:45:29,440] {processor.py:620} INFO - Processing file /home/airflow/.local/lib/python3.7/site-packages/airflow/example_dags/example_complex.py for tasks to queue
[2023-04-10 11:45:29,440] {logging_mixin.py:109} INFO - [2023-04-10 11:45:29,440] {dagbag.py:500} INFO - Filling up the DagBag from /home/airflow/.local/lib/python3.7/site-packages/airflow/example_dags/example_complex.py
[2023-04-10 11:45:29,467] {processor.py:632} INFO - DAG(s) dict_keys(['example_complex']) retrieved from /home/airflow/.local/lib/python3.7/site-packages/airflow/example_dags/example_complex.py
[2023-04-10 11:45:29,484] {logging_mixin.py:109} INFO - [2023-04-10 11:45:29,483] {dag.py:2389} INFO - Sync 1 DAGs
[2023-04-10 11:45:29,496] {logging_mixin.py:109} INFO - [2023-04-10 11:45:29,496] {dag.py:2921} INFO - Setting next_dagrun for example_complex to None
[2023-04-10 11:45:29,504] {processor.py:171} INFO - Processing /home/airflow/.local/lib/python3.7/site-packages/airflow/example_dags/example_complex.py took 0.072 seconds
[2023-04-10 11:45:59,819] {processor.py:163} INFO - Started process (PID=2403) to work on /home/airflow/.local/lib/python3.7/site-packages/airflow/example_dags/example_complex.py
[2023-04-10 11:45:59,820] {processor.py:620} INFO - Processing file /home/airflow/.local/lib/python3.7/site-packages/airflow/example_dags/example_complex.py for tasks to queue
[2023-04-10 11:45:59,820] {logging_mixin.py:109} INFO - [2023-04-10 11:45:59,820] {dagbag.py:500} INFO - Filling up the DagBag from /home/airflow/.local/lib/python3.7/site-packages/airflow/example_dags/example_complex.py
[2023-04-10 11:45:59,850] {processor.py:632} INFO - DAG(s) dict_keys(['example_complex']) retrieved from /home/airflow/.local/lib/python3.7/site-packages/airflow/example_dags/example_complex.py
[2023-04-10 11:45:59,863] {logging_mixin.py:109} INFO - [2023-04-10 11:45:59,863] {dag.py:2389} INFO - Sync 1 DAGs
[2023-04-10 11:45:59,875] {logging_mixin.py:109} INFO - [2023-04-10 11:45:59,875] {dag.py:2921} INFO - Setting next_dagrun for example_complex to None
[2023-04-10 11:45:59,883] {processor.py:171} INFO - Processing /home/airflow/.local/lib/python3.7/site-packages/airflow/example_dags/example_complex.py took 0.066 seconds
[2023-04-10 11:46:30,165] {processor.py:163} INFO - Started process (PID=2454) to work on /home/airflow/.local/lib/python3.7/site-packages/airflow/example_dags/example_complex.py
[2023-04-10 11:46:30,166] {processor.py:620} INFO - Processing file /home/airflow/.local/lib/python3.7/site-packages/airflow/example_dags/example_complex.py for tasks to queue
[2023-04-10 11:46:30,166] {logging_mixin.py:109} INFO - [2023-04-10 11:46:30,166] {dagbag.py:500} INFO - Filling up the DagBag from /home/airflow/.local/lib/python3.7/site-packages/airflow/example_dags/example_complex.py
[2023-04-10 11:46:30,193] {processor.py:632} INFO - DAG(s) dict_keys(['example_complex']) retrieved from /home/airflow/.local/lib/python3.7/site-packages/airflow/example_dags/example_complex.py
[2023-04-10 11:46:30,207] {logging_mixin.py:109} INFO - [2023-04-10 11:46:30,207] {dag.py:2389} INFO - Sync 1 DAGs
[2023-04-10 11:46:30,283] {logging_mixin.py:109} INFO - [2023-04-10 11:46:30,283] {dag.py:2921} INFO - Setting next_dagrun for example_complex to None
[2023-04-10 11:46:30,292] {processor.py:171} INFO - Processing /home/airflow/.local/lib/python3.7/site-packages/airflow/example_dags/example_complex.py took 0.129 seconds
[2023-04-10 11:47:00,474] {processor.py:163} INFO - Started process (PID=2514) to work on /home/airflow/.local/lib/python3.7/site-packages/airflow/example_dags/example_complex.py
[2023-04-10 11:47:00,475] {processor.py:620} INFO - Processing file /home/airflow/.local/lib/python3.7/site-packages/airflow/example_dags/example_complex.py for tasks to queue
[2023-04-10 11:47:00,475] {logging_mixin.py:109} INFO - [2023-04-10 11:47:00,475] {dagbag.py:500} INFO - Filling up the DagBag from /home/airflow/.local/lib/python3.7/site-packages/airflow/example_dags/example_complex.py
[2023-04-10 11:47:00,499] {processor.py:632} INFO - DAG(s) dict_keys(['example_complex']) retrieved from /home/airflow/.local/lib/python3.7/site-packages/airflow/example_dags/example_complex.py
[2023-04-10 11:47:00,510] {logging_mixin.py:109} INFO - [2023-04-10 11:47:00,510] {dag.py:2389} INFO - Sync 1 DAGs
[2023-04-10 11:47:00,586] {logging_mixin.py:109} INFO - [2023-04-10 11:47:00,586] {dag.py:2921} INFO - Setting next_dagrun for example_complex to None
[2023-04-10 11:47:00,593] {processor.py:171} INFO - Processing /home/airflow/.local/lib/python3.7/site-packages/airflow/example_dags/example_complex.py took 0.121 seconds
[2023-04-10 11:47:30,965] {processor.py:163} INFO - Started process (PID=2565) to work on /home/airflow/.local/lib/python3.7/site-packages/airflow/example_dags/example_complex.py
[2023-04-10 11:47:30,966] {processor.py:620} INFO - Processing file /home/airflow/.local/lib/python3.7/site-packages/airflow/example_dags/example_complex.py for tasks to queue
[2023-04-10 11:47:30,966] {logging_mixin.py:109} INFO - [2023-04-10 11:47:30,966] {dagbag.py:500} INFO - Filling up the DagBag from /home/airflow/.local/lib/python3.7/site-packages/airflow/example_dags/example_complex.py
[2023-04-10 11:47:31,000] {processor.py:632} INFO - DAG(s) dict_keys(['example_complex']) retrieved from /home/airflow/.local/lib/python3.7/site-packages/airflow/example_dags/example_complex.py
[2023-04-10 11:47:31,085] {logging_mixin.py:109} INFO - [2023-04-10 11:47:31,085] {dag.py:2389} INFO - Sync 1 DAGs
[2023-04-10 11:47:31,098] {logging_mixin.py:109} INFO - [2023-04-10 11:47:31,098] {dag.py:2921} INFO - Setting next_dagrun for example_complex to None
[2023-04-10 11:47:31,106] {processor.py:171} INFO - Processing /home/airflow/.local/lib/python3.7/site-packages/airflow/example_dags/example_complex.py took 0.143 seconds
[2023-04-10 11:48:01,374] {processor.py:163} INFO - Started process (PID=2625) to work on /home/airflow/.local/lib/python3.7/site-packages/airflow/example_dags/example_complex.py
[2023-04-10 11:48:01,375] {processor.py:620} INFO - Processing file /home/airflow/.local/lib/python3.7/site-packages/airflow/example_dags/example_complex.py for tasks to queue
[2023-04-10 11:48:01,376] {logging_mixin.py:109} INFO - [2023-04-10 11:48:01,376] {dagbag.py:500} INFO - Filling up the DagBag from /home/airflow/.local/lib/python3.7/site-packages/airflow/example_dags/example_complex.py
[2023-04-10 11:48:01,420] {processor.py:632} INFO - DAG(s) dict_keys(['example_complex']) retrieved from /home/airflow/.local/lib/python3.7/site-packages/airflow/example_dags/example_complex.py
[2023-04-10 11:48:01,528] {logging_mixin.py:109} INFO - [2023-04-10 11:48:01,528] {dag.py:2389} INFO - Sync 1 DAGs
[2023-04-10 11:48:01,548] {logging_mixin.py:109} INFO - [2023-04-10 11:48:01,548] {dag.py:2921} INFO - Setting next_dagrun for example_complex to None
[2023-04-10 11:48:01,563] {processor.py:171} INFO - Processing /home/airflow/.local/lib/python3.7/site-packages/airflow/example_dags/example_complex.py took 0.193 seconds
[2023-04-10 11:48:03,527] {processor.py:163} INFO - Started process (PID=3119) to work on /home/airflow/.local/lib/python3.7/site-packages/airflow/example_dags/example_complex.py
[2023-04-10 11:48:03,528] {processor.py:620} INFO - Processing file /home/airflow/.local/lib/python3.7/site-packages/airflow/example_dags/example_complex.py for tasks to queue
[2023-04-10 11:48:03,528] {logging_mixin.py:109} INFO - [2023-04-10 11:48:03,528] {dagbag.py:500} INFO - Filling up the DagBag from /home/airflow/.local/lib/python3.7/site-packages/airflow/example_dags/example_complex.py
[2023-04-10 11:48:03,562] {processor.py:632} INFO - DAG(s) dict_keys(['example_complex']) retrieved from /home/airflow/.local/lib/python3.7/site-packages/airflow/example_dags/example_complex.py
[2023-04-10 11:48:03,575] {logging_mixin.py:109} INFO - [2023-04-10 11:48:03,575] {dag.py:2389} INFO - Sync 1 DAGs
[2023-04-10 11:48:03,587] {logging_mixin.py:109} INFO - [2023-04-10 11:48:03,587] {dag.py:2921} INFO - Setting next_dagrun for example_complex to None
[2023-04-10 11:48:03,596] {processor.py:171} INFO - Processing /home/airflow/.local/lib/python3.7/site-packages/airflow/example_dags/example_complex.py took 0.071 seconds
[2023-04-10 11:48:32,489] {processor.py:163} INFO - Started process (PID=2676) to work on /home/airflow/.local/lib/python3.7/site-packages/airflow/example_dags/example_complex.py
[2023-04-10 11:48:32,492] {processor.py:620} INFO - Processing file /home/airflow/.local/lib/python3.7/site-packages/airflow/example_dags/example_complex.py for tasks to queue
[2023-04-10 11:48:32,492] {logging_mixin.py:109} INFO - [2023-04-10 11:48:32,492] {dagbag.py:500} INFO - Filling up the DagBag from /home/airflow/.local/lib/python3.7/site-packages/airflow/example_dags/example_complex.py
[2023-04-10 11:48:32,517] {processor.py:632} INFO - DAG(s) dict_keys(['example_complex']) retrieved from /home/airflow/.local/lib/python3.7/site-packages/airflow/example_dags/example_complex.py
[2023-04-10 11:48:32,597] {logging_mixin.py:109} INFO - [2023-04-10 11:48:32,597] {dag.py:2389} INFO - Sync 1 DAGs
[2023-04-10 11:48:32,607] {logging_mixin.py:109} INFO - [2023-04-10 11:48:32,606] {dag.py:2921} INFO - Setting next_dagrun for example_complex to None
[2023-04-10 11:48:32,614] {processor.py:171} INFO - Processing /home/airflow/.local/lib/python3.7/site-packages/airflow/example_dags/example_complex.py took 0.127 seconds
