[2023-04-10 11:26:43,591] {processor.py:163} INFO - Started process (PID=120) to work on /home/airflow/.local/lib/python3.7/site-packages/airflow/example_dags/example_kubernetes_executor_config.py
[2023-04-10 11:26:43,592] {processor.py:620} INFO - Processing file /home/airflow/.local/lib/python3.7/site-packages/airflow/example_dags/example_kubernetes_executor_config.py for tasks to queue
[2023-04-10 11:26:43,592] {logging_mixin.py:109} INFO - [2023-04-10 11:26:43,592] {dagbag.py:500} INFO - Filling up the DagBag from /home/airflow/.local/lib/python3.7/site-packages/airflow/example_dags/example_kubernetes_executor_config.py
[2023-04-10 11:26:43,616] {processor.py:632} INFO - DAG(s) dict_keys(['example_kubernetes_executor_config']) retrieved from /home/airflow/.local/lib/python3.7/site-packages/airflow/example_dags/example_kubernetes_executor_config.py
[2023-04-10 11:26:45,081] {logging_mixin.py:109} INFO - [2023-04-10 11:26:45,081] {providers_manager.py:156} WARNING - Exception when importing 'airflow.providers.google.leveldb.hooks.leveldb.LevelDBHook' from 'apache-airflow-providers-google' package: No module named 'plyvel'
[2023-04-10 11:26:45,435] {logging_mixin.py:109} INFO - [2023-04-10 11:26:45,434] {providers_manager.py:156} WARNING - Exception when importing 'airflow.providers.google.leveldb.hooks.leveldb.LevelDBHook' from 'apache-airflow-providers-google' package: No module named 'plyvel'
[2023-04-10 11:26:45,454] {logging_mixin.py:109} INFO - [2023-04-10 11:26:45,454] {manager.py:496} INFO - Created Permission View: can read on DAG:example_kubernetes_executor_config
[2023-04-10 11:26:45,462] {logging_mixin.py:109} INFO - [2023-04-10 11:26:45,462] {manager.py:496} INFO - Created Permission View: can edit on DAG:example_kubernetes_executor_config
[2023-04-10 11:26:45,462] {logging_mixin.py:109} INFO - [2023-04-10 11:26:45,462] {dag.py:2389} INFO - Sync 1 DAGs
[2023-04-10 11:26:45,469] {logging_mixin.py:109} INFO - [2023-04-10 11:26:45,468] {dag.py:2408} INFO - Creating ORM DAG for example_kubernetes_executor_config
[2023-04-10 11:26:45,474] {logging_mixin.py:109} INFO - [2023-04-10 11:26:45,474] {dag.py:2921} INFO - Setting next_dagrun for example_kubernetes_executor_config to None
[2023-04-10 11:26:45,485] {processor.py:171} INFO - Processing /home/airflow/.local/lib/python3.7/site-packages/airflow/example_dags/example_kubernetes_executor_config.py took 1.897 seconds
[2023-04-10 11:27:16,375] {processor.py:163} INFO - Started process (PID=364) to work on /home/airflow/.local/lib/python3.7/site-packages/airflow/example_dags/example_kubernetes_executor_config.py
[2023-04-10 11:27:16,377] {processor.py:620} INFO - Processing file /home/airflow/.local/lib/python3.7/site-packages/airflow/example_dags/example_kubernetes_executor_config.py for tasks to queue
[2023-04-10 11:27:16,377] {logging_mixin.py:109} INFO - [2023-04-10 11:27:16,377] {dagbag.py:500} INFO - Filling up the DagBag from /home/airflow/.local/lib/python3.7/site-packages/airflow/example_dags/example_kubernetes_executor_config.py
[2023-04-10 11:27:16,410] {processor.py:632} INFO - DAG(s) dict_keys(['example_kubernetes_executor_config']) retrieved from /home/airflow/.local/lib/python3.7/site-packages/airflow/example_dags/example_kubernetes_executor_config.py
[2023-04-10 11:27:16,431] {logging_mixin.py:109} INFO - [2023-04-10 11:27:16,431] {dag.py:2389} INFO - Sync 1 DAGs
[2023-04-10 11:27:16,455] {logging_mixin.py:109} INFO - [2023-04-10 11:27:16,455] {dag.py:2921} INFO - Setting next_dagrun for example_kubernetes_executor_config to None
[2023-04-10 11:27:16,468] {processor.py:171} INFO - Processing /home/airflow/.local/lib/python3.7/site-packages/airflow/example_dags/example_kubernetes_executor_config.py took 0.097 seconds
[2023-04-10 11:27:46,715] {processor.py:163} INFO - Started process (PID=415) to work on /home/airflow/.local/lib/python3.7/site-packages/airflow/example_dags/example_kubernetes_executor_config.py
[2023-04-10 11:27:46,716] {processor.py:620} INFO - Processing file /home/airflow/.local/lib/python3.7/site-packages/airflow/example_dags/example_kubernetes_executor_config.py for tasks to queue
[2023-04-10 11:27:46,716] {logging_mixin.py:109} INFO - [2023-04-10 11:27:46,716] {dagbag.py:500} INFO - Filling up the DagBag from /home/airflow/.local/lib/python3.7/site-packages/airflow/example_dags/example_kubernetes_executor_config.py
[2023-04-10 11:27:46,739] {processor.py:632} INFO - DAG(s) dict_keys(['example_kubernetes_executor_config']) retrieved from /home/airflow/.local/lib/python3.7/site-packages/airflow/example_dags/example_kubernetes_executor_config.py
[2023-04-10 11:27:46,751] {logging_mixin.py:109} INFO - [2023-04-10 11:27:46,751] {dag.py:2389} INFO - Sync 1 DAGs
[2023-04-10 11:27:46,765] {logging_mixin.py:109} INFO - [2023-04-10 11:27:46,765] {dag.py:2921} INFO - Setting next_dagrun for example_kubernetes_executor_config to None
[2023-04-10 11:27:46,773] {processor.py:171} INFO - Processing /home/airflow/.local/lib/python3.7/site-packages/airflow/example_dags/example_kubernetes_executor_config.py took 0.060 seconds
[2023-04-10 11:28:16,853] {processor.py:163} INFO - Started process (PID=466) to work on /home/airflow/.local/lib/python3.7/site-packages/airflow/example_dags/example_kubernetes_executor_config.py
[2023-04-10 11:28:16,861] {processor.py:620} INFO - Processing file /home/airflow/.local/lib/python3.7/site-packages/airflow/example_dags/example_kubernetes_executor_config.py for tasks to queue
[2023-04-10 11:28:16,861] {logging_mixin.py:109} INFO - [2023-04-10 11:28:16,861] {dagbag.py:500} INFO - Filling up the DagBag from /home/airflow/.local/lib/python3.7/site-packages/airflow/example_dags/example_kubernetes_executor_config.py
[2023-04-10 11:28:16,884] {processor.py:632} INFO - DAG(s) dict_keys(['example_kubernetes_executor_config']) retrieved from /home/airflow/.local/lib/python3.7/site-packages/airflow/example_dags/example_kubernetes_executor_config.py
[2023-04-10 11:28:16,893] {logging_mixin.py:109} INFO - [2023-04-10 11:28:16,893] {dag.py:2389} INFO - Sync 1 DAGs
[2023-04-10 11:28:16,904] {logging_mixin.py:109} INFO - [2023-04-10 11:28:16,904] {dag.py:2921} INFO - Setting next_dagrun for example_kubernetes_executor_config to None
[2023-04-10 11:28:16,913] {processor.py:171} INFO - Processing /home/airflow/.local/lib/python3.7/site-packages/airflow/example_dags/example_kubernetes_executor_config.py took 0.062 seconds
[2023-04-10 11:28:47,123] {processor.py:163} INFO - Started process (PID=526) to work on /home/airflow/.local/lib/python3.7/site-packages/airflow/example_dags/example_kubernetes_executor_config.py
[2023-04-10 11:28:47,124] {processor.py:620} INFO - Processing file /home/airflow/.local/lib/python3.7/site-packages/airflow/example_dags/example_kubernetes_executor_config.py for tasks to queue
[2023-04-10 11:28:47,124] {logging_mixin.py:109} INFO - [2023-04-10 11:28:47,124] {dagbag.py:500} INFO - Filling up the DagBag from /home/airflow/.local/lib/python3.7/site-packages/airflow/example_dags/example_kubernetes_executor_config.py
[2023-04-10 11:28:47,148] {processor.py:632} INFO - DAG(s) dict_keys(['example_kubernetes_executor_config']) retrieved from /home/airflow/.local/lib/python3.7/site-packages/airflow/example_dags/example_kubernetes_executor_config.py
[2023-04-10 11:28:47,158] {logging_mixin.py:109} INFO - [2023-04-10 11:28:47,158] {dag.py:2389} INFO - Sync 1 DAGs
[2023-04-10 11:28:47,170] {logging_mixin.py:109} INFO - [2023-04-10 11:28:47,170] {dag.py:2921} INFO - Setting next_dagrun for example_kubernetes_executor_config to None
[2023-04-10 11:28:47,178] {processor.py:171} INFO - Processing /home/airflow/.local/lib/python3.7/site-packages/airflow/example_dags/example_kubernetes_executor_config.py took 0.058 seconds
[2023-04-10 11:29:17,237] {processor.py:163} INFO - Started process (PID=578) to work on /home/airflow/.local/lib/python3.7/site-packages/airflow/example_dags/example_kubernetes_executor_config.py
[2023-04-10 11:29:17,238] {processor.py:620} INFO - Processing file /home/airflow/.local/lib/python3.7/site-packages/airflow/example_dags/example_kubernetes_executor_config.py for tasks to queue
[2023-04-10 11:29:17,239] {logging_mixin.py:109} INFO - [2023-04-10 11:29:17,239] {dagbag.py:500} INFO - Filling up the DagBag from /home/airflow/.local/lib/python3.7/site-packages/airflow/example_dags/example_kubernetes_executor_config.py
[2023-04-10 11:29:17,261] {processor.py:632} INFO - DAG(s) dict_keys(['example_kubernetes_executor_config']) retrieved from /home/airflow/.local/lib/python3.7/site-packages/airflow/example_dags/example_kubernetes_executor_config.py
[2023-04-10 11:29:17,271] {logging_mixin.py:109} INFO - [2023-04-10 11:29:17,271] {dag.py:2389} INFO - Sync 1 DAGs
[2023-04-10 11:29:17,284] {logging_mixin.py:109} INFO - [2023-04-10 11:29:17,284] {dag.py:2921} INFO - Setting next_dagrun for example_kubernetes_executor_config to None
[2023-04-10 11:29:17,293] {processor.py:171} INFO - Processing /home/airflow/.local/lib/python3.7/site-packages/airflow/example_dags/example_kubernetes_executor_config.py took 0.058 seconds
[2023-04-10 11:29:47,570] {processor.py:163} INFO - Started process (PID=639) to work on /home/airflow/.local/lib/python3.7/site-packages/airflow/example_dags/example_kubernetes_executor_config.py
[2023-04-10 11:29:47,570] {processor.py:620} INFO - Processing file /home/airflow/.local/lib/python3.7/site-packages/airflow/example_dags/example_kubernetes_executor_config.py for tasks to queue
[2023-04-10 11:29:47,571] {logging_mixin.py:109} INFO - [2023-04-10 11:29:47,571] {dagbag.py:500} INFO - Filling up the DagBag from /home/airflow/.local/lib/python3.7/site-packages/airflow/example_dags/example_kubernetes_executor_config.py
[2023-04-10 11:29:47,591] {processor.py:632} INFO - DAG(s) dict_keys(['example_kubernetes_executor_config']) retrieved from /home/airflow/.local/lib/python3.7/site-packages/airflow/example_dags/example_kubernetes_executor_config.py
[2023-04-10 11:29:47,600] {logging_mixin.py:109} INFO - [2023-04-10 11:29:47,600] {dag.py:2389} INFO - Sync 1 DAGs
[2023-04-10 11:29:47,611] {logging_mixin.py:109} INFO - [2023-04-10 11:29:47,611] {dag.py:2921} INFO - Setting next_dagrun for example_kubernetes_executor_config to None
[2023-04-10 11:29:47,618] {processor.py:171} INFO - Processing /home/airflow/.local/lib/python3.7/site-packages/airflow/example_dags/example_kubernetes_executor_config.py took 0.051 seconds
[2023-04-10 11:30:18,021] {processor.py:163} INFO - Started process (PID=690) to work on /home/airflow/.local/lib/python3.7/site-packages/airflow/example_dags/example_kubernetes_executor_config.py
[2023-04-10 11:30:18,023] {processor.py:620} INFO - Processing file /home/airflow/.local/lib/python3.7/site-packages/airflow/example_dags/example_kubernetes_executor_config.py for tasks to queue
[2023-04-10 11:30:18,023] {logging_mixin.py:109} INFO - [2023-04-10 11:30:18,023] {dagbag.py:500} INFO - Filling up the DagBag from /home/airflow/.local/lib/python3.7/site-packages/airflow/example_dags/example_kubernetes_executor_config.py
[2023-04-10 11:30:18,043] {processor.py:632} INFO - DAG(s) dict_keys(['example_kubernetes_executor_config']) retrieved from /home/airflow/.local/lib/python3.7/site-packages/airflow/example_dags/example_kubernetes_executor_config.py
[2023-04-10 11:30:18,051] {logging_mixin.py:109} INFO - [2023-04-10 11:30:18,051] {dag.py:2389} INFO - Sync 1 DAGs
[2023-04-10 11:30:18,061] {logging_mixin.py:109} INFO - [2023-04-10 11:30:18,061] {dag.py:2921} INFO - Setting next_dagrun for example_kubernetes_executor_config to None
[2023-04-10 11:30:18,069] {processor.py:171} INFO - Processing /home/airflow/.local/lib/python3.7/site-packages/airflow/example_dags/example_kubernetes_executor_config.py took 0.051 seconds
[2023-04-10 11:30:48,490] {processor.py:163} INFO - Started process (PID=750) to work on /home/airflow/.local/lib/python3.7/site-packages/airflow/example_dags/example_kubernetes_executor_config.py
[2023-04-10 11:30:48,491] {processor.py:620} INFO - Processing file /home/airflow/.local/lib/python3.7/site-packages/airflow/example_dags/example_kubernetes_executor_config.py for tasks to queue
[2023-04-10 11:30:48,492] {logging_mixin.py:109} INFO - [2023-04-10 11:30:48,492] {dagbag.py:500} INFO - Filling up the DagBag from /home/airflow/.local/lib/python3.7/site-packages/airflow/example_dags/example_kubernetes_executor_config.py
[2023-04-10 11:30:48,527] {processor.py:632} INFO - DAG(s) dict_keys(['example_kubernetes_executor_config']) retrieved from /home/airflow/.local/lib/python3.7/site-packages/airflow/example_dags/example_kubernetes_executor_config.py
[2023-04-10 11:30:48,543] {logging_mixin.py:109} INFO - [2023-04-10 11:30:48,543] {dag.py:2389} INFO - Sync 1 DAGs
[2023-04-10 11:30:48,561] {logging_mixin.py:109} INFO - [2023-04-10 11:30:48,561] {dag.py:2921} INFO - Setting next_dagrun for example_kubernetes_executor_config to None
[2023-04-10 11:30:48,573] {processor.py:171} INFO - Processing /home/airflow/.local/lib/python3.7/site-packages/airflow/example_dags/example_kubernetes_executor_config.py took 0.086 seconds
[2023-04-10 11:31:18,810] {processor.py:163} INFO - Started process (PID=801) to work on /home/airflow/.local/lib/python3.7/site-packages/airflow/example_dags/example_kubernetes_executor_config.py
[2023-04-10 11:31:18,812] {processor.py:620} INFO - Processing file /home/airflow/.local/lib/python3.7/site-packages/airflow/example_dags/example_kubernetes_executor_config.py for tasks to queue
[2023-04-10 11:31:18,812] {logging_mixin.py:109} INFO - [2023-04-10 11:31:18,812] {dagbag.py:500} INFO - Filling up the DagBag from /home/airflow/.local/lib/python3.7/site-packages/airflow/example_dags/example_kubernetes_executor_config.py
[2023-04-10 11:31:18,836] {processor.py:632} INFO - DAG(s) dict_keys(['example_kubernetes_executor_config']) retrieved from /home/airflow/.local/lib/python3.7/site-packages/airflow/example_dags/example_kubernetes_executor_config.py
[2023-04-10 11:31:18,847] {logging_mixin.py:109} INFO - [2023-04-10 11:31:18,847] {dag.py:2389} INFO - Sync 1 DAGs
[2023-04-10 11:31:18,859] {logging_mixin.py:109} INFO - [2023-04-10 11:31:18,859] {dag.py:2921} INFO - Setting next_dagrun for example_kubernetes_executor_config to None
[2023-04-10 11:31:18,869] {processor.py:171} INFO - Processing /home/airflow/.local/lib/python3.7/site-packages/airflow/example_dags/example_kubernetes_executor_config.py took 0.061 seconds
[2023-04-10 11:31:49,154] {processor.py:163} INFO - Started process (PID=860) to work on /home/airflow/.local/lib/python3.7/site-packages/airflow/example_dags/example_kubernetes_executor_config.py
[2023-04-10 11:31:49,156] {processor.py:620} INFO - Processing file /home/airflow/.local/lib/python3.7/site-packages/airflow/example_dags/example_kubernetes_executor_config.py for tasks to queue
[2023-04-10 11:31:49,156] {logging_mixin.py:109} INFO - [2023-04-10 11:31:49,156] {dagbag.py:500} INFO - Filling up the DagBag from /home/airflow/.local/lib/python3.7/site-packages/airflow/example_dags/example_kubernetes_executor_config.py
[2023-04-10 11:31:49,179] {processor.py:632} INFO - DAG(s) dict_keys(['example_kubernetes_executor_config']) retrieved from /home/airflow/.local/lib/python3.7/site-packages/airflow/example_dags/example_kubernetes_executor_config.py
[2023-04-10 11:31:49,190] {logging_mixin.py:109} INFO - [2023-04-10 11:31:49,190] {dag.py:2389} INFO - Sync 1 DAGs
[2023-04-10 11:31:49,206] {logging_mixin.py:109} INFO - [2023-04-10 11:31:49,206] {dag.py:2921} INFO - Setting next_dagrun for example_kubernetes_executor_config to None
[2023-04-10 11:31:49,216] {processor.py:171} INFO - Processing /home/airflow/.local/lib/python3.7/site-packages/airflow/example_dags/example_kubernetes_executor_config.py took 0.064 seconds
[2023-04-10 11:32:19,301] {processor.py:163} INFO - Started process (PID=914) to work on /home/airflow/.local/lib/python3.7/site-packages/airflow/example_dags/example_kubernetes_executor_config.py
[2023-04-10 11:32:19,302] {processor.py:620} INFO - Processing file /home/airflow/.local/lib/python3.7/site-packages/airflow/example_dags/example_kubernetes_executor_config.py for tasks to queue
[2023-04-10 11:32:19,303] {logging_mixin.py:109} INFO - [2023-04-10 11:32:19,303] {dagbag.py:500} INFO - Filling up the DagBag from /home/airflow/.local/lib/python3.7/site-packages/airflow/example_dags/example_kubernetes_executor_config.py
[2023-04-10 11:32:19,330] {processor.py:632} INFO - DAG(s) dict_keys(['example_kubernetes_executor_config']) retrieved from /home/airflow/.local/lib/python3.7/site-packages/airflow/example_dags/example_kubernetes_executor_config.py
[2023-04-10 11:32:19,341] {logging_mixin.py:109} INFO - [2023-04-10 11:32:19,341] {dag.py:2389} INFO - Sync 1 DAGs
[2023-04-10 11:32:19,355] {logging_mixin.py:109} INFO - [2023-04-10 11:32:19,355] {dag.py:2921} INFO - Setting next_dagrun for example_kubernetes_executor_config to None
[2023-04-10 11:32:19,364] {processor.py:171} INFO - Processing /home/airflow/.local/lib/python3.7/site-packages/airflow/example_dags/example_kubernetes_executor_config.py took 0.066 seconds
[2023-04-10 11:32:49,601] {processor.py:163} INFO - Started process (PID=965) to work on /home/airflow/.local/lib/python3.7/site-packages/airflow/example_dags/example_kubernetes_executor_config.py
[2023-04-10 11:32:49,609] {processor.py:620} INFO - Processing file /home/airflow/.local/lib/python3.7/site-packages/airflow/example_dags/example_kubernetes_executor_config.py for tasks to queue
[2023-04-10 11:32:49,609] {logging_mixin.py:109} INFO - [2023-04-10 11:32:49,609] {dagbag.py:500} INFO - Filling up the DagBag from /home/airflow/.local/lib/python3.7/site-packages/airflow/example_dags/example_kubernetes_executor_config.py
[2023-04-10 11:32:49,628] {processor.py:632} INFO - DAG(s) dict_keys(['example_kubernetes_executor_config']) retrieved from /home/airflow/.local/lib/python3.7/site-packages/airflow/example_dags/example_kubernetes_executor_config.py
[2023-04-10 11:32:49,637] {logging_mixin.py:109} INFO - [2023-04-10 11:32:49,637] {dag.py:2389} INFO - Sync 1 DAGs
[2023-04-10 11:32:49,647] {logging_mixin.py:109} INFO - [2023-04-10 11:32:49,647] {dag.py:2921} INFO - Setting next_dagrun for example_kubernetes_executor_config to None
[2023-04-10 11:32:49,655] {processor.py:171} INFO - Processing /home/airflow/.local/lib/python3.7/site-packages/airflow/example_dags/example_kubernetes_executor_config.py took 0.056 seconds
[2023-04-10 11:33:20,060] {processor.py:163} INFO - Started process (PID=1026) to work on /home/airflow/.local/lib/python3.7/site-packages/airflow/example_dags/example_kubernetes_executor_config.py
[2023-04-10 11:33:20,061] {processor.py:620} INFO - Processing file /home/airflow/.local/lib/python3.7/site-packages/airflow/example_dags/example_kubernetes_executor_config.py for tasks to queue
[2023-04-10 11:33:20,061] {logging_mixin.py:109} INFO - [2023-04-10 11:33:20,061] {dagbag.py:500} INFO - Filling up the DagBag from /home/airflow/.local/lib/python3.7/site-packages/airflow/example_dags/example_kubernetes_executor_config.py
[2023-04-10 11:33:20,083] {processor.py:632} INFO - DAG(s) dict_keys(['example_kubernetes_executor_config']) retrieved from /home/airflow/.local/lib/python3.7/site-packages/airflow/example_dags/example_kubernetes_executor_config.py
[2023-04-10 11:33:20,092] {logging_mixin.py:109} INFO - [2023-04-10 11:33:20,092] {dag.py:2389} INFO - Sync 1 DAGs
[2023-04-10 11:33:20,103] {logging_mixin.py:109} INFO - [2023-04-10 11:33:20,103] {dag.py:2921} INFO - Setting next_dagrun for example_kubernetes_executor_config to None
[2023-04-10 11:33:20,111] {processor.py:171} INFO - Processing /home/airflow/.local/lib/python3.7/site-packages/airflow/example_dags/example_kubernetes_executor_config.py took 0.054 seconds
[2023-04-10 11:33:50,617] {processor.py:163} INFO - Started process (PID=1077) to work on /home/airflow/.local/lib/python3.7/site-packages/airflow/example_dags/example_kubernetes_executor_config.py
[2023-04-10 11:33:50,618] {processor.py:620} INFO - Processing file /home/airflow/.local/lib/python3.7/site-packages/airflow/example_dags/example_kubernetes_executor_config.py for tasks to queue
[2023-04-10 11:33:50,619] {logging_mixin.py:109} INFO - [2023-04-10 11:33:50,619] {dagbag.py:500} INFO - Filling up the DagBag from /home/airflow/.local/lib/python3.7/site-packages/airflow/example_dags/example_kubernetes_executor_config.py
[2023-04-10 11:33:50,642] {processor.py:632} INFO - DAG(s) dict_keys(['example_kubernetes_executor_config']) retrieved from /home/airflow/.local/lib/python3.7/site-packages/airflow/example_dags/example_kubernetes_executor_config.py
[2023-04-10 11:33:50,655] {logging_mixin.py:109} INFO - [2023-04-10 11:33:50,655] {dag.py:2389} INFO - Sync 1 DAGs
[2023-04-10 11:33:50,670] {logging_mixin.py:109} INFO - [2023-04-10 11:33:50,670] {dag.py:2921} INFO - Setting next_dagrun for example_kubernetes_executor_config to None
[2023-04-10 11:33:50,679] {processor.py:171} INFO - Processing /home/airflow/.local/lib/python3.7/site-packages/airflow/example_dags/example_kubernetes_executor_config.py took 0.064 seconds
[2023-04-10 11:34:21,049] {processor.py:163} INFO - Started process (PID=1137) to work on /home/airflow/.local/lib/python3.7/site-packages/airflow/example_dags/example_kubernetes_executor_config.py
[2023-04-10 11:34:21,050] {processor.py:620} INFO - Processing file /home/airflow/.local/lib/python3.7/site-packages/airflow/example_dags/example_kubernetes_executor_config.py for tasks to queue
[2023-04-10 11:34:21,050] {logging_mixin.py:109} INFO - [2023-04-10 11:34:21,050] {dagbag.py:500} INFO - Filling up the DagBag from /home/airflow/.local/lib/python3.7/site-packages/airflow/example_dags/example_kubernetes_executor_config.py
[2023-04-10 11:34:21,071] {processor.py:632} INFO - DAG(s) dict_keys(['example_kubernetes_executor_config']) retrieved from /home/airflow/.local/lib/python3.7/site-packages/airflow/example_dags/example_kubernetes_executor_config.py
[2023-04-10 11:34:21,079] {logging_mixin.py:109} INFO - [2023-04-10 11:34:21,079] {dag.py:2389} INFO - Sync 1 DAGs
[2023-04-10 11:34:21,089] {logging_mixin.py:109} INFO - [2023-04-10 11:34:21,089] {dag.py:2921} INFO - Setting next_dagrun for example_kubernetes_executor_config to None
[2023-04-10 11:34:21,098] {processor.py:171} INFO - Processing /home/airflow/.local/lib/python3.7/site-packages/airflow/example_dags/example_kubernetes_executor_config.py took 0.051 seconds
[2023-04-10 11:34:51,350] {processor.py:163} INFO - Started process (PID=1188) to work on /home/airflow/.local/lib/python3.7/site-packages/airflow/example_dags/example_kubernetes_executor_config.py
[2023-04-10 11:34:51,358] {processor.py:620} INFO - Processing file /home/airflow/.local/lib/python3.7/site-packages/airflow/example_dags/example_kubernetes_executor_config.py for tasks to queue
[2023-04-10 11:34:51,358] {logging_mixin.py:109} INFO - [2023-04-10 11:34:51,358] {dagbag.py:500} INFO - Filling up the DagBag from /home/airflow/.local/lib/python3.7/site-packages/airflow/example_dags/example_kubernetes_executor_config.py
[2023-04-10 11:34:51,377] {processor.py:632} INFO - DAG(s) dict_keys(['example_kubernetes_executor_config']) retrieved from /home/airflow/.local/lib/python3.7/site-packages/airflow/example_dags/example_kubernetes_executor_config.py
[2023-04-10 11:34:51,386] {logging_mixin.py:109} INFO - [2023-04-10 11:34:51,386] {dag.py:2389} INFO - Sync 1 DAGs
[2023-04-10 11:34:51,395] {logging_mixin.py:109} INFO - [2023-04-10 11:34:51,395] {dag.py:2921} INFO - Setting next_dagrun for example_kubernetes_executor_config to None
[2023-04-10 11:34:51,404] {processor.py:171} INFO - Processing /home/airflow/.local/lib/python3.7/site-packages/airflow/example_dags/example_kubernetes_executor_config.py took 0.056 seconds
[2023-04-10 11:35:21,654] {processor.py:163} INFO - Started process (PID=1248) to work on /home/airflow/.local/lib/python3.7/site-packages/airflow/example_dags/example_kubernetes_executor_config.py
[2023-04-10 11:35:21,655] {processor.py:620} INFO - Processing file /home/airflow/.local/lib/python3.7/site-packages/airflow/example_dags/example_kubernetes_executor_config.py for tasks to queue
[2023-04-10 11:35:21,655] {logging_mixin.py:109} INFO - [2023-04-10 11:35:21,655] {dagbag.py:500} INFO - Filling up the DagBag from /home/airflow/.local/lib/python3.7/site-packages/airflow/example_dags/example_kubernetes_executor_config.py
[2023-04-10 11:35:21,698] {processor.py:632} INFO - DAG(s) dict_keys(['example_kubernetes_executor_config']) retrieved from /home/airflow/.local/lib/python3.7/site-packages/airflow/example_dags/example_kubernetes_executor_config.py
[2023-04-10 11:35:21,712] {logging_mixin.py:109} INFO - [2023-04-10 11:35:21,712] {dag.py:2389} INFO - Sync 1 DAGs
[2023-04-10 11:35:21,732] {logging_mixin.py:109} INFO - [2023-04-10 11:35:21,732] {dag.py:2921} INFO - Setting next_dagrun for example_kubernetes_executor_config to None
[2023-04-10 11:35:21,744] {processor.py:171} INFO - Processing /home/airflow/.local/lib/python3.7/site-packages/airflow/example_dags/example_kubernetes_executor_config.py took 0.094 seconds
[2023-04-10 11:35:51,977] {processor.py:163} INFO - Started process (PID=1299) to work on /home/airflow/.local/lib/python3.7/site-packages/airflow/example_dags/example_kubernetes_executor_config.py
[2023-04-10 11:35:51,978] {processor.py:620} INFO - Processing file /home/airflow/.local/lib/python3.7/site-packages/airflow/example_dags/example_kubernetes_executor_config.py for tasks to queue
[2023-04-10 11:35:51,979] {logging_mixin.py:109} INFO - [2023-04-10 11:35:51,979] {dagbag.py:500} INFO - Filling up the DagBag from /home/airflow/.local/lib/python3.7/site-packages/airflow/example_dags/example_kubernetes_executor_config.py
[2023-04-10 11:35:52,006] {processor.py:632} INFO - DAG(s) dict_keys(['example_kubernetes_executor_config']) retrieved from /home/airflow/.local/lib/python3.7/site-packages/airflow/example_dags/example_kubernetes_executor_config.py
[2023-04-10 11:35:52,016] {logging_mixin.py:109} INFO - [2023-04-10 11:35:52,016] {dag.py:2389} INFO - Sync 1 DAGs
[2023-04-10 11:35:52,029] {logging_mixin.py:109} INFO - [2023-04-10 11:35:52,029] {dag.py:2921} INFO - Setting next_dagrun for example_kubernetes_executor_config to None
[2023-04-10 11:35:52,039] {processor.py:171} INFO - Processing /home/airflow/.local/lib/python3.7/site-packages/airflow/example_dags/example_kubernetes_executor_config.py took 0.064 seconds
[2023-04-10 11:36:22,383] {processor.py:163} INFO - Started process (PID=1351) to work on /home/airflow/.local/lib/python3.7/site-packages/airflow/example_dags/example_kubernetes_executor_config.py
[2023-04-10 11:36:22,391] {processor.py:620} INFO - Processing file /home/airflow/.local/lib/python3.7/site-packages/airflow/example_dags/example_kubernetes_executor_config.py for tasks to queue
[2023-04-10 11:36:22,392] {logging_mixin.py:109} INFO - [2023-04-10 11:36:22,392] {dagbag.py:500} INFO - Filling up the DagBag from /home/airflow/.local/lib/python3.7/site-packages/airflow/example_dags/example_kubernetes_executor_config.py
[2023-04-10 11:36:22,470] {processor.py:632} INFO - DAG(s) dict_keys(['example_kubernetes_executor_config']) retrieved from /home/airflow/.local/lib/python3.7/site-packages/airflow/example_dags/example_kubernetes_executor_config.py
[2023-04-10 11:36:22,481] {logging_mixin.py:109} INFO - [2023-04-10 11:36:22,481] {dag.py:2389} INFO - Sync 1 DAGs
[2023-04-10 11:36:22,495] {logging_mixin.py:109} INFO - [2023-04-10 11:36:22,494] {dag.py:2921} INFO - Setting next_dagrun for example_kubernetes_executor_config to None
[2023-04-10 11:36:22,502] {processor.py:171} INFO - Processing /home/airflow/.local/lib/python3.7/site-packages/airflow/example_dags/example_kubernetes_executor_config.py took 0.122 seconds
[2023-04-10 11:36:52,781] {processor.py:163} INFO - Started process (PID=1412) to work on /home/airflow/.local/lib/python3.7/site-packages/airflow/example_dags/example_kubernetes_executor_config.py
[2023-04-10 11:36:52,782] {processor.py:620} INFO - Processing file /home/airflow/.local/lib/python3.7/site-packages/airflow/example_dags/example_kubernetes_executor_config.py for tasks to queue
[2023-04-10 11:36:52,783] {logging_mixin.py:109} INFO - [2023-04-10 11:36:52,783] {dagbag.py:500} INFO - Filling up the DagBag from /home/airflow/.local/lib/python3.7/site-packages/airflow/example_dags/example_kubernetes_executor_config.py
[2023-04-10 11:36:52,808] {processor.py:632} INFO - DAG(s) dict_keys(['example_kubernetes_executor_config']) retrieved from /home/airflow/.local/lib/python3.7/site-packages/airflow/example_dags/example_kubernetes_executor_config.py
[2023-04-10 11:36:52,822] {logging_mixin.py:109} INFO - [2023-04-10 11:36:52,822] {dag.py:2389} INFO - Sync 1 DAGs
[2023-04-10 11:36:52,838] {logging_mixin.py:109} INFO - [2023-04-10 11:36:52,838] {dag.py:2921} INFO - Setting next_dagrun for example_kubernetes_executor_config to None
[2023-04-10 11:36:52,848] {processor.py:171} INFO - Processing /home/airflow/.local/lib/python3.7/site-packages/airflow/example_dags/example_kubernetes_executor_config.py took 0.070 seconds
[2023-04-10 11:37:23,114] {processor.py:163} INFO - Started process (PID=1463) to work on /home/airflow/.local/lib/python3.7/site-packages/airflow/example_dags/example_kubernetes_executor_config.py
[2023-04-10 11:37:23,115] {processor.py:620} INFO - Processing file /home/airflow/.local/lib/python3.7/site-packages/airflow/example_dags/example_kubernetes_executor_config.py for tasks to queue
[2023-04-10 11:37:23,115] {logging_mixin.py:109} INFO - [2023-04-10 11:37:23,115] {dagbag.py:500} INFO - Filling up the DagBag from /home/airflow/.local/lib/python3.7/site-packages/airflow/example_dags/example_kubernetes_executor_config.py
[2023-04-10 11:37:23,137] {processor.py:632} INFO - DAG(s) dict_keys(['example_kubernetes_executor_config']) retrieved from /home/airflow/.local/lib/python3.7/site-packages/airflow/example_dags/example_kubernetes_executor_config.py
[2023-04-10 11:37:23,145] {logging_mixin.py:109} INFO - [2023-04-10 11:37:23,145] {dag.py:2389} INFO - Sync 1 DAGs
[2023-04-10 11:37:23,156] {logging_mixin.py:109} INFO - [2023-04-10 11:37:23,156] {dag.py:2921} INFO - Setting next_dagrun for example_kubernetes_executor_config to None
[2023-04-10 11:37:23,165] {processor.py:171} INFO - Processing /home/airflow/.local/lib/python3.7/site-packages/airflow/example_dags/example_kubernetes_executor_config.py took 0.053 seconds
[2023-04-10 11:37:53,405] {processor.py:163} INFO - Started process (PID=1524) to work on /home/airflow/.local/lib/python3.7/site-packages/airflow/example_dags/example_kubernetes_executor_config.py
[2023-04-10 11:37:53,407] {processor.py:620} INFO - Processing file /home/airflow/.local/lib/python3.7/site-packages/airflow/example_dags/example_kubernetes_executor_config.py for tasks to queue
[2023-04-10 11:37:53,407] {logging_mixin.py:109} INFO - [2023-04-10 11:37:53,407] {dagbag.py:500} INFO - Filling up the DagBag from /home/airflow/.local/lib/python3.7/site-packages/airflow/example_dags/example_kubernetes_executor_config.py
[2023-04-10 11:37:53,430] {processor.py:632} INFO - DAG(s) dict_keys(['example_kubernetes_executor_config']) retrieved from /home/airflow/.local/lib/python3.7/site-packages/airflow/example_dags/example_kubernetes_executor_config.py
[2023-04-10 11:37:53,443] {logging_mixin.py:109} INFO - [2023-04-10 11:37:53,443] {dag.py:2389} INFO - Sync 1 DAGs
[2023-04-10 11:37:53,460] {logging_mixin.py:109} INFO - [2023-04-10 11:37:53,460] {dag.py:2921} INFO - Setting next_dagrun for example_kubernetes_executor_config to None
[2023-04-10 11:37:53,470] {processor.py:171} INFO - Processing /home/airflow/.local/lib/python3.7/site-packages/airflow/example_dags/example_kubernetes_executor_config.py took 0.068 seconds
[2023-04-10 11:38:23,698] {processor.py:163} INFO - Started process (PID=1575) to work on /home/airflow/.local/lib/python3.7/site-packages/airflow/example_dags/example_kubernetes_executor_config.py
[2023-04-10 11:38:23,698] {processor.py:620} INFO - Processing file /home/airflow/.local/lib/python3.7/site-packages/airflow/example_dags/example_kubernetes_executor_config.py for tasks to queue
[2023-04-10 11:38:23,699] {logging_mixin.py:109} INFO - [2023-04-10 11:38:23,699] {dagbag.py:500} INFO - Filling up the DagBag from /home/airflow/.local/lib/python3.7/site-packages/airflow/example_dags/example_kubernetes_executor_config.py
[2023-04-10 11:38:23,727] {processor.py:632} INFO - DAG(s) dict_keys(['example_kubernetes_executor_config']) retrieved from /home/airflow/.local/lib/python3.7/site-packages/airflow/example_dags/example_kubernetes_executor_config.py
[2023-04-10 11:38:23,737] {logging_mixin.py:109} INFO - [2023-04-10 11:38:23,737] {dag.py:2389} INFO - Sync 1 DAGs
[2023-04-10 11:38:23,749] {logging_mixin.py:109} INFO - [2023-04-10 11:38:23,749] {dag.py:2921} INFO - Setting next_dagrun for example_kubernetes_executor_config to None
[2023-04-10 11:38:23,758] {processor.py:171} INFO - Processing /home/airflow/.local/lib/python3.7/site-packages/airflow/example_dags/example_kubernetes_executor_config.py took 0.064 seconds
[2023-04-10 11:38:53,858] {processor.py:163} INFO - Started process (PID=1635) to work on /home/airflow/.local/lib/python3.7/site-packages/airflow/example_dags/example_kubernetes_executor_config.py
[2023-04-10 11:38:53,859] {processor.py:620} INFO - Processing file /home/airflow/.local/lib/python3.7/site-packages/airflow/example_dags/example_kubernetes_executor_config.py for tasks to queue
[2023-04-10 11:38:53,860] {logging_mixin.py:109} INFO - [2023-04-10 11:38:53,860] {dagbag.py:500} INFO - Filling up the DagBag from /home/airflow/.local/lib/python3.7/site-packages/airflow/example_dags/example_kubernetes_executor_config.py
[2023-04-10 11:38:53,886] {processor.py:632} INFO - DAG(s) dict_keys(['example_kubernetes_executor_config']) retrieved from /home/airflow/.local/lib/python3.7/site-packages/airflow/example_dags/example_kubernetes_executor_config.py
[2023-04-10 11:38:53,897] {logging_mixin.py:109} INFO - [2023-04-10 11:38:53,897] {dag.py:2389} INFO - Sync 1 DAGs
[2023-04-10 11:38:53,911] {logging_mixin.py:109} INFO - [2023-04-10 11:38:53,911] {dag.py:2921} INFO - Setting next_dagrun for example_kubernetes_executor_config to None
[2023-04-10 11:38:53,920] {processor.py:171} INFO - Processing /home/airflow/.local/lib/python3.7/site-packages/airflow/example_dags/example_kubernetes_executor_config.py took 0.065 seconds
[2023-04-10 11:39:24,096] {processor.py:163} INFO - Started process (PID=1685) to work on /home/airflow/.local/lib/python3.7/site-packages/airflow/example_dags/example_kubernetes_executor_config.py
[2023-04-10 11:39:24,097] {processor.py:620} INFO - Processing file /home/airflow/.local/lib/python3.7/site-packages/airflow/example_dags/example_kubernetes_executor_config.py for tasks to queue
[2023-04-10 11:39:24,097] {logging_mixin.py:109} INFO - [2023-04-10 11:39:24,097] {dagbag.py:500} INFO - Filling up the DagBag from /home/airflow/.local/lib/python3.7/site-packages/airflow/example_dags/example_kubernetes_executor_config.py
[2023-04-10 11:39:24,121] {processor.py:632} INFO - DAG(s) dict_keys(['example_kubernetes_executor_config']) retrieved from /home/airflow/.local/lib/python3.7/site-packages/airflow/example_dags/example_kubernetes_executor_config.py
[2023-04-10 11:39:24,132] {logging_mixin.py:109} INFO - [2023-04-10 11:39:24,132] {dag.py:2389} INFO - Sync 1 DAGs
[2023-04-10 11:39:24,148] {logging_mixin.py:109} INFO - [2023-04-10 11:39:24,147] {dag.py:2921} INFO - Setting next_dagrun for example_kubernetes_executor_config to None
[2023-04-10 11:39:24,157] {processor.py:171} INFO - Processing /home/airflow/.local/lib/python3.7/site-packages/airflow/example_dags/example_kubernetes_executor_config.py took 0.064 seconds
[2023-04-10 11:39:54,385] {processor.py:163} INFO - Started process (PID=1736) to work on /home/airflow/.local/lib/python3.7/site-packages/airflow/example_dags/example_kubernetes_executor_config.py
[2023-04-10 11:39:54,386] {processor.py:620} INFO - Processing file /home/airflow/.local/lib/python3.7/site-packages/airflow/example_dags/example_kubernetes_executor_config.py for tasks to queue
[2023-04-10 11:39:54,386] {logging_mixin.py:109} INFO - [2023-04-10 11:39:54,386] {dagbag.py:500} INFO - Filling up the DagBag from /home/airflow/.local/lib/python3.7/site-packages/airflow/example_dags/example_kubernetes_executor_config.py
[2023-04-10 11:39:54,407] {processor.py:632} INFO - DAG(s) dict_keys(['example_kubernetes_executor_config']) retrieved from /home/airflow/.local/lib/python3.7/site-packages/airflow/example_dags/example_kubernetes_executor_config.py
[2023-04-10 11:39:54,416] {logging_mixin.py:109} INFO - [2023-04-10 11:39:54,416] {dag.py:2389} INFO - Sync 1 DAGs
[2023-04-10 11:39:54,428] {logging_mixin.py:109} INFO - [2023-04-10 11:39:54,428] {dag.py:2921} INFO - Setting next_dagrun for example_kubernetes_executor_config to None
[2023-04-10 11:39:54,435] {processor.py:171} INFO - Processing /home/airflow/.local/lib/python3.7/site-packages/airflow/example_dags/example_kubernetes_executor_config.py took 0.053 seconds
[2023-04-10 11:40:25,558] {processor.py:163} INFO - Started process (PID=1796) to work on /home/airflow/.local/lib/python3.7/site-packages/airflow/example_dags/example_kubernetes_executor_config.py
[2023-04-10 11:40:25,560] {processor.py:620} INFO - Processing file /home/airflow/.local/lib/python3.7/site-packages/airflow/example_dags/example_kubernetes_executor_config.py for tasks to queue
[2023-04-10 11:40:25,560] {logging_mixin.py:109} INFO - [2023-04-10 11:40:25,560] {dagbag.py:500} INFO - Filling up the DagBag from /home/airflow/.local/lib/python3.7/site-packages/airflow/example_dags/example_kubernetes_executor_config.py
[2023-04-10 11:40:25,582] {processor.py:632} INFO - DAG(s) dict_keys(['example_kubernetes_executor_config']) retrieved from /home/airflow/.local/lib/python3.7/site-packages/airflow/example_dags/example_kubernetes_executor_config.py
[2023-04-10 11:40:25,592] {logging_mixin.py:109} INFO - [2023-04-10 11:40:25,591] {dag.py:2389} INFO - Sync 1 DAGs
[2023-04-10 11:40:25,603] {logging_mixin.py:109} INFO - [2023-04-10 11:40:25,603] {dag.py:2921} INFO - Setting next_dagrun for example_kubernetes_executor_config to None
[2023-04-10 11:40:25,611] {processor.py:171} INFO - Processing /home/airflow/.local/lib/python3.7/site-packages/airflow/example_dags/example_kubernetes_executor_config.py took 0.055 seconds
[2023-04-10 11:40:55,894] {processor.py:163} INFO - Started process (PID=1847) to work on /home/airflow/.local/lib/python3.7/site-packages/airflow/example_dags/example_kubernetes_executor_config.py
[2023-04-10 11:40:55,895] {processor.py:620} INFO - Processing file /home/airflow/.local/lib/python3.7/site-packages/airflow/example_dags/example_kubernetes_executor_config.py for tasks to queue
[2023-04-10 11:40:55,895] {logging_mixin.py:109} INFO - [2023-04-10 11:40:55,895] {dagbag.py:500} INFO - Filling up the DagBag from /home/airflow/.local/lib/python3.7/site-packages/airflow/example_dags/example_kubernetes_executor_config.py
[2023-04-10 11:40:55,915] {processor.py:632} INFO - DAG(s) dict_keys(['example_kubernetes_executor_config']) retrieved from /home/airflow/.local/lib/python3.7/site-packages/airflow/example_dags/example_kubernetes_executor_config.py
[2023-04-10 11:40:55,924] {logging_mixin.py:109} INFO - [2023-04-10 11:40:55,924] {dag.py:2389} INFO - Sync 1 DAGs
[2023-04-10 11:40:55,935] {logging_mixin.py:109} INFO - [2023-04-10 11:40:55,935] {dag.py:2921} INFO - Setting next_dagrun for example_kubernetes_executor_config to None
[2023-04-10 11:40:55,942] {processor.py:171} INFO - Processing /home/airflow/.local/lib/python3.7/site-packages/airflow/example_dags/example_kubernetes_executor_config.py took 0.050 seconds
[2023-04-10 11:41:26,189] {processor.py:163} INFO - Started process (PID=1907) to work on /home/airflow/.local/lib/python3.7/site-packages/airflow/example_dags/example_kubernetes_executor_config.py
[2023-04-10 11:41:26,190] {processor.py:620} INFO - Processing file /home/airflow/.local/lib/python3.7/site-packages/airflow/example_dags/example_kubernetes_executor_config.py for tasks to queue
[2023-04-10 11:41:26,190] {logging_mixin.py:109} INFO - [2023-04-10 11:41:26,190] {dagbag.py:500} INFO - Filling up the DagBag from /home/airflow/.local/lib/python3.7/site-packages/airflow/example_dags/example_kubernetes_executor_config.py
[2023-04-10 11:41:26,211] {processor.py:632} INFO - DAG(s) dict_keys(['example_kubernetes_executor_config']) retrieved from /home/airflow/.local/lib/python3.7/site-packages/airflow/example_dags/example_kubernetes_executor_config.py
[2023-04-10 11:41:26,222] {logging_mixin.py:109} INFO - [2023-04-10 11:41:26,222] {dag.py:2389} INFO - Sync 1 DAGs
[2023-04-10 11:41:26,233] {logging_mixin.py:109} INFO - [2023-04-10 11:41:26,233] {dag.py:2921} INFO - Setting next_dagrun for example_kubernetes_executor_config to None
[2023-04-10 11:41:26,242] {processor.py:171} INFO - Processing /home/airflow/.local/lib/python3.7/site-packages/airflow/example_dags/example_kubernetes_executor_config.py took 0.055 seconds
[2023-04-10 11:41:56,502] {processor.py:163} INFO - Started process (PID=1958) to work on /home/airflow/.local/lib/python3.7/site-packages/airflow/example_dags/example_kubernetes_executor_config.py
[2023-04-10 11:41:56,503] {processor.py:620} INFO - Processing file /home/airflow/.local/lib/python3.7/site-packages/airflow/example_dags/example_kubernetes_executor_config.py for tasks to queue
[2023-04-10 11:41:56,504] {logging_mixin.py:109} INFO - [2023-04-10 11:41:56,504] {dagbag.py:500} INFO - Filling up the DagBag from /home/airflow/.local/lib/python3.7/site-packages/airflow/example_dags/example_kubernetes_executor_config.py
[2023-04-10 11:41:56,527] {processor.py:632} INFO - DAG(s) dict_keys(['example_kubernetes_executor_config']) retrieved from /home/airflow/.local/lib/python3.7/site-packages/airflow/example_dags/example_kubernetes_executor_config.py
[2023-04-10 11:41:56,538] {logging_mixin.py:109} INFO - [2023-04-10 11:41:56,538] {dag.py:2389} INFO - Sync 1 DAGs
[2023-04-10 11:41:56,550] {logging_mixin.py:109} INFO - [2023-04-10 11:41:56,550] {dag.py:2921} INFO - Setting next_dagrun for example_kubernetes_executor_config to None
[2023-04-10 11:41:56,558] {processor.py:171} INFO - Processing /home/airflow/.local/lib/python3.7/site-packages/airflow/example_dags/example_kubernetes_executor_config.py took 0.059 seconds
[2023-04-10 11:42:26,888] {processor.py:163} INFO - Started process (PID=2019) to work on /home/airflow/.local/lib/python3.7/site-packages/airflow/example_dags/example_kubernetes_executor_config.py
[2023-04-10 11:42:26,889] {processor.py:620} INFO - Processing file /home/airflow/.local/lib/python3.7/site-packages/airflow/example_dags/example_kubernetes_executor_config.py for tasks to queue
[2023-04-10 11:42:26,889] {logging_mixin.py:109} INFO - [2023-04-10 11:42:26,889] {dagbag.py:500} INFO - Filling up the DagBag from /home/airflow/.local/lib/python3.7/site-packages/airflow/example_dags/example_kubernetes_executor_config.py
[2023-04-10 11:42:26,912] {processor.py:632} INFO - DAG(s) dict_keys(['example_kubernetes_executor_config']) retrieved from /home/airflow/.local/lib/python3.7/site-packages/airflow/example_dags/example_kubernetes_executor_config.py
[2023-04-10 11:42:26,922] {logging_mixin.py:109} INFO - [2023-04-10 11:42:26,922] {dag.py:2389} INFO - Sync 1 DAGs
[2023-04-10 11:42:26,932] {logging_mixin.py:109} INFO - [2023-04-10 11:42:26,932] {dag.py:2921} INFO - Setting next_dagrun for example_kubernetes_executor_config to None
[2023-04-10 11:42:26,940] {processor.py:171} INFO - Processing /home/airflow/.local/lib/python3.7/site-packages/airflow/example_dags/example_kubernetes_executor_config.py took 0.054 seconds
[2023-04-10 11:42:57,287] {processor.py:163} INFO - Started process (PID=2070) to work on /home/airflow/.local/lib/python3.7/site-packages/airflow/example_dags/example_kubernetes_executor_config.py
[2023-04-10 11:42:57,288] {processor.py:620} INFO - Processing file /home/airflow/.local/lib/python3.7/site-packages/airflow/example_dags/example_kubernetes_executor_config.py for tasks to queue
[2023-04-10 11:42:57,288] {logging_mixin.py:109} INFO - [2023-04-10 11:42:57,288] {dagbag.py:500} INFO - Filling up the DagBag from /home/airflow/.local/lib/python3.7/site-packages/airflow/example_dags/example_kubernetes_executor_config.py
[2023-04-10 11:42:57,313] {processor.py:632} INFO - DAG(s) dict_keys(['example_kubernetes_executor_config']) retrieved from /home/airflow/.local/lib/python3.7/site-packages/airflow/example_dags/example_kubernetes_executor_config.py
[2023-04-10 11:42:57,324] {logging_mixin.py:109} INFO - [2023-04-10 11:42:57,324] {dag.py:2389} INFO - Sync 1 DAGs
[2023-04-10 11:42:57,336] {logging_mixin.py:109} INFO - [2023-04-10 11:42:57,336] {dag.py:2921} INFO - Setting next_dagrun for example_kubernetes_executor_config to None
[2023-04-10 11:42:57,344] {processor.py:171} INFO - Processing /home/airflow/.local/lib/python3.7/site-packages/airflow/example_dags/example_kubernetes_executor_config.py took 0.061 seconds
[2023-04-10 11:43:28,353] {processor.py:163} INFO - Started process (PID=2131) to work on /home/airflow/.local/lib/python3.7/site-packages/airflow/example_dags/example_kubernetes_executor_config.py
[2023-04-10 11:43:28,354] {processor.py:620} INFO - Processing file /home/airflow/.local/lib/python3.7/site-packages/airflow/example_dags/example_kubernetes_executor_config.py for tasks to queue
[2023-04-10 11:43:28,355] {logging_mixin.py:109} INFO - [2023-04-10 11:43:28,355] {dagbag.py:500} INFO - Filling up the DagBag from /home/airflow/.local/lib/python3.7/site-packages/airflow/example_dags/example_kubernetes_executor_config.py
[2023-04-10 11:43:28,377] {processor.py:632} INFO - DAG(s) dict_keys(['example_kubernetes_executor_config']) retrieved from /home/airflow/.local/lib/python3.7/site-packages/airflow/example_dags/example_kubernetes_executor_config.py
[2023-04-10 11:43:28,389] {logging_mixin.py:109} INFO - [2023-04-10 11:43:28,389] {dag.py:2389} INFO - Sync 1 DAGs
[2023-04-10 11:43:28,406] {logging_mixin.py:109} INFO - [2023-04-10 11:43:28,406] {dag.py:2921} INFO - Setting next_dagrun for example_kubernetes_executor_config to None
[2023-04-10 11:43:28,416] {processor.py:171} INFO - Processing /home/airflow/.local/lib/python3.7/site-packages/airflow/example_dags/example_kubernetes_executor_config.py took 0.066 seconds
[2023-04-10 11:43:58,683] {processor.py:163} INFO - Started process (PID=2182) to work on /home/airflow/.local/lib/python3.7/site-packages/airflow/example_dags/example_kubernetes_executor_config.py
[2023-04-10 11:43:58,684] {processor.py:620} INFO - Processing file /home/airflow/.local/lib/python3.7/site-packages/airflow/example_dags/example_kubernetes_executor_config.py for tasks to queue
[2023-04-10 11:43:58,684] {logging_mixin.py:109} INFO - [2023-04-10 11:43:58,684] {dagbag.py:500} INFO - Filling up the DagBag from /home/airflow/.local/lib/python3.7/site-packages/airflow/example_dags/example_kubernetes_executor_config.py
[2023-04-10 11:43:58,709] {processor.py:632} INFO - DAG(s) dict_keys(['example_kubernetes_executor_config']) retrieved from /home/airflow/.local/lib/python3.7/site-packages/airflow/example_dags/example_kubernetes_executor_config.py
[2023-04-10 11:43:58,720] {logging_mixin.py:109} INFO - [2023-04-10 11:43:58,720] {dag.py:2389} INFO - Sync 1 DAGs
[2023-04-10 11:43:58,736] {logging_mixin.py:109} INFO - [2023-04-10 11:43:58,736] {dag.py:2921} INFO - Setting next_dagrun for example_kubernetes_executor_config to None
[2023-04-10 11:43:58,745] {processor.py:171} INFO - Processing /home/airflow/.local/lib/python3.7/site-packages/airflow/example_dags/example_kubernetes_executor_config.py took 0.065 seconds
[2023-04-10 11:44:28,947] {processor.py:163} INFO - Started process (PID=2240) to work on /home/airflow/.local/lib/python3.7/site-packages/airflow/example_dags/example_kubernetes_executor_config.py
[2023-04-10 11:44:28,948] {processor.py:620} INFO - Processing file /home/airflow/.local/lib/python3.7/site-packages/airflow/example_dags/example_kubernetes_executor_config.py for tasks to queue
[2023-04-10 11:44:28,949] {logging_mixin.py:109} INFO - [2023-04-10 11:44:28,949] {dagbag.py:500} INFO - Filling up the DagBag from /home/airflow/.local/lib/python3.7/site-packages/airflow/example_dags/example_kubernetes_executor_config.py
[2023-04-10 11:44:28,972] {processor.py:632} INFO - DAG(s) dict_keys(['example_kubernetes_executor_config']) retrieved from /home/airflow/.local/lib/python3.7/site-packages/airflow/example_dags/example_kubernetes_executor_config.py
[2023-04-10 11:44:28,983] {logging_mixin.py:109} INFO - [2023-04-10 11:44:28,982] {dag.py:2389} INFO - Sync 1 DAGs
[2023-04-10 11:44:28,999] {logging_mixin.py:109} INFO - [2023-04-10 11:44:28,999] {dag.py:2921} INFO - Setting next_dagrun for example_kubernetes_executor_config to None
[2023-04-10 11:44:29,008] {processor.py:171} INFO - Processing /home/airflow/.local/lib/python3.7/site-packages/airflow/example_dags/example_kubernetes_executor_config.py took 0.063 seconds
[2023-04-10 11:44:59,088] {processor.py:163} INFO - Started process (PID=2291) to work on /home/airflow/.local/lib/python3.7/site-packages/airflow/example_dags/example_kubernetes_executor_config.py
[2023-04-10 11:44:59,089] {processor.py:620} INFO - Processing file /home/airflow/.local/lib/python3.7/site-packages/airflow/example_dags/example_kubernetes_executor_config.py for tasks to queue
[2023-04-10 11:44:59,090] {logging_mixin.py:109} INFO - [2023-04-10 11:44:59,090] {dagbag.py:500} INFO - Filling up the DagBag from /home/airflow/.local/lib/python3.7/site-packages/airflow/example_dags/example_kubernetes_executor_config.py
[2023-04-10 11:44:59,114] {processor.py:632} INFO - DAG(s) dict_keys(['example_kubernetes_executor_config']) retrieved from /home/airflow/.local/lib/python3.7/site-packages/airflow/example_dags/example_kubernetes_executor_config.py
[2023-04-10 11:44:59,125] {logging_mixin.py:109} INFO - [2023-04-10 11:44:59,125] {dag.py:2389} INFO - Sync 1 DAGs
[2023-04-10 11:44:59,138] {logging_mixin.py:109} INFO - [2023-04-10 11:44:59,138] {dag.py:2921} INFO - Setting next_dagrun for example_kubernetes_executor_config to None
[2023-04-10 11:44:59,144] {processor.py:171} INFO - Processing /home/airflow/.local/lib/python3.7/site-packages/airflow/example_dags/example_kubernetes_executor_config.py took 0.059 seconds
[2023-04-10 11:45:29,509] {processor.py:163} INFO - Started process (PID=2343) to work on /home/airflow/.local/lib/python3.7/site-packages/airflow/example_dags/example_kubernetes_executor_config.py
[2023-04-10 11:45:29,511] {processor.py:620} INFO - Processing file /home/airflow/.local/lib/python3.7/site-packages/airflow/example_dags/example_kubernetes_executor_config.py for tasks to queue
[2023-04-10 11:45:29,511] {logging_mixin.py:109} INFO - [2023-04-10 11:45:29,511] {dagbag.py:500} INFO - Filling up the DagBag from /home/airflow/.local/lib/python3.7/site-packages/airflow/example_dags/example_kubernetes_executor_config.py
[2023-04-10 11:45:29,534] {processor.py:632} INFO - DAG(s) dict_keys(['example_kubernetes_executor_config']) retrieved from /home/airflow/.local/lib/python3.7/site-packages/airflow/example_dags/example_kubernetes_executor_config.py
[2023-04-10 11:45:29,544] {logging_mixin.py:109} INFO - [2023-04-10 11:45:29,544] {dag.py:2389} INFO - Sync 1 DAGs
[2023-04-10 11:45:29,554] {logging_mixin.py:109} INFO - [2023-04-10 11:45:29,554] {dag.py:2921} INFO - Setting next_dagrun for example_kubernetes_executor_config to None
[2023-04-10 11:45:29,562] {processor.py:171} INFO - Processing /home/airflow/.local/lib/python3.7/site-packages/airflow/example_dags/example_kubernetes_executor_config.py took 0.054 seconds
[2023-04-10 11:45:59,892] {processor.py:163} INFO - Started process (PID=2404) to work on /home/airflow/.local/lib/python3.7/site-packages/airflow/example_dags/example_kubernetes_executor_config.py
[2023-04-10 11:45:59,893] {processor.py:620} INFO - Processing file /home/airflow/.local/lib/python3.7/site-packages/airflow/example_dags/example_kubernetes_executor_config.py for tasks to queue
[2023-04-10 11:45:59,893] {logging_mixin.py:109} INFO - [2023-04-10 11:45:59,893] {dagbag.py:500} INFO - Filling up the DagBag from /home/airflow/.local/lib/python3.7/site-packages/airflow/example_dags/example_kubernetes_executor_config.py
[2023-04-10 11:45:59,914] {processor.py:632} INFO - DAG(s) dict_keys(['example_kubernetes_executor_config']) retrieved from /home/airflow/.local/lib/python3.7/site-packages/airflow/example_dags/example_kubernetes_executor_config.py
[2023-04-10 11:45:59,923] {logging_mixin.py:109} INFO - [2023-04-10 11:45:59,923] {dag.py:2389} INFO - Sync 1 DAGs
[2023-04-10 11:45:59,933] {logging_mixin.py:109} INFO - [2023-04-10 11:45:59,933] {dag.py:2921} INFO - Setting next_dagrun for example_kubernetes_executor_config to None
[2023-04-10 11:45:59,941] {processor.py:171} INFO - Processing /home/airflow/.local/lib/python3.7/site-packages/airflow/example_dags/example_kubernetes_executor_config.py took 0.050 seconds
[2023-04-10 11:46:30,304] {processor.py:163} INFO - Started process (PID=2455) to work on /home/airflow/.local/lib/python3.7/site-packages/airflow/example_dags/example_kubernetes_executor_config.py
[2023-04-10 11:46:30,305] {processor.py:620} INFO - Processing file /home/airflow/.local/lib/python3.7/site-packages/airflow/example_dags/example_kubernetes_executor_config.py for tasks to queue
[2023-04-10 11:46:30,306] {logging_mixin.py:109} INFO - [2023-04-10 11:46:30,306] {dagbag.py:500} INFO - Filling up the DagBag from /home/airflow/.local/lib/python3.7/site-packages/airflow/example_dags/example_kubernetes_executor_config.py
[2023-04-10 11:46:30,328] {processor.py:632} INFO - DAG(s) dict_keys(['example_kubernetes_executor_config']) retrieved from /home/airflow/.local/lib/python3.7/site-packages/airflow/example_dags/example_kubernetes_executor_config.py
[2023-04-10 11:46:30,337] {logging_mixin.py:109} INFO - [2023-04-10 11:46:30,337] {dag.py:2389} INFO - Sync 1 DAGs
[2023-04-10 11:46:30,349] {logging_mixin.py:109} INFO - [2023-04-10 11:46:30,349] {dag.py:2921} INFO - Setting next_dagrun for example_kubernetes_executor_config to None
[2023-04-10 11:46:30,358] {processor.py:171} INFO - Processing /home/airflow/.local/lib/python3.7/site-packages/airflow/example_dags/example_kubernetes_executor_config.py took 0.056 seconds
[2023-04-10 11:47:00,476] {processor.py:163} INFO - Started process (PID=2515) to work on /home/airflow/.local/lib/python3.7/site-packages/airflow/example_dags/example_kubernetes_executor_config.py
[2023-04-10 11:47:00,477] {processor.py:620} INFO - Processing file /home/airflow/.local/lib/python3.7/site-packages/airflow/example_dags/example_kubernetes_executor_config.py for tasks to queue
[2023-04-10 11:47:00,477] {logging_mixin.py:109} INFO - [2023-04-10 11:47:00,477] {dagbag.py:500} INFO - Filling up the DagBag from /home/airflow/.local/lib/python3.7/site-packages/airflow/example_dags/example_kubernetes_executor_config.py
[2023-04-10 11:47:00,498] {processor.py:632} INFO - DAG(s) dict_keys(['example_kubernetes_executor_config']) retrieved from /home/airflow/.local/lib/python3.7/site-packages/airflow/example_dags/example_kubernetes_executor_config.py
[2023-04-10 11:47:00,507] {logging_mixin.py:109} INFO - [2023-04-10 11:47:00,506] {dag.py:2389} INFO - Sync 1 DAGs
[2023-04-10 11:47:00,518] {logging_mixin.py:109} INFO - [2023-04-10 11:47:00,517] {dag.py:2921} INFO - Setting next_dagrun for example_kubernetes_executor_config to None
[2023-04-10 11:47:00,525] {processor.py:171} INFO - Processing /home/airflow/.local/lib/python3.7/site-packages/airflow/example_dags/example_kubernetes_executor_config.py took 0.051 seconds
[2023-04-10 11:47:31,114] {processor.py:163} INFO - Started process (PID=2566) to work on /home/airflow/.local/lib/python3.7/site-packages/airflow/example_dags/example_kubernetes_executor_config.py
[2023-04-10 11:47:31,115] {processor.py:620} INFO - Processing file /home/airflow/.local/lib/python3.7/site-packages/airflow/example_dags/example_kubernetes_executor_config.py for tasks to queue
[2023-04-10 11:47:31,116] {logging_mixin.py:109} INFO - [2023-04-10 11:47:31,116] {dagbag.py:500} INFO - Filling up the DagBag from /home/airflow/.local/lib/python3.7/site-packages/airflow/example_dags/example_kubernetes_executor_config.py
[2023-04-10 11:47:31,141] {processor.py:632} INFO - DAG(s) dict_keys(['example_kubernetes_executor_config']) retrieved from /home/airflow/.local/lib/python3.7/site-packages/airflow/example_dags/example_kubernetes_executor_config.py
[2023-04-10 11:47:31,152] {logging_mixin.py:109} INFO - [2023-04-10 11:47:31,152] {dag.py:2389} INFO - Sync 1 DAGs
[2023-04-10 11:47:31,241] {logging_mixin.py:109} INFO - [2023-04-10 11:47:31,241] {dag.py:2921} INFO - Setting next_dagrun for example_kubernetes_executor_config to None
[2023-04-10 11:47:31,251] {processor.py:171} INFO - Processing /home/airflow/.local/lib/python3.7/site-packages/airflow/example_dags/example_kubernetes_executor_config.py took 0.140 seconds
[2023-04-10 11:48:01,637] {processor.py:163} INFO - Started process (PID=2626) to work on /home/airflow/.local/lib/python3.7/site-packages/airflow/example_dags/example_kubernetes_executor_config.py
[2023-04-10 11:48:01,639] {processor.py:620} INFO - Processing file /home/airflow/.local/lib/python3.7/site-packages/airflow/example_dags/example_kubernetes_executor_config.py for tasks to queue
[2023-04-10 11:48:01,639] {logging_mixin.py:109} INFO - [2023-04-10 11:48:01,639] {dagbag.py:500} INFO - Filling up the DagBag from /home/airflow/.local/lib/python3.7/site-packages/airflow/example_dags/example_kubernetes_executor_config.py
[2023-04-10 11:48:01,676] {processor.py:632} INFO - DAG(s) dict_keys(['example_kubernetes_executor_config']) retrieved from /home/airflow/.local/lib/python3.7/site-packages/airflow/example_dags/example_kubernetes_executor_config.py
[2023-04-10 11:48:01,689] {logging_mixin.py:109} INFO - [2023-04-10 11:48:01,689] {dag.py:2389} INFO - Sync 1 DAGs
[2023-04-10 11:48:01,785] {logging_mixin.py:109} INFO - [2023-04-10 11:48:01,784] {dag.py:2921} INFO - Setting next_dagrun for example_kubernetes_executor_config to None
[2023-04-10 11:48:01,794] {processor.py:171} INFO - Processing /home/airflow/.local/lib/python3.7/site-packages/airflow/example_dags/example_kubernetes_executor_config.py took 0.160 seconds
[2023-04-10 11:48:03,608] {processor.py:163} INFO - Started process (PID=3120) to work on /home/airflow/.local/lib/python3.7/site-packages/airflow/example_dags/example_kubernetes_executor_config.py
[2023-04-10 11:48:03,609] {processor.py:620} INFO - Processing file /home/airflow/.local/lib/python3.7/site-packages/airflow/example_dags/example_kubernetes_executor_config.py for tasks to queue
[2023-04-10 11:48:03,609] {logging_mixin.py:109} INFO - [2023-04-10 11:48:03,609] {dagbag.py:500} INFO - Filling up the DagBag from /home/airflow/.local/lib/python3.7/site-packages/airflow/example_dags/example_kubernetes_executor_config.py
[2023-04-10 11:48:03,634] {processor.py:632} INFO - DAG(s) dict_keys(['example_kubernetes_executor_config']) retrieved from /home/airflow/.local/lib/python3.7/site-packages/airflow/example_dags/example_kubernetes_executor_config.py
[2023-04-10 11:48:03,644] {logging_mixin.py:109} INFO - [2023-04-10 11:48:03,644] {dag.py:2389} INFO - Sync 1 DAGs
[2023-04-10 11:48:03,657] {logging_mixin.py:109} INFO - [2023-04-10 11:48:03,657] {dag.py:2921} INFO - Setting next_dagrun for example_kubernetes_executor_config to None
[2023-04-10 11:48:03,668] {processor.py:171} INFO - Processing /home/airflow/.local/lib/python3.7/site-packages/airflow/example_dags/example_kubernetes_executor_config.py took 0.063 seconds
[2023-04-10 11:48:32,627] {processor.py:163} INFO - Started process (PID=2677) to work on /home/airflow/.local/lib/python3.7/site-packages/airflow/example_dags/example_kubernetes_executor_config.py
[2023-04-10 11:48:32,628] {processor.py:620} INFO - Processing file /home/airflow/.local/lib/python3.7/site-packages/airflow/example_dags/example_kubernetes_executor_config.py for tasks to queue
[2023-04-10 11:48:32,628] {logging_mixin.py:109} INFO - [2023-04-10 11:48:32,628] {dagbag.py:500} INFO - Filling up the DagBag from /home/airflow/.local/lib/python3.7/site-packages/airflow/example_dags/example_kubernetes_executor_config.py
[2023-04-10 11:48:32,650] {processor.py:632} INFO - DAG(s) dict_keys(['example_kubernetes_executor_config']) retrieved from /home/airflow/.local/lib/python3.7/site-packages/airflow/example_dags/example_kubernetes_executor_config.py
[2023-04-10 11:48:32,661] {logging_mixin.py:109} INFO - [2023-04-10 11:48:32,661] {dag.py:2389} INFO - Sync 1 DAGs
[2023-04-10 11:48:32,742] {logging_mixin.py:109} INFO - [2023-04-10 11:48:32,741] {dag.py:2921} INFO - Setting next_dagrun for example_kubernetes_executor_config to None
[2023-04-10 11:48:32,751] {processor.py:171} INFO - Processing /home/airflow/.local/lib/python3.7/site-packages/airflow/example_dags/example_kubernetes_executor_config.py took 0.126 seconds
