[2023-04-10 11:26:32,258] {processor.py:163} INFO - Started process (PID=66) to work on /home/airflow/.local/lib/python3.7/site-packages/airflow/example_dags/example_xcom.py
[2023-04-10 11:26:32,260] {processor.py:620} INFO - Processing file /home/airflow/.local/lib/python3.7/site-packages/airflow/example_dags/example_xcom.py for tasks to queue
[2023-04-10 11:26:32,261] {logging_mixin.py:109} INFO - [2023-04-10 11:26:32,261] {dagbag.py:500} INFO - Filling up the DagBag from /home/airflow/.local/lib/python3.7/site-packages/airflow/example_dags/example_xcom.py
[2023-04-10 11:26:32,315] {processor.py:632} INFO - DAG(s) dict_keys(['example_xcom']) retrieved from /home/airflow/.local/lib/python3.7/site-packages/airflow/example_dags/example_xcom.py
[2023-04-10 11:26:35,603] {logging_mixin.py:109} INFO - [2023-04-10 11:26:35,603] {providers_manager.py:156} WARNING - Exception when importing 'airflow.providers.google.leveldb.hooks.leveldb.LevelDBHook' from 'apache-airflow-providers-google' package: No module named 'plyvel'
[2023-04-10 11:26:36,670] {logging_mixin.py:109} INFO - [2023-04-10 11:26:36,670] {providers_manager.py:156} WARNING - Exception when importing 'airflow.providers.google.leveldb.hooks.leveldb.LevelDBHook' from 'apache-airflow-providers-google' package: No module named 'plyvel'
[2023-04-10 11:26:36,733] {logging_mixin.py:109} INFO - [2023-04-10 11:26:36,733] {manager.py:496} INFO - Created Permission View: can read on DAG:example_xcom
[2023-04-10 11:26:36,793] {logging_mixin.py:109} INFO - [2023-04-10 11:26:36,793] {manager.py:496} INFO - Created Permission View: can edit on DAG:example_xcom
[2023-04-10 11:26:36,794] {logging_mixin.py:109} INFO - [2023-04-10 11:26:36,793] {dag.py:2389} INFO - Sync 1 DAGs
[2023-04-10 11:26:36,824] {logging_mixin.py:109} INFO - [2023-04-10 11:26:36,824] {dag.py:2408} INFO - Creating ORM DAG for example_xcom
[2023-04-10 11:26:36,841] {logging_mixin.py:109} INFO - [2023-04-10 11:26:36,840] {dag.py:2921} INFO - Setting next_dagrun for example_xcom to 2021-01-01T00:00:00+00:00
[2023-04-10 11:26:36,868] {processor.py:171} INFO - Processing /home/airflow/.local/lib/python3.7/site-packages/airflow/example_dags/example_xcom.py took 4.617 seconds
[2023-04-10 11:27:09,115] {processor.py:163} INFO - Started process (PID=348) to work on /home/airflow/.local/lib/python3.7/site-packages/airflow/example_dags/example_xcom.py
[2023-04-10 11:27:09,116] {processor.py:620} INFO - Processing file /home/airflow/.local/lib/python3.7/site-packages/airflow/example_dags/example_xcom.py for tasks to queue
[2023-04-10 11:27:09,117] {logging_mixin.py:109} INFO - [2023-04-10 11:27:09,117] {dagbag.py:500} INFO - Filling up the DagBag from /home/airflow/.local/lib/python3.7/site-packages/airflow/example_dags/example_xcom.py
[2023-04-10 11:27:09,148] {processor.py:632} INFO - DAG(s) dict_keys(['example_xcom']) retrieved from /home/airflow/.local/lib/python3.7/site-packages/airflow/example_dags/example_xcom.py
[2023-04-10 11:27:09,420] {logging_mixin.py:109} INFO - [2023-04-10 11:27:09,420] {dag.py:2389} INFO - Sync 1 DAGs
[2023-04-10 11:27:09,436] {logging_mixin.py:109} INFO - [2023-04-10 11:27:09,436] {dag.py:2921} INFO - Setting next_dagrun for example_xcom to 2021-01-01T00:00:00+00:00
[2023-04-10 11:27:09,449] {processor.py:171} INFO - Processing /home/airflow/.local/lib/python3.7/site-packages/airflow/example_dags/example_xcom.py took 0.337 seconds
[2023-04-10 11:27:40,223] {processor.py:163} INFO - Started process (PID=408) to work on /home/airflow/.local/lib/python3.7/site-packages/airflow/example_dags/example_xcom.py
[2023-04-10 11:27:40,224] {processor.py:620} INFO - Processing file /home/airflow/.local/lib/python3.7/site-packages/airflow/example_dags/example_xcom.py for tasks to queue
[2023-04-10 11:27:40,224] {logging_mixin.py:109} INFO - [2023-04-10 11:27:40,224] {dagbag.py:500} INFO - Filling up the DagBag from /home/airflow/.local/lib/python3.7/site-packages/airflow/example_dags/example_xcom.py
[2023-04-10 11:27:40,255] {processor.py:632} INFO - DAG(s) dict_keys(['example_xcom']) retrieved from /home/airflow/.local/lib/python3.7/site-packages/airflow/example_dags/example_xcom.py
[2023-04-10 11:27:40,532] {logging_mixin.py:109} INFO - [2023-04-10 11:27:40,532] {dag.py:2389} INFO - Sync 1 DAGs
[2023-04-10 11:27:40,544] {logging_mixin.py:109} INFO - [2023-04-10 11:27:40,543] {dag.py:2921} INFO - Setting next_dagrun for example_xcom to 2021-01-01T00:00:00+00:00
[2023-04-10 11:27:40,556] {processor.py:171} INFO - Processing /home/airflow/.local/lib/python3.7/site-packages/airflow/example_dags/example_xcom.py took 0.336 seconds
[2023-04-10 11:28:11,447] {processor.py:163} INFO - Started process (PID=460) to work on /home/airflow/.local/lib/python3.7/site-packages/airflow/example_dags/example_xcom.py
[2023-04-10 11:28:11,448] {processor.py:620} INFO - Processing file /home/airflow/.local/lib/python3.7/site-packages/airflow/example_dags/example_xcom.py for tasks to queue
[2023-04-10 11:28:11,449] {logging_mixin.py:109} INFO - [2023-04-10 11:28:11,449] {dagbag.py:500} INFO - Filling up the DagBag from /home/airflow/.local/lib/python3.7/site-packages/airflow/example_dags/example_xcom.py
[2023-04-10 11:28:11,473] {processor.py:632} INFO - DAG(s) dict_keys(['example_xcom']) retrieved from /home/airflow/.local/lib/python3.7/site-packages/airflow/example_dags/example_xcom.py
[2023-04-10 11:28:11,684] {logging_mixin.py:109} INFO - [2023-04-10 11:28:11,683] {dag.py:2389} INFO - Sync 1 DAGs
[2023-04-10 11:28:11,693] {logging_mixin.py:109} INFO - [2023-04-10 11:28:11,693] {dag.py:2921} INFO - Setting next_dagrun for example_xcom to 2021-01-01T00:00:00+00:00
[2023-04-10 11:28:11,703] {processor.py:171} INFO - Processing /home/airflow/.local/lib/python3.7/site-packages/airflow/example_dags/example_xcom.py took 0.258 seconds
[2023-04-10 11:28:41,717] {processor.py:163} INFO - Started process (PID=511) to work on /home/airflow/.local/lib/python3.7/site-packages/airflow/example_dags/example_xcom.py
[2023-04-10 11:28:41,718] {processor.py:620} INFO - Processing file /home/airflow/.local/lib/python3.7/site-packages/airflow/example_dags/example_xcom.py for tasks to queue
[2023-04-10 11:28:41,718] {logging_mixin.py:109} INFO - [2023-04-10 11:28:41,718] {dagbag.py:500} INFO - Filling up the DagBag from /home/airflow/.local/lib/python3.7/site-packages/airflow/example_dags/example_xcom.py
[2023-04-10 11:28:41,742] {processor.py:632} INFO - DAG(s) dict_keys(['example_xcom']) retrieved from /home/airflow/.local/lib/python3.7/site-packages/airflow/example_dags/example_xcom.py
[2023-04-10 11:28:41,927] {logging_mixin.py:109} INFO - [2023-04-10 11:28:41,927] {dag.py:2389} INFO - Sync 1 DAGs
[2023-04-10 11:28:41,935] {logging_mixin.py:109} INFO - [2023-04-10 11:28:41,935] {dag.py:2921} INFO - Setting next_dagrun for example_xcom to 2021-01-01T00:00:00+00:00
[2023-04-10 11:28:41,949] {processor.py:171} INFO - Processing /home/airflow/.local/lib/python3.7/site-packages/airflow/example_dags/example_xcom.py took 0.234 seconds
[2023-04-10 11:29:12,828] {processor.py:163} INFO - Started process (PID=572) to work on /home/airflow/.local/lib/python3.7/site-packages/airflow/example_dags/example_xcom.py
[2023-04-10 11:29:12,829] {processor.py:620} INFO - Processing file /home/airflow/.local/lib/python3.7/site-packages/airflow/example_dags/example_xcom.py for tasks to queue
[2023-04-10 11:29:12,829] {logging_mixin.py:109} INFO - [2023-04-10 11:29:12,829] {dagbag.py:500} INFO - Filling up the DagBag from /home/airflow/.local/lib/python3.7/site-packages/airflow/example_dags/example_xcom.py
[2023-04-10 11:29:12,851] {processor.py:632} INFO - DAG(s) dict_keys(['example_xcom']) retrieved from /home/airflow/.local/lib/python3.7/site-packages/airflow/example_dags/example_xcom.py
[2023-04-10 11:29:13,063] {logging_mixin.py:109} INFO - [2023-04-10 11:29:13,062] {dag.py:2389} INFO - Sync 1 DAGs
[2023-04-10 11:29:13,072] {logging_mixin.py:109} INFO - [2023-04-10 11:29:13,072] {dag.py:2921} INFO - Setting next_dagrun for example_xcom to 2021-01-01T00:00:00+00:00
[2023-04-10 11:29:13,081] {processor.py:171} INFO - Processing /home/airflow/.local/lib/python3.7/site-packages/airflow/example_dags/example_xcom.py took 0.255 seconds
[2023-04-10 11:29:43,101] {processor.py:163} INFO - Started process (PID=624) to work on /home/airflow/.local/lib/python3.7/site-packages/airflow/example_dags/example_xcom.py
[2023-04-10 11:29:43,102] {processor.py:620} INFO - Processing file /home/airflow/.local/lib/python3.7/site-packages/airflow/example_dags/example_xcom.py for tasks to queue
[2023-04-10 11:29:43,103] {logging_mixin.py:109} INFO - [2023-04-10 11:29:43,102] {dagbag.py:500} INFO - Filling up the DagBag from /home/airflow/.local/lib/python3.7/site-packages/airflow/example_dags/example_xcom.py
[2023-04-10 11:29:43,125] {processor.py:632} INFO - DAG(s) dict_keys(['example_xcom']) retrieved from /home/airflow/.local/lib/python3.7/site-packages/airflow/example_dags/example_xcom.py
[2023-04-10 11:29:43,363] {logging_mixin.py:109} INFO - [2023-04-10 11:29:43,363] {dag.py:2389} INFO - Sync 1 DAGs
[2023-04-10 11:29:43,373] {logging_mixin.py:109} INFO - [2023-04-10 11:29:43,373] {dag.py:2921} INFO - Setting next_dagrun for example_xcom to 2021-01-01T00:00:00+00:00
[2023-04-10 11:29:43,382] {processor.py:171} INFO - Processing /home/airflow/.local/lib/python3.7/site-packages/airflow/example_dags/example_xcom.py took 0.283 seconds
[2023-04-10 11:30:13,630] {processor.py:163} INFO - Started process (PID=684) to work on /home/airflow/.local/lib/python3.7/site-packages/airflow/example_dags/example_xcom.py
[2023-04-10 11:30:13,630] {processor.py:620} INFO - Processing file /home/airflow/.local/lib/python3.7/site-packages/airflow/example_dags/example_xcom.py for tasks to queue
[2023-04-10 11:30:13,631] {logging_mixin.py:109} INFO - [2023-04-10 11:30:13,631] {dagbag.py:500} INFO - Filling up the DagBag from /home/airflow/.local/lib/python3.7/site-packages/airflow/example_dags/example_xcom.py
[2023-04-10 11:30:13,654] {processor.py:632} INFO - DAG(s) dict_keys(['example_xcom']) retrieved from /home/airflow/.local/lib/python3.7/site-packages/airflow/example_dags/example_xcom.py
[2023-04-10 11:30:13,849] {logging_mixin.py:109} INFO - [2023-04-10 11:30:13,849] {dag.py:2389} INFO - Sync 1 DAGs
[2023-04-10 11:30:13,857] {logging_mixin.py:109} INFO - [2023-04-10 11:30:13,857] {dag.py:2921} INFO - Setting next_dagrun for example_xcom to 2021-01-01T00:00:00+00:00
[2023-04-10 11:30:13,866] {processor.py:171} INFO - Processing /home/airflow/.local/lib/python3.7/site-packages/airflow/example_dags/example_xcom.py took 0.239 seconds
[2023-04-10 11:30:43,995] {processor.py:163} INFO - Started process (PID=735) to work on /home/airflow/.local/lib/python3.7/site-packages/airflow/example_dags/example_xcom.py
[2023-04-10 11:30:43,996] {processor.py:620} INFO - Processing file /home/airflow/.local/lib/python3.7/site-packages/airflow/example_dags/example_xcom.py for tasks to queue
[2023-04-10 11:30:43,996] {logging_mixin.py:109} INFO - [2023-04-10 11:30:43,996] {dagbag.py:500} INFO - Filling up the DagBag from /home/airflow/.local/lib/python3.7/site-packages/airflow/example_dags/example_xcom.py
[2023-04-10 11:30:44,016] {processor.py:632} INFO - DAG(s) dict_keys(['example_xcom']) retrieved from /home/airflow/.local/lib/python3.7/site-packages/airflow/example_dags/example_xcom.py
[2023-04-10 11:30:44,230] {logging_mixin.py:109} INFO - [2023-04-10 11:30:44,230] {dag.py:2389} INFO - Sync 1 DAGs
[2023-04-10 11:30:44,241] {logging_mixin.py:109} INFO - [2023-04-10 11:30:44,240] {dag.py:2921} INFO - Setting next_dagrun for example_xcom to 2021-01-01T00:00:00+00:00
[2023-04-10 11:30:44,249] {processor.py:171} INFO - Processing /home/airflow/.local/lib/python3.7/site-packages/airflow/example_dags/example_xcom.py took 0.257 seconds
[2023-04-10 11:31:14,319] {processor.py:163} INFO - Started process (PID=795) to work on /home/airflow/.local/lib/python3.7/site-packages/airflow/example_dags/example_xcom.py
[2023-04-10 11:31:14,319] {processor.py:620} INFO - Processing file /home/airflow/.local/lib/python3.7/site-packages/airflow/example_dags/example_xcom.py for tasks to queue
[2023-04-10 11:31:14,320] {logging_mixin.py:109} INFO - [2023-04-10 11:31:14,320] {dagbag.py:500} INFO - Filling up the DagBag from /home/airflow/.local/lib/python3.7/site-packages/airflow/example_dags/example_xcom.py
[2023-04-10 11:31:14,342] {processor.py:632} INFO - DAG(s) dict_keys(['example_xcom']) retrieved from /home/airflow/.local/lib/python3.7/site-packages/airflow/example_dags/example_xcom.py
[2023-04-10 11:31:14,599] {logging_mixin.py:109} INFO - [2023-04-10 11:31:14,599] {dag.py:2389} INFO - Sync 1 DAGs
[2023-04-10 11:31:14,612] {logging_mixin.py:109} INFO - [2023-04-10 11:31:14,612] {dag.py:2921} INFO - Setting next_dagrun for example_xcom to 2021-01-01T00:00:00+00:00
[2023-04-10 11:31:14,621] {processor.py:171} INFO - Processing /home/airflow/.local/lib/python3.7/site-packages/airflow/example_dags/example_xcom.py took 0.305 seconds
[2023-04-10 11:31:44,696] {processor.py:163} INFO - Started process (PID=846) to work on /home/airflow/.local/lib/python3.7/site-packages/airflow/example_dags/example_xcom.py
[2023-04-10 11:31:44,703] {processor.py:620} INFO - Processing file /home/airflow/.local/lib/python3.7/site-packages/airflow/example_dags/example_xcom.py for tasks to queue
[2023-04-10 11:31:44,704] {logging_mixin.py:109} INFO - [2023-04-10 11:31:44,704] {dagbag.py:500} INFO - Filling up the DagBag from /home/airflow/.local/lib/python3.7/site-packages/airflow/example_dags/example_xcom.py
[2023-04-10 11:31:44,723] {processor.py:632} INFO - DAG(s) dict_keys(['example_xcom']) retrieved from /home/airflow/.local/lib/python3.7/site-packages/airflow/example_dags/example_xcom.py
[2023-04-10 11:31:44,923] {logging_mixin.py:109} INFO - [2023-04-10 11:31:44,923] {dag.py:2389} INFO - Sync 1 DAGs
[2023-04-10 11:31:44,932] {logging_mixin.py:109} INFO - [2023-04-10 11:31:44,932] {dag.py:2921} INFO - Setting next_dagrun for example_xcom to 2021-01-01T00:00:00+00:00
[2023-04-10 11:31:44,940] {processor.py:171} INFO - Processing /home/airflow/.local/lib/python3.7/site-packages/airflow/example_dags/example_xcom.py took 0.247 seconds
[2023-04-10 11:32:15,900] {processor.py:163} INFO - Started process (PID=909) to work on /home/airflow/.local/lib/python3.7/site-packages/airflow/example_dags/example_xcom.py
[2023-04-10 11:32:15,901] {processor.py:620} INFO - Processing file /home/airflow/.local/lib/python3.7/site-packages/airflow/example_dags/example_xcom.py for tasks to queue
[2023-04-10 11:32:15,901] {logging_mixin.py:109} INFO - [2023-04-10 11:32:15,901] {dagbag.py:500} INFO - Filling up the DagBag from /home/airflow/.local/lib/python3.7/site-packages/airflow/example_dags/example_xcom.py
[2023-04-10 11:32:15,924] {processor.py:632} INFO - DAG(s) dict_keys(['example_xcom']) retrieved from /home/airflow/.local/lib/python3.7/site-packages/airflow/example_dags/example_xcom.py
[2023-04-10 11:32:16,147] {logging_mixin.py:109} INFO - [2023-04-10 11:32:16,147] {dag.py:2389} INFO - Sync 1 DAGs
[2023-04-10 11:32:16,156] {logging_mixin.py:109} INFO - [2023-04-10 11:32:16,156] {dag.py:2921} INFO - Setting next_dagrun for example_xcom to 2021-01-01T00:00:00+00:00
[2023-04-10 11:32:16,165] {processor.py:171} INFO - Processing /home/airflow/.local/lib/python3.7/site-packages/airflow/example_dags/example_xcom.py took 0.267 seconds
[2023-04-10 11:32:46,230] {processor.py:163} INFO - Started process (PID=960) to work on /home/airflow/.local/lib/python3.7/site-packages/airflow/example_dags/example_xcom.py
[2023-04-10 11:32:46,231] {processor.py:620} INFO - Processing file /home/airflow/.local/lib/python3.7/site-packages/airflow/example_dags/example_xcom.py for tasks to queue
[2023-04-10 11:32:46,232] {logging_mixin.py:109} INFO - [2023-04-10 11:32:46,232] {dagbag.py:500} INFO - Filling up the DagBag from /home/airflow/.local/lib/python3.7/site-packages/airflow/example_dags/example_xcom.py
[2023-04-10 11:32:46,259] {processor.py:632} INFO - DAG(s) dict_keys(['example_xcom']) retrieved from /home/airflow/.local/lib/python3.7/site-packages/airflow/example_dags/example_xcom.py
[2023-04-10 11:32:46,480] {logging_mixin.py:109} INFO - [2023-04-10 11:32:46,479] {dag.py:2389} INFO - Sync 1 DAGs
[2023-04-10 11:32:46,489] {logging_mixin.py:109} INFO - [2023-04-10 11:32:46,489] {dag.py:2921} INFO - Setting next_dagrun for example_xcom to 2021-01-01T00:00:00+00:00
[2023-04-10 11:32:46,498] {processor.py:171} INFO - Processing /home/airflow/.local/lib/python3.7/site-packages/airflow/example_dags/example_xcom.py took 0.271 seconds
[2023-04-10 11:33:16,609] {processor.py:163} INFO - Started process (PID=1021) to work on /home/airflow/.local/lib/python3.7/site-packages/airflow/example_dags/example_xcom.py
[2023-04-10 11:33:16,610] {processor.py:620} INFO - Processing file /home/airflow/.local/lib/python3.7/site-packages/airflow/example_dags/example_xcom.py for tasks to queue
[2023-04-10 11:33:16,611] {logging_mixin.py:109} INFO - [2023-04-10 11:33:16,610] {dagbag.py:500} INFO - Filling up the DagBag from /home/airflow/.local/lib/python3.7/site-packages/airflow/example_dags/example_xcom.py
[2023-04-10 11:33:16,639] {processor.py:632} INFO - DAG(s) dict_keys(['example_xcom']) retrieved from /home/airflow/.local/lib/python3.7/site-packages/airflow/example_dags/example_xcom.py
[2023-04-10 11:33:16,931] {logging_mixin.py:109} INFO - [2023-04-10 11:33:16,930] {dag.py:2389} INFO - Sync 1 DAGs
[2023-04-10 11:33:16,945] {logging_mixin.py:109} INFO - [2023-04-10 11:33:16,945] {dag.py:2921} INFO - Setting next_dagrun for example_xcom to 2021-01-01T00:00:00+00:00
[2023-04-10 11:33:16,956] {processor.py:171} INFO - Processing /home/airflow/.local/lib/python3.7/site-packages/airflow/example_dags/example_xcom.py took 0.350 seconds
[2023-04-10 11:33:47,204] {processor.py:163} INFO - Started process (PID=1073) to work on /home/airflow/.local/lib/python3.7/site-packages/airflow/example_dags/example_xcom.py
[2023-04-10 11:33:47,205] {processor.py:620} INFO - Processing file /home/airflow/.local/lib/python3.7/site-packages/airflow/example_dags/example_xcom.py for tasks to queue
[2023-04-10 11:33:47,206] {logging_mixin.py:109} INFO - [2023-04-10 11:33:47,205] {dagbag.py:500} INFO - Filling up the DagBag from /home/airflow/.local/lib/python3.7/site-packages/airflow/example_dags/example_xcom.py
[2023-04-10 11:33:47,269] {processor.py:632} INFO - DAG(s) dict_keys(['example_xcom']) retrieved from /home/airflow/.local/lib/python3.7/site-packages/airflow/example_dags/example_xcom.py
[2023-04-10 11:33:47,499] {logging_mixin.py:109} INFO - [2023-04-10 11:33:47,499] {dag.py:2389} INFO - Sync 1 DAGs
[2023-04-10 11:33:47,509] {logging_mixin.py:109} INFO - [2023-04-10 11:33:47,509] {dag.py:2921} INFO - Setting next_dagrun for example_xcom to 2021-01-01T00:00:00+00:00
[2023-04-10 11:33:47,520] {processor.py:171} INFO - Processing /home/airflow/.local/lib/python3.7/site-packages/airflow/example_dags/example_xcom.py took 0.318 seconds
[2023-04-10 11:34:17,678] {processor.py:163} INFO - Started process (PID=1123) to work on /home/airflow/.local/lib/python3.7/site-packages/airflow/example_dags/example_xcom.py
[2023-04-10 11:34:17,685] {processor.py:620} INFO - Processing file /home/airflow/.local/lib/python3.7/site-packages/airflow/example_dags/example_xcom.py for tasks to queue
[2023-04-10 11:34:17,686] {logging_mixin.py:109} INFO - [2023-04-10 11:34:17,686] {dagbag.py:500} INFO - Filling up the DagBag from /home/airflow/.local/lib/python3.7/site-packages/airflow/example_dags/example_xcom.py
[2023-04-10 11:34:17,707] {processor.py:632} INFO - DAG(s) dict_keys(['example_xcom']) retrieved from /home/airflow/.local/lib/python3.7/site-packages/airflow/example_dags/example_xcom.py
[2023-04-10 11:34:17,917] {logging_mixin.py:109} INFO - [2023-04-10 11:34:17,917] {dag.py:2389} INFO - Sync 1 DAGs
[2023-04-10 11:34:17,928] {logging_mixin.py:109} INFO - [2023-04-10 11:34:17,928] {dag.py:2921} INFO - Setting next_dagrun for example_xcom to 2021-01-01T00:00:00+00:00
[2023-04-10 11:34:17,938] {processor.py:171} INFO - Processing /home/airflow/.local/lib/python3.7/site-packages/airflow/example_dags/example_xcom.py took 0.262 seconds
[2023-04-10 11:34:48,923] {processor.py:163} INFO - Started process (PID=1183) to work on /home/airflow/.local/lib/python3.7/site-packages/airflow/example_dags/example_xcom.py
[2023-04-10 11:34:48,924] {processor.py:620} INFO - Processing file /home/airflow/.local/lib/python3.7/site-packages/airflow/example_dags/example_xcom.py for tasks to queue
[2023-04-10 11:34:48,924] {logging_mixin.py:109} INFO - [2023-04-10 11:34:48,924] {dagbag.py:500} INFO - Filling up the DagBag from /home/airflow/.local/lib/python3.7/site-packages/airflow/example_dags/example_xcom.py
[2023-04-10 11:34:48,947] {processor.py:632} INFO - DAG(s) dict_keys(['example_xcom']) retrieved from /home/airflow/.local/lib/python3.7/site-packages/airflow/example_dags/example_xcom.py
[2023-04-10 11:34:49,165] {logging_mixin.py:109} INFO - [2023-04-10 11:34:49,165] {dag.py:2389} INFO - Sync 1 DAGs
[2023-04-10 11:34:49,177] {logging_mixin.py:109} INFO - [2023-04-10 11:34:49,177] {dag.py:2921} INFO - Setting next_dagrun for example_xcom to 2021-01-01T00:00:00+00:00
[2023-04-10 11:34:49,187] {processor.py:171} INFO - Processing /home/airflow/.local/lib/python3.7/site-packages/airflow/example_dags/example_xcom.py took 0.267 seconds
[2023-04-10 11:35:19,259] {processor.py:163} INFO - Started process (PID=1234) to work on /home/airflow/.local/lib/python3.7/site-packages/airflow/example_dags/example_xcom.py
[2023-04-10 11:35:19,260] {processor.py:620} INFO - Processing file /home/airflow/.local/lib/python3.7/site-packages/airflow/example_dags/example_xcom.py for tasks to queue
[2023-04-10 11:35:19,260] {logging_mixin.py:109} INFO - [2023-04-10 11:35:19,260] {dagbag.py:500} INFO - Filling up the DagBag from /home/airflow/.local/lib/python3.7/site-packages/airflow/example_dags/example_xcom.py
[2023-04-10 11:35:19,286] {processor.py:632} INFO - DAG(s) dict_keys(['example_xcom']) retrieved from /home/airflow/.local/lib/python3.7/site-packages/airflow/example_dags/example_xcom.py
[2023-04-10 11:35:19,532] {logging_mixin.py:109} INFO - [2023-04-10 11:35:19,531] {dag.py:2389} INFO - Sync 1 DAGs
[2023-04-10 11:35:19,544] {logging_mixin.py:109} INFO - [2023-04-10 11:35:19,544] {dag.py:2921} INFO - Setting next_dagrun for example_xcom to 2021-01-01T00:00:00+00:00
[2023-04-10 11:35:19,554] {processor.py:171} INFO - Processing /home/airflow/.local/lib/python3.7/site-packages/airflow/example_dags/example_xcom.py took 0.298 seconds
[2023-04-10 11:35:49,578] {processor.py:163} INFO - Started process (PID=1294) to work on /home/airflow/.local/lib/python3.7/site-packages/airflow/example_dags/example_xcom.py
[2023-04-10 11:35:49,579] {processor.py:620} INFO - Processing file /home/airflow/.local/lib/python3.7/site-packages/airflow/example_dags/example_xcom.py for tasks to queue
[2023-04-10 11:35:49,579] {logging_mixin.py:109} INFO - [2023-04-10 11:35:49,579] {dagbag.py:500} INFO - Filling up the DagBag from /home/airflow/.local/lib/python3.7/site-packages/airflow/example_dags/example_xcom.py
[2023-04-10 11:35:49,599] {processor.py:632} INFO - DAG(s) dict_keys(['example_xcom']) retrieved from /home/airflow/.local/lib/python3.7/site-packages/airflow/example_dags/example_xcom.py
[2023-04-10 11:35:49,805] {logging_mixin.py:109} INFO - [2023-04-10 11:35:49,805] {dag.py:2389} INFO - Sync 1 DAGs
[2023-04-10 11:35:49,817] {logging_mixin.py:109} INFO - [2023-04-10 11:35:49,817] {dag.py:2921} INFO - Setting next_dagrun for example_xcom to 2021-01-01T00:00:00+00:00
[2023-04-10 11:35:49,828] {processor.py:171} INFO - Processing /home/airflow/.local/lib/python3.7/site-packages/airflow/example_dags/example_xcom.py took 0.253 seconds
[2023-04-10 11:36:19,914] {processor.py:163} INFO - Started process (PID=1346) to work on /home/airflow/.local/lib/python3.7/site-packages/airflow/example_dags/example_xcom.py
[2023-04-10 11:36:19,915] {processor.py:620} INFO - Processing file /home/airflow/.local/lib/python3.7/site-packages/airflow/example_dags/example_xcom.py for tasks to queue
[2023-04-10 11:36:19,916] {logging_mixin.py:109} INFO - [2023-04-10 11:36:19,916] {dagbag.py:500} INFO - Filling up the DagBag from /home/airflow/.local/lib/python3.7/site-packages/airflow/example_dags/example_xcom.py
[2023-04-10 11:36:19,938] {processor.py:632} INFO - DAG(s) dict_keys(['example_xcom']) retrieved from /home/airflow/.local/lib/python3.7/site-packages/airflow/example_dags/example_xcom.py
[2023-04-10 11:36:20,156] {logging_mixin.py:109} INFO - [2023-04-10 11:36:20,156] {dag.py:2389} INFO - Sync 1 DAGs
[2023-04-10 11:36:20,167] {logging_mixin.py:109} INFO - [2023-04-10 11:36:20,167] {dag.py:2921} INFO - Setting next_dagrun for example_xcom to 2021-01-01T00:00:00+00:00
[2023-04-10 11:36:20,177] {processor.py:171} INFO - Processing /home/airflow/.local/lib/python3.7/site-packages/airflow/example_dags/example_xcom.py took 0.265 seconds
[2023-04-10 11:36:50,296] {processor.py:163} INFO - Started process (PID=1407) to work on /home/airflow/.local/lib/python3.7/site-packages/airflow/example_dags/example_xcom.py
[2023-04-10 11:36:50,304] {processor.py:620} INFO - Processing file /home/airflow/.local/lib/python3.7/site-packages/airflow/example_dags/example_xcom.py for tasks to queue
[2023-04-10 11:36:50,304] {logging_mixin.py:109} INFO - [2023-04-10 11:36:50,304] {dagbag.py:500} INFO - Filling up the DagBag from /home/airflow/.local/lib/python3.7/site-packages/airflow/example_dags/example_xcom.py
[2023-04-10 11:36:50,327] {processor.py:632} INFO - DAG(s) dict_keys(['example_xcom']) retrieved from /home/airflow/.local/lib/python3.7/site-packages/airflow/example_dags/example_xcom.py
[2023-04-10 11:36:50,592] {logging_mixin.py:109} INFO - [2023-04-10 11:36:50,592] {dag.py:2389} INFO - Sync 1 DAGs
[2023-04-10 11:36:50,605] {logging_mixin.py:109} INFO - [2023-04-10 11:36:50,605] {dag.py:2921} INFO - Setting next_dagrun for example_xcom to 2021-01-01T00:00:00+00:00
[2023-04-10 11:36:50,615] {processor.py:171} INFO - Processing /home/airflow/.local/lib/python3.7/site-packages/airflow/example_dags/example_xcom.py took 0.321 seconds
[2023-04-10 11:37:20,712] {processor.py:163} INFO - Started process (PID=1458) to work on /home/airflow/.local/lib/python3.7/site-packages/airflow/example_dags/example_xcom.py
[2023-04-10 11:37:20,713] {processor.py:620} INFO - Processing file /home/airflow/.local/lib/python3.7/site-packages/airflow/example_dags/example_xcom.py for tasks to queue
[2023-04-10 11:37:20,713] {logging_mixin.py:109} INFO - [2023-04-10 11:37:20,713] {dagbag.py:500} INFO - Filling up the DagBag from /home/airflow/.local/lib/python3.7/site-packages/airflow/example_dags/example_xcom.py
[2023-04-10 11:37:20,736] {processor.py:632} INFO - DAG(s) dict_keys(['example_xcom']) retrieved from /home/airflow/.local/lib/python3.7/site-packages/airflow/example_dags/example_xcom.py
[2023-04-10 11:37:20,979] {logging_mixin.py:109} INFO - [2023-04-10 11:37:20,979] {dag.py:2389} INFO - Sync 1 DAGs
[2023-04-10 11:37:20,991] {logging_mixin.py:109} INFO - [2023-04-10 11:37:20,991] {dag.py:2921} INFO - Setting next_dagrun for example_xcom to 2021-01-01T00:00:00+00:00
[2023-04-10 11:37:21,001] {processor.py:171} INFO - Processing /home/airflow/.local/lib/python3.7/site-packages/airflow/example_dags/example_xcom.py took 0.292 seconds
[2023-04-10 11:37:51,892] {processor.py:163} INFO - Started process (PID=1519) to work on /home/airflow/.local/lib/python3.7/site-packages/airflow/example_dags/example_xcom.py
[2023-04-10 11:37:51,894] {processor.py:620} INFO - Processing file /home/airflow/.local/lib/python3.7/site-packages/airflow/example_dags/example_xcom.py for tasks to queue
[2023-04-10 11:37:51,894] {logging_mixin.py:109} INFO - [2023-04-10 11:37:51,894] {dagbag.py:500} INFO - Filling up the DagBag from /home/airflow/.local/lib/python3.7/site-packages/airflow/example_dags/example_xcom.py
[2023-04-10 11:37:51,919] {processor.py:632} INFO - DAG(s) dict_keys(['example_xcom']) retrieved from /home/airflow/.local/lib/python3.7/site-packages/airflow/example_dags/example_xcom.py
[2023-04-10 11:37:52,208] {logging_mixin.py:109} INFO - [2023-04-10 11:37:52,207] {dag.py:2389} INFO - Sync 1 DAGs
[2023-04-10 11:37:52,220] {logging_mixin.py:109} INFO - [2023-04-10 11:37:52,220] {dag.py:2921} INFO - Setting next_dagrun for example_xcom to 2021-01-01T00:00:00+00:00
[2023-04-10 11:37:52,236] {processor.py:171} INFO - Processing /home/airflow/.local/lib/python3.7/site-packages/airflow/example_dags/example_xcom.py took 0.347 seconds
[2023-04-10 11:38:22,253] {processor.py:163} INFO - Started process (PID=1570) to work on /home/airflow/.local/lib/python3.7/site-packages/airflow/example_dags/example_xcom.py
[2023-04-10 11:38:22,254] {processor.py:620} INFO - Processing file /home/airflow/.local/lib/python3.7/site-packages/airflow/example_dags/example_xcom.py for tasks to queue
[2023-04-10 11:38:22,254] {logging_mixin.py:109} INFO - [2023-04-10 11:38:22,254] {dagbag.py:500} INFO - Filling up the DagBag from /home/airflow/.local/lib/python3.7/site-packages/airflow/example_dags/example_xcom.py
[2023-04-10 11:38:22,277] {processor.py:632} INFO - DAG(s) dict_keys(['example_xcom']) retrieved from /home/airflow/.local/lib/python3.7/site-packages/airflow/example_dags/example_xcom.py
[2023-04-10 11:38:22,527] {logging_mixin.py:109} INFO - [2023-04-10 11:38:22,527] {dag.py:2389} INFO - Sync 1 DAGs
[2023-04-10 11:38:22,539] {logging_mixin.py:109} INFO - [2023-04-10 11:38:22,539] {dag.py:2921} INFO - Setting next_dagrun for example_xcom to 2021-01-01T00:00:00+00:00
[2023-04-10 11:38:22,549] {processor.py:171} INFO - Processing /home/airflow/.local/lib/python3.7/site-packages/airflow/example_dags/example_xcom.py took 0.299 seconds
[2023-04-10 11:38:53,411] {processor.py:163} INFO - Started process (PID=1621) to work on /home/airflow/.local/lib/python3.7/site-packages/airflow/example_dags/example_xcom.py
[2023-04-10 11:38:53,412] {processor.py:620} INFO - Processing file /home/airflow/.local/lib/python3.7/site-packages/airflow/example_dags/example_xcom.py for tasks to queue
[2023-04-10 11:38:53,413] {logging_mixin.py:109} INFO - [2023-04-10 11:38:53,413] {dagbag.py:500} INFO - Filling up the DagBag from /home/airflow/.local/lib/python3.7/site-packages/airflow/example_dags/example_xcom.py
[2023-04-10 11:38:53,433] {processor.py:632} INFO - DAG(s) dict_keys(['example_xcom']) retrieved from /home/airflow/.local/lib/python3.7/site-packages/airflow/example_dags/example_xcom.py
[2023-04-10 11:38:53,675] {logging_mixin.py:109} INFO - [2023-04-10 11:38:53,674] {dag.py:2389} INFO - Sync 1 DAGs
[2023-04-10 11:38:53,685] {logging_mixin.py:109} INFO - [2023-04-10 11:38:53,685] {dag.py:2921} INFO - Setting next_dagrun for example_xcom to 2021-01-01T00:00:00+00:00
[2023-04-10 11:38:53,698] {processor.py:171} INFO - Processing /home/airflow/.local/lib/python3.7/site-packages/airflow/example_dags/example_xcom.py took 0.289 seconds
[2023-04-10 11:39:23,748] {processor.py:163} INFO - Started process (PID=1681) to work on /home/airflow/.local/lib/python3.7/site-packages/airflow/example_dags/example_xcom.py
[2023-04-10 11:39:23,749] {processor.py:620} INFO - Processing file /home/airflow/.local/lib/python3.7/site-packages/airflow/example_dags/example_xcom.py for tasks to queue
[2023-04-10 11:39:23,749] {logging_mixin.py:109} INFO - [2023-04-10 11:39:23,749] {dagbag.py:500} INFO - Filling up the DagBag from /home/airflow/.local/lib/python3.7/site-packages/airflow/example_dags/example_xcom.py
[2023-04-10 11:39:23,775] {processor.py:632} INFO - DAG(s) dict_keys(['example_xcom']) retrieved from /home/airflow/.local/lib/python3.7/site-packages/airflow/example_dags/example_xcom.py
[2023-04-10 11:39:23,994] {logging_mixin.py:109} INFO - [2023-04-10 11:39:23,993] {dag.py:2389} INFO - Sync 1 DAGs
[2023-04-10 11:39:24,005] {logging_mixin.py:109} INFO - [2023-04-10 11:39:24,005] {dag.py:2921} INFO - Setting next_dagrun for example_xcom to 2021-01-01T00:00:00+00:00
[2023-04-10 11:39:24,014] {processor.py:171} INFO - Processing /home/airflow/.local/lib/python3.7/site-packages/airflow/example_dags/example_xcom.py took 0.269 seconds
[2023-04-10 11:39:54,060] {processor.py:163} INFO - Started process (PID=1732) to work on /home/airflow/.local/lib/python3.7/site-packages/airflow/example_dags/example_xcom.py
[2023-04-10 11:39:54,065] {processor.py:620} INFO - Processing file /home/airflow/.local/lib/python3.7/site-packages/airflow/example_dags/example_xcom.py for tasks to queue
[2023-04-10 11:39:54,065] {logging_mixin.py:109} INFO - [2023-04-10 11:39:54,065] {dagbag.py:500} INFO - Filling up the DagBag from /home/airflow/.local/lib/python3.7/site-packages/airflow/example_dags/example_xcom.py
[2023-04-10 11:39:54,085] {processor.py:632} INFO - DAG(s) dict_keys(['example_xcom']) retrieved from /home/airflow/.local/lib/python3.7/site-packages/airflow/example_dags/example_xcom.py
[2023-04-10 11:39:54,294] {logging_mixin.py:109} INFO - [2023-04-10 11:39:54,293] {dag.py:2389} INFO - Sync 1 DAGs
[2023-04-10 11:39:54,303] {logging_mixin.py:109} INFO - [2023-04-10 11:39:54,303] {dag.py:2921} INFO - Setting next_dagrun for example_xcom to 2021-01-01T00:00:00+00:00
[2023-04-10 11:39:54,317] {processor.py:171} INFO - Processing /home/airflow/.local/lib/python3.7/site-packages/airflow/example_dags/example_xcom.py took 0.259 seconds
[2023-04-10 11:40:25,222] {processor.py:163} INFO - Started process (PID=1792) to work on /home/airflow/.local/lib/python3.7/site-packages/airflow/example_dags/example_xcom.py
[2023-04-10 11:40:25,223] {processor.py:620} INFO - Processing file /home/airflow/.local/lib/python3.7/site-packages/airflow/example_dags/example_xcom.py for tasks to queue
[2023-04-10 11:40:25,223] {logging_mixin.py:109} INFO - [2023-04-10 11:40:25,223] {dagbag.py:500} INFO - Filling up the DagBag from /home/airflow/.local/lib/python3.7/site-packages/airflow/example_dags/example_xcom.py
[2023-04-10 11:40:25,245] {processor.py:632} INFO - DAG(s) dict_keys(['example_xcom']) retrieved from /home/airflow/.local/lib/python3.7/site-packages/airflow/example_dags/example_xcom.py
[2023-04-10 11:40:25,457] {logging_mixin.py:109} INFO - [2023-04-10 11:40:25,457] {dag.py:2389} INFO - Sync 1 DAGs
[2023-04-10 11:40:25,468] {logging_mixin.py:109} INFO - [2023-04-10 11:40:25,467] {dag.py:2921} INFO - Setting next_dagrun for example_xcom to 2021-01-01T00:00:00+00:00
[2023-04-10 11:40:25,478] {processor.py:171} INFO - Processing /home/airflow/.local/lib/python3.7/site-packages/airflow/example_dags/example_xcom.py took 0.259 seconds
[2023-04-10 11:40:55,596] {processor.py:163} INFO - Started process (PID=1843) to work on /home/airflow/.local/lib/python3.7/site-packages/airflow/example_dags/example_xcom.py
[2023-04-10 11:40:55,597] {processor.py:620} INFO - Processing file /home/airflow/.local/lib/python3.7/site-packages/airflow/example_dags/example_xcom.py for tasks to queue
[2023-04-10 11:40:55,597] {logging_mixin.py:109} INFO - [2023-04-10 11:40:55,597] {dagbag.py:500} INFO - Filling up the DagBag from /home/airflow/.local/lib/python3.7/site-packages/airflow/example_dags/example_xcom.py
[2023-04-10 11:40:55,618] {processor.py:632} INFO - DAG(s) dict_keys(['example_xcom']) retrieved from /home/airflow/.local/lib/python3.7/site-packages/airflow/example_dags/example_xcom.py
[2023-04-10 11:40:55,808] {logging_mixin.py:109} INFO - [2023-04-10 11:40:55,808] {dag.py:2389} INFO - Sync 1 DAGs
[2023-04-10 11:40:55,817] {logging_mixin.py:109} INFO - [2023-04-10 11:40:55,817] {dag.py:2921} INFO - Setting next_dagrun for example_xcom to 2021-01-01T00:00:00+00:00
[2023-04-10 11:40:55,826] {processor.py:171} INFO - Processing /home/airflow/.local/lib/python3.7/site-packages/airflow/example_dags/example_xcom.py took 0.232 seconds
[2023-04-10 11:41:25,844] {processor.py:163} INFO - Started process (PID=1903) to work on /home/airflow/.local/lib/python3.7/site-packages/airflow/example_dags/example_xcom.py
[2023-04-10 11:41:25,845] {processor.py:620} INFO - Processing file /home/airflow/.local/lib/python3.7/site-packages/airflow/example_dags/example_xcom.py for tasks to queue
[2023-04-10 11:41:25,845] {logging_mixin.py:109} INFO - [2023-04-10 11:41:25,845] {dagbag.py:500} INFO - Filling up the DagBag from /home/airflow/.local/lib/python3.7/site-packages/airflow/example_dags/example_xcom.py
[2023-04-10 11:41:25,867] {processor.py:632} INFO - DAG(s) dict_keys(['example_xcom']) retrieved from /home/airflow/.local/lib/python3.7/site-packages/airflow/example_dags/example_xcom.py
[2023-04-10 11:41:26,095] {logging_mixin.py:109} INFO - [2023-04-10 11:41:26,095] {dag.py:2389} INFO - Sync 1 DAGs
[2023-04-10 11:41:26,105] {logging_mixin.py:109} INFO - [2023-04-10 11:41:26,105] {dag.py:2921} INFO - Setting next_dagrun for example_xcom to 2021-01-01T00:00:00+00:00
[2023-04-10 11:41:26,114] {processor.py:171} INFO - Processing /home/airflow/.local/lib/python3.7/site-packages/airflow/example_dags/example_xcom.py took 0.272 seconds
[2023-04-10 11:41:56,145] {processor.py:163} INFO - Started process (PID=1954) to work on /home/airflow/.local/lib/python3.7/site-packages/airflow/example_dags/example_xcom.py
[2023-04-10 11:41:56,146] {processor.py:620} INFO - Processing file /home/airflow/.local/lib/python3.7/site-packages/airflow/example_dags/example_xcom.py for tasks to queue
[2023-04-10 11:41:56,146] {logging_mixin.py:109} INFO - [2023-04-10 11:41:56,146] {dagbag.py:500} INFO - Filling up the DagBag from /home/airflow/.local/lib/python3.7/site-packages/airflow/example_dags/example_xcom.py
[2023-04-10 11:41:56,170] {processor.py:632} INFO - DAG(s) dict_keys(['example_xcom']) retrieved from /home/airflow/.local/lib/python3.7/site-packages/airflow/example_dags/example_xcom.py
[2023-04-10 11:41:56,399] {logging_mixin.py:109} INFO - [2023-04-10 11:41:56,399] {dag.py:2389} INFO - Sync 1 DAGs
[2023-04-10 11:41:56,410] {logging_mixin.py:109} INFO - [2023-04-10 11:41:56,410] {dag.py:2921} INFO - Setting next_dagrun for example_xcom to 2021-01-01T00:00:00+00:00
[2023-04-10 11:41:56,421] {processor.py:171} INFO - Processing /home/airflow/.local/lib/python3.7/site-packages/airflow/example_dags/example_xcom.py took 0.278 seconds
[2023-04-10 11:42:26,551] {processor.py:163} INFO - Started process (PID=2015) to work on /home/airflow/.local/lib/python3.7/site-packages/airflow/example_dags/example_xcom.py
[2023-04-10 11:42:26,553] {processor.py:620} INFO - Processing file /home/airflow/.local/lib/python3.7/site-packages/airflow/example_dags/example_xcom.py for tasks to queue
[2023-04-10 11:42:26,553] {logging_mixin.py:109} INFO - [2023-04-10 11:42:26,553] {dagbag.py:500} INFO - Filling up the DagBag from /home/airflow/.local/lib/python3.7/site-packages/airflow/example_dags/example_xcom.py
[2023-04-10 11:42:26,575] {processor.py:632} INFO - DAG(s) dict_keys(['example_xcom']) retrieved from /home/airflow/.local/lib/python3.7/site-packages/airflow/example_dags/example_xcom.py
[2023-04-10 11:42:26,787] {logging_mixin.py:109} INFO - [2023-04-10 11:42:26,787] {dag.py:2389} INFO - Sync 1 DAGs
[2023-04-10 11:42:26,797] {logging_mixin.py:109} INFO - [2023-04-10 11:42:26,797] {dag.py:2921} INFO - Setting next_dagrun for example_xcom to 2021-01-01T00:00:00+00:00
[2023-04-10 11:42:26,812] {processor.py:171} INFO - Processing /home/airflow/.local/lib/python3.7/site-packages/airflow/example_dags/example_xcom.py took 0.263 seconds
[2023-04-10 11:42:56,871] {processor.py:163} INFO - Started process (PID=2066) to work on /home/airflow/.local/lib/python3.7/site-packages/airflow/example_dags/example_xcom.py
[2023-04-10 11:42:56,872] {processor.py:620} INFO - Processing file /home/airflow/.local/lib/python3.7/site-packages/airflow/example_dags/example_xcom.py for tasks to queue
[2023-04-10 11:42:56,872] {logging_mixin.py:109} INFO - [2023-04-10 11:42:56,872] {dagbag.py:500} INFO - Filling up the DagBag from /home/airflow/.local/lib/python3.7/site-packages/airflow/example_dags/example_xcom.py
[2023-04-10 11:42:56,899] {processor.py:632} INFO - DAG(s) dict_keys(['example_xcom']) retrieved from /home/airflow/.local/lib/python3.7/site-packages/airflow/example_dags/example_xcom.py
[2023-04-10 11:42:57,178] {logging_mixin.py:109} INFO - [2023-04-10 11:42:57,178] {dag.py:2389} INFO - Sync 1 DAGs
[2023-04-10 11:42:57,192] {logging_mixin.py:109} INFO - [2023-04-10 11:42:57,192] {dag.py:2921} INFO - Setting next_dagrun for example_xcom to 2021-01-01T00:00:00+00:00
[2023-04-10 11:42:57,204] {processor.py:171} INFO - Processing /home/airflow/.local/lib/python3.7/site-packages/airflow/example_dags/example_xcom.py took 0.336 seconds
[2023-04-10 11:43:28,125] {processor.py:163} INFO - Started process (PID=2127) to work on /home/airflow/.local/lib/python3.7/site-packages/airflow/example_dags/example_xcom.py
[2023-04-10 11:43:28,132] {processor.py:620} INFO - Processing file /home/airflow/.local/lib/python3.7/site-packages/airflow/example_dags/example_xcom.py for tasks to queue
[2023-04-10 11:43:28,133] {logging_mixin.py:109} INFO - [2023-04-10 11:43:28,133] {dagbag.py:500} INFO - Filling up the DagBag from /home/airflow/.local/lib/python3.7/site-packages/airflow/example_dags/example_xcom.py
[2023-04-10 11:43:28,157] {processor.py:632} INFO - DAG(s) dict_keys(['example_xcom']) retrieved from /home/airflow/.local/lib/python3.7/site-packages/airflow/example_dags/example_xcom.py
[2023-04-10 11:43:28,166] {logging_mixin.py:109} INFO - [2023-04-10 11:43:28,166] {dag.py:2389} INFO - Sync 1 DAGs
[2023-04-10 11:43:28,177] {logging_mixin.py:109} INFO - [2023-04-10 11:43:28,177] {dag.py:2921} INFO - Setting next_dagrun for example_xcom to 2021-01-01T00:00:00+00:00
[2023-04-10 11:43:28,186] {processor.py:171} INFO - Processing /home/airflow/.local/lib/python3.7/site-packages/airflow/example_dags/example_xcom.py took 0.063 seconds
[2023-04-10 11:43:58,337] {processor.py:163} INFO - Started process (PID=2178) to work on /home/airflow/.local/lib/python3.7/site-packages/airflow/example_dags/example_xcom.py
[2023-04-10 11:43:58,338] {processor.py:620} INFO - Processing file /home/airflow/.local/lib/python3.7/site-packages/airflow/example_dags/example_xcom.py for tasks to queue
[2023-04-10 11:43:58,338] {logging_mixin.py:109} INFO - [2023-04-10 11:43:58,338] {dagbag.py:500} INFO - Filling up the DagBag from /home/airflow/.local/lib/python3.7/site-packages/airflow/example_dags/example_xcom.py
[2023-04-10 11:43:58,365] {processor.py:632} INFO - DAG(s) dict_keys(['example_xcom']) retrieved from /home/airflow/.local/lib/python3.7/site-packages/airflow/example_dags/example_xcom.py
[2023-04-10 11:43:58,645] {logging_mixin.py:109} INFO - [2023-04-10 11:43:58,645] {dag.py:2389} INFO - Sync 1 DAGs
[2023-04-10 11:43:58,659] {logging_mixin.py:109} INFO - [2023-04-10 11:43:58,659] {dag.py:2921} INFO - Setting next_dagrun for example_xcom to 2021-01-01T00:00:00+00:00
[2023-04-10 11:43:58,668] {processor.py:171} INFO - Processing /home/airflow/.local/lib/python3.7/site-packages/airflow/example_dags/example_xcom.py took 0.334 seconds
[2023-04-10 11:44:28,790] {processor.py:163} INFO - Started process (PID=2236) to work on /home/airflow/.local/lib/python3.7/site-packages/airflow/example_dags/example_xcom.py
[2023-04-10 11:44:28,791] {processor.py:620} INFO - Processing file /home/airflow/.local/lib/python3.7/site-packages/airflow/example_dags/example_xcom.py for tasks to queue
[2023-04-10 11:44:28,791] {logging_mixin.py:109} INFO - [2023-04-10 11:44:28,791] {dagbag.py:500} INFO - Filling up the DagBag from /home/airflow/.local/lib/python3.7/site-packages/airflow/example_dags/example_xcom.py
[2023-04-10 11:44:28,813] {processor.py:632} INFO - DAG(s) dict_keys(['example_xcom']) retrieved from /home/airflow/.local/lib/python3.7/site-packages/airflow/example_dags/example_xcom.py
[2023-04-10 11:44:29,066] {logging_mixin.py:109} INFO - [2023-04-10 11:44:29,066] {dag.py:2389} INFO - Sync 1 DAGs
[2023-04-10 11:44:29,080] {logging_mixin.py:109} INFO - [2023-04-10 11:44:29,080] {dag.py:2921} INFO - Setting next_dagrun for example_xcom to 2021-01-01T00:00:00+00:00
[2023-04-10 11:44:29,091] {processor.py:171} INFO - Processing /home/airflow/.local/lib/python3.7/site-packages/airflow/example_dags/example_xcom.py took 0.304 seconds
[2023-04-10 11:44:59,155] {processor.py:163} INFO - Started process (PID=2292) to work on /home/airflow/.local/lib/python3.7/site-packages/airflow/example_dags/example_xcom.py
[2023-04-10 11:44:59,155] {processor.py:620} INFO - Processing file /home/airflow/.local/lib/python3.7/site-packages/airflow/example_dags/example_xcom.py for tasks to queue
[2023-04-10 11:44:59,156] {logging_mixin.py:109} INFO - [2023-04-10 11:44:59,156] {dagbag.py:500} INFO - Filling up the DagBag from /home/airflow/.local/lib/python3.7/site-packages/airflow/example_dags/example_xcom.py
[2023-04-10 11:44:59,178] {processor.py:632} INFO - DAG(s) dict_keys(['example_xcom']) retrieved from /home/airflow/.local/lib/python3.7/site-packages/airflow/example_dags/example_xcom.py
[2023-04-10 11:44:59,410] {logging_mixin.py:109} INFO - [2023-04-10 11:44:59,410] {dag.py:2389} INFO - Sync 1 DAGs
[2023-04-10 11:44:59,421] {logging_mixin.py:109} INFO - [2023-04-10 11:44:59,421] {dag.py:2921} INFO - Setting next_dagrun for example_xcom to 2021-01-01T00:00:00+00:00
[2023-04-10 11:44:59,432] {processor.py:171} INFO - Processing /home/airflow/.local/lib/python3.7/site-packages/airflow/example_dags/example_xcom.py took 0.279 seconds
[2023-04-10 11:45:29,515] {processor.py:163} INFO - Started process (PID=2344) to work on /home/airflow/.local/lib/python3.7/site-packages/airflow/example_dags/example_xcom.py
[2023-04-10 11:45:29,517] {processor.py:620} INFO - Processing file /home/airflow/.local/lib/python3.7/site-packages/airflow/example_dags/example_xcom.py for tasks to queue
[2023-04-10 11:45:29,517] {logging_mixin.py:109} INFO - [2023-04-10 11:45:29,517] {dagbag.py:500} INFO - Filling up the DagBag from /home/airflow/.local/lib/python3.7/site-packages/airflow/example_dags/example_xcom.py
[2023-04-10 11:45:29,541] {processor.py:632} INFO - DAG(s) dict_keys(['example_xcom']) retrieved from /home/airflow/.local/lib/python3.7/site-packages/airflow/example_dags/example_xcom.py
[2023-04-10 11:45:29,721] {logging_mixin.py:109} INFO - [2023-04-10 11:45:29,721] {dag.py:2389} INFO - Sync 1 DAGs
[2023-04-10 11:45:29,731] {logging_mixin.py:109} INFO - [2023-04-10 11:45:29,731] {dag.py:2921} INFO - Setting next_dagrun for example_xcom to 2021-01-01T00:00:00+00:00
[2023-04-10 11:45:29,741] {processor.py:171} INFO - Processing /home/airflow/.local/lib/python3.7/site-packages/airflow/example_dags/example_xcom.py took 0.228 seconds
[2023-04-10 11:45:59,761] {processor.py:163} INFO - Started process (PID=2401) to work on /home/airflow/.local/lib/python3.7/site-packages/airflow/example_dags/example_xcom.py
[2023-04-10 11:45:59,762] {processor.py:620} INFO - Processing file /home/airflow/.local/lib/python3.7/site-packages/airflow/example_dags/example_xcom.py for tasks to queue
[2023-04-10 11:45:59,763] {logging_mixin.py:109} INFO - [2023-04-10 11:45:59,762] {dagbag.py:500} INFO - Filling up the DagBag from /home/airflow/.local/lib/python3.7/site-packages/airflow/example_dags/example_xcom.py
[2023-04-10 11:45:59,783] {processor.py:632} INFO - DAG(s) dict_keys(['example_xcom']) retrieved from /home/airflow/.local/lib/python3.7/site-packages/airflow/example_dags/example_xcom.py
[2023-04-10 11:45:59,965] {logging_mixin.py:109} INFO - [2023-04-10 11:45:59,965] {dag.py:2389} INFO - Sync 1 DAGs
[2023-04-10 11:45:59,974] {logging_mixin.py:109} INFO - [2023-04-10 11:45:59,974] {dag.py:2921} INFO - Setting next_dagrun for example_xcom to 2021-01-01T00:00:00+00:00
[2023-04-10 11:45:59,983] {processor.py:171} INFO - Processing /home/airflow/.local/lib/python3.7/site-packages/airflow/example_dags/example_xcom.py took 0.223 seconds
[2023-04-10 11:46:30,099] {processor.py:163} INFO - Started process (PID=2452) to work on /home/airflow/.local/lib/python3.7/site-packages/airflow/example_dags/example_xcom.py
[2023-04-10 11:46:30,100] {processor.py:620} INFO - Processing file /home/airflow/.local/lib/python3.7/site-packages/airflow/example_dags/example_xcom.py for tasks to queue
[2023-04-10 11:46:30,100] {logging_mixin.py:109} INFO - [2023-04-10 11:46:30,100] {dagbag.py:500} INFO - Filling up the DagBag from /home/airflow/.local/lib/python3.7/site-packages/airflow/example_dags/example_xcom.py
[2023-04-10 11:46:30,122] {processor.py:632} INFO - DAG(s) dict_keys(['example_xcom']) retrieved from /home/airflow/.local/lib/python3.7/site-packages/airflow/example_dags/example_xcom.py
[2023-04-10 11:46:30,327] {logging_mixin.py:109} INFO - [2023-04-10 11:46:30,327] {dag.py:2389} INFO - Sync 1 DAGs
[2023-04-10 11:46:30,337] {logging_mixin.py:109} INFO - [2023-04-10 11:46:30,336] {dag.py:2921} INFO - Setting next_dagrun for example_xcom to 2021-01-01T00:00:00+00:00
[2023-04-10 11:46:30,346] {processor.py:171} INFO - Processing /home/airflow/.local/lib/python3.7/site-packages/airflow/example_dags/example_xcom.py took 0.249 seconds
[2023-04-10 11:47:00,409] {processor.py:163} INFO - Started process (PID=2512) to work on /home/airflow/.local/lib/python3.7/site-packages/airflow/example_dags/example_xcom.py
[2023-04-10 11:47:00,410] {processor.py:620} INFO - Processing file /home/airflow/.local/lib/python3.7/site-packages/airflow/example_dags/example_xcom.py for tasks to queue
[2023-04-10 11:47:00,410] {logging_mixin.py:109} INFO - [2023-04-10 11:47:00,410] {dagbag.py:500} INFO - Filling up the DagBag from /home/airflow/.local/lib/python3.7/site-packages/airflow/example_dags/example_xcom.py
[2023-04-10 11:47:00,434] {processor.py:632} INFO - DAG(s) dict_keys(['example_xcom']) retrieved from /home/airflow/.local/lib/python3.7/site-packages/airflow/example_dags/example_xcom.py
[2023-04-10 11:47:00,442] {logging_mixin.py:109} INFO - [2023-04-10 11:47:00,442] {dag.py:2389} INFO - Sync 1 DAGs
[2023-04-10 11:47:00,455] {logging_mixin.py:109} INFO - [2023-04-10 11:47:00,455] {dag.py:2921} INFO - Setting next_dagrun for example_xcom to 2021-01-01T00:00:00+00:00
[2023-04-10 11:47:00,463] {processor.py:171} INFO - Processing /home/airflow/.local/lib/python3.7/site-packages/airflow/example_dags/example_xcom.py took 0.057 seconds
[2023-04-10 11:47:30,813] {processor.py:163} INFO - Started process (PID=2563) to work on /home/airflow/.local/lib/python3.7/site-packages/airflow/example_dags/example_xcom.py
[2023-04-10 11:47:30,820] {processor.py:620} INFO - Processing file /home/airflow/.local/lib/python3.7/site-packages/airflow/example_dags/example_xcom.py for tasks to queue
[2023-04-10 11:47:30,821] {logging_mixin.py:109} INFO - [2023-04-10 11:47:30,821] {dagbag.py:500} INFO - Filling up the DagBag from /home/airflow/.local/lib/python3.7/site-packages/airflow/example_dags/example_xcom.py
[2023-04-10 11:47:30,844] {processor.py:632} INFO - DAG(s) dict_keys(['example_xcom']) retrieved from /home/airflow/.local/lib/python3.7/site-packages/airflow/example_dags/example_xcom.py
[2023-04-10 11:47:31,079] {logging_mixin.py:109} INFO - [2023-04-10 11:47:31,078] {dag.py:2389} INFO - Sync 1 DAGs
[2023-04-10 11:47:31,090] {logging_mixin.py:109} INFO - [2023-04-10 11:47:31,090] {dag.py:2921} INFO - Setting next_dagrun for example_xcom to 2021-01-01T00:00:00+00:00
[2023-04-10 11:47:31,100] {processor.py:171} INFO - Processing /home/airflow/.local/lib/python3.7/site-packages/airflow/example_dags/example_xcom.py took 0.290 seconds
[2023-04-10 11:48:01,163] {processor.py:163} INFO - Started process (PID=2623) to work on /home/airflow/.local/lib/python3.7/site-packages/airflow/example_dags/example_xcom.py
[2023-04-10 11:48:01,164] {processor.py:620} INFO - Processing file /home/airflow/.local/lib/python3.7/site-packages/airflow/example_dags/example_xcom.py for tasks to queue
[2023-04-10 11:48:01,165] {logging_mixin.py:109} INFO - [2023-04-10 11:48:01,165] {dagbag.py:500} INFO - Filling up the DagBag from /home/airflow/.local/lib/python3.7/site-packages/airflow/example_dags/example_xcom.py
[2023-04-10 11:48:01,196] {processor.py:632} INFO - DAG(s) dict_keys(['example_xcom']) retrieved from /home/airflow/.local/lib/python3.7/site-packages/airflow/example_dags/example_xcom.py
[2023-04-10 11:48:01,540] {logging_mixin.py:109} INFO - [2023-04-10 11:48:01,540] {dag.py:2389} INFO - Sync 1 DAGs
[2023-04-10 11:48:01,558] {logging_mixin.py:109} INFO - [2023-04-10 11:48:01,558] {dag.py:2921} INFO - Setting next_dagrun for example_xcom to 2021-01-01T00:00:00+00:00
[2023-04-10 11:48:01,574] {processor.py:171} INFO - Processing /home/airflow/.local/lib/python3.7/site-packages/airflow/example_dags/example_xcom.py took 0.415 seconds
[2023-04-10 11:48:03,338] {processor.py:163} INFO - Started process (PID=3114) to work on /home/airflow/.local/lib/python3.7/site-packages/airflow/example_dags/example_xcom.py
[2023-04-10 11:48:03,339] {processor.py:620} INFO - Processing file /home/airflow/.local/lib/python3.7/site-packages/airflow/example_dags/example_xcom.py for tasks to queue
[2023-04-10 11:48:03,339] {logging_mixin.py:109} INFO - [2023-04-10 11:48:03,339] {dagbag.py:500} INFO - Filling up the DagBag from /home/airflow/.local/lib/python3.7/site-packages/airflow/example_dags/example_xcom.py
[2023-04-10 11:48:03,364] {processor.py:632} INFO - DAG(s) dict_keys(['example_xcom']) retrieved from /home/airflow/.local/lib/python3.7/site-packages/airflow/example_dags/example_xcom.py
[2023-04-10 11:48:03,367] {logging_mixin.py:109} INFO - [2023-04-10 11:48:03,367] {dag.py:2389} INFO - Sync 1 DAGs
[2023-04-10 11:48:03,378] {logging_mixin.py:109} INFO - [2023-04-10 11:48:03,378] {dag.py:2921} INFO - Setting next_dagrun for example_xcom to 2021-01-01T00:00:00+00:00
[2023-04-10 11:48:03,386] {processor.py:171} INFO - Processing /home/airflow/.local/lib/python3.7/site-packages/airflow/example_dags/example_xcom.py took 0.050 seconds
[2023-04-10 11:48:32,492] {processor.py:163} INFO - Started process (PID=2675) to work on /home/airflow/.local/lib/python3.7/site-packages/airflow/example_dags/example_xcom.py
[2023-04-10 11:48:32,493] {processor.py:620} INFO - Processing file /home/airflow/.local/lib/python3.7/site-packages/airflow/example_dags/example_xcom.py for tasks to queue
[2023-04-10 11:48:32,493] {logging_mixin.py:109} INFO - [2023-04-10 11:48:32,493] {dagbag.py:500} INFO - Filling up the DagBag from /home/airflow/.local/lib/python3.7/site-packages/airflow/example_dags/example_xcom.py
[2023-04-10 11:48:32,513] {processor.py:632} INFO - DAG(s) dict_keys(['example_xcom']) retrieved from /home/airflow/.local/lib/python3.7/site-packages/airflow/example_dags/example_xcom.py
[2023-04-10 11:48:32,718] {logging_mixin.py:109} INFO - [2023-04-10 11:48:32,718] {dag.py:2389} INFO - Sync 1 DAGs
[2023-04-10 11:48:32,730] {logging_mixin.py:109} INFO - [2023-04-10 11:48:32,730] {dag.py:2921} INFO - Setting next_dagrun for example_xcom to 2021-01-01T00:00:00+00:00
[2023-04-10 11:48:32,739] {processor.py:171} INFO - Processing /home/airflow/.local/lib/python3.7/site-packages/airflow/example_dags/example_xcom.py took 0.250 seconds
