[2023-04-10 11:26:50,514] {processor.py:163} INFO - Started process (PID=184) to work on /home/airflow/.local/lib/python3.7/site-packages/airflow/example_dags/example_latest_only.py
[2023-04-10 11:26:50,515] {processor.py:620} INFO - Processing file /home/airflow/.local/lib/python3.7/site-packages/airflow/example_dags/example_latest_only.py for tasks to queue
[2023-04-10 11:26:50,516] {logging_mixin.py:109} INFO - [2023-04-10 11:26:50,516] {dagbag.py:500} INFO - Filling up the DagBag from /home/airflow/.local/lib/python3.7/site-packages/airflow/example_dags/example_latest_only.py
[2023-04-10 11:26:50,543] {processor.py:632} INFO - DAG(s) dict_keys(['latest_only']) retrieved from /home/airflow/.local/lib/python3.7/site-packages/airflow/example_dags/example_latest_only.py
[2023-04-10 11:26:51,990] {logging_mixin.py:109} INFO - [2023-04-10 11:26:51,990] {providers_manager.py:156} WARNING - Exception when importing 'airflow.providers.google.leveldb.hooks.leveldb.LevelDBHook' from 'apache-airflow-providers-google' package: No module named 'plyvel'
[2023-04-10 11:26:52,401] {logging_mixin.py:109} INFO - [2023-04-10 11:26:52,400] {providers_manager.py:156} WARNING - Exception when importing 'airflow.providers.google.leveldb.hooks.leveldb.LevelDBHook' from 'apache-airflow-providers-google' package: No module named 'plyvel'
[2023-04-10 11:26:52,424] {logging_mixin.py:109} INFO - [2023-04-10 11:26:52,424] {manager.py:496} INFO - Created Permission View: can read on DAG:latest_only
[2023-04-10 11:26:52,433] {logging_mixin.py:109} INFO - [2023-04-10 11:26:52,433] {manager.py:496} INFO - Created Permission View: can edit on DAG:latest_only
[2023-04-10 11:26:52,434] {logging_mixin.py:109} INFO - [2023-04-10 11:26:52,433] {dag.py:2389} INFO - Sync 1 DAGs
[2023-04-10 11:26:52,440] {logging_mixin.py:109} INFO - [2023-04-10 11:26:52,439] {dag.py:2408} INFO - Creating ORM DAG for latest_only
[2023-04-10 11:26:52,447] {logging_mixin.py:109} INFO - [2023-04-10 11:26:52,447] {dag.py:2921} INFO - Setting next_dagrun for latest_only to 2023-04-10T07:26:52.447131+00:00
[2023-04-10 11:26:52,461] {processor.py:171} INFO - Processing /home/airflow/.local/lib/python3.7/site-packages/airflow/example_dags/example_latest_only.py took 1.949 seconds
[2023-04-10 11:27:22,631] {processor.py:163} INFO - Started process (PID=371) to work on /home/airflow/.local/lib/python3.7/site-packages/airflow/example_dags/example_latest_only.py
[2023-04-10 11:27:22,637] {processor.py:620} INFO - Processing file /home/airflow/.local/lib/python3.7/site-packages/airflow/example_dags/example_latest_only.py for tasks to queue
[2023-04-10 11:27:22,638] {logging_mixin.py:109} INFO - [2023-04-10 11:27:22,638] {dagbag.py:500} INFO - Filling up the DagBag from /home/airflow/.local/lib/python3.7/site-packages/airflow/example_dags/example_latest_only.py
[2023-04-10 11:27:22,658] {processor.py:632} INFO - DAG(s) dict_keys(['latest_only']) retrieved from /home/airflow/.local/lib/python3.7/site-packages/airflow/example_dags/example_latest_only.py
[2023-04-10 11:27:22,667] {logging_mixin.py:109} INFO - [2023-04-10 11:27:22,667] {dag.py:2389} INFO - Sync 1 DAGs
[2023-04-10 11:27:22,683] {logging_mixin.py:109} INFO - [2023-04-10 11:27:22,682] {dag.py:2921} INFO - Setting next_dagrun for latest_only to 2023-04-10T07:27:22.682678+00:00
[2023-04-10 11:27:22,693] {processor.py:171} INFO - Processing /home/airflow/.local/lib/python3.7/site-packages/airflow/example_dags/example_latest_only.py took 0.064 seconds
[2023-04-10 11:27:52,895] {processor.py:163} INFO - Started process (PID=431) to work on /home/airflow/.local/lib/python3.7/site-packages/airflow/example_dags/example_latest_only.py
[2023-04-10 11:27:52,896] {processor.py:620} INFO - Processing file /home/airflow/.local/lib/python3.7/site-packages/airflow/example_dags/example_latest_only.py for tasks to queue
[2023-04-10 11:27:52,897] {logging_mixin.py:109} INFO - [2023-04-10 11:27:52,897] {dagbag.py:500} INFO - Filling up the DagBag from /home/airflow/.local/lib/python3.7/site-packages/airflow/example_dags/example_latest_only.py
[2023-04-10 11:27:52,931] {processor.py:632} INFO - DAG(s) dict_keys(['latest_only']) retrieved from /home/airflow/.local/lib/python3.7/site-packages/airflow/example_dags/example_latest_only.py
[2023-04-10 11:27:52,944] {logging_mixin.py:109} INFO - [2023-04-10 11:27:52,944] {dag.py:2389} INFO - Sync 1 DAGs
[2023-04-10 11:27:52,963] {logging_mixin.py:109} INFO - [2023-04-10 11:27:52,963] {dag.py:2921} INFO - Setting next_dagrun for latest_only to 2023-04-10T07:27:52.962359+00:00
[2023-04-10 11:27:52,974] {processor.py:171} INFO - Processing /home/airflow/.local/lib/python3.7/site-packages/airflow/example_dags/example_latest_only.py took 0.083 seconds
[2023-04-10 11:28:23,008] {processor.py:163} INFO - Started process (PID=482) to work on /home/airflow/.local/lib/python3.7/site-packages/airflow/example_dags/example_latest_only.py
[2023-04-10 11:28:23,013] {processor.py:620} INFO - Processing file /home/airflow/.local/lib/python3.7/site-packages/airflow/example_dags/example_latest_only.py for tasks to queue
[2023-04-10 11:28:23,013] {logging_mixin.py:109} INFO - [2023-04-10 11:28:23,013] {dagbag.py:500} INFO - Filling up the DagBag from /home/airflow/.local/lib/python3.7/site-packages/airflow/example_dags/example_latest_only.py
[2023-04-10 11:28:23,033] {processor.py:632} INFO - DAG(s) dict_keys(['latest_only']) retrieved from /home/airflow/.local/lib/python3.7/site-packages/airflow/example_dags/example_latest_only.py
[2023-04-10 11:28:23,040] {logging_mixin.py:109} INFO - [2023-04-10 11:28:23,040] {dag.py:2389} INFO - Sync 1 DAGs
[2023-04-10 11:28:23,050] {logging_mixin.py:109} INFO - [2023-04-10 11:28:23,050] {dag.py:2921} INFO - Setting next_dagrun for latest_only to 2023-04-10T07:28:23.049983+00:00
[2023-04-10 11:28:23,058] {processor.py:171} INFO - Processing /home/airflow/.local/lib/python3.7/site-packages/airflow/example_dags/example_latest_only.py took 0.052 seconds
[2023-04-10 11:28:53,287] {processor.py:163} INFO - Started process (PID=533) to work on /home/airflow/.local/lib/python3.7/site-packages/airflow/example_dags/example_latest_only.py
[2023-04-10 11:28:53,287] {processor.py:620} INFO - Processing file /home/airflow/.local/lib/python3.7/site-packages/airflow/example_dags/example_latest_only.py for tasks to queue
[2023-04-10 11:28:53,288] {logging_mixin.py:109} INFO - [2023-04-10 11:28:53,288] {dagbag.py:500} INFO - Filling up the DagBag from /home/airflow/.local/lib/python3.7/site-packages/airflow/example_dags/example_latest_only.py
[2023-04-10 11:28:53,307] {processor.py:632} INFO - DAG(s) dict_keys(['latest_only']) retrieved from /home/airflow/.local/lib/python3.7/site-packages/airflow/example_dags/example_latest_only.py
[2023-04-10 11:28:53,314] {logging_mixin.py:109} INFO - [2023-04-10 11:28:53,314] {dag.py:2389} INFO - Sync 1 DAGs
[2023-04-10 11:28:53,328] {logging_mixin.py:109} INFO - [2023-04-10 11:28:53,328] {dag.py:2921} INFO - Setting next_dagrun for latest_only to 2023-04-10T07:28:53.327801+00:00
[2023-04-10 11:28:53,337] {processor.py:171} INFO - Processing /home/airflow/.local/lib/python3.7/site-packages/airflow/example_dags/example_latest_only.py took 0.053 seconds
[2023-04-10 11:29:23,464] {processor.py:163} INFO - Started process (PID=595) to work on /home/airflow/.local/lib/python3.7/site-packages/airflow/example_dags/example_latest_only.py
[2023-04-10 11:29:23,465] {processor.py:620} INFO - Processing file /home/airflow/.local/lib/python3.7/site-packages/airflow/example_dags/example_latest_only.py for tasks to queue
[2023-04-10 11:29:23,466] {logging_mixin.py:109} INFO - [2023-04-10 11:29:23,466] {dagbag.py:500} INFO - Filling up the DagBag from /home/airflow/.local/lib/python3.7/site-packages/airflow/example_dags/example_latest_only.py
[2023-04-10 11:29:23,484] {processor.py:632} INFO - DAG(s) dict_keys(['latest_only']) retrieved from /home/airflow/.local/lib/python3.7/site-packages/airflow/example_dags/example_latest_only.py
[2023-04-10 11:29:23,492] {logging_mixin.py:109} INFO - [2023-04-10 11:29:23,492] {dag.py:2389} INFO - Sync 1 DAGs
[2023-04-10 11:29:23,503] {logging_mixin.py:109} INFO - [2023-04-10 11:29:23,503] {dag.py:2921} INFO - Setting next_dagrun for latest_only to 2023-04-10T07:29:23.502883+00:00
[2023-04-10 11:29:23,512] {processor.py:171} INFO - Processing /home/airflow/.local/lib/python3.7/site-packages/airflow/example_dags/example_latest_only.py took 0.050 seconds
[2023-04-10 11:29:53,772] {processor.py:163} INFO - Started process (PID=646) to work on /home/airflow/.local/lib/python3.7/site-packages/airflow/example_dags/example_latest_only.py
[2023-04-10 11:29:53,773] {processor.py:620} INFO - Processing file /home/airflow/.local/lib/python3.7/site-packages/airflow/example_dags/example_latest_only.py for tasks to queue
[2023-04-10 11:29:53,773] {logging_mixin.py:109} INFO - [2023-04-10 11:29:53,773] {dagbag.py:500} INFO - Filling up the DagBag from /home/airflow/.local/lib/python3.7/site-packages/airflow/example_dags/example_latest_only.py
[2023-04-10 11:29:53,793] {processor.py:632} INFO - DAG(s) dict_keys(['latest_only']) retrieved from /home/airflow/.local/lib/python3.7/site-packages/airflow/example_dags/example_latest_only.py
[2023-04-10 11:29:53,800] {logging_mixin.py:109} INFO - [2023-04-10 11:29:53,800] {dag.py:2389} INFO - Sync 1 DAGs
[2023-04-10 11:29:53,811] {logging_mixin.py:109} INFO - [2023-04-10 11:29:53,811] {dag.py:2921} INFO - Setting next_dagrun for latest_only to 2023-04-10T07:29:53.811193+00:00
[2023-04-10 11:29:53,819] {processor.py:171} INFO - Processing /home/airflow/.local/lib/python3.7/site-packages/airflow/example_dags/example_latest_only.py took 0.049 seconds
[2023-04-10 11:30:24,179] {processor.py:163} INFO - Started process (PID=706) to work on /home/airflow/.local/lib/python3.7/site-packages/airflow/example_dags/example_latest_only.py
[2023-04-10 11:30:24,181] {processor.py:620} INFO - Processing file /home/airflow/.local/lib/python3.7/site-packages/airflow/example_dags/example_latest_only.py for tasks to queue
[2023-04-10 11:30:24,181] {logging_mixin.py:109} INFO - [2023-04-10 11:30:24,181] {dagbag.py:500} INFO - Filling up the DagBag from /home/airflow/.local/lib/python3.7/site-packages/airflow/example_dags/example_latest_only.py
[2023-04-10 11:30:24,202] {processor.py:632} INFO - DAG(s) dict_keys(['latest_only']) retrieved from /home/airflow/.local/lib/python3.7/site-packages/airflow/example_dags/example_latest_only.py
[2023-04-10 11:30:24,210] {logging_mixin.py:109} INFO - [2023-04-10 11:30:24,209] {dag.py:2389} INFO - Sync 1 DAGs
[2023-04-10 11:30:24,222] {logging_mixin.py:109} INFO - [2023-04-10 11:30:24,222] {dag.py:2921} INFO - Setting next_dagrun for latest_only to 2023-04-10T07:30:24.222551+00:00
[2023-04-10 11:30:24,232] {processor.py:171} INFO - Processing /home/airflow/.local/lib/python3.7/site-packages/airflow/example_dags/example_latest_only.py took 0.055 seconds
[2023-04-10 11:30:54,654] {processor.py:163} INFO - Started process (PID=757) to work on /home/airflow/.local/lib/python3.7/site-packages/airflow/example_dags/example_latest_only.py
[2023-04-10 11:30:54,654] {processor.py:620} INFO - Processing file /home/airflow/.local/lib/python3.7/site-packages/airflow/example_dags/example_latest_only.py for tasks to queue
[2023-04-10 11:30:54,654] {logging_mixin.py:109} INFO - [2023-04-10 11:30:54,654] {dagbag.py:500} INFO - Filling up the DagBag from /home/airflow/.local/lib/python3.7/site-packages/airflow/example_dags/example_latest_only.py
[2023-04-10 11:30:54,674] {processor.py:632} INFO - DAG(s) dict_keys(['latest_only']) retrieved from /home/airflow/.local/lib/python3.7/site-packages/airflow/example_dags/example_latest_only.py
[2023-04-10 11:30:54,683] {logging_mixin.py:109} INFO - [2023-04-10 11:30:54,683] {dag.py:2389} INFO - Sync 1 DAGs
[2023-04-10 11:30:54,693] {logging_mixin.py:109} INFO - [2023-04-10 11:30:54,693] {dag.py:2921} INFO - Setting next_dagrun for latest_only to 2023-04-10T07:30:54.693453+00:00
[2023-04-10 11:30:54,701] {processor.py:171} INFO - Processing /home/airflow/.local/lib/python3.7/site-packages/airflow/example_dags/example_latest_only.py took 0.050 seconds
[2023-04-10 11:31:24,985] {processor.py:163} INFO - Started process (PID=817) to work on /home/airflow/.local/lib/python3.7/site-packages/airflow/example_dags/example_latest_only.py
[2023-04-10 11:31:24,986] {processor.py:620} INFO - Processing file /home/airflow/.local/lib/python3.7/site-packages/airflow/example_dags/example_latest_only.py for tasks to queue
[2023-04-10 11:31:24,986] {logging_mixin.py:109} INFO - [2023-04-10 11:31:24,986] {dagbag.py:500} INFO - Filling up the DagBag from /home/airflow/.local/lib/python3.7/site-packages/airflow/example_dags/example_latest_only.py
[2023-04-10 11:31:25,011] {processor.py:632} INFO - DAG(s) dict_keys(['latest_only']) retrieved from /home/airflow/.local/lib/python3.7/site-packages/airflow/example_dags/example_latest_only.py
[2023-04-10 11:31:25,019] {logging_mixin.py:109} INFO - [2023-04-10 11:31:25,019] {dag.py:2389} INFO - Sync 1 DAGs
[2023-04-10 11:31:25,034] {logging_mixin.py:109} INFO - [2023-04-10 11:31:25,034] {dag.py:2921} INFO - Setting next_dagrun for latest_only to 2023-04-10T07:31:25.033991+00:00
[2023-04-10 11:31:25,042] {processor.py:171} INFO - Processing /home/airflow/.local/lib/python3.7/site-packages/airflow/example_dags/example_latest_only.py took 0.059 seconds
[2023-04-10 11:31:55,260] {processor.py:163} INFO - Started process (PID=868) to work on /home/airflow/.local/lib/python3.7/site-packages/airflow/example_dags/example_latest_only.py
[2023-04-10 11:31:55,264] {processor.py:620} INFO - Processing file /home/airflow/.local/lib/python3.7/site-packages/airflow/example_dags/example_latest_only.py for tasks to queue
[2023-04-10 11:31:55,265] {logging_mixin.py:109} INFO - [2023-04-10 11:31:55,265] {dagbag.py:500} INFO - Filling up the DagBag from /home/airflow/.local/lib/python3.7/site-packages/airflow/example_dags/example_latest_only.py
[2023-04-10 11:31:55,283] {processor.py:632} INFO - DAG(s) dict_keys(['latest_only']) retrieved from /home/airflow/.local/lib/python3.7/site-packages/airflow/example_dags/example_latest_only.py
[2023-04-10 11:31:55,289] {logging_mixin.py:109} INFO - [2023-04-10 11:31:55,289] {dag.py:2389} INFO - Sync 1 DAGs
[2023-04-10 11:31:55,300] {logging_mixin.py:109} INFO - [2023-04-10 11:31:55,300] {dag.py:2921} INFO - Setting next_dagrun for latest_only to 2023-04-10T07:31:55.300569+00:00
[2023-04-10 11:31:55,309] {processor.py:171} INFO - Processing /home/airflow/.local/lib/python3.7/site-packages/airflow/example_dags/example_latest_only.py took 0.052 seconds
[2023-04-10 11:32:25,460] {processor.py:163} INFO - Started process (PID=920) to work on /home/airflow/.local/lib/python3.7/site-packages/airflow/example_dags/example_latest_only.py
[2023-04-10 11:32:25,461] {processor.py:620} INFO - Processing file /home/airflow/.local/lib/python3.7/site-packages/airflow/example_dags/example_latest_only.py for tasks to queue
[2023-04-10 11:32:25,461] {logging_mixin.py:109} INFO - [2023-04-10 11:32:25,461] {dagbag.py:500} INFO - Filling up the DagBag from /home/airflow/.local/lib/python3.7/site-packages/airflow/example_dags/example_latest_only.py
[2023-04-10 11:32:25,480] {processor.py:632} INFO - DAG(s) dict_keys(['latest_only']) retrieved from /home/airflow/.local/lib/python3.7/site-packages/airflow/example_dags/example_latest_only.py
[2023-04-10 11:32:25,488] {logging_mixin.py:109} INFO - [2023-04-10 11:32:25,488] {dag.py:2389} INFO - Sync 1 DAGs
[2023-04-10 11:32:25,499] {logging_mixin.py:109} INFO - [2023-04-10 11:32:25,499] {dag.py:2921} INFO - Setting next_dagrun for latest_only to 2023-04-10T07:32:25.499143+00:00
[2023-04-10 11:32:25,509] {processor.py:171} INFO - Processing /home/airflow/.local/lib/python3.7/site-packages/airflow/example_dags/example_latest_only.py took 0.051 seconds
[2023-04-10 11:32:55,871] {processor.py:163} INFO - Started process (PID=980) to work on /home/airflow/.local/lib/python3.7/site-packages/airflow/example_dags/example_latest_only.py
[2023-04-10 11:32:55,872] {processor.py:620} INFO - Processing file /home/airflow/.local/lib/python3.7/site-packages/airflow/example_dags/example_latest_only.py for tasks to queue
[2023-04-10 11:32:55,873] {logging_mixin.py:109} INFO - [2023-04-10 11:32:55,873] {dagbag.py:500} INFO - Filling up the DagBag from /home/airflow/.local/lib/python3.7/site-packages/airflow/example_dags/example_latest_only.py
[2023-04-10 11:32:55,903] {processor.py:632} INFO - DAG(s) dict_keys(['latest_only']) retrieved from /home/airflow/.local/lib/python3.7/site-packages/airflow/example_dags/example_latest_only.py
[2023-04-10 11:32:55,913] {logging_mixin.py:109} INFO - [2023-04-10 11:32:55,913] {dag.py:2389} INFO - Sync 1 DAGs
[2023-04-10 11:32:55,939] {logging_mixin.py:109} INFO - [2023-04-10 11:32:55,939] {dag.py:2921} INFO - Setting next_dagrun for latest_only to 2023-04-10T07:32:55.938088+00:00
[2023-04-10 11:32:55,951] {processor.py:171} INFO - Processing /home/airflow/.local/lib/python3.7/site-packages/airflow/example_dags/example_latest_only.py took 0.083 seconds
[2023-04-10 11:33:26,151] {processor.py:163} INFO - Started process (PID=1032) to work on /home/airflow/.local/lib/python3.7/site-packages/airflow/example_dags/example_latest_only.py
[2023-04-10 11:33:26,152] {processor.py:620} INFO - Processing file /home/airflow/.local/lib/python3.7/site-packages/airflow/example_dags/example_latest_only.py for tasks to queue
[2023-04-10 11:33:26,153] {logging_mixin.py:109} INFO - [2023-04-10 11:33:26,152] {dagbag.py:500} INFO - Filling up the DagBag from /home/airflow/.local/lib/python3.7/site-packages/airflow/example_dags/example_latest_only.py
[2023-04-10 11:33:26,170] {processor.py:632} INFO - DAG(s) dict_keys(['latest_only']) retrieved from /home/airflow/.local/lib/python3.7/site-packages/airflow/example_dags/example_latest_only.py
[2023-04-10 11:33:26,178] {logging_mixin.py:109} INFO - [2023-04-10 11:33:26,177] {dag.py:2389} INFO - Sync 1 DAGs
[2023-04-10 11:33:26,190] {logging_mixin.py:109} INFO - [2023-04-10 11:33:26,190] {dag.py:2921} INFO - Setting next_dagrun for latest_only to 2023-04-10T07:33:26.190150+00:00
[2023-04-10 11:33:26,198] {processor.py:171} INFO - Processing /home/airflow/.local/lib/python3.7/site-packages/airflow/example_dags/example_latest_only.py took 0.049 seconds
[2023-04-10 11:33:56,739] {processor.py:163} INFO - Started process (PID=1092) to work on /home/airflow/.local/lib/python3.7/site-packages/airflow/example_dags/example_latest_only.py
[2023-04-10 11:33:56,740] {processor.py:620} INFO - Processing file /home/airflow/.local/lib/python3.7/site-packages/airflow/example_dags/example_latest_only.py for tasks to queue
[2023-04-10 11:33:56,741] {logging_mixin.py:109} INFO - [2023-04-10 11:33:56,741] {dagbag.py:500} INFO - Filling up the DagBag from /home/airflow/.local/lib/python3.7/site-packages/airflow/example_dags/example_latest_only.py
[2023-04-10 11:33:56,759] {processor.py:632} INFO - DAG(s) dict_keys(['latest_only']) retrieved from /home/airflow/.local/lib/python3.7/site-packages/airflow/example_dags/example_latest_only.py
[2023-04-10 11:33:56,769] {logging_mixin.py:109} INFO - [2023-04-10 11:33:56,769] {dag.py:2389} INFO - Sync 1 DAGs
[2023-04-10 11:33:56,784] {logging_mixin.py:109} INFO - [2023-04-10 11:33:56,784] {dag.py:2921} INFO - Setting next_dagrun for latest_only to 2023-04-10T07:33:56.784494+00:00
[2023-04-10 11:33:56,793] {processor.py:171} INFO - Processing /home/airflow/.local/lib/python3.7/site-packages/airflow/example_dags/example_latest_only.py took 0.056 seconds
[2023-04-10 11:34:27,191] {processor.py:163} INFO - Started process (PID=1143) to work on /home/airflow/.local/lib/python3.7/site-packages/airflow/example_dags/example_latest_only.py
[2023-04-10 11:34:27,191] {processor.py:620} INFO - Processing file /home/airflow/.local/lib/python3.7/site-packages/airflow/example_dags/example_latest_only.py for tasks to queue
[2023-04-10 11:34:27,192] {logging_mixin.py:109} INFO - [2023-04-10 11:34:27,191] {dagbag.py:500} INFO - Filling up the DagBag from /home/airflow/.local/lib/python3.7/site-packages/airflow/example_dags/example_latest_only.py
[2023-04-10 11:34:27,213] {processor.py:632} INFO - DAG(s) dict_keys(['latest_only']) retrieved from /home/airflow/.local/lib/python3.7/site-packages/airflow/example_dags/example_latest_only.py
[2023-04-10 11:34:27,221] {logging_mixin.py:109} INFO - [2023-04-10 11:34:27,221] {dag.py:2389} INFO - Sync 1 DAGs
[2023-04-10 11:34:27,235] {logging_mixin.py:109} INFO - [2023-04-10 11:34:27,235] {dag.py:2921} INFO - Setting next_dagrun for latest_only to 2023-04-10T07:34:27.235014+00:00
[2023-04-10 11:34:27,243] {processor.py:171} INFO - Processing /home/airflow/.local/lib/python3.7/site-packages/airflow/example_dags/example_latest_only.py took 0.055 seconds
[2023-04-10 11:34:57,461] {processor.py:163} INFO - Started process (PID=1203) to work on /home/airflow/.local/lib/python3.7/site-packages/airflow/example_dags/example_latest_only.py
[2023-04-10 11:34:57,463] {processor.py:620} INFO - Processing file /home/airflow/.local/lib/python3.7/site-packages/airflow/example_dags/example_latest_only.py for tasks to queue
[2023-04-10 11:34:57,463] {logging_mixin.py:109} INFO - [2023-04-10 11:34:57,463] {dagbag.py:500} INFO - Filling up the DagBag from /home/airflow/.local/lib/python3.7/site-packages/airflow/example_dags/example_latest_only.py
[2023-04-10 11:34:57,489] {processor.py:632} INFO - DAG(s) dict_keys(['latest_only']) retrieved from /home/airflow/.local/lib/python3.7/site-packages/airflow/example_dags/example_latest_only.py
[2023-04-10 11:34:57,503] {logging_mixin.py:109} INFO - [2023-04-10 11:34:57,503] {dag.py:2389} INFO - Sync 1 DAGs
[2023-04-10 11:34:57,519] {logging_mixin.py:109} INFO - [2023-04-10 11:34:57,519] {dag.py:2921} INFO - Setting next_dagrun for latest_only to 2023-04-10T07:34:57.519584+00:00
[2023-04-10 11:34:57,529] {processor.py:171} INFO - Processing /home/airflow/.local/lib/python3.7/site-packages/airflow/example_dags/example_latest_only.py took 0.071 seconds
[2023-04-10 11:35:27,809] {processor.py:163} INFO - Started process (PID=1254) to work on /home/airflow/.local/lib/python3.7/site-packages/airflow/example_dags/example_latest_only.py
[2023-04-10 11:35:27,810] {processor.py:620} INFO - Processing file /home/airflow/.local/lib/python3.7/site-packages/airflow/example_dags/example_latest_only.py for tasks to queue
[2023-04-10 11:35:27,810] {logging_mixin.py:109} INFO - [2023-04-10 11:35:27,810] {dagbag.py:500} INFO - Filling up the DagBag from /home/airflow/.local/lib/python3.7/site-packages/airflow/example_dags/example_latest_only.py
[2023-04-10 11:35:27,831] {processor.py:632} INFO - DAG(s) dict_keys(['latest_only']) retrieved from /home/airflow/.local/lib/python3.7/site-packages/airflow/example_dags/example_latest_only.py
[2023-04-10 11:35:27,838] {logging_mixin.py:109} INFO - [2023-04-10 11:35:27,838] {dag.py:2389} INFO - Sync 1 DAGs
[2023-04-10 11:35:27,848] {logging_mixin.py:109} INFO - [2023-04-10 11:35:27,848] {dag.py:2921} INFO - Setting next_dagrun for latest_only to 2023-04-10T07:35:27.848708+00:00
[2023-04-10 11:35:27,857] {processor.py:171} INFO - Processing /home/airflow/.local/lib/python3.7/site-packages/airflow/example_dags/example_latest_only.py took 0.049 seconds
[2023-04-10 11:35:58,069] {processor.py:163} INFO - Started process (PID=1305) to work on /home/airflow/.local/lib/python3.7/site-packages/airflow/example_dags/example_latest_only.py
[2023-04-10 11:35:58,070] {processor.py:620} INFO - Processing file /home/airflow/.local/lib/python3.7/site-packages/airflow/example_dags/example_latest_only.py for tasks to queue
[2023-04-10 11:35:58,070] {logging_mixin.py:109} INFO - [2023-04-10 11:35:58,070] {dagbag.py:500} INFO - Filling up the DagBag from /home/airflow/.local/lib/python3.7/site-packages/airflow/example_dags/example_latest_only.py
[2023-04-10 11:35:58,095] {processor.py:632} INFO - DAG(s) dict_keys(['latest_only']) retrieved from /home/airflow/.local/lib/python3.7/site-packages/airflow/example_dags/example_latest_only.py
[2023-04-10 11:35:58,104] {logging_mixin.py:109} INFO - [2023-04-10 11:35:58,104] {dag.py:2389} INFO - Sync 1 DAGs
[2023-04-10 11:35:58,117] {logging_mixin.py:109} INFO - [2023-04-10 11:35:58,117] {dag.py:2921} INFO - Setting next_dagrun for latest_only to 2023-04-10T07:35:58.117318+00:00
[2023-04-10 11:35:58,126] {processor.py:171} INFO - Processing /home/airflow/.local/lib/python3.7/site-packages/airflow/example_dags/example_latest_only.py took 0.060 seconds
[2023-04-10 11:36:28,630] {processor.py:163} INFO - Started process (PID=1366) to work on /home/airflow/.local/lib/python3.7/site-packages/airflow/example_dags/example_latest_only.py
[2023-04-10 11:36:28,632] {processor.py:620} INFO - Processing file /home/airflow/.local/lib/python3.7/site-packages/airflow/example_dags/example_latest_only.py for tasks to queue
[2023-04-10 11:36:28,632] {logging_mixin.py:109} INFO - [2023-04-10 11:36:28,632] {dagbag.py:500} INFO - Filling up the DagBag from /home/airflow/.local/lib/python3.7/site-packages/airflow/example_dags/example_latest_only.py
[2023-04-10 11:36:28,651] {processor.py:632} INFO - DAG(s) dict_keys(['latest_only']) retrieved from /home/airflow/.local/lib/python3.7/site-packages/airflow/example_dags/example_latest_only.py
[2023-04-10 11:36:28,657] {logging_mixin.py:109} INFO - [2023-04-10 11:36:28,657] {dag.py:2389} INFO - Sync 1 DAGs
[2023-04-10 11:36:28,669] {logging_mixin.py:109} INFO - [2023-04-10 11:36:28,669] {dag.py:2921} INFO - Setting next_dagrun for latest_only to 2023-04-10T07:36:28.669044+00:00
[2023-04-10 11:36:28,677] {processor.py:171} INFO - Processing /home/airflow/.local/lib/python3.7/site-packages/airflow/example_dags/example_latest_only.py took 0.049 seconds
[2023-04-10 11:36:58,949] {processor.py:163} INFO - Started process (PID=1418) to work on /home/airflow/.local/lib/python3.7/site-packages/airflow/example_dags/example_latest_only.py
[2023-04-10 11:36:58,950] {processor.py:620} INFO - Processing file /home/airflow/.local/lib/python3.7/site-packages/airflow/example_dags/example_latest_only.py for tasks to queue
[2023-04-10 11:36:58,951] {logging_mixin.py:109} INFO - [2023-04-10 11:36:58,951] {dagbag.py:500} INFO - Filling up the DagBag from /home/airflow/.local/lib/python3.7/site-packages/airflow/example_dags/example_latest_only.py
[2023-04-10 11:36:58,971] {processor.py:632} INFO - DAG(s) dict_keys(['latest_only']) retrieved from /home/airflow/.local/lib/python3.7/site-packages/airflow/example_dags/example_latest_only.py
[2023-04-10 11:36:58,979] {logging_mixin.py:109} INFO - [2023-04-10 11:36:58,979] {dag.py:2389} INFO - Sync 1 DAGs
[2023-04-10 11:36:58,990] {logging_mixin.py:109} INFO - [2023-04-10 11:36:58,990] {dag.py:2921} INFO - Setting next_dagrun for latest_only to 2023-04-10T07:36:58.990130+00:00
[2023-04-10 11:36:58,999] {processor.py:171} INFO - Processing /home/airflow/.local/lib/python3.7/site-packages/airflow/example_dags/example_latest_only.py took 0.052 seconds
[2023-04-10 11:37:29,197] {processor.py:163} INFO - Started process (PID=1478) to work on /home/airflow/.local/lib/python3.7/site-packages/airflow/example_dags/example_latest_only.py
[2023-04-10 11:37:29,199] {processor.py:620} INFO - Processing file /home/airflow/.local/lib/python3.7/site-packages/airflow/example_dags/example_latest_only.py for tasks to queue
[2023-04-10 11:37:29,199] {logging_mixin.py:109} INFO - [2023-04-10 11:37:29,199] {dagbag.py:500} INFO - Filling up the DagBag from /home/airflow/.local/lib/python3.7/site-packages/airflow/example_dags/example_latest_only.py
[2023-04-10 11:37:29,218] {processor.py:632} INFO - DAG(s) dict_keys(['latest_only']) retrieved from /home/airflow/.local/lib/python3.7/site-packages/airflow/example_dags/example_latest_only.py
[2023-04-10 11:37:29,226] {logging_mixin.py:109} INFO - [2023-04-10 11:37:29,226] {dag.py:2389} INFO - Sync 1 DAGs
[2023-04-10 11:37:29,238] {logging_mixin.py:109} INFO - [2023-04-10 11:37:29,237] {dag.py:2921} INFO - Setting next_dagrun for latest_only to 2023-04-10T07:37:29.237756+00:00
[2023-04-10 11:37:29,248] {processor.py:171} INFO - Processing /home/airflow/.local/lib/python3.7/site-packages/airflow/example_dags/example_latest_only.py took 0.052 seconds
[2023-04-10 11:37:59,552] {processor.py:163} INFO - Started process (PID=1530) to work on /home/airflow/.local/lib/python3.7/site-packages/airflow/example_dags/example_latest_only.py
[2023-04-10 11:37:59,553] {processor.py:620} INFO - Processing file /home/airflow/.local/lib/python3.7/site-packages/airflow/example_dags/example_latest_only.py for tasks to queue
[2023-04-10 11:37:59,553] {logging_mixin.py:109} INFO - [2023-04-10 11:37:59,553] {dagbag.py:500} INFO - Filling up the DagBag from /home/airflow/.local/lib/python3.7/site-packages/airflow/example_dags/example_latest_only.py
[2023-04-10 11:37:59,571] {processor.py:632} INFO - DAG(s) dict_keys(['latest_only']) retrieved from /home/airflow/.local/lib/python3.7/site-packages/airflow/example_dags/example_latest_only.py
[2023-04-10 11:37:59,577] {logging_mixin.py:109} INFO - [2023-04-10 11:37:59,577] {dag.py:2389} INFO - Sync 1 DAGs
[2023-04-10 11:37:59,587] {logging_mixin.py:109} INFO - [2023-04-10 11:37:59,587] {dag.py:2921} INFO - Setting next_dagrun for latest_only to 2023-04-10T07:37:59.587601+00:00
[2023-04-10 11:37:59,597] {processor.py:171} INFO - Processing /home/airflow/.local/lib/python3.7/site-packages/airflow/example_dags/example_latest_only.py took 0.048 seconds
[2023-04-10 11:38:29,779] {processor.py:163} INFO - Started process (PID=1590) to work on /home/airflow/.local/lib/python3.7/site-packages/airflow/example_dags/example_latest_only.py
[2023-04-10 11:38:29,780] {processor.py:620} INFO - Processing file /home/airflow/.local/lib/python3.7/site-packages/airflow/example_dags/example_latest_only.py for tasks to queue
[2023-04-10 11:38:29,780] {logging_mixin.py:109} INFO - [2023-04-10 11:38:29,780] {dagbag.py:500} INFO - Filling up the DagBag from /home/airflow/.local/lib/python3.7/site-packages/airflow/example_dags/example_latest_only.py
[2023-04-10 11:38:29,803] {processor.py:632} INFO - DAG(s) dict_keys(['latest_only']) retrieved from /home/airflow/.local/lib/python3.7/site-packages/airflow/example_dags/example_latest_only.py
[2023-04-10 11:38:29,815] {logging_mixin.py:109} INFO - [2023-04-10 11:38:29,815] {dag.py:2389} INFO - Sync 1 DAGs
[2023-04-10 11:38:29,830] {logging_mixin.py:109} INFO - [2023-04-10 11:38:29,829] {dag.py:2921} INFO - Setting next_dagrun for latest_only to 2023-04-10T07:38:29.829636+00:00
[2023-04-10 11:38:29,838] {processor.py:171} INFO - Processing /home/airflow/.local/lib/python3.7/site-packages/airflow/example_dags/example_latest_only.py took 0.062 seconds
[2023-04-10 11:39:00,094] {processor.py:163} INFO - Started process (PID=1641) to work on /home/airflow/.local/lib/python3.7/site-packages/airflow/example_dags/example_latest_only.py
[2023-04-10 11:39:00,096] {processor.py:620} INFO - Processing file /home/airflow/.local/lib/python3.7/site-packages/airflow/example_dags/example_latest_only.py for tasks to queue
[2023-04-10 11:39:00,096] {logging_mixin.py:109} INFO - [2023-04-10 11:39:00,096] {dagbag.py:500} INFO - Filling up the DagBag from /home/airflow/.local/lib/python3.7/site-packages/airflow/example_dags/example_latest_only.py
[2023-04-10 11:39:00,118] {processor.py:632} INFO - DAG(s) dict_keys(['latest_only']) retrieved from /home/airflow/.local/lib/python3.7/site-packages/airflow/example_dags/example_latest_only.py
[2023-04-10 11:39:00,125] {logging_mixin.py:109} INFO - [2023-04-10 11:39:00,125] {dag.py:2389} INFO - Sync 1 DAGs
[2023-04-10 11:39:00,138] {logging_mixin.py:109} INFO - [2023-04-10 11:39:00,138] {dag.py:2921} INFO - Setting next_dagrun for latest_only to 2023-04-10T07:39:00.138127+00:00
[2023-04-10 11:39:00,147] {processor.py:171} INFO - Processing /home/airflow/.local/lib/python3.7/site-packages/airflow/example_dags/example_latest_only.py took 0.055 seconds
[2023-04-10 11:39:30,272] {processor.py:163} INFO - Started process (PID=1692) to work on /home/airflow/.local/lib/python3.7/site-packages/airflow/example_dags/example_latest_only.py
[2023-04-10 11:39:30,273] {processor.py:620} INFO - Processing file /home/airflow/.local/lib/python3.7/site-packages/airflow/example_dags/example_latest_only.py for tasks to queue
[2023-04-10 11:39:30,273] {logging_mixin.py:109} INFO - [2023-04-10 11:39:30,273] {dagbag.py:500} INFO - Filling up the DagBag from /home/airflow/.local/lib/python3.7/site-packages/airflow/example_dags/example_latest_only.py
[2023-04-10 11:39:30,291] {processor.py:632} INFO - DAG(s) dict_keys(['latest_only']) retrieved from /home/airflow/.local/lib/python3.7/site-packages/airflow/example_dags/example_latest_only.py
[2023-04-10 11:39:30,297] {logging_mixin.py:109} INFO - [2023-04-10 11:39:30,297] {dag.py:2389} INFO - Sync 1 DAGs
[2023-04-10 11:39:30,309] {logging_mixin.py:109} INFO - [2023-04-10 11:39:30,309] {dag.py:2921} INFO - Setting next_dagrun for latest_only to 2023-04-10T07:39:30.309642+00:00
[2023-04-10 11:39:30,317] {processor.py:171} INFO - Processing /home/airflow/.local/lib/python3.7/site-packages/airflow/example_dags/example_latest_only.py took 0.048 seconds
[2023-04-10 11:40:00,593] {processor.py:163} INFO - Started process (PID=1752) to work on /home/airflow/.local/lib/python3.7/site-packages/airflow/example_dags/example_latest_only.py
[2023-04-10 11:40:00,594] {processor.py:620} INFO - Processing file /home/airflow/.local/lib/python3.7/site-packages/airflow/example_dags/example_latest_only.py for tasks to queue
[2023-04-10 11:40:00,594] {logging_mixin.py:109} INFO - [2023-04-10 11:40:00,594] {dagbag.py:500} INFO - Filling up the DagBag from /home/airflow/.local/lib/python3.7/site-packages/airflow/example_dags/example_latest_only.py
[2023-04-10 11:40:00,614] {processor.py:632} INFO - DAG(s) dict_keys(['latest_only']) retrieved from /home/airflow/.local/lib/python3.7/site-packages/airflow/example_dags/example_latest_only.py
[2023-04-10 11:40:00,621] {logging_mixin.py:109} INFO - [2023-04-10 11:40:00,621] {dag.py:2389} INFO - Sync 1 DAGs
[2023-04-10 11:40:00,632] {logging_mixin.py:109} INFO - [2023-04-10 11:40:00,632] {dag.py:2921} INFO - Setting next_dagrun for latest_only to 2023-04-10T07:40:00.632485+00:00
[2023-04-10 11:40:00,641] {processor.py:171} INFO - Processing /home/airflow/.local/lib/python3.7/site-packages/airflow/example_dags/example_latest_only.py took 0.051 seconds
[2023-04-10 11:40:30,827] {processor.py:163} INFO - Started process (PID=1803) to work on /home/airflow/.local/lib/python3.7/site-packages/airflow/example_dags/example_latest_only.py
[2023-04-10 11:40:30,828] {processor.py:620} INFO - Processing file /home/airflow/.local/lib/python3.7/site-packages/airflow/example_dags/example_latest_only.py for tasks to queue
[2023-04-10 11:40:30,829] {logging_mixin.py:109} INFO - [2023-04-10 11:40:30,829] {dagbag.py:500} INFO - Filling up the DagBag from /home/airflow/.local/lib/python3.7/site-packages/airflow/example_dags/example_latest_only.py
[2023-04-10 11:40:30,846] {processor.py:632} INFO - DAG(s) dict_keys(['latest_only']) retrieved from /home/airflow/.local/lib/python3.7/site-packages/airflow/example_dags/example_latest_only.py
[2023-04-10 11:40:30,852] {logging_mixin.py:109} INFO - [2023-04-10 11:40:30,852] {dag.py:2389} INFO - Sync 1 DAGs
[2023-04-10 11:40:30,863] {logging_mixin.py:109} INFO - [2023-04-10 11:40:30,863] {dag.py:2921} INFO - Setting next_dagrun for latest_only to 2023-04-10T07:40:30.863327+00:00
[2023-04-10 11:40:30,871] {processor.py:171} INFO - Processing /home/airflow/.local/lib/python3.7/site-packages/airflow/example_dags/example_latest_only.py took 0.046 seconds
[2023-04-10 11:41:01,141] {processor.py:163} INFO - Started process (PID=1863) to work on /home/airflow/.local/lib/python3.7/site-packages/airflow/example_dags/example_latest_only.py
[2023-04-10 11:41:01,142] {processor.py:620} INFO - Processing file /home/airflow/.local/lib/python3.7/site-packages/airflow/example_dags/example_latest_only.py for tasks to queue
[2023-04-10 11:41:01,142] {logging_mixin.py:109} INFO - [2023-04-10 11:41:01,142] {dagbag.py:500} INFO - Filling up the DagBag from /home/airflow/.local/lib/python3.7/site-packages/airflow/example_dags/example_latest_only.py
[2023-04-10 11:41:01,161] {processor.py:632} INFO - DAG(s) dict_keys(['latest_only']) retrieved from /home/airflow/.local/lib/python3.7/site-packages/airflow/example_dags/example_latest_only.py
[2023-04-10 11:41:01,168] {logging_mixin.py:109} INFO - [2023-04-10 11:41:01,168] {dag.py:2389} INFO - Sync 1 DAGs
[2023-04-10 11:41:01,181] {logging_mixin.py:109} INFO - [2023-04-10 11:41:01,181] {dag.py:2921} INFO - Setting next_dagrun for latest_only to 2023-04-10T07:41:01.181115+00:00
[2023-04-10 11:41:01,188] {processor.py:171} INFO - Processing /home/airflow/.local/lib/python3.7/site-packages/airflow/example_dags/example_latest_only.py took 0.048 seconds
[2023-04-10 11:41:31,352] {processor.py:163} INFO - Started process (PID=1914) to work on /home/airflow/.local/lib/python3.7/site-packages/airflow/example_dags/example_latest_only.py
[2023-04-10 11:41:31,353] {processor.py:620} INFO - Processing file /home/airflow/.local/lib/python3.7/site-packages/airflow/example_dags/example_latest_only.py for tasks to queue
[2023-04-10 11:41:31,353] {logging_mixin.py:109} INFO - [2023-04-10 11:41:31,353] {dagbag.py:500} INFO - Filling up the DagBag from /home/airflow/.local/lib/python3.7/site-packages/airflow/example_dags/example_latest_only.py
[2023-04-10 11:41:31,372] {processor.py:632} INFO - DAG(s) dict_keys(['latest_only']) retrieved from /home/airflow/.local/lib/python3.7/site-packages/airflow/example_dags/example_latest_only.py
[2023-04-10 11:41:31,381] {logging_mixin.py:109} INFO - [2023-04-10 11:41:31,381] {dag.py:2389} INFO - Sync 1 DAGs
[2023-04-10 11:41:31,395] {logging_mixin.py:109} INFO - [2023-04-10 11:41:31,395] {dag.py:2921} INFO - Setting next_dagrun for latest_only to 2023-04-10T07:41:31.395441+00:00
[2023-04-10 11:41:31,404] {processor.py:171} INFO - Processing /home/airflow/.local/lib/python3.7/site-packages/airflow/example_dags/example_latest_only.py took 0.054 seconds
[2023-04-10 11:42:01,673] {processor.py:163} INFO - Started process (PID=1975) to work on /home/airflow/.local/lib/python3.7/site-packages/airflow/example_dags/example_latest_only.py
[2023-04-10 11:42:01,674] {processor.py:620} INFO - Processing file /home/airflow/.local/lib/python3.7/site-packages/airflow/example_dags/example_latest_only.py for tasks to queue
[2023-04-10 11:42:01,674] {logging_mixin.py:109} INFO - [2023-04-10 11:42:01,674] {dagbag.py:500} INFO - Filling up the DagBag from /home/airflow/.local/lib/python3.7/site-packages/airflow/example_dags/example_latest_only.py
[2023-04-10 11:42:01,692] {processor.py:632} INFO - DAG(s) dict_keys(['latest_only']) retrieved from /home/airflow/.local/lib/python3.7/site-packages/airflow/example_dags/example_latest_only.py
[2023-04-10 11:42:01,698] {logging_mixin.py:109} INFO - [2023-04-10 11:42:01,698] {dag.py:2389} INFO - Sync 1 DAGs
[2023-04-10 11:42:01,717] {logging_mixin.py:109} INFO - [2023-04-10 11:42:01,717] {dag.py:2921} INFO - Setting next_dagrun for latest_only to 2023-04-10T07:42:01.716817+00:00
[2023-04-10 11:42:01,727] {processor.py:171} INFO - Processing /home/airflow/.local/lib/python3.7/site-packages/airflow/example_dags/example_latest_only.py took 0.056 seconds
[2023-04-10 11:42:32,037] {processor.py:163} INFO - Started process (PID=2026) to work on /home/airflow/.local/lib/python3.7/site-packages/airflow/example_dags/example_latest_only.py
[2023-04-10 11:42:32,044] {processor.py:620} INFO - Processing file /home/airflow/.local/lib/python3.7/site-packages/airflow/example_dags/example_latest_only.py for tasks to queue
[2023-04-10 11:42:32,044] {logging_mixin.py:109} INFO - [2023-04-10 11:42:32,044] {dagbag.py:500} INFO - Filling up the DagBag from /home/airflow/.local/lib/python3.7/site-packages/airflow/example_dags/example_latest_only.py
[2023-04-10 11:42:32,099] {processor.py:632} INFO - DAG(s) dict_keys(['latest_only']) retrieved from /home/airflow/.local/lib/python3.7/site-packages/airflow/example_dags/example_latest_only.py
[2023-04-10 11:42:32,109] {logging_mixin.py:109} INFO - [2023-04-10 11:42:32,109] {dag.py:2389} INFO - Sync 1 DAGs
[2023-04-10 11:42:32,122] {logging_mixin.py:109} INFO - [2023-04-10 11:42:32,122] {dag.py:2921} INFO - Setting next_dagrun for latest_only to 2023-04-10T07:42:32.121874+00:00
[2023-04-10 11:42:32,129] {processor.py:171} INFO - Processing /home/airflow/.local/lib/python3.7/site-packages/airflow/example_dags/example_latest_only.py took 0.095 seconds
[2023-04-10 11:43:02,462] {processor.py:163} INFO - Started process (PID=2086) to work on /home/airflow/.local/lib/python3.7/site-packages/airflow/example_dags/example_latest_only.py
[2023-04-10 11:43:02,463] {processor.py:620} INFO - Processing file /home/airflow/.local/lib/python3.7/site-packages/airflow/example_dags/example_latest_only.py for tasks to queue
[2023-04-10 11:43:02,464] {logging_mixin.py:109} INFO - [2023-04-10 11:43:02,464] {dagbag.py:500} INFO - Filling up the DagBag from /home/airflow/.local/lib/python3.7/site-packages/airflow/example_dags/example_latest_only.py
[2023-04-10 11:43:02,493] {processor.py:632} INFO - DAG(s) dict_keys(['latest_only']) retrieved from /home/airflow/.local/lib/python3.7/site-packages/airflow/example_dags/example_latest_only.py
[2023-04-10 11:43:02,505] {logging_mixin.py:109} INFO - [2023-04-10 11:43:02,505] {dag.py:2389} INFO - Sync 1 DAGs
[2023-04-10 11:43:02,523] {logging_mixin.py:109} INFO - [2023-04-10 11:43:02,523] {dag.py:2921} INFO - Setting next_dagrun for latest_only to 2023-04-10T07:43:02.523121+00:00
[2023-04-10 11:43:02,534] {processor.py:171} INFO - Processing /home/airflow/.local/lib/python3.7/site-packages/airflow/example_dags/example_latest_only.py took 0.076 seconds
[2023-04-10 11:43:32,616] {processor.py:163} INFO - Started process (PID=2138) to work on /home/airflow/.local/lib/python3.7/site-packages/airflow/example_dags/example_latest_only.py
[2023-04-10 11:43:32,621] {processor.py:620} INFO - Processing file /home/airflow/.local/lib/python3.7/site-packages/airflow/example_dags/example_latest_only.py for tasks to queue
[2023-04-10 11:43:32,622] {logging_mixin.py:109} INFO - [2023-04-10 11:43:32,621] {dagbag.py:500} INFO - Filling up the DagBag from /home/airflow/.local/lib/python3.7/site-packages/airflow/example_dags/example_latest_only.py
[2023-04-10 11:43:32,640] {processor.py:632} INFO - DAG(s) dict_keys(['latest_only']) retrieved from /home/airflow/.local/lib/python3.7/site-packages/airflow/example_dags/example_latest_only.py
[2023-04-10 11:43:32,649] {logging_mixin.py:109} INFO - [2023-04-10 11:43:32,649] {dag.py:2389} INFO - Sync 1 DAGs
[2023-04-10 11:43:32,661] {logging_mixin.py:109} INFO - [2023-04-10 11:43:32,661] {dag.py:2921} INFO - Setting next_dagrun for latest_only to 2023-04-10T07:43:32.661399+00:00
[2023-04-10 11:43:32,668] {processor.py:171} INFO - Processing /home/airflow/.local/lib/python3.7/site-packages/airflow/example_dags/example_latest_only.py took 0.054 seconds
[2023-04-10 11:44:02,957] {processor.py:163} INFO - Started process (PID=2189) to work on /home/airflow/.local/lib/python3.7/site-packages/airflow/example_dags/example_latest_only.py
[2023-04-10 11:44:02,958] {processor.py:620} INFO - Processing file /home/airflow/.local/lib/python3.7/site-packages/airflow/example_dags/example_latest_only.py for tasks to queue
[2023-04-10 11:44:02,958] {logging_mixin.py:109} INFO - [2023-04-10 11:44:02,958] {dagbag.py:500} INFO - Filling up the DagBag from /home/airflow/.local/lib/python3.7/site-packages/airflow/example_dags/example_latest_only.py
[2023-04-10 11:44:02,984] {processor.py:632} INFO - DAG(s) dict_keys(['latest_only']) retrieved from /home/airflow/.local/lib/python3.7/site-packages/airflow/example_dags/example_latest_only.py
[2023-04-10 11:44:02,997] {logging_mixin.py:109} INFO - [2023-04-10 11:44:02,996] {dag.py:2389} INFO - Sync 1 DAGs
[2023-04-10 11:44:03,013] {logging_mixin.py:109} INFO - [2023-04-10 11:44:03,013] {dag.py:2921} INFO - Setting next_dagrun for latest_only to 2023-04-10T07:44:03.012933+00:00
[2023-04-10 11:44:03,023] {processor.py:171} INFO - Processing /home/airflow/.local/lib/python3.7/site-packages/airflow/example_dags/example_latest_only.py took 0.068 seconds
[2023-04-10 11:44:33,409] {processor.py:163} INFO - Started process (PID=2249) to work on /home/airflow/.local/lib/python3.7/site-packages/airflow/example_dags/example_latest_only.py
[2023-04-10 11:44:33,414] {processor.py:620} INFO - Processing file /home/airflow/.local/lib/python3.7/site-packages/airflow/example_dags/example_latest_only.py for tasks to queue
[2023-04-10 11:44:33,414] {logging_mixin.py:109} INFO - [2023-04-10 11:44:33,414] {dagbag.py:500} INFO - Filling up the DagBag from /home/airflow/.local/lib/python3.7/site-packages/airflow/example_dags/example_latest_only.py
[2023-04-10 11:44:33,435] {processor.py:632} INFO - DAG(s) dict_keys(['latest_only']) retrieved from /home/airflow/.local/lib/python3.7/site-packages/airflow/example_dags/example_latest_only.py
[2023-04-10 11:44:33,444] {logging_mixin.py:109} INFO - [2023-04-10 11:44:33,444] {dag.py:2389} INFO - Sync 1 DAGs
[2023-04-10 11:44:33,459] {logging_mixin.py:109} INFO - [2023-04-10 11:44:33,459] {dag.py:2921} INFO - Setting next_dagrun for latest_only to 2023-04-10T07:44:33.459245+00:00
[2023-04-10 11:44:33,467] {processor.py:171} INFO - Processing /home/airflow/.local/lib/python3.7/site-packages/airflow/example_dags/example_latest_only.py took 0.061 seconds
[2023-04-10 11:45:03,794] {processor.py:163} INFO - Started process (PID=2300) to work on /home/airflow/.local/lib/python3.7/site-packages/airflow/example_dags/example_latest_only.py
[2023-04-10 11:45:03,795] {processor.py:620} INFO - Processing file /home/airflow/.local/lib/python3.7/site-packages/airflow/example_dags/example_latest_only.py for tasks to queue
[2023-04-10 11:45:03,795] {logging_mixin.py:109} INFO - [2023-04-10 11:45:03,795] {dagbag.py:500} INFO - Filling up the DagBag from /home/airflow/.local/lib/python3.7/site-packages/airflow/example_dags/example_latest_only.py
[2023-04-10 11:45:03,816] {processor.py:632} INFO - DAG(s) dict_keys(['latest_only']) retrieved from /home/airflow/.local/lib/python3.7/site-packages/airflow/example_dags/example_latest_only.py
[2023-04-10 11:45:03,823] {logging_mixin.py:109} INFO - [2023-04-10 11:45:03,823] {dag.py:2389} INFO - Sync 1 DAGs
[2023-04-10 11:45:03,835] {logging_mixin.py:109} INFO - [2023-04-10 11:45:03,835] {dag.py:2921} INFO - Setting next_dagrun for latest_only to 2023-04-10T07:45:03.835100+00:00
[2023-04-10 11:45:03,843] {processor.py:171} INFO - Processing /home/airflow/.local/lib/python3.7/site-packages/airflow/example_dags/example_latest_only.py took 0.050 seconds
[2023-04-10 11:45:34,091] {processor.py:163} INFO - Started process (PID=2361) to work on /home/airflow/.local/lib/python3.7/site-packages/airflow/example_dags/example_latest_only.py
[2023-04-10 11:45:34,092] {processor.py:620} INFO - Processing file /home/airflow/.local/lib/python3.7/site-packages/airflow/example_dags/example_latest_only.py for tasks to queue
[2023-04-10 11:45:34,093] {logging_mixin.py:109} INFO - [2023-04-10 11:45:34,092] {dagbag.py:500} INFO - Filling up the DagBag from /home/airflow/.local/lib/python3.7/site-packages/airflow/example_dags/example_latest_only.py
[2023-04-10 11:45:34,115] {processor.py:632} INFO - DAG(s) dict_keys(['latest_only']) retrieved from /home/airflow/.local/lib/python3.7/site-packages/airflow/example_dags/example_latest_only.py
[2023-04-10 11:45:34,123] {logging_mixin.py:109} INFO - [2023-04-10 11:45:34,123] {dag.py:2389} INFO - Sync 1 DAGs
[2023-04-10 11:45:34,135] {logging_mixin.py:109} INFO - [2023-04-10 11:45:34,135] {dag.py:2921} INFO - Setting next_dagrun for latest_only to 2023-04-10T07:45:34.134852+00:00
[2023-04-10 11:45:34,144] {processor.py:171} INFO - Processing /home/airflow/.local/lib/python3.7/site-packages/airflow/example_dags/example_latest_only.py took 0.056 seconds
[2023-04-10 11:46:04,387] {processor.py:163} INFO - Started process (PID=2412) to work on /home/airflow/.local/lib/python3.7/site-packages/airflow/example_dags/example_latest_only.py
[2023-04-10 11:46:04,387] {processor.py:620} INFO - Processing file /home/airflow/.local/lib/python3.7/site-packages/airflow/example_dags/example_latest_only.py for tasks to queue
[2023-04-10 11:46:04,387] {logging_mixin.py:109} INFO - [2023-04-10 11:46:04,387] {dagbag.py:500} INFO - Filling up the DagBag from /home/airflow/.local/lib/python3.7/site-packages/airflow/example_dags/example_latest_only.py
[2023-04-10 11:46:04,405] {processor.py:632} INFO - DAG(s) dict_keys(['latest_only']) retrieved from /home/airflow/.local/lib/python3.7/site-packages/airflow/example_dags/example_latest_only.py
[2023-04-10 11:46:04,412] {logging_mixin.py:109} INFO - [2023-04-10 11:46:04,412] {dag.py:2389} INFO - Sync 1 DAGs
[2023-04-10 11:46:04,426] {logging_mixin.py:109} INFO - [2023-04-10 11:46:04,426] {dag.py:2921} INFO - Setting next_dagrun for latest_only to 2023-04-10T07:46:04.425995+00:00
[2023-04-10 11:46:04,436] {processor.py:171} INFO - Processing /home/airflow/.local/lib/python3.7/site-packages/airflow/example_dags/example_latest_only.py took 0.051 seconds
[2023-04-10 11:46:34,609] {processor.py:163} INFO - Started process (PID=2472) to work on /home/airflow/.local/lib/python3.7/site-packages/airflow/example_dags/example_latest_only.py
[2023-04-10 11:46:34,610] {processor.py:620} INFO - Processing file /home/airflow/.local/lib/python3.7/site-packages/airflow/example_dags/example_latest_only.py for tasks to queue
[2023-04-10 11:46:34,610] {logging_mixin.py:109} INFO - [2023-04-10 11:46:34,610] {dagbag.py:500} INFO - Filling up the DagBag from /home/airflow/.local/lib/python3.7/site-packages/airflow/example_dags/example_latest_only.py
[2023-04-10 11:46:34,632] {processor.py:632} INFO - DAG(s) dict_keys(['latest_only']) retrieved from /home/airflow/.local/lib/python3.7/site-packages/airflow/example_dags/example_latest_only.py
[2023-04-10 11:46:34,642] {logging_mixin.py:109} INFO - [2023-04-10 11:46:34,641] {dag.py:2389} INFO - Sync 1 DAGs
[2023-04-10 11:46:34,657] {logging_mixin.py:109} INFO - [2023-04-10 11:46:34,656] {dag.py:2921} INFO - Setting next_dagrun for latest_only to 2023-04-10T07:46:34.656677+00:00
[2023-04-10 11:46:34,666] {processor.py:171} INFO - Processing /home/airflow/.local/lib/python3.7/site-packages/airflow/example_dags/example_latest_only.py took 0.060 seconds
[2023-04-10 11:47:04,998] {processor.py:163} INFO - Started process (PID=2523) to work on /home/airflow/.local/lib/python3.7/site-packages/airflow/example_dags/example_latest_only.py
[2023-04-10 11:47:04,999] {processor.py:620} INFO - Processing file /home/airflow/.local/lib/python3.7/site-packages/airflow/example_dags/example_latest_only.py for tasks to queue
[2023-04-10 11:47:05,000] {logging_mixin.py:109} INFO - [2023-04-10 11:47:05,000] {dagbag.py:500} INFO - Filling up the DagBag from /home/airflow/.local/lib/python3.7/site-packages/airflow/example_dags/example_latest_only.py
[2023-04-10 11:47:05,022] {processor.py:632} INFO - DAG(s) dict_keys(['latest_only']) retrieved from /home/airflow/.local/lib/python3.7/site-packages/airflow/example_dags/example_latest_only.py
[2023-04-10 11:47:05,029] {logging_mixin.py:109} INFO - [2023-04-10 11:47:05,029] {dag.py:2389} INFO - Sync 1 DAGs
[2023-04-10 11:47:05,043] {logging_mixin.py:109} INFO - [2023-04-10 11:47:05,043] {dag.py:2921} INFO - Setting next_dagrun for latest_only to 2023-04-10T07:47:05.042801+00:00
[2023-04-10 11:47:05,051] {processor.py:171} INFO - Processing /home/airflow/.local/lib/python3.7/site-packages/airflow/example_dags/example_latest_only.py took 0.055 seconds
[2023-04-10 11:47:35,587] {processor.py:163} INFO - Started process (PID=2583) to work on /home/airflow/.local/lib/python3.7/site-packages/airflow/example_dags/example_latest_only.py
[2023-04-10 11:47:35,589] {processor.py:620} INFO - Processing file /home/airflow/.local/lib/python3.7/site-packages/airflow/example_dags/example_latest_only.py for tasks to queue
[2023-04-10 11:47:35,589] {logging_mixin.py:109} INFO - [2023-04-10 11:47:35,589] {dagbag.py:500} INFO - Filling up the DagBag from /home/airflow/.local/lib/python3.7/site-packages/airflow/example_dags/example_latest_only.py
[2023-04-10 11:47:35,612] {processor.py:632} INFO - DAG(s) dict_keys(['latest_only']) retrieved from /home/airflow/.local/lib/python3.7/site-packages/airflow/example_dags/example_latest_only.py
[2023-04-10 11:47:35,620] {logging_mixin.py:109} INFO - [2023-04-10 11:47:35,620] {dag.py:2389} INFO - Sync 1 DAGs
[2023-04-10 11:47:35,633] {logging_mixin.py:109} INFO - [2023-04-10 11:47:35,633] {dag.py:2921} INFO - Setting next_dagrun for latest_only to 2023-04-10T07:47:35.632775+00:00
[2023-04-10 11:47:35,643] {processor.py:171} INFO - Processing /home/airflow/.local/lib/python3.7/site-packages/airflow/example_dags/example_latest_only.py took 0.058 seconds
[2023-04-10 11:48:03,963] {processor.py:163} INFO - Started process (PID=3127) to work on /home/airflow/.local/lib/python3.7/site-packages/airflow/example_dags/example_latest_only.py
[2023-04-10 11:48:03,963] {processor.py:620} INFO - Processing file /home/airflow/.local/lib/python3.7/site-packages/airflow/example_dags/example_latest_only.py for tasks to queue
[2023-04-10 11:48:03,964] {logging_mixin.py:109} INFO - [2023-04-10 11:48:03,964] {dagbag.py:500} INFO - Filling up the DagBag from /home/airflow/.local/lib/python3.7/site-packages/airflow/example_dags/example_latest_only.py
[2023-04-10 11:48:03,986] {processor.py:632} INFO - DAG(s) dict_keys(['latest_only']) retrieved from /home/airflow/.local/lib/python3.7/site-packages/airflow/example_dags/example_latest_only.py
[2023-04-10 11:48:03,994] {logging_mixin.py:109} INFO - [2023-04-10 11:48:03,993] {dag.py:2389} INFO - Sync 1 DAGs
[2023-04-10 11:48:04,008] {logging_mixin.py:109} INFO - [2023-04-10 11:48:04,008] {dag.py:2921} INFO - Setting next_dagrun for latest_only to 2023-04-10T07:48:04.008152+00:00
[2023-04-10 11:48:04,017] {processor.py:171} INFO - Processing /home/airflow/.local/lib/python3.7/site-packages/airflow/example_dags/example_latest_only.py took 0.057 seconds
[2023-04-10 11:48:06,157] {processor.py:163} INFO - Started process (PID=2634) to work on /home/airflow/.local/lib/python3.7/site-packages/airflow/example_dags/example_latest_only.py
[2023-04-10 11:48:06,158] {processor.py:620} INFO - Processing file /home/airflow/.local/lib/python3.7/site-packages/airflow/example_dags/example_latest_only.py for tasks to queue
[2023-04-10 11:48:06,158] {logging_mixin.py:109} INFO - [2023-04-10 11:48:06,158] {dagbag.py:500} INFO - Filling up the DagBag from /home/airflow/.local/lib/python3.7/site-packages/airflow/example_dags/example_latest_only.py
[2023-04-10 11:48:06,178] {processor.py:632} INFO - DAG(s) dict_keys(['latest_only']) retrieved from /home/airflow/.local/lib/python3.7/site-packages/airflow/example_dags/example_latest_only.py
[2023-04-10 11:48:06,185] {logging_mixin.py:109} INFO - [2023-04-10 11:48:06,185] {dag.py:2389} INFO - Sync 1 DAGs
[2023-04-10 11:48:06,197] {logging_mixin.py:109} INFO - [2023-04-10 11:48:06,196] {dag.py:2921} INFO - Setting next_dagrun for latest_only to 2023-04-10T07:48:06.196645+00:00
[2023-04-10 11:48:06,205] {processor.py:171} INFO - Processing /home/airflow/.local/lib/python3.7/site-packages/airflow/example_dags/example_latest_only.py took 0.051 seconds
[2023-04-10 11:48:36,410] {processor.py:163} INFO - Started process (PID=2685) to work on /home/airflow/.local/lib/python3.7/site-packages/airflow/example_dags/example_latest_only.py
[2023-04-10 11:48:36,411] {processor.py:620} INFO - Processing file /home/airflow/.local/lib/python3.7/site-packages/airflow/example_dags/example_latest_only.py for tasks to queue
[2023-04-10 11:48:36,411] {logging_mixin.py:109} INFO - [2023-04-10 11:48:36,411] {dagbag.py:500} INFO - Filling up the DagBag from /home/airflow/.local/lib/python3.7/site-packages/airflow/example_dags/example_latest_only.py
[2023-04-10 11:48:36,442] {processor.py:632} INFO - DAG(s) dict_keys(['latest_only']) retrieved from /home/airflow/.local/lib/python3.7/site-packages/airflow/example_dags/example_latest_only.py
[2023-04-10 11:48:36,454] {logging_mixin.py:109} INFO - [2023-04-10 11:48:36,454] {dag.py:2389} INFO - Sync 1 DAGs
[2023-04-10 11:48:36,474] {logging_mixin.py:109} INFO - [2023-04-10 11:48:36,474] {dag.py:2921} INFO - Setting next_dagrun for latest_only to 2023-04-10T07:48:36.474240+00:00
[2023-04-10 11:48:36,564] {processor.py:171} INFO - Processing /home/airflow/.local/lib/python3.7/site-packages/airflow/example_dags/example_latest_only.py took 0.157 seconds
