[2023-04-10 11:26:51,883] {processor.py:163} INFO - Started process (PID=201) to work on /home/airflow/.local/lib/python3.7/site-packages/airflow/example_dags/example_python_operator.py
[2023-04-10 11:26:51,883] {processor.py:620} INFO - Processing file /home/airflow/.local/lib/python3.7/site-packages/airflow/example_dags/example_python_operator.py for tasks to queue
[2023-04-10 11:26:51,884] {logging_mixin.py:109} INFO - [2023-04-10 11:26:51,884] {dagbag.py:500} INFO - Filling up the DagBag from /home/airflow/.local/lib/python3.7/site-packages/airflow/example_dags/example_python_operator.py
[2023-04-10 11:26:51,907] {processor.py:632} INFO - DAG(s) dict_keys(['example_python_operator']) retrieved from /home/airflow/.local/lib/python3.7/site-packages/airflow/example_dags/example_python_operator.py
[2023-04-10 11:26:53,690] {logging_mixin.py:109} INFO - [2023-04-10 11:26:53,690] {providers_manager.py:156} WARNING - Exception when importing 'airflow.providers.google.leveldb.hooks.leveldb.LevelDBHook' from 'apache-airflow-providers-google' package: No module named 'plyvel'
[2023-04-10 11:26:54,150] {logging_mixin.py:109} INFO - [2023-04-10 11:26:54,150] {providers_manager.py:156} WARNING - Exception when importing 'airflow.providers.google.leveldb.hooks.leveldb.LevelDBHook' from 'apache-airflow-providers-google' package: No module named 'plyvel'
[2023-04-10 11:26:54,179] {logging_mixin.py:109} INFO - [2023-04-10 11:26:54,179] {manager.py:496} INFO - Created Permission View: can read on DAG:example_python_operator
[2023-04-10 11:26:54,187] {logging_mixin.py:109} INFO - [2023-04-10 11:26:54,187] {manager.py:496} INFO - Created Permission View: can edit on DAG:example_python_operator
[2023-04-10 11:26:54,188] {logging_mixin.py:109} INFO - [2023-04-10 11:26:54,188] {dag.py:2389} INFO - Sync 1 DAGs
[2023-04-10 11:26:54,194] {logging_mixin.py:109} INFO - [2023-04-10 11:26:54,193] {dag.py:2408} INFO - Creating ORM DAG for example_python_operator
[2023-04-10 11:26:54,202] {logging_mixin.py:109} INFO - [2023-04-10 11:26:54,202] {dag.py:2921} INFO - Setting next_dagrun for example_python_operator to None
[2023-04-10 11:26:54,213] {processor.py:171} INFO - Processing /home/airflow/.local/lib/python3.7/site-packages/airflow/example_dags/example_python_operator.py took 2.333 seconds
[2023-04-10 11:27:24,638] {processor.py:163} INFO - Started process (PID=372) to work on /home/airflow/.local/lib/python3.7/site-packages/airflow/example_dags/example_python_operator.py
[2023-04-10 11:27:24,639] {processor.py:620} INFO - Processing file /home/airflow/.local/lib/python3.7/site-packages/airflow/example_dags/example_python_operator.py for tasks to queue
[2023-04-10 11:27:24,639] {logging_mixin.py:109} INFO - [2023-04-10 11:27:24,639] {dagbag.py:500} INFO - Filling up the DagBag from /home/airflow/.local/lib/python3.7/site-packages/airflow/example_dags/example_python_operator.py
[2023-04-10 11:27:24,659] {processor.py:632} INFO - DAG(s) dict_keys(['example_python_operator']) retrieved from /home/airflow/.local/lib/python3.7/site-packages/airflow/example_dags/example_python_operator.py
[2023-04-10 11:27:24,667] {logging_mixin.py:109} INFO - [2023-04-10 11:27:24,667] {dag.py:2389} INFO - Sync 1 DAGs
[2023-04-10 11:27:24,677] {logging_mixin.py:109} INFO - [2023-04-10 11:27:24,677] {dag.py:2921} INFO - Setting next_dagrun for example_python_operator to None
[2023-04-10 11:27:24,685] {processor.py:171} INFO - Processing /home/airflow/.local/lib/python3.7/site-packages/airflow/example_dags/example_python_operator.py took 0.049 seconds
[2023-04-10 11:27:54,892] {processor.py:163} INFO - Started process (PID=432) to work on /home/airflow/.local/lib/python3.7/site-packages/airflow/example_dags/example_python_operator.py
[2023-04-10 11:27:54,893] {processor.py:620} INFO - Processing file /home/airflow/.local/lib/python3.7/site-packages/airflow/example_dags/example_python_operator.py for tasks to queue
[2023-04-10 11:27:54,893] {logging_mixin.py:109} INFO - [2023-04-10 11:27:54,893] {dagbag.py:500} INFO - Filling up the DagBag from /home/airflow/.local/lib/python3.7/site-packages/airflow/example_dags/example_python_operator.py
[2023-04-10 11:27:54,912] {processor.py:632} INFO - DAG(s) dict_keys(['example_python_operator']) retrieved from /home/airflow/.local/lib/python3.7/site-packages/airflow/example_dags/example_python_operator.py
[2023-04-10 11:27:54,919] {logging_mixin.py:109} INFO - [2023-04-10 11:27:54,919] {dag.py:2389} INFO - Sync 1 DAGs
[2023-04-10 11:27:54,929] {logging_mixin.py:109} INFO - [2023-04-10 11:27:54,929] {dag.py:2921} INFO - Setting next_dagrun for example_python_operator to None
[2023-04-10 11:27:54,937] {processor.py:171} INFO - Processing /home/airflow/.local/lib/python3.7/site-packages/airflow/example_dags/example_python_operator.py took 0.047 seconds
[2023-04-10 11:28:25,018] {processor.py:163} INFO - Started process (PID=483) to work on /home/airflow/.local/lib/python3.7/site-packages/airflow/example_dags/example_python_operator.py
[2023-04-10 11:28:25,020] {processor.py:620} INFO - Processing file /home/airflow/.local/lib/python3.7/site-packages/airflow/example_dags/example_python_operator.py for tasks to queue
[2023-04-10 11:28:25,020] {logging_mixin.py:109} INFO - [2023-04-10 11:28:25,020] {dagbag.py:500} INFO - Filling up the DagBag from /home/airflow/.local/lib/python3.7/site-packages/airflow/example_dags/example_python_operator.py
[2023-04-10 11:28:25,040] {processor.py:632} INFO - DAG(s) dict_keys(['example_python_operator']) retrieved from /home/airflow/.local/lib/python3.7/site-packages/airflow/example_dags/example_python_operator.py
[2023-04-10 11:28:25,046] {logging_mixin.py:109} INFO - [2023-04-10 11:28:25,046] {dag.py:2389} INFO - Sync 1 DAGs
[2023-04-10 11:28:25,055] {logging_mixin.py:109} INFO - [2023-04-10 11:28:25,055] {dag.py:2921} INFO - Setting next_dagrun for example_python_operator to None
[2023-04-10 11:28:25,063] {processor.py:171} INFO - Processing /home/airflow/.local/lib/python3.7/site-packages/airflow/example_dags/example_python_operator.py took 0.048 seconds
[2023-04-10 11:28:55,295] {processor.py:163} INFO - Started process (PID=543) to work on /home/airflow/.local/lib/python3.7/site-packages/airflow/example_dags/example_python_operator.py
[2023-04-10 11:28:55,295] {processor.py:620} INFO - Processing file /home/airflow/.local/lib/python3.7/site-packages/airflow/example_dags/example_python_operator.py for tasks to queue
[2023-04-10 11:28:55,297] {logging_mixin.py:109} INFO - [2023-04-10 11:28:55,297] {dagbag.py:500} INFO - Filling up the DagBag from /home/airflow/.local/lib/python3.7/site-packages/airflow/example_dags/example_python_operator.py
[2023-04-10 11:28:55,317] {processor.py:632} INFO - DAG(s) dict_keys(['example_python_operator']) retrieved from /home/airflow/.local/lib/python3.7/site-packages/airflow/example_dags/example_python_operator.py
[2023-04-10 11:28:55,325] {logging_mixin.py:109} INFO - [2023-04-10 11:28:55,325] {dag.py:2389} INFO - Sync 1 DAGs
[2023-04-10 11:28:55,339] {logging_mixin.py:109} INFO - [2023-04-10 11:28:55,339] {dag.py:2921} INFO - Setting next_dagrun for example_python_operator to None
[2023-04-10 11:28:55,347] {processor.py:171} INFO - Processing /home/airflow/.local/lib/python3.7/site-packages/airflow/example_dags/example_python_operator.py took 0.054 seconds
[2023-04-10 11:29:25,527] {processor.py:163} INFO - Started process (PID=596) to work on /home/airflow/.local/lib/python3.7/site-packages/airflow/example_dags/example_python_operator.py
[2023-04-10 11:29:25,528] {processor.py:620} INFO - Processing file /home/airflow/.local/lib/python3.7/site-packages/airflow/example_dags/example_python_operator.py for tasks to queue
[2023-04-10 11:29:25,529] {logging_mixin.py:109} INFO - [2023-04-10 11:29:25,529] {dagbag.py:500} INFO - Filling up the DagBag from /home/airflow/.local/lib/python3.7/site-packages/airflow/example_dags/example_python_operator.py
[2023-04-10 11:29:25,557] {processor.py:632} INFO - DAG(s) dict_keys(['example_python_operator']) retrieved from /home/airflow/.local/lib/python3.7/site-packages/airflow/example_dags/example_python_operator.py
[2023-04-10 11:29:25,571] {logging_mixin.py:109} INFO - [2023-04-10 11:29:25,571] {dag.py:2389} INFO - Sync 1 DAGs
[2023-04-10 11:29:25,587] {logging_mixin.py:109} INFO - [2023-04-10 11:29:25,587] {dag.py:2921} INFO - Setting next_dagrun for example_python_operator to None
[2023-04-10 11:29:25,597] {processor.py:171} INFO - Processing /home/airflow/.local/lib/python3.7/site-packages/airflow/example_dags/example_python_operator.py took 0.072 seconds
[2023-04-10 11:29:55,836] {processor.py:163} INFO - Started process (PID=647) to work on /home/airflow/.local/lib/python3.7/site-packages/airflow/example_dags/example_python_operator.py
[2023-04-10 11:29:55,837] {processor.py:620} INFO - Processing file /home/airflow/.local/lib/python3.7/site-packages/airflow/example_dags/example_python_operator.py for tasks to queue
[2023-04-10 11:29:55,838] {logging_mixin.py:109} INFO - [2023-04-10 11:29:55,838] {dagbag.py:500} INFO - Filling up the DagBag from /home/airflow/.local/lib/python3.7/site-packages/airflow/example_dags/example_python_operator.py
[2023-04-10 11:29:55,862] {processor.py:632} INFO - DAG(s) dict_keys(['example_python_operator']) retrieved from /home/airflow/.local/lib/python3.7/site-packages/airflow/example_dags/example_python_operator.py
[2023-04-10 11:29:55,869] {logging_mixin.py:109} INFO - [2023-04-10 11:29:55,869] {dag.py:2389} INFO - Sync 1 DAGs
[2023-04-10 11:29:55,879] {logging_mixin.py:109} INFO - [2023-04-10 11:29:55,879] {dag.py:2921} INFO - Setting next_dagrun for example_python_operator to None
[2023-04-10 11:29:55,888] {processor.py:171} INFO - Processing /home/airflow/.local/lib/python3.7/site-packages/airflow/example_dags/example_python_operator.py took 0.054 seconds
[2023-04-10 11:30:26,247] {processor.py:163} INFO - Started process (PID=707) to work on /home/airflow/.local/lib/python3.7/site-packages/airflow/example_dags/example_python_operator.py
[2023-04-10 11:30:26,254] {processor.py:620} INFO - Processing file /home/airflow/.local/lib/python3.7/site-packages/airflow/example_dags/example_python_operator.py for tasks to queue
[2023-04-10 11:30:26,254] {logging_mixin.py:109} INFO - [2023-04-10 11:30:26,254] {dagbag.py:500} INFO - Filling up the DagBag from /home/airflow/.local/lib/python3.7/site-packages/airflow/example_dags/example_python_operator.py
[2023-04-10 11:30:26,274] {processor.py:632} INFO - DAG(s) dict_keys(['example_python_operator']) retrieved from /home/airflow/.local/lib/python3.7/site-packages/airflow/example_dags/example_python_operator.py
[2023-04-10 11:30:26,282] {logging_mixin.py:109} INFO - [2023-04-10 11:30:26,281] {dag.py:2389} INFO - Sync 1 DAGs
[2023-04-10 11:30:26,292] {logging_mixin.py:109} INFO - [2023-04-10 11:30:26,292] {dag.py:2921} INFO - Setting next_dagrun for example_python_operator to None
[2023-04-10 11:30:26,299] {processor.py:171} INFO - Processing /home/airflow/.local/lib/python3.7/site-packages/airflow/example_dags/example_python_operator.py took 0.055 seconds
[2023-04-10 11:30:56,716] {processor.py:163} INFO - Started process (PID=758) to work on /home/airflow/.local/lib/python3.7/site-packages/airflow/example_dags/example_python_operator.py
[2023-04-10 11:30:56,717] {processor.py:620} INFO - Processing file /home/airflow/.local/lib/python3.7/site-packages/airflow/example_dags/example_python_operator.py for tasks to queue
[2023-04-10 11:30:56,717] {logging_mixin.py:109} INFO - [2023-04-10 11:30:56,717] {dagbag.py:500} INFO - Filling up the DagBag from /home/airflow/.local/lib/python3.7/site-packages/airflow/example_dags/example_python_operator.py
[2023-04-10 11:30:56,736] {processor.py:632} INFO - DAG(s) dict_keys(['example_python_operator']) retrieved from /home/airflow/.local/lib/python3.7/site-packages/airflow/example_dags/example_python_operator.py
[2023-04-10 11:30:56,743] {logging_mixin.py:109} INFO - [2023-04-10 11:30:56,743] {dag.py:2389} INFO - Sync 1 DAGs
[2023-04-10 11:30:56,754] {logging_mixin.py:109} INFO - [2023-04-10 11:30:56,754] {dag.py:2921} INFO - Setting next_dagrun for example_python_operator to None
[2023-04-10 11:30:56,761] {processor.py:171} INFO - Processing /home/airflow/.local/lib/python3.7/site-packages/airflow/example_dags/example_python_operator.py took 0.047 seconds
[2023-04-10 11:31:27,067] {processor.py:163} INFO - Started process (PID=818) to work on /home/airflow/.local/lib/python3.7/site-packages/airflow/example_dags/example_python_operator.py
[2023-04-10 11:31:27,068] {processor.py:620} INFO - Processing file /home/airflow/.local/lib/python3.7/site-packages/airflow/example_dags/example_python_operator.py for tasks to queue
[2023-04-10 11:31:27,069] {logging_mixin.py:109} INFO - [2023-04-10 11:31:27,069] {dagbag.py:500} INFO - Filling up the DagBag from /home/airflow/.local/lib/python3.7/site-packages/airflow/example_dags/example_python_operator.py
[2023-04-10 11:31:27,091] {processor.py:632} INFO - DAG(s) dict_keys(['example_python_operator']) retrieved from /home/airflow/.local/lib/python3.7/site-packages/airflow/example_dags/example_python_operator.py
[2023-04-10 11:31:27,099] {logging_mixin.py:109} INFO - [2023-04-10 11:31:27,099] {dag.py:2389} INFO - Sync 1 DAGs
[2023-04-10 11:31:27,110] {logging_mixin.py:109} INFO - [2023-04-10 11:31:27,110] {dag.py:2921} INFO - Setting next_dagrun for example_python_operator to None
[2023-04-10 11:31:27,119] {processor.py:171} INFO - Processing /home/airflow/.local/lib/python3.7/site-packages/airflow/example_dags/example_python_operator.py took 0.055 seconds
[2023-04-10 11:31:57,334] {processor.py:163} INFO - Started process (PID=870) to work on /home/airflow/.local/lib/python3.7/site-packages/airflow/example_dags/example_python_operator.py
[2023-04-10 11:31:57,335] {processor.py:620} INFO - Processing file /home/airflow/.local/lib/python3.7/site-packages/airflow/example_dags/example_python_operator.py for tasks to queue
[2023-04-10 11:31:57,335] {logging_mixin.py:109} INFO - [2023-04-10 11:31:57,335] {dagbag.py:500} INFO - Filling up the DagBag from /home/airflow/.local/lib/python3.7/site-packages/airflow/example_dags/example_python_operator.py
[2023-04-10 11:31:57,354] {processor.py:632} INFO - DAG(s) dict_keys(['example_python_operator']) retrieved from /home/airflow/.local/lib/python3.7/site-packages/airflow/example_dags/example_python_operator.py
[2023-04-10 11:31:57,361] {logging_mixin.py:109} INFO - [2023-04-10 11:31:57,361] {dag.py:2389} INFO - Sync 1 DAGs
[2023-04-10 11:31:57,371] {logging_mixin.py:109} INFO - [2023-04-10 11:31:57,371] {dag.py:2921} INFO - Setting next_dagrun for example_python_operator to None
[2023-04-10 11:31:57,379] {processor.py:171} INFO - Processing /home/airflow/.local/lib/python3.7/site-packages/airflow/example_dags/example_python_operator.py took 0.047 seconds
[2023-04-10 11:32:27,526] {processor.py:163} INFO - Started process (PID=931) to work on /home/airflow/.local/lib/python3.7/site-packages/airflow/example_dags/example_python_operator.py
[2023-04-10 11:32:27,527] {processor.py:620} INFO - Processing file /home/airflow/.local/lib/python3.7/site-packages/airflow/example_dags/example_python_operator.py for tasks to queue
[2023-04-10 11:32:27,527] {logging_mixin.py:109} INFO - [2023-04-10 11:32:27,527] {dagbag.py:500} INFO - Filling up the DagBag from /home/airflow/.local/lib/python3.7/site-packages/airflow/example_dags/example_python_operator.py
[2023-04-10 11:32:27,554] {processor.py:632} INFO - DAG(s) dict_keys(['example_python_operator']) retrieved from /home/airflow/.local/lib/python3.7/site-packages/airflow/example_dags/example_python_operator.py
[2023-04-10 11:32:27,564] {logging_mixin.py:109} INFO - [2023-04-10 11:32:27,564] {dag.py:2389} INFO - Sync 1 DAGs
[2023-04-10 11:32:27,579] {logging_mixin.py:109} INFO - [2023-04-10 11:32:27,579] {dag.py:2921} INFO - Setting next_dagrun for example_python_operator to None
[2023-04-10 11:32:27,587] {processor.py:171} INFO - Processing /home/airflow/.local/lib/python3.7/site-packages/airflow/example_dags/example_python_operator.py took 0.064 seconds
[2023-04-10 11:32:57,973] {processor.py:163} INFO - Started process (PID=982) to work on /home/airflow/.local/lib/python3.7/site-packages/airflow/example_dags/example_python_operator.py
[2023-04-10 11:32:57,974] {processor.py:620} INFO - Processing file /home/airflow/.local/lib/python3.7/site-packages/airflow/example_dags/example_python_operator.py for tasks to queue
[2023-04-10 11:32:57,975] {logging_mixin.py:109} INFO - [2023-04-10 11:32:57,975] {dagbag.py:500} INFO - Filling up the DagBag from /home/airflow/.local/lib/python3.7/site-packages/airflow/example_dags/example_python_operator.py
[2023-04-10 11:32:57,997] {processor.py:632} INFO - DAG(s) dict_keys(['example_python_operator']) retrieved from /home/airflow/.local/lib/python3.7/site-packages/airflow/example_dags/example_python_operator.py
[2023-04-10 11:32:58,007] {logging_mixin.py:109} INFO - [2023-04-10 11:32:58,006] {dag.py:2389} INFO - Sync 1 DAGs
[2023-04-10 11:32:58,021] {logging_mixin.py:109} INFO - [2023-04-10 11:32:58,020] {dag.py:2921} INFO - Setting next_dagrun for example_python_operator to None
[2023-04-10 11:32:58,029] {processor.py:171} INFO - Processing /home/airflow/.local/lib/python3.7/site-packages/airflow/example_dags/example_python_operator.py took 0.059 seconds
[2023-04-10 11:33:28,207] {processor.py:163} INFO - Started process (PID=1041) to work on /home/airflow/.local/lib/python3.7/site-packages/airflow/example_dags/example_python_operator.py
[2023-04-10 11:33:28,208] {processor.py:620} INFO - Processing file /home/airflow/.local/lib/python3.7/site-packages/airflow/example_dags/example_python_operator.py for tasks to queue
[2023-04-10 11:33:28,208] {logging_mixin.py:109} INFO - [2023-04-10 11:33:28,208] {dagbag.py:500} INFO - Filling up the DagBag from /home/airflow/.local/lib/python3.7/site-packages/airflow/example_dags/example_python_operator.py
[2023-04-10 11:33:28,230] {processor.py:632} INFO - DAG(s) dict_keys(['example_python_operator']) retrieved from /home/airflow/.local/lib/python3.7/site-packages/airflow/example_dags/example_python_operator.py
[2023-04-10 11:33:28,239] {logging_mixin.py:109} INFO - [2023-04-10 11:33:28,239] {dag.py:2389} INFO - Sync 1 DAGs
[2023-04-10 11:33:28,255] {logging_mixin.py:109} INFO - [2023-04-10 11:33:28,255] {dag.py:2921} INFO - Setting next_dagrun for example_python_operator to None
[2023-04-10 11:33:28,265] {processor.py:171} INFO - Processing /home/airflow/.local/lib/python3.7/site-packages/airflow/example_dags/example_python_operator.py took 0.060 seconds
[2023-04-10 11:33:58,812] {processor.py:163} INFO - Started process (PID=1094) to work on /home/airflow/.local/lib/python3.7/site-packages/airflow/example_dags/example_python_operator.py
[2023-04-10 11:33:58,813] {processor.py:620} INFO - Processing file /home/airflow/.local/lib/python3.7/site-packages/airflow/example_dags/example_python_operator.py for tasks to queue
[2023-04-10 11:33:58,813] {logging_mixin.py:109} INFO - [2023-04-10 11:33:58,813] {dagbag.py:500} INFO - Filling up the DagBag from /home/airflow/.local/lib/python3.7/site-packages/airflow/example_dags/example_python_operator.py
[2023-04-10 11:33:58,836] {processor.py:632} INFO - DAG(s) dict_keys(['example_python_operator']) retrieved from /home/airflow/.local/lib/python3.7/site-packages/airflow/example_dags/example_python_operator.py
[2023-04-10 11:33:58,848] {logging_mixin.py:109} INFO - [2023-04-10 11:33:58,848] {dag.py:2389} INFO - Sync 1 DAGs
[2023-04-10 11:33:58,863] {logging_mixin.py:109} INFO - [2023-04-10 11:33:58,862] {dag.py:2921} INFO - Setting next_dagrun for example_python_operator to None
[2023-04-10 11:33:58,872] {processor.py:171} INFO - Processing /home/airflow/.local/lib/python3.7/site-packages/airflow/example_dags/example_python_operator.py took 0.063 seconds
[2023-04-10 11:34:29,225] {processor.py:163} INFO - Started process (PID=1145) to work on /home/airflow/.local/lib/python3.7/site-packages/airflow/example_dags/example_python_operator.py
[2023-04-10 11:34:29,226] {processor.py:620} INFO - Processing file /home/airflow/.local/lib/python3.7/site-packages/airflow/example_dags/example_python_operator.py for tasks to queue
[2023-04-10 11:34:29,227] {logging_mixin.py:109} INFO - [2023-04-10 11:34:29,226] {dagbag.py:500} INFO - Filling up the DagBag from /home/airflow/.local/lib/python3.7/site-packages/airflow/example_dags/example_python_operator.py
[2023-04-10 11:34:29,250] {processor.py:632} INFO - DAG(s) dict_keys(['example_python_operator']) retrieved from /home/airflow/.local/lib/python3.7/site-packages/airflow/example_dags/example_python_operator.py
[2023-04-10 11:34:29,259] {logging_mixin.py:109} INFO - [2023-04-10 11:34:29,259] {dag.py:2389} INFO - Sync 1 DAGs
[2023-04-10 11:34:29,273] {logging_mixin.py:109} INFO - [2023-04-10 11:34:29,272] {dag.py:2921} INFO - Setting next_dagrun for example_python_operator to None
[2023-04-10 11:34:29,282] {processor.py:171} INFO - Processing /home/airflow/.local/lib/python3.7/site-packages/airflow/example_dags/example_python_operator.py took 0.060 seconds
[2023-04-10 11:34:59,548] {processor.py:163} INFO - Started process (PID=1205) to work on /home/airflow/.local/lib/python3.7/site-packages/airflow/example_dags/example_python_operator.py
[2023-04-10 11:34:59,552] {processor.py:620} INFO - Processing file /home/airflow/.local/lib/python3.7/site-packages/airflow/example_dags/example_python_operator.py for tasks to queue
[2023-04-10 11:34:59,553] {logging_mixin.py:109} INFO - [2023-04-10 11:34:59,553] {dagbag.py:500} INFO - Filling up the DagBag from /home/airflow/.local/lib/python3.7/site-packages/airflow/example_dags/example_python_operator.py
[2023-04-10 11:34:59,573] {processor.py:632} INFO - DAG(s) dict_keys(['example_python_operator']) retrieved from /home/airflow/.local/lib/python3.7/site-packages/airflow/example_dags/example_python_operator.py
[2023-04-10 11:34:59,580] {logging_mixin.py:109} INFO - [2023-04-10 11:34:59,580] {dag.py:2389} INFO - Sync 1 DAGs
[2023-04-10 11:34:59,590] {logging_mixin.py:109} INFO - [2023-04-10 11:34:59,590] {dag.py:2921} INFO - Setting next_dagrun for example_python_operator to None
[2023-04-10 11:34:59,598] {processor.py:171} INFO - Processing /home/airflow/.local/lib/python3.7/site-packages/airflow/example_dags/example_python_operator.py took 0.052 seconds
[2023-04-10 11:35:29,850] {processor.py:163} INFO - Started process (PID=1256) to work on /home/airflow/.local/lib/python3.7/site-packages/airflow/example_dags/example_python_operator.py
[2023-04-10 11:35:29,851] {processor.py:620} INFO - Processing file /home/airflow/.local/lib/python3.7/site-packages/airflow/example_dags/example_python_operator.py for tasks to queue
[2023-04-10 11:35:29,852] {logging_mixin.py:109} INFO - [2023-04-10 11:35:29,851] {dagbag.py:500} INFO - Filling up the DagBag from /home/airflow/.local/lib/python3.7/site-packages/airflow/example_dags/example_python_operator.py
[2023-04-10 11:35:29,875] {processor.py:632} INFO - DAG(s) dict_keys(['example_python_operator']) retrieved from /home/airflow/.local/lib/python3.7/site-packages/airflow/example_dags/example_python_operator.py
[2023-04-10 11:35:29,884] {logging_mixin.py:109} INFO - [2023-04-10 11:35:29,884] {dag.py:2389} INFO - Sync 1 DAGs
[2023-04-10 11:35:29,899] {logging_mixin.py:109} INFO - [2023-04-10 11:35:29,899] {dag.py:2921} INFO - Setting next_dagrun for example_python_operator to None
[2023-04-10 11:35:29,908] {processor.py:171} INFO - Processing /home/airflow/.local/lib/python3.7/site-packages/airflow/example_dags/example_python_operator.py took 0.060 seconds
[2023-04-10 11:36:00,141] {processor.py:163} INFO - Started process (PID=1315) to work on /home/airflow/.local/lib/python3.7/site-packages/airflow/example_dags/example_python_operator.py
[2023-04-10 11:36:00,143] {processor.py:620} INFO - Processing file /home/airflow/.local/lib/python3.7/site-packages/airflow/example_dags/example_python_operator.py for tasks to queue
[2023-04-10 11:36:00,143] {logging_mixin.py:109} INFO - [2023-04-10 11:36:00,143] {dagbag.py:500} INFO - Filling up the DagBag from /home/airflow/.local/lib/python3.7/site-packages/airflow/example_dags/example_python_operator.py
[2023-04-10 11:36:00,174] {processor.py:632} INFO - DAG(s) dict_keys(['example_python_operator']) retrieved from /home/airflow/.local/lib/python3.7/site-packages/airflow/example_dags/example_python_operator.py
[2023-04-10 11:36:00,186] {logging_mixin.py:109} INFO - [2023-04-10 11:36:00,186] {dag.py:2389} INFO - Sync 1 DAGs
[2023-04-10 11:36:00,207] {logging_mixin.py:109} INFO - [2023-04-10 11:36:00,207] {dag.py:2921} INFO - Setting next_dagrun for example_python_operator to None
[2023-04-10 11:36:00,219] {processor.py:171} INFO - Processing /home/airflow/.local/lib/python3.7/site-packages/airflow/example_dags/example_python_operator.py took 0.081 seconds
[2023-04-10 11:36:30,644] {processor.py:163} INFO - Started process (PID=1368) to work on /home/airflow/.local/lib/python3.7/site-packages/airflow/example_dags/example_python_operator.py
[2023-04-10 11:36:30,651] {processor.py:620} INFO - Processing file /home/airflow/.local/lib/python3.7/site-packages/airflow/example_dags/example_python_operator.py for tasks to queue
[2023-04-10 11:36:30,652] {logging_mixin.py:109} INFO - [2023-04-10 11:36:30,652] {dagbag.py:500} INFO - Filling up the DagBag from /home/airflow/.local/lib/python3.7/site-packages/airflow/example_dags/example_python_operator.py
[2023-04-10 11:36:30,671] {processor.py:632} INFO - DAG(s) dict_keys(['example_python_operator']) retrieved from /home/airflow/.local/lib/python3.7/site-packages/airflow/example_dags/example_python_operator.py
[2023-04-10 11:36:30,678] {logging_mixin.py:109} INFO - [2023-04-10 11:36:30,678] {dag.py:2389} INFO - Sync 1 DAGs
[2023-04-10 11:36:30,688] {logging_mixin.py:109} INFO - [2023-04-10 11:36:30,688] {dag.py:2921} INFO - Setting next_dagrun for example_python_operator to None
[2023-04-10 11:36:30,696] {processor.py:171} INFO - Processing /home/airflow/.local/lib/python3.7/site-packages/airflow/example_dags/example_python_operator.py took 0.054 seconds
[2023-04-10 11:37:01,017] {processor.py:163} INFO - Started process (PID=1420) to work on /home/airflow/.local/lib/python3.7/site-packages/airflow/example_dags/example_python_operator.py
[2023-04-10 11:37:01,017] {processor.py:620} INFO - Processing file /home/airflow/.local/lib/python3.7/site-packages/airflow/example_dags/example_python_operator.py for tasks to queue
[2023-04-10 11:37:01,017] {logging_mixin.py:109} INFO - [2023-04-10 11:37:01,017] {dagbag.py:500} INFO - Filling up the DagBag from /home/airflow/.local/lib/python3.7/site-packages/airflow/example_dags/example_python_operator.py
[2023-04-10 11:37:01,038] {processor.py:632} INFO - DAG(s) dict_keys(['example_python_operator']) retrieved from /home/airflow/.local/lib/python3.7/site-packages/airflow/example_dags/example_python_operator.py
[2023-04-10 11:37:01,046] {logging_mixin.py:109} INFO - [2023-04-10 11:37:01,046] {dag.py:2389} INFO - Sync 1 DAGs
[2023-04-10 11:37:01,057] {logging_mixin.py:109} INFO - [2023-04-10 11:37:01,057] {dag.py:2921} INFO - Setting next_dagrun for example_python_operator to None
[2023-04-10 11:37:01,065] {processor.py:171} INFO - Processing /home/airflow/.local/lib/python3.7/site-packages/airflow/example_dags/example_python_operator.py took 0.050 seconds
[2023-04-10 11:37:31,266] {processor.py:163} INFO - Started process (PID=1480) to work on /home/airflow/.local/lib/python3.7/site-packages/airflow/example_dags/example_python_operator.py
[2023-04-10 11:37:31,267] {processor.py:620} INFO - Processing file /home/airflow/.local/lib/python3.7/site-packages/airflow/example_dags/example_python_operator.py for tasks to queue
[2023-04-10 11:37:31,268] {logging_mixin.py:109} INFO - [2023-04-10 11:37:31,268] {dagbag.py:500} INFO - Filling up the DagBag from /home/airflow/.local/lib/python3.7/site-packages/airflow/example_dags/example_python_operator.py
[2023-04-10 11:37:31,289] {processor.py:632} INFO - DAG(s) dict_keys(['example_python_operator']) retrieved from /home/airflow/.local/lib/python3.7/site-packages/airflow/example_dags/example_python_operator.py
[2023-04-10 11:37:31,298] {logging_mixin.py:109} INFO - [2023-04-10 11:37:31,298] {dag.py:2389} INFO - Sync 1 DAGs
[2023-04-10 11:37:31,311] {logging_mixin.py:109} INFO - [2023-04-10 11:37:31,311] {dag.py:2921} INFO - Setting next_dagrun for example_python_operator to None
[2023-04-10 11:37:31,321] {processor.py:171} INFO - Processing /home/airflow/.local/lib/python3.7/site-packages/airflow/example_dags/example_python_operator.py took 0.057 seconds
[2023-04-10 11:38:01,581] {processor.py:163} INFO - Started process (PID=1532) to work on /home/airflow/.local/lib/python3.7/site-packages/airflow/example_dags/example_python_operator.py
[2023-04-10 11:38:01,582] {processor.py:620} INFO - Processing file /home/airflow/.local/lib/python3.7/site-packages/airflow/example_dags/example_python_operator.py for tasks to queue
[2023-04-10 11:38:01,582] {logging_mixin.py:109} INFO - [2023-04-10 11:38:01,582] {dagbag.py:500} INFO - Filling up the DagBag from /home/airflow/.local/lib/python3.7/site-packages/airflow/example_dags/example_python_operator.py
[2023-04-10 11:38:01,601] {processor.py:632} INFO - DAG(s) dict_keys(['example_python_operator']) retrieved from /home/airflow/.local/lib/python3.7/site-packages/airflow/example_dags/example_python_operator.py
[2023-04-10 11:38:01,608] {logging_mixin.py:109} INFO - [2023-04-10 11:38:01,608] {dag.py:2389} INFO - Sync 1 DAGs
[2023-04-10 11:38:01,619] {logging_mixin.py:109} INFO - [2023-04-10 11:38:01,619] {dag.py:2921} INFO - Setting next_dagrun for example_python_operator to None
[2023-04-10 11:38:01,626] {processor.py:171} INFO - Processing /home/airflow/.local/lib/python3.7/site-packages/airflow/example_dags/example_python_operator.py took 0.047 seconds
[2023-04-10 11:38:31,788] {processor.py:163} INFO - Started process (PID=1591) to work on /home/airflow/.local/lib/python3.7/site-packages/airflow/example_dags/example_python_operator.py
[2023-04-10 11:38:31,790] {processor.py:620} INFO - Processing file /home/airflow/.local/lib/python3.7/site-packages/airflow/example_dags/example_python_operator.py for tasks to queue
[2023-04-10 11:38:31,790] {logging_mixin.py:109} INFO - [2023-04-10 11:38:31,790] {dagbag.py:500} INFO - Filling up the DagBag from /home/airflow/.local/lib/python3.7/site-packages/airflow/example_dags/example_python_operator.py
[2023-04-10 11:38:31,812] {processor.py:632} INFO - DAG(s) dict_keys(['example_python_operator']) retrieved from /home/airflow/.local/lib/python3.7/site-packages/airflow/example_dags/example_python_operator.py
[2023-04-10 11:38:31,820] {logging_mixin.py:109} INFO - [2023-04-10 11:38:31,820] {dag.py:2389} INFO - Sync 1 DAGs
[2023-04-10 11:38:31,831] {logging_mixin.py:109} INFO - [2023-04-10 11:38:31,831] {dag.py:2921} INFO - Setting next_dagrun for example_python_operator to None
[2023-04-10 11:38:31,839] {processor.py:171} INFO - Processing /home/airflow/.local/lib/python3.7/site-packages/airflow/example_dags/example_python_operator.py took 0.053 seconds
[2023-04-10 11:39:02,150] {processor.py:163} INFO - Started process (PID=1643) to work on /home/airflow/.local/lib/python3.7/site-packages/airflow/example_dags/example_python_operator.py
[2023-04-10 11:39:02,150] {processor.py:620} INFO - Processing file /home/airflow/.local/lib/python3.7/site-packages/airflow/example_dags/example_python_operator.py for tasks to queue
[2023-04-10 11:39:02,151] {logging_mixin.py:109} INFO - [2023-04-10 11:39:02,151] {dagbag.py:500} INFO - Filling up the DagBag from /home/airflow/.local/lib/python3.7/site-packages/airflow/example_dags/example_python_operator.py
[2023-04-10 11:39:02,173] {processor.py:632} INFO - DAG(s) dict_keys(['example_python_operator']) retrieved from /home/airflow/.local/lib/python3.7/site-packages/airflow/example_dags/example_python_operator.py
[2023-04-10 11:39:02,181] {logging_mixin.py:109} INFO - [2023-04-10 11:39:02,181] {dag.py:2389} INFO - Sync 1 DAGs
[2023-04-10 11:39:02,192] {logging_mixin.py:109} INFO - [2023-04-10 11:39:02,192] {dag.py:2921} INFO - Setting next_dagrun for example_python_operator to None
[2023-04-10 11:39:02,199] {processor.py:171} INFO - Processing /home/airflow/.local/lib/python3.7/site-packages/airflow/example_dags/example_python_operator.py took 0.052 seconds
[2023-04-10 11:39:32,334] {processor.py:163} INFO - Started process (PID=1702) to work on /home/airflow/.local/lib/python3.7/site-packages/airflow/example_dags/example_python_operator.py
[2023-04-10 11:39:32,335] {processor.py:620} INFO - Processing file /home/airflow/.local/lib/python3.7/site-packages/airflow/example_dags/example_python_operator.py for tasks to queue
[2023-04-10 11:39:32,336] {logging_mixin.py:109} INFO - [2023-04-10 11:39:32,336] {dagbag.py:500} INFO - Filling up the DagBag from /home/airflow/.local/lib/python3.7/site-packages/airflow/example_dags/example_python_operator.py
[2023-04-10 11:39:32,358] {processor.py:632} INFO - DAG(s) dict_keys(['example_python_operator']) retrieved from /home/airflow/.local/lib/python3.7/site-packages/airflow/example_dags/example_python_operator.py
[2023-04-10 11:39:32,366] {logging_mixin.py:109} INFO - [2023-04-10 11:39:32,366] {dag.py:2389} INFO - Sync 1 DAGs
[2023-04-10 11:39:32,379] {logging_mixin.py:109} INFO - [2023-04-10 11:39:32,379] {dag.py:2921} INFO - Setting next_dagrun for example_python_operator to None
[2023-04-10 11:39:32,387] {processor.py:171} INFO - Processing /home/airflow/.local/lib/python3.7/site-packages/airflow/example_dags/example_python_operator.py took 0.055 seconds
[2023-04-10 11:40:02,604] {processor.py:163} INFO - Started process (PID=1753) to work on /home/airflow/.local/lib/python3.7/site-packages/airflow/example_dags/example_python_operator.py
[2023-04-10 11:40:02,605] {processor.py:620} INFO - Processing file /home/airflow/.local/lib/python3.7/site-packages/airflow/example_dags/example_python_operator.py for tasks to queue
[2023-04-10 11:40:02,606] {logging_mixin.py:109} INFO - [2023-04-10 11:40:02,605] {dagbag.py:500} INFO - Filling up the DagBag from /home/airflow/.local/lib/python3.7/site-packages/airflow/example_dags/example_python_operator.py
[2023-04-10 11:40:02,626] {processor.py:632} INFO - DAG(s) dict_keys(['example_python_operator']) retrieved from /home/airflow/.local/lib/python3.7/site-packages/airflow/example_dags/example_python_operator.py
[2023-04-10 11:40:02,633] {logging_mixin.py:109} INFO - [2023-04-10 11:40:02,633] {dag.py:2389} INFO - Sync 1 DAGs
[2023-04-10 11:40:02,645] {logging_mixin.py:109} INFO - [2023-04-10 11:40:02,645] {dag.py:2921} INFO - Setting next_dagrun for example_python_operator to None
[2023-04-10 11:40:02,654] {processor.py:171} INFO - Processing /home/airflow/.local/lib/python3.7/site-packages/airflow/example_dags/example_python_operator.py took 0.052 seconds
[2023-04-10 11:40:32,838] {processor.py:163} INFO - Started process (PID=1813) to work on /home/airflow/.local/lib/python3.7/site-packages/airflow/example_dags/example_python_operator.py
[2023-04-10 11:40:32,839] {processor.py:620} INFO - Processing file /home/airflow/.local/lib/python3.7/site-packages/airflow/example_dags/example_python_operator.py for tasks to queue
[2023-04-10 11:40:32,840] {logging_mixin.py:109} INFO - [2023-04-10 11:40:32,839] {dagbag.py:500} INFO - Filling up the DagBag from /home/airflow/.local/lib/python3.7/site-packages/airflow/example_dags/example_python_operator.py
[2023-04-10 11:40:32,862] {processor.py:632} INFO - DAG(s) dict_keys(['example_python_operator']) retrieved from /home/airflow/.local/lib/python3.7/site-packages/airflow/example_dags/example_python_operator.py
[2023-04-10 11:40:32,872] {logging_mixin.py:109} INFO - [2023-04-10 11:40:32,872] {dag.py:2389} INFO - Sync 1 DAGs
[2023-04-10 11:40:32,887] {logging_mixin.py:109} INFO - [2023-04-10 11:40:32,886] {dag.py:2921} INFO - Setting next_dagrun for example_python_operator to None
[2023-04-10 11:40:32,894] {processor.py:171} INFO - Processing /home/airflow/.local/lib/python3.7/site-packages/airflow/example_dags/example_python_operator.py took 0.059 seconds
[2023-04-10 11:41:03,205] {processor.py:163} INFO - Started process (PID=1864) to work on /home/airflow/.local/lib/python3.7/site-packages/airflow/example_dags/example_python_operator.py
[2023-04-10 11:41:03,206] {processor.py:620} INFO - Processing file /home/airflow/.local/lib/python3.7/site-packages/airflow/example_dags/example_python_operator.py for tasks to queue
[2023-04-10 11:41:03,206] {logging_mixin.py:109} INFO - [2023-04-10 11:41:03,206] {dagbag.py:500} INFO - Filling up the DagBag from /home/airflow/.local/lib/python3.7/site-packages/airflow/example_dags/example_python_operator.py
[2023-04-10 11:41:03,226] {processor.py:632} INFO - DAG(s) dict_keys(['example_python_operator']) retrieved from /home/airflow/.local/lib/python3.7/site-packages/airflow/example_dags/example_python_operator.py
[2023-04-10 11:41:03,233] {logging_mixin.py:109} INFO - [2023-04-10 11:41:03,233] {dag.py:2389} INFO - Sync 1 DAGs
[2023-04-10 11:41:03,243] {logging_mixin.py:109} INFO - [2023-04-10 11:41:03,243] {dag.py:2921} INFO - Setting next_dagrun for example_python_operator to None
[2023-04-10 11:41:03,250] {processor.py:171} INFO - Processing /home/airflow/.local/lib/python3.7/site-packages/airflow/example_dags/example_python_operator.py took 0.048 seconds
[2023-04-10 11:41:33,408] {processor.py:163} INFO - Started process (PID=1915) to work on /home/airflow/.local/lib/python3.7/site-packages/airflow/example_dags/example_python_operator.py
[2023-04-10 11:41:33,415] {processor.py:620} INFO - Processing file /home/airflow/.local/lib/python3.7/site-packages/airflow/example_dags/example_python_operator.py for tasks to queue
[2023-04-10 11:41:33,416] {logging_mixin.py:109} INFO - [2023-04-10 11:41:33,416] {dagbag.py:500} INFO - Filling up the DagBag from /home/airflow/.local/lib/python3.7/site-packages/airflow/example_dags/example_python_operator.py
[2023-04-10 11:41:33,478] {processor.py:632} INFO - DAG(s) dict_keys(['example_python_operator']) retrieved from /home/airflow/.local/lib/python3.7/site-packages/airflow/example_dags/example_python_operator.py
[2023-04-10 11:41:33,485] {logging_mixin.py:109} INFO - [2023-04-10 11:41:33,485] {dag.py:2389} INFO - Sync 1 DAGs
[2023-04-10 11:41:33,499] {logging_mixin.py:109} INFO - [2023-04-10 11:41:33,499] {dag.py:2921} INFO - Setting next_dagrun for example_python_operator to None
[2023-04-10 11:41:33,507] {processor.py:171} INFO - Processing /home/airflow/.local/lib/python3.7/site-packages/airflow/example_dags/example_python_operator.py took 0.101 seconds
[2023-04-10 11:42:03,731] {processor.py:163} INFO - Started process (PID=1976) to work on /home/airflow/.local/lib/python3.7/site-packages/airflow/example_dags/example_python_operator.py
[2023-04-10 11:42:03,731] {processor.py:620} INFO - Processing file /home/airflow/.local/lib/python3.7/site-packages/airflow/example_dags/example_python_operator.py for tasks to queue
[2023-04-10 11:42:03,732] {logging_mixin.py:109} INFO - [2023-04-10 11:42:03,732] {dagbag.py:500} INFO - Filling up the DagBag from /home/airflow/.local/lib/python3.7/site-packages/airflow/example_dags/example_python_operator.py
[2023-04-10 11:42:03,751] {processor.py:632} INFO - DAG(s) dict_keys(['example_python_operator']) retrieved from /home/airflow/.local/lib/python3.7/site-packages/airflow/example_dags/example_python_operator.py
[2023-04-10 11:42:03,758] {logging_mixin.py:109} INFO - [2023-04-10 11:42:03,758] {dag.py:2389} INFO - Sync 1 DAGs
[2023-04-10 11:42:03,767] {logging_mixin.py:109} INFO - [2023-04-10 11:42:03,767] {dag.py:2921} INFO - Setting next_dagrun for example_python_operator to None
[2023-04-10 11:42:03,774] {processor.py:171} INFO - Processing /home/airflow/.local/lib/python3.7/site-packages/airflow/example_dags/example_python_operator.py took 0.046 seconds
[2023-04-10 11:42:34,100] {processor.py:163} INFO - Started process (PID=2027) to work on /home/airflow/.local/lib/python3.7/site-packages/airflow/example_dags/example_python_operator.py
[2023-04-10 11:42:34,101] {processor.py:620} INFO - Processing file /home/airflow/.local/lib/python3.7/site-packages/airflow/example_dags/example_python_operator.py for tasks to queue
[2023-04-10 11:42:34,102] {logging_mixin.py:109} INFO - [2023-04-10 11:42:34,102] {dagbag.py:500} INFO - Filling up the DagBag from /home/airflow/.local/lib/python3.7/site-packages/airflow/example_dags/example_python_operator.py
[2023-04-10 11:42:34,193] {processor.py:632} INFO - DAG(s) dict_keys(['example_python_operator']) retrieved from /home/airflow/.local/lib/python3.7/site-packages/airflow/example_dags/example_python_operator.py
[2023-04-10 11:42:34,208] {logging_mixin.py:109} INFO - [2023-04-10 11:42:34,208] {dag.py:2389} INFO - Sync 1 DAGs
[2023-04-10 11:42:34,227] {logging_mixin.py:109} INFO - [2023-04-10 11:42:34,227] {dag.py:2921} INFO - Setting next_dagrun for example_python_operator to None
[2023-04-10 11:42:34,247] {processor.py:171} INFO - Processing /home/airflow/.local/lib/python3.7/site-packages/airflow/example_dags/example_python_operator.py took 0.151 seconds
[2023-04-10 11:43:04,533] {processor.py:163} INFO - Started process (PID=2087) to work on /home/airflow/.local/lib/python3.7/site-packages/airflow/example_dags/example_python_operator.py
[2023-04-10 11:43:04,541] {processor.py:620} INFO - Processing file /home/airflow/.local/lib/python3.7/site-packages/airflow/example_dags/example_python_operator.py for tasks to queue
[2023-04-10 11:43:04,541] {logging_mixin.py:109} INFO - [2023-04-10 11:43:04,541] {dagbag.py:500} INFO - Filling up the DagBag from /home/airflow/.local/lib/python3.7/site-packages/airflow/example_dags/example_python_operator.py
[2023-04-10 11:43:04,568] {processor.py:632} INFO - DAG(s) dict_keys(['example_python_operator']) retrieved from /home/airflow/.local/lib/python3.7/site-packages/airflow/example_dags/example_python_operator.py
[2023-04-10 11:43:04,577] {logging_mixin.py:109} INFO - [2023-04-10 11:43:04,577] {dag.py:2389} INFO - Sync 1 DAGs
[2023-04-10 11:43:04,589] {logging_mixin.py:109} INFO - [2023-04-10 11:43:04,588] {dag.py:2921} INFO - Setting next_dagrun for example_python_operator to None
[2023-04-10 11:43:04,596] {processor.py:171} INFO - Processing /home/airflow/.local/lib/python3.7/site-packages/airflow/example_dags/example_python_operator.py took 0.067 seconds
[2023-04-10 11:43:34,675] {processor.py:163} INFO - Started process (PID=2139) to work on /home/airflow/.local/lib/python3.7/site-packages/airflow/example_dags/example_python_operator.py
[2023-04-10 11:43:34,676] {processor.py:620} INFO - Processing file /home/airflow/.local/lib/python3.7/site-packages/airflow/example_dags/example_python_operator.py for tasks to queue
[2023-04-10 11:43:34,676] {logging_mixin.py:109} INFO - [2023-04-10 11:43:34,676] {dagbag.py:500} INFO - Filling up the DagBag from /home/airflow/.local/lib/python3.7/site-packages/airflow/example_dags/example_python_operator.py
[2023-04-10 11:43:34,696] {processor.py:632} INFO - DAG(s) dict_keys(['example_python_operator']) retrieved from /home/airflow/.local/lib/python3.7/site-packages/airflow/example_dags/example_python_operator.py
[2023-04-10 11:43:34,703] {logging_mixin.py:109} INFO - [2023-04-10 11:43:34,703] {dag.py:2389} INFO - Sync 1 DAGs
[2023-04-10 11:43:34,714] {logging_mixin.py:109} INFO - [2023-04-10 11:43:34,714] {dag.py:2921} INFO - Setting next_dagrun for example_python_operator to None
[2023-04-10 11:43:34,722] {processor.py:171} INFO - Processing /home/airflow/.local/lib/python3.7/site-packages/airflow/example_dags/example_python_operator.py took 0.050 seconds
[2023-04-10 11:44:05,047] {processor.py:163} INFO - Started process (PID=2199) to work on /home/airflow/.local/lib/python3.7/site-packages/airflow/example_dags/example_python_operator.py
[2023-04-10 11:44:05,048] {processor.py:620} INFO - Processing file /home/airflow/.local/lib/python3.7/site-packages/airflow/example_dags/example_python_operator.py for tasks to queue
[2023-04-10 11:44:05,049] {logging_mixin.py:109} INFO - [2023-04-10 11:44:05,049] {dagbag.py:500} INFO - Filling up the DagBag from /home/airflow/.local/lib/python3.7/site-packages/airflow/example_dags/example_python_operator.py
[2023-04-10 11:44:05,074] {processor.py:632} INFO - DAG(s) dict_keys(['example_python_operator']) retrieved from /home/airflow/.local/lib/python3.7/site-packages/airflow/example_dags/example_python_operator.py
[2023-04-10 11:44:05,084] {logging_mixin.py:109} INFO - [2023-04-10 11:44:05,084] {dag.py:2389} INFO - Sync 1 DAGs
[2023-04-10 11:44:05,097] {logging_mixin.py:109} INFO - [2023-04-10 11:44:05,097] {dag.py:2921} INFO - Setting next_dagrun for example_python_operator to None
[2023-04-10 11:44:05,106] {processor.py:171} INFO - Processing /home/airflow/.local/lib/python3.7/site-packages/airflow/example_dags/example_python_operator.py took 0.062 seconds
[2023-04-10 11:44:35,419] {processor.py:163} INFO - Started process (PID=2250) to work on /home/airflow/.local/lib/python3.7/site-packages/airflow/example_dags/example_python_operator.py
[2023-04-10 11:44:35,421] {processor.py:620} INFO - Processing file /home/airflow/.local/lib/python3.7/site-packages/airflow/example_dags/example_python_operator.py for tasks to queue
[2023-04-10 11:44:35,421] {logging_mixin.py:109} INFO - [2023-04-10 11:44:35,421] {dagbag.py:500} INFO - Filling up the DagBag from /home/airflow/.local/lib/python3.7/site-packages/airflow/example_dags/example_python_operator.py
[2023-04-10 11:44:35,442] {processor.py:632} INFO - DAG(s) dict_keys(['example_python_operator']) retrieved from /home/airflow/.local/lib/python3.7/site-packages/airflow/example_dags/example_python_operator.py
[2023-04-10 11:44:35,451] {logging_mixin.py:109} INFO - [2023-04-10 11:44:35,450] {dag.py:2389} INFO - Sync 1 DAGs
[2023-04-10 11:44:35,462] {logging_mixin.py:109} INFO - [2023-04-10 11:44:35,462] {dag.py:2921} INFO - Setting next_dagrun for example_python_operator to None
[2023-04-10 11:44:35,470] {processor.py:171} INFO - Processing /home/airflow/.local/lib/python3.7/site-packages/airflow/example_dags/example_python_operator.py took 0.054 seconds
[2023-04-10 11:45:05,852] {processor.py:163} INFO - Started process (PID=2309) to work on /home/airflow/.local/lib/python3.7/site-packages/airflow/example_dags/example_python_operator.py
[2023-04-10 11:45:05,853] {processor.py:620} INFO - Processing file /home/airflow/.local/lib/python3.7/site-packages/airflow/example_dags/example_python_operator.py for tasks to queue
[2023-04-10 11:45:05,853] {logging_mixin.py:109} INFO - [2023-04-10 11:45:05,853] {dagbag.py:500} INFO - Filling up the DagBag from /home/airflow/.local/lib/python3.7/site-packages/airflow/example_dags/example_python_operator.py
[2023-04-10 11:45:05,875] {processor.py:632} INFO - DAG(s) dict_keys(['example_python_operator']) retrieved from /home/airflow/.local/lib/python3.7/site-packages/airflow/example_dags/example_python_operator.py
[2023-04-10 11:45:05,883] {logging_mixin.py:109} INFO - [2023-04-10 11:45:05,883] {dag.py:2389} INFO - Sync 1 DAGs
[2023-04-10 11:45:05,896] {logging_mixin.py:109} INFO - [2023-04-10 11:45:05,896] {dag.py:2921} INFO - Setting next_dagrun for example_python_operator to None
[2023-04-10 11:45:05,904] {processor.py:171} INFO - Processing /home/airflow/.local/lib/python3.7/site-packages/airflow/example_dags/example_python_operator.py took 0.054 seconds
[2023-04-10 11:45:36,156] {processor.py:163} INFO - Started process (PID=2362) to work on /home/airflow/.local/lib/python3.7/site-packages/airflow/example_dags/example_python_operator.py
[2023-04-10 11:45:36,157] {processor.py:620} INFO - Processing file /home/airflow/.local/lib/python3.7/site-packages/airflow/example_dags/example_python_operator.py for tasks to queue
[2023-04-10 11:45:36,157] {logging_mixin.py:109} INFO - [2023-04-10 11:45:36,157] {dagbag.py:500} INFO - Filling up the DagBag from /home/airflow/.local/lib/python3.7/site-packages/airflow/example_dags/example_python_operator.py
[2023-04-10 11:45:36,177] {processor.py:632} INFO - DAG(s) dict_keys(['example_python_operator']) retrieved from /home/airflow/.local/lib/python3.7/site-packages/airflow/example_dags/example_python_operator.py
[2023-04-10 11:45:36,186] {logging_mixin.py:109} INFO - [2023-04-10 11:45:36,186] {dag.py:2389} INFO - Sync 1 DAGs
[2023-04-10 11:45:36,198] {logging_mixin.py:109} INFO - [2023-04-10 11:45:36,198] {dag.py:2921} INFO - Setting next_dagrun for example_python_operator to None
[2023-04-10 11:45:36,206] {processor.py:171} INFO - Processing /home/airflow/.local/lib/python3.7/site-packages/airflow/example_dags/example_python_operator.py took 0.053 seconds
[2023-04-10 11:46:06,437] {processor.py:163} INFO - Started process (PID=2413) to work on /home/airflow/.local/lib/python3.7/site-packages/airflow/example_dags/example_python_operator.py
[2023-04-10 11:46:06,438] {processor.py:620} INFO - Processing file /home/airflow/.local/lib/python3.7/site-packages/airflow/example_dags/example_python_operator.py for tasks to queue
[2023-04-10 11:46:06,439] {logging_mixin.py:109} INFO - [2023-04-10 11:46:06,439] {dagbag.py:500} INFO - Filling up the DagBag from /home/airflow/.local/lib/python3.7/site-packages/airflow/example_dags/example_python_operator.py
[2023-04-10 11:46:06,458] {processor.py:632} INFO - DAG(s) dict_keys(['example_python_operator']) retrieved from /home/airflow/.local/lib/python3.7/site-packages/airflow/example_dags/example_python_operator.py
[2023-04-10 11:46:06,466] {logging_mixin.py:109} INFO - [2023-04-10 11:46:06,466] {dag.py:2389} INFO - Sync 1 DAGs
[2023-04-10 11:46:06,476] {logging_mixin.py:109} INFO - [2023-04-10 11:46:06,476] {dag.py:2921} INFO - Setting next_dagrun for example_python_operator to None
[2023-04-10 11:46:06,483] {processor.py:171} INFO - Processing /home/airflow/.local/lib/python3.7/site-packages/airflow/example_dags/example_python_operator.py took 0.049 seconds
[2023-04-10 11:46:36,681] {processor.py:163} INFO - Started process (PID=2473) to work on /home/airflow/.local/lib/python3.7/site-packages/airflow/example_dags/example_python_operator.py
[2023-04-10 11:46:36,682] {processor.py:620} INFO - Processing file /home/airflow/.local/lib/python3.7/site-packages/airflow/example_dags/example_python_operator.py for tasks to queue
[2023-04-10 11:46:36,683] {logging_mixin.py:109} INFO - [2023-04-10 11:46:36,683] {dagbag.py:500} INFO - Filling up the DagBag from /home/airflow/.local/lib/python3.7/site-packages/airflow/example_dags/example_python_operator.py
[2023-04-10 11:46:36,703] {processor.py:632} INFO - DAG(s) dict_keys(['example_python_operator']) retrieved from /home/airflow/.local/lib/python3.7/site-packages/airflow/example_dags/example_python_operator.py
[2023-04-10 11:46:36,711] {logging_mixin.py:109} INFO - [2023-04-10 11:46:36,711] {dag.py:2389} INFO - Sync 1 DAGs
[2023-04-10 11:46:36,724] {logging_mixin.py:109} INFO - [2023-04-10 11:46:36,724] {dag.py:2921} INFO - Setting next_dagrun for example_python_operator to None
[2023-04-10 11:46:36,732] {processor.py:171} INFO - Processing /home/airflow/.local/lib/python3.7/site-packages/airflow/example_dags/example_python_operator.py took 0.054 seconds
[2023-04-10 11:47:07,007] {processor.py:163} INFO - Started process (PID=2524) to work on /home/airflow/.local/lib/python3.7/site-packages/airflow/example_dags/example_python_operator.py
[2023-04-10 11:47:07,008] {processor.py:620} INFO - Processing file /home/airflow/.local/lib/python3.7/site-packages/airflow/example_dags/example_python_operator.py for tasks to queue
[2023-04-10 11:47:07,008] {logging_mixin.py:109} INFO - [2023-04-10 11:47:07,008] {dagbag.py:500} INFO - Filling up the DagBag from /home/airflow/.local/lib/python3.7/site-packages/airflow/example_dags/example_python_operator.py
[2023-04-10 11:47:07,031] {processor.py:632} INFO - DAG(s) dict_keys(['example_python_operator']) retrieved from /home/airflow/.local/lib/python3.7/site-packages/airflow/example_dags/example_python_operator.py
[2023-04-10 11:47:07,040] {logging_mixin.py:109} INFO - [2023-04-10 11:47:07,039] {dag.py:2389} INFO - Sync 1 DAGs
[2023-04-10 11:47:07,052] {logging_mixin.py:109} INFO - [2023-04-10 11:47:07,052] {dag.py:2921} INFO - Setting next_dagrun for example_python_operator to None
[2023-04-10 11:47:07,061] {processor.py:171} INFO - Processing /home/airflow/.local/lib/python3.7/site-packages/airflow/example_dags/example_python_operator.py took 0.056 seconds
[2023-04-10 11:47:37,668] {processor.py:163} INFO - Started process (PID=2584) to work on /home/airflow/.local/lib/python3.7/site-packages/airflow/example_dags/example_python_operator.py
[2023-04-10 11:47:37,669] {processor.py:620} INFO - Processing file /home/airflow/.local/lib/python3.7/site-packages/airflow/example_dags/example_python_operator.py for tasks to queue
[2023-04-10 11:47:37,670] {logging_mixin.py:109} INFO - [2023-04-10 11:47:37,670] {dagbag.py:500} INFO - Filling up the DagBag from /home/airflow/.local/lib/python3.7/site-packages/airflow/example_dags/example_python_operator.py
[2023-04-10 11:47:37,691] {processor.py:632} INFO - DAG(s) dict_keys(['example_python_operator']) retrieved from /home/airflow/.local/lib/python3.7/site-packages/airflow/example_dags/example_python_operator.py
[2023-04-10 11:47:37,698] {logging_mixin.py:109} INFO - [2023-04-10 11:47:37,698] {dag.py:2389} INFO - Sync 1 DAGs
[2023-04-10 11:47:37,709] {logging_mixin.py:109} INFO - [2023-04-10 11:47:37,709] {dag.py:2921} INFO - Setting next_dagrun for example_python_operator to None
[2023-04-10 11:47:37,778] {processor.py:171} INFO - Processing /home/airflow/.local/lib/python3.7/site-packages/airflow/example_dags/example_python_operator.py took 0.113 seconds
[2023-04-10 11:48:04,009] {processor.py:163} INFO - Started process (PID=3128) to work on /home/airflow/.local/lib/python3.7/site-packages/airflow/example_dags/example_python_operator.py
[2023-04-10 11:48:04,009] {processor.py:620} INFO - Processing file /home/airflow/.local/lib/python3.7/site-packages/airflow/example_dags/example_python_operator.py for tasks to queue
[2023-04-10 11:48:04,010] {logging_mixin.py:109} INFO - [2023-04-10 11:48:04,010] {dagbag.py:500} INFO - Filling up the DagBag from /home/airflow/.local/lib/python3.7/site-packages/airflow/example_dags/example_python_operator.py
[2023-04-10 11:48:04,038] {processor.py:632} INFO - DAG(s) dict_keys(['example_python_operator']) retrieved from /home/airflow/.local/lib/python3.7/site-packages/airflow/example_dags/example_python_operator.py
[2023-04-10 11:48:04,049] {logging_mixin.py:109} INFO - [2023-04-10 11:48:04,049] {dag.py:2389} INFO - Sync 1 DAGs
[2023-04-10 11:48:04,063] {logging_mixin.py:109} INFO - [2023-04-10 11:48:04,063] {dag.py:2921} INFO - Setting next_dagrun for example_python_operator to None
[2023-04-10 11:48:04,073] {processor.py:171} INFO - Processing /home/airflow/.local/lib/python3.7/site-packages/airflow/example_dags/example_python_operator.py took 0.067 seconds
[2023-04-10 11:48:08,265] {processor.py:163} INFO - Started process (PID=2635) to work on /home/airflow/.local/lib/python3.7/site-packages/airflow/example_dags/example_python_operator.py
[2023-04-10 11:48:08,266] {processor.py:620} INFO - Processing file /home/airflow/.local/lib/python3.7/site-packages/airflow/example_dags/example_python_operator.py for tasks to queue
[2023-04-10 11:48:08,266] {logging_mixin.py:109} INFO - [2023-04-10 11:48:08,266] {dagbag.py:500} INFO - Filling up the DagBag from /home/airflow/.local/lib/python3.7/site-packages/airflow/example_dags/example_python_operator.py
[2023-04-10 11:48:08,286] {processor.py:632} INFO - DAG(s) dict_keys(['example_python_operator']) retrieved from /home/airflow/.local/lib/python3.7/site-packages/airflow/example_dags/example_python_operator.py
[2023-04-10 11:48:08,293] {logging_mixin.py:109} INFO - [2023-04-10 11:48:08,293] {dag.py:2389} INFO - Sync 1 DAGs
[2023-04-10 11:48:08,371] {logging_mixin.py:109} INFO - [2023-04-10 11:48:08,370] {dag.py:2921} INFO - Setting next_dagrun for example_python_operator to None
[2023-04-10 11:48:08,379] {processor.py:171} INFO - Processing /home/airflow/.local/lib/python3.7/site-packages/airflow/example_dags/example_python_operator.py took 0.116 seconds
[2023-04-10 11:48:38,582] {processor.py:163} INFO - Started process (PID=2693) to work on /home/airflow/.local/lib/python3.7/site-packages/airflow/example_dags/example_python_operator.py
[2023-04-10 11:48:38,584] {processor.py:620} INFO - Processing file /home/airflow/.local/lib/python3.7/site-packages/airflow/example_dags/example_python_operator.py for tasks to queue
[2023-04-10 11:48:38,584] {logging_mixin.py:109} INFO - [2023-04-10 11:48:38,584] {dagbag.py:500} INFO - Filling up the DagBag from /home/airflow/.local/lib/python3.7/site-packages/airflow/example_dags/example_python_operator.py
[2023-04-10 11:48:38,611] {processor.py:632} INFO - DAG(s) dict_keys(['example_python_operator']) retrieved from /home/airflow/.local/lib/python3.7/site-packages/airflow/example_dags/example_python_operator.py
[2023-04-10 11:48:38,623] {logging_mixin.py:109} INFO - [2023-04-10 11:48:38,623] {dag.py:2389} INFO - Sync 1 DAGs
[2023-04-10 11:48:38,721] {logging_mixin.py:109} INFO - [2023-04-10 11:48:38,720] {dag.py:2921} INFO - Setting next_dagrun for example_python_operator to None
[2023-04-10 11:48:38,729] {processor.py:171} INFO - Processing /home/airflow/.local/lib/python3.7/site-packages/airflow/example_dags/example_python_operator.py took 0.149 seconds
