[2023-04-10 11:27:03,283] {processor.py:163} INFO - Started process (PID=300) to work on /home/airflow/.local/lib/python3.7/site-packages/airflow/example_dags/example_latest_only_with_trigger.py
[2023-04-10 11:27:03,284] {processor.py:620} INFO - Processing file /home/airflow/.local/lib/python3.7/site-packages/airflow/example_dags/example_latest_only_with_trigger.py for tasks to queue
[2023-04-10 11:27:03,285] {logging_mixin.py:109} INFO - [2023-04-10 11:27:03,285] {dagbag.py:500} INFO - Filling up the DagBag from /home/airflow/.local/lib/python3.7/site-packages/airflow/example_dags/example_latest_only_with_trigger.py
[2023-04-10 11:27:03,315] {processor.py:632} INFO - DAG(s) dict_keys(['latest_only_with_trigger']) retrieved from /home/airflow/.local/lib/python3.7/site-packages/airflow/example_dags/example_latest_only_with_trigger.py
[2023-04-10 11:27:04,867] {logging_mixin.py:109} INFO - [2023-04-10 11:27:04,867] {providers_manager.py:156} WARNING - Exception when importing 'airflow.providers.google.leveldb.hooks.leveldb.LevelDBHook' from 'apache-airflow-providers-google' package: No module named 'plyvel'
[2023-04-10 11:27:05,253] {logging_mixin.py:109} INFO - [2023-04-10 11:27:05,253] {providers_manager.py:156} WARNING - Exception when importing 'airflow.providers.google.leveldb.hooks.leveldb.LevelDBHook' from 'apache-airflow-providers-google' package: No module named 'plyvel'
[2023-04-10 11:27:05,274] {logging_mixin.py:109} INFO - [2023-04-10 11:27:05,274] {manager.py:496} INFO - Created Permission View: can read on DAG:latest_only_with_trigger
[2023-04-10 11:27:05,283] {logging_mixin.py:109} INFO - [2023-04-10 11:27:05,283] {manager.py:496} INFO - Created Permission View: can edit on DAG:latest_only_with_trigger
[2023-04-10 11:27:05,283] {logging_mixin.py:109} INFO - [2023-04-10 11:27:05,283] {dag.py:2389} INFO - Sync 1 DAGs
[2023-04-10 11:27:05,289] {logging_mixin.py:109} INFO - [2023-04-10 11:27:05,289] {dag.py:2408} INFO - Creating ORM DAG for latest_only_with_trigger
[2023-04-10 11:27:05,296] {logging_mixin.py:109} INFO - [2023-04-10 11:27:05,296] {dag.py:2921} INFO - Setting next_dagrun for latest_only_with_trigger to 2023-04-10T07:27:05.295930+00:00
[2023-04-10 11:27:05,306] {processor.py:171} INFO - Processing /home/airflow/.local/lib/python3.7/site-packages/airflow/example_dags/example_latest_only_with_trigger.py took 2.027 seconds
[2023-04-10 11:27:35,983] {processor.py:163} INFO - Started process (PID=391) to work on /home/airflow/.local/lib/python3.7/site-packages/airflow/example_dags/example_latest_only_with_trigger.py
[2023-04-10 11:27:35,985] {processor.py:620} INFO - Processing file /home/airflow/.local/lib/python3.7/site-packages/airflow/example_dags/example_latest_only_with_trigger.py for tasks to queue
[2023-04-10 11:27:35,985] {logging_mixin.py:109} INFO - [2023-04-10 11:27:35,985] {dagbag.py:500} INFO - Filling up the DagBag from /home/airflow/.local/lib/python3.7/site-packages/airflow/example_dags/example_latest_only_with_trigger.py
[2023-04-10 11:27:36,006] {processor.py:632} INFO - DAG(s) dict_keys(['latest_only_with_trigger']) retrieved from /home/airflow/.local/lib/python3.7/site-packages/airflow/example_dags/example_latest_only_with_trigger.py
[2023-04-10 11:27:36,014] {logging_mixin.py:109} INFO - [2023-04-10 11:27:36,013] {dag.py:2389} INFO - Sync 1 DAGs
[2023-04-10 11:27:36,027] {logging_mixin.py:109} INFO - [2023-04-10 11:27:36,027] {dag.py:2921} INFO - Setting next_dagrun for latest_only_with_trigger to 2023-04-10T07:27:36.026904+00:00
[2023-04-10 11:27:36,036] {processor.py:171} INFO - Processing /home/airflow/.local/lib/python3.7/site-packages/airflow/example_dags/example_latest_only_with_trigger.py took 0.055 seconds
[2023-04-10 11:28:06,211] {processor.py:163} INFO - Started process (PID=451) to work on /home/airflow/.local/lib/python3.7/site-packages/airflow/example_dags/example_latest_only_with_trigger.py
[2023-04-10 11:28:06,212] {processor.py:620} INFO - Processing file /home/airflow/.local/lib/python3.7/site-packages/airflow/example_dags/example_latest_only_with_trigger.py for tasks to queue
[2023-04-10 11:28:06,213] {logging_mixin.py:109} INFO - [2023-04-10 11:28:06,213] {dagbag.py:500} INFO - Filling up the DagBag from /home/airflow/.local/lib/python3.7/site-packages/airflow/example_dags/example_latest_only_with_trigger.py
[2023-04-10 11:28:06,239] {processor.py:632} INFO - DAG(s) dict_keys(['latest_only_with_trigger']) retrieved from /home/airflow/.local/lib/python3.7/site-packages/airflow/example_dags/example_latest_only_with_trigger.py
[2023-04-10 11:28:06,250] {logging_mixin.py:109} INFO - [2023-04-10 11:28:06,250] {dag.py:2389} INFO - Sync 1 DAGs
[2023-04-10 11:28:06,270] {logging_mixin.py:109} INFO - [2023-04-10 11:28:06,270] {dag.py:2921} INFO - Setting next_dagrun for latest_only_with_trigger to 2023-04-10T07:28:06.269701+00:00
[2023-04-10 11:28:06,283] {processor.py:171} INFO - Processing /home/airflow/.local/lib/python3.7/site-packages/airflow/example_dags/example_latest_only_with_trigger.py took 0.075 seconds
[2023-04-10 11:28:36,379] {processor.py:163} INFO - Started process (PID=502) to work on /home/airflow/.local/lib/python3.7/site-packages/airflow/example_dags/example_latest_only_with_trigger.py
[2023-04-10 11:28:36,380] {processor.py:620} INFO - Processing file /home/airflow/.local/lib/python3.7/site-packages/airflow/example_dags/example_latest_only_with_trigger.py for tasks to queue
[2023-04-10 11:28:36,380] {logging_mixin.py:109} INFO - [2023-04-10 11:28:36,380] {dagbag.py:500} INFO - Filling up the DagBag from /home/airflow/.local/lib/python3.7/site-packages/airflow/example_dags/example_latest_only_with_trigger.py
[2023-04-10 11:28:36,402] {processor.py:632} INFO - DAG(s) dict_keys(['latest_only_with_trigger']) retrieved from /home/airflow/.local/lib/python3.7/site-packages/airflow/example_dags/example_latest_only_with_trigger.py
[2023-04-10 11:28:36,410] {logging_mixin.py:109} INFO - [2023-04-10 11:28:36,409] {dag.py:2389} INFO - Sync 1 DAGs
[2023-04-10 11:28:36,423] {logging_mixin.py:109} INFO - [2023-04-10 11:28:36,422] {dag.py:2921} INFO - Setting next_dagrun for latest_only_with_trigger to 2023-04-10T07:28:36.422745+00:00
[2023-04-10 11:28:36,432] {processor.py:171} INFO - Processing /home/airflow/.local/lib/python3.7/site-packages/airflow/example_dags/example_latest_only_with_trigger.py took 0.055 seconds
[2023-04-10 11:29:06,653] {processor.py:163} INFO - Started process (PID=553) to work on /home/airflow/.local/lib/python3.7/site-packages/airflow/example_dags/example_latest_only_with_trigger.py
[2023-04-10 11:29:06,654] {processor.py:620} INFO - Processing file /home/airflow/.local/lib/python3.7/site-packages/airflow/example_dags/example_latest_only_with_trigger.py for tasks to queue
[2023-04-10 11:29:06,654] {logging_mixin.py:109} INFO - [2023-04-10 11:29:06,654] {dagbag.py:500} INFO - Filling up the DagBag from /home/airflow/.local/lib/python3.7/site-packages/airflow/example_dags/example_latest_only_with_trigger.py
[2023-04-10 11:29:06,677] {processor.py:632} INFO - DAG(s) dict_keys(['latest_only_with_trigger']) retrieved from /home/airflow/.local/lib/python3.7/site-packages/airflow/example_dags/example_latest_only_with_trigger.py
[2023-04-10 11:29:06,684] {logging_mixin.py:109} INFO - [2023-04-10 11:29:06,684] {dag.py:2389} INFO - Sync 1 DAGs
[2023-04-10 11:29:06,698] {logging_mixin.py:109} INFO - [2023-04-10 11:29:06,698] {dag.py:2921} INFO - Setting next_dagrun for latest_only_with_trigger to 2023-04-10T07:29:06.697784+00:00
[2023-04-10 11:29:06,707] {processor.py:171} INFO - Processing /home/airflow/.local/lib/python3.7/site-packages/airflow/example_dags/example_latest_only_with_trigger.py took 0.056 seconds
[2023-04-10 11:29:36,865] {processor.py:163} INFO - Started process (PID=615) to work on /home/airflow/.local/lib/python3.7/site-packages/airflow/example_dags/example_latest_only_with_trigger.py
[2023-04-10 11:29:36,867] {processor.py:620} INFO - Processing file /home/airflow/.local/lib/python3.7/site-packages/airflow/example_dags/example_latest_only_with_trigger.py for tasks to queue
[2023-04-10 11:29:36,867] {logging_mixin.py:109} INFO - [2023-04-10 11:29:36,867] {dagbag.py:500} INFO - Filling up the DagBag from /home/airflow/.local/lib/python3.7/site-packages/airflow/example_dags/example_latest_only_with_trigger.py
[2023-04-10 11:29:36,888] {processor.py:632} INFO - DAG(s) dict_keys(['latest_only_with_trigger']) retrieved from /home/airflow/.local/lib/python3.7/site-packages/airflow/example_dags/example_latest_only_with_trigger.py
[2023-04-10 11:29:36,895] {logging_mixin.py:109} INFO - [2023-04-10 11:29:36,895] {dag.py:2389} INFO - Sync 1 DAGs
[2023-04-10 11:29:36,906] {logging_mixin.py:109} INFO - [2023-04-10 11:29:36,905] {dag.py:2921} INFO - Setting next_dagrun for latest_only_with_trigger to 2023-04-10T07:29:36.905800+00:00
[2023-04-10 11:29:36,914] {processor.py:171} INFO - Processing /home/airflow/.local/lib/python3.7/site-packages/airflow/example_dags/example_latest_only_with_trigger.py took 0.051 seconds
[2023-04-10 11:30:07,305] {processor.py:163} INFO - Started process (PID=666) to work on /home/airflow/.local/lib/python3.7/site-packages/airflow/example_dags/example_latest_only_with_trigger.py
[2023-04-10 11:30:07,306] {processor.py:620} INFO - Processing file /home/airflow/.local/lib/python3.7/site-packages/airflow/example_dags/example_latest_only_with_trigger.py for tasks to queue
[2023-04-10 11:30:07,307] {logging_mixin.py:109} INFO - [2023-04-10 11:30:07,307] {dagbag.py:500} INFO - Filling up the DagBag from /home/airflow/.local/lib/python3.7/site-packages/airflow/example_dags/example_latest_only_with_trigger.py
[2023-04-10 11:30:07,328] {processor.py:632} INFO - DAG(s) dict_keys(['latest_only_with_trigger']) retrieved from /home/airflow/.local/lib/python3.7/site-packages/airflow/example_dags/example_latest_only_with_trigger.py
[2023-04-10 11:30:07,337] {logging_mixin.py:109} INFO - [2023-04-10 11:30:07,337] {dag.py:2389} INFO - Sync 1 DAGs
[2023-04-10 11:30:07,350] {logging_mixin.py:109} INFO - [2023-04-10 11:30:07,350] {dag.py:2921} INFO - Setting next_dagrun for latest_only_with_trigger to 2023-04-10T07:30:07.349874+00:00
[2023-04-10 11:30:07,359] {processor.py:171} INFO - Processing /home/airflow/.local/lib/python3.7/site-packages/airflow/example_dags/example_latest_only_with_trigger.py took 0.056 seconds
[2023-04-10 11:30:37,665] {processor.py:163} INFO - Started process (PID=726) to work on /home/airflow/.local/lib/python3.7/site-packages/airflow/example_dags/example_latest_only_with_trigger.py
[2023-04-10 11:30:37,666] {processor.py:620} INFO - Processing file /home/airflow/.local/lib/python3.7/site-packages/airflow/example_dags/example_latest_only_with_trigger.py for tasks to queue
[2023-04-10 11:30:37,666] {logging_mixin.py:109} INFO - [2023-04-10 11:30:37,666] {dagbag.py:500} INFO - Filling up the DagBag from /home/airflow/.local/lib/python3.7/site-packages/airflow/example_dags/example_latest_only_with_trigger.py
[2023-04-10 11:30:37,685] {processor.py:632} INFO - DAG(s) dict_keys(['latest_only_with_trigger']) retrieved from /home/airflow/.local/lib/python3.7/site-packages/airflow/example_dags/example_latest_only_with_trigger.py
[2023-04-10 11:30:37,692] {logging_mixin.py:109} INFO - [2023-04-10 11:30:37,692] {dag.py:2389} INFO - Sync 1 DAGs
[2023-04-10 11:30:37,703] {logging_mixin.py:109} INFO - [2023-04-10 11:30:37,703] {dag.py:2921} INFO - Setting next_dagrun for latest_only_with_trigger to 2023-04-10T07:30:37.703244+00:00
[2023-04-10 11:30:37,711] {processor.py:171} INFO - Processing /home/airflow/.local/lib/python3.7/site-packages/airflow/example_dags/example_latest_only_with_trigger.py took 0.049 seconds
[2023-04-10 11:31:08,090] {processor.py:163} INFO - Started process (PID=777) to work on /home/airflow/.local/lib/python3.7/site-packages/airflow/example_dags/example_latest_only_with_trigger.py
[2023-04-10 11:31:08,091] {processor.py:620} INFO - Processing file /home/airflow/.local/lib/python3.7/site-packages/airflow/example_dags/example_latest_only_with_trigger.py for tasks to queue
[2023-04-10 11:31:08,091] {logging_mixin.py:109} INFO - [2023-04-10 11:31:08,091] {dagbag.py:500} INFO - Filling up the DagBag from /home/airflow/.local/lib/python3.7/site-packages/airflow/example_dags/example_latest_only_with_trigger.py
[2023-04-10 11:31:08,111] {processor.py:632} INFO - DAG(s) dict_keys(['latest_only_with_trigger']) retrieved from /home/airflow/.local/lib/python3.7/site-packages/airflow/example_dags/example_latest_only_with_trigger.py
[2023-04-10 11:31:08,118] {logging_mixin.py:109} INFO - [2023-04-10 11:31:08,118] {dag.py:2389} INFO - Sync 1 DAGs
[2023-04-10 11:31:08,128] {logging_mixin.py:109} INFO - [2023-04-10 11:31:08,128] {dag.py:2921} INFO - Setting next_dagrun for latest_only_with_trigger to 2023-04-10T07:31:08.128380+00:00
[2023-04-10 11:31:08,136] {processor.py:171} INFO - Processing /home/airflow/.local/lib/python3.7/site-packages/airflow/example_dags/example_latest_only_with_trigger.py took 0.049 seconds
[2023-04-10 11:31:38,422] {processor.py:163} INFO - Started process (PID=837) to work on /home/airflow/.local/lib/python3.7/site-packages/airflow/example_dags/example_latest_only_with_trigger.py
[2023-04-10 11:31:38,424] {processor.py:620} INFO - Processing file /home/airflow/.local/lib/python3.7/site-packages/airflow/example_dags/example_latest_only_with_trigger.py for tasks to queue
[2023-04-10 11:31:38,424] {logging_mixin.py:109} INFO - [2023-04-10 11:31:38,424] {dagbag.py:500} INFO - Filling up the DagBag from /home/airflow/.local/lib/python3.7/site-packages/airflow/example_dags/example_latest_only_with_trigger.py
[2023-04-10 11:31:38,448] {processor.py:632} INFO - DAG(s) dict_keys(['latest_only_with_trigger']) retrieved from /home/airflow/.local/lib/python3.7/site-packages/airflow/example_dags/example_latest_only_with_trigger.py
[2023-04-10 11:31:38,457] {logging_mixin.py:109} INFO - [2023-04-10 11:31:38,457] {dag.py:2389} INFO - Sync 1 DAGs
[2023-04-10 11:31:38,475] {logging_mixin.py:109} INFO - [2023-04-10 11:31:38,475] {dag.py:2921} INFO - Setting next_dagrun for latest_only_with_trigger to 2023-04-10T07:31:38.475157+00:00
[2023-04-10 11:31:38,486] {processor.py:171} INFO - Processing /home/airflow/.local/lib/python3.7/site-packages/airflow/example_dags/example_latest_only_with_trigger.py took 0.066 seconds
[2023-04-10 11:32:08,565] {processor.py:163} INFO - Started process (PID=889) to work on /home/airflow/.local/lib/python3.7/site-packages/airflow/example_dags/example_latest_only_with_trigger.py
[2023-04-10 11:32:08,566] {processor.py:620} INFO - Processing file /home/airflow/.local/lib/python3.7/site-packages/airflow/example_dags/example_latest_only_with_trigger.py for tasks to queue
[2023-04-10 11:32:08,567] {logging_mixin.py:109} INFO - [2023-04-10 11:32:08,567] {dagbag.py:500} INFO - Filling up the DagBag from /home/airflow/.local/lib/python3.7/site-packages/airflow/example_dags/example_latest_only_with_trigger.py
[2023-04-10 11:32:08,587] {processor.py:632} INFO - DAG(s) dict_keys(['latest_only_with_trigger']) retrieved from /home/airflow/.local/lib/python3.7/site-packages/airflow/example_dags/example_latest_only_with_trigger.py
[2023-04-10 11:32:08,596] {logging_mixin.py:109} INFO - [2023-04-10 11:32:08,595] {dag.py:2389} INFO - Sync 1 DAGs
[2023-04-10 11:32:08,606] {logging_mixin.py:109} INFO - [2023-04-10 11:32:08,606] {dag.py:2921} INFO - Setting next_dagrun for latest_only_with_trigger to 2023-04-10T07:32:08.606670+00:00
[2023-04-10 11:32:08,615] {processor.py:171} INFO - Processing /home/airflow/.local/lib/python3.7/site-packages/airflow/example_dags/example_latest_only_with_trigger.py took 0.052 seconds
[2023-04-10 11:32:38,847] {processor.py:163} INFO - Started process (PID=950) to work on /home/airflow/.local/lib/python3.7/site-packages/airflow/example_dags/example_latest_only_with_trigger.py
[2023-04-10 11:32:38,849] {processor.py:620} INFO - Processing file /home/airflow/.local/lib/python3.7/site-packages/airflow/example_dags/example_latest_only_with_trigger.py for tasks to queue
[2023-04-10 11:32:38,849] {logging_mixin.py:109} INFO - [2023-04-10 11:32:38,849] {dagbag.py:500} INFO - Filling up the DagBag from /home/airflow/.local/lib/python3.7/site-packages/airflow/example_dags/example_latest_only_with_trigger.py
[2023-04-10 11:32:38,881] {processor.py:632} INFO - DAG(s) dict_keys(['latest_only_with_trigger']) retrieved from /home/airflow/.local/lib/python3.7/site-packages/airflow/example_dags/example_latest_only_with_trigger.py
[2023-04-10 11:32:38,891] {logging_mixin.py:109} INFO - [2023-04-10 11:32:38,891] {dag.py:2389} INFO - Sync 1 DAGs
[2023-04-10 11:32:38,912] {logging_mixin.py:109} INFO - [2023-04-10 11:32:38,912] {dag.py:2921} INFO - Setting next_dagrun for latest_only_with_trigger to 2023-04-10T07:32:38.912324+00:00
[2023-04-10 11:32:38,923] {processor.py:171} INFO - Processing /home/airflow/.local/lib/python3.7/site-packages/airflow/example_dags/example_latest_only_with_trigger.py took 0.079 seconds
[2023-04-10 11:33:09,279] {processor.py:163} INFO - Started process (PID=1002) to work on /home/airflow/.local/lib/python3.7/site-packages/airflow/example_dags/example_latest_only_with_trigger.py
[2023-04-10 11:33:09,281] {processor.py:620} INFO - Processing file /home/airflow/.local/lib/python3.7/site-packages/airflow/example_dags/example_latest_only_with_trigger.py for tasks to queue
[2023-04-10 11:33:09,281] {logging_mixin.py:109} INFO - [2023-04-10 11:33:09,281] {dagbag.py:500} INFO - Filling up the DagBag from /home/airflow/.local/lib/python3.7/site-packages/airflow/example_dags/example_latest_only_with_trigger.py
[2023-04-10 11:33:09,307] {processor.py:632} INFO - DAG(s) dict_keys(['latest_only_with_trigger']) retrieved from /home/airflow/.local/lib/python3.7/site-packages/airflow/example_dags/example_latest_only_with_trigger.py
[2023-04-10 11:33:09,320] {logging_mixin.py:109} INFO - [2023-04-10 11:33:09,320] {dag.py:2389} INFO - Sync 1 DAGs
[2023-04-10 11:33:09,337] {logging_mixin.py:109} INFO - [2023-04-10 11:33:09,337] {dag.py:2921} INFO - Setting next_dagrun for latest_only_with_trigger to 2023-04-10T07:33:09.337522+00:00
[2023-04-10 11:33:09,349] {processor.py:171} INFO - Processing /home/airflow/.local/lib/python3.7/site-packages/airflow/example_dags/example_latest_only_with_trigger.py took 0.072 seconds
[2023-04-10 11:33:39,523] {processor.py:163} INFO - Started process (PID=1053) to work on /home/airflow/.local/lib/python3.7/site-packages/airflow/example_dags/example_latest_only_with_trigger.py
[2023-04-10 11:33:39,523] {processor.py:620} INFO - Processing file /home/airflow/.local/lib/python3.7/site-packages/airflow/example_dags/example_latest_only_with_trigger.py for tasks to queue
[2023-04-10 11:33:39,524] {logging_mixin.py:109} INFO - [2023-04-10 11:33:39,524] {dagbag.py:500} INFO - Filling up the DagBag from /home/airflow/.local/lib/python3.7/site-packages/airflow/example_dags/example_latest_only_with_trigger.py
[2023-04-10 11:33:39,540] {processor.py:632} INFO - DAG(s) dict_keys(['latest_only_with_trigger']) retrieved from /home/airflow/.local/lib/python3.7/site-packages/airflow/example_dags/example_latest_only_with_trigger.py
[2023-04-10 11:33:39,547] {logging_mixin.py:109} INFO - [2023-04-10 11:33:39,547] {dag.py:2389} INFO - Sync 1 DAGs
[2023-04-10 11:33:39,559] {logging_mixin.py:109} INFO - [2023-04-10 11:33:39,559] {dag.py:2921} INFO - Setting next_dagrun for latest_only_with_trigger to 2023-04-10T07:33:39.559172+00:00
[2023-04-10 11:33:39,568] {processor.py:171} INFO - Processing /home/airflow/.local/lib/python3.7/site-packages/airflow/example_dags/example_latest_only_with_trigger.py took 0.048 seconds
[2023-04-10 11:34:10,195] {processor.py:163} INFO - Started process (PID=1113) to work on /home/airflow/.local/lib/python3.7/site-packages/airflow/example_dags/example_latest_only_with_trigger.py
[2023-04-10 11:34:10,196] {processor.py:620} INFO - Processing file /home/airflow/.local/lib/python3.7/site-packages/airflow/example_dags/example_latest_only_with_trigger.py for tasks to queue
[2023-04-10 11:34:10,197] {logging_mixin.py:109} INFO - [2023-04-10 11:34:10,197] {dagbag.py:500} INFO - Filling up the DagBag from /home/airflow/.local/lib/python3.7/site-packages/airflow/example_dags/example_latest_only_with_trigger.py
[2023-04-10 11:34:10,218] {processor.py:632} INFO - DAG(s) dict_keys(['latest_only_with_trigger']) retrieved from /home/airflow/.local/lib/python3.7/site-packages/airflow/example_dags/example_latest_only_with_trigger.py
[2023-04-10 11:34:10,226] {logging_mixin.py:109} INFO - [2023-04-10 11:34:10,225] {dag.py:2389} INFO - Sync 1 DAGs
[2023-04-10 11:34:10,239] {logging_mixin.py:109} INFO - [2023-04-10 11:34:10,239] {dag.py:2921} INFO - Setting next_dagrun for latest_only_with_trigger to 2023-04-10T07:34:10.239235+00:00
[2023-04-10 11:34:10,247] {processor.py:171} INFO - Processing /home/airflow/.local/lib/python3.7/site-packages/airflow/example_dags/example_latest_only_with_trigger.py took 0.055 seconds
[2023-04-10 11:34:40,494] {processor.py:163} INFO - Started process (PID=1164) to work on /home/airflow/.local/lib/python3.7/site-packages/airflow/example_dags/example_latest_only_with_trigger.py
[2023-04-10 11:34:40,495] {processor.py:620} INFO - Processing file /home/airflow/.local/lib/python3.7/site-packages/airflow/example_dags/example_latest_only_with_trigger.py for tasks to queue
[2023-04-10 11:34:40,496] {logging_mixin.py:109} INFO - [2023-04-10 11:34:40,496] {dagbag.py:500} INFO - Filling up the DagBag from /home/airflow/.local/lib/python3.7/site-packages/airflow/example_dags/example_latest_only_with_trigger.py
[2023-04-10 11:34:40,526] {processor.py:632} INFO - DAG(s) dict_keys(['latest_only_with_trigger']) retrieved from /home/airflow/.local/lib/python3.7/site-packages/airflow/example_dags/example_latest_only_with_trigger.py
[2023-04-10 11:34:40,538] {logging_mixin.py:109} INFO - [2023-04-10 11:34:40,538] {dag.py:2389} INFO - Sync 1 DAGs
[2023-04-10 11:34:40,553] {logging_mixin.py:109} INFO - [2023-04-10 11:34:40,553] {dag.py:2921} INFO - Setting next_dagrun for latest_only_with_trigger to 2023-04-10T07:34:40.553327+00:00
[2023-04-10 11:34:40,563] {processor.py:171} INFO - Processing /home/airflow/.local/lib/python3.7/site-packages/airflow/example_dags/example_latest_only_with_trigger.py took 0.072 seconds
[2023-04-10 11:35:10,863] {processor.py:163} INFO - Started process (PID=1224) to work on /home/airflow/.local/lib/python3.7/site-packages/airflow/example_dags/example_latest_only_with_trigger.py
[2023-04-10 11:35:10,864] {processor.py:620} INFO - Processing file /home/airflow/.local/lib/python3.7/site-packages/airflow/example_dags/example_latest_only_with_trigger.py for tasks to queue
[2023-04-10 11:35:10,865] {logging_mixin.py:109} INFO - [2023-04-10 11:35:10,865] {dagbag.py:500} INFO - Filling up the DagBag from /home/airflow/.local/lib/python3.7/site-packages/airflow/example_dags/example_latest_only_with_trigger.py
[2023-04-10 11:35:10,888] {processor.py:632} INFO - DAG(s) dict_keys(['latest_only_with_trigger']) retrieved from /home/airflow/.local/lib/python3.7/site-packages/airflow/example_dags/example_latest_only_with_trigger.py
[2023-04-10 11:35:10,897] {logging_mixin.py:109} INFO - [2023-04-10 11:35:10,897] {dag.py:2389} INFO - Sync 1 DAGs
[2023-04-10 11:35:10,912] {logging_mixin.py:109} INFO - [2023-04-10 11:35:10,912] {dag.py:2921} INFO - Setting next_dagrun for latest_only_with_trigger to 2023-04-10T07:35:10.912419+00:00
[2023-04-10 11:35:10,924] {processor.py:171} INFO - Processing /home/airflow/.local/lib/python3.7/site-packages/airflow/example_dags/example_latest_only_with_trigger.py took 0.062 seconds
[2023-04-10 11:35:41,189] {processor.py:163} INFO - Started process (PID=1275) to work on /home/airflow/.local/lib/python3.7/site-packages/airflow/example_dags/example_latest_only_with_trigger.py
[2023-04-10 11:35:41,190] {processor.py:620} INFO - Processing file /home/airflow/.local/lib/python3.7/site-packages/airflow/example_dags/example_latest_only_with_trigger.py for tasks to queue
[2023-04-10 11:35:41,190] {logging_mixin.py:109} INFO - [2023-04-10 11:35:41,190] {dagbag.py:500} INFO - Filling up the DagBag from /home/airflow/.local/lib/python3.7/site-packages/airflow/example_dags/example_latest_only_with_trigger.py
[2023-04-10 11:35:41,213] {processor.py:632} INFO - DAG(s) dict_keys(['latest_only_with_trigger']) retrieved from /home/airflow/.local/lib/python3.7/site-packages/airflow/example_dags/example_latest_only_with_trigger.py
[2023-04-10 11:35:41,221] {logging_mixin.py:109} INFO - [2023-04-10 11:35:41,221] {dag.py:2389} INFO - Sync 1 DAGs
[2023-04-10 11:35:41,233] {logging_mixin.py:109} INFO - [2023-04-10 11:35:41,233] {dag.py:2921} INFO - Setting next_dagrun for latest_only_with_trigger to 2023-04-10T07:35:41.233495+00:00
[2023-04-10 11:35:41,241] {processor.py:171} INFO - Processing /home/airflow/.local/lib/python3.7/site-packages/airflow/example_dags/example_latest_only_with_trigger.py took 0.055 seconds
[2023-04-10 11:36:11,509] {processor.py:163} INFO - Started process (PID=1326) to work on /home/airflow/.local/lib/python3.7/site-packages/airflow/example_dags/example_latest_only_with_trigger.py
[2023-04-10 11:36:11,514] {processor.py:620} INFO - Processing file /home/airflow/.local/lib/python3.7/site-packages/airflow/example_dags/example_latest_only_with_trigger.py for tasks to queue
[2023-04-10 11:36:11,514] {logging_mixin.py:109} INFO - [2023-04-10 11:36:11,514] {dagbag.py:500} INFO - Filling up the DagBag from /home/airflow/.local/lib/python3.7/site-packages/airflow/example_dags/example_latest_only_with_trigger.py
[2023-04-10 11:36:11,536] {processor.py:632} INFO - DAG(s) dict_keys(['latest_only_with_trigger']) retrieved from /home/airflow/.local/lib/python3.7/site-packages/airflow/example_dags/example_latest_only_with_trigger.py
[2023-04-10 11:36:11,544] {logging_mixin.py:109} INFO - [2023-04-10 11:36:11,544] {dag.py:2389} INFO - Sync 1 DAGs
[2023-04-10 11:36:11,556] {logging_mixin.py:109} INFO - [2023-04-10 11:36:11,556] {dag.py:2921} INFO - Setting next_dagrun for latest_only_with_trigger to 2023-04-10T07:36:11.556008+00:00
[2023-04-10 11:36:11,565] {processor.py:171} INFO - Processing /home/airflow/.local/lib/python3.7/site-packages/airflow/example_dags/example_latest_only_with_trigger.py took 0.058 seconds
[2023-04-10 11:36:41,962] {processor.py:163} INFO - Started process (PID=1388) to work on /home/airflow/.local/lib/python3.7/site-packages/airflow/example_dags/example_latest_only_with_trigger.py
[2023-04-10 11:36:41,963] {processor.py:620} INFO - Processing file /home/airflow/.local/lib/python3.7/site-packages/airflow/example_dags/example_latest_only_with_trigger.py for tasks to queue
[2023-04-10 11:36:41,963] {logging_mixin.py:109} INFO - [2023-04-10 11:36:41,963] {dagbag.py:500} INFO - Filling up the DagBag from /home/airflow/.local/lib/python3.7/site-packages/airflow/example_dags/example_latest_only_with_trigger.py
[2023-04-10 11:36:41,983] {processor.py:632} INFO - DAG(s) dict_keys(['latest_only_with_trigger']) retrieved from /home/airflow/.local/lib/python3.7/site-packages/airflow/example_dags/example_latest_only_with_trigger.py
[2023-04-10 11:36:41,990] {logging_mixin.py:109} INFO - [2023-04-10 11:36:41,990] {dag.py:2389} INFO - Sync 1 DAGs
[2023-04-10 11:36:42,003] {logging_mixin.py:109} INFO - [2023-04-10 11:36:42,003] {dag.py:2921} INFO - Setting next_dagrun for latest_only_with_trigger to 2023-04-10T07:36:42.003003+00:00
[2023-04-10 11:36:42,011] {processor.py:171} INFO - Processing /home/airflow/.local/lib/python3.7/site-packages/airflow/example_dags/example_latest_only_with_trigger.py took 0.052 seconds
[2023-04-10 11:37:12,329] {processor.py:163} INFO - Started process (PID=1439) to work on /home/airflow/.local/lib/python3.7/site-packages/airflow/example_dags/example_latest_only_with_trigger.py
[2023-04-10 11:37:12,330] {processor.py:620} INFO - Processing file /home/airflow/.local/lib/python3.7/site-packages/airflow/example_dags/example_latest_only_with_trigger.py for tasks to queue
[2023-04-10 11:37:12,330] {logging_mixin.py:109} INFO - [2023-04-10 11:37:12,330] {dagbag.py:500} INFO - Filling up the DagBag from /home/airflow/.local/lib/python3.7/site-packages/airflow/example_dags/example_latest_only_with_trigger.py
[2023-04-10 11:37:12,350] {processor.py:632} INFO - DAG(s) dict_keys(['latest_only_with_trigger']) retrieved from /home/airflow/.local/lib/python3.7/site-packages/airflow/example_dags/example_latest_only_with_trigger.py
[2023-04-10 11:37:12,358] {logging_mixin.py:109} INFO - [2023-04-10 11:37:12,358] {dag.py:2389} INFO - Sync 1 DAGs
[2023-04-10 11:37:12,369] {logging_mixin.py:109} INFO - [2023-04-10 11:37:12,369] {dag.py:2921} INFO - Setting next_dagrun for latest_only_with_trigger to 2023-04-10T07:37:12.369103+00:00
[2023-04-10 11:37:12,377] {processor.py:171} INFO - Processing /home/airflow/.local/lib/python3.7/site-packages/airflow/example_dags/example_latest_only_with_trigger.py took 0.049 seconds
[2023-04-10 11:37:42,579] {processor.py:163} INFO - Started process (PID=1499) to work on /home/airflow/.local/lib/python3.7/site-packages/airflow/example_dags/example_latest_only_with_trigger.py
[2023-04-10 11:37:42,583] {processor.py:620} INFO - Processing file /home/airflow/.local/lib/python3.7/site-packages/airflow/example_dags/example_latest_only_with_trigger.py for tasks to queue
[2023-04-10 11:37:42,583] {logging_mixin.py:109} INFO - [2023-04-10 11:37:42,583] {dagbag.py:500} INFO - Filling up the DagBag from /home/airflow/.local/lib/python3.7/site-packages/airflow/example_dags/example_latest_only_with_trigger.py
[2023-04-10 11:37:42,604] {processor.py:632} INFO - DAG(s) dict_keys(['latest_only_with_trigger']) retrieved from /home/airflow/.local/lib/python3.7/site-packages/airflow/example_dags/example_latest_only_with_trigger.py
[2023-04-10 11:37:42,612] {logging_mixin.py:109} INFO - [2023-04-10 11:37:42,612] {dag.py:2389} INFO - Sync 1 DAGs
[2023-04-10 11:37:42,623] {logging_mixin.py:109} INFO - [2023-04-10 11:37:42,623] {dag.py:2921} INFO - Setting next_dagrun for latest_only_with_trigger to 2023-04-10T07:37:42.623023+00:00
[2023-04-10 11:37:42,631] {processor.py:171} INFO - Processing /home/airflow/.local/lib/python3.7/site-packages/airflow/example_dags/example_latest_only_with_trigger.py took 0.054 seconds
[2023-04-10 11:38:12,935] {processor.py:163} INFO - Started process (PID=1551) to work on /home/airflow/.local/lib/python3.7/site-packages/airflow/example_dags/example_latest_only_with_trigger.py
[2023-04-10 11:38:12,936] {processor.py:620} INFO - Processing file /home/airflow/.local/lib/python3.7/site-packages/airflow/example_dags/example_latest_only_with_trigger.py for tasks to queue
[2023-04-10 11:38:12,936] {logging_mixin.py:109} INFO - [2023-04-10 11:38:12,936] {dagbag.py:500} INFO - Filling up the DagBag from /home/airflow/.local/lib/python3.7/site-packages/airflow/example_dags/example_latest_only_with_trigger.py
[2023-04-10 11:38:12,957] {processor.py:632} INFO - DAG(s) dict_keys(['latest_only_with_trigger']) retrieved from /home/airflow/.local/lib/python3.7/site-packages/airflow/example_dags/example_latest_only_with_trigger.py
[2023-04-10 11:38:12,965] {logging_mixin.py:109} INFO - [2023-04-10 11:38:12,965] {dag.py:2389} INFO - Sync 1 DAGs
[2023-04-10 11:38:12,977] {logging_mixin.py:109} INFO - [2023-04-10 11:38:12,977] {dag.py:2921} INFO - Setting next_dagrun for latest_only_with_trigger to 2023-04-10T07:38:12.977367+00:00
[2023-04-10 11:38:12,987] {processor.py:171} INFO - Processing /home/airflow/.local/lib/python3.7/site-packages/airflow/example_dags/example_latest_only_with_trigger.py took 0.054 seconds
[2023-04-10 11:38:43,102] {processor.py:163} INFO - Started process (PID=1610) to work on /home/airflow/.local/lib/python3.7/site-packages/airflow/example_dags/example_latest_only_with_trigger.py
[2023-04-10 11:38:43,104] {processor.py:620} INFO - Processing file /home/airflow/.local/lib/python3.7/site-packages/airflow/example_dags/example_latest_only_with_trigger.py for tasks to queue
[2023-04-10 11:38:43,104] {logging_mixin.py:109} INFO - [2023-04-10 11:38:43,104] {dagbag.py:500} INFO - Filling up the DagBag from /home/airflow/.local/lib/python3.7/site-packages/airflow/example_dags/example_latest_only_with_trigger.py
[2023-04-10 11:38:43,127] {processor.py:632} INFO - DAG(s) dict_keys(['latest_only_with_trigger']) retrieved from /home/airflow/.local/lib/python3.7/site-packages/airflow/example_dags/example_latest_only_with_trigger.py
[2023-04-10 11:38:43,137] {logging_mixin.py:109} INFO - [2023-04-10 11:38:43,137] {dag.py:2389} INFO - Sync 1 DAGs
[2023-04-10 11:38:43,152] {logging_mixin.py:109} INFO - [2023-04-10 11:38:43,152] {dag.py:2921} INFO - Setting next_dagrun for latest_only_with_trigger to 2023-04-10T07:38:43.152640+00:00
[2023-04-10 11:38:43,161] {processor.py:171} INFO - Processing /home/airflow/.local/lib/python3.7/site-packages/airflow/example_dags/example_latest_only_with_trigger.py took 0.061 seconds
[2023-04-10 11:39:13,447] {processor.py:163} INFO - Started process (PID=1661) to work on /home/airflow/.local/lib/python3.7/site-packages/airflow/example_dags/example_latest_only_with_trigger.py
[2023-04-10 11:39:13,448] {processor.py:620} INFO - Processing file /home/airflow/.local/lib/python3.7/site-packages/airflow/example_dags/example_latest_only_with_trigger.py for tasks to queue
[2023-04-10 11:39:13,448] {logging_mixin.py:109} INFO - [2023-04-10 11:39:13,448] {dagbag.py:500} INFO - Filling up the DagBag from /home/airflow/.local/lib/python3.7/site-packages/airflow/example_dags/example_latest_only_with_trigger.py
[2023-04-10 11:39:13,467] {processor.py:632} INFO - DAG(s) dict_keys(['latest_only_with_trigger']) retrieved from /home/airflow/.local/lib/python3.7/site-packages/airflow/example_dags/example_latest_only_with_trigger.py
[2023-04-10 11:39:13,476] {logging_mixin.py:109} INFO - [2023-04-10 11:39:13,476] {dag.py:2389} INFO - Sync 1 DAGs
[2023-04-10 11:39:13,492] {logging_mixin.py:109} INFO - [2023-04-10 11:39:13,491] {dag.py:2921} INFO - Setting next_dagrun for latest_only_with_trigger to 2023-04-10T07:39:13.491640+00:00
[2023-04-10 11:39:13,502] {processor.py:171} INFO - Processing /home/airflow/.local/lib/python3.7/site-packages/airflow/example_dags/example_latest_only_with_trigger.py took 0.057 seconds
[2023-04-10 11:39:43,667] {processor.py:163} INFO - Started process (PID=1721) to work on /home/airflow/.local/lib/python3.7/site-packages/airflow/example_dags/example_latest_only_with_trigger.py
[2023-04-10 11:39:43,668] {processor.py:620} INFO - Processing file /home/airflow/.local/lib/python3.7/site-packages/airflow/example_dags/example_latest_only_with_trigger.py for tasks to queue
[2023-04-10 11:39:43,668] {logging_mixin.py:109} INFO - [2023-04-10 11:39:43,668] {dagbag.py:500} INFO - Filling up the DagBag from /home/airflow/.local/lib/python3.7/site-packages/airflow/example_dags/example_latest_only_with_trigger.py
[2023-04-10 11:39:43,690] {processor.py:632} INFO - DAG(s) dict_keys(['latest_only_with_trigger']) retrieved from /home/airflow/.local/lib/python3.7/site-packages/airflow/example_dags/example_latest_only_with_trigger.py
[2023-04-10 11:39:43,698] {logging_mixin.py:109} INFO - [2023-04-10 11:39:43,698] {dag.py:2389} INFO - Sync 1 DAGs
[2023-04-10 11:39:43,712] {logging_mixin.py:109} INFO - [2023-04-10 11:39:43,711] {dag.py:2921} INFO - Setting next_dagrun for latest_only_with_trigger to 2023-04-10T07:39:43.711632+00:00
[2023-04-10 11:39:43,720] {processor.py:171} INFO - Processing /home/airflow/.local/lib/python3.7/site-packages/airflow/example_dags/example_latest_only_with_trigger.py took 0.056 seconds
[2023-04-10 11:40:13,905] {processor.py:163} INFO - Started process (PID=1772) to work on /home/airflow/.local/lib/python3.7/site-packages/airflow/example_dags/example_latest_only_with_trigger.py
[2023-04-10 11:40:13,912] {processor.py:620} INFO - Processing file /home/airflow/.local/lib/python3.7/site-packages/airflow/example_dags/example_latest_only_with_trigger.py for tasks to queue
[2023-04-10 11:40:13,912] {logging_mixin.py:109} INFO - [2023-04-10 11:40:13,912] {dagbag.py:500} INFO - Filling up the DagBag from /home/airflow/.local/lib/python3.7/site-packages/airflow/example_dags/example_latest_only_with_trigger.py
[2023-04-10 11:40:13,930] {processor.py:632} INFO - DAG(s) dict_keys(['latest_only_with_trigger']) retrieved from /home/airflow/.local/lib/python3.7/site-packages/airflow/example_dags/example_latest_only_with_trigger.py
[2023-04-10 11:40:13,937] {logging_mixin.py:109} INFO - [2023-04-10 11:40:13,937] {dag.py:2389} INFO - Sync 1 DAGs
[2023-04-10 11:40:13,947] {logging_mixin.py:109} INFO - [2023-04-10 11:40:13,947] {dag.py:2921} INFO - Setting next_dagrun for latest_only_with_trigger to 2023-04-10T07:40:13.947662+00:00
[2023-04-10 11:40:13,955] {processor.py:171} INFO - Processing /home/airflow/.local/lib/python3.7/site-packages/airflow/example_dags/example_latest_only_with_trigger.py took 0.053 seconds
[2023-04-10 11:40:44,217] {processor.py:163} INFO - Started process (PID=1823) to work on /home/airflow/.local/lib/python3.7/site-packages/airflow/example_dags/example_latest_only_with_trigger.py
[2023-04-10 11:40:44,218] {processor.py:620} INFO - Processing file /home/airflow/.local/lib/python3.7/site-packages/airflow/example_dags/example_latest_only_with_trigger.py for tasks to queue
[2023-04-10 11:40:44,218] {logging_mixin.py:109} INFO - [2023-04-10 11:40:44,218] {dagbag.py:500} INFO - Filling up the DagBag from /home/airflow/.local/lib/python3.7/site-packages/airflow/example_dags/example_latest_only_with_trigger.py
[2023-04-10 11:40:44,240] {processor.py:632} INFO - DAG(s) dict_keys(['latest_only_with_trigger']) retrieved from /home/airflow/.local/lib/python3.7/site-packages/airflow/example_dags/example_latest_only_with_trigger.py
[2023-04-10 11:40:44,249] {logging_mixin.py:109} INFO - [2023-04-10 11:40:44,249] {dag.py:2389} INFO - Sync 1 DAGs
[2023-04-10 11:40:44,262] {logging_mixin.py:109} INFO - [2023-04-10 11:40:44,262] {dag.py:2921} INFO - Setting next_dagrun for latest_only_with_trigger to 2023-04-10T07:40:44.262136+00:00
[2023-04-10 11:40:44,272] {processor.py:171} INFO - Processing /home/airflow/.local/lib/python3.7/site-packages/airflow/example_dags/example_latest_only_with_trigger.py took 0.057 seconds
[2023-04-10 11:41:14,448] {processor.py:163} INFO - Started process (PID=1883) to work on /home/airflow/.local/lib/python3.7/site-packages/airflow/example_dags/example_latest_only_with_trigger.py
[2023-04-10 11:41:14,449] {processor.py:620} INFO - Processing file /home/airflow/.local/lib/python3.7/site-packages/airflow/example_dags/example_latest_only_with_trigger.py for tasks to queue
[2023-04-10 11:41:14,450] {logging_mixin.py:109} INFO - [2023-04-10 11:41:14,450] {dagbag.py:500} INFO - Filling up the DagBag from /home/airflow/.local/lib/python3.7/site-packages/airflow/example_dags/example_latest_only_with_trigger.py
[2023-04-10 11:41:14,470] {processor.py:632} INFO - DAG(s) dict_keys(['latest_only_with_trigger']) retrieved from /home/airflow/.local/lib/python3.7/site-packages/airflow/example_dags/example_latest_only_with_trigger.py
[2023-04-10 11:41:14,477] {logging_mixin.py:109} INFO - [2023-04-10 11:41:14,477] {dag.py:2389} INFO - Sync 1 DAGs
[2023-04-10 11:41:14,488] {logging_mixin.py:109} INFO - [2023-04-10 11:41:14,488] {dag.py:2921} INFO - Setting next_dagrun for latest_only_with_trigger to 2023-04-10T07:41:14.488494+00:00
[2023-04-10 11:41:14,498] {processor.py:171} INFO - Processing /home/airflow/.local/lib/python3.7/site-packages/airflow/example_dags/example_latest_only_with_trigger.py took 0.052 seconds
[2023-04-10 11:41:44,742] {processor.py:163} INFO - Started process (PID=1934) to work on /home/airflow/.local/lib/python3.7/site-packages/airflow/example_dags/example_latest_only_with_trigger.py
[2023-04-10 11:41:44,743] {processor.py:620} INFO - Processing file /home/airflow/.local/lib/python3.7/site-packages/airflow/example_dags/example_latest_only_with_trigger.py for tasks to queue
[2023-04-10 11:41:44,744] {logging_mixin.py:109} INFO - [2023-04-10 11:41:44,744] {dagbag.py:500} INFO - Filling up the DagBag from /home/airflow/.local/lib/python3.7/site-packages/airflow/example_dags/example_latest_only_with_trigger.py
[2023-04-10 11:41:44,770] {processor.py:632} INFO - DAG(s) dict_keys(['latest_only_with_trigger']) retrieved from /home/airflow/.local/lib/python3.7/site-packages/airflow/example_dags/example_latest_only_with_trigger.py
[2023-04-10 11:41:44,782] {logging_mixin.py:109} INFO - [2023-04-10 11:41:44,781] {dag.py:2389} INFO - Sync 1 DAGs
[2023-04-10 11:41:44,799] {logging_mixin.py:109} INFO - [2023-04-10 11:41:44,799] {dag.py:2921} INFO - Setting next_dagrun for latest_only_with_trigger to 2023-04-10T07:41:44.798761+00:00
[2023-04-10 11:41:44,809] {processor.py:171} INFO - Processing /home/airflow/.local/lib/python3.7/site-packages/airflow/example_dags/example_latest_only_with_trigger.py took 0.070 seconds
[2023-04-10 11:42:15,041] {processor.py:163} INFO - Started process (PID=1995) to work on /home/airflow/.local/lib/python3.7/site-packages/airflow/example_dags/example_latest_only_with_trigger.py
[2023-04-10 11:42:15,042] {processor.py:620} INFO - Processing file /home/airflow/.local/lib/python3.7/site-packages/airflow/example_dags/example_latest_only_with_trigger.py for tasks to queue
[2023-04-10 11:42:15,043] {logging_mixin.py:109} INFO - [2023-04-10 11:42:15,043] {dagbag.py:500} INFO - Filling up the DagBag from /home/airflow/.local/lib/python3.7/site-packages/airflow/example_dags/example_latest_only_with_trigger.py
[2023-04-10 11:42:15,063] {processor.py:632} INFO - DAG(s) dict_keys(['latest_only_with_trigger']) retrieved from /home/airflow/.local/lib/python3.7/site-packages/airflow/example_dags/example_latest_only_with_trigger.py
[2023-04-10 11:42:15,070] {logging_mixin.py:109} INFO - [2023-04-10 11:42:15,070] {dag.py:2389} INFO - Sync 1 DAGs
[2023-04-10 11:42:15,082] {logging_mixin.py:109} INFO - [2023-04-10 11:42:15,082] {dag.py:2921} INFO - Setting next_dagrun for latest_only_with_trigger to 2023-04-10T07:42:15.082201+00:00
[2023-04-10 11:42:15,091] {processor.py:171} INFO - Processing /home/airflow/.local/lib/python3.7/site-packages/airflow/example_dags/example_latest_only_with_trigger.py took 0.052 seconds
[2023-04-10 11:42:45,459] {processor.py:163} INFO - Started process (PID=2046) to work on /home/airflow/.local/lib/python3.7/site-packages/airflow/example_dags/example_latest_only_with_trigger.py
[2023-04-10 11:42:45,461] {processor.py:620} INFO - Processing file /home/airflow/.local/lib/python3.7/site-packages/airflow/example_dags/example_latest_only_with_trigger.py for tasks to queue
[2023-04-10 11:42:45,461] {logging_mixin.py:109} INFO - [2023-04-10 11:42:45,461] {dagbag.py:500} INFO - Filling up the DagBag from /home/airflow/.local/lib/python3.7/site-packages/airflow/example_dags/example_latest_only_with_trigger.py
[2023-04-10 11:42:45,484] {processor.py:632} INFO - DAG(s) dict_keys(['latest_only_with_trigger']) retrieved from /home/airflow/.local/lib/python3.7/site-packages/airflow/example_dags/example_latest_only_with_trigger.py
[2023-04-10 11:42:45,493] {logging_mixin.py:109} INFO - [2023-04-10 11:42:45,493] {dag.py:2389} INFO - Sync 1 DAGs
[2023-04-10 11:42:45,508] {logging_mixin.py:109} INFO - [2023-04-10 11:42:45,508] {dag.py:2921} INFO - Setting next_dagrun for latest_only_with_trigger to 2023-04-10T07:42:45.507938+00:00
[2023-04-10 11:42:45,516] {processor.py:171} INFO - Processing /home/airflow/.local/lib/python3.7/site-packages/airflow/example_dags/example_latest_only_with_trigger.py took 0.059 seconds
[2023-04-10 11:43:15,839] {processor.py:163} INFO - Started process (PID=2107) to work on /home/airflow/.local/lib/python3.7/site-packages/airflow/example_dags/example_latest_only_with_trigger.py
[2023-04-10 11:43:15,841] {processor.py:620} INFO - Processing file /home/airflow/.local/lib/python3.7/site-packages/airflow/example_dags/example_latest_only_with_trigger.py for tasks to queue
[2023-04-10 11:43:15,841] {logging_mixin.py:109} INFO - [2023-04-10 11:43:15,841] {dagbag.py:500} INFO - Filling up the DagBag from /home/airflow/.local/lib/python3.7/site-packages/airflow/example_dags/example_latest_only_with_trigger.py
[2023-04-10 11:43:15,866] {processor.py:632} INFO - DAG(s) dict_keys(['latest_only_with_trigger']) retrieved from /home/airflow/.local/lib/python3.7/site-packages/airflow/example_dags/example_latest_only_with_trigger.py
[2023-04-10 11:43:15,878] {logging_mixin.py:109} INFO - [2023-04-10 11:43:15,878] {dag.py:2389} INFO - Sync 1 DAGs
[2023-04-10 11:43:15,898] {logging_mixin.py:109} INFO - [2023-04-10 11:43:15,897] {dag.py:2921} INFO - Setting next_dagrun for latest_only_with_trigger to 2023-04-10T07:43:15.897534+00:00
[2023-04-10 11:43:15,908] {processor.py:171} INFO - Processing /home/airflow/.local/lib/python3.7/site-packages/airflow/example_dags/example_latest_only_with_trigger.py took 0.071 seconds
[2023-04-10 11:43:46,026] {processor.py:163} INFO - Started process (PID=2158) to work on /home/airflow/.local/lib/python3.7/site-packages/airflow/example_dags/example_latest_only_with_trigger.py
[2023-04-10 11:43:46,027] {processor.py:620} INFO - Processing file /home/airflow/.local/lib/python3.7/site-packages/airflow/example_dags/example_latest_only_with_trigger.py for tasks to queue
[2023-04-10 11:43:46,028] {logging_mixin.py:109} INFO - [2023-04-10 11:43:46,028] {dagbag.py:500} INFO - Filling up the DagBag from /home/airflow/.local/lib/python3.7/site-packages/airflow/example_dags/example_latest_only_with_trigger.py
[2023-04-10 11:43:46,051] {processor.py:632} INFO - DAG(s) dict_keys(['latest_only_with_trigger']) retrieved from /home/airflow/.local/lib/python3.7/site-packages/airflow/example_dags/example_latest_only_with_trigger.py
[2023-04-10 11:43:46,059] {logging_mixin.py:109} INFO - [2023-04-10 11:43:46,059] {dag.py:2389} INFO - Sync 1 DAGs
[2023-04-10 11:43:46,073] {logging_mixin.py:109} INFO - [2023-04-10 11:43:46,073] {dag.py:2921} INFO - Setting next_dagrun for latest_only_with_trigger to 2023-04-10T07:43:46.073585+00:00
[2023-04-10 11:43:46,082] {processor.py:171} INFO - Processing /home/airflow/.local/lib/python3.7/site-packages/airflow/example_dags/example_latest_only_with_trigger.py took 0.058 seconds
[2023-04-10 11:44:16,477] {processor.py:163} INFO - Started process (PID=2216) to work on /home/airflow/.local/lib/python3.7/site-packages/airflow/example_dags/example_latest_only_with_trigger.py
[2023-04-10 11:44:16,479] {processor.py:620} INFO - Processing file /home/airflow/.local/lib/python3.7/site-packages/airflow/example_dags/example_latest_only_with_trigger.py for tasks to queue
[2023-04-10 11:44:16,479] {logging_mixin.py:109} INFO - [2023-04-10 11:44:16,479] {dagbag.py:500} INFO - Filling up the DagBag from /home/airflow/.local/lib/python3.7/site-packages/airflow/example_dags/example_latest_only_with_trigger.py
[2023-04-10 11:44:16,504] {processor.py:632} INFO - DAG(s) dict_keys(['latest_only_with_trigger']) retrieved from /home/airflow/.local/lib/python3.7/site-packages/airflow/example_dags/example_latest_only_with_trigger.py
[2023-04-10 11:44:16,514] {logging_mixin.py:109} INFO - [2023-04-10 11:44:16,514] {dag.py:2389} INFO - Sync 1 DAGs
[2023-04-10 11:44:16,537] {logging_mixin.py:109} INFO - [2023-04-10 11:44:16,537] {dag.py:2921} INFO - Setting next_dagrun for latest_only_with_trigger to 2023-04-10T07:44:16.537292+00:00
[2023-04-10 11:44:16,552] {processor.py:171} INFO - Processing /home/airflow/.local/lib/python3.7/site-packages/airflow/example_dags/example_latest_only_with_trigger.py took 0.078 seconds
[2023-04-10 11:44:46,723] {processor.py:163} INFO - Started process (PID=2269) to work on /home/airflow/.local/lib/python3.7/site-packages/airflow/example_dags/example_latest_only_with_trigger.py
[2023-04-10 11:44:46,724] {processor.py:620} INFO - Processing file /home/airflow/.local/lib/python3.7/site-packages/airflow/example_dags/example_latest_only_with_trigger.py for tasks to queue
[2023-04-10 11:44:46,725] {logging_mixin.py:109} INFO - [2023-04-10 11:44:46,725] {dagbag.py:500} INFO - Filling up the DagBag from /home/airflow/.local/lib/python3.7/site-packages/airflow/example_dags/example_latest_only_with_trigger.py
[2023-04-10 11:44:46,748] {processor.py:632} INFO - DAG(s) dict_keys(['latest_only_with_trigger']) retrieved from /home/airflow/.local/lib/python3.7/site-packages/airflow/example_dags/example_latest_only_with_trigger.py
[2023-04-10 11:44:46,756] {logging_mixin.py:109} INFO - [2023-04-10 11:44:46,756] {dag.py:2389} INFO - Sync 1 DAGs
[2023-04-10 11:44:46,768] {logging_mixin.py:109} INFO - [2023-04-10 11:44:46,768] {dag.py:2921} INFO - Setting next_dagrun for latest_only_with_trigger to 2023-04-10T07:44:46.767993+00:00
[2023-04-10 11:44:46,777] {processor.py:171} INFO - Processing /home/airflow/.local/lib/python3.7/site-packages/airflow/example_dags/example_latest_only_with_trigger.py took 0.056 seconds
[2023-04-10 11:45:17,147] {processor.py:163} INFO - Started process (PID=2321) to work on /home/airflow/.local/lib/python3.7/site-packages/airflow/example_dags/example_latest_only_with_trigger.py
[2023-04-10 11:45:17,148] {processor.py:620} INFO - Processing file /home/airflow/.local/lib/python3.7/site-packages/airflow/example_dags/example_latest_only_with_trigger.py for tasks to queue
[2023-04-10 11:45:17,148] {logging_mixin.py:109} INFO - [2023-04-10 11:45:17,148] {dagbag.py:500} INFO - Filling up the DagBag from /home/airflow/.local/lib/python3.7/site-packages/airflow/example_dags/example_latest_only_with_trigger.py
[2023-04-10 11:45:17,167] {processor.py:632} INFO - DAG(s) dict_keys(['latest_only_with_trigger']) retrieved from /home/airflow/.local/lib/python3.7/site-packages/airflow/example_dags/example_latest_only_with_trigger.py
[2023-04-10 11:45:17,174] {logging_mixin.py:109} INFO - [2023-04-10 11:45:17,173] {dag.py:2389} INFO - Sync 1 DAGs
[2023-04-10 11:45:17,184] {logging_mixin.py:109} INFO - [2023-04-10 11:45:17,184] {dag.py:2921} INFO - Setting next_dagrun for latest_only_with_trigger to 2023-04-10T07:45:17.184485+00:00
[2023-04-10 11:45:17,193] {processor.py:171} INFO - Processing /home/airflow/.local/lib/python3.7/site-packages/airflow/example_dags/example_latest_only_with_trigger.py took 0.048 seconds
[2023-04-10 11:45:47,452] {processor.py:163} INFO - Started process (PID=2381) to work on /home/airflow/.local/lib/python3.7/site-packages/airflow/example_dags/example_latest_only_with_trigger.py
[2023-04-10 11:45:47,453] {processor.py:620} INFO - Processing file /home/airflow/.local/lib/python3.7/site-packages/airflow/example_dags/example_latest_only_with_trigger.py for tasks to queue
[2023-04-10 11:45:47,454] {logging_mixin.py:109} INFO - [2023-04-10 11:45:47,453] {dagbag.py:500} INFO - Filling up the DagBag from /home/airflow/.local/lib/python3.7/site-packages/airflow/example_dags/example_latest_only_with_trigger.py
[2023-04-10 11:45:47,474] {processor.py:632} INFO - DAG(s) dict_keys(['latest_only_with_trigger']) retrieved from /home/airflow/.local/lib/python3.7/site-packages/airflow/example_dags/example_latest_only_with_trigger.py
[2023-04-10 11:45:47,481] {logging_mixin.py:109} INFO - [2023-04-10 11:45:47,481] {dag.py:2389} INFO - Sync 1 DAGs
[2023-04-10 11:45:47,492] {logging_mixin.py:109} INFO - [2023-04-10 11:45:47,492] {dag.py:2921} INFO - Setting next_dagrun for latest_only_with_trigger to 2023-04-10T07:45:47.491986+00:00
[2023-04-10 11:45:47,499] {processor.py:171} INFO - Processing /home/airflow/.local/lib/python3.7/site-packages/airflow/example_dags/example_latest_only_with_trigger.py took 0.048 seconds
[2023-04-10 11:46:17,773] {processor.py:163} INFO - Started process (PID=2432) to work on /home/airflow/.local/lib/python3.7/site-packages/airflow/example_dags/example_latest_only_with_trigger.py
[2023-04-10 11:46:17,774] {processor.py:620} INFO - Processing file /home/airflow/.local/lib/python3.7/site-packages/airflow/example_dags/example_latest_only_with_trigger.py for tasks to queue
[2023-04-10 11:46:17,775] {logging_mixin.py:109} INFO - [2023-04-10 11:46:17,774] {dagbag.py:500} INFO - Filling up the DagBag from /home/airflow/.local/lib/python3.7/site-packages/airflow/example_dags/example_latest_only_with_trigger.py
[2023-04-10 11:46:17,793] {processor.py:632} INFO - DAG(s) dict_keys(['latest_only_with_trigger']) retrieved from /home/airflow/.local/lib/python3.7/site-packages/airflow/example_dags/example_latest_only_with_trigger.py
[2023-04-10 11:46:17,800] {logging_mixin.py:109} INFO - [2023-04-10 11:46:17,800] {dag.py:2389} INFO - Sync 1 DAGs
[2023-04-10 11:46:17,811] {logging_mixin.py:109} INFO - [2023-04-10 11:46:17,811] {dag.py:2921} INFO - Setting next_dagrun for latest_only_with_trigger to 2023-04-10T07:46:17.810858+00:00
[2023-04-10 11:46:17,818] {processor.py:171} INFO - Processing /home/airflow/.local/lib/python3.7/site-packages/airflow/example_dags/example_latest_only_with_trigger.py took 0.047 seconds
[2023-04-10 11:46:48,059] {processor.py:163} INFO - Started process (PID=2492) to work on /home/airflow/.local/lib/python3.7/site-packages/airflow/example_dags/example_latest_only_with_trigger.py
[2023-04-10 11:46:48,059] {processor.py:620} INFO - Processing file /home/airflow/.local/lib/python3.7/site-packages/airflow/example_dags/example_latest_only_with_trigger.py for tasks to queue
[2023-04-10 11:46:48,060] {logging_mixin.py:109} INFO - [2023-04-10 11:46:48,060] {dagbag.py:500} INFO - Filling up the DagBag from /home/airflow/.local/lib/python3.7/site-packages/airflow/example_dags/example_latest_only_with_trigger.py
[2023-04-10 11:46:48,080] {processor.py:632} INFO - DAG(s) dict_keys(['latest_only_with_trigger']) retrieved from /home/airflow/.local/lib/python3.7/site-packages/airflow/example_dags/example_latest_only_with_trigger.py
[2023-04-10 11:46:48,087] {logging_mixin.py:109} INFO - [2023-04-10 11:46:48,087] {dag.py:2389} INFO - Sync 1 DAGs
[2023-04-10 11:46:48,099] {logging_mixin.py:109} INFO - [2023-04-10 11:46:48,099] {dag.py:2921} INFO - Setting next_dagrun for latest_only_with_trigger to 2023-04-10T07:46:48.099083+00:00
[2023-04-10 11:46:48,107] {processor.py:171} INFO - Processing /home/airflow/.local/lib/python3.7/site-packages/airflow/example_dags/example_latest_only_with_trigger.py took 0.051 seconds
[2023-04-10 11:47:18,395] {processor.py:163} INFO - Started process (PID=2543) to work on /home/airflow/.local/lib/python3.7/site-packages/airflow/example_dags/example_latest_only_with_trigger.py
[2023-04-10 11:47:18,396] {processor.py:620} INFO - Processing file /home/airflow/.local/lib/python3.7/site-packages/airflow/example_dags/example_latest_only_with_trigger.py for tasks to queue
[2023-04-10 11:47:18,397] {logging_mixin.py:109} INFO - [2023-04-10 11:47:18,397] {dagbag.py:500} INFO - Filling up the DagBag from /home/airflow/.local/lib/python3.7/site-packages/airflow/example_dags/example_latest_only_with_trigger.py
[2023-04-10 11:47:18,421] {processor.py:632} INFO - DAG(s) dict_keys(['latest_only_with_trigger']) retrieved from /home/airflow/.local/lib/python3.7/site-packages/airflow/example_dags/example_latest_only_with_trigger.py
[2023-04-10 11:47:18,430] {logging_mixin.py:109} INFO - [2023-04-10 11:47:18,430] {dag.py:2389} INFO - Sync 1 DAGs
[2023-04-10 11:47:18,444] {logging_mixin.py:109} INFO - [2023-04-10 11:47:18,444] {dag.py:2921} INFO - Setting next_dagrun for latest_only_with_trigger to 2023-04-10T07:47:18.444097+00:00
[2023-04-10 11:47:18,453] {processor.py:171} INFO - Processing /home/airflow/.local/lib/python3.7/site-packages/airflow/example_dags/example_latest_only_with_trigger.py took 0.060 seconds
[2023-04-10 11:47:49,313] {processor.py:163} INFO - Started process (PID=2603) to work on /home/airflow/.local/lib/python3.7/site-packages/airflow/example_dags/example_latest_only_with_trigger.py
[2023-04-10 11:47:49,314] {processor.py:620} INFO - Processing file /home/airflow/.local/lib/python3.7/site-packages/airflow/example_dags/example_latest_only_with_trigger.py for tasks to queue
[2023-04-10 11:47:49,314] {logging_mixin.py:109} INFO - [2023-04-10 11:47:49,314] {dagbag.py:500} INFO - Filling up the DagBag from /home/airflow/.local/lib/python3.7/site-packages/airflow/example_dags/example_latest_only_with_trigger.py
[2023-04-10 11:47:49,342] {processor.py:632} INFO - DAG(s) dict_keys(['latest_only_with_trigger']) retrieved from /home/airflow/.local/lib/python3.7/site-packages/airflow/example_dags/example_latest_only_with_trigger.py
[2023-04-10 11:47:49,350] {logging_mixin.py:109} INFO - [2023-04-10 11:47:49,350] {dag.py:2389} INFO - Sync 1 DAGs
[2023-04-10 11:47:49,365] {logging_mixin.py:109} INFO - [2023-04-10 11:47:49,364] {dag.py:2921} INFO - Setting next_dagrun for latest_only_with_trigger to 2023-04-10T07:47:49.364730+00:00
[2023-04-10 11:47:49,373] {processor.py:171} INFO - Processing /home/airflow/.local/lib/python3.7/site-packages/airflow/example_dags/example_latest_only_with_trigger.py took 0.064 seconds
[2023-04-10 11:48:04,387] {processor.py:163} INFO - Started process (PID=3138) to work on /home/airflow/.local/lib/python3.7/site-packages/airflow/example_dags/example_latest_only_with_trigger.py
[2023-04-10 11:48:04,388] {processor.py:620} INFO - Processing file /home/airflow/.local/lib/python3.7/site-packages/airflow/example_dags/example_latest_only_with_trigger.py for tasks to queue
[2023-04-10 11:48:04,388] {logging_mixin.py:109} INFO - [2023-04-10 11:48:04,388] {dagbag.py:500} INFO - Filling up the DagBag from /home/airflow/.local/lib/python3.7/site-packages/airflow/example_dags/example_latest_only_with_trigger.py
[2023-04-10 11:48:04,412] {processor.py:632} INFO - DAG(s) dict_keys(['latest_only_with_trigger']) retrieved from /home/airflow/.local/lib/python3.7/site-packages/airflow/example_dags/example_latest_only_with_trigger.py
[2023-04-10 11:48:04,421] {logging_mixin.py:109} INFO - [2023-04-10 11:48:04,421] {dag.py:2389} INFO - Sync 1 DAGs
[2023-04-10 11:48:04,432] {logging_mixin.py:109} INFO - [2023-04-10 11:48:04,432] {dag.py:2921} INFO - Setting next_dagrun for latest_only_with_trigger to 2023-04-10T07:48:04.432257+00:00
[2023-04-10 11:48:04,440] {processor.py:171} INFO - Processing /home/airflow/.local/lib/python3.7/site-packages/airflow/example_dags/example_latest_only_with_trigger.py took 0.056 seconds
[2023-04-10 11:48:19,487] {processor.py:163} INFO - Started process (PID=2654) to work on /home/airflow/.local/lib/python3.7/site-packages/airflow/example_dags/example_latest_only_with_trigger.py
[2023-04-10 11:48:19,488] {processor.py:620} INFO - Processing file /home/airflow/.local/lib/python3.7/site-packages/airflow/example_dags/example_latest_only_with_trigger.py for tasks to queue
[2023-04-10 11:48:19,488] {logging_mixin.py:109} INFO - [2023-04-10 11:48:19,488] {dagbag.py:500} INFO - Filling up the DagBag from /home/airflow/.local/lib/python3.7/site-packages/airflow/example_dags/example_latest_only_with_trigger.py
[2023-04-10 11:48:19,512] {processor.py:632} INFO - DAG(s) dict_keys(['latest_only_with_trigger']) retrieved from /home/airflow/.local/lib/python3.7/site-packages/airflow/example_dags/example_latest_only_with_trigger.py
[2023-04-10 11:48:19,521] {logging_mixin.py:109} INFO - [2023-04-10 11:48:19,521] {dag.py:2389} INFO - Sync 1 DAGs
[2023-04-10 11:48:19,537] {logging_mixin.py:109} INFO - [2023-04-10 11:48:19,536] {dag.py:2921} INFO - Setting next_dagrun for latest_only_with_trigger to 2023-04-10T07:48:19.536467+00:00
[2023-04-10 11:48:19,632] {processor.py:171} INFO - Processing /home/airflow/.local/lib/python3.7/site-packages/airflow/example_dags/example_latest_only_with_trigger.py took 0.148 seconds
[2023-04-10 11:48:50,437] {processor.py:163} INFO - Started process (PID=2705) to work on /home/airflow/.local/lib/python3.7/site-packages/airflow/example_dags/example_latest_only_with_trigger.py
[2023-04-10 11:48:50,438] {processor.py:620} INFO - Processing file /home/airflow/.local/lib/python3.7/site-packages/airflow/example_dags/example_latest_only_with_trigger.py for tasks to queue
[2023-04-10 11:48:50,438] {logging_mixin.py:109} INFO - [2023-04-10 11:48:50,438] {dagbag.py:500} INFO - Filling up the DagBag from /home/airflow/.local/lib/python3.7/site-packages/airflow/example_dags/example_latest_only_with_trigger.py
[2023-04-10 11:48:50,460] {processor.py:632} INFO - DAG(s) dict_keys(['latest_only_with_trigger']) retrieved from /home/airflow/.local/lib/python3.7/site-packages/airflow/example_dags/example_latest_only_with_trigger.py
[2023-04-10 11:48:50,468] {logging_mixin.py:109} INFO - [2023-04-10 11:48:50,468] {dag.py:2389} INFO - Sync 1 DAGs
[2023-04-10 11:48:50,547] {logging_mixin.py:109} INFO - [2023-04-10 11:48:50,546] {dag.py:2921} INFO - Setting next_dagrun for latest_only_with_trigger to 2023-04-10T07:48:50.546771+00:00
[2023-04-10 11:48:50,555] {processor.py:171} INFO - Processing /home/airflow/.local/lib/python3.7/site-packages/airflow/example_dags/example_latest_only_with_trigger.py took 0.120 seconds
