[2023-04-10 11:26:56,510] {processor.py:163} INFO - Started process (PID=237) to work on /home/airflow/.local/lib/python3.7/site-packages/airflow/example_dags/example_time_delta_sensor_async.py
[2023-04-10 11:26:56,511] {processor.py:620} INFO - Processing file /home/airflow/.local/lib/python3.7/site-packages/airflow/example_dags/example_time_delta_sensor_async.py for tasks to queue
[2023-04-10 11:26:56,511] {logging_mixin.py:109} INFO - [2023-04-10 11:26:56,511] {dagbag.py:500} INFO - Filling up the DagBag from /home/airflow/.local/lib/python3.7/site-packages/airflow/example_dags/example_time_delta_sensor_async.py
[2023-04-10 11:26:56,545] {processor.py:632} INFO - DAG(s) dict_keys(['example_time_delta_sensor_async']) retrieved from /home/airflow/.local/lib/python3.7/site-packages/airflow/example_dags/example_time_delta_sensor_async.py
[2023-04-10 11:26:58,092] {logging_mixin.py:109} INFO - [2023-04-10 11:26:58,092] {providers_manager.py:156} WARNING - Exception when importing 'airflow.providers.google.leveldb.hooks.leveldb.LevelDBHook' from 'apache-airflow-providers-google' package: No module named 'plyvel'
[2023-04-10 11:26:58,456] {logging_mixin.py:109} INFO - [2023-04-10 11:26:58,456] {providers_manager.py:156} WARNING - Exception when importing 'airflow.providers.google.leveldb.hooks.leveldb.LevelDBHook' from 'apache-airflow-providers-google' package: No module named 'plyvel'
[2023-04-10 11:26:58,480] {logging_mixin.py:109} INFO - [2023-04-10 11:26:58,480] {manager.py:496} INFO - Created Permission View: can read on DAG:example_time_delta_sensor_async
[2023-04-10 11:26:58,489] {logging_mixin.py:109} INFO - [2023-04-10 11:26:58,489] {manager.py:496} INFO - Created Permission View: can edit on DAG:example_time_delta_sensor_async
[2023-04-10 11:26:58,490] {logging_mixin.py:109} INFO - [2023-04-10 11:26:58,489] {dag.py:2389} INFO - Sync 1 DAGs
[2023-04-10 11:26:58,498] {logging_mixin.py:109} INFO - [2023-04-10 11:26:58,498] {dag.py:2408} INFO - Creating ORM DAG for example_time_delta_sensor_async
[2023-04-10 11:26:58,506] {logging_mixin.py:109} INFO - [2023-04-10 11:26:58,506] {dag.py:2921} INFO - Setting next_dagrun for example_time_delta_sensor_async to None
[2023-04-10 11:26:58,519] {processor.py:171} INFO - Processing /home/airflow/.local/lib/python3.7/site-packages/airflow/example_dags/example_time_delta_sensor_async.py took 2.013 seconds
[2023-04-10 11:27:28,828] {processor.py:163} INFO - Started process (PID=385) to work on /home/airflow/.local/lib/python3.7/site-packages/airflow/example_dags/example_time_delta_sensor_async.py
[2023-04-10 11:27:28,829] {processor.py:620} INFO - Processing file /home/airflow/.local/lib/python3.7/site-packages/airflow/example_dags/example_time_delta_sensor_async.py for tasks to queue
[2023-04-10 11:27:28,830] {logging_mixin.py:109} INFO - [2023-04-10 11:27:28,829] {dagbag.py:500} INFO - Filling up the DagBag from /home/airflow/.local/lib/python3.7/site-packages/airflow/example_dags/example_time_delta_sensor_async.py
[2023-04-10 11:27:28,858] {processor.py:632} INFO - DAG(s) dict_keys(['example_time_delta_sensor_async']) retrieved from /home/airflow/.local/lib/python3.7/site-packages/airflow/example_dags/example_time_delta_sensor_async.py
[2023-04-10 11:27:28,871] {logging_mixin.py:109} INFO - [2023-04-10 11:27:28,871] {dag.py:2389} INFO - Sync 1 DAGs
[2023-04-10 11:27:28,888] {logging_mixin.py:109} INFO - [2023-04-10 11:27:28,888] {dag.py:2921} INFO - Setting next_dagrun for example_time_delta_sensor_async to None
[2023-04-10 11:27:28,899] {processor.py:171} INFO - Processing /home/airflow/.local/lib/python3.7/site-packages/airflow/example_dags/example_time_delta_sensor_async.py took 0.073 seconds
[2023-04-10 11:27:58,971] {processor.py:163} INFO - Started process (PID=436) to work on /home/airflow/.local/lib/python3.7/site-packages/airflow/example_dags/example_time_delta_sensor_async.py
[2023-04-10 11:27:58,973] {processor.py:620} INFO - Processing file /home/airflow/.local/lib/python3.7/site-packages/airflow/example_dags/example_time_delta_sensor_async.py for tasks to queue
[2023-04-10 11:27:58,973] {logging_mixin.py:109} INFO - [2023-04-10 11:27:58,973] {dagbag.py:500} INFO - Filling up the DagBag from /home/airflow/.local/lib/python3.7/site-packages/airflow/example_dags/example_time_delta_sensor_async.py
[2023-04-10 11:27:59,000] {processor.py:632} INFO - DAG(s) dict_keys(['example_time_delta_sensor_async']) retrieved from /home/airflow/.local/lib/python3.7/site-packages/airflow/example_dags/example_time_delta_sensor_async.py
[2023-04-10 11:27:59,010] {logging_mixin.py:109} INFO - [2023-04-10 11:27:59,010] {dag.py:2389} INFO - Sync 1 DAGs
[2023-04-10 11:27:59,025] {logging_mixin.py:109} INFO - [2023-04-10 11:27:59,025] {dag.py:2921} INFO - Setting next_dagrun for example_time_delta_sensor_async to None
[2023-04-10 11:27:59,035] {processor.py:171} INFO - Processing /home/airflow/.local/lib/python3.7/site-packages/airflow/example_dags/example_time_delta_sensor_async.py took 0.067 seconds
[2023-04-10 11:28:29,163] {processor.py:163} INFO - Started process (PID=487) to work on /home/airflow/.local/lib/python3.7/site-packages/airflow/example_dags/example_time_delta_sensor_async.py
[2023-04-10 11:28:29,171] {processor.py:620} INFO - Processing file /home/airflow/.local/lib/python3.7/site-packages/airflow/example_dags/example_time_delta_sensor_async.py for tasks to queue
[2023-04-10 11:28:29,171] {logging_mixin.py:109} INFO - [2023-04-10 11:28:29,171] {dagbag.py:500} INFO - Filling up the DagBag from /home/airflow/.local/lib/python3.7/site-packages/airflow/example_dags/example_time_delta_sensor_async.py
[2023-04-10 11:28:29,190] {processor.py:632} INFO - DAG(s) dict_keys(['example_time_delta_sensor_async']) retrieved from /home/airflow/.local/lib/python3.7/site-packages/airflow/example_dags/example_time_delta_sensor_async.py
[2023-04-10 11:28:29,196] {logging_mixin.py:109} INFO - [2023-04-10 11:28:29,196] {dag.py:2389} INFO - Sync 1 DAGs
[2023-04-10 11:28:29,207] {logging_mixin.py:109} INFO - [2023-04-10 11:28:29,207] {dag.py:2921} INFO - Setting next_dagrun for example_time_delta_sensor_async to None
[2023-04-10 11:28:29,214] {processor.py:171} INFO - Processing /home/airflow/.local/lib/python3.7/site-packages/airflow/example_dags/example_time_delta_sensor_async.py took 0.053 seconds
[2023-04-10 11:28:59,450] {processor.py:163} INFO - Started process (PID=547) to work on /home/airflow/.local/lib/python3.7/site-packages/airflow/example_dags/example_time_delta_sensor_async.py
[2023-04-10 11:28:59,450] {processor.py:620} INFO - Processing file /home/airflow/.local/lib/python3.7/site-packages/airflow/example_dags/example_time_delta_sensor_async.py for tasks to queue
[2023-04-10 11:28:59,451] {logging_mixin.py:109} INFO - [2023-04-10 11:28:59,450] {dagbag.py:500} INFO - Filling up the DagBag from /home/airflow/.local/lib/python3.7/site-packages/airflow/example_dags/example_time_delta_sensor_async.py
[2023-04-10 11:28:59,468] {processor.py:632} INFO - DAG(s) dict_keys(['example_time_delta_sensor_async']) retrieved from /home/airflow/.local/lib/python3.7/site-packages/airflow/example_dags/example_time_delta_sensor_async.py
[2023-04-10 11:28:59,475] {logging_mixin.py:109} INFO - [2023-04-10 11:28:59,474] {dag.py:2389} INFO - Sync 1 DAGs
[2023-04-10 11:28:59,485] {logging_mixin.py:109} INFO - [2023-04-10 11:28:59,485] {dag.py:2921} INFO - Setting next_dagrun for example_time_delta_sensor_async to None
[2023-04-10 11:28:59,493] {processor.py:171} INFO - Processing /home/airflow/.local/lib/python3.7/site-packages/airflow/example_dags/example_time_delta_sensor_async.py took 0.047 seconds
[2023-04-10 11:29:29,646] {processor.py:163} INFO - Started process (PID=600) to work on /home/airflow/.local/lib/python3.7/site-packages/airflow/example_dags/example_time_delta_sensor_async.py
[2023-04-10 11:29:29,647] {processor.py:620} INFO - Processing file /home/airflow/.local/lib/python3.7/site-packages/airflow/example_dags/example_time_delta_sensor_async.py for tasks to queue
[2023-04-10 11:29:29,648] {logging_mixin.py:109} INFO - [2023-04-10 11:29:29,647] {dagbag.py:500} INFO - Filling up the DagBag from /home/airflow/.local/lib/python3.7/site-packages/airflow/example_dags/example_time_delta_sensor_async.py
[2023-04-10 11:29:29,670] {processor.py:632} INFO - DAG(s) dict_keys(['example_time_delta_sensor_async']) retrieved from /home/airflow/.local/lib/python3.7/site-packages/airflow/example_dags/example_time_delta_sensor_async.py
[2023-04-10 11:29:29,678] {logging_mixin.py:109} INFO - [2023-04-10 11:29:29,678] {dag.py:2389} INFO - Sync 1 DAGs
[2023-04-10 11:29:29,692] {logging_mixin.py:109} INFO - [2023-04-10 11:29:29,692] {dag.py:2921} INFO - Setting next_dagrun for example_time_delta_sensor_async to None
[2023-04-10 11:29:29,709] {processor.py:171} INFO - Processing /home/airflow/.local/lib/python3.7/site-packages/airflow/example_dags/example_time_delta_sensor_async.py took 0.066 seconds
[2023-04-10 11:30:00,012] {processor.py:163} INFO - Started process (PID=660) to work on /home/airflow/.local/lib/python3.7/site-packages/airflow/example_dags/example_time_delta_sensor_async.py
[2023-04-10 11:30:00,013] {processor.py:620} INFO - Processing file /home/airflow/.local/lib/python3.7/site-packages/airflow/example_dags/example_time_delta_sensor_async.py for tasks to queue
[2023-04-10 11:30:00,013] {logging_mixin.py:109} INFO - [2023-04-10 11:30:00,013] {dagbag.py:500} INFO - Filling up the DagBag from /home/airflow/.local/lib/python3.7/site-packages/airflow/example_dags/example_time_delta_sensor_async.py
[2023-04-10 11:30:00,031] {processor.py:632} INFO - DAG(s) dict_keys(['example_time_delta_sensor_async']) retrieved from /home/airflow/.local/lib/python3.7/site-packages/airflow/example_dags/example_time_delta_sensor_async.py
[2023-04-10 11:30:00,037] {logging_mixin.py:109} INFO - [2023-04-10 11:30:00,037] {dag.py:2389} INFO - Sync 1 DAGs
[2023-04-10 11:30:00,047] {logging_mixin.py:109} INFO - [2023-04-10 11:30:00,046] {dag.py:2921} INFO - Setting next_dagrun for example_time_delta_sensor_async to None
[2023-04-10 11:30:00,055] {processor.py:171} INFO - Processing /home/airflow/.local/lib/python3.7/site-packages/airflow/example_dags/example_time_delta_sensor_async.py took 0.045 seconds
[2023-04-10 11:30:30,390] {processor.py:163} INFO - Started process (PID=711) to work on /home/airflow/.local/lib/python3.7/site-packages/airflow/example_dags/example_time_delta_sensor_async.py
[2023-04-10 11:30:30,398] {processor.py:620} INFO - Processing file /home/airflow/.local/lib/python3.7/site-packages/airflow/example_dags/example_time_delta_sensor_async.py for tasks to queue
[2023-04-10 11:30:30,398] {logging_mixin.py:109} INFO - [2023-04-10 11:30:30,398] {dagbag.py:500} INFO - Filling up the DagBag from /home/airflow/.local/lib/python3.7/site-packages/airflow/example_dags/example_time_delta_sensor_async.py
[2023-04-10 11:30:30,416] {processor.py:632} INFO - DAG(s) dict_keys(['example_time_delta_sensor_async']) retrieved from /home/airflow/.local/lib/python3.7/site-packages/airflow/example_dags/example_time_delta_sensor_async.py
[2023-04-10 11:30:30,423] {logging_mixin.py:109} INFO - [2023-04-10 11:30:30,423] {dag.py:2389} INFO - Sync 1 DAGs
[2023-04-10 11:30:30,433] {logging_mixin.py:109} INFO - [2023-04-10 11:30:30,433] {dag.py:2921} INFO - Setting next_dagrun for example_time_delta_sensor_async to None
[2023-04-10 11:30:30,440] {processor.py:171} INFO - Processing /home/airflow/.local/lib/python3.7/site-packages/airflow/example_dags/example_time_delta_sensor_async.py took 0.053 seconds
[2023-04-10 11:31:00,853] {processor.py:163} INFO - Started process (PID=771) to work on /home/airflow/.local/lib/python3.7/site-packages/airflow/example_dags/example_time_delta_sensor_async.py
[2023-04-10 11:31:00,854] {processor.py:620} INFO - Processing file /home/airflow/.local/lib/python3.7/site-packages/airflow/example_dags/example_time_delta_sensor_async.py for tasks to queue
[2023-04-10 11:31:00,854] {logging_mixin.py:109} INFO - [2023-04-10 11:31:00,854] {dagbag.py:500} INFO - Filling up the DagBag from /home/airflow/.local/lib/python3.7/site-packages/airflow/example_dags/example_time_delta_sensor_async.py
[2023-04-10 11:31:00,878] {processor.py:632} INFO - DAG(s) dict_keys(['example_time_delta_sensor_async']) retrieved from /home/airflow/.local/lib/python3.7/site-packages/airflow/example_dags/example_time_delta_sensor_async.py
[2023-04-10 11:31:00,888] {logging_mixin.py:109} INFO - [2023-04-10 11:31:00,888] {dag.py:2389} INFO - Sync 1 DAGs
[2023-04-10 11:31:00,902] {logging_mixin.py:109} INFO - [2023-04-10 11:31:00,902] {dag.py:2921} INFO - Setting next_dagrun for example_time_delta_sensor_async to None
[2023-04-10 11:31:00,911] {processor.py:171} INFO - Processing /home/airflow/.local/lib/python3.7/site-packages/airflow/example_dags/example_time_delta_sensor_async.py took 0.061 seconds
[2023-04-10 11:31:31,205] {processor.py:163} INFO - Started process (PID=822) to work on /home/airflow/.local/lib/python3.7/site-packages/airflow/example_dags/example_time_delta_sensor_async.py
[2023-04-10 11:31:31,213] {processor.py:620} INFO - Processing file /home/airflow/.local/lib/python3.7/site-packages/airflow/example_dags/example_time_delta_sensor_async.py for tasks to queue
[2023-04-10 11:31:31,213] {logging_mixin.py:109} INFO - [2023-04-10 11:31:31,213] {dagbag.py:500} INFO - Filling up the DagBag from /home/airflow/.local/lib/python3.7/site-packages/airflow/example_dags/example_time_delta_sensor_async.py
[2023-04-10 11:31:31,231] {processor.py:632} INFO - DAG(s) dict_keys(['example_time_delta_sensor_async']) retrieved from /home/airflow/.local/lib/python3.7/site-packages/airflow/example_dags/example_time_delta_sensor_async.py
[2023-04-10 11:31:31,237] {logging_mixin.py:109} INFO - [2023-04-10 11:31:31,237] {dag.py:2389} INFO - Sync 1 DAGs
[2023-04-10 11:31:31,248] {logging_mixin.py:109} INFO - [2023-04-10 11:31:31,248] {dag.py:2921} INFO - Setting next_dagrun for example_time_delta_sensor_async to None
[2023-04-10 11:31:31,256] {processor.py:171} INFO - Processing /home/airflow/.local/lib/python3.7/site-packages/airflow/example_dags/example_time_delta_sensor_async.py took 0.053 seconds
[2023-04-10 11:32:01,464] {processor.py:163} INFO - Started process (PID=881) to work on /home/airflow/.local/lib/python3.7/site-packages/airflow/example_dags/example_time_delta_sensor_async.py
[2023-04-10 11:32:01,472] {processor.py:620} INFO - Processing file /home/airflow/.local/lib/python3.7/site-packages/airflow/example_dags/example_time_delta_sensor_async.py for tasks to queue
[2023-04-10 11:32:01,472] {logging_mixin.py:109} INFO - [2023-04-10 11:32:01,472] {dagbag.py:500} INFO - Filling up the DagBag from /home/airflow/.local/lib/python3.7/site-packages/airflow/example_dags/example_time_delta_sensor_async.py
[2023-04-10 11:32:01,492] {processor.py:632} INFO - DAG(s) dict_keys(['example_time_delta_sensor_async']) retrieved from /home/airflow/.local/lib/python3.7/site-packages/airflow/example_dags/example_time_delta_sensor_async.py
[2023-04-10 11:32:01,505] {logging_mixin.py:109} INFO - [2023-04-10 11:32:01,505] {dag.py:2389} INFO - Sync 1 DAGs
[2023-04-10 11:32:01,519] {logging_mixin.py:109} INFO - [2023-04-10 11:32:01,519] {dag.py:2921} INFO - Setting next_dagrun for example_time_delta_sensor_async to None
[2023-04-10 11:32:01,528] {processor.py:171} INFO - Processing /home/airflow/.local/lib/python3.7/site-packages/airflow/example_dags/example_time_delta_sensor_async.py took 0.066 seconds
[2023-04-10 11:32:31,680] {processor.py:163} INFO - Started process (PID=935) to work on /home/airflow/.local/lib/python3.7/site-packages/airflow/example_dags/example_time_delta_sensor_async.py
[2023-04-10 11:32:31,680] {processor.py:620} INFO - Processing file /home/airflow/.local/lib/python3.7/site-packages/airflow/example_dags/example_time_delta_sensor_async.py for tasks to queue
[2023-04-10 11:32:31,681] {logging_mixin.py:109} INFO - [2023-04-10 11:32:31,681] {dagbag.py:500} INFO - Filling up the DagBag from /home/airflow/.local/lib/python3.7/site-packages/airflow/example_dags/example_time_delta_sensor_async.py
[2023-04-10 11:32:31,700] {processor.py:632} INFO - DAG(s) dict_keys(['example_time_delta_sensor_async']) retrieved from /home/airflow/.local/lib/python3.7/site-packages/airflow/example_dags/example_time_delta_sensor_async.py
[2023-04-10 11:32:31,707] {logging_mixin.py:109} INFO - [2023-04-10 11:32:31,707] {dag.py:2389} INFO - Sync 1 DAGs
[2023-04-10 11:32:31,721] {logging_mixin.py:109} INFO - [2023-04-10 11:32:31,721] {dag.py:2921} INFO - Setting next_dagrun for example_time_delta_sensor_async to None
[2023-04-10 11:32:31,731] {processor.py:171} INFO - Processing /home/airflow/.local/lib/python3.7/site-packages/airflow/example_dags/example_time_delta_sensor_async.py took 0.054 seconds
[2023-04-10 11:33:02,116] {processor.py:163} INFO - Started process (PID=986) to work on /home/airflow/.local/lib/python3.7/site-packages/airflow/example_dags/example_time_delta_sensor_async.py
[2023-04-10 11:33:02,123] {processor.py:620} INFO - Processing file /home/airflow/.local/lib/python3.7/site-packages/airflow/example_dags/example_time_delta_sensor_async.py for tasks to queue
[2023-04-10 11:33:02,124] {logging_mixin.py:109} INFO - [2023-04-10 11:33:02,124] {dagbag.py:500} INFO - Filling up the DagBag from /home/airflow/.local/lib/python3.7/site-packages/airflow/example_dags/example_time_delta_sensor_async.py
[2023-04-10 11:33:02,143] {processor.py:632} INFO - DAG(s) dict_keys(['example_time_delta_sensor_async']) retrieved from /home/airflow/.local/lib/python3.7/site-packages/airflow/example_dags/example_time_delta_sensor_async.py
[2023-04-10 11:33:02,151] {logging_mixin.py:109} INFO - [2023-04-10 11:33:02,151] {dag.py:2389} INFO - Sync 1 DAGs
[2023-04-10 11:33:02,162] {logging_mixin.py:109} INFO - [2023-04-10 11:33:02,162] {dag.py:2921} INFO - Setting next_dagrun for example_time_delta_sensor_async to None
[2023-04-10 11:33:02,170] {processor.py:171} INFO - Processing /home/airflow/.local/lib/python3.7/site-packages/airflow/example_dags/example_time_delta_sensor_async.py took 0.056 seconds
[2023-04-10 11:33:32,370] {processor.py:163} INFO - Started process (PID=1047) to work on /home/airflow/.local/lib/python3.7/site-packages/airflow/example_dags/example_time_delta_sensor_async.py
[2023-04-10 11:33:32,370] {processor.py:620} INFO - Processing file /home/airflow/.local/lib/python3.7/site-packages/airflow/example_dags/example_time_delta_sensor_async.py for tasks to queue
[2023-04-10 11:33:32,371] {logging_mixin.py:109} INFO - [2023-04-10 11:33:32,371] {dagbag.py:500} INFO - Filling up the DagBag from /home/airflow/.local/lib/python3.7/site-packages/airflow/example_dags/example_time_delta_sensor_async.py
[2023-04-10 11:33:32,390] {processor.py:632} INFO - DAG(s) dict_keys(['example_time_delta_sensor_async']) retrieved from /home/airflow/.local/lib/python3.7/site-packages/airflow/example_dags/example_time_delta_sensor_async.py
[2023-04-10 11:33:32,397] {logging_mixin.py:109} INFO - [2023-04-10 11:33:32,397] {dag.py:2389} INFO - Sync 1 DAGs
[2023-04-10 11:33:32,409] {logging_mixin.py:109} INFO - [2023-04-10 11:33:32,409] {dag.py:2921} INFO - Setting next_dagrun for example_time_delta_sensor_async to None
[2023-04-10 11:33:32,417] {processor.py:171} INFO - Processing /home/airflow/.local/lib/python3.7/site-packages/airflow/example_dags/example_time_delta_sensor_async.py took 0.051 seconds
[2023-04-10 11:34:03,017] {processor.py:163} INFO - Started process (PID=1098) to work on /home/airflow/.local/lib/python3.7/site-packages/airflow/example_dags/example_time_delta_sensor_async.py
[2023-04-10 11:34:03,018] {processor.py:620} INFO - Processing file /home/airflow/.local/lib/python3.7/site-packages/airflow/example_dags/example_time_delta_sensor_async.py for tasks to queue
[2023-04-10 11:34:03,019] {logging_mixin.py:109} INFO - [2023-04-10 11:34:03,019] {dagbag.py:500} INFO - Filling up the DagBag from /home/airflow/.local/lib/python3.7/site-packages/airflow/example_dags/example_time_delta_sensor_async.py
[2023-04-10 11:34:03,041] {processor.py:632} INFO - DAG(s) dict_keys(['example_time_delta_sensor_async']) retrieved from /home/airflow/.local/lib/python3.7/site-packages/airflow/example_dags/example_time_delta_sensor_async.py
[2023-04-10 11:34:03,050] {logging_mixin.py:109} INFO - [2023-04-10 11:34:03,050] {dag.py:2389} INFO - Sync 1 DAGs
[2023-04-10 11:34:03,063] {logging_mixin.py:109} INFO - [2023-04-10 11:34:03,063] {dag.py:2921} INFO - Setting next_dagrun for example_time_delta_sensor_async to None
[2023-04-10 11:34:03,071] {processor.py:171} INFO - Processing /home/airflow/.local/lib/python3.7/site-packages/airflow/example_dags/example_time_delta_sensor_async.py took 0.057 seconds
[2023-04-10 11:34:33,394] {processor.py:163} INFO - Started process (PID=1158) to work on /home/airflow/.local/lib/python3.7/site-packages/airflow/example_dags/example_time_delta_sensor_async.py
[2023-04-10 11:34:33,395] {processor.py:620} INFO - Processing file /home/airflow/.local/lib/python3.7/site-packages/airflow/example_dags/example_time_delta_sensor_async.py for tasks to queue
[2023-04-10 11:34:33,395] {logging_mixin.py:109} INFO - [2023-04-10 11:34:33,395] {dagbag.py:500} INFO - Filling up the DagBag from /home/airflow/.local/lib/python3.7/site-packages/airflow/example_dags/example_time_delta_sensor_async.py
[2023-04-10 11:34:33,423] {processor.py:632} INFO - DAG(s) dict_keys(['example_time_delta_sensor_async']) retrieved from /home/airflow/.local/lib/python3.7/site-packages/airflow/example_dags/example_time_delta_sensor_async.py
[2023-04-10 11:34:33,433] {logging_mixin.py:109} INFO - [2023-04-10 11:34:33,433] {dag.py:2389} INFO - Sync 1 DAGs
[2023-04-10 11:34:33,447] {logging_mixin.py:109} INFO - [2023-04-10 11:34:33,447] {dag.py:2921} INFO - Setting next_dagrun for example_time_delta_sensor_async to None
[2023-04-10 11:34:33,458] {processor.py:171} INFO - Processing /home/airflow/.local/lib/python3.7/site-packages/airflow/example_dags/example_time_delta_sensor_async.py took 0.067 seconds
[2023-04-10 11:35:03,688] {processor.py:163} INFO - Started process (PID=1209) to work on /home/airflow/.local/lib/python3.7/site-packages/airflow/example_dags/example_time_delta_sensor_async.py
[2023-04-10 11:35:03,689] {processor.py:620} INFO - Processing file /home/airflow/.local/lib/python3.7/site-packages/airflow/example_dags/example_time_delta_sensor_async.py for tasks to queue
[2023-04-10 11:35:03,689] {logging_mixin.py:109} INFO - [2023-04-10 11:35:03,689] {dagbag.py:500} INFO - Filling up the DagBag from /home/airflow/.local/lib/python3.7/site-packages/airflow/example_dags/example_time_delta_sensor_async.py
[2023-04-10 11:35:03,708] {processor.py:632} INFO - DAG(s) dict_keys(['example_time_delta_sensor_async']) retrieved from /home/airflow/.local/lib/python3.7/site-packages/airflow/example_dags/example_time_delta_sensor_async.py
[2023-04-10 11:35:03,715] {logging_mixin.py:109} INFO - [2023-04-10 11:35:03,715] {dag.py:2389} INFO - Sync 1 DAGs
[2023-04-10 11:35:03,725] {logging_mixin.py:109} INFO - [2023-04-10 11:35:03,725] {dag.py:2921} INFO - Setting next_dagrun for example_time_delta_sensor_async to None
[2023-04-10 11:35:03,732] {processor.py:171} INFO - Processing /home/airflow/.local/lib/python3.7/site-packages/airflow/example_dags/example_time_delta_sensor_async.py took 0.047 seconds
[2023-04-10 11:35:34,012] {processor.py:163} INFO - Started process (PID=1267) to work on /home/airflow/.local/lib/python3.7/site-packages/airflow/example_dags/example_time_delta_sensor_async.py
[2023-04-10 11:35:34,013] {processor.py:620} INFO - Processing file /home/airflow/.local/lib/python3.7/site-packages/airflow/example_dags/example_time_delta_sensor_async.py for tasks to queue
[2023-04-10 11:35:34,014] {logging_mixin.py:109} INFO - [2023-04-10 11:35:34,014] {dagbag.py:500} INFO - Filling up the DagBag from /home/airflow/.local/lib/python3.7/site-packages/airflow/example_dags/example_time_delta_sensor_async.py
[2023-04-10 11:35:34,038] {processor.py:632} INFO - DAG(s) dict_keys(['example_time_delta_sensor_async']) retrieved from /home/airflow/.local/lib/python3.7/site-packages/airflow/example_dags/example_time_delta_sensor_async.py
[2023-04-10 11:35:34,046] {logging_mixin.py:109} INFO - [2023-04-10 11:35:34,046] {dag.py:2389} INFO - Sync 1 DAGs
[2023-04-10 11:35:34,062] {logging_mixin.py:109} INFO - [2023-04-10 11:35:34,062] {dag.py:2921} INFO - Setting next_dagrun for example_time_delta_sensor_async to None
[2023-04-10 11:35:34,074] {processor.py:171} INFO - Processing /home/airflow/.local/lib/python3.7/site-packages/airflow/example_dags/example_time_delta_sensor_async.py took 0.065 seconds
[2023-04-10 11:36:04,322] {processor.py:163} INFO - Started process (PID=1320) to work on /home/airflow/.local/lib/python3.7/site-packages/airflow/example_dags/example_time_delta_sensor_async.py
[2023-04-10 11:36:04,324] {processor.py:620} INFO - Processing file /home/airflow/.local/lib/python3.7/site-packages/airflow/example_dags/example_time_delta_sensor_async.py for tasks to queue
[2023-04-10 11:36:04,324] {logging_mixin.py:109} INFO - [2023-04-10 11:36:04,324] {dagbag.py:500} INFO - Filling up the DagBag from /home/airflow/.local/lib/python3.7/site-packages/airflow/example_dags/example_time_delta_sensor_async.py
[2023-04-10 11:36:04,344] {processor.py:632} INFO - DAG(s) dict_keys(['example_time_delta_sensor_async']) retrieved from /home/airflow/.local/lib/python3.7/site-packages/airflow/example_dags/example_time_delta_sensor_async.py
[2023-04-10 11:36:04,351] {logging_mixin.py:109} INFO - [2023-04-10 11:36:04,351] {dag.py:2389} INFO - Sync 1 DAGs
[2023-04-10 11:36:04,363] {logging_mixin.py:109} INFO - [2023-04-10 11:36:04,363] {dag.py:2921} INFO - Setting next_dagrun for example_time_delta_sensor_async to None
[2023-04-10 11:36:04,372] {processor.py:171} INFO - Processing /home/airflow/.local/lib/python3.7/site-packages/airflow/example_dags/example_time_delta_sensor_async.py took 0.052 seconds
[2023-04-10 11:36:34,800] {processor.py:163} INFO - Started process (PID=1372) to work on /home/airflow/.local/lib/python3.7/site-packages/airflow/example_dags/example_time_delta_sensor_async.py
[2023-04-10 11:36:34,807] {processor.py:620} INFO - Processing file /home/airflow/.local/lib/python3.7/site-packages/airflow/example_dags/example_time_delta_sensor_async.py for tasks to queue
[2023-04-10 11:36:34,808] {logging_mixin.py:109} INFO - [2023-04-10 11:36:34,808] {dagbag.py:500} INFO - Filling up the DagBag from /home/airflow/.local/lib/python3.7/site-packages/airflow/example_dags/example_time_delta_sensor_async.py
[2023-04-10 11:36:34,830] {processor.py:632} INFO - DAG(s) dict_keys(['example_time_delta_sensor_async']) retrieved from /home/airflow/.local/lib/python3.7/site-packages/airflow/example_dags/example_time_delta_sensor_async.py
[2023-04-10 11:36:34,836] {logging_mixin.py:109} INFO - [2023-04-10 11:36:34,836] {dag.py:2389} INFO - Sync 1 DAGs
[2023-04-10 11:36:34,846] {logging_mixin.py:109} INFO - [2023-04-10 11:36:34,846] {dag.py:2921} INFO - Setting next_dagrun for example_time_delta_sensor_async to None
[2023-04-10 11:36:34,853] {processor.py:171} INFO - Processing /home/airflow/.local/lib/python3.7/site-packages/airflow/example_dags/example_time_delta_sensor_async.py took 0.057 seconds
[2023-04-10 11:37:05,168] {processor.py:163} INFO - Started process (PID=1433) to work on /home/airflow/.local/lib/python3.7/site-packages/airflow/example_dags/example_time_delta_sensor_async.py
[2023-04-10 11:37:05,169] {processor.py:620} INFO - Processing file /home/airflow/.local/lib/python3.7/site-packages/airflow/example_dags/example_time_delta_sensor_async.py for tasks to queue
[2023-04-10 11:37:05,170] {logging_mixin.py:109} INFO - [2023-04-10 11:37:05,170] {dagbag.py:500} INFO - Filling up the DagBag from /home/airflow/.local/lib/python3.7/site-packages/airflow/example_dags/example_time_delta_sensor_async.py
[2023-04-10 11:37:05,192] {processor.py:632} INFO - DAG(s) dict_keys(['example_time_delta_sensor_async']) retrieved from /home/airflow/.local/lib/python3.7/site-packages/airflow/example_dags/example_time_delta_sensor_async.py
[2023-04-10 11:37:05,198] {logging_mixin.py:109} INFO - [2023-04-10 11:37:05,198] {dag.py:2389} INFO - Sync 1 DAGs
[2023-04-10 11:37:05,209] {logging_mixin.py:109} INFO - [2023-04-10 11:37:05,209] {dag.py:2921} INFO - Setting next_dagrun for example_time_delta_sensor_async to None
[2023-04-10 11:37:05,218] {processor.py:171} INFO - Processing /home/airflow/.local/lib/python3.7/site-packages/airflow/example_dags/example_time_delta_sensor_async.py took 0.052 seconds
[2023-04-10 11:37:35,409] {processor.py:163} INFO - Started process (PID=1484) to work on /home/airflow/.local/lib/python3.7/site-packages/airflow/example_dags/example_time_delta_sensor_async.py
[2023-04-10 11:37:35,410] {processor.py:620} INFO - Processing file /home/airflow/.local/lib/python3.7/site-packages/airflow/example_dags/example_time_delta_sensor_async.py for tasks to queue
[2023-04-10 11:37:35,411] {logging_mixin.py:109} INFO - [2023-04-10 11:37:35,410] {dagbag.py:500} INFO - Filling up the DagBag from /home/airflow/.local/lib/python3.7/site-packages/airflow/example_dags/example_time_delta_sensor_async.py
[2023-04-10 11:37:35,430] {processor.py:632} INFO - DAG(s) dict_keys(['example_time_delta_sensor_async']) retrieved from /home/airflow/.local/lib/python3.7/site-packages/airflow/example_dags/example_time_delta_sensor_async.py
[2023-04-10 11:37:35,437] {logging_mixin.py:109} INFO - [2023-04-10 11:37:35,437] {dag.py:2389} INFO - Sync 1 DAGs
[2023-04-10 11:37:35,447] {logging_mixin.py:109} INFO - [2023-04-10 11:37:35,447] {dag.py:2921} INFO - Setting next_dagrun for example_time_delta_sensor_async to None
[2023-04-10 11:37:35,454] {processor.py:171} INFO - Processing /home/airflow/.local/lib/python3.7/site-packages/airflow/example_dags/example_time_delta_sensor_async.py took 0.048 seconds
[2023-04-10 11:38:05,771] {processor.py:163} INFO - Started process (PID=1545) to work on /home/airflow/.local/lib/python3.7/site-packages/airflow/example_dags/example_time_delta_sensor_async.py
[2023-04-10 11:38:05,772] {processor.py:620} INFO - Processing file /home/airflow/.local/lib/python3.7/site-packages/airflow/example_dags/example_time_delta_sensor_async.py for tasks to queue
[2023-04-10 11:38:05,772] {logging_mixin.py:109} INFO - [2023-04-10 11:38:05,772] {dagbag.py:500} INFO - Filling up the DagBag from /home/airflow/.local/lib/python3.7/site-packages/airflow/example_dags/example_time_delta_sensor_async.py
[2023-04-10 11:38:05,795] {processor.py:632} INFO - DAG(s) dict_keys(['example_time_delta_sensor_async']) retrieved from /home/airflow/.local/lib/python3.7/site-packages/airflow/example_dags/example_time_delta_sensor_async.py
[2023-04-10 11:38:05,804] {logging_mixin.py:109} INFO - [2023-04-10 11:38:05,804] {dag.py:2389} INFO - Sync 1 DAGs
[2023-04-10 11:38:05,821] {logging_mixin.py:109} INFO - [2023-04-10 11:38:05,821] {dag.py:2921} INFO - Setting next_dagrun for example_time_delta_sensor_async to None
[2023-04-10 11:38:05,830] {processor.py:171} INFO - Processing /home/airflow/.local/lib/python3.7/site-packages/airflow/example_dags/example_time_delta_sensor_async.py took 0.063 seconds
[2023-04-10 11:38:35,946] {processor.py:163} INFO - Started process (PID=1596) to work on /home/airflow/.local/lib/python3.7/site-packages/airflow/example_dags/example_time_delta_sensor_async.py
[2023-04-10 11:38:35,947] {processor.py:620} INFO - Processing file /home/airflow/.local/lib/python3.7/site-packages/airflow/example_dags/example_time_delta_sensor_async.py for tasks to queue
[2023-04-10 11:38:35,947] {logging_mixin.py:109} INFO - [2023-04-10 11:38:35,947] {dagbag.py:500} INFO - Filling up the DagBag from /home/airflow/.local/lib/python3.7/site-packages/airflow/example_dags/example_time_delta_sensor_async.py
[2023-04-10 11:38:35,971] {processor.py:632} INFO - DAG(s) dict_keys(['example_time_delta_sensor_async']) retrieved from /home/airflow/.local/lib/python3.7/site-packages/airflow/example_dags/example_time_delta_sensor_async.py
[2023-04-10 11:38:35,981] {logging_mixin.py:109} INFO - [2023-04-10 11:38:35,981] {dag.py:2389} INFO - Sync 1 DAGs
[2023-04-10 11:38:35,996] {logging_mixin.py:109} INFO - [2023-04-10 11:38:35,996] {dag.py:2921} INFO - Setting next_dagrun for example_time_delta_sensor_async to None
[2023-04-10 11:38:36,006] {processor.py:171} INFO - Processing /home/airflow/.local/lib/python3.7/site-packages/airflow/example_dags/example_time_delta_sensor_async.py took 0.063 seconds
[2023-04-10 11:39:06,302] {processor.py:163} INFO - Started process (PID=1656) to work on /home/airflow/.local/lib/python3.7/site-packages/airflow/example_dags/example_time_delta_sensor_async.py
[2023-04-10 11:39:06,303] {processor.py:620} INFO - Processing file /home/airflow/.local/lib/python3.7/site-packages/airflow/example_dags/example_time_delta_sensor_async.py for tasks to queue
[2023-04-10 11:39:06,303] {logging_mixin.py:109} INFO - [2023-04-10 11:39:06,303] {dagbag.py:500} INFO - Filling up the DagBag from /home/airflow/.local/lib/python3.7/site-packages/airflow/example_dags/example_time_delta_sensor_async.py
[2023-04-10 11:39:06,324] {processor.py:632} INFO - DAG(s) dict_keys(['example_time_delta_sensor_async']) retrieved from /home/airflow/.local/lib/python3.7/site-packages/airflow/example_dags/example_time_delta_sensor_async.py
[2023-04-10 11:39:06,332] {logging_mixin.py:109} INFO - [2023-04-10 11:39:06,332] {dag.py:2389} INFO - Sync 1 DAGs
[2023-04-10 11:39:06,346] {logging_mixin.py:109} INFO - [2023-04-10 11:39:06,346] {dag.py:2921} INFO - Setting next_dagrun for example_time_delta_sensor_async to None
[2023-04-10 11:39:06,354] {processor.py:171} INFO - Processing /home/airflow/.local/lib/python3.7/site-packages/airflow/example_dags/example_time_delta_sensor_async.py took 0.055 seconds
[2023-04-10 11:39:36,491] {processor.py:163} INFO - Started process (PID=1706) to work on /home/airflow/.local/lib/python3.7/site-packages/airflow/example_dags/example_time_delta_sensor_async.py
[2023-04-10 11:39:36,493] {processor.py:620} INFO - Processing file /home/airflow/.local/lib/python3.7/site-packages/airflow/example_dags/example_time_delta_sensor_async.py for tasks to queue
[2023-04-10 11:39:36,493] {logging_mixin.py:109} INFO - [2023-04-10 11:39:36,493] {dagbag.py:500} INFO - Filling up the DagBag from /home/airflow/.local/lib/python3.7/site-packages/airflow/example_dags/example_time_delta_sensor_async.py
[2023-04-10 11:39:36,511] {processor.py:632} INFO - DAG(s) dict_keys(['example_time_delta_sensor_async']) retrieved from /home/airflow/.local/lib/python3.7/site-packages/airflow/example_dags/example_time_delta_sensor_async.py
[2023-04-10 11:39:36,517] {logging_mixin.py:109} INFO - [2023-04-10 11:39:36,517] {dag.py:2389} INFO - Sync 1 DAGs
[2023-04-10 11:39:36,527] {logging_mixin.py:109} INFO - [2023-04-10 11:39:36,527] {dag.py:2921} INFO - Setting next_dagrun for example_time_delta_sensor_async to None
[2023-04-10 11:39:36,534] {processor.py:171} INFO - Processing /home/airflow/.local/lib/python3.7/site-packages/airflow/example_dags/example_time_delta_sensor_async.py took 0.045 seconds
[2023-04-10 11:40:06,743] {processor.py:163} INFO - Started process (PID=1757) to work on /home/airflow/.local/lib/python3.7/site-packages/airflow/example_dags/example_time_delta_sensor_async.py
[2023-04-10 11:40:06,744] {processor.py:620} INFO - Processing file /home/airflow/.local/lib/python3.7/site-packages/airflow/example_dags/example_time_delta_sensor_async.py for tasks to queue
[2023-04-10 11:40:06,744] {logging_mixin.py:109} INFO - [2023-04-10 11:40:06,744] {dagbag.py:500} INFO - Filling up the DagBag from /home/airflow/.local/lib/python3.7/site-packages/airflow/example_dags/example_time_delta_sensor_async.py
[2023-04-10 11:40:06,763] {processor.py:632} INFO - DAG(s) dict_keys(['example_time_delta_sensor_async']) retrieved from /home/airflow/.local/lib/python3.7/site-packages/airflow/example_dags/example_time_delta_sensor_async.py
[2023-04-10 11:40:06,770] {logging_mixin.py:109} INFO - [2023-04-10 11:40:06,769] {dag.py:2389} INFO - Sync 1 DAGs
[2023-04-10 11:40:06,780] {logging_mixin.py:109} INFO - [2023-04-10 11:40:06,780] {dag.py:2921} INFO - Setting next_dagrun for example_time_delta_sensor_async to None
[2023-04-10 11:40:06,788] {processor.py:171} INFO - Processing /home/airflow/.local/lib/python3.7/site-packages/airflow/example_dags/example_time_delta_sensor_async.py took 0.047 seconds
[2023-04-10 11:40:36,970] {processor.py:163} INFO - Started process (PID=1817) to work on /home/airflow/.local/lib/python3.7/site-packages/airflow/example_dags/example_time_delta_sensor_async.py
[2023-04-10 11:40:36,971] {processor.py:620} INFO - Processing file /home/airflow/.local/lib/python3.7/site-packages/airflow/example_dags/example_time_delta_sensor_async.py for tasks to queue
[2023-04-10 11:40:36,972] {logging_mixin.py:109} INFO - [2023-04-10 11:40:36,972] {dagbag.py:500} INFO - Filling up the DagBag from /home/airflow/.local/lib/python3.7/site-packages/airflow/example_dags/example_time_delta_sensor_async.py
[2023-04-10 11:40:36,991] {processor.py:632} INFO - DAG(s) dict_keys(['example_time_delta_sensor_async']) retrieved from /home/airflow/.local/lib/python3.7/site-packages/airflow/example_dags/example_time_delta_sensor_async.py
[2023-04-10 11:40:36,999] {logging_mixin.py:109} INFO - [2023-04-10 11:40:36,999] {dag.py:2389} INFO - Sync 1 DAGs
[2023-04-10 11:40:37,012] {logging_mixin.py:109} INFO - [2023-04-10 11:40:37,012] {dag.py:2921} INFO - Setting next_dagrun for example_time_delta_sensor_async to None
[2023-04-10 11:40:37,018] {processor.py:171} INFO - Processing /home/airflow/.local/lib/python3.7/site-packages/airflow/example_dags/example_time_delta_sensor_async.py took 0.050 seconds
[2023-04-10 11:41:07,295] {processor.py:163} INFO - Started process (PID=1868) to work on /home/airflow/.local/lib/python3.7/site-packages/airflow/example_dags/example_time_delta_sensor_async.py
[2023-04-10 11:41:07,296] {processor.py:620} INFO - Processing file /home/airflow/.local/lib/python3.7/site-packages/airflow/example_dags/example_time_delta_sensor_async.py for tasks to queue
[2023-04-10 11:41:07,297] {logging_mixin.py:109} INFO - [2023-04-10 11:41:07,297] {dagbag.py:500} INFO - Filling up the DagBag from /home/airflow/.local/lib/python3.7/site-packages/airflow/example_dags/example_time_delta_sensor_async.py
[2023-04-10 11:41:07,315] {processor.py:632} INFO - DAG(s) dict_keys(['example_time_delta_sensor_async']) retrieved from /home/airflow/.local/lib/python3.7/site-packages/airflow/example_dags/example_time_delta_sensor_async.py
[2023-04-10 11:41:07,321] {logging_mixin.py:109} INFO - [2023-04-10 11:41:07,321] {dag.py:2389} INFO - Sync 1 DAGs
[2023-04-10 11:41:07,334] {logging_mixin.py:109} INFO - [2023-04-10 11:41:07,334] {dag.py:2921} INFO - Setting next_dagrun for example_time_delta_sensor_async to None
[2023-04-10 11:41:07,343] {processor.py:171} INFO - Processing /home/airflow/.local/lib/python3.7/site-packages/airflow/example_dags/example_time_delta_sensor_async.py took 0.050 seconds
[2023-04-10 11:41:37,595] {processor.py:163} INFO - Started process (PID=1928) to work on /home/airflow/.local/lib/python3.7/site-packages/airflow/example_dags/example_time_delta_sensor_async.py
[2023-04-10 11:41:37,597] {processor.py:620} INFO - Processing file /home/airflow/.local/lib/python3.7/site-packages/airflow/example_dags/example_time_delta_sensor_async.py for tasks to queue
[2023-04-10 11:41:37,597] {logging_mixin.py:109} INFO - [2023-04-10 11:41:37,597] {dagbag.py:500} INFO - Filling up the DagBag from /home/airflow/.local/lib/python3.7/site-packages/airflow/example_dags/example_time_delta_sensor_async.py
[2023-04-10 11:41:37,616] {processor.py:632} INFO - DAG(s) dict_keys(['example_time_delta_sensor_async']) retrieved from /home/airflow/.local/lib/python3.7/site-packages/airflow/example_dags/example_time_delta_sensor_async.py
[2023-04-10 11:41:37,622] {logging_mixin.py:109} INFO - [2023-04-10 11:41:37,622] {dag.py:2389} INFO - Sync 1 DAGs
[2023-04-10 11:41:37,632] {logging_mixin.py:109} INFO - [2023-04-10 11:41:37,632] {dag.py:2921} INFO - Setting next_dagrun for example_time_delta_sensor_async to None
[2023-04-10 11:41:37,640] {processor.py:171} INFO - Processing /home/airflow/.local/lib/python3.7/site-packages/airflow/example_dags/example_time_delta_sensor_async.py took 0.047 seconds
[2023-04-10 11:42:07,870] {processor.py:163} INFO - Started process (PID=1980) to work on /home/airflow/.local/lib/python3.7/site-packages/airflow/example_dags/example_time_delta_sensor_async.py
[2023-04-10 11:42:07,871] {processor.py:620} INFO - Processing file /home/airflow/.local/lib/python3.7/site-packages/airflow/example_dags/example_time_delta_sensor_async.py for tasks to queue
[2023-04-10 11:42:07,871] {logging_mixin.py:109} INFO - [2023-04-10 11:42:07,871] {dagbag.py:500} INFO - Filling up the DagBag from /home/airflow/.local/lib/python3.7/site-packages/airflow/example_dags/example_time_delta_sensor_async.py
[2023-04-10 11:42:07,891] {processor.py:632} INFO - DAG(s) dict_keys(['example_time_delta_sensor_async']) retrieved from /home/airflow/.local/lib/python3.7/site-packages/airflow/example_dags/example_time_delta_sensor_async.py
[2023-04-10 11:42:07,899] {logging_mixin.py:109} INFO - [2023-04-10 11:42:07,898] {dag.py:2389} INFO - Sync 1 DAGs
[2023-04-10 11:42:07,909] {logging_mixin.py:109} INFO - [2023-04-10 11:42:07,908] {dag.py:2921} INFO - Setting next_dagrun for example_time_delta_sensor_async to None
[2023-04-10 11:42:07,915] {processor.py:171} INFO - Processing /home/airflow/.local/lib/python3.7/site-packages/airflow/example_dags/example_time_delta_sensor_async.py took 0.047 seconds
[2023-04-10 11:42:38,250] {processor.py:163} INFO - Started process (PID=2040) to work on /home/airflow/.local/lib/python3.7/site-packages/airflow/example_dags/example_time_delta_sensor_async.py
[2023-04-10 11:42:38,251] {processor.py:620} INFO - Processing file /home/airflow/.local/lib/python3.7/site-packages/airflow/example_dags/example_time_delta_sensor_async.py for tasks to queue
[2023-04-10 11:42:38,252] {logging_mixin.py:109} INFO - [2023-04-10 11:42:38,252] {dagbag.py:500} INFO - Filling up the DagBag from /home/airflow/.local/lib/python3.7/site-packages/airflow/example_dags/example_time_delta_sensor_async.py
[2023-04-10 11:42:38,273] {processor.py:632} INFO - DAG(s) dict_keys(['example_time_delta_sensor_async']) retrieved from /home/airflow/.local/lib/python3.7/site-packages/airflow/example_dags/example_time_delta_sensor_async.py
[2023-04-10 11:42:38,279] {logging_mixin.py:109} INFO - [2023-04-10 11:42:38,279] {dag.py:2389} INFO - Sync 1 DAGs
[2023-04-10 11:42:38,291] {logging_mixin.py:109} INFO - [2023-04-10 11:42:38,291] {dag.py:2921} INFO - Setting next_dagrun for example_time_delta_sensor_async to None
[2023-04-10 11:42:38,300] {processor.py:171} INFO - Processing /home/airflow/.local/lib/python3.7/site-packages/airflow/example_dags/example_time_delta_sensor_async.py took 0.052 seconds
[2023-04-10 11:43:08,634] {processor.py:163} INFO - Started process (PID=2091) to work on /home/airflow/.local/lib/python3.7/site-packages/airflow/example_dags/example_time_delta_sensor_async.py
[2023-04-10 11:43:08,635] {processor.py:620} INFO - Processing file /home/airflow/.local/lib/python3.7/site-packages/airflow/example_dags/example_time_delta_sensor_async.py for tasks to queue
[2023-04-10 11:43:08,636] {logging_mixin.py:109} INFO - [2023-04-10 11:43:08,636] {dagbag.py:500} INFO - Filling up the DagBag from /home/airflow/.local/lib/python3.7/site-packages/airflow/example_dags/example_time_delta_sensor_async.py
[2023-04-10 11:43:08,657] {processor.py:632} INFO - DAG(s) dict_keys(['example_time_delta_sensor_async']) retrieved from /home/airflow/.local/lib/python3.7/site-packages/airflow/example_dags/example_time_delta_sensor_async.py
[2023-04-10 11:43:08,664] {logging_mixin.py:109} INFO - [2023-04-10 11:43:08,664] {dag.py:2389} INFO - Sync 1 DAGs
[2023-04-10 11:43:08,674] {logging_mixin.py:109} INFO - [2023-04-10 11:43:08,674] {dag.py:2921} INFO - Setting next_dagrun for example_time_delta_sensor_async to None
[2023-04-10 11:43:08,683] {processor.py:171} INFO - Processing /home/airflow/.local/lib/python3.7/site-packages/airflow/example_dags/example_time_delta_sensor_async.py took 0.051 seconds
[2023-04-10 11:43:38,806] {processor.py:163} INFO - Started process (PID=2143) to work on /home/airflow/.local/lib/python3.7/site-packages/airflow/example_dags/example_time_delta_sensor_async.py
[2023-04-10 11:43:38,806] {processor.py:620} INFO - Processing file /home/airflow/.local/lib/python3.7/site-packages/airflow/example_dags/example_time_delta_sensor_async.py for tasks to queue
[2023-04-10 11:43:38,807] {logging_mixin.py:109} INFO - [2023-04-10 11:43:38,807] {dagbag.py:500} INFO - Filling up the DagBag from /home/airflow/.local/lib/python3.7/site-packages/airflow/example_dags/example_time_delta_sensor_async.py
[2023-04-10 11:43:38,826] {processor.py:632} INFO - DAG(s) dict_keys(['example_time_delta_sensor_async']) retrieved from /home/airflow/.local/lib/python3.7/site-packages/airflow/example_dags/example_time_delta_sensor_async.py
[2023-04-10 11:43:38,832] {logging_mixin.py:109} INFO - [2023-04-10 11:43:38,832] {dag.py:2389} INFO - Sync 1 DAGs
[2023-04-10 11:43:38,843] {logging_mixin.py:109} INFO - [2023-04-10 11:43:38,843] {dag.py:2921} INFO - Setting next_dagrun for example_time_delta_sensor_async to None
[2023-04-10 11:43:38,850] {processor.py:171} INFO - Processing /home/airflow/.local/lib/python3.7/site-packages/airflow/example_dags/example_time_delta_sensor_async.py took 0.047 seconds
[2023-04-10 11:44:09,270] {processor.py:163} INFO - Started process (PID=2203) to work on /home/airflow/.local/lib/python3.7/site-packages/airflow/example_dags/example_time_delta_sensor_async.py
[2023-04-10 11:44:09,271] {processor.py:620} INFO - Processing file /home/airflow/.local/lib/python3.7/site-packages/airflow/example_dags/example_time_delta_sensor_async.py for tasks to queue
[2023-04-10 11:44:09,272] {logging_mixin.py:109} INFO - [2023-04-10 11:44:09,272] {dagbag.py:500} INFO - Filling up the DagBag from /home/airflow/.local/lib/python3.7/site-packages/airflow/example_dags/example_time_delta_sensor_async.py
[2023-04-10 11:44:09,290] {processor.py:632} INFO - DAG(s) dict_keys(['example_time_delta_sensor_async']) retrieved from /home/airflow/.local/lib/python3.7/site-packages/airflow/example_dags/example_time_delta_sensor_async.py
[2023-04-10 11:44:09,297] {logging_mixin.py:109} INFO - [2023-04-10 11:44:09,297] {dag.py:2389} INFO - Sync 1 DAGs
[2023-04-10 11:44:09,307] {logging_mixin.py:109} INFO - [2023-04-10 11:44:09,307] {dag.py:2921} INFO - Setting next_dagrun for example_time_delta_sensor_async to None
[2023-04-10 11:44:09,315] {processor.py:171} INFO - Processing /home/airflow/.local/lib/python3.7/site-packages/airflow/example_dags/example_time_delta_sensor_async.py took 0.048 seconds
[2023-04-10 11:44:39,505] {processor.py:163} INFO - Started process (PID=2254) to work on /home/airflow/.local/lib/python3.7/site-packages/airflow/example_dags/example_time_delta_sensor_async.py
[2023-04-10 11:44:39,506] {processor.py:620} INFO - Processing file /home/airflow/.local/lib/python3.7/site-packages/airflow/example_dags/example_time_delta_sensor_async.py for tasks to queue
[2023-04-10 11:44:39,506] {logging_mixin.py:109} INFO - [2023-04-10 11:44:39,506] {dagbag.py:500} INFO - Filling up the DagBag from /home/airflow/.local/lib/python3.7/site-packages/airflow/example_dags/example_time_delta_sensor_async.py
[2023-04-10 11:44:39,527] {processor.py:632} INFO - DAG(s) dict_keys(['example_time_delta_sensor_async']) retrieved from /home/airflow/.local/lib/python3.7/site-packages/airflow/example_dags/example_time_delta_sensor_async.py
[2023-04-10 11:44:39,534] {logging_mixin.py:109} INFO - [2023-04-10 11:44:39,534] {dag.py:2389} INFO - Sync 1 DAGs
[2023-04-10 11:44:39,544] {logging_mixin.py:109} INFO - [2023-04-10 11:44:39,544] {dag.py:2921} INFO - Setting next_dagrun for example_time_delta_sensor_async to None
[2023-04-10 11:44:39,552] {processor.py:171} INFO - Processing /home/airflow/.local/lib/python3.7/site-packages/airflow/example_dags/example_time_delta_sensor_async.py took 0.051 seconds
[2023-04-10 11:45:09,957] {processor.py:163} INFO - Started process (PID=2315) to work on /home/airflow/.local/lib/python3.7/site-packages/airflow/example_dags/example_time_delta_sensor_async.py
[2023-04-10 11:45:09,958] {processor.py:620} INFO - Processing file /home/airflow/.local/lib/python3.7/site-packages/airflow/example_dags/example_time_delta_sensor_async.py for tasks to queue
[2023-04-10 11:45:09,959] {logging_mixin.py:109} INFO - [2023-04-10 11:45:09,959] {dagbag.py:500} INFO - Filling up the DagBag from /home/airflow/.local/lib/python3.7/site-packages/airflow/example_dags/example_time_delta_sensor_async.py
[2023-04-10 11:45:09,975] {processor.py:632} INFO - DAG(s) dict_keys(['example_time_delta_sensor_async']) retrieved from /home/airflow/.local/lib/python3.7/site-packages/airflow/example_dags/example_time_delta_sensor_async.py
[2023-04-10 11:45:09,981] {logging_mixin.py:109} INFO - [2023-04-10 11:45:09,981] {dag.py:2389} INFO - Sync 1 DAGs
[2023-04-10 11:45:09,990] {logging_mixin.py:109} INFO - [2023-04-10 11:45:09,990] {dag.py:2921} INFO - Setting next_dagrun for example_time_delta_sensor_async to None
[2023-04-10 11:45:09,998] {processor.py:171} INFO - Processing /home/airflow/.local/lib/python3.7/site-packages/airflow/example_dags/example_time_delta_sensor_async.py took 0.043 seconds
[2023-04-10 11:45:40,251] {processor.py:163} INFO - Started process (PID=2366) to work on /home/airflow/.local/lib/python3.7/site-packages/airflow/example_dags/example_time_delta_sensor_async.py
[2023-04-10 11:45:40,252] {processor.py:620} INFO - Processing file /home/airflow/.local/lib/python3.7/site-packages/airflow/example_dags/example_time_delta_sensor_async.py for tasks to queue
[2023-04-10 11:45:40,252] {logging_mixin.py:109} INFO - [2023-04-10 11:45:40,252] {dagbag.py:500} INFO - Filling up the DagBag from /home/airflow/.local/lib/python3.7/site-packages/airflow/example_dags/example_time_delta_sensor_async.py
[2023-04-10 11:45:40,270] {processor.py:632} INFO - DAG(s) dict_keys(['example_time_delta_sensor_async']) retrieved from /home/airflow/.local/lib/python3.7/site-packages/airflow/example_dags/example_time_delta_sensor_async.py
[2023-04-10 11:45:40,276] {logging_mixin.py:109} INFO - [2023-04-10 11:45:40,276] {dag.py:2389} INFO - Sync 1 DAGs
[2023-04-10 11:45:40,286] {logging_mixin.py:109} INFO - [2023-04-10 11:45:40,286] {dag.py:2921} INFO - Setting next_dagrun for example_time_delta_sensor_async to None
[2023-04-10 11:45:40,293] {processor.py:171} INFO - Processing /home/airflow/.local/lib/python3.7/site-packages/airflow/example_dags/example_time_delta_sensor_async.py took 0.045 seconds
[2023-04-10 11:46:10,567] {processor.py:163} INFO - Started process (PID=2426) to work on /home/airflow/.local/lib/python3.7/site-packages/airflow/example_dags/example_time_delta_sensor_async.py
[2023-04-10 11:46:10,568] {processor.py:620} INFO - Processing file /home/airflow/.local/lib/python3.7/site-packages/airflow/example_dags/example_time_delta_sensor_async.py for tasks to queue
[2023-04-10 11:46:10,568] {logging_mixin.py:109} INFO - [2023-04-10 11:46:10,568] {dagbag.py:500} INFO - Filling up the DagBag from /home/airflow/.local/lib/python3.7/site-packages/airflow/example_dags/example_time_delta_sensor_async.py
[2023-04-10 11:46:10,587] {processor.py:632} INFO - DAG(s) dict_keys(['example_time_delta_sensor_async']) retrieved from /home/airflow/.local/lib/python3.7/site-packages/airflow/example_dags/example_time_delta_sensor_async.py
[2023-04-10 11:46:10,595] {logging_mixin.py:109} INFO - [2023-04-10 11:46:10,595] {dag.py:2389} INFO - Sync 1 DAGs
[2023-04-10 11:46:10,605] {logging_mixin.py:109} INFO - [2023-04-10 11:46:10,605] {dag.py:2921} INFO - Setting next_dagrun for example_time_delta_sensor_async to None
[2023-04-10 11:46:10,613] {processor.py:171} INFO - Processing /home/airflow/.local/lib/python3.7/site-packages/airflow/example_dags/example_time_delta_sensor_async.py took 0.048 seconds
[2023-04-10 11:46:40,827] {processor.py:163} INFO - Started process (PID=2477) to work on /home/airflow/.local/lib/python3.7/site-packages/airflow/example_dags/example_time_delta_sensor_async.py
[2023-04-10 11:46:40,829] {processor.py:620} INFO - Processing file /home/airflow/.local/lib/python3.7/site-packages/airflow/example_dags/example_time_delta_sensor_async.py for tasks to queue
[2023-04-10 11:46:40,830] {logging_mixin.py:109} INFO - [2023-04-10 11:46:40,830] {dagbag.py:500} INFO - Filling up the DagBag from /home/airflow/.local/lib/python3.7/site-packages/airflow/example_dags/example_time_delta_sensor_async.py
[2023-04-10 11:46:40,857] {processor.py:632} INFO - DAG(s) dict_keys(['example_time_delta_sensor_async']) retrieved from /home/airflow/.local/lib/python3.7/site-packages/airflow/example_dags/example_time_delta_sensor_async.py
[2023-04-10 11:46:40,865] {logging_mixin.py:109} INFO - [2023-04-10 11:46:40,865] {dag.py:2389} INFO - Sync 1 DAGs
[2023-04-10 11:46:40,877] {logging_mixin.py:109} INFO - [2023-04-10 11:46:40,877] {dag.py:2921} INFO - Setting next_dagrun for example_time_delta_sensor_async to None
[2023-04-10 11:46:40,887] {processor.py:171} INFO - Processing /home/airflow/.local/lib/python3.7/site-packages/airflow/example_dags/example_time_delta_sensor_async.py took 0.062 seconds
[2023-04-10 11:47:11,170] {processor.py:163} INFO - Started process (PID=2537) to work on /home/airflow/.local/lib/python3.7/site-packages/airflow/example_dags/example_time_delta_sensor_async.py
[2023-04-10 11:47:11,171] {processor.py:620} INFO - Processing file /home/airflow/.local/lib/python3.7/site-packages/airflow/example_dags/example_time_delta_sensor_async.py for tasks to queue
[2023-04-10 11:47:11,171] {logging_mixin.py:109} INFO - [2023-04-10 11:47:11,171] {dagbag.py:500} INFO - Filling up the DagBag from /home/airflow/.local/lib/python3.7/site-packages/airflow/example_dags/example_time_delta_sensor_async.py
[2023-04-10 11:47:11,193] {processor.py:632} INFO - DAG(s) dict_keys(['example_time_delta_sensor_async']) retrieved from /home/airflow/.local/lib/python3.7/site-packages/airflow/example_dags/example_time_delta_sensor_async.py
[2023-04-10 11:47:11,204] {logging_mixin.py:109} INFO - [2023-04-10 11:47:11,204] {dag.py:2389} INFO - Sync 1 DAGs
[2023-04-10 11:47:11,220] {logging_mixin.py:109} INFO - [2023-04-10 11:47:11,220] {dag.py:2921} INFO - Setting next_dagrun for example_time_delta_sensor_async to None
[2023-04-10 11:47:11,230] {processor.py:171} INFO - Processing /home/airflow/.local/lib/python3.7/site-packages/airflow/example_dags/example_time_delta_sensor_async.py took 0.062 seconds
[2023-04-10 11:47:41,938] {processor.py:163} INFO - Started process (PID=2588) to work on /home/airflow/.local/lib/python3.7/site-packages/airflow/example_dags/example_time_delta_sensor_async.py
[2023-04-10 11:47:41,939] {processor.py:620} INFO - Processing file /home/airflow/.local/lib/python3.7/site-packages/airflow/example_dags/example_time_delta_sensor_async.py for tasks to queue
[2023-04-10 11:47:41,940] {logging_mixin.py:109} INFO - [2023-04-10 11:47:41,940] {dagbag.py:500} INFO - Filling up the DagBag from /home/airflow/.local/lib/python3.7/site-packages/airflow/example_dags/example_time_delta_sensor_async.py
[2023-04-10 11:47:41,959] {processor.py:632} INFO - DAG(s) dict_keys(['example_time_delta_sensor_async']) retrieved from /home/airflow/.local/lib/python3.7/site-packages/airflow/example_dags/example_time_delta_sensor_async.py
[2023-04-10 11:47:41,966] {logging_mixin.py:109} INFO - [2023-04-10 11:47:41,965] {dag.py:2389} INFO - Sync 1 DAGs
[2023-04-10 11:47:41,977] {logging_mixin.py:109} INFO - [2023-04-10 11:47:41,977] {dag.py:2921} INFO - Setting next_dagrun for example_time_delta_sensor_async to None
[2023-04-10 11:47:41,986] {processor.py:171} INFO - Processing /home/airflow/.local/lib/python3.7/site-packages/airflow/example_dags/example_time_delta_sensor_async.py took 0.050 seconds
[2023-04-10 11:48:04,166] {processor.py:163} INFO - Started process (PID=3132) to work on /home/airflow/.local/lib/python3.7/site-packages/airflow/example_dags/example_time_delta_sensor_async.py
[2023-04-10 11:48:04,167] {processor.py:620} INFO - Processing file /home/airflow/.local/lib/python3.7/site-packages/airflow/example_dags/example_time_delta_sensor_async.py for tasks to queue
[2023-04-10 11:48:04,167] {logging_mixin.py:109} INFO - [2023-04-10 11:48:04,167] {dagbag.py:500} INFO - Filling up the DagBag from /home/airflow/.local/lib/python3.7/site-packages/airflow/example_dags/example_time_delta_sensor_async.py
[2023-04-10 11:48:04,192] {processor.py:632} INFO - DAG(s) dict_keys(['example_time_delta_sensor_async']) retrieved from /home/airflow/.local/lib/python3.7/site-packages/airflow/example_dags/example_time_delta_sensor_async.py
[2023-04-10 11:48:04,199] {logging_mixin.py:109} INFO - [2023-04-10 11:48:04,199] {dag.py:2389} INFO - Sync 1 DAGs
[2023-04-10 11:48:04,211] {logging_mixin.py:109} INFO - [2023-04-10 11:48:04,211] {dag.py:2921} INFO - Setting next_dagrun for example_time_delta_sensor_async to None
[2023-04-10 11:48:04,221] {processor.py:171} INFO - Processing /home/airflow/.local/lib/python3.7/site-packages/airflow/example_dags/example_time_delta_sensor_async.py took 0.057 seconds
[2023-04-10 11:48:12,576] {processor.py:163} INFO - Started process (PID=2639) to work on /home/airflow/.local/lib/python3.7/site-packages/airflow/example_dags/example_time_delta_sensor_async.py
[2023-04-10 11:48:12,577] {processor.py:620} INFO - Processing file /home/airflow/.local/lib/python3.7/site-packages/airflow/example_dags/example_time_delta_sensor_async.py for tasks to queue
[2023-04-10 11:48:12,577] {logging_mixin.py:109} INFO - [2023-04-10 11:48:12,577] {dagbag.py:500} INFO - Filling up the DagBag from /home/airflow/.local/lib/python3.7/site-packages/airflow/example_dags/example_time_delta_sensor_async.py
[2023-04-10 11:48:12,596] {processor.py:632} INFO - DAG(s) dict_keys(['example_time_delta_sensor_async']) retrieved from /home/airflow/.local/lib/python3.7/site-packages/airflow/example_dags/example_time_delta_sensor_async.py
[2023-04-10 11:48:12,602] {logging_mixin.py:109} INFO - [2023-04-10 11:48:12,602] {dag.py:2389} INFO - Sync 1 DAGs
[2023-04-10 11:48:12,614] {logging_mixin.py:109} INFO - [2023-04-10 11:48:12,614] {dag.py:2921} INFO - Setting next_dagrun for example_time_delta_sensor_async to None
[2023-04-10 11:48:12,623] {processor.py:171} INFO - Processing /home/airflow/.local/lib/python3.7/site-packages/airflow/example_dags/example_time_delta_sensor_async.py took 0.049 seconds
[2023-04-10 11:48:42,895] {processor.py:163} INFO - Started process (PID=2699) to work on /home/airflow/.local/lib/python3.7/site-packages/airflow/example_dags/example_time_delta_sensor_async.py
[2023-04-10 11:48:42,903] {processor.py:620} INFO - Processing file /home/airflow/.local/lib/python3.7/site-packages/airflow/example_dags/example_time_delta_sensor_async.py for tasks to queue
[2023-04-10 11:48:42,904] {logging_mixin.py:109} INFO - [2023-04-10 11:48:42,904] {dagbag.py:500} INFO - Filling up the DagBag from /home/airflow/.local/lib/python3.7/site-packages/airflow/example_dags/example_time_delta_sensor_async.py
[2023-04-10 11:48:42,924] {processor.py:632} INFO - DAG(s) dict_keys(['example_time_delta_sensor_async']) retrieved from /home/airflow/.local/lib/python3.7/site-packages/airflow/example_dags/example_time_delta_sensor_async.py
[2023-04-10 11:48:42,931] {logging_mixin.py:109} INFO - [2023-04-10 11:48:42,931] {dag.py:2389} INFO - Sync 1 DAGs
[2023-04-10 11:48:42,941] {logging_mixin.py:109} INFO - [2023-04-10 11:48:42,941] {dag.py:2921} INFO - Setting next_dagrun for example_time_delta_sensor_async to None
[2023-04-10 11:48:43,011] {processor.py:171} INFO - Processing /home/airflow/.local/lib/python3.7/site-packages/airflow/example_dags/example_time_delta_sensor_async.py took 0.118 seconds
