[2023-04-10 11:26:25,020] {processor.py:163} INFO - Started process (PID=39) to work on /home/airflow/.local/lib/python3.7/site-packages/airflow/example_dags/example_short_circuit_operator.py
[2023-04-10 11:26:25,022] {processor.py:620} INFO - Processing file /home/airflow/.local/lib/python3.7/site-packages/airflow/example_dags/example_short_circuit_operator.py for tasks to queue
[2023-04-10 11:26:25,023] {logging_mixin.py:109} INFO - [2023-04-10 11:26:25,023] {dagbag.py:500} INFO - Filling up the DagBag from /home/airflow/.local/lib/python3.7/site-packages/airflow/example_dags/example_short_circuit_operator.py
[2023-04-10 11:26:25,081] {processor.py:632} INFO - DAG(s) dict_keys(['example_short_circuit_operator']) retrieved from /home/airflow/.local/lib/python3.7/site-packages/airflow/example_dags/example_short_circuit_operator.py
[2023-04-10 11:26:30,193] {logging_mixin.py:109} INFO - [2023-04-10 11:26:30,193] {providers_manager.py:156} WARNING - Exception when importing 'airflow.providers.google.leveldb.hooks.leveldb.LevelDBHook' from 'apache-airflow-providers-google' package: No module named 'plyvel'
[2023-04-10 11:26:32,052] {logging_mixin.py:109} INFO - [2023-04-10 11:26:32,052] {providers_manager.py:156} WARNING - Exception when importing 'airflow.providers.google.leveldb.hooks.leveldb.LevelDBHook' from 'apache-airflow-providers-google' package: No module named 'plyvel'
[2023-04-10 11:26:32,127] {logging_mixin.py:109} INFO - [2023-04-10 11:26:32,127] {manager.py:496} INFO - Created Permission View: can read on DAG:example_short_circuit_operator
[2023-04-10 11:26:32,160] {logging_mixin.py:109} INFO - [2023-04-10 11:26:32,159] {manager.py:496} INFO - Created Permission View: can edit on DAG:example_short_circuit_operator
[2023-04-10 11:26:32,160] {logging_mixin.py:109} INFO - [2023-04-10 11:26:32,160] {dag.py:2389} INFO - Sync 1 DAGs
[2023-04-10 11:26:32,178] {logging_mixin.py:109} INFO - [2023-04-10 11:26:32,177] {dag.py:2408} INFO - Creating ORM DAG for example_short_circuit_operator
[2023-04-10 11:26:32,194] {logging_mixin.py:109} INFO - [2023-04-10 11:26:32,194] {dag.py:2921} INFO - Setting next_dagrun for example_short_circuit_operator to 2023-04-09T11:26:32.194212+00:00
[2023-04-10 11:26:32,219] {processor.py:171} INFO - Processing /home/airflow/.local/lib/python3.7/site-packages/airflow/example_dags/example_short_circuit_operator.py took 7.203 seconds
[2023-04-10 11:27:09,029] {processor.py:163} INFO - Started process (PID=347) to work on /home/airflow/.local/lib/python3.7/site-packages/airflow/example_dags/example_short_circuit_operator.py
[2023-04-10 11:27:09,031] {processor.py:620} INFO - Processing file /home/airflow/.local/lib/python3.7/site-packages/airflow/example_dags/example_short_circuit_operator.py for tasks to queue
[2023-04-10 11:27:09,031] {logging_mixin.py:109} INFO - [2023-04-10 11:27:09,031] {dagbag.py:500} INFO - Filling up the DagBag from /home/airflow/.local/lib/python3.7/site-packages/airflow/example_dags/example_short_circuit_operator.py
[2023-04-10 11:27:09,061] {processor.py:632} INFO - DAG(s) dict_keys(['example_short_circuit_operator']) retrieved from /home/airflow/.local/lib/python3.7/site-packages/airflow/example_dags/example_short_circuit_operator.py
[2023-04-10 11:27:09,071] {logging_mixin.py:109} INFO - [2023-04-10 11:27:09,071] {dag.py:2389} INFO - Sync 1 DAGs
[2023-04-10 11:27:09,088] {logging_mixin.py:109} INFO - [2023-04-10 11:27:09,088] {dag.py:2921} INFO - Setting next_dagrun for example_short_circuit_operator to 2023-04-09T11:27:09.088034+00:00
[2023-04-10 11:27:09,100] {processor.py:171} INFO - Processing /home/airflow/.local/lib/python3.7/site-packages/airflow/example_dags/example_short_circuit_operator.py took 0.074 seconds
[2023-04-10 11:27:39,218] {processor.py:163} INFO - Started process (PID=405) to work on /home/airflow/.local/lib/python3.7/site-packages/airflow/example_dags/example_short_circuit_operator.py
[2023-04-10 11:27:39,218] {processor.py:620} INFO - Processing file /home/airflow/.local/lib/python3.7/site-packages/airflow/example_dags/example_short_circuit_operator.py for tasks to queue
[2023-04-10 11:27:39,219] {logging_mixin.py:109} INFO - [2023-04-10 11:27:39,219] {dagbag.py:500} INFO - Filling up the DagBag from /home/airflow/.local/lib/python3.7/site-packages/airflow/example_dags/example_short_circuit_operator.py
[2023-04-10 11:27:39,242] {processor.py:632} INFO - DAG(s) dict_keys(['example_short_circuit_operator']) retrieved from /home/airflow/.local/lib/python3.7/site-packages/airflow/example_dags/example_short_circuit_operator.py
[2023-04-10 11:27:39,250] {logging_mixin.py:109} INFO - [2023-04-10 11:27:39,250] {dag.py:2389} INFO - Sync 1 DAGs
[2023-04-10 11:27:39,264] {logging_mixin.py:109} INFO - [2023-04-10 11:27:39,264] {dag.py:2921} INFO - Setting next_dagrun for example_short_circuit_operator to 2023-04-09T11:27:39.263942+00:00
[2023-04-10 11:27:39,272] {processor.py:171} INFO - Processing /home/airflow/.local/lib/python3.7/site-packages/airflow/example_dags/example_short_circuit_operator.py took 0.057 seconds
[2023-04-10 11:28:09,384] {processor.py:163} INFO - Started process (PID=458) to work on /home/airflow/.local/lib/python3.7/site-packages/airflow/example_dags/example_short_circuit_operator.py
[2023-04-10 11:28:09,385] {processor.py:620} INFO - Processing file /home/airflow/.local/lib/python3.7/site-packages/airflow/example_dags/example_short_circuit_operator.py for tasks to queue
[2023-04-10 11:28:09,386] {logging_mixin.py:109} INFO - [2023-04-10 11:28:09,386] {dagbag.py:500} INFO - Filling up the DagBag from /home/airflow/.local/lib/python3.7/site-packages/airflow/example_dags/example_short_circuit_operator.py
[2023-04-10 11:28:09,405] {processor.py:632} INFO - DAG(s) dict_keys(['example_short_circuit_operator']) retrieved from /home/airflow/.local/lib/python3.7/site-packages/airflow/example_dags/example_short_circuit_operator.py
[2023-04-10 11:28:09,413] {logging_mixin.py:109} INFO - [2023-04-10 11:28:09,413] {dag.py:2389} INFO - Sync 1 DAGs
[2023-04-10 11:28:09,424] {logging_mixin.py:109} INFO - [2023-04-10 11:28:09,424] {dag.py:2921} INFO - Setting next_dagrun for example_short_circuit_operator to 2023-04-09T11:28:09.424340+00:00
[2023-04-10 11:28:09,432] {processor.py:171} INFO - Processing /home/airflow/.local/lib/python3.7/site-packages/airflow/example_dags/example_short_circuit_operator.py took 0.050 seconds
[2023-04-10 11:28:39,461] {processor.py:163} INFO - Started process (PID=506) to work on /home/airflow/.local/lib/python3.7/site-packages/airflow/example_dags/example_short_circuit_operator.py
[2023-04-10 11:28:39,462] {processor.py:620} INFO - Processing file /home/airflow/.local/lib/python3.7/site-packages/airflow/example_dags/example_short_circuit_operator.py for tasks to queue
[2023-04-10 11:28:39,463] {logging_mixin.py:109} INFO - [2023-04-10 11:28:39,463] {dagbag.py:500} INFO - Filling up the DagBag from /home/airflow/.local/lib/python3.7/site-packages/airflow/example_dags/example_short_circuit_operator.py
[2023-04-10 11:28:39,485] {processor.py:632} INFO - DAG(s) dict_keys(['example_short_circuit_operator']) retrieved from /home/airflow/.local/lib/python3.7/site-packages/airflow/example_dags/example_short_circuit_operator.py
[2023-04-10 11:28:39,495] {logging_mixin.py:109} INFO - [2023-04-10 11:28:39,494] {dag.py:2389} INFO - Sync 1 DAGs
[2023-04-10 11:28:39,506] {logging_mixin.py:109} INFO - [2023-04-10 11:28:39,506] {dag.py:2921} INFO - Setting next_dagrun for example_short_circuit_operator to 2023-04-09T11:28:39.506599+00:00
[2023-04-10 11:28:39,515] {processor.py:171} INFO - Processing /home/airflow/.local/lib/python3.7/site-packages/airflow/example_dags/example_short_circuit_operator.py took 0.056 seconds
[2023-04-10 11:29:09,673] {processor.py:163} INFO - Started process (PID=567) to work on /home/airflow/.local/lib/python3.7/site-packages/airflow/example_dags/example_short_circuit_operator.py
[2023-04-10 11:29:09,673] {processor.py:620} INFO - Processing file /home/airflow/.local/lib/python3.7/site-packages/airflow/example_dags/example_short_circuit_operator.py for tasks to queue
[2023-04-10 11:29:09,674] {logging_mixin.py:109} INFO - [2023-04-10 11:29:09,674] {dagbag.py:500} INFO - Filling up the DagBag from /home/airflow/.local/lib/python3.7/site-packages/airflow/example_dags/example_short_circuit_operator.py
[2023-04-10 11:29:09,697] {processor.py:632} INFO - DAG(s) dict_keys(['example_short_circuit_operator']) retrieved from /home/airflow/.local/lib/python3.7/site-packages/airflow/example_dags/example_short_circuit_operator.py
[2023-04-10 11:29:09,705] {logging_mixin.py:109} INFO - [2023-04-10 11:29:09,705] {dag.py:2389} INFO - Sync 1 DAGs
[2023-04-10 11:29:09,716] {logging_mixin.py:109} INFO - [2023-04-10 11:29:09,716] {dag.py:2921} INFO - Setting next_dagrun for example_short_circuit_operator to 2023-04-09T11:29:09.715801+00:00
[2023-04-10 11:29:09,724] {processor.py:171} INFO - Processing /home/airflow/.local/lib/python3.7/site-packages/airflow/example_dags/example_short_circuit_operator.py took 0.053 seconds
[2023-04-10 11:29:39,947] {processor.py:163} INFO - Started process (PID=619) to work on /home/airflow/.local/lib/python3.7/site-packages/airflow/example_dags/example_short_circuit_operator.py
[2023-04-10 11:29:39,948] {processor.py:620} INFO - Processing file /home/airflow/.local/lib/python3.7/site-packages/airflow/example_dags/example_short_circuit_operator.py for tasks to queue
[2023-04-10 11:29:39,948] {logging_mixin.py:109} INFO - [2023-04-10 11:29:39,948] {dagbag.py:500} INFO - Filling up the DagBag from /home/airflow/.local/lib/python3.7/site-packages/airflow/example_dags/example_short_circuit_operator.py
[2023-04-10 11:29:39,968] {processor.py:632} INFO - DAG(s) dict_keys(['example_short_circuit_operator']) retrieved from /home/airflow/.local/lib/python3.7/site-packages/airflow/example_dags/example_short_circuit_operator.py
[2023-04-10 11:29:39,974] {logging_mixin.py:109} INFO - [2023-04-10 11:29:39,974] {dag.py:2389} INFO - Sync 1 DAGs
[2023-04-10 11:29:39,985] {logging_mixin.py:109} INFO - [2023-04-10 11:29:39,985] {dag.py:2921} INFO - Setting next_dagrun for example_short_circuit_operator to 2023-04-09T11:29:39.985336+00:00
[2023-04-10 11:29:39,993] {processor.py:171} INFO - Processing /home/airflow/.local/lib/python3.7/site-packages/airflow/example_dags/example_short_circuit_operator.py took 0.049 seconds
[2023-04-10 11:30:10,385] {processor.py:163} INFO - Started process (PID=679) to work on /home/airflow/.local/lib/python3.7/site-packages/airflow/example_dags/example_short_circuit_operator.py
[2023-04-10 11:30:10,386] {processor.py:620} INFO - Processing file /home/airflow/.local/lib/python3.7/site-packages/airflow/example_dags/example_short_circuit_operator.py for tasks to queue
[2023-04-10 11:30:10,387] {logging_mixin.py:109} INFO - [2023-04-10 11:30:10,386] {dagbag.py:500} INFO - Filling up the DagBag from /home/airflow/.local/lib/python3.7/site-packages/airflow/example_dags/example_short_circuit_operator.py
[2023-04-10 11:30:10,414] {processor.py:632} INFO - DAG(s) dict_keys(['example_short_circuit_operator']) retrieved from /home/airflow/.local/lib/python3.7/site-packages/airflow/example_dags/example_short_circuit_operator.py
[2023-04-10 11:30:10,428] {logging_mixin.py:109} INFO - [2023-04-10 11:30:10,428] {dag.py:2389} INFO - Sync 1 DAGs
[2023-04-10 11:30:10,442] {logging_mixin.py:109} INFO - [2023-04-10 11:30:10,441] {dag.py:2921} INFO - Setting next_dagrun for example_short_circuit_operator to 2023-04-09T11:30:10.441681+00:00
[2023-04-10 11:30:10,451] {processor.py:171} INFO - Processing /home/airflow/.local/lib/python3.7/site-packages/airflow/example_dags/example_short_circuit_operator.py took 0.070 seconds
[2023-04-10 11:30:40,736] {processor.py:163} INFO - Started process (PID=730) to work on /home/airflow/.local/lib/python3.7/site-packages/airflow/example_dags/example_short_circuit_operator.py
[2023-04-10 11:30:40,737] {processor.py:620} INFO - Processing file /home/airflow/.local/lib/python3.7/site-packages/airflow/example_dags/example_short_circuit_operator.py for tasks to queue
[2023-04-10 11:30:40,738] {logging_mixin.py:109} INFO - [2023-04-10 11:30:40,738] {dagbag.py:500} INFO - Filling up the DagBag from /home/airflow/.local/lib/python3.7/site-packages/airflow/example_dags/example_short_circuit_operator.py
[2023-04-10 11:30:40,762] {processor.py:632} INFO - DAG(s) dict_keys(['example_short_circuit_operator']) retrieved from /home/airflow/.local/lib/python3.7/site-packages/airflow/example_dags/example_short_circuit_operator.py
[2023-04-10 11:30:40,770] {logging_mixin.py:109} INFO - [2023-04-10 11:30:40,770] {dag.py:2389} INFO - Sync 1 DAGs
[2023-04-10 11:30:40,782] {logging_mixin.py:109} INFO - [2023-04-10 11:30:40,782] {dag.py:2921} INFO - Setting next_dagrun for example_short_circuit_operator to 2023-04-09T11:30:40.781669+00:00
[2023-04-10 11:30:40,792] {processor.py:171} INFO - Processing /home/airflow/.local/lib/python3.7/site-packages/airflow/example_dags/example_short_circuit_operator.py took 0.058 seconds
[2023-04-10 11:31:11,197] {processor.py:163} INFO - Started process (PID=781) to work on /home/airflow/.local/lib/python3.7/site-packages/airflow/example_dags/example_short_circuit_operator.py
[2023-04-10 11:31:11,198] {processor.py:620} INFO - Processing file /home/airflow/.local/lib/python3.7/site-packages/airflow/example_dags/example_short_circuit_operator.py for tasks to queue
[2023-04-10 11:31:11,198] {logging_mixin.py:109} INFO - [2023-04-10 11:31:11,198] {dagbag.py:500} INFO - Filling up the DagBag from /home/airflow/.local/lib/python3.7/site-packages/airflow/example_dags/example_short_circuit_operator.py
[2023-04-10 11:31:11,216] {processor.py:632} INFO - DAG(s) dict_keys(['example_short_circuit_operator']) retrieved from /home/airflow/.local/lib/python3.7/site-packages/airflow/example_dags/example_short_circuit_operator.py
[2023-04-10 11:31:11,225] {logging_mixin.py:109} INFO - [2023-04-10 11:31:11,225] {dag.py:2389} INFO - Sync 1 DAGs
[2023-04-10 11:31:11,237] {logging_mixin.py:109} INFO - [2023-04-10 11:31:11,237] {dag.py:2921} INFO - Setting next_dagrun for example_short_circuit_operator to 2023-04-09T11:31:11.237156+00:00
[2023-04-10 11:31:11,245] {processor.py:171} INFO - Processing /home/airflow/.local/lib/python3.7/site-packages/airflow/example_dags/example_short_circuit_operator.py took 0.050 seconds
[2023-04-10 11:31:41,514] {processor.py:163} INFO - Started process (PID=841) to work on /home/airflow/.local/lib/python3.7/site-packages/airflow/example_dags/example_short_circuit_operator.py
[2023-04-10 11:31:41,515] {processor.py:620} INFO - Processing file /home/airflow/.local/lib/python3.7/site-packages/airflow/example_dags/example_short_circuit_operator.py for tasks to queue
[2023-04-10 11:31:41,516] {logging_mixin.py:109} INFO - [2023-04-10 11:31:41,516] {dagbag.py:500} INFO - Filling up the DagBag from /home/airflow/.local/lib/python3.7/site-packages/airflow/example_dags/example_short_circuit_operator.py
[2023-04-10 11:31:41,539] {processor.py:632} INFO - DAG(s) dict_keys(['example_short_circuit_operator']) retrieved from /home/airflow/.local/lib/python3.7/site-packages/airflow/example_dags/example_short_circuit_operator.py
[2023-04-10 11:31:41,548] {logging_mixin.py:109} INFO - [2023-04-10 11:31:41,548] {dag.py:2389} INFO - Sync 1 DAGs
[2023-04-10 11:31:41,562] {logging_mixin.py:109} INFO - [2023-04-10 11:31:41,562] {dag.py:2921} INFO - Setting next_dagrun for example_short_circuit_operator to 2023-04-09T11:31:41.562344+00:00
[2023-04-10 11:31:41,571] {processor.py:171} INFO - Processing /home/airflow/.local/lib/python3.7/site-packages/airflow/example_dags/example_short_circuit_operator.py took 0.061 seconds
[2023-04-10 11:32:11,637] {processor.py:163} INFO - Started process (PID=893) to work on /home/airflow/.local/lib/python3.7/site-packages/airflow/example_dags/example_short_circuit_operator.py
[2023-04-10 11:32:11,638] {processor.py:620} INFO - Processing file /home/airflow/.local/lib/python3.7/site-packages/airflow/example_dags/example_short_circuit_operator.py for tasks to queue
[2023-04-10 11:32:11,638] {logging_mixin.py:109} INFO - [2023-04-10 11:32:11,638] {dagbag.py:500} INFO - Filling up the DagBag from /home/airflow/.local/lib/python3.7/site-packages/airflow/example_dags/example_short_circuit_operator.py
[2023-04-10 11:32:11,660] {processor.py:632} INFO - DAG(s) dict_keys(['example_short_circuit_operator']) retrieved from /home/airflow/.local/lib/python3.7/site-packages/airflow/example_dags/example_short_circuit_operator.py
[2023-04-10 11:32:11,668] {logging_mixin.py:109} INFO - [2023-04-10 11:32:11,667] {dag.py:2389} INFO - Sync 1 DAGs
[2023-04-10 11:32:11,680] {logging_mixin.py:109} INFO - [2023-04-10 11:32:11,680] {dag.py:2921} INFO - Setting next_dagrun for example_short_circuit_operator to 2023-04-09T11:32:11.680500+00:00
[2023-04-10 11:32:11,689] {processor.py:171} INFO - Processing /home/airflow/.local/lib/python3.7/site-packages/airflow/example_dags/example_short_circuit_operator.py took 0.054 seconds
[2023-04-10 11:32:41,955] {processor.py:163} INFO - Started process (PID=954) to work on /home/airflow/.local/lib/python3.7/site-packages/airflow/example_dags/example_short_circuit_operator.py
[2023-04-10 11:32:41,956] {processor.py:620} INFO - Processing file /home/airflow/.local/lib/python3.7/site-packages/airflow/example_dags/example_short_circuit_operator.py for tasks to queue
[2023-04-10 11:32:41,956] {logging_mixin.py:109} INFO - [2023-04-10 11:32:41,956] {dagbag.py:500} INFO - Filling up the DagBag from /home/airflow/.local/lib/python3.7/site-packages/airflow/example_dags/example_short_circuit_operator.py
[2023-04-10 11:32:41,976] {processor.py:632} INFO - DAG(s) dict_keys(['example_short_circuit_operator']) retrieved from /home/airflow/.local/lib/python3.7/site-packages/airflow/example_dags/example_short_circuit_operator.py
[2023-04-10 11:32:41,983] {logging_mixin.py:109} INFO - [2023-04-10 11:32:41,983] {dag.py:2389} INFO - Sync 1 DAGs
[2023-04-10 11:32:41,995] {logging_mixin.py:109} INFO - [2023-04-10 11:32:41,995] {dag.py:2921} INFO - Setting next_dagrun for example_short_circuit_operator to 2023-04-09T11:32:41.995352+00:00
[2023-04-10 11:32:42,004] {processor.py:171} INFO - Processing /home/airflow/.local/lib/python3.7/site-packages/airflow/example_dags/example_short_circuit_operator.py took 0.051 seconds
[2023-04-10 11:33:12,375] {processor.py:163} INFO - Started process (PID=1006) to work on /home/airflow/.local/lib/python3.7/site-packages/airflow/example_dags/example_short_circuit_operator.py
[2023-04-10 11:33:12,376] {processor.py:620} INFO - Processing file /home/airflow/.local/lib/python3.7/site-packages/airflow/example_dags/example_short_circuit_operator.py for tasks to queue
[2023-04-10 11:33:12,376] {logging_mixin.py:109} INFO - [2023-04-10 11:33:12,376] {dagbag.py:500} INFO - Filling up the DagBag from /home/airflow/.local/lib/python3.7/site-packages/airflow/example_dags/example_short_circuit_operator.py
[2023-04-10 11:33:12,431] {processor.py:632} INFO - DAG(s) dict_keys(['example_short_circuit_operator']) retrieved from /home/airflow/.local/lib/python3.7/site-packages/airflow/example_dags/example_short_circuit_operator.py
[2023-04-10 11:33:12,439] {logging_mixin.py:109} INFO - [2023-04-10 11:33:12,439] {dag.py:2389} INFO - Sync 1 DAGs
[2023-04-10 11:33:12,455] {logging_mixin.py:109} INFO - [2023-04-10 11:33:12,455] {dag.py:2921} INFO - Setting next_dagrun for example_short_circuit_operator to 2023-04-09T11:33:12.455548+00:00
[2023-04-10 11:33:12,464] {processor.py:171} INFO - Processing /home/airflow/.local/lib/python3.7/site-packages/airflow/example_dags/example_short_circuit_operator.py took 0.092 seconds
[2023-04-10 11:33:42,661] {processor.py:163} INFO - Started process (PID=1066) to work on /home/airflow/.local/lib/python3.7/site-packages/airflow/example_dags/example_short_circuit_operator.py
[2023-04-10 11:33:42,662] {processor.py:620} INFO - Processing file /home/airflow/.local/lib/python3.7/site-packages/airflow/example_dags/example_short_circuit_operator.py for tasks to queue
[2023-04-10 11:33:42,663] {logging_mixin.py:109} INFO - [2023-04-10 11:33:42,663] {dagbag.py:500} INFO - Filling up the DagBag from /home/airflow/.local/lib/python3.7/site-packages/airflow/example_dags/example_short_circuit_operator.py
[2023-04-10 11:33:42,732] {processor.py:632} INFO - DAG(s) dict_keys(['example_short_circuit_operator']) retrieved from /home/airflow/.local/lib/python3.7/site-packages/airflow/example_dags/example_short_circuit_operator.py
[2023-04-10 11:33:42,743] {logging_mixin.py:109} INFO - [2023-04-10 11:33:42,742] {dag.py:2389} INFO - Sync 1 DAGs
[2023-04-10 11:33:42,764] {logging_mixin.py:109} INFO - [2023-04-10 11:33:42,764] {dag.py:2921} INFO - Setting next_dagrun for example_short_circuit_operator to 2023-04-09T11:33:42.763671+00:00
[2023-04-10 11:33:42,776] {processor.py:171} INFO - Processing /home/airflow/.local/lib/python3.7/site-packages/airflow/example_dags/example_short_circuit_operator.py took 0.119 seconds
[2023-04-10 11:34:13,353] {processor.py:163} INFO - Started process (PID=1117) to work on /home/airflow/.local/lib/python3.7/site-packages/airflow/example_dags/example_short_circuit_operator.py
[2023-04-10 11:34:13,354] {processor.py:620} INFO - Processing file /home/airflow/.local/lib/python3.7/site-packages/airflow/example_dags/example_short_circuit_operator.py for tasks to queue
[2023-04-10 11:34:13,355] {logging_mixin.py:109} INFO - [2023-04-10 11:34:13,355] {dagbag.py:500} INFO - Filling up the DagBag from /home/airflow/.local/lib/python3.7/site-packages/airflow/example_dags/example_short_circuit_operator.py
[2023-04-10 11:34:13,379] {processor.py:632} INFO - DAG(s) dict_keys(['example_short_circuit_operator']) retrieved from /home/airflow/.local/lib/python3.7/site-packages/airflow/example_dags/example_short_circuit_operator.py
[2023-04-10 11:34:13,390] {logging_mixin.py:109} INFO - [2023-04-10 11:34:13,389] {dag.py:2389} INFO - Sync 1 DAGs
[2023-04-10 11:34:13,408] {logging_mixin.py:109} INFO - [2023-04-10 11:34:13,408] {dag.py:2921} INFO - Setting next_dagrun for example_short_circuit_operator to 2023-04-09T11:34:13.408448+00:00
[2023-04-10 11:34:13,422] {processor.py:171} INFO - Processing /home/airflow/.local/lib/python3.7/site-packages/airflow/example_dags/example_short_circuit_operator.py took 0.072 seconds
[2023-04-10 11:34:43,672] {processor.py:163} INFO - Started process (PID=1177) to work on /home/airflow/.local/lib/python3.7/site-packages/airflow/example_dags/example_short_circuit_operator.py
[2023-04-10 11:34:43,673] {processor.py:620} INFO - Processing file /home/airflow/.local/lib/python3.7/site-packages/airflow/example_dags/example_short_circuit_operator.py for tasks to queue
[2023-04-10 11:34:43,674] {logging_mixin.py:109} INFO - [2023-04-10 11:34:43,674] {dagbag.py:500} INFO - Filling up the DagBag from /home/airflow/.local/lib/python3.7/site-packages/airflow/example_dags/example_short_circuit_operator.py
[2023-04-10 11:34:43,700] {processor.py:632} INFO - DAG(s) dict_keys(['example_short_circuit_operator']) retrieved from /home/airflow/.local/lib/python3.7/site-packages/airflow/example_dags/example_short_circuit_operator.py
[2023-04-10 11:34:43,710] {logging_mixin.py:109} INFO - [2023-04-10 11:34:43,710] {dag.py:2389} INFO - Sync 1 DAGs
[2023-04-10 11:34:43,726] {logging_mixin.py:109} INFO - [2023-04-10 11:34:43,726] {dag.py:2921} INFO - Setting next_dagrun for example_short_circuit_operator to 2023-04-09T11:34:43.725800+00:00
[2023-04-10 11:34:43,735] {processor.py:171} INFO - Processing /home/airflow/.local/lib/python3.7/site-packages/airflow/example_dags/example_short_circuit_operator.py took 0.065 seconds
[2023-04-10 11:35:14,084] {processor.py:163} INFO - Started process (PID=1228) to work on /home/airflow/.local/lib/python3.7/site-packages/airflow/example_dags/example_short_circuit_operator.py
[2023-04-10 11:35:14,089] {processor.py:620} INFO - Processing file /home/airflow/.local/lib/python3.7/site-packages/airflow/example_dags/example_short_circuit_operator.py for tasks to queue
[2023-04-10 11:35:14,090] {logging_mixin.py:109} INFO - [2023-04-10 11:35:14,090] {dagbag.py:500} INFO - Filling up the DagBag from /home/airflow/.local/lib/python3.7/site-packages/airflow/example_dags/example_short_circuit_operator.py
[2023-04-10 11:35:14,111] {processor.py:632} INFO - DAG(s) dict_keys(['example_short_circuit_operator']) retrieved from /home/airflow/.local/lib/python3.7/site-packages/airflow/example_dags/example_short_circuit_operator.py
[2023-04-10 11:35:14,118] {logging_mixin.py:109} INFO - [2023-04-10 11:35:14,118] {dag.py:2389} INFO - Sync 1 DAGs
[2023-04-10 11:35:14,128] {logging_mixin.py:109} INFO - [2023-04-10 11:35:14,128] {dag.py:2921} INFO - Setting next_dagrun for example_short_circuit_operator to 2023-04-09T11:35:14.128287+00:00
[2023-04-10 11:35:14,136] {processor.py:171} INFO - Processing /home/airflow/.local/lib/python3.7/site-packages/airflow/example_dags/example_short_circuit_operator.py took 0.054 seconds
[2023-04-10 11:35:44,340] {processor.py:163} INFO - Started process (PID=1279) to work on /home/airflow/.local/lib/python3.7/site-packages/airflow/example_dags/example_short_circuit_operator.py
[2023-04-10 11:35:44,341] {processor.py:620} INFO - Processing file /home/airflow/.local/lib/python3.7/site-packages/airflow/example_dags/example_short_circuit_operator.py for tasks to queue
[2023-04-10 11:35:44,341] {logging_mixin.py:109} INFO - [2023-04-10 11:35:44,341] {dagbag.py:500} INFO - Filling up the DagBag from /home/airflow/.local/lib/python3.7/site-packages/airflow/example_dags/example_short_circuit_operator.py
[2023-04-10 11:35:44,360] {processor.py:632} INFO - DAG(s) dict_keys(['example_short_circuit_operator']) retrieved from /home/airflow/.local/lib/python3.7/site-packages/airflow/example_dags/example_short_circuit_operator.py
[2023-04-10 11:35:44,367] {logging_mixin.py:109} INFO - [2023-04-10 11:35:44,367] {dag.py:2389} INFO - Sync 1 DAGs
[2023-04-10 11:35:44,377] {logging_mixin.py:109} INFO - [2023-04-10 11:35:44,377] {dag.py:2921} INFO - Setting next_dagrun for example_short_circuit_operator to 2023-04-09T11:35:44.377123+00:00
[2023-04-10 11:35:44,385] {processor.py:171} INFO - Processing /home/airflow/.local/lib/python3.7/site-packages/airflow/example_dags/example_short_circuit_operator.py took 0.047 seconds
[2023-04-10 11:36:14,658] {processor.py:163} INFO - Started process (PID=1340) to work on /home/airflow/.local/lib/python3.7/site-packages/airflow/example_dags/example_short_circuit_operator.py
[2023-04-10 11:36:14,660] {processor.py:620} INFO - Processing file /home/airflow/.local/lib/python3.7/site-packages/airflow/example_dags/example_short_circuit_operator.py for tasks to queue
[2023-04-10 11:36:14,660] {logging_mixin.py:109} INFO - [2023-04-10 11:36:14,660] {dagbag.py:500} INFO - Filling up the DagBag from /home/airflow/.local/lib/python3.7/site-packages/airflow/example_dags/example_short_circuit_operator.py
[2023-04-10 11:36:14,690] {processor.py:632} INFO - DAG(s) dict_keys(['example_short_circuit_operator']) retrieved from /home/airflow/.local/lib/python3.7/site-packages/airflow/example_dags/example_short_circuit_operator.py
[2023-04-10 11:36:14,704] {logging_mixin.py:109} INFO - [2023-04-10 11:36:14,703] {dag.py:2389} INFO - Sync 1 DAGs
[2023-04-10 11:36:14,726] {logging_mixin.py:109} INFO - [2023-04-10 11:36:14,726] {dag.py:2921} INFO - Setting next_dagrun for example_short_circuit_operator to 2023-04-09T11:36:14.726168+00:00
[2023-04-10 11:36:14,739] {processor.py:171} INFO - Processing /home/airflow/.local/lib/python3.7/site-packages/airflow/example_dags/example_short_circuit_operator.py took 0.083 seconds
[2023-04-10 11:36:45,105] {processor.py:163} INFO - Started process (PID=1392) to work on /home/airflow/.local/lib/python3.7/site-packages/airflow/example_dags/example_short_circuit_operator.py
[2023-04-10 11:36:45,106] {processor.py:620} INFO - Processing file /home/airflow/.local/lib/python3.7/site-packages/airflow/example_dags/example_short_circuit_operator.py for tasks to queue
[2023-04-10 11:36:45,106] {logging_mixin.py:109} INFO - [2023-04-10 11:36:45,106] {dagbag.py:500} INFO - Filling up the DagBag from /home/airflow/.local/lib/python3.7/site-packages/airflow/example_dags/example_short_circuit_operator.py
[2023-04-10 11:36:45,127] {processor.py:632} INFO - DAG(s) dict_keys(['example_short_circuit_operator']) retrieved from /home/airflow/.local/lib/python3.7/site-packages/airflow/example_dags/example_short_circuit_operator.py
[2023-04-10 11:36:45,134] {logging_mixin.py:109} INFO - [2023-04-10 11:36:45,134] {dag.py:2389} INFO - Sync 1 DAGs
[2023-04-10 11:36:45,143] {logging_mixin.py:109} INFO - [2023-04-10 11:36:45,143] {dag.py:2921} INFO - Setting next_dagrun for example_short_circuit_operator to 2023-04-09T11:36:45.143562+00:00
[2023-04-10 11:36:45,151] {processor.py:171} INFO - Processing /home/airflow/.local/lib/python3.7/site-packages/airflow/example_dags/example_short_circuit_operator.py took 0.048 seconds
[2023-04-10 11:37:15,462] {processor.py:163} INFO - Started process (PID=1452) to work on /home/airflow/.local/lib/python3.7/site-packages/airflow/example_dags/example_short_circuit_operator.py
[2023-04-10 11:37:15,463] {processor.py:620} INFO - Processing file /home/airflow/.local/lib/python3.7/site-packages/airflow/example_dags/example_short_circuit_operator.py for tasks to queue
[2023-04-10 11:37:15,463] {logging_mixin.py:109} INFO - [2023-04-10 11:37:15,463] {dagbag.py:500} INFO - Filling up the DagBag from /home/airflow/.local/lib/python3.7/site-packages/airflow/example_dags/example_short_circuit_operator.py
[2023-04-10 11:37:15,488] {processor.py:632} INFO - DAG(s) dict_keys(['example_short_circuit_operator']) retrieved from /home/airflow/.local/lib/python3.7/site-packages/airflow/example_dags/example_short_circuit_operator.py
[2023-04-10 11:37:15,498] {logging_mixin.py:109} INFO - [2023-04-10 11:37:15,498] {dag.py:2389} INFO - Sync 1 DAGs
[2023-04-10 11:37:15,514] {logging_mixin.py:109} INFO - [2023-04-10 11:37:15,514] {dag.py:2921} INFO - Setting next_dagrun for example_short_circuit_operator to 2023-04-09T11:37:15.513925+00:00
[2023-04-10 11:37:15,523] {processor.py:171} INFO - Processing /home/airflow/.local/lib/python3.7/site-packages/airflow/example_dags/example_short_circuit_operator.py took 0.065 seconds
[2023-04-10 11:37:45,716] {processor.py:163} INFO - Started process (PID=1503) to work on /home/airflow/.local/lib/python3.7/site-packages/airflow/example_dags/example_short_circuit_operator.py
[2023-04-10 11:37:45,721] {processor.py:620} INFO - Processing file /home/airflow/.local/lib/python3.7/site-packages/airflow/example_dags/example_short_circuit_operator.py for tasks to queue
[2023-04-10 11:37:45,722] {logging_mixin.py:109} INFO - [2023-04-10 11:37:45,722] {dagbag.py:500} INFO - Filling up the DagBag from /home/airflow/.local/lib/python3.7/site-packages/airflow/example_dags/example_short_circuit_operator.py
[2023-04-10 11:37:45,743] {processor.py:632} INFO - DAG(s) dict_keys(['example_short_circuit_operator']) retrieved from /home/airflow/.local/lib/python3.7/site-packages/airflow/example_dags/example_short_circuit_operator.py
[2023-04-10 11:37:45,750] {logging_mixin.py:109} INFO - [2023-04-10 11:37:45,750] {dag.py:2389} INFO - Sync 1 DAGs
[2023-04-10 11:37:45,761] {logging_mixin.py:109} INFO - [2023-04-10 11:37:45,761] {dag.py:2921} INFO - Setting next_dagrun for example_short_circuit_operator to 2023-04-09T11:37:45.761495+00:00
[2023-04-10 11:37:45,769] {processor.py:171} INFO - Processing /home/airflow/.local/lib/python3.7/site-packages/airflow/example_dags/example_short_circuit_operator.py took 0.056 seconds
[2023-04-10 11:38:16,073] {processor.py:163} INFO - Started process (PID=1555) to work on /home/airflow/.local/lib/python3.7/site-packages/airflow/example_dags/example_short_circuit_operator.py
[2023-04-10 11:38:16,073] {processor.py:620} INFO - Processing file /home/airflow/.local/lib/python3.7/site-packages/airflow/example_dags/example_short_circuit_operator.py for tasks to queue
[2023-04-10 11:38:16,074] {logging_mixin.py:109} INFO - [2023-04-10 11:38:16,074] {dagbag.py:500} INFO - Filling up the DagBag from /home/airflow/.local/lib/python3.7/site-packages/airflow/example_dags/example_short_circuit_operator.py
[2023-04-10 11:38:16,094] {processor.py:632} INFO - DAG(s) dict_keys(['example_short_circuit_operator']) retrieved from /home/airflow/.local/lib/python3.7/site-packages/airflow/example_dags/example_short_circuit_operator.py
[2023-04-10 11:38:16,102] {logging_mixin.py:109} INFO - [2023-04-10 11:38:16,102] {dag.py:2389} INFO - Sync 1 DAGs
[2023-04-10 11:38:16,113] {logging_mixin.py:109} INFO - [2023-04-10 11:38:16,113] {dag.py:2921} INFO - Setting next_dagrun for example_short_circuit_operator to 2023-04-09T11:38:16.113589+00:00
[2023-04-10 11:38:16,122] {processor.py:171} INFO - Processing /home/airflow/.local/lib/python3.7/site-packages/airflow/example_dags/example_short_circuit_operator.py took 0.052 seconds
[2023-04-10 11:38:46,195] {processor.py:163} INFO - Started process (PID=1615) to work on /home/airflow/.local/lib/python3.7/site-packages/airflow/example_dags/example_short_circuit_operator.py
[2023-04-10 11:38:46,196] {processor.py:620} INFO - Processing file /home/airflow/.local/lib/python3.7/site-packages/airflow/example_dags/example_short_circuit_operator.py for tasks to queue
[2023-04-10 11:38:46,197] {logging_mixin.py:109} INFO - [2023-04-10 11:38:46,196] {dagbag.py:500} INFO - Filling up the DagBag from /home/airflow/.local/lib/python3.7/site-packages/airflow/example_dags/example_short_circuit_operator.py
[2023-04-10 11:38:46,218] {processor.py:632} INFO - DAG(s) dict_keys(['example_short_circuit_operator']) retrieved from /home/airflow/.local/lib/python3.7/site-packages/airflow/example_dags/example_short_circuit_operator.py
[2023-04-10 11:38:46,226] {logging_mixin.py:109} INFO - [2023-04-10 11:38:46,226] {dag.py:2389} INFO - Sync 1 DAGs
[2023-04-10 11:38:46,237] {logging_mixin.py:109} INFO - [2023-04-10 11:38:46,237] {dag.py:2921} INFO - Setting next_dagrun for example_short_circuit_operator to 2023-04-09T11:38:46.237350+00:00
[2023-04-10 11:38:46,245] {processor.py:171} INFO - Processing /home/airflow/.local/lib/python3.7/site-packages/airflow/example_dags/example_short_circuit_operator.py took 0.053 seconds
[2023-04-10 11:39:16,538] {processor.py:163} INFO - Started process (PID=1666) to work on /home/airflow/.local/lib/python3.7/site-packages/airflow/example_dags/example_short_circuit_operator.py
[2023-04-10 11:39:16,539] {processor.py:620} INFO - Processing file /home/airflow/.local/lib/python3.7/site-packages/airflow/example_dags/example_short_circuit_operator.py for tasks to queue
[2023-04-10 11:39:16,539] {logging_mixin.py:109} INFO - [2023-04-10 11:39:16,539] {dagbag.py:500} INFO - Filling up the DagBag from /home/airflow/.local/lib/python3.7/site-packages/airflow/example_dags/example_short_circuit_operator.py
[2023-04-10 11:39:16,558] {processor.py:632} INFO - DAG(s) dict_keys(['example_short_circuit_operator']) retrieved from /home/airflow/.local/lib/python3.7/site-packages/airflow/example_dags/example_short_circuit_operator.py
[2023-04-10 11:39:16,564] {logging_mixin.py:109} INFO - [2023-04-10 11:39:16,564] {dag.py:2389} INFO - Sync 1 DAGs
[2023-04-10 11:39:16,574] {logging_mixin.py:109} INFO - [2023-04-10 11:39:16,574] {dag.py:2921} INFO - Setting next_dagrun for example_short_circuit_operator to 2023-04-09T11:39:16.574140+00:00
[2023-04-10 11:39:16,582] {processor.py:171} INFO - Processing /home/airflow/.local/lib/python3.7/site-packages/airflow/example_dags/example_short_circuit_operator.py took 0.046 seconds
[2023-04-10 11:39:46,829] {processor.py:163} INFO - Started process (PID=1726) to work on /home/airflow/.local/lib/python3.7/site-packages/airflow/example_dags/example_short_circuit_operator.py
[2023-04-10 11:39:46,830] {processor.py:620} INFO - Processing file /home/airflow/.local/lib/python3.7/site-packages/airflow/example_dags/example_short_circuit_operator.py for tasks to queue
[2023-04-10 11:39:46,830] {logging_mixin.py:109} INFO - [2023-04-10 11:39:46,830] {dagbag.py:500} INFO - Filling up the DagBag from /home/airflow/.local/lib/python3.7/site-packages/airflow/example_dags/example_short_circuit_operator.py
[2023-04-10 11:39:46,849] {processor.py:632} INFO - DAG(s) dict_keys(['example_short_circuit_operator']) retrieved from /home/airflow/.local/lib/python3.7/site-packages/airflow/example_dags/example_short_circuit_operator.py
[2023-04-10 11:39:46,856] {logging_mixin.py:109} INFO - [2023-04-10 11:39:46,856] {dag.py:2389} INFO - Sync 1 DAGs
[2023-04-10 11:39:46,867] {logging_mixin.py:109} INFO - [2023-04-10 11:39:46,867] {dag.py:2921} INFO - Setting next_dagrun for example_short_circuit_operator to 2023-04-09T11:39:46.867410+00:00
[2023-04-10 11:39:46,876] {processor.py:171} INFO - Processing /home/airflow/.local/lib/python3.7/site-packages/airflow/example_dags/example_short_circuit_operator.py took 0.050 seconds
[2023-04-10 11:40:17,019] {processor.py:163} INFO - Started process (PID=1777) to work on /home/airflow/.local/lib/python3.7/site-packages/airflow/example_dags/example_short_circuit_operator.py
[2023-04-10 11:40:17,020] {processor.py:620} INFO - Processing file /home/airflow/.local/lib/python3.7/site-packages/airflow/example_dags/example_short_circuit_operator.py for tasks to queue
[2023-04-10 11:40:17,020] {logging_mixin.py:109} INFO - [2023-04-10 11:40:17,020] {dagbag.py:500} INFO - Filling up the DagBag from /home/airflow/.local/lib/python3.7/site-packages/airflow/example_dags/example_short_circuit_operator.py
[2023-04-10 11:40:17,041] {processor.py:632} INFO - DAG(s) dict_keys(['example_short_circuit_operator']) retrieved from /home/airflow/.local/lib/python3.7/site-packages/airflow/example_dags/example_short_circuit_operator.py
[2023-04-10 11:40:17,048] {logging_mixin.py:109} INFO - [2023-04-10 11:40:17,048] {dag.py:2389} INFO - Sync 1 DAGs
[2023-04-10 11:40:17,059] {logging_mixin.py:109} INFO - [2023-04-10 11:40:17,059] {dag.py:2921} INFO - Setting next_dagrun for example_short_circuit_operator to 2023-04-09T11:40:17.059183+00:00
[2023-04-10 11:40:17,066] {processor.py:171} INFO - Processing /home/airflow/.local/lib/python3.7/site-packages/airflow/example_dags/example_short_circuit_operator.py took 0.050 seconds
[2023-04-10 11:40:47,388] {processor.py:163} INFO - Started process (PID=1837) to work on /home/airflow/.local/lib/python3.7/site-packages/airflow/example_dags/example_short_circuit_operator.py
[2023-04-10 11:40:47,389] {processor.py:620} INFO - Processing file /home/airflow/.local/lib/python3.7/site-packages/airflow/example_dags/example_short_circuit_operator.py for tasks to queue
[2023-04-10 11:40:47,389] {logging_mixin.py:109} INFO - [2023-04-10 11:40:47,389] {dagbag.py:500} INFO - Filling up the DagBag from /home/airflow/.local/lib/python3.7/site-packages/airflow/example_dags/example_short_circuit_operator.py
[2023-04-10 11:40:47,409] {processor.py:632} INFO - DAG(s) dict_keys(['example_short_circuit_operator']) retrieved from /home/airflow/.local/lib/python3.7/site-packages/airflow/example_dags/example_short_circuit_operator.py
[2023-04-10 11:40:47,416] {logging_mixin.py:109} INFO - [2023-04-10 11:40:47,416] {dag.py:2389} INFO - Sync 1 DAGs
[2023-04-10 11:40:47,428] {logging_mixin.py:109} INFO - [2023-04-10 11:40:47,428] {dag.py:2921} INFO - Setting next_dagrun for example_short_circuit_operator to 2023-04-09T11:40:47.428193+00:00
[2023-04-10 11:40:47,436] {processor.py:171} INFO - Processing /home/airflow/.local/lib/python3.7/site-packages/airflow/example_dags/example_short_circuit_operator.py took 0.050 seconds
[2023-04-10 11:41:17,598] {processor.py:163} INFO - Started process (PID=1888) to work on /home/airflow/.local/lib/python3.7/site-packages/airflow/example_dags/example_short_circuit_operator.py
[2023-04-10 11:41:17,599] {processor.py:620} INFO - Processing file /home/airflow/.local/lib/python3.7/site-packages/airflow/example_dags/example_short_circuit_operator.py for tasks to queue
[2023-04-10 11:41:17,599] {logging_mixin.py:109} INFO - [2023-04-10 11:41:17,599] {dagbag.py:500} INFO - Filling up the DagBag from /home/airflow/.local/lib/python3.7/site-packages/airflow/example_dags/example_short_circuit_operator.py
[2023-04-10 11:41:17,620] {processor.py:632} INFO - DAG(s) dict_keys(['example_short_circuit_operator']) retrieved from /home/airflow/.local/lib/python3.7/site-packages/airflow/example_dags/example_short_circuit_operator.py
[2023-04-10 11:41:17,628] {logging_mixin.py:109} INFO - [2023-04-10 11:41:17,628] {dag.py:2389} INFO - Sync 1 DAGs
[2023-04-10 11:41:17,639] {logging_mixin.py:109} INFO - [2023-04-10 11:41:17,639] {dag.py:2921} INFO - Setting next_dagrun for example_short_circuit_operator to 2023-04-09T11:41:17.639138+00:00
[2023-04-10 11:41:17,647] {processor.py:171} INFO - Processing /home/airflow/.local/lib/python3.7/site-packages/airflow/example_dags/example_short_circuit_operator.py took 0.051 seconds
[2023-04-10 11:41:47,925] {processor.py:163} INFO - Started process (PID=1948) to work on /home/airflow/.local/lib/python3.7/site-packages/airflow/example_dags/example_short_circuit_operator.py
[2023-04-10 11:41:47,929] {processor.py:620} INFO - Processing file /home/airflow/.local/lib/python3.7/site-packages/airflow/example_dags/example_short_circuit_operator.py for tasks to queue
[2023-04-10 11:41:47,929] {logging_mixin.py:109} INFO - [2023-04-10 11:41:47,929] {dagbag.py:500} INFO - Filling up the DagBag from /home/airflow/.local/lib/python3.7/site-packages/airflow/example_dags/example_short_circuit_operator.py
[2023-04-10 11:41:47,952] {processor.py:632} INFO - DAG(s) dict_keys(['example_short_circuit_operator']) retrieved from /home/airflow/.local/lib/python3.7/site-packages/airflow/example_dags/example_short_circuit_operator.py
[2023-04-10 11:41:47,962] {logging_mixin.py:109} INFO - [2023-04-10 11:41:47,962] {dag.py:2389} INFO - Sync 1 DAGs
[2023-04-10 11:41:47,976] {logging_mixin.py:109} INFO - [2023-04-10 11:41:47,976] {dag.py:2921} INFO - Setting next_dagrun for example_short_circuit_operator to 2023-04-09T11:41:47.975945+00:00
[2023-04-10 11:41:47,986] {processor.py:171} INFO - Processing /home/airflow/.local/lib/python3.7/site-packages/airflow/example_dags/example_short_circuit_operator.py took 0.064 seconds
[2023-04-10 11:42:18,114] {processor.py:163} INFO - Started process (PID=1999) to work on /home/airflow/.local/lib/python3.7/site-packages/airflow/example_dags/example_short_circuit_operator.py
[2023-04-10 11:42:18,114] {processor.py:620} INFO - Processing file /home/airflow/.local/lib/python3.7/site-packages/airflow/example_dags/example_short_circuit_operator.py for tasks to queue
[2023-04-10 11:42:18,115] {logging_mixin.py:109} INFO - [2023-04-10 11:42:18,115] {dagbag.py:500} INFO - Filling up the DagBag from /home/airflow/.local/lib/python3.7/site-packages/airflow/example_dags/example_short_circuit_operator.py
[2023-04-10 11:42:18,137] {processor.py:632} INFO - DAG(s) dict_keys(['example_short_circuit_operator']) retrieved from /home/airflow/.local/lib/python3.7/site-packages/airflow/example_dags/example_short_circuit_operator.py
[2023-04-10 11:42:18,144] {logging_mixin.py:109} INFO - [2023-04-10 11:42:18,144] {dag.py:2389} INFO - Sync 1 DAGs
[2023-04-10 11:42:18,155] {logging_mixin.py:109} INFO - [2023-04-10 11:42:18,155] {dag.py:2921} INFO - Setting next_dagrun for example_short_circuit_operator to 2023-04-09T11:42:18.155667+00:00
[2023-04-10 11:42:18,164] {processor.py:171} INFO - Processing /home/airflow/.local/lib/python3.7/site-packages/airflow/example_dags/example_short_circuit_operator.py took 0.052 seconds
[2023-04-10 11:42:48,544] {processor.py:163} INFO - Started process (PID=2057) to work on /home/airflow/.local/lib/python3.7/site-packages/airflow/example_dags/example_short_circuit_operator.py
[2023-04-10 11:42:48,546] {processor.py:620} INFO - Processing file /home/airflow/.local/lib/python3.7/site-packages/airflow/example_dags/example_short_circuit_operator.py for tasks to queue
[2023-04-10 11:42:48,547] {logging_mixin.py:109} INFO - [2023-04-10 11:42:48,546] {dagbag.py:500} INFO - Filling up the DagBag from /home/airflow/.local/lib/python3.7/site-packages/airflow/example_dags/example_short_circuit_operator.py
[2023-04-10 11:42:48,581] {processor.py:632} INFO - DAG(s) dict_keys(['example_short_circuit_operator']) retrieved from /home/airflow/.local/lib/python3.7/site-packages/airflow/example_dags/example_short_circuit_operator.py
[2023-04-10 11:42:48,593] {logging_mixin.py:109} INFO - [2023-04-10 11:42:48,593] {dag.py:2389} INFO - Sync 1 DAGs
[2023-04-10 11:42:48,613] {logging_mixin.py:109} INFO - [2023-04-10 11:42:48,613] {dag.py:2921} INFO - Setting next_dagrun for example_short_circuit_operator to 2023-04-09T11:42:48.613366+00:00
[2023-04-10 11:42:48,624] {processor.py:171} INFO - Processing /home/airflow/.local/lib/python3.7/site-packages/airflow/example_dags/example_short_circuit_operator.py took 0.086 seconds
[2023-04-10 11:43:18,928] {processor.py:163} INFO - Started process (PID=2111) to work on /home/airflow/.local/lib/python3.7/site-packages/airflow/example_dags/example_short_circuit_operator.py
[2023-04-10 11:43:18,929] {processor.py:620} INFO - Processing file /home/airflow/.local/lib/python3.7/site-packages/airflow/example_dags/example_short_circuit_operator.py for tasks to queue
[2023-04-10 11:43:18,929] {logging_mixin.py:109} INFO - [2023-04-10 11:43:18,929] {dagbag.py:500} INFO - Filling up the DagBag from /home/airflow/.local/lib/python3.7/site-packages/airflow/example_dags/example_short_circuit_operator.py
[2023-04-10 11:43:18,952] {processor.py:632} INFO - DAG(s) dict_keys(['example_short_circuit_operator']) retrieved from /home/airflow/.local/lib/python3.7/site-packages/airflow/example_dags/example_short_circuit_operator.py
[2023-04-10 11:43:18,959] {logging_mixin.py:109} INFO - [2023-04-10 11:43:18,959] {dag.py:2389} INFO - Sync 1 DAGs
[2023-04-10 11:43:18,971] {logging_mixin.py:109} INFO - [2023-04-10 11:43:18,971] {dag.py:2921} INFO - Setting next_dagrun for example_short_circuit_operator to 2023-04-09T11:43:18.971648+00:00
[2023-04-10 11:43:18,980] {processor.py:171} INFO - Processing /home/airflow/.local/lib/python3.7/site-packages/airflow/example_dags/example_short_circuit_operator.py took 0.054 seconds
[2023-04-10 11:43:49,115] {processor.py:163} INFO - Started process (PID=2162) to work on /home/airflow/.local/lib/python3.7/site-packages/airflow/example_dags/example_short_circuit_operator.py
[2023-04-10 11:43:49,116] {processor.py:620} INFO - Processing file /home/airflow/.local/lib/python3.7/site-packages/airflow/example_dags/example_short_circuit_operator.py for tasks to queue
[2023-04-10 11:43:49,117] {logging_mixin.py:109} INFO - [2023-04-10 11:43:49,117] {dagbag.py:500} INFO - Filling up the DagBag from /home/airflow/.local/lib/python3.7/site-packages/airflow/example_dags/example_short_circuit_operator.py
[2023-04-10 11:43:49,140] {processor.py:632} INFO - DAG(s) dict_keys(['example_short_circuit_operator']) retrieved from /home/airflow/.local/lib/python3.7/site-packages/airflow/example_dags/example_short_circuit_operator.py
[2023-04-10 11:43:49,149] {logging_mixin.py:109} INFO - [2023-04-10 11:43:49,149] {dag.py:2389} INFO - Sync 1 DAGs
[2023-04-10 11:43:49,162] {logging_mixin.py:109} INFO - [2023-04-10 11:43:49,161] {dag.py:2921} INFO - Setting next_dagrun for example_short_circuit_operator to 2023-04-09T11:43:49.161744+00:00
[2023-04-10 11:43:49,171] {processor.py:171} INFO - Processing /home/airflow/.local/lib/python3.7/site-packages/airflow/example_dags/example_short_circuit_operator.py took 0.059 seconds
[2023-04-10 11:44:19,594] {processor.py:163} INFO - Started process (PID=2222) to work on /home/airflow/.local/lib/python3.7/site-packages/airflow/example_dags/example_short_circuit_operator.py
[2023-04-10 11:44:19,599] {processor.py:620} INFO - Processing file /home/airflow/.local/lib/python3.7/site-packages/airflow/example_dags/example_short_circuit_operator.py for tasks to queue
[2023-04-10 11:44:19,600] {logging_mixin.py:109} INFO - [2023-04-10 11:44:19,599] {dagbag.py:500} INFO - Filling up the DagBag from /home/airflow/.local/lib/python3.7/site-packages/airflow/example_dags/example_short_circuit_operator.py
[2023-04-10 11:44:19,619] {processor.py:632} INFO - DAG(s) dict_keys(['example_short_circuit_operator']) retrieved from /home/airflow/.local/lib/python3.7/site-packages/airflow/example_dags/example_short_circuit_operator.py
[2023-04-10 11:44:19,626] {logging_mixin.py:109} INFO - [2023-04-10 11:44:19,626] {dag.py:2389} INFO - Sync 1 DAGs
[2023-04-10 11:44:19,637] {logging_mixin.py:109} INFO - [2023-04-10 11:44:19,637] {dag.py:2921} INFO - Setting next_dagrun for example_short_circuit_operator to 2023-04-09T11:44:19.637548+00:00
[2023-04-10 11:44:19,646] {processor.py:171} INFO - Processing /home/airflow/.local/lib/python3.7/site-packages/airflow/example_dags/example_short_circuit_operator.py took 0.054 seconds
[2023-04-10 11:44:49,795] {processor.py:163} INFO - Started process (PID=2273) to work on /home/airflow/.local/lib/python3.7/site-packages/airflow/example_dags/example_short_circuit_operator.py
[2023-04-10 11:44:49,797] {processor.py:620} INFO - Processing file /home/airflow/.local/lib/python3.7/site-packages/airflow/example_dags/example_short_circuit_operator.py for tasks to queue
[2023-04-10 11:44:49,797] {logging_mixin.py:109} INFO - [2023-04-10 11:44:49,797] {dagbag.py:500} INFO - Filling up the DagBag from /home/airflow/.local/lib/python3.7/site-packages/airflow/example_dags/example_short_circuit_operator.py
[2023-04-10 11:44:49,818] {processor.py:632} INFO - DAG(s) dict_keys(['example_short_circuit_operator']) retrieved from /home/airflow/.local/lib/python3.7/site-packages/airflow/example_dags/example_short_circuit_operator.py
[2023-04-10 11:44:49,826] {logging_mixin.py:109} INFO - [2023-04-10 11:44:49,825] {dag.py:2389} INFO - Sync 1 DAGs
[2023-04-10 11:44:49,836] {logging_mixin.py:109} INFO - [2023-04-10 11:44:49,836] {dag.py:2921} INFO - Setting next_dagrun for example_short_circuit_operator to 2023-04-09T11:44:49.836594+00:00
[2023-04-10 11:44:49,845] {processor.py:171} INFO - Processing /home/airflow/.local/lib/python3.7/site-packages/airflow/example_dags/example_short_circuit_operator.py took 0.052 seconds
[2023-04-10 11:45:20,221] {processor.py:163} INFO - Started process (PID=2334) to work on /home/airflow/.local/lib/python3.7/site-packages/airflow/example_dags/example_short_circuit_operator.py
[2023-04-10 11:45:20,222] {processor.py:620} INFO - Processing file /home/airflow/.local/lib/python3.7/site-packages/airflow/example_dags/example_short_circuit_operator.py for tasks to queue
[2023-04-10 11:45:20,223] {logging_mixin.py:109} INFO - [2023-04-10 11:45:20,223] {dagbag.py:500} INFO - Filling up the DagBag from /home/airflow/.local/lib/python3.7/site-packages/airflow/example_dags/example_short_circuit_operator.py
[2023-04-10 11:45:20,243] {processor.py:632} INFO - DAG(s) dict_keys(['example_short_circuit_operator']) retrieved from /home/airflow/.local/lib/python3.7/site-packages/airflow/example_dags/example_short_circuit_operator.py
[2023-04-10 11:45:20,250] {logging_mixin.py:109} INFO - [2023-04-10 11:45:20,250] {dag.py:2389} INFO - Sync 1 DAGs
[2023-04-10 11:45:20,262] {logging_mixin.py:109} INFO - [2023-04-10 11:45:20,262] {dag.py:2921} INFO - Setting next_dagrun for example_short_circuit_operator to 2023-04-09T11:45:20.262019+00:00
[2023-04-10 11:45:20,270] {processor.py:171} INFO - Processing /home/airflow/.local/lib/python3.7/site-packages/airflow/example_dags/example_short_circuit_operator.py took 0.051 seconds
[2023-04-10 11:45:50,520] {processor.py:163} INFO - Started process (PID=2385) to work on /home/airflow/.local/lib/python3.7/site-packages/airflow/example_dags/example_short_circuit_operator.py
[2023-04-10 11:45:50,521] {processor.py:620} INFO - Processing file /home/airflow/.local/lib/python3.7/site-packages/airflow/example_dags/example_short_circuit_operator.py for tasks to queue
[2023-04-10 11:45:50,521] {logging_mixin.py:109} INFO - [2023-04-10 11:45:50,521] {dagbag.py:500} INFO - Filling up the DagBag from /home/airflow/.local/lib/python3.7/site-packages/airflow/example_dags/example_short_circuit_operator.py
[2023-04-10 11:45:50,545] {processor.py:632} INFO - DAG(s) dict_keys(['example_short_circuit_operator']) retrieved from /home/airflow/.local/lib/python3.7/site-packages/airflow/example_dags/example_short_circuit_operator.py
[2023-04-10 11:45:50,555] {logging_mixin.py:109} INFO - [2023-04-10 11:45:50,555] {dag.py:2389} INFO - Sync 1 DAGs
[2023-04-10 11:45:50,570] {logging_mixin.py:109} INFO - [2023-04-10 11:45:50,569] {dag.py:2921} INFO - Setting next_dagrun for example_short_circuit_operator to 2023-04-09T11:45:50.569731+00:00
[2023-04-10 11:45:50,579] {processor.py:171} INFO - Processing /home/airflow/.local/lib/python3.7/site-packages/airflow/example_dags/example_short_circuit_operator.py took 0.062 seconds
[2023-04-10 11:46:20,841] {processor.py:163} INFO - Started process (PID=2445) to work on /home/airflow/.local/lib/python3.7/site-packages/airflow/example_dags/example_short_circuit_operator.py
[2023-04-10 11:46:20,842] {processor.py:620} INFO - Processing file /home/airflow/.local/lib/python3.7/site-packages/airflow/example_dags/example_short_circuit_operator.py for tasks to queue
[2023-04-10 11:46:20,843] {logging_mixin.py:109} INFO - [2023-04-10 11:46:20,843] {dagbag.py:500} INFO - Filling up the DagBag from /home/airflow/.local/lib/python3.7/site-packages/airflow/example_dags/example_short_circuit_operator.py
[2023-04-10 11:46:20,869] {processor.py:632} INFO - DAG(s) dict_keys(['example_short_circuit_operator']) retrieved from /home/airflow/.local/lib/python3.7/site-packages/airflow/example_dags/example_short_circuit_operator.py
[2023-04-10 11:46:20,878] {logging_mixin.py:109} INFO - [2023-04-10 11:46:20,878] {dag.py:2389} INFO - Sync 1 DAGs
[2023-04-10 11:46:20,891] {logging_mixin.py:109} INFO - [2023-04-10 11:46:20,891] {dag.py:2921} INFO - Setting next_dagrun for example_short_circuit_operator to 2023-04-09T11:46:20.891420+00:00
[2023-04-10 11:46:20,901] {processor.py:171} INFO - Processing /home/airflow/.local/lib/python3.7/site-packages/airflow/example_dags/example_short_circuit_operator.py took 0.063 seconds
[2023-04-10 11:46:51,137] {processor.py:163} INFO - Started process (PID=2496) to work on /home/airflow/.local/lib/python3.7/site-packages/airflow/example_dags/example_short_circuit_operator.py
[2023-04-10 11:46:51,138] {processor.py:620} INFO - Processing file /home/airflow/.local/lib/python3.7/site-packages/airflow/example_dags/example_short_circuit_operator.py for tasks to queue
[2023-04-10 11:46:51,138] {logging_mixin.py:109} INFO - [2023-04-10 11:46:51,138] {dagbag.py:500} INFO - Filling up the DagBag from /home/airflow/.local/lib/python3.7/site-packages/airflow/example_dags/example_short_circuit_operator.py
[2023-04-10 11:46:51,162] {processor.py:632} INFO - DAG(s) dict_keys(['example_short_circuit_operator']) retrieved from /home/airflow/.local/lib/python3.7/site-packages/airflow/example_dags/example_short_circuit_operator.py
[2023-04-10 11:46:51,172] {logging_mixin.py:109} INFO - [2023-04-10 11:46:51,171] {dag.py:2389} INFO - Sync 1 DAGs
[2023-04-10 11:46:51,184] {logging_mixin.py:109} INFO - [2023-04-10 11:46:51,184] {dag.py:2921} INFO - Setting next_dagrun for example_short_circuit_operator to 2023-04-09T11:46:51.183959+00:00
[2023-04-10 11:46:51,193] {processor.py:171} INFO - Processing /home/airflow/.local/lib/python3.7/site-packages/airflow/example_dags/example_short_circuit_operator.py took 0.060 seconds
[2023-04-10 11:47:21,474] {processor.py:163} INFO - Started process (PID=2547) to work on /home/airflow/.local/lib/python3.7/site-packages/airflow/example_dags/example_short_circuit_operator.py
[2023-04-10 11:47:21,475] {processor.py:620} INFO - Processing file /home/airflow/.local/lib/python3.7/site-packages/airflow/example_dags/example_short_circuit_operator.py for tasks to queue
[2023-04-10 11:47:21,476] {logging_mixin.py:109} INFO - [2023-04-10 11:47:21,475] {dagbag.py:500} INFO - Filling up the DagBag from /home/airflow/.local/lib/python3.7/site-packages/airflow/example_dags/example_short_circuit_operator.py
[2023-04-10 11:47:21,496] {processor.py:632} INFO - DAG(s) dict_keys(['example_short_circuit_operator']) retrieved from /home/airflow/.local/lib/python3.7/site-packages/airflow/example_dags/example_short_circuit_operator.py
[2023-04-10 11:47:21,503] {logging_mixin.py:109} INFO - [2023-04-10 11:47:21,503] {dag.py:2389} INFO - Sync 1 DAGs
[2023-04-10 11:47:21,514] {logging_mixin.py:109} INFO - [2023-04-10 11:47:21,514] {dag.py:2921} INFO - Setting next_dagrun for example_short_circuit_operator to 2023-04-09T11:47:21.514217+00:00
[2023-04-10 11:47:21,523] {processor.py:171} INFO - Processing /home/airflow/.local/lib/python3.7/site-packages/airflow/example_dags/example_short_circuit_operator.py took 0.051 seconds
[2023-04-10 11:47:51,541] {processor.py:163} INFO - Started process (PID=2606) to work on /home/airflow/.local/lib/python3.7/site-packages/airflow/example_dags/example_short_circuit_operator.py
[2023-04-10 11:47:51,542] {processor.py:620} INFO - Processing file /home/airflow/.local/lib/python3.7/site-packages/airflow/example_dags/example_short_circuit_operator.py for tasks to queue
[2023-04-10 11:47:51,543] {logging_mixin.py:109} INFO - [2023-04-10 11:47:51,542] {dagbag.py:500} INFO - Filling up the DagBag from /home/airflow/.local/lib/python3.7/site-packages/airflow/example_dags/example_short_circuit_operator.py
[2023-04-10 11:47:51,564] {processor.py:632} INFO - DAG(s) dict_keys(['example_short_circuit_operator']) retrieved from /home/airflow/.local/lib/python3.7/site-packages/airflow/example_dags/example_short_circuit_operator.py
[2023-04-10 11:47:51,571] {logging_mixin.py:109} INFO - [2023-04-10 11:47:51,571] {dag.py:2389} INFO - Sync 1 DAGs
[2023-04-10 11:47:51,583] {logging_mixin.py:109} INFO - [2023-04-10 11:47:51,583] {dag.py:2921} INFO - Setting next_dagrun for example_short_circuit_operator to 2023-04-09T11:47:51.583284+00:00
[2023-04-10 11:47:51,655] {processor.py:171} INFO - Processing /home/airflow/.local/lib/python3.7/site-packages/airflow/example_dags/example_short_circuit_operator.py took 0.116 seconds
[2023-04-10 11:48:03,296] {processor.py:163} INFO - Started process (PID=3113) to work on /home/airflow/.local/lib/python3.7/site-packages/airflow/example_dags/example_short_circuit_operator.py
[2023-04-10 11:48:03,297] {processor.py:620} INFO - Processing file /home/airflow/.local/lib/python3.7/site-packages/airflow/example_dags/example_short_circuit_operator.py for tasks to queue
[2023-04-10 11:48:03,297] {logging_mixin.py:109} INFO - [2023-04-10 11:48:03,297] {dagbag.py:500} INFO - Filling up the DagBag from /home/airflow/.local/lib/python3.7/site-packages/airflow/example_dags/example_short_circuit_operator.py
[2023-04-10 11:48:03,322] {processor.py:632} INFO - DAG(s) dict_keys(['example_short_circuit_operator']) retrieved from /home/airflow/.local/lib/python3.7/site-packages/airflow/example_dags/example_short_circuit_operator.py
[2023-04-10 11:48:03,330] {logging_mixin.py:109} INFO - [2023-04-10 11:48:03,330] {dag.py:2389} INFO - Sync 1 DAGs
[2023-04-10 11:48:03,342] {logging_mixin.py:109} INFO - [2023-04-10 11:48:03,342] {dag.py:2921} INFO - Setting next_dagrun for example_short_circuit_operator to 2023-04-09T11:48:03.342642+00:00
[2023-04-10 11:48:03,351] {processor.py:171} INFO - Processing /home/airflow/.local/lib/python3.7/site-packages/airflow/example_dags/example_short_circuit_operator.py took 0.057 seconds
[2023-04-10 11:48:21,798] {processor.py:163} INFO - Started process (PID=2657) to work on /home/airflow/.local/lib/python3.7/site-packages/airflow/example_dags/example_short_circuit_operator.py
[2023-04-10 11:48:21,798] {processor.py:620} INFO - Processing file /home/airflow/.local/lib/python3.7/site-packages/airflow/example_dags/example_short_circuit_operator.py for tasks to queue
[2023-04-10 11:48:21,799] {logging_mixin.py:109} INFO - [2023-04-10 11:48:21,799] {dagbag.py:500} INFO - Filling up the DagBag from /home/airflow/.local/lib/python3.7/site-packages/airflow/example_dags/example_short_circuit_operator.py
[2023-04-10 11:48:21,899] {processor.py:632} INFO - DAG(s) dict_keys(['example_short_circuit_operator']) retrieved from /home/airflow/.local/lib/python3.7/site-packages/airflow/example_dags/example_short_circuit_operator.py
[2023-04-10 11:48:21,910] {logging_mixin.py:109} INFO - [2023-04-10 11:48:21,910] {dag.py:2389} INFO - Sync 1 DAGs
[2023-04-10 11:48:21,994] {logging_mixin.py:109} INFO - [2023-04-10 11:48:21,993] {dag.py:2921} INFO - Setting next_dagrun for example_short_circuit_operator to 2023-04-09T11:48:21.993806+00:00
[2023-04-10 11:48:22,002] {processor.py:171} INFO - Processing /home/airflow/.local/lib/python3.7/site-packages/airflow/example_dags/example_short_circuit_operator.py took 0.207 seconds
[2023-04-10 11:48:52,579] {processor.py:163} INFO - Started process (PID=2717) to work on /home/airflow/.local/lib/python3.7/site-packages/airflow/example_dags/example_short_circuit_operator.py
[2023-04-10 11:48:52,581] {processor.py:620} INFO - Processing file /home/airflow/.local/lib/python3.7/site-packages/airflow/example_dags/example_short_circuit_operator.py for tasks to queue
[2023-04-10 11:48:52,581] {logging_mixin.py:109} INFO - [2023-04-10 11:48:52,581] {dagbag.py:500} INFO - Filling up the DagBag from /home/airflow/.local/lib/python3.7/site-packages/airflow/example_dags/example_short_circuit_operator.py
[2023-04-10 11:48:52,609] {processor.py:632} INFO - DAG(s) dict_keys(['example_short_circuit_operator']) retrieved from /home/airflow/.local/lib/python3.7/site-packages/airflow/example_dags/example_short_circuit_operator.py
[2023-04-10 11:48:52,620] {logging_mixin.py:109} INFO - [2023-04-10 11:48:52,620] {dag.py:2389} INFO - Sync 1 DAGs
[2023-04-10 11:48:52,715] {logging_mixin.py:109} INFO - [2023-04-10 11:48:52,714] {dag.py:2921} INFO - Setting next_dagrun for example_short_circuit_operator to 2023-04-09T11:48:52.714703+00:00
[2023-04-10 11:48:52,723] {processor.py:171} INFO - Processing /home/airflow/.local/lib/python3.7/site-packages/airflow/example_dags/example_short_circuit_operator.py took 0.147 seconds
