[2023-04-10 11:27:00,549] {processor.py:163} INFO - Started process (PID=282) to work on /home/airflow/.local/lib/python3.7/site-packages/airflow/example_dags/example_branch_python_dop_operator_3.py
[2023-04-10 11:27:00,550] {processor.py:620} INFO - Processing file /home/airflow/.local/lib/python3.7/site-packages/airflow/example_dags/example_branch_python_dop_operator_3.py for tasks to queue
[2023-04-10 11:27:00,551] {logging_mixin.py:109} INFO - [2023-04-10 11:27:00,551] {dagbag.py:500} INFO - Filling up the DagBag from /home/airflow/.local/lib/python3.7/site-packages/airflow/example_dags/example_branch_python_dop_operator_3.py
[2023-04-10 11:27:00,582] {processor.py:632} INFO - DAG(s) dict_keys(['example_branch_dop_operator_v3']) retrieved from /home/airflow/.local/lib/python3.7/site-packages/airflow/example_dags/example_branch_python_dop_operator_3.py
[2023-04-10 11:27:02,627] {logging_mixin.py:109} INFO - [2023-04-10 11:27:02,627] {providers_manager.py:156} WARNING - Exception when importing 'airflow.providers.google.leveldb.hooks.leveldb.LevelDBHook' from 'apache-airflow-providers-google' package: No module named 'plyvel'
[2023-04-10 11:27:03,177] {logging_mixin.py:109} INFO - [2023-04-10 11:27:03,177] {providers_manager.py:156} WARNING - Exception when importing 'airflow.providers.google.leveldb.hooks.leveldb.LevelDBHook' from 'apache-airflow-providers-google' package: No module named 'plyvel'
[2023-04-10 11:27:03,204] {logging_mixin.py:109} INFO - [2023-04-10 11:27:03,204] {manager.py:496} INFO - Created Permission View: can read on DAG:example_branch_dop_operator_v3
[2023-04-10 11:27:03,215] {logging_mixin.py:109} INFO - [2023-04-10 11:27:03,215] {manager.py:496} INFO - Created Permission View: can edit on DAG:example_branch_dop_operator_v3
[2023-04-10 11:27:03,215] {logging_mixin.py:109} INFO - [2023-04-10 11:27:03,215] {dag.py:2389} INFO - Sync 1 DAGs
[2023-04-10 11:27:03,225] {logging_mixin.py:109} INFO - [2023-04-10 11:27:03,224] {dag.py:2408} INFO - Creating ORM DAG for example_branch_dop_operator_v3
[2023-04-10 11:27:03,240] {logging_mixin.py:109} INFO - [2023-04-10 11:27:03,240] {dag.py:2921} INFO - Setting next_dagrun for example_branch_dop_operator_v3 to 2023-04-10T11:26:00+00:00
[2023-04-10 11:27:03,256] {processor.py:171} INFO - Processing /home/airflow/.local/lib/python3.7/site-packages/airflow/example_dags/example_branch_python_dop_operator_3.py took 2.711 seconds
[2023-04-10 11:27:33,907] {processor.py:163} INFO - Started process (PID=389) to work on /home/airflow/.local/lib/python3.7/site-packages/airflow/example_dags/example_branch_python_dop_operator_3.py
[2023-04-10 11:27:33,909] {processor.py:620} INFO - Processing file /home/airflow/.local/lib/python3.7/site-packages/airflow/example_dags/example_branch_python_dop_operator_3.py for tasks to queue
[2023-04-10 11:27:33,909] {logging_mixin.py:109} INFO - [2023-04-10 11:27:33,909] {dagbag.py:500} INFO - Filling up the DagBag from /home/airflow/.local/lib/python3.7/site-packages/airflow/example_dags/example_branch_python_dop_operator_3.py
[2023-04-10 11:27:33,932] {processor.py:632} INFO - DAG(s) dict_keys(['example_branch_dop_operator_v3']) retrieved from /home/airflow/.local/lib/python3.7/site-packages/airflow/example_dags/example_branch_python_dop_operator_3.py
[2023-04-10 11:27:33,940] {logging_mixin.py:109} INFO - [2023-04-10 11:27:33,940] {dag.py:2389} INFO - Sync 1 DAGs
[2023-04-10 11:27:33,956] {logging_mixin.py:109} INFO - [2023-04-10 11:27:33,956] {dag.py:2921} INFO - Setting next_dagrun for example_branch_dop_operator_v3 to 2023-04-10T11:26:00+00:00
[2023-04-10 11:27:33,965] {processor.py:171} INFO - Processing /home/airflow/.local/lib/python3.7/site-packages/airflow/example_dags/example_branch_python_dop_operator_3.py took 0.060 seconds
[2023-04-10 11:28:04,136] {processor.py:163} INFO - Started process (PID=440) to work on /home/airflow/.local/lib/python3.7/site-packages/airflow/example_dags/example_branch_python_dop_operator_3.py
[2023-04-10 11:28:04,137] {processor.py:620} INFO - Processing file /home/airflow/.local/lib/python3.7/site-packages/airflow/example_dags/example_branch_python_dop_operator_3.py for tasks to queue
[2023-04-10 11:28:04,138] {logging_mixin.py:109} INFO - [2023-04-10 11:28:04,138] {dagbag.py:500} INFO - Filling up the DagBag from /home/airflow/.local/lib/python3.7/site-packages/airflow/example_dags/example_branch_python_dop_operator_3.py
[2023-04-10 11:28:04,161] {processor.py:632} INFO - DAG(s) dict_keys(['example_branch_dop_operator_v3']) retrieved from /home/airflow/.local/lib/python3.7/site-packages/airflow/example_dags/example_branch_python_dop_operator_3.py
[2023-04-10 11:28:04,168] {logging_mixin.py:109} INFO - [2023-04-10 11:28:04,168] {dag.py:2389} INFO - Sync 1 DAGs
[2023-04-10 11:28:04,186] {logging_mixin.py:109} INFO - [2023-04-10 11:28:04,186] {dag.py:2921} INFO - Setting next_dagrun for example_branch_dop_operator_v3 to 2023-04-10T11:27:00+00:00
[2023-04-10 11:28:04,196] {processor.py:171} INFO - Processing /home/airflow/.local/lib/python3.7/site-packages/airflow/example_dags/example_branch_python_dop_operator_3.py took 0.062 seconds
[2023-04-10 11:28:34,314] {processor.py:163} INFO - Started process (PID=500) to work on /home/airflow/.local/lib/python3.7/site-packages/airflow/example_dags/example_branch_python_dop_operator_3.py
[2023-04-10 11:28:34,315] {processor.py:620} INFO - Processing file /home/airflow/.local/lib/python3.7/site-packages/airflow/example_dags/example_branch_python_dop_operator_3.py for tasks to queue
[2023-04-10 11:28:34,315] {logging_mixin.py:109} INFO - [2023-04-10 11:28:34,315] {dagbag.py:500} INFO - Filling up the DagBag from /home/airflow/.local/lib/python3.7/site-packages/airflow/example_dags/example_branch_python_dop_operator_3.py
[2023-04-10 11:28:34,335] {processor.py:632} INFO - DAG(s) dict_keys(['example_branch_dop_operator_v3']) retrieved from /home/airflow/.local/lib/python3.7/site-packages/airflow/example_dags/example_branch_python_dop_operator_3.py
[2023-04-10 11:28:34,342] {logging_mixin.py:109} INFO - [2023-04-10 11:28:34,342] {dag.py:2389} INFO - Sync 1 DAGs
[2023-04-10 11:28:34,356] {logging_mixin.py:109} INFO - [2023-04-10 11:28:34,356] {dag.py:2921} INFO - Setting next_dagrun for example_branch_dop_operator_v3 to 2023-04-10T11:27:00+00:00
[2023-04-10 11:28:34,364] {processor.py:171} INFO - Processing /home/airflow/.local/lib/python3.7/site-packages/airflow/example_dags/example_branch_python_dop_operator_3.py took 0.053 seconds
[2023-04-10 11:29:04,583] {processor.py:163} INFO - Started process (PID=551) to work on /home/airflow/.local/lib/python3.7/site-packages/airflow/example_dags/example_branch_python_dop_operator_3.py
[2023-04-10 11:29:04,584] {processor.py:620} INFO - Processing file /home/airflow/.local/lib/python3.7/site-packages/airflow/example_dags/example_branch_python_dop_operator_3.py for tasks to queue
[2023-04-10 11:29:04,584] {logging_mixin.py:109} INFO - [2023-04-10 11:29:04,584] {dagbag.py:500} INFO - Filling up the DagBag from /home/airflow/.local/lib/python3.7/site-packages/airflow/example_dags/example_branch_python_dop_operator_3.py
[2023-04-10 11:29:04,609] {processor.py:632} INFO - DAG(s) dict_keys(['example_branch_dop_operator_v3']) retrieved from /home/airflow/.local/lib/python3.7/site-packages/airflow/example_dags/example_branch_python_dop_operator_3.py
[2023-04-10 11:29:04,617] {logging_mixin.py:109} INFO - [2023-04-10 11:29:04,616] {dag.py:2389} INFO - Sync 1 DAGs
[2023-04-10 11:29:04,634] {logging_mixin.py:109} INFO - [2023-04-10 11:29:04,634] {dag.py:2921} INFO - Setting next_dagrun for example_branch_dop_operator_v3 to 2023-04-10T11:28:00+00:00
[2023-04-10 11:29:04,643] {processor.py:171} INFO - Processing /home/airflow/.local/lib/python3.7/site-packages/airflow/example_dags/example_branch_python_dop_operator_3.py took 0.062 seconds
[2023-04-10 11:29:34,729] {processor.py:163} INFO - Started process (PID=613) to work on /home/airflow/.local/lib/python3.7/site-packages/airflow/example_dags/example_branch_python_dop_operator_3.py
[2023-04-10 11:29:34,730] {processor.py:620} INFO - Processing file /home/airflow/.local/lib/python3.7/site-packages/airflow/example_dags/example_branch_python_dop_operator_3.py for tasks to queue
[2023-04-10 11:29:34,731] {logging_mixin.py:109} INFO - [2023-04-10 11:29:34,730] {dagbag.py:500} INFO - Filling up the DagBag from /home/airflow/.local/lib/python3.7/site-packages/airflow/example_dags/example_branch_python_dop_operator_3.py
[2023-04-10 11:29:34,751] {processor.py:632} INFO - DAG(s) dict_keys(['example_branch_dop_operator_v3']) retrieved from /home/airflow/.local/lib/python3.7/site-packages/airflow/example_dags/example_branch_python_dop_operator_3.py
[2023-04-10 11:29:34,759] {logging_mixin.py:109} INFO - [2023-04-10 11:29:34,759] {dag.py:2389} INFO - Sync 1 DAGs
[2023-04-10 11:29:34,774] {logging_mixin.py:109} INFO - [2023-04-10 11:29:34,774] {dag.py:2921} INFO - Setting next_dagrun for example_branch_dop_operator_v3 to 2023-04-10T11:28:00+00:00
[2023-04-10 11:29:34,783] {processor.py:171} INFO - Processing /home/airflow/.local/lib/python3.7/site-packages/airflow/example_dags/example_branch_python_dop_operator_3.py took 0.057 seconds
[2023-04-10 11:30:05,104] {processor.py:163} INFO - Started process (PID=664) to work on /home/airflow/.local/lib/python3.7/site-packages/airflow/example_dags/example_branch_python_dop_operator_3.py
[2023-04-10 11:30:05,104] {processor.py:620} INFO - Processing file /home/airflow/.local/lib/python3.7/site-packages/airflow/example_dags/example_branch_python_dop_operator_3.py for tasks to queue
[2023-04-10 11:30:05,105] {logging_mixin.py:109} INFO - [2023-04-10 11:30:05,104] {dagbag.py:500} INFO - Filling up the DagBag from /home/airflow/.local/lib/python3.7/site-packages/airflow/example_dags/example_branch_python_dop_operator_3.py
[2023-04-10 11:30:05,127] {processor.py:632} INFO - DAG(s) dict_keys(['example_branch_dop_operator_v3']) retrieved from /home/airflow/.local/lib/python3.7/site-packages/airflow/example_dags/example_branch_python_dop_operator_3.py
[2023-04-10 11:30:05,134] {logging_mixin.py:109} INFO - [2023-04-10 11:30:05,133] {dag.py:2389} INFO - Sync 1 DAGs
[2023-04-10 11:30:05,148] {logging_mixin.py:109} INFO - [2023-04-10 11:30:05,148] {dag.py:2921} INFO - Setting next_dagrun for example_branch_dop_operator_v3 to 2023-04-10T11:29:00+00:00
[2023-04-10 11:30:05,156] {processor.py:171} INFO - Processing /home/airflow/.local/lib/python3.7/site-packages/airflow/example_dags/example_branch_python_dop_operator_3.py took 0.054 seconds
[2023-04-10 11:30:35,492] {processor.py:163} INFO - Started process (PID=724) to work on /home/airflow/.local/lib/python3.7/site-packages/airflow/example_dags/example_branch_python_dop_operator_3.py
[2023-04-10 11:30:35,493] {processor.py:620} INFO - Processing file /home/airflow/.local/lib/python3.7/site-packages/airflow/example_dags/example_branch_python_dop_operator_3.py for tasks to queue
[2023-04-10 11:30:35,494] {logging_mixin.py:109} INFO - [2023-04-10 11:30:35,494] {dagbag.py:500} INFO - Filling up the DagBag from /home/airflow/.local/lib/python3.7/site-packages/airflow/example_dags/example_branch_python_dop_operator_3.py
[2023-04-10 11:30:35,522] {processor.py:632} INFO - DAG(s) dict_keys(['example_branch_dop_operator_v3']) retrieved from /home/airflow/.local/lib/python3.7/site-packages/airflow/example_dags/example_branch_python_dop_operator_3.py
[2023-04-10 11:30:35,532] {logging_mixin.py:109} INFO - [2023-04-10 11:30:35,532] {dag.py:2389} INFO - Sync 1 DAGs
[2023-04-10 11:30:35,554] {logging_mixin.py:109} INFO - [2023-04-10 11:30:35,554] {dag.py:2921} INFO - Setting next_dagrun for example_branch_dop_operator_v3 to 2023-04-10T11:29:00+00:00
[2023-04-10 11:30:35,563] {processor.py:171} INFO - Processing /home/airflow/.local/lib/python3.7/site-packages/airflow/example_dags/example_branch_python_dop_operator_3.py took 0.074 seconds
[2023-04-10 11:31:05,951] {processor.py:163} INFO - Started process (PID=775) to work on /home/airflow/.local/lib/python3.7/site-packages/airflow/example_dags/example_branch_python_dop_operator_3.py
[2023-04-10 11:31:05,951] {processor.py:620} INFO - Processing file /home/airflow/.local/lib/python3.7/site-packages/airflow/example_dags/example_branch_python_dop_operator_3.py for tasks to queue
[2023-04-10 11:31:05,952] {logging_mixin.py:109} INFO - [2023-04-10 11:31:05,952] {dagbag.py:500} INFO - Filling up the DagBag from /home/airflow/.local/lib/python3.7/site-packages/airflow/example_dags/example_branch_python_dop_operator_3.py
[2023-04-10 11:31:05,973] {processor.py:632} INFO - DAG(s) dict_keys(['example_branch_dop_operator_v3']) retrieved from /home/airflow/.local/lib/python3.7/site-packages/airflow/example_dags/example_branch_python_dop_operator_3.py
[2023-04-10 11:31:05,981] {logging_mixin.py:109} INFO - [2023-04-10 11:31:05,981] {dag.py:2389} INFO - Sync 1 DAGs
[2023-04-10 11:31:05,996] {logging_mixin.py:109} INFO - [2023-04-10 11:31:05,996] {dag.py:2921} INFO - Setting next_dagrun for example_branch_dop_operator_v3 to 2023-04-10T11:30:00+00:00
[2023-04-10 11:31:06,004] {processor.py:171} INFO - Processing /home/airflow/.local/lib/python3.7/site-packages/airflow/example_dags/example_branch_python_dop_operator_3.py took 0.055 seconds
[2023-04-10 11:31:36,299] {processor.py:163} INFO - Started process (PID=826) to work on /home/airflow/.local/lib/python3.7/site-packages/airflow/example_dags/example_branch_python_dop_operator_3.py
[2023-04-10 11:31:36,300] {processor.py:620} INFO - Processing file /home/airflow/.local/lib/python3.7/site-packages/airflow/example_dags/example_branch_python_dop_operator_3.py for tasks to queue
[2023-04-10 11:31:36,300] {logging_mixin.py:109} INFO - [2023-04-10 11:31:36,300] {dagbag.py:500} INFO - Filling up the DagBag from /home/airflow/.local/lib/python3.7/site-packages/airflow/example_dags/example_branch_python_dop_operator_3.py
[2023-04-10 11:31:36,321] {processor.py:632} INFO - DAG(s) dict_keys(['example_branch_dop_operator_v3']) retrieved from /home/airflow/.local/lib/python3.7/site-packages/airflow/example_dags/example_branch_python_dop_operator_3.py
[2023-04-10 11:31:36,327] {logging_mixin.py:109} INFO - [2023-04-10 11:31:36,327] {dag.py:2389} INFO - Sync 1 DAGs
[2023-04-10 11:31:36,341] {logging_mixin.py:109} INFO - [2023-04-10 11:31:36,341] {dag.py:2921} INFO - Setting next_dagrun for example_branch_dop_operator_v3 to 2023-04-10T11:30:00+00:00
[2023-04-10 11:31:36,349] {processor.py:171} INFO - Processing /home/airflow/.local/lib/python3.7/site-packages/airflow/example_dags/example_branch_python_dop_operator_3.py took 0.052 seconds
[2023-04-10 11:32:06,483] {processor.py:163} INFO - Started process (PID=886) to work on /home/airflow/.local/lib/python3.7/site-packages/airflow/example_dags/example_branch_python_dop_operator_3.py
[2023-04-10 11:32:06,491] {processor.py:620} INFO - Processing file /home/airflow/.local/lib/python3.7/site-packages/airflow/example_dags/example_branch_python_dop_operator_3.py for tasks to queue
[2023-04-10 11:32:06,491] {logging_mixin.py:109} INFO - [2023-04-10 11:32:06,491] {dagbag.py:500} INFO - Filling up the DagBag from /home/airflow/.local/lib/python3.7/site-packages/airflow/example_dags/example_branch_python_dop_operator_3.py
[2023-04-10 11:32:06,514] {processor.py:632} INFO - DAG(s) dict_keys(['example_branch_dop_operator_v3']) retrieved from /home/airflow/.local/lib/python3.7/site-packages/airflow/example_dags/example_branch_python_dop_operator_3.py
[2023-04-10 11:32:06,522] {logging_mixin.py:109} INFO - [2023-04-10 11:32:06,522] {dag.py:2389} INFO - Sync 1 DAGs
[2023-04-10 11:32:06,537] {logging_mixin.py:109} INFO - [2023-04-10 11:32:06,537] {dag.py:2921} INFO - Setting next_dagrun for example_branch_dop_operator_v3 to 2023-04-10T11:31:00+00:00
[2023-04-10 11:32:06,545] {processor.py:171} INFO - Processing /home/airflow/.local/lib/python3.7/site-packages/airflow/example_dags/example_branch_python_dop_operator_3.py took 0.064 seconds
[2023-04-10 11:32:36,762] {processor.py:163} INFO - Started process (PID=938) to work on /home/airflow/.local/lib/python3.7/site-packages/airflow/example_dags/example_branch_python_dop_operator_3.py
[2023-04-10 11:32:36,763] {processor.py:620} INFO - Processing file /home/airflow/.local/lib/python3.7/site-packages/airflow/example_dags/example_branch_python_dop_operator_3.py for tasks to queue
[2023-04-10 11:32:36,763] {logging_mixin.py:109} INFO - [2023-04-10 11:32:36,763] {dagbag.py:500} INFO - Filling up the DagBag from /home/airflow/.local/lib/python3.7/site-packages/airflow/example_dags/example_branch_python_dop_operator_3.py
[2023-04-10 11:32:36,787] {processor.py:632} INFO - DAG(s) dict_keys(['example_branch_dop_operator_v3']) retrieved from /home/airflow/.local/lib/python3.7/site-packages/airflow/example_dags/example_branch_python_dop_operator_3.py
[2023-04-10 11:32:36,794] {logging_mixin.py:109} INFO - [2023-04-10 11:32:36,794] {dag.py:2389} INFO - Sync 1 DAGs
[2023-04-10 11:32:36,808] {logging_mixin.py:109} INFO - [2023-04-10 11:32:36,808] {dag.py:2921} INFO - Setting next_dagrun for example_branch_dop_operator_v3 to 2023-04-10T11:31:00+00:00
[2023-04-10 11:32:36,817] {processor.py:171} INFO - Processing /home/airflow/.local/lib/python3.7/site-packages/airflow/example_dags/example_branch_python_dop_operator_3.py took 0.057 seconds
[2023-04-10 11:33:07,197] {processor.py:163} INFO - Started process (PID=999) to work on /home/airflow/.local/lib/python3.7/site-packages/airflow/example_dags/example_branch_python_dop_operator_3.py
[2023-04-10 11:33:07,207] {processor.py:620} INFO - Processing file /home/airflow/.local/lib/python3.7/site-packages/airflow/example_dags/example_branch_python_dop_operator_3.py for tasks to queue
[2023-04-10 11:33:07,207] {logging_mixin.py:109} INFO - [2023-04-10 11:33:07,207] {dagbag.py:500} INFO - Filling up the DagBag from /home/airflow/.local/lib/python3.7/site-packages/airflow/example_dags/example_branch_python_dop_operator_3.py
[2023-04-10 11:33:07,230] {processor.py:632} INFO - DAG(s) dict_keys(['example_branch_dop_operator_v3']) retrieved from /home/airflow/.local/lib/python3.7/site-packages/airflow/example_dags/example_branch_python_dop_operator_3.py
[2023-04-10 11:33:07,238] {logging_mixin.py:109} INFO - [2023-04-10 11:33:07,238] {dag.py:2389} INFO - Sync 1 DAGs
[2023-04-10 11:33:07,254] {logging_mixin.py:109} INFO - [2023-04-10 11:33:07,254] {dag.py:2921} INFO - Setting next_dagrun for example_branch_dop_operator_v3 to 2023-04-10T11:32:00+00:00
[2023-04-10 11:33:07,264] {processor.py:171} INFO - Processing /home/airflow/.local/lib/python3.7/site-packages/airflow/example_dags/example_branch_python_dop_operator_3.py took 0.069 seconds
[2023-04-10 11:33:37,448] {processor.py:163} INFO - Started process (PID=1050) to work on /home/airflow/.local/lib/python3.7/site-packages/airflow/example_dags/example_branch_python_dop_operator_3.py
[2023-04-10 11:33:37,449] {processor.py:620} INFO - Processing file /home/airflow/.local/lib/python3.7/site-packages/airflow/example_dags/example_branch_python_dop_operator_3.py for tasks to queue
[2023-04-10 11:33:37,449] {logging_mixin.py:109} INFO - [2023-04-10 11:33:37,449] {dagbag.py:500} INFO - Filling up the DagBag from /home/airflow/.local/lib/python3.7/site-packages/airflow/example_dags/example_branch_python_dop_operator_3.py
[2023-04-10 11:33:37,472] {processor.py:632} INFO - DAG(s) dict_keys(['example_branch_dop_operator_v3']) retrieved from /home/airflow/.local/lib/python3.7/site-packages/airflow/example_dags/example_branch_python_dop_operator_3.py
[2023-04-10 11:33:37,479] {logging_mixin.py:109} INFO - [2023-04-10 11:33:37,479] {dag.py:2389} INFO - Sync 1 DAGs
[2023-04-10 11:33:37,496] {logging_mixin.py:109} INFO - [2023-04-10 11:33:37,496] {dag.py:2921} INFO - Setting next_dagrun for example_branch_dop_operator_v3 to 2023-04-10T11:32:00+00:00
[2023-04-10 11:33:37,504] {processor.py:171} INFO - Processing /home/airflow/.local/lib/python3.7/site-packages/airflow/example_dags/example_branch_python_dop_operator_3.py took 0.058 seconds
[2023-04-10 11:34:08,104] {processor.py:163} INFO - Started process (PID=1110) to work on /home/airflow/.local/lib/python3.7/site-packages/airflow/example_dags/example_branch_python_dop_operator_3.py
[2023-04-10 11:34:08,112] {processor.py:620} INFO - Processing file /home/airflow/.local/lib/python3.7/site-packages/airflow/example_dags/example_branch_python_dop_operator_3.py for tasks to queue
[2023-04-10 11:34:08,112] {logging_mixin.py:109} INFO - [2023-04-10 11:34:08,112] {dagbag.py:500} INFO - Filling up the DagBag from /home/airflow/.local/lib/python3.7/site-packages/airflow/example_dags/example_branch_python_dop_operator_3.py
[2023-04-10 11:34:08,140] {processor.py:632} INFO - DAG(s) dict_keys(['example_branch_dop_operator_v3']) retrieved from /home/airflow/.local/lib/python3.7/site-packages/airflow/example_dags/example_branch_python_dop_operator_3.py
[2023-04-10 11:34:08,149] {logging_mixin.py:109} INFO - [2023-04-10 11:34:08,149] {dag.py:2389} INFO - Sync 1 DAGs
[2023-04-10 11:34:08,171] {logging_mixin.py:109} INFO - [2023-04-10 11:34:08,171] {dag.py:2921} INFO - Setting next_dagrun for example_branch_dop_operator_v3 to 2023-04-10T11:33:00+00:00
[2023-04-10 11:34:08,180] {processor.py:171} INFO - Processing /home/airflow/.local/lib/python3.7/site-packages/airflow/example_dags/example_branch_python_dop_operator_3.py took 0.079 seconds
[2023-04-10 11:34:38,417] {processor.py:163} INFO - Started process (PID=1161) to work on /home/airflow/.local/lib/python3.7/site-packages/airflow/example_dags/example_branch_python_dop_operator_3.py
[2023-04-10 11:34:38,417] {processor.py:620} INFO - Processing file /home/airflow/.local/lib/python3.7/site-packages/airflow/example_dags/example_branch_python_dop_operator_3.py for tasks to queue
[2023-04-10 11:34:38,418] {logging_mixin.py:109} INFO - [2023-04-10 11:34:38,418] {dagbag.py:500} INFO - Filling up the DagBag from /home/airflow/.local/lib/python3.7/site-packages/airflow/example_dags/example_branch_python_dop_operator_3.py
[2023-04-10 11:34:38,440] {processor.py:632} INFO - DAG(s) dict_keys(['example_branch_dop_operator_v3']) retrieved from /home/airflow/.local/lib/python3.7/site-packages/airflow/example_dags/example_branch_python_dop_operator_3.py
[2023-04-10 11:34:38,448] {logging_mixin.py:109} INFO - [2023-04-10 11:34:38,448] {dag.py:2389} INFO - Sync 1 DAGs
[2023-04-10 11:34:38,469] {logging_mixin.py:109} INFO - [2023-04-10 11:34:38,469] {dag.py:2921} INFO - Setting next_dagrun for example_branch_dop_operator_v3 to 2023-04-10T11:33:00+00:00
[2023-04-10 11:34:38,478] {processor.py:171} INFO - Processing /home/airflow/.local/lib/python3.7/site-packages/airflow/example_dags/example_branch_python_dop_operator_3.py took 0.064 seconds
[2023-04-10 11:35:08,784] {processor.py:163} INFO - Started process (PID=1221) to work on /home/airflow/.local/lib/python3.7/site-packages/airflow/example_dags/example_branch_python_dop_operator_3.py
[2023-04-10 11:35:08,792] {processor.py:620} INFO - Processing file /home/airflow/.local/lib/python3.7/site-packages/airflow/example_dags/example_branch_python_dop_operator_3.py for tasks to queue
[2023-04-10 11:35:08,792] {logging_mixin.py:109} INFO - [2023-04-10 11:35:08,792] {dagbag.py:500} INFO - Filling up the DagBag from /home/airflow/.local/lib/python3.7/site-packages/airflow/example_dags/example_branch_python_dop_operator_3.py
[2023-04-10 11:35:08,816] {processor.py:632} INFO - DAG(s) dict_keys(['example_branch_dop_operator_v3']) retrieved from /home/airflow/.local/lib/python3.7/site-packages/airflow/example_dags/example_branch_python_dop_operator_3.py
[2023-04-10 11:35:08,824] {logging_mixin.py:109} INFO - [2023-04-10 11:35:08,824] {dag.py:2389} INFO - Sync 1 DAGs
[2023-04-10 11:35:08,843] {logging_mixin.py:109} INFO - [2023-04-10 11:35:08,843] {dag.py:2921} INFO - Setting next_dagrun for example_branch_dop_operator_v3 to 2023-04-10T11:34:00+00:00
[2023-04-10 11:35:08,853] {processor.py:171} INFO - Processing /home/airflow/.local/lib/python3.7/site-packages/airflow/example_dags/example_branch_python_dop_operator_3.py took 0.071 seconds
[2023-04-10 11:35:39,119] {processor.py:163} INFO - Started process (PID=1272) to work on /home/airflow/.local/lib/python3.7/site-packages/airflow/example_dags/example_branch_python_dop_operator_3.py
[2023-04-10 11:35:39,120] {processor.py:620} INFO - Processing file /home/airflow/.local/lib/python3.7/site-packages/airflow/example_dags/example_branch_python_dop_operator_3.py for tasks to queue
[2023-04-10 11:35:39,120] {logging_mixin.py:109} INFO - [2023-04-10 11:35:39,120] {dagbag.py:500} INFO - Filling up the DagBag from /home/airflow/.local/lib/python3.7/site-packages/airflow/example_dags/example_branch_python_dop_operator_3.py
[2023-04-10 11:35:39,142] {processor.py:632} INFO - DAG(s) dict_keys(['example_branch_dop_operator_v3']) retrieved from /home/airflow/.local/lib/python3.7/site-packages/airflow/example_dags/example_branch_python_dop_operator_3.py
[2023-04-10 11:35:39,150] {logging_mixin.py:109} INFO - [2023-04-10 11:35:39,149] {dag.py:2389} INFO - Sync 1 DAGs
[2023-04-10 11:35:39,164] {logging_mixin.py:109} INFO - [2023-04-10 11:35:39,164] {dag.py:2921} INFO - Setting next_dagrun for example_branch_dop_operator_v3 to 2023-04-10T11:34:00+00:00
[2023-04-10 11:35:39,172] {processor.py:171} INFO - Processing /home/airflow/.local/lib/python3.7/site-packages/airflow/example_dags/example_branch_python_dop_operator_3.py took 0.055 seconds
[2023-04-10 11:36:09,414] {processor.py:163} INFO - Started process (PID=1323) to work on /home/airflow/.local/lib/python3.7/site-packages/airflow/example_dags/example_branch_python_dop_operator_3.py
[2023-04-10 11:36:09,416] {processor.py:620} INFO - Processing file /home/airflow/.local/lib/python3.7/site-packages/airflow/example_dags/example_branch_python_dop_operator_3.py for tasks to queue
[2023-04-10 11:36:09,416] {logging_mixin.py:109} INFO - [2023-04-10 11:36:09,416] {dagbag.py:500} INFO - Filling up the DagBag from /home/airflow/.local/lib/python3.7/site-packages/airflow/example_dags/example_branch_python_dop_operator_3.py
[2023-04-10 11:36:09,445] {processor.py:632} INFO - DAG(s) dict_keys(['example_branch_dop_operator_v3']) retrieved from /home/airflow/.local/lib/python3.7/site-packages/airflow/example_dags/example_branch_python_dop_operator_3.py
[2023-04-10 11:36:09,458] {logging_mixin.py:109} INFO - [2023-04-10 11:36:09,458] {dag.py:2389} INFO - Sync 1 DAGs
[2023-04-10 11:36:09,483] {logging_mixin.py:109} INFO - [2023-04-10 11:36:09,483] {dag.py:2921} INFO - Setting next_dagrun for example_branch_dop_operator_v3 to 2023-04-10T11:35:00+00:00
[2023-04-10 11:36:09,494] {processor.py:171} INFO - Processing /home/airflow/.local/lib/python3.7/site-packages/airflow/example_dags/example_branch_python_dop_operator_3.py took 0.083 seconds
[2023-04-10 11:36:39,893] {processor.py:163} INFO - Started process (PID=1385) to work on /home/airflow/.local/lib/python3.7/site-packages/airflow/example_dags/example_branch_python_dop_operator_3.py
[2023-04-10 11:36:39,895] {processor.py:620} INFO - Processing file /home/airflow/.local/lib/python3.7/site-packages/airflow/example_dags/example_branch_python_dop_operator_3.py for tasks to queue
[2023-04-10 11:36:39,895] {logging_mixin.py:109} INFO - [2023-04-10 11:36:39,895] {dagbag.py:500} INFO - Filling up the DagBag from /home/airflow/.local/lib/python3.7/site-packages/airflow/example_dags/example_branch_python_dop_operator_3.py
[2023-04-10 11:36:39,916] {processor.py:632} INFO - DAG(s) dict_keys(['example_branch_dop_operator_v3']) retrieved from /home/airflow/.local/lib/python3.7/site-packages/airflow/example_dags/example_branch_python_dop_operator_3.py
[2023-04-10 11:36:39,924] {logging_mixin.py:109} INFO - [2023-04-10 11:36:39,924] {dag.py:2389} INFO - Sync 1 DAGs
[2023-04-10 11:36:39,940] {logging_mixin.py:109} INFO - [2023-04-10 11:36:39,939] {dag.py:2921} INFO - Setting next_dagrun for example_branch_dop_operator_v3 to 2023-04-10T11:35:00+00:00
[2023-04-10 11:36:39,948] {processor.py:171} INFO - Processing /home/airflow/.local/lib/python3.7/site-packages/airflow/example_dags/example_branch_python_dop_operator_3.py took 0.057 seconds
[2023-04-10 11:37:10,263] {processor.py:163} INFO - Started process (PID=1436) to work on /home/airflow/.local/lib/python3.7/site-packages/airflow/example_dags/example_branch_python_dop_operator_3.py
[2023-04-10 11:37:10,264] {processor.py:620} INFO - Processing file /home/airflow/.local/lib/python3.7/site-packages/airflow/example_dags/example_branch_python_dop_operator_3.py for tasks to queue
[2023-04-10 11:37:10,264] {logging_mixin.py:109} INFO - [2023-04-10 11:37:10,264] {dagbag.py:500} INFO - Filling up the DagBag from /home/airflow/.local/lib/python3.7/site-packages/airflow/example_dags/example_branch_python_dop_operator_3.py
[2023-04-10 11:37:10,285] {processor.py:632} INFO - DAG(s) dict_keys(['example_branch_dop_operator_v3']) retrieved from /home/airflow/.local/lib/python3.7/site-packages/airflow/example_dags/example_branch_python_dop_operator_3.py
[2023-04-10 11:37:10,292] {logging_mixin.py:109} INFO - [2023-04-10 11:37:10,292] {dag.py:2389} INFO - Sync 1 DAGs
[2023-04-10 11:37:10,305] {logging_mixin.py:109} INFO - [2023-04-10 11:37:10,305] {dag.py:2921} INFO - Setting next_dagrun for example_branch_dop_operator_v3 to 2023-04-10T11:36:00+00:00
[2023-04-10 11:37:10,312] {processor.py:171} INFO - Processing /home/airflow/.local/lib/python3.7/site-packages/airflow/example_dags/example_branch_python_dop_operator_3.py took 0.052 seconds
[2023-04-10 11:37:40,490] {processor.py:163} INFO - Started process (PID=1496) to work on /home/airflow/.local/lib/python3.7/site-packages/airflow/example_dags/example_branch_python_dop_operator_3.py
[2023-04-10 11:37:40,491] {processor.py:620} INFO - Processing file /home/airflow/.local/lib/python3.7/site-packages/airflow/example_dags/example_branch_python_dop_operator_3.py for tasks to queue
[2023-04-10 11:37:40,492] {logging_mixin.py:109} INFO - [2023-04-10 11:37:40,492] {dagbag.py:500} INFO - Filling up the DagBag from /home/airflow/.local/lib/python3.7/site-packages/airflow/example_dags/example_branch_python_dop_operator_3.py
[2023-04-10 11:37:40,515] {processor.py:632} INFO - DAG(s) dict_keys(['example_branch_dop_operator_v3']) retrieved from /home/airflow/.local/lib/python3.7/site-packages/airflow/example_dags/example_branch_python_dop_operator_3.py
[2023-04-10 11:37:40,525] {logging_mixin.py:109} INFO - [2023-04-10 11:37:40,525] {dag.py:2389} INFO - Sync 1 DAGs
[2023-04-10 11:37:40,544] {logging_mixin.py:109} INFO - [2023-04-10 11:37:40,544] {dag.py:2921} INFO - Setting next_dagrun for example_branch_dop_operator_v3 to 2023-04-10T11:36:00+00:00
[2023-04-10 11:37:40,553] {processor.py:171} INFO - Processing /home/airflow/.local/lib/python3.7/site-packages/airflow/example_dags/example_branch_python_dop_operator_3.py took 0.066 seconds
[2023-04-10 11:38:10,859] {processor.py:163} INFO - Started process (PID=1548) to work on /home/airflow/.local/lib/python3.7/site-packages/airflow/example_dags/example_branch_python_dop_operator_3.py
[2023-04-10 11:38:10,860] {processor.py:620} INFO - Processing file /home/airflow/.local/lib/python3.7/site-packages/airflow/example_dags/example_branch_python_dop_operator_3.py for tasks to queue
[2023-04-10 11:38:10,860] {logging_mixin.py:109} INFO - [2023-04-10 11:38:10,860] {dagbag.py:500} INFO - Filling up the DagBag from /home/airflow/.local/lib/python3.7/site-packages/airflow/example_dags/example_branch_python_dop_operator_3.py
[2023-04-10 11:38:10,883] {processor.py:632} INFO - DAG(s) dict_keys(['example_branch_dop_operator_v3']) retrieved from /home/airflow/.local/lib/python3.7/site-packages/airflow/example_dags/example_branch_python_dop_operator_3.py
[2023-04-10 11:38:10,889] {logging_mixin.py:109} INFO - [2023-04-10 11:38:10,889] {dag.py:2389} INFO - Sync 1 DAGs
[2023-04-10 11:38:10,904] {logging_mixin.py:109} INFO - [2023-04-10 11:38:10,904] {dag.py:2921} INFO - Setting next_dagrun for example_branch_dop_operator_v3 to 2023-04-10T11:37:00+00:00
[2023-04-10 11:38:10,914] {processor.py:171} INFO - Processing /home/airflow/.local/lib/python3.7/site-packages/airflow/example_dags/example_branch_python_dop_operator_3.py took 0.057 seconds
[2023-04-10 11:38:41,038] {processor.py:163} INFO - Started process (PID=1599) to work on /home/airflow/.local/lib/python3.7/site-packages/airflow/example_dags/example_branch_python_dop_operator_3.py
[2023-04-10 11:38:41,039] {processor.py:620} INFO - Processing file /home/airflow/.local/lib/python3.7/site-packages/airflow/example_dags/example_branch_python_dop_operator_3.py for tasks to queue
[2023-04-10 11:38:41,039] {logging_mixin.py:109} INFO - [2023-04-10 11:38:41,039] {dagbag.py:500} INFO - Filling up the DagBag from /home/airflow/.local/lib/python3.7/site-packages/airflow/example_dags/example_branch_python_dop_operator_3.py
[2023-04-10 11:38:41,060] {processor.py:632} INFO - DAG(s) dict_keys(['example_branch_dop_operator_v3']) retrieved from /home/airflow/.local/lib/python3.7/site-packages/airflow/example_dags/example_branch_python_dop_operator_3.py
[2023-04-10 11:38:41,067] {logging_mixin.py:109} INFO - [2023-04-10 11:38:41,067] {dag.py:2389} INFO - Sync 1 DAGs
[2023-04-10 11:38:41,082] {logging_mixin.py:109} INFO - [2023-04-10 11:38:41,082] {dag.py:2921} INFO - Setting next_dagrun for example_branch_dop_operator_v3 to 2023-04-10T11:37:00+00:00
[2023-04-10 11:38:41,090] {processor.py:171} INFO - Processing /home/airflow/.local/lib/python3.7/site-packages/airflow/example_dags/example_branch_python_dop_operator_3.py took 0.054 seconds
[2023-04-10 11:39:11,386] {processor.py:163} INFO - Started process (PID=1659) to work on /home/airflow/.local/lib/python3.7/site-packages/airflow/example_dags/example_branch_python_dop_operator_3.py
[2023-04-10 11:39:11,386] {processor.py:620} INFO - Processing file /home/airflow/.local/lib/python3.7/site-packages/airflow/example_dags/example_branch_python_dop_operator_3.py for tasks to queue
[2023-04-10 11:39:11,387] {logging_mixin.py:109} INFO - [2023-04-10 11:39:11,387] {dagbag.py:500} INFO - Filling up the DagBag from /home/airflow/.local/lib/python3.7/site-packages/airflow/example_dags/example_branch_python_dop_operator_3.py
[2023-04-10 11:39:11,406] {processor.py:632} INFO - DAG(s) dict_keys(['example_branch_dop_operator_v3']) retrieved from /home/airflow/.local/lib/python3.7/site-packages/airflow/example_dags/example_branch_python_dop_operator_3.py
[2023-04-10 11:39:11,412] {logging_mixin.py:109} INFO - [2023-04-10 11:39:11,412] {dag.py:2389} INFO - Sync 1 DAGs
[2023-04-10 11:39:11,425] {logging_mixin.py:109} INFO - [2023-04-10 11:39:11,425] {dag.py:2921} INFO - Setting next_dagrun for example_branch_dop_operator_v3 to 2023-04-10T11:38:00+00:00
[2023-04-10 11:39:11,433] {processor.py:171} INFO - Processing /home/airflow/.local/lib/python3.7/site-packages/airflow/example_dags/example_branch_python_dop_operator_3.py took 0.049 seconds
[2023-04-10 11:39:41,597] {processor.py:163} INFO - Started process (PID=1710) to work on /home/airflow/.local/lib/python3.7/site-packages/airflow/example_dags/example_branch_python_dop_operator_3.py
[2023-04-10 11:39:41,604] {processor.py:620} INFO - Processing file /home/airflow/.local/lib/python3.7/site-packages/airflow/example_dags/example_branch_python_dop_operator_3.py for tasks to queue
[2023-04-10 11:39:41,604] {logging_mixin.py:109} INFO - [2023-04-10 11:39:41,604] {dagbag.py:500} INFO - Filling up the DagBag from /home/airflow/.local/lib/python3.7/site-packages/airflow/example_dags/example_branch_python_dop_operator_3.py
[2023-04-10 11:39:41,626] {processor.py:632} INFO - DAG(s) dict_keys(['example_branch_dop_operator_v3']) retrieved from /home/airflow/.local/lib/python3.7/site-packages/airflow/example_dags/example_branch_python_dop_operator_3.py
[2023-04-10 11:39:41,634] {logging_mixin.py:109} INFO - [2023-04-10 11:39:41,633] {dag.py:2389} INFO - Sync 1 DAGs
[2023-04-10 11:39:41,647] {logging_mixin.py:109} INFO - [2023-04-10 11:39:41,647] {dag.py:2921} INFO - Setting next_dagrun for example_branch_dop_operator_v3 to 2023-04-10T11:38:00+00:00
[2023-04-10 11:39:41,656] {processor.py:171} INFO - Processing /home/airflow/.local/lib/python3.7/site-packages/airflow/example_dags/example_branch_python_dop_operator_3.py took 0.063 seconds
[2023-04-10 11:40:11,834] {processor.py:163} INFO - Started process (PID=1770) to work on /home/airflow/.local/lib/python3.7/site-packages/airflow/example_dags/example_branch_python_dop_operator_3.py
[2023-04-10 11:40:11,835] {processor.py:620} INFO - Processing file /home/airflow/.local/lib/python3.7/site-packages/airflow/example_dags/example_branch_python_dop_operator_3.py for tasks to queue
[2023-04-10 11:40:11,836] {logging_mixin.py:109} INFO - [2023-04-10 11:40:11,836] {dagbag.py:500} INFO - Filling up the DagBag from /home/airflow/.local/lib/python3.7/site-packages/airflow/example_dags/example_branch_python_dop_operator_3.py
[2023-04-10 11:40:11,857] {processor.py:632} INFO - DAG(s) dict_keys(['example_branch_dop_operator_v3']) retrieved from /home/airflow/.local/lib/python3.7/site-packages/airflow/example_dags/example_branch_python_dop_operator_3.py
[2023-04-10 11:40:11,866] {logging_mixin.py:109} INFO - [2023-04-10 11:40:11,866] {dag.py:2389} INFO - Sync 1 DAGs
[2023-04-10 11:40:11,879] {logging_mixin.py:109} INFO - [2023-04-10 11:40:11,879] {dag.py:2921} INFO - Setting next_dagrun for example_branch_dop_operator_v3 to 2023-04-10T11:39:00+00:00
[2023-04-10 11:40:11,888] {processor.py:171} INFO - Processing /home/airflow/.local/lib/python3.7/site-packages/airflow/example_dags/example_branch_python_dop_operator_3.py took 0.057 seconds
[2023-04-10 11:40:42,121] {processor.py:163} INFO - Started process (PID=1821) to work on /home/airflow/.local/lib/python3.7/site-packages/airflow/example_dags/example_branch_python_dop_operator_3.py
[2023-04-10 11:40:42,122] {processor.py:620} INFO - Processing file /home/airflow/.local/lib/python3.7/site-packages/airflow/example_dags/example_branch_python_dop_operator_3.py for tasks to queue
[2023-04-10 11:40:42,122] {logging_mixin.py:109} INFO - [2023-04-10 11:40:42,122] {dagbag.py:500} INFO - Filling up the DagBag from /home/airflow/.local/lib/python3.7/site-packages/airflow/example_dags/example_branch_python_dop_operator_3.py
[2023-04-10 11:40:42,148] {processor.py:632} INFO - DAG(s) dict_keys(['example_branch_dop_operator_v3']) retrieved from /home/airflow/.local/lib/python3.7/site-packages/airflow/example_dags/example_branch_python_dop_operator_3.py
[2023-04-10 11:40:42,156] {logging_mixin.py:109} INFO - [2023-04-10 11:40:42,156] {dag.py:2389} INFO - Sync 1 DAGs
[2023-04-10 11:40:42,171] {logging_mixin.py:109} INFO - [2023-04-10 11:40:42,171] {dag.py:2921} INFO - Setting next_dagrun for example_branch_dop_operator_v3 to 2023-04-10T11:39:00+00:00
[2023-04-10 11:40:42,180] {processor.py:171} INFO - Processing /home/airflow/.local/lib/python3.7/site-packages/airflow/example_dags/example_branch_python_dop_operator_3.py took 0.061 seconds
[2023-04-10 11:41:12,382] {processor.py:163} INFO - Started process (PID=1881) to work on /home/airflow/.local/lib/python3.7/site-packages/airflow/example_dags/example_branch_python_dop_operator_3.py
[2023-04-10 11:41:12,383] {processor.py:620} INFO - Processing file /home/airflow/.local/lib/python3.7/site-packages/airflow/example_dags/example_branch_python_dop_operator_3.py for tasks to queue
[2023-04-10 11:41:12,383] {logging_mixin.py:109} INFO - [2023-04-10 11:41:12,383] {dagbag.py:500} INFO - Filling up the DagBag from /home/airflow/.local/lib/python3.7/site-packages/airflow/example_dags/example_branch_python_dop_operator_3.py
[2023-04-10 11:41:12,405] {processor.py:632} INFO - DAG(s) dict_keys(['example_branch_dop_operator_v3']) retrieved from /home/airflow/.local/lib/python3.7/site-packages/airflow/example_dags/example_branch_python_dop_operator_3.py
[2023-04-10 11:41:12,412] {logging_mixin.py:109} INFO - [2023-04-10 11:41:12,412] {dag.py:2389} INFO - Sync 1 DAGs
[2023-04-10 11:41:12,427] {logging_mixin.py:109} INFO - [2023-04-10 11:41:12,427] {dag.py:2921} INFO - Setting next_dagrun for example_branch_dop_operator_v3 to 2023-04-10T11:40:00+00:00
[2023-04-10 11:41:12,436] {processor.py:171} INFO - Processing /home/airflow/.local/lib/python3.7/site-packages/airflow/example_dags/example_branch_python_dop_operator_3.py took 0.056 seconds
[2023-04-10 11:41:42,689] {processor.py:163} INFO - Started process (PID=1932) to work on /home/airflow/.local/lib/python3.7/site-packages/airflow/example_dags/example_branch_python_dop_operator_3.py
[2023-04-10 11:41:42,690] {processor.py:620} INFO - Processing file /home/airflow/.local/lib/python3.7/site-packages/airflow/example_dags/example_branch_python_dop_operator_3.py for tasks to queue
[2023-04-10 11:41:42,691] {logging_mixin.py:109} INFO - [2023-04-10 11:41:42,691] {dagbag.py:500} INFO - Filling up the DagBag from /home/airflow/.local/lib/python3.7/site-packages/airflow/example_dags/example_branch_python_dop_operator_3.py
[2023-04-10 11:41:42,712] {processor.py:632} INFO - DAG(s) dict_keys(['example_branch_dop_operator_v3']) retrieved from /home/airflow/.local/lib/python3.7/site-packages/airflow/example_dags/example_branch_python_dop_operator_3.py
[2023-04-10 11:41:42,718] {logging_mixin.py:109} INFO - [2023-04-10 11:41:42,718] {dag.py:2389} INFO - Sync 1 DAGs
[2023-04-10 11:41:42,731] {logging_mixin.py:109} INFO - [2023-04-10 11:41:42,731] {dag.py:2921} INFO - Setting next_dagrun for example_branch_dop_operator_v3 to 2023-04-10T11:40:00+00:00
[2023-04-10 11:41:42,738] {processor.py:171} INFO - Processing /home/airflow/.local/lib/python3.7/site-packages/airflow/example_dags/example_branch_python_dop_operator_3.py took 0.051 seconds
[2023-04-10 11:42:12,976] {processor.py:163} INFO - Started process (PID=1993) to work on /home/airflow/.local/lib/python3.7/site-packages/airflow/example_dags/example_branch_python_dop_operator_3.py
[2023-04-10 11:42:12,978] {processor.py:620} INFO - Processing file /home/airflow/.local/lib/python3.7/site-packages/airflow/example_dags/example_branch_python_dop_operator_3.py for tasks to queue
[2023-04-10 11:42:12,978] {logging_mixin.py:109} INFO - [2023-04-10 11:42:12,978] {dagbag.py:500} INFO - Filling up the DagBag from /home/airflow/.local/lib/python3.7/site-packages/airflow/example_dags/example_branch_python_dop_operator_3.py
[2023-04-10 11:42:12,998] {processor.py:632} INFO - DAG(s) dict_keys(['example_branch_dop_operator_v3']) retrieved from /home/airflow/.local/lib/python3.7/site-packages/airflow/example_dags/example_branch_python_dop_operator_3.py
[2023-04-10 11:42:13,004] {logging_mixin.py:109} INFO - [2023-04-10 11:42:13,004] {dag.py:2389} INFO - Sync 1 DAGs
[2023-04-10 11:42:13,019] {logging_mixin.py:109} INFO - [2023-04-10 11:42:13,019] {dag.py:2921} INFO - Setting next_dagrun for example_branch_dop_operator_v3 to 2023-04-10T11:41:00+00:00
[2023-04-10 11:42:13,027] {processor.py:171} INFO - Processing /home/airflow/.local/lib/python3.7/site-packages/airflow/example_dags/example_branch_python_dop_operator_3.py took 0.053 seconds
[2023-04-10 11:42:43,391] {processor.py:163} INFO - Started process (PID=2044) to work on /home/airflow/.local/lib/python3.7/site-packages/airflow/example_dags/example_branch_python_dop_operator_3.py
[2023-04-10 11:42:43,392] {processor.py:620} INFO - Processing file /home/airflow/.local/lib/python3.7/site-packages/airflow/example_dags/example_branch_python_dop_operator_3.py for tasks to queue
[2023-04-10 11:42:43,393] {logging_mixin.py:109} INFO - [2023-04-10 11:42:43,393] {dagbag.py:500} INFO - Filling up the DagBag from /home/airflow/.local/lib/python3.7/site-packages/airflow/example_dags/example_branch_python_dop_operator_3.py
[2023-04-10 11:42:43,415] {processor.py:632} INFO - DAG(s) dict_keys(['example_branch_dop_operator_v3']) retrieved from /home/airflow/.local/lib/python3.7/site-packages/airflow/example_dags/example_branch_python_dop_operator_3.py
[2023-04-10 11:42:43,422] {logging_mixin.py:109} INFO - [2023-04-10 11:42:43,422] {dag.py:2389} INFO - Sync 1 DAGs
[2023-04-10 11:42:43,437] {logging_mixin.py:109} INFO - [2023-04-10 11:42:43,437] {dag.py:2921} INFO - Setting next_dagrun for example_branch_dop_operator_v3 to 2023-04-10T11:41:00+00:00
[2023-04-10 11:42:43,446] {processor.py:171} INFO - Processing /home/airflow/.local/lib/python3.7/site-packages/airflow/example_dags/example_branch_python_dop_operator_3.py took 0.057 seconds
[2023-04-10 11:43:13,768] {processor.py:163} INFO - Started process (PID=2095) to work on /home/airflow/.local/lib/python3.7/site-packages/airflow/example_dags/example_branch_python_dop_operator_3.py
[2023-04-10 11:43:13,769] {processor.py:620} INFO - Processing file /home/airflow/.local/lib/python3.7/site-packages/airflow/example_dags/example_branch_python_dop_operator_3.py for tasks to queue
[2023-04-10 11:43:13,769] {logging_mixin.py:109} INFO - [2023-04-10 11:43:13,769] {dagbag.py:500} INFO - Filling up the DagBag from /home/airflow/.local/lib/python3.7/site-packages/airflow/example_dags/example_branch_python_dop_operator_3.py
[2023-04-10 11:43:13,789] {processor.py:632} INFO - DAG(s) dict_keys(['example_branch_dop_operator_v3']) retrieved from /home/airflow/.local/lib/python3.7/site-packages/airflow/example_dags/example_branch_python_dop_operator_3.py
[2023-04-10 11:43:13,796] {logging_mixin.py:109} INFO - [2023-04-10 11:43:13,795] {dag.py:2389} INFO - Sync 1 DAGs
[2023-04-10 11:43:13,809] {logging_mixin.py:109} INFO - [2023-04-10 11:43:13,809] {dag.py:2921} INFO - Setting next_dagrun for example_branch_dop_operator_v3 to 2023-04-10T11:42:00+00:00
[2023-04-10 11:43:13,817] {processor.py:171} INFO - Processing /home/airflow/.local/lib/python3.7/site-packages/airflow/example_dags/example_branch_python_dop_operator_3.py took 0.051 seconds
[2023-04-10 11:43:43,935] {processor.py:163} INFO - Started process (PID=2156) to work on /home/airflow/.local/lib/python3.7/site-packages/airflow/example_dags/example_branch_python_dop_operator_3.py
[2023-04-10 11:43:43,936] {processor.py:620} INFO - Processing file /home/airflow/.local/lib/python3.7/site-packages/airflow/example_dags/example_branch_python_dop_operator_3.py for tasks to queue
[2023-04-10 11:43:43,937] {logging_mixin.py:109} INFO - [2023-04-10 11:43:43,937] {dagbag.py:500} INFO - Filling up the DagBag from /home/airflow/.local/lib/python3.7/site-packages/airflow/example_dags/example_branch_python_dop_operator_3.py
[2023-04-10 11:43:43,959] {processor.py:632} INFO - DAG(s) dict_keys(['example_branch_dop_operator_v3']) retrieved from /home/airflow/.local/lib/python3.7/site-packages/airflow/example_dags/example_branch_python_dop_operator_3.py
[2023-04-10 11:43:43,967] {logging_mixin.py:109} INFO - [2023-04-10 11:43:43,967] {dag.py:2389} INFO - Sync 1 DAGs
[2023-04-10 11:43:43,984] {logging_mixin.py:109} INFO - [2023-04-10 11:43:43,983] {dag.py:2921} INFO - Setting next_dagrun for example_branch_dop_operator_v3 to 2023-04-10T11:42:00+00:00
[2023-04-10 11:43:43,994] {processor.py:171} INFO - Processing /home/airflow/.local/lib/python3.7/site-packages/airflow/example_dags/example_branch_python_dop_operator_3.py took 0.061 seconds
[2023-04-10 11:44:14,408] {processor.py:163} INFO - Started process (PID=2207) to work on /home/airflow/.local/lib/python3.7/site-packages/airflow/example_dags/example_branch_python_dop_operator_3.py
[2023-04-10 11:44:14,416] {processor.py:620} INFO - Processing file /home/airflow/.local/lib/python3.7/site-packages/airflow/example_dags/example_branch_python_dop_operator_3.py for tasks to queue
[2023-04-10 11:44:14,417] {logging_mixin.py:109} INFO - [2023-04-10 11:44:14,416] {dagbag.py:500} INFO - Filling up the DagBag from /home/airflow/.local/lib/python3.7/site-packages/airflow/example_dags/example_branch_python_dop_operator_3.py
[2023-04-10 11:44:14,437] {processor.py:632} INFO - DAG(s) dict_keys(['example_branch_dop_operator_v3']) retrieved from /home/airflow/.local/lib/python3.7/site-packages/airflow/example_dags/example_branch_python_dop_operator_3.py
[2023-04-10 11:44:14,443] {logging_mixin.py:109} INFO - [2023-04-10 11:44:14,443] {dag.py:2389} INFO - Sync 1 DAGs
[2023-04-10 11:44:14,456] {logging_mixin.py:109} INFO - [2023-04-10 11:44:14,456] {dag.py:2921} INFO - Setting next_dagrun for example_branch_dop_operator_v3 to 2023-04-10T11:43:00+00:00
[2023-04-10 11:44:14,464] {processor.py:171} INFO - Processing /home/airflow/.local/lib/python3.7/site-packages/airflow/example_dags/example_branch_python_dop_operator_3.py took 0.058 seconds
[2023-04-10 11:44:44,653] {processor.py:163} INFO - Started process (PID=2267) to work on /home/airflow/.local/lib/python3.7/site-packages/airflow/example_dags/example_branch_python_dop_operator_3.py
[2023-04-10 11:44:44,654] {processor.py:620} INFO - Processing file /home/airflow/.local/lib/python3.7/site-packages/airflow/example_dags/example_branch_python_dop_operator_3.py for tasks to queue
[2023-04-10 11:44:44,654] {logging_mixin.py:109} INFO - [2023-04-10 11:44:44,654] {dagbag.py:500} INFO - Filling up the DagBag from /home/airflow/.local/lib/python3.7/site-packages/airflow/example_dags/example_branch_python_dop_operator_3.py
[2023-04-10 11:44:44,678] {processor.py:632} INFO - DAG(s) dict_keys(['example_branch_dop_operator_v3']) retrieved from /home/airflow/.local/lib/python3.7/site-packages/airflow/example_dags/example_branch_python_dop_operator_3.py
[2023-04-10 11:44:44,686] {logging_mixin.py:109} INFO - [2023-04-10 11:44:44,686] {dag.py:2389} INFO - Sync 1 DAGs
[2023-04-10 11:44:44,700] {logging_mixin.py:109} INFO - [2023-04-10 11:44:44,700] {dag.py:2921} INFO - Setting next_dagrun for example_branch_dop_operator_v3 to 2023-04-10T11:43:00+00:00
[2023-04-10 11:44:44,708] {processor.py:171} INFO - Processing /home/airflow/.local/lib/python3.7/site-packages/airflow/example_dags/example_branch_python_dop_operator_3.py took 0.057 seconds
[2023-04-10 11:45:15,083] {processor.py:163} INFO - Started process (PID=2319) to work on /home/airflow/.local/lib/python3.7/site-packages/airflow/example_dags/example_branch_python_dop_operator_3.py
[2023-04-10 11:45:15,084] {processor.py:620} INFO - Processing file /home/airflow/.local/lib/python3.7/site-packages/airflow/example_dags/example_branch_python_dop_operator_3.py for tasks to queue
[2023-04-10 11:45:15,085] {logging_mixin.py:109} INFO - [2023-04-10 11:45:15,085] {dagbag.py:500} INFO - Filling up the DagBag from /home/airflow/.local/lib/python3.7/site-packages/airflow/example_dags/example_branch_python_dop_operator_3.py
[2023-04-10 11:45:15,105] {processor.py:632} INFO - DAG(s) dict_keys(['example_branch_dop_operator_v3']) retrieved from /home/airflow/.local/lib/python3.7/site-packages/airflow/example_dags/example_branch_python_dop_operator_3.py
[2023-04-10 11:45:15,112] {logging_mixin.py:109} INFO - [2023-04-10 11:45:15,112] {dag.py:2389} INFO - Sync 1 DAGs
[2023-04-10 11:45:15,125] {logging_mixin.py:109} INFO - [2023-04-10 11:45:15,125] {dag.py:2921} INFO - Setting next_dagrun for example_branch_dop_operator_v3 to 2023-04-10T11:44:00+00:00
[2023-04-10 11:45:15,133] {processor.py:171} INFO - Processing /home/airflow/.local/lib/python3.7/site-packages/airflow/example_dags/example_branch_python_dop_operator_3.py took 0.052 seconds
[2023-04-10 11:45:45,385] {processor.py:163} INFO - Started process (PID=2379) to work on /home/airflow/.local/lib/python3.7/site-packages/airflow/example_dags/example_branch_python_dop_operator_3.py
[2023-04-10 11:45:45,392] {processor.py:620} INFO - Processing file /home/airflow/.local/lib/python3.7/site-packages/airflow/example_dags/example_branch_python_dop_operator_3.py for tasks to queue
[2023-04-10 11:45:45,393] {logging_mixin.py:109} INFO - [2023-04-10 11:45:45,393] {dagbag.py:500} INFO - Filling up the DagBag from /home/airflow/.local/lib/python3.7/site-packages/airflow/example_dags/example_branch_python_dop_operator_3.py
[2023-04-10 11:45:45,413] {processor.py:632} INFO - DAG(s) dict_keys(['example_branch_dop_operator_v3']) retrieved from /home/airflow/.local/lib/python3.7/site-packages/airflow/example_dags/example_branch_python_dop_operator_3.py
[2023-04-10 11:45:45,419] {logging_mixin.py:109} INFO - [2023-04-10 11:45:45,419] {dag.py:2389} INFO - Sync 1 DAGs
[2023-04-10 11:45:45,432] {logging_mixin.py:109} INFO - [2023-04-10 11:45:45,432] {dag.py:2921} INFO - Setting next_dagrun for example_branch_dop_operator_v3 to 2023-04-10T11:44:00+00:00
[2023-04-10 11:45:45,440] {processor.py:171} INFO - Processing /home/airflow/.local/lib/python3.7/site-packages/airflow/example_dags/example_branch_python_dop_operator_3.py took 0.057 seconds
[2023-04-10 11:46:15,700] {processor.py:163} INFO - Started process (PID=2430) to work on /home/airflow/.local/lib/python3.7/site-packages/airflow/example_dags/example_branch_python_dop_operator_3.py
[2023-04-10 11:46:15,700] {processor.py:620} INFO - Processing file /home/airflow/.local/lib/python3.7/site-packages/airflow/example_dags/example_branch_python_dop_operator_3.py for tasks to queue
[2023-04-10 11:46:15,701] {logging_mixin.py:109} INFO - [2023-04-10 11:46:15,701] {dagbag.py:500} INFO - Filling up the DagBag from /home/airflow/.local/lib/python3.7/site-packages/airflow/example_dags/example_branch_python_dop_operator_3.py
[2023-04-10 11:46:15,724] {processor.py:632} INFO - DAG(s) dict_keys(['example_branch_dop_operator_v3']) retrieved from /home/airflow/.local/lib/python3.7/site-packages/airflow/example_dags/example_branch_python_dop_operator_3.py
[2023-04-10 11:46:15,731] {logging_mixin.py:109} INFO - [2023-04-10 11:46:15,731] {dag.py:2389} INFO - Sync 1 DAGs
[2023-04-10 11:46:15,747] {logging_mixin.py:109} INFO - [2023-04-10 11:46:15,747] {dag.py:2921} INFO - Setting next_dagrun for example_branch_dop_operator_v3 to 2023-04-10T11:45:00+00:00
[2023-04-10 11:46:15,756] {processor.py:171} INFO - Processing /home/airflow/.local/lib/python3.7/site-packages/airflow/example_dags/example_branch_python_dop_operator_3.py took 0.059 seconds
[2023-04-10 11:46:45,982] {processor.py:163} INFO - Started process (PID=2490) to work on /home/airflow/.local/lib/python3.7/site-packages/airflow/example_dags/example_branch_python_dop_operator_3.py
[2023-04-10 11:46:45,991] {processor.py:620} INFO - Processing file /home/airflow/.local/lib/python3.7/site-packages/airflow/example_dags/example_branch_python_dop_operator_3.py for tasks to queue
[2023-04-10 11:46:45,991] {logging_mixin.py:109} INFO - [2023-04-10 11:46:45,991] {dagbag.py:500} INFO - Filling up the DagBag from /home/airflow/.local/lib/python3.7/site-packages/airflow/example_dags/example_branch_python_dop_operator_3.py
[2023-04-10 11:46:46,015] {processor.py:632} INFO - DAG(s) dict_keys(['example_branch_dop_operator_v3']) retrieved from /home/airflow/.local/lib/python3.7/site-packages/airflow/example_dags/example_branch_python_dop_operator_3.py
[2023-04-10 11:46:46,023] {logging_mixin.py:109} INFO - [2023-04-10 11:46:46,023] {dag.py:2389} INFO - Sync 1 DAGs
[2023-04-10 11:46:46,041] {logging_mixin.py:109} INFO - [2023-04-10 11:46:46,041] {dag.py:2921} INFO - Setting next_dagrun for example_branch_dop_operator_v3 to 2023-04-10T11:45:00+00:00
[2023-04-10 11:46:46,051] {processor.py:171} INFO - Processing /home/airflow/.local/lib/python3.7/site-packages/airflow/example_dags/example_branch_python_dop_operator_3.py took 0.071 seconds
[2023-04-10 11:47:16,332] {processor.py:163} INFO - Started process (PID=2541) to work on /home/airflow/.local/lib/python3.7/site-packages/airflow/example_dags/example_branch_python_dop_operator_3.py
[2023-04-10 11:47:16,332] {processor.py:620} INFO - Processing file /home/airflow/.local/lib/python3.7/site-packages/airflow/example_dags/example_branch_python_dop_operator_3.py for tasks to queue
[2023-04-10 11:47:16,333] {logging_mixin.py:109} INFO - [2023-04-10 11:47:16,333] {dagbag.py:500} INFO - Filling up the DagBag from /home/airflow/.local/lib/python3.7/site-packages/airflow/example_dags/example_branch_python_dop_operator_3.py
[2023-04-10 11:47:16,353] {processor.py:632} INFO - DAG(s) dict_keys(['example_branch_dop_operator_v3']) retrieved from /home/airflow/.local/lib/python3.7/site-packages/airflow/example_dags/example_branch_python_dop_operator_3.py
[2023-04-10 11:47:16,360] {logging_mixin.py:109} INFO - [2023-04-10 11:47:16,360] {dag.py:2389} INFO - Sync 1 DAGs
[2023-04-10 11:47:16,373] {logging_mixin.py:109} INFO - [2023-04-10 11:47:16,373] {dag.py:2921} INFO - Setting next_dagrun for example_branch_dop_operator_v3 to 2023-04-10T11:46:00+00:00
[2023-04-10 11:47:16,381] {processor.py:171} INFO - Processing /home/airflow/.local/lib/python3.7/site-packages/airflow/example_dags/example_branch_python_dop_operator_3.py took 0.051 seconds
[2023-04-10 11:47:47,178] {processor.py:163} INFO - Started process (PID=2601) to work on /home/airflow/.local/lib/python3.7/site-packages/airflow/example_dags/example_branch_python_dop_operator_3.py
[2023-04-10 11:47:47,187] {processor.py:620} INFO - Processing file /home/airflow/.local/lib/python3.7/site-packages/airflow/example_dags/example_branch_python_dop_operator_3.py for tasks to queue
[2023-04-10 11:47:47,187] {logging_mixin.py:109} INFO - [2023-04-10 11:47:47,187] {dagbag.py:500} INFO - Filling up the DagBag from /home/airflow/.local/lib/python3.7/site-packages/airflow/example_dags/example_branch_python_dop_operator_3.py
[2023-04-10 11:47:47,231] {processor.py:632} INFO - DAG(s) dict_keys(['example_branch_dop_operator_v3']) retrieved from /home/airflow/.local/lib/python3.7/site-packages/airflow/example_dags/example_branch_python_dop_operator_3.py
[2023-04-10 11:47:47,249] {logging_mixin.py:109} INFO - [2023-04-10 11:47:47,249] {dag.py:2389} INFO - Sync 1 DAGs
[2023-04-10 11:47:47,281] {logging_mixin.py:109} INFO - [2023-04-10 11:47:47,281] {dag.py:2921} INFO - Setting next_dagrun for example_branch_dop_operator_v3 to 2023-04-10T11:46:00+00:00
[2023-04-10 11:47:47,393] {processor.py:171} INFO - Processing /home/airflow/.local/lib/python3.7/site-packages/airflow/example_dags/example_branch_python_dop_operator_3.py took 0.221 seconds
[2023-04-10 11:48:04,308] {processor.py:163} INFO - Started process (PID=3136) to work on /home/airflow/.local/lib/python3.7/site-packages/airflow/example_dags/example_branch_python_dop_operator_3.py
[2023-04-10 11:48:04,309] {processor.py:620} INFO - Processing file /home/airflow/.local/lib/python3.7/site-packages/airflow/example_dags/example_branch_python_dop_operator_3.py for tasks to queue
[2023-04-10 11:48:04,310] {logging_mixin.py:109} INFO - [2023-04-10 11:48:04,310] {dagbag.py:500} INFO - Filling up the DagBag from /home/airflow/.local/lib/python3.7/site-packages/airflow/example_dags/example_branch_python_dop_operator_3.py
[2023-04-10 11:48:04,340] {processor.py:632} INFO - DAG(s) dict_keys(['example_branch_dop_operator_v3']) retrieved from /home/airflow/.local/lib/python3.7/site-packages/airflow/example_dags/example_branch_python_dop_operator_3.py
[2023-04-10 11:48:04,350] {logging_mixin.py:109} INFO - [2023-04-10 11:48:04,349] {dag.py:2389} INFO - Sync 1 DAGs
[2023-04-10 11:48:04,366] {logging_mixin.py:109} INFO - [2023-04-10 11:48:04,366] {dag.py:2921} INFO - Setting next_dagrun for example_branch_dop_operator_v3 to 2023-04-10T11:47:00+00:00
[2023-04-10 11:48:04,375] {processor.py:171} INFO - Processing /home/airflow/.local/lib/python3.7/site-packages/airflow/example_dags/example_branch_python_dop_operator_3.py took 0.070 seconds
[2023-04-10 11:48:17,408] {processor.py:163} INFO - Started process (PID=2652) to work on /home/airflow/.local/lib/python3.7/site-packages/airflow/example_dags/example_branch_python_dop_operator_3.py
[2023-04-10 11:48:17,409] {processor.py:620} INFO - Processing file /home/airflow/.local/lib/python3.7/site-packages/airflow/example_dags/example_branch_python_dop_operator_3.py for tasks to queue
[2023-04-10 11:48:17,409] {logging_mixin.py:109} INFO - [2023-04-10 11:48:17,409] {dagbag.py:500} INFO - Filling up the DagBag from /home/airflow/.local/lib/python3.7/site-packages/airflow/example_dags/example_branch_python_dop_operator_3.py
[2023-04-10 11:48:17,431] {processor.py:632} INFO - DAG(s) dict_keys(['example_branch_dop_operator_v3']) retrieved from /home/airflow/.local/lib/python3.7/site-packages/airflow/example_dags/example_branch_python_dop_operator_3.py
[2023-04-10 11:48:17,439] {logging_mixin.py:109} INFO - [2023-04-10 11:48:17,439] {dag.py:2389} INFO - Sync 1 DAGs
[2023-04-10 11:48:17,517] {logging_mixin.py:109} INFO - [2023-04-10 11:48:17,517] {dag.py:2921} INFO - Setting next_dagrun for example_branch_dop_operator_v3 to 2023-04-10T11:47:00+00:00
[2023-04-10 11:48:17,525] {processor.py:171} INFO - Processing /home/airflow/.local/lib/python3.7/site-packages/airflow/example_dags/example_branch_python_dop_operator_3.py took 0.119 seconds
[2023-04-10 11:48:48,278] {processor.py:163} INFO - Started process (PID=2703) to work on /home/airflow/.local/lib/python3.7/site-packages/airflow/example_dags/example_branch_python_dop_operator_3.py
[2023-04-10 11:48:48,279] {processor.py:620} INFO - Processing file /home/airflow/.local/lib/python3.7/site-packages/airflow/example_dags/example_branch_python_dop_operator_3.py for tasks to queue
[2023-04-10 11:48:48,280] {logging_mixin.py:109} INFO - [2023-04-10 11:48:48,280] {dagbag.py:500} INFO - Filling up the DagBag from /home/airflow/.local/lib/python3.7/site-packages/airflow/example_dags/example_branch_python_dop_operator_3.py
[2023-04-10 11:48:48,302] {processor.py:632} INFO - DAG(s) dict_keys(['example_branch_dop_operator_v3']) retrieved from /home/airflow/.local/lib/python3.7/site-packages/airflow/example_dags/example_branch_python_dop_operator_3.py
[2023-04-10 11:48:48,310] {logging_mixin.py:109} INFO - [2023-04-10 11:48:48,310] {dag.py:2389} INFO - Sync 1 DAGs
[2023-04-10 11:48:48,404] {logging_mixin.py:109} INFO - [2023-04-10 11:48:48,403] {dag.py:2921} INFO - Setting next_dagrun for example_branch_dop_operator_v3 to 2023-04-10T11:47:00+00:00
[2023-04-10 11:48:48,413] {processor.py:171} INFO - Processing /home/airflow/.local/lib/python3.7/site-packages/airflow/example_dags/example_branch_python_dop_operator_3.py took 0.137 seconds
