[2023-04-10 11:26:59,074] {processor.py:163} INFO - Started process (PID=256) to work on /home/airflow/.local/lib/python3.7/site-packages/airflow/example_dags/example_task_group_decorator.py
[2023-04-10 11:26:59,075] {processor.py:620} INFO - Processing file /home/airflow/.local/lib/python3.7/site-packages/airflow/example_dags/example_task_group_decorator.py for tasks to queue
[2023-04-10 11:26:59,076] {logging_mixin.py:109} INFO - [2023-04-10 11:26:59,076] {dagbag.py:500} INFO - Filling up the DagBag from /home/airflow/.local/lib/python3.7/site-packages/airflow/example_dags/example_task_group_decorator.py
[2023-04-10 11:26:59,115] {processor.py:632} INFO - DAG(s) dict_keys(['example_task_group_decorator']) retrieved from /home/airflow/.local/lib/python3.7/site-packages/airflow/example_dags/example_task_group_decorator.py
[2023-04-10 11:27:00,641] {logging_mixin.py:109} INFO - [2023-04-10 11:27:00,641] {providers_manager.py:156} WARNING - Exception when importing 'airflow.providers.google.leveldb.hooks.leveldb.LevelDBHook' from 'apache-airflow-providers-google' package: No module named 'plyvel'
[2023-04-10 11:27:01,096] {logging_mixin.py:109} INFO - [2023-04-10 11:27:01,095] {providers_manager.py:156} WARNING - Exception when importing 'airflow.providers.google.leveldb.hooks.leveldb.LevelDBHook' from 'apache-airflow-providers-google' package: No module named 'plyvel'
[2023-04-10 11:27:01,125] {logging_mixin.py:109} INFO - [2023-04-10 11:27:01,125] {manager.py:496} INFO - Created Permission View: can read on DAG:example_task_group_decorator
[2023-04-10 11:27:01,136] {logging_mixin.py:109} INFO - [2023-04-10 11:27:01,136] {manager.py:496} INFO - Created Permission View: can edit on DAG:example_task_group_decorator
[2023-04-10 11:27:01,137] {logging_mixin.py:109} INFO - [2023-04-10 11:27:01,136] {dag.py:2389} INFO - Sync 1 DAGs
[2023-04-10 11:27:01,145] {logging_mixin.py:109} INFO - [2023-04-10 11:27:01,145] {dag.py:2408} INFO - Creating ORM DAG for example_task_group_decorator
[2023-04-10 11:27:01,153] {logging_mixin.py:109} INFO - [2023-04-10 11:27:01,153] {dag.py:2921} INFO - Setting next_dagrun for example_task_group_decorator to 2023-04-09T11:27:01.153350+00:00
[2023-04-10 11:27:01,169] {processor.py:171} INFO - Processing /home/airflow/.local/lib/python3.7/site-packages/airflow/example_dags/example_task_group_decorator.py took 2.097 seconds
[2023-04-10 11:27:31,845] {processor.py:163} INFO - Started process (PID=388) to work on /home/airflow/.local/lib/python3.7/site-packages/airflow/example_dags/example_task_group_decorator.py
[2023-04-10 11:27:31,846] {processor.py:620} INFO - Processing file /home/airflow/.local/lib/python3.7/site-packages/airflow/example_dags/example_task_group_decorator.py for tasks to queue
[2023-04-10 11:27:31,846] {logging_mixin.py:109} INFO - [2023-04-10 11:27:31,846] {dagbag.py:500} INFO - Filling up the DagBag from /home/airflow/.local/lib/python3.7/site-packages/airflow/example_dags/example_task_group_decorator.py
[2023-04-10 11:27:31,875] {processor.py:632} INFO - DAG(s) dict_keys(['example_task_group_decorator']) retrieved from /home/airflow/.local/lib/python3.7/site-packages/airflow/example_dags/example_task_group_decorator.py
[2023-04-10 11:27:32,055] {logging_mixin.py:109} INFO - [2023-04-10 11:27:32,055] {dag.py:2389} INFO - Sync 1 DAGs
[2023-04-10 11:27:32,065] {logging_mixin.py:109} INFO - [2023-04-10 11:27:32,065] {dag.py:2921} INFO - Setting next_dagrun for example_task_group_decorator to 2023-04-09T11:27:32.065330+00:00
[2023-04-10 11:27:32,074] {processor.py:171} INFO - Processing /home/airflow/.local/lib/python3.7/site-packages/airflow/example_dags/example_task_group_decorator.py took 0.231 seconds
[2023-04-10 11:28:02,129] {processor.py:163} INFO - Started process (PID=439) to work on /home/airflow/.local/lib/python3.7/site-packages/airflow/example_dags/example_task_group_decorator.py
[2023-04-10 11:28:02,131] {processor.py:620} INFO - Processing file /home/airflow/.local/lib/python3.7/site-packages/airflow/example_dags/example_task_group_decorator.py for tasks to queue
[2023-04-10 11:28:02,131] {logging_mixin.py:109} INFO - [2023-04-10 11:28:02,131] {dagbag.py:500} INFO - Filling up the DagBag from /home/airflow/.local/lib/python3.7/site-packages/airflow/example_dags/example_task_group_decorator.py
[2023-04-10 11:28:02,169] {processor.py:632} INFO - DAG(s) dict_keys(['example_task_group_decorator']) retrieved from /home/airflow/.local/lib/python3.7/site-packages/airflow/example_dags/example_task_group_decorator.py
[2023-04-10 11:28:02,437] {logging_mixin.py:109} INFO - [2023-04-10 11:28:02,437] {dag.py:2389} INFO - Sync 1 DAGs
[2023-04-10 11:28:02,452] {logging_mixin.py:109} INFO - [2023-04-10 11:28:02,451] {dag.py:2921} INFO - Setting next_dagrun for example_task_group_decorator to 2023-04-09T11:28:02.451736+00:00
[2023-04-10 11:28:02,462] {processor.py:171} INFO - Processing /home/airflow/.local/lib/python3.7/site-packages/airflow/example_dags/example_task_group_decorator.py took 0.335 seconds
[2023-04-10 11:28:33,295] {processor.py:163} INFO - Started process (PID=499) to work on /home/airflow/.local/lib/python3.7/site-packages/airflow/example_dags/example_task_group_decorator.py
[2023-04-10 11:28:33,303] {processor.py:620} INFO - Processing file /home/airflow/.local/lib/python3.7/site-packages/airflow/example_dags/example_task_group_decorator.py for tasks to queue
[2023-04-10 11:28:33,303] {logging_mixin.py:109} INFO - [2023-04-10 11:28:33,303] {dagbag.py:500} INFO - Filling up the DagBag from /home/airflow/.local/lib/python3.7/site-packages/airflow/example_dags/example_task_group_decorator.py
[2023-04-10 11:28:33,330] {processor.py:632} INFO - DAG(s) dict_keys(['example_task_group_decorator']) retrieved from /home/airflow/.local/lib/python3.7/site-packages/airflow/example_dags/example_task_group_decorator.py
[2023-04-10 11:28:33,513] {logging_mixin.py:109} INFO - [2023-04-10 11:28:33,513] {dag.py:2389} INFO - Sync 1 DAGs
[2023-04-10 11:28:33,525] {logging_mixin.py:109} INFO - [2023-04-10 11:28:33,525] {dag.py:2921} INFO - Setting next_dagrun for example_task_group_decorator to 2023-04-09T11:28:33.525506+00:00
[2023-04-10 11:28:33,540] {processor.py:171} INFO - Processing /home/airflow/.local/lib/python3.7/site-packages/airflow/example_dags/example_task_group_decorator.py took 0.249 seconds
[2023-04-10 11:29:03,579] {processor.py:163} INFO - Started process (PID=550) to work on /home/airflow/.local/lib/python3.7/site-packages/airflow/example_dags/example_task_group_decorator.py
[2023-04-10 11:29:03,580] {processor.py:620} INFO - Processing file /home/airflow/.local/lib/python3.7/site-packages/airflow/example_dags/example_task_group_decorator.py for tasks to queue
[2023-04-10 11:29:03,581] {logging_mixin.py:109} INFO - [2023-04-10 11:29:03,581] {dagbag.py:500} INFO - Filling up the DagBag from /home/airflow/.local/lib/python3.7/site-packages/airflow/example_dags/example_task_group_decorator.py
[2023-04-10 11:29:03,611] {processor.py:632} INFO - DAG(s) dict_keys(['example_task_group_decorator']) retrieved from /home/airflow/.local/lib/python3.7/site-packages/airflow/example_dags/example_task_group_decorator.py
[2023-04-10 11:29:03,845] {logging_mixin.py:109} INFO - [2023-04-10 11:29:03,845] {dag.py:2389} INFO - Sync 1 DAGs
[2023-04-10 11:29:03,858] {logging_mixin.py:109} INFO - [2023-04-10 11:29:03,858] {dag.py:2921} INFO - Setting next_dagrun for example_task_group_decorator to 2023-04-09T11:29:03.857965+00:00
[2023-04-10 11:29:03,872] {processor.py:171} INFO - Processing /home/airflow/.local/lib/python3.7/site-packages/airflow/example_dags/example_task_group_decorator.py took 0.295 seconds
[2023-04-10 11:29:34,726] {processor.py:163} INFO - Started process (PID=612) to work on /home/airflow/.local/lib/python3.7/site-packages/airflow/example_dags/example_task_group_decorator.py
[2023-04-10 11:29:34,728] {processor.py:620} INFO - Processing file /home/airflow/.local/lib/python3.7/site-packages/airflow/example_dags/example_task_group_decorator.py for tasks to queue
[2023-04-10 11:29:34,728] {logging_mixin.py:109} INFO - [2023-04-10 11:29:34,728] {dagbag.py:500} INFO - Filling up the DagBag from /home/airflow/.local/lib/python3.7/site-packages/airflow/example_dags/example_task_group_decorator.py
[2023-04-10 11:29:34,757] {processor.py:632} INFO - DAG(s) dict_keys(['example_task_group_decorator']) retrieved from /home/airflow/.local/lib/python3.7/site-packages/airflow/example_dags/example_task_group_decorator.py
[2023-04-10 11:29:34,959] {logging_mixin.py:109} INFO - [2023-04-10 11:29:34,959] {dag.py:2389} INFO - Sync 1 DAGs
[2023-04-10 11:29:34,969] {logging_mixin.py:109} INFO - [2023-04-10 11:29:34,969] {dag.py:2921} INFO - Setting next_dagrun for example_task_group_decorator to 2023-04-09T11:29:34.968934+00:00
[2023-04-10 11:29:34,978] {processor.py:171} INFO - Processing /home/airflow/.local/lib/python3.7/site-packages/airflow/example_dags/example_task_group_decorator.py took 0.254 seconds
[2023-04-10 11:30:05,101] {processor.py:163} INFO - Started process (PID=663) to work on /home/airflow/.local/lib/python3.7/site-packages/airflow/example_dags/example_task_group_decorator.py
[2023-04-10 11:30:05,102] {processor.py:620} INFO - Processing file /home/airflow/.local/lib/python3.7/site-packages/airflow/example_dags/example_task_group_decorator.py for tasks to queue
[2023-04-10 11:30:05,102] {logging_mixin.py:109} INFO - [2023-04-10 11:30:05,102] {dagbag.py:500} INFO - Filling up the DagBag from /home/airflow/.local/lib/python3.7/site-packages/airflow/example_dags/example_task_group_decorator.py
[2023-04-10 11:30:05,131] {processor.py:632} INFO - DAG(s) dict_keys(['example_task_group_decorator']) retrieved from /home/airflow/.local/lib/python3.7/site-packages/airflow/example_dags/example_task_group_decorator.py
[2023-04-10 11:30:05,340] {logging_mixin.py:109} INFO - [2023-04-10 11:30:05,340] {dag.py:2389} INFO - Sync 1 DAGs
[2023-04-10 11:30:05,349] {logging_mixin.py:109} INFO - [2023-04-10 11:30:05,348] {dag.py:2921} INFO - Setting next_dagrun for example_task_group_decorator to 2023-04-09T11:30:05.348853+00:00
[2023-04-10 11:30:05,357] {processor.py:171} INFO - Processing /home/airflow/.local/lib/python3.7/site-packages/airflow/example_dags/example_task_group_decorator.py took 0.258 seconds
[2023-04-10 11:30:35,488] {processor.py:163} INFO - Started process (PID=723) to work on /home/airflow/.local/lib/python3.7/site-packages/airflow/example_dags/example_task_group_decorator.py
[2023-04-10 11:30:35,489] {processor.py:620} INFO - Processing file /home/airflow/.local/lib/python3.7/site-packages/airflow/example_dags/example_task_group_decorator.py for tasks to queue
[2023-04-10 11:30:35,490] {logging_mixin.py:109} INFO - [2023-04-10 11:30:35,490] {dagbag.py:500} INFO - Filling up the DagBag from /home/airflow/.local/lib/python3.7/site-packages/airflow/example_dags/example_task_group_decorator.py
[2023-04-10 11:30:35,530] {processor.py:632} INFO - DAG(s) dict_keys(['example_task_group_decorator']) retrieved from /home/airflow/.local/lib/python3.7/site-packages/airflow/example_dags/example_task_group_decorator.py
[2023-04-10 11:30:35,820] {logging_mixin.py:109} INFO - [2023-04-10 11:30:35,820] {dag.py:2389} INFO - Sync 1 DAGs
[2023-04-10 11:30:35,835] {logging_mixin.py:109} INFO - [2023-04-10 11:30:35,835] {dag.py:2921} INFO - Setting next_dagrun for example_task_group_decorator to 2023-04-09T11:30:35.835272+00:00
[2023-04-10 11:30:35,845] {processor.py:171} INFO - Processing /home/airflow/.local/lib/python3.7/site-packages/airflow/example_dags/example_task_group_decorator.py took 0.362 seconds
[2023-04-10 11:31:05,948] {processor.py:163} INFO - Started process (PID=774) to work on /home/airflow/.local/lib/python3.7/site-packages/airflow/example_dags/example_task_group_decorator.py
[2023-04-10 11:31:05,949] {processor.py:620} INFO - Processing file /home/airflow/.local/lib/python3.7/site-packages/airflow/example_dags/example_task_group_decorator.py for tasks to queue
[2023-04-10 11:31:05,949] {logging_mixin.py:109} INFO - [2023-04-10 11:31:05,949] {dagbag.py:500} INFO - Filling up the DagBag from /home/airflow/.local/lib/python3.7/site-packages/airflow/example_dags/example_task_group_decorator.py
[2023-04-10 11:31:05,980] {processor.py:632} INFO - DAG(s) dict_keys(['example_task_group_decorator']) retrieved from /home/airflow/.local/lib/python3.7/site-packages/airflow/example_dags/example_task_group_decorator.py
[2023-04-10 11:31:06,188] {logging_mixin.py:109} INFO - [2023-04-10 11:31:06,187] {dag.py:2389} INFO - Sync 1 DAGs
[2023-04-10 11:31:06,197] {logging_mixin.py:109} INFO - [2023-04-10 11:31:06,197] {dag.py:2921} INFO - Setting next_dagrun for example_task_group_decorator to 2023-04-09T11:31:06.197002+00:00
[2023-04-10 11:31:06,205] {processor.py:171} INFO - Processing /home/airflow/.local/lib/python3.7/site-packages/airflow/example_dags/example_task_group_decorator.py took 0.259 seconds
[2023-04-10 11:31:36,296] {processor.py:163} INFO - Started process (PID=825) to work on /home/airflow/.local/lib/python3.7/site-packages/airflow/example_dags/example_task_group_decorator.py
[2023-04-10 11:31:36,298] {processor.py:620} INFO - Processing file /home/airflow/.local/lib/python3.7/site-packages/airflow/example_dags/example_task_group_decorator.py for tasks to queue
[2023-04-10 11:31:36,298] {logging_mixin.py:109} INFO - [2023-04-10 11:31:36,298] {dagbag.py:500} INFO - Filling up the DagBag from /home/airflow/.local/lib/python3.7/site-packages/airflow/example_dags/example_task_group_decorator.py
[2023-04-10 11:31:36,326] {processor.py:632} INFO - DAG(s) dict_keys(['example_task_group_decorator']) retrieved from /home/airflow/.local/lib/python3.7/site-packages/airflow/example_dags/example_task_group_decorator.py
[2023-04-10 11:31:36,514] {logging_mixin.py:109} INFO - [2023-04-10 11:31:36,514] {dag.py:2389} INFO - Sync 1 DAGs
[2023-04-10 11:31:36,525] {logging_mixin.py:109} INFO - [2023-04-10 11:31:36,525] {dag.py:2921} INFO - Setting next_dagrun for example_task_group_decorator to 2023-04-09T11:31:36.525136+00:00
[2023-04-10 11:31:36,534] {processor.py:171} INFO - Processing /home/airflow/.local/lib/python3.7/site-packages/airflow/example_dags/example_task_group_decorator.py took 0.239 seconds
[2023-04-10 11:32:07,558] {processor.py:163} INFO - Started process (PID=888) to work on /home/airflow/.local/lib/python3.7/site-packages/airflow/example_dags/example_task_group_decorator.py
[2023-04-10 11:32:07,559] {processor.py:620} INFO - Processing file /home/airflow/.local/lib/python3.7/site-packages/airflow/example_dags/example_task_group_decorator.py for tasks to queue
[2023-04-10 11:32:07,559] {logging_mixin.py:109} INFO - [2023-04-10 11:32:07,559] {dagbag.py:500} INFO - Filling up the DagBag from /home/airflow/.local/lib/python3.7/site-packages/airflow/example_dags/example_task_group_decorator.py
[2023-04-10 11:32:07,585] {processor.py:632} INFO - DAG(s) dict_keys(['example_task_group_decorator']) retrieved from /home/airflow/.local/lib/python3.7/site-packages/airflow/example_dags/example_task_group_decorator.py
[2023-04-10 11:32:07,775] {logging_mixin.py:109} INFO - [2023-04-10 11:32:07,775] {dag.py:2389} INFO - Sync 1 DAGs
[2023-04-10 11:32:07,788] {logging_mixin.py:109} INFO - [2023-04-10 11:32:07,788] {dag.py:2921} INFO - Setting next_dagrun for example_task_group_decorator to 2023-04-09T11:32:07.787941+00:00
[2023-04-10 11:32:07,795] {processor.py:171} INFO - Processing /home/airflow/.local/lib/python3.7/site-packages/airflow/example_dags/example_task_group_decorator.py took 0.239 seconds
[2023-04-10 11:32:37,831] {processor.py:163} INFO - Started process (PID=940) to work on /home/airflow/.local/lib/python3.7/site-packages/airflow/example_dags/example_task_group_decorator.py
[2023-04-10 11:32:37,832] {processor.py:620} INFO - Processing file /home/airflow/.local/lib/python3.7/site-packages/airflow/example_dags/example_task_group_decorator.py for tasks to queue
[2023-04-10 11:32:37,833] {logging_mixin.py:109} INFO - [2023-04-10 11:32:37,833] {dagbag.py:500} INFO - Filling up the DagBag from /home/airflow/.local/lib/python3.7/site-packages/airflow/example_dags/example_task_group_decorator.py
[2023-04-10 11:32:37,874] {processor.py:632} INFO - DAG(s) dict_keys(['example_task_group_decorator']) retrieved from /home/airflow/.local/lib/python3.7/site-packages/airflow/example_dags/example_task_group_decorator.py
[2023-04-10 11:32:38,187] {logging_mixin.py:109} INFO - [2023-04-10 11:32:38,187] {dag.py:2389} INFO - Sync 1 DAGs
[2023-04-10 11:32:38,205] {logging_mixin.py:109} INFO - [2023-04-10 11:32:38,205] {dag.py:2921} INFO - Setting next_dagrun for example_task_group_decorator to 2023-04-09T11:32:38.205632+00:00
[2023-04-10 11:32:38,218] {processor.py:171} INFO - Processing /home/airflow/.local/lib/python3.7/site-packages/airflow/example_dags/example_task_group_decorator.py took 0.390 seconds
[2023-04-10 11:33:08,271] {processor.py:163} INFO - Started process (PID=1001) to work on /home/airflow/.local/lib/python3.7/site-packages/airflow/example_dags/example_task_group_decorator.py
[2023-04-10 11:33:08,272] {processor.py:620} INFO - Processing file /home/airflow/.local/lib/python3.7/site-packages/airflow/example_dags/example_task_group_decorator.py for tasks to queue
[2023-04-10 11:33:08,272] {logging_mixin.py:109} INFO - [2023-04-10 11:33:08,272] {dagbag.py:500} INFO - Filling up the DagBag from /home/airflow/.local/lib/python3.7/site-packages/airflow/example_dags/example_task_group_decorator.py
[2023-04-10 11:33:08,300] {processor.py:632} INFO - DAG(s) dict_keys(['example_task_group_decorator']) retrieved from /home/airflow/.local/lib/python3.7/site-packages/airflow/example_dags/example_task_group_decorator.py
[2023-04-10 11:33:08,487] {logging_mixin.py:109} INFO - [2023-04-10 11:33:08,487] {dag.py:2389} INFO - Sync 1 DAGs
[2023-04-10 11:33:08,498] {logging_mixin.py:109} INFO - [2023-04-10 11:33:08,498] {dag.py:2921} INFO - Setting next_dagrun for example_task_group_decorator to 2023-04-09T11:33:08.498569+00:00
[2023-04-10 11:33:08,513] {processor.py:171} INFO - Processing /home/airflow/.local/lib/python3.7/site-packages/airflow/example_dags/example_task_group_decorator.py took 0.243 seconds
[2023-04-10 11:33:39,521] {processor.py:163} INFO - Started process (PID=1052) to work on /home/airflow/.local/lib/python3.7/site-packages/airflow/example_dags/example_task_group_decorator.py
[2023-04-10 11:33:39,521] {processor.py:620} INFO - Processing file /home/airflow/.local/lib/python3.7/site-packages/airflow/example_dags/example_task_group_decorator.py for tasks to queue
[2023-04-10 11:33:39,522] {logging_mixin.py:109} INFO - [2023-04-10 11:33:39,522] {dagbag.py:500} INFO - Filling up the DagBag from /home/airflow/.local/lib/python3.7/site-packages/airflow/example_dags/example_task_group_decorator.py
[2023-04-10 11:33:39,548] {processor.py:632} INFO - DAG(s) dict_keys(['example_task_group_decorator']) retrieved from /home/airflow/.local/lib/python3.7/site-packages/airflow/example_dags/example_task_group_decorator.py
[2023-04-10 11:33:39,728] {logging_mixin.py:109} INFO - [2023-04-10 11:33:39,728] {dag.py:2389} INFO - Sync 1 DAGs
[2023-04-10 11:33:39,739] {logging_mixin.py:109} INFO - [2023-04-10 11:33:39,738] {dag.py:2921} INFO - Setting next_dagrun for example_task_group_decorator to 2023-04-09T11:33:39.738812+00:00
[2023-04-10 11:33:39,748] {processor.py:171} INFO - Processing /home/airflow/.local/lib/python3.7/site-packages/airflow/example_dags/example_task_group_decorator.py took 0.229 seconds
[2023-04-10 11:34:10,193] {processor.py:163} INFO - Started process (PID=1112) to work on /home/airflow/.local/lib/python3.7/site-packages/airflow/example_dags/example_task_group_decorator.py
[2023-04-10 11:34:10,194] {processor.py:620} INFO - Processing file /home/airflow/.local/lib/python3.7/site-packages/airflow/example_dags/example_task_group_decorator.py for tasks to queue
[2023-04-10 11:34:10,194] {logging_mixin.py:109} INFO - [2023-04-10 11:34:10,194] {dagbag.py:500} INFO - Filling up the DagBag from /home/airflow/.local/lib/python3.7/site-packages/airflow/example_dags/example_task_group_decorator.py
[2023-04-10 11:34:10,225] {processor.py:632} INFO - DAG(s) dict_keys(['example_task_group_decorator']) retrieved from /home/airflow/.local/lib/python3.7/site-packages/airflow/example_dags/example_task_group_decorator.py
[2023-04-10 11:34:10,440] {logging_mixin.py:109} INFO - [2023-04-10 11:34:10,440] {dag.py:2389} INFO - Sync 1 DAGs
[2023-04-10 11:34:10,452] {logging_mixin.py:109} INFO - [2023-04-10 11:34:10,452] {dag.py:2921} INFO - Setting next_dagrun for example_task_group_decorator to 2023-04-09T11:34:10.451964+00:00
[2023-04-10 11:34:10,462] {processor.py:171} INFO - Processing /home/airflow/.local/lib/python3.7/site-packages/airflow/example_dags/example_task_group_decorator.py took 0.272 seconds
[2023-04-10 11:34:40,491] {processor.py:163} INFO - Started process (PID=1163) to work on /home/airflow/.local/lib/python3.7/site-packages/airflow/example_dags/example_task_group_decorator.py
[2023-04-10 11:34:40,492] {processor.py:620} INFO - Processing file /home/airflow/.local/lib/python3.7/site-packages/airflow/example_dags/example_task_group_decorator.py for tasks to queue
[2023-04-10 11:34:40,492] {logging_mixin.py:109} INFO - [2023-04-10 11:34:40,492] {dagbag.py:500} INFO - Filling up the DagBag from /home/airflow/.local/lib/python3.7/site-packages/airflow/example_dags/example_task_group_decorator.py
[2023-04-10 11:34:40,536] {processor.py:632} INFO - DAG(s) dict_keys(['example_task_group_decorator']) retrieved from /home/airflow/.local/lib/python3.7/site-packages/airflow/example_dags/example_task_group_decorator.py
[2023-04-10 11:34:40,816] {logging_mixin.py:109} INFO - [2023-04-10 11:34:40,816] {dag.py:2389} INFO - Sync 1 DAGs
[2023-04-10 11:34:40,827] {logging_mixin.py:109} INFO - [2023-04-10 11:34:40,827] {dag.py:2921} INFO - Setting next_dagrun for example_task_group_decorator to 2023-04-09T11:34:40.827064+00:00
[2023-04-10 11:34:40,834] {processor.py:171} INFO - Processing /home/airflow/.local/lib/python3.7/site-packages/airflow/example_dags/example_task_group_decorator.py took 0.347 seconds
[2023-04-10 11:35:10,860] {processor.py:163} INFO - Started process (PID=1223) to work on /home/airflow/.local/lib/python3.7/site-packages/airflow/example_dags/example_task_group_decorator.py
[2023-04-10 11:35:10,862] {processor.py:620} INFO - Processing file /home/airflow/.local/lib/python3.7/site-packages/airflow/example_dags/example_task_group_decorator.py for tasks to queue
[2023-04-10 11:35:10,862] {logging_mixin.py:109} INFO - [2023-04-10 11:35:10,862] {dagbag.py:500} INFO - Filling up the DagBag from /home/airflow/.local/lib/python3.7/site-packages/airflow/example_dags/example_task_group_decorator.py
[2023-04-10 11:35:10,894] {processor.py:632} INFO - DAG(s) dict_keys(['example_task_group_decorator']) retrieved from /home/airflow/.local/lib/python3.7/site-packages/airflow/example_dags/example_task_group_decorator.py
[2023-04-10 11:35:11,121] {logging_mixin.py:109} INFO - [2023-04-10 11:35:11,121] {dag.py:2389} INFO - Sync 1 DAGs
[2023-04-10 11:35:11,133] {logging_mixin.py:109} INFO - [2023-04-10 11:35:11,133] {dag.py:2921} INFO - Setting next_dagrun for example_task_group_decorator to 2023-04-09T11:35:11.133156+00:00
[2023-04-10 11:35:11,142] {processor.py:171} INFO - Processing /home/airflow/.local/lib/python3.7/site-packages/airflow/example_dags/example_task_group_decorator.py took 0.284 seconds
[2023-04-10 11:35:41,186] {processor.py:163} INFO - Started process (PID=1274) to work on /home/airflow/.local/lib/python3.7/site-packages/airflow/example_dags/example_task_group_decorator.py
[2023-04-10 11:35:41,188] {processor.py:620} INFO - Processing file /home/airflow/.local/lib/python3.7/site-packages/airflow/example_dags/example_task_group_decorator.py for tasks to queue
[2023-04-10 11:35:41,188] {logging_mixin.py:109} INFO - [2023-04-10 11:35:41,188] {dagbag.py:500} INFO - Filling up the DagBag from /home/airflow/.local/lib/python3.7/site-packages/airflow/example_dags/example_task_group_decorator.py
[2023-04-10 11:35:41,220] {processor.py:632} INFO - DAG(s) dict_keys(['example_task_group_decorator']) retrieved from /home/airflow/.local/lib/python3.7/site-packages/airflow/example_dags/example_task_group_decorator.py
[2023-04-10 11:35:41,435] {logging_mixin.py:109} INFO - [2023-04-10 11:35:41,435] {dag.py:2389} INFO - Sync 1 DAGs
[2023-04-10 11:35:41,446] {logging_mixin.py:109} INFO - [2023-04-10 11:35:41,446] {dag.py:2921} INFO - Setting next_dagrun for example_task_group_decorator to 2023-04-09T11:35:41.445996+00:00
[2023-04-10 11:35:41,455] {processor.py:171} INFO - Processing /home/airflow/.local/lib/python3.7/site-packages/airflow/example_dags/example_task_group_decorator.py took 0.271 seconds
[2023-04-10 11:36:11,506] {processor.py:163} INFO - Started process (PID=1325) to work on /home/airflow/.local/lib/python3.7/site-packages/airflow/example_dags/example_task_group_decorator.py
[2023-04-10 11:36:11,514] {processor.py:620} INFO - Processing file /home/airflow/.local/lib/python3.7/site-packages/airflow/example_dags/example_task_group_decorator.py for tasks to queue
[2023-04-10 11:36:11,514] {logging_mixin.py:109} INFO - [2023-04-10 11:36:11,514] {dagbag.py:500} INFO - Filling up the DagBag from /home/airflow/.local/lib/python3.7/site-packages/airflow/example_dags/example_task_group_decorator.py
[2023-04-10 11:36:11,543] {processor.py:632} INFO - DAG(s) dict_keys(['example_task_group_decorator']) retrieved from /home/airflow/.local/lib/python3.7/site-packages/airflow/example_dags/example_task_group_decorator.py
[2023-04-10 11:36:11,766] {logging_mixin.py:109} INFO - [2023-04-10 11:36:11,766] {dag.py:2389} INFO - Sync 1 DAGs
[2023-04-10 11:36:11,777] {logging_mixin.py:109} INFO - [2023-04-10 11:36:11,777] {dag.py:2921} INFO - Setting next_dagrun for example_task_group_decorator to 2023-04-09T11:36:11.777549+00:00
[2023-04-10 11:36:11,787] {processor.py:171} INFO - Processing /home/airflow/.local/lib/python3.7/site-packages/airflow/example_dags/example_task_group_decorator.py took 0.283 seconds
[2023-04-10 11:36:41,959] {processor.py:163} INFO - Started process (PID=1387) to work on /home/airflow/.local/lib/python3.7/site-packages/airflow/example_dags/example_task_group_decorator.py
[2023-04-10 11:36:41,960] {processor.py:620} INFO - Processing file /home/airflow/.local/lib/python3.7/site-packages/airflow/example_dags/example_task_group_decorator.py for tasks to queue
[2023-04-10 11:36:41,961] {logging_mixin.py:109} INFO - [2023-04-10 11:36:41,961] {dagbag.py:500} INFO - Filling up the DagBag from /home/airflow/.local/lib/python3.7/site-packages/airflow/example_dags/example_task_group_decorator.py
[2023-04-10 11:36:41,990] {processor.py:632} INFO - DAG(s) dict_keys(['example_task_group_decorator']) retrieved from /home/airflow/.local/lib/python3.7/site-packages/airflow/example_dags/example_task_group_decorator.py
[2023-04-10 11:36:42,190] {logging_mixin.py:109} INFO - [2023-04-10 11:36:42,190] {dag.py:2389} INFO - Sync 1 DAGs
[2023-04-10 11:36:42,201] {logging_mixin.py:109} INFO - [2023-04-10 11:36:42,201] {dag.py:2921} INFO - Setting next_dagrun for example_task_group_decorator to 2023-04-09T11:36:42.201570+00:00
[2023-04-10 11:36:42,211] {processor.py:171} INFO - Processing /home/airflow/.local/lib/python3.7/site-packages/airflow/example_dags/example_task_group_decorator.py took 0.254 seconds
[2023-04-10 11:37:12,328] {processor.py:163} INFO - Started process (PID=1438) to work on /home/airflow/.local/lib/python3.7/site-packages/airflow/example_dags/example_task_group_decorator.py
[2023-04-10 11:37:12,328] {processor.py:620} INFO - Processing file /home/airflow/.local/lib/python3.7/site-packages/airflow/example_dags/example_task_group_decorator.py for tasks to queue
[2023-04-10 11:37:12,329] {logging_mixin.py:109} INFO - [2023-04-10 11:37:12,329] {dagbag.py:500} INFO - Filling up the DagBag from /home/airflow/.local/lib/python3.7/site-packages/airflow/example_dags/example_task_group_decorator.py
[2023-04-10 11:37:12,356] {processor.py:632} INFO - DAG(s) dict_keys(['example_task_group_decorator']) retrieved from /home/airflow/.local/lib/python3.7/site-packages/airflow/example_dags/example_task_group_decorator.py
[2023-04-10 11:37:12,537] {logging_mixin.py:109} INFO - [2023-04-10 11:37:12,537] {dag.py:2389} INFO - Sync 1 DAGs
[2023-04-10 11:37:12,546] {logging_mixin.py:109} INFO - [2023-04-10 11:37:12,546] {dag.py:2921} INFO - Setting next_dagrun for example_task_group_decorator to 2023-04-09T11:37:12.545962+00:00
[2023-04-10 11:37:12,556] {processor.py:171} INFO - Processing /home/airflow/.local/lib/python3.7/site-packages/airflow/example_dags/example_task_group_decorator.py took 0.231 seconds
[2023-04-10 11:37:42,576] {processor.py:163} INFO - Started process (PID=1498) to work on /home/airflow/.local/lib/python3.7/site-packages/airflow/example_dags/example_task_group_decorator.py
[2023-04-10 11:37:42,583] {processor.py:620} INFO - Processing file /home/airflow/.local/lib/python3.7/site-packages/airflow/example_dags/example_task_group_decorator.py for tasks to queue
[2023-04-10 11:37:42,583] {logging_mixin.py:109} INFO - [2023-04-10 11:37:42,583] {dagbag.py:500} INFO - Filling up the DagBag from /home/airflow/.local/lib/python3.7/site-packages/airflow/example_dags/example_task_group_decorator.py
[2023-04-10 11:37:42,613] {processor.py:632} INFO - DAG(s) dict_keys(['example_task_group_decorator']) retrieved from /home/airflow/.local/lib/python3.7/site-packages/airflow/example_dags/example_task_group_decorator.py
[2023-04-10 11:37:42,804] {logging_mixin.py:109} INFO - [2023-04-10 11:37:42,804] {dag.py:2389} INFO - Sync 1 DAGs
[2023-04-10 11:37:42,813] {logging_mixin.py:109} INFO - [2023-04-10 11:37:42,813] {dag.py:2921} INFO - Setting next_dagrun for example_task_group_decorator to 2023-04-09T11:37:42.813384+00:00
[2023-04-10 11:37:42,822] {processor.py:171} INFO - Processing /home/airflow/.local/lib/python3.7/site-packages/airflow/example_dags/example_task_group_decorator.py took 0.248 seconds
[2023-04-10 11:38:12,933] {processor.py:163} INFO - Started process (PID=1550) to work on /home/airflow/.local/lib/python3.7/site-packages/airflow/example_dags/example_task_group_decorator.py
[2023-04-10 11:38:12,933] {processor.py:620} INFO - Processing file /home/airflow/.local/lib/python3.7/site-packages/airflow/example_dags/example_task_group_decorator.py for tasks to queue
[2023-04-10 11:38:12,934] {logging_mixin.py:109} INFO - [2023-04-10 11:38:12,934] {dagbag.py:500} INFO - Filling up the DagBag from /home/airflow/.local/lib/python3.7/site-packages/airflow/example_dags/example_task_group_decorator.py
[2023-04-10 11:38:12,965] {processor.py:632} INFO - DAG(s) dict_keys(['example_task_group_decorator']) retrieved from /home/airflow/.local/lib/python3.7/site-packages/airflow/example_dags/example_task_group_decorator.py
[2023-04-10 11:38:13,163] {logging_mixin.py:109} INFO - [2023-04-10 11:38:13,163] {dag.py:2389} INFO - Sync 1 DAGs
[2023-04-10 11:38:13,172] {logging_mixin.py:109} INFO - [2023-04-10 11:38:13,172] {dag.py:2921} INFO - Setting next_dagrun for example_task_group_decorator to 2023-04-09T11:38:13.172397+00:00
[2023-04-10 11:38:13,181] {processor.py:171} INFO - Processing /home/airflow/.local/lib/python3.7/site-packages/airflow/example_dags/example_task_group_decorator.py took 0.251 seconds
[2023-04-10 11:38:44,115] {processor.py:163} INFO - Started process (PID=1612) to work on /home/airflow/.local/lib/python3.7/site-packages/airflow/example_dags/example_task_group_decorator.py
[2023-04-10 11:38:44,122] {processor.py:620} INFO - Processing file /home/airflow/.local/lib/python3.7/site-packages/airflow/example_dags/example_task_group_decorator.py for tasks to queue
[2023-04-10 11:38:44,122] {logging_mixin.py:109} INFO - [2023-04-10 11:38:44,122] {dagbag.py:500} INFO - Filling up the DagBag from /home/airflow/.local/lib/python3.7/site-packages/airflow/example_dags/example_task_group_decorator.py
[2023-04-10 11:38:44,150] {processor.py:632} INFO - DAG(s) dict_keys(['example_task_group_decorator']) retrieved from /home/airflow/.local/lib/python3.7/site-packages/airflow/example_dags/example_task_group_decorator.py
[2023-04-10 11:38:44,325] {logging_mixin.py:109} INFO - [2023-04-10 11:38:44,325] {dag.py:2389} INFO - Sync 1 DAGs
[2023-04-10 11:38:44,333] {logging_mixin.py:109} INFO - [2023-04-10 11:38:44,333] {dag.py:2921} INFO - Setting next_dagrun for example_task_group_decorator to 2023-04-09T11:38:44.333305+00:00
[2023-04-10 11:38:44,348] {processor.py:171} INFO - Processing /home/airflow/.local/lib/python3.7/site-packages/airflow/example_dags/example_task_group_decorator.py took 0.237 seconds
[2023-04-10 11:39:14,523] {processor.py:163} INFO - Started process (PID=1663) to work on /home/airflow/.local/lib/python3.7/site-packages/airflow/example_dags/example_task_group_decorator.py
[2023-04-10 11:39:14,523] {processor.py:620} INFO - Processing file /home/airflow/.local/lib/python3.7/site-packages/airflow/example_dags/example_task_group_decorator.py for tasks to queue
[2023-04-10 11:39:14,524] {logging_mixin.py:109} INFO - [2023-04-10 11:39:14,524] {dagbag.py:500} INFO - Filling up the DagBag from /home/airflow/.local/lib/python3.7/site-packages/airflow/example_dags/example_task_group_decorator.py
[2023-04-10 11:39:14,551] {processor.py:632} INFO - DAG(s) dict_keys(['example_task_group_decorator']) retrieved from /home/airflow/.local/lib/python3.7/site-packages/airflow/example_dags/example_task_group_decorator.py
[2023-04-10 11:39:14,730] {logging_mixin.py:109} INFO - [2023-04-10 11:39:14,730] {dag.py:2389} INFO - Sync 1 DAGs
[2023-04-10 11:39:14,738] {logging_mixin.py:109} INFO - [2023-04-10 11:39:14,738] {dag.py:2921} INFO - Setting next_dagrun for example_task_group_decorator to 2023-04-09T11:39:14.738776+00:00
[2023-04-10 11:39:14,748] {processor.py:171} INFO - Processing /home/airflow/.local/lib/python3.7/site-packages/airflow/example_dags/example_task_group_decorator.py took 0.227 seconds
[2023-04-10 11:39:45,746] {processor.py:163} INFO - Started process (PID=1723) to work on /home/airflow/.local/lib/python3.7/site-packages/airflow/example_dags/example_task_group_decorator.py
[2023-04-10 11:39:45,753] {processor.py:620} INFO - Processing file /home/airflow/.local/lib/python3.7/site-packages/airflow/example_dags/example_task_group_decorator.py for tasks to queue
[2023-04-10 11:39:45,754] {logging_mixin.py:109} INFO - [2023-04-10 11:39:45,754] {dagbag.py:500} INFO - Filling up the DagBag from /home/airflow/.local/lib/python3.7/site-packages/airflow/example_dags/example_task_group_decorator.py
[2023-04-10 11:39:45,780] {processor.py:632} INFO - DAG(s) dict_keys(['example_task_group_decorator']) retrieved from /home/airflow/.local/lib/python3.7/site-packages/airflow/example_dags/example_task_group_decorator.py
[2023-04-10 11:39:45,957] {logging_mixin.py:109} INFO - [2023-04-10 11:39:45,957] {dag.py:2389} INFO - Sync 1 DAGs
[2023-04-10 11:39:45,967] {logging_mixin.py:109} INFO - [2023-04-10 11:39:45,967] {dag.py:2921} INFO - Setting next_dagrun for example_task_group_decorator to 2023-04-09T11:39:45.967039+00:00
[2023-04-10 11:39:45,975] {processor.py:171} INFO - Processing /home/airflow/.local/lib/python3.7/site-packages/airflow/example_dags/example_task_group_decorator.py took 0.233 seconds
[2023-04-10 11:40:15,999] {processor.py:163} INFO - Started process (PID=1775) to work on /home/airflow/.local/lib/python3.7/site-packages/airflow/example_dags/example_task_group_decorator.py
[2023-04-10 11:40:16,000] {processor.py:620} INFO - Processing file /home/airflow/.local/lib/python3.7/site-packages/airflow/example_dags/example_task_group_decorator.py for tasks to queue
[2023-04-10 11:40:16,001] {logging_mixin.py:109} INFO - [2023-04-10 11:40:16,001] {dagbag.py:500} INFO - Filling up the DagBag from /home/airflow/.local/lib/python3.7/site-packages/airflow/example_dags/example_task_group_decorator.py
[2023-04-10 11:40:16,033] {processor.py:632} INFO - DAG(s) dict_keys(['example_task_group_decorator']) retrieved from /home/airflow/.local/lib/python3.7/site-packages/airflow/example_dags/example_task_group_decorator.py
[2023-04-10 11:40:16,262] {logging_mixin.py:109} INFO - [2023-04-10 11:40:16,261] {dag.py:2389} INFO - Sync 1 DAGs
[2023-04-10 11:40:16,273] {logging_mixin.py:109} INFO - [2023-04-10 11:40:16,273] {dag.py:2921} INFO - Setting next_dagrun for example_task_group_decorator to 2023-04-09T11:40:16.273188+00:00
[2023-04-10 11:40:16,281] {processor.py:171} INFO - Processing /home/airflow/.local/lib/python3.7/site-packages/airflow/example_dags/example_task_group_decorator.py took 0.284 seconds
[2023-04-10 11:40:46,297] {processor.py:163} INFO - Started process (PID=1835) to work on /home/airflow/.local/lib/python3.7/site-packages/airflow/example_dags/example_task_group_decorator.py
[2023-04-10 11:40:46,298] {processor.py:620} INFO - Processing file /home/airflow/.local/lib/python3.7/site-packages/airflow/example_dags/example_task_group_decorator.py for tasks to queue
[2023-04-10 11:40:46,299] {logging_mixin.py:109} INFO - [2023-04-10 11:40:46,299] {dagbag.py:500} INFO - Filling up the DagBag from /home/airflow/.local/lib/python3.7/site-packages/airflow/example_dags/example_task_group_decorator.py
[2023-04-10 11:40:46,337] {processor.py:632} INFO - DAG(s) dict_keys(['example_task_group_decorator']) retrieved from /home/airflow/.local/lib/python3.7/site-packages/airflow/example_dags/example_task_group_decorator.py
[2023-04-10 11:40:46,539] {logging_mixin.py:109} INFO - [2023-04-10 11:40:46,539] {dag.py:2389} INFO - Sync 1 DAGs
[2023-04-10 11:40:46,547] {logging_mixin.py:109} INFO - [2023-04-10 11:40:46,547] {dag.py:2921} INFO - Setting next_dagrun for example_task_group_decorator to 2023-04-09T11:40:46.547450+00:00
[2023-04-10 11:40:46,556] {processor.py:171} INFO - Processing /home/airflow/.local/lib/python3.7/site-packages/airflow/example_dags/example_task_group_decorator.py took 0.262 seconds
[2023-04-10 11:41:16,592] {processor.py:163} INFO - Started process (PID=1886) to work on /home/airflow/.local/lib/python3.7/site-packages/airflow/example_dags/example_task_group_decorator.py
[2023-04-10 11:41:16,593] {processor.py:620} INFO - Processing file /home/airflow/.local/lib/python3.7/site-packages/airflow/example_dags/example_task_group_decorator.py for tasks to queue
[2023-04-10 11:41:16,593] {logging_mixin.py:109} INFO - [2023-04-10 11:41:16,593] {dagbag.py:500} INFO - Filling up the DagBag from /home/airflow/.local/lib/python3.7/site-packages/airflow/example_dags/example_task_group_decorator.py
[2023-04-10 11:41:16,621] {processor.py:632} INFO - DAG(s) dict_keys(['example_task_group_decorator']) retrieved from /home/airflow/.local/lib/python3.7/site-packages/airflow/example_dags/example_task_group_decorator.py
[2023-04-10 11:41:16,812] {logging_mixin.py:109} INFO - [2023-04-10 11:41:16,812] {dag.py:2389} INFO - Sync 1 DAGs
[2023-04-10 11:41:16,823] {logging_mixin.py:109} INFO - [2023-04-10 11:41:16,823] {dag.py:2921} INFO - Setting next_dagrun for example_task_group_decorator to 2023-04-09T11:41:16.823250+00:00
[2023-04-10 11:41:16,831] {processor.py:171} INFO - Processing /home/airflow/.local/lib/python3.7/site-packages/airflow/example_dags/example_task_group_decorator.py took 0.241 seconds
[2023-04-10 11:41:46,917] {processor.py:163} INFO - Started process (PID=1946) to work on /home/airflow/.local/lib/python3.7/site-packages/airflow/example_dags/example_task_group_decorator.py
[2023-04-10 11:41:46,917] {processor.py:620} INFO - Processing file /home/airflow/.local/lib/python3.7/site-packages/airflow/example_dags/example_task_group_decorator.py for tasks to queue
[2023-04-10 11:41:46,918] {logging_mixin.py:109} INFO - [2023-04-10 11:41:46,918] {dagbag.py:500} INFO - Filling up the DagBag from /home/airflow/.local/lib/python3.7/site-packages/airflow/example_dags/example_task_group_decorator.py
[2023-04-10 11:41:46,952] {processor.py:632} INFO - DAG(s) dict_keys(['example_task_group_decorator']) retrieved from /home/airflow/.local/lib/python3.7/site-packages/airflow/example_dags/example_task_group_decorator.py
[2023-04-10 11:41:47,191] {logging_mixin.py:109} INFO - [2023-04-10 11:41:47,191] {dag.py:2389} INFO - Sync 1 DAGs
[2023-04-10 11:41:47,202] {logging_mixin.py:109} INFO - [2023-04-10 11:41:47,202] {dag.py:2921} INFO - Setting next_dagrun for example_task_group_decorator to 2023-04-09T11:41:47.202074+00:00
[2023-04-10 11:41:47,211] {processor.py:171} INFO - Processing /home/airflow/.local/lib/python3.7/site-packages/airflow/example_dags/example_task_group_decorator.py took 0.297 seconds
[2023-04-10 11:42:18,174] {processor.py:163} INFO - Started process (PID=2000) to work on /home/airflow/.local/lib/python3.7/site-packages/airflow/example_dags/example_task_group_decorator.py
[2023-04-10 11:42:18,175] {processor.py:620} INFO - Processing file /home/airflow/.local/lib/python3.7/site-packages/airflow/example_dags/example_task_group_decorator.py for tasks to queue
[2023-04-10 11:42:18,175] {logging_mixin.py:109} INFO - [2023-04-10 11:42:18,175] {dagbag.py:500} INFO - Filling up the DagBag from /home/airflow/.local/lib/python3.7/site-packages/airflow/example_dags/example_task_group_decorator.py
[2023-04-10 11:42:18,202] {processor.py:632} INFO - DAG(s) dict_keys(['example_task_group_decorator']) retrieved from /home/airflow/.local/lib/python3.7/site-packages/airflow/example_dags/example_task_group_decorator.py
[2023-04-10 11:42:18,383] {logging_mixin.py:109} INFO - [2023-04-10 11:42:18,383] {dag.py:2389} INFO - Sync 1 DAGs
[2023-04-10 11:42:18,392] {logging_mixin.py:109} INFO - [2023-04-10 11:42:18,392] {dag.py:2921} INFO - Setting next_dagrun for example_task_group_decorator to 2023-04-09T11:42:18.392434+00:00
[2023-04-10 11:42:18,401] {processor.py:171} INFO - Processing /home/airflow/.local/lib/python3.7/site-packages/airflow/example_dags/example_task_group_decorator.py took 0.230 seconds
[2023-04-10 11:42:48,640] {processor.py:163} INFO - Started process (PID=2060) to work on /home/airflow/.local/lib/python3.7/site-packages/airflow/example_dags/example_task_group_decorator.py
[2023-04-10 11:42:48,641] {processor.py:620} INFO - Processing file /home/airflow/.local/lib/python3.7/site-packages/airflow/example_dags/example_task_group_decorator.py for tasks to queue
[2023-04-10 11:42:48,642] {logging_mixin.py:109} INFO - [2023-04-10 11:42:48,642] {dagbag.py:500} INFO - Filling up the DagBag from /home/airflow/.local/lib/python3.7/site-packages/airflow/example_dags/example_task_group_decorator.py
[2023-04-10 11:42:48,687] {processor.py:632} INFO - DAG(s) dict_keys(['example_task_group_decorator']) retrieved from /home/airflow/.local/lib/python3.7/site-packages/airflow/example_dags/example_task_group_decorator.py
[2023-04-10 11:42:49,022] {logging_mixin.py:109} INFO - [2023-04-10 11:42:49,021] {dag.py:2389} INFO - Sync 1 DAGs
[2023-04-10 11:42:49,038] {logging_mixin.py:109} INFO - [2023-04-10 11:42:49,038] {dag.py:2921} INFO - Setting next_dagrun for example_task_group_decorator to 2023-04-09T11:42:49.038303+00:00
[2023-04-10 11:42:49,051] {processor.py:171} INFO - Processing /home/airflow/.local/lib/python3.7/site-packages/airflow/example_dags/example_task_group_decorator.py took 0.415 seconds
[2023-04-10 11:43:19,081] {processor.py:163} INFO - Started process (PID=2115) to work on /home/airflow/.local/lib/python3.7/site-packages/airflow/example_dags/example_task_group_decorator.py
[2023-04-10 11:43:19,082] {processor.py:620} INFO - Processing file /home/airflow/.local/lib/python3.7/site-packages/airflow/example_dags/example_task_group_decorator.py for tasks to queue
[2023-04-10 11:43:19,082] {logging_mixin.py:109} INFO - [2023-04-10 11:43:19,082] {dagbag.py:500} INFO - Filling up the DagBag from /home/airflow/.local/lib/python3.7/site-packages/airflow/example_dags/example_task_group_decorator.py
[2023-04-10 11:43:19,110] {processor.py:632} INFO - DAG(s) dict_keys(['example_task_group_decorator']) retrieved from /home/airflow/.local/lib/python3.7/site-packages/airflow/example_dags/example_task_group_decorator.py
[2023-04-10 11:43:19,296] {logging_mixin.py:109} INFO - [2023-04-10 11:43:19,296] {dag.py:2389} INFO - Sync 1 DAGs
[2023-04-10 11:43:19,306] {logging_mixin.py:109} INFO - [2023-04-10 11:43:19,306] {dag.py:2921} INFO - Setting next_dagrun for example_task_group_decorator to 2023-04-09T11:43:19.306095+00:00
[2023-04-10 11:43:19,316] {processor.py:171} INFO - Processing /home/airflow/.local/lib/python3.7/site-packages/airflow/example_dags/example_task_group_decorator.py took 0.238 seconds
[2023-04-10 11:43:50,253] {processor.py:163} INFO - Started process (PID=2167) to work on /home/airflow/.local/lib/python3.7/site-packages/airflow/example_dags/example_task_group_decorator.py
[2023-04-10 11:43:50,253] {processor.py:620} INFO - Processing file /home/airflow/.local/lib/python3.7/site-packages/airflow/example_dags/example_task_group_decorator.py for tasks to queue
[2023-04-10 11:43:50,254] {logging_mixin.py:109} INFO - [2023-04-10 11:43:50,253] {dagbag.py:500} INFO - Filling up the DagBag from /home/airflow/.local/lib/python3.7/site-packages/airflow/example_dags/example_task_group_decorator.py
[2023-04-10 11:43:50,280] {processor.py:632} INFO - DAG(s) dict_keys(['example_task_group_decorator']) retrieved from /home/airflow/.local/lib/python3.7/site-packages/airflow/example_dags/example_task_group_decorator.py
[2023-04-10 11:43:50,459] {logging_mixin.py:109} INFO - [2023-04-10 11:43:50,459] {dag.py:2389} INFO - Sync 1 DAGs
[2023-04-10 11:43:50,468] {logging_mixin.py:109} INFO - [2023-04-10 11:43:50,468] {dag.py:2921} INFO - Setting next_dagrun for example_task_group_decorator to 2023-04-09T11:43:50.467952+00:00
[2023-04-10 11:43:50,476] {processor.py:171} INFO - Processing /home/airflow/.local/lib/python3.7/site-packages/airflow/example_dags/example_task_group_decorator.py took 0.226 seconds
[2023-04-10 11:44:20,695] {processor.py:163} INFO - Started process (PID=2227) to work on /home/airflow/.local/lib/python3.7/site-packages/airflow/example_dags/example_task_group_decorator.py
[2023-04-10 11:44:20,697] {processor.py:620} INFO - Processing file /home/airflow/.local/lib/python3.7/site-packages/airflow/example_dags/example_task_group_decorator.py for tasks to queue
[2023-04-10 11:44:20,697] {logging_mixin.py:109} INFO - [2023-04-10 11:44:20,697] {dagbag.py:500} INFO - Filling up the DagBag from /home/airflow/.local/lib/python3.7/site-packages/airflow/example_dags/example_task_group_decorator.py
[2023-04-10 11:44:20,729] {processor.py:632} INFO - DAG(s) dict_keys(['example_task_group_decorator']) retrieved from /home/airflow/.local/lib/python3.7/site-packages/airflow/example_dags/example_task_group_decorator.py
[2023-04-10 11:44:20,953] {logging_mixin.py:109} INFO - [2023-04-10 11:44:20,953] {dag.py:2389} INFO - Sync 1 DAGs
[2023-04-10 11:44:20,965] {logging_mixin.py:109} INFO - [2023-04-10 11:44:20,964] {dag.py:2921} INFO - Setting next_dagrun for example_task_group_decorator to 2023-04-09T11:44:20.964794+00:00
[2023-04-10 11:44:20,973] {processor.py:171} INFO - Processing /home/airflow/.local/lib/python3.7/site-packages/airflow/example_dags/example_task_group_decorator.py took 0.280 seconds
[2023-04-10 11:44:51,935] {processor.py:163} INFO - Started process (PID=2278) to work on /home/airflow/.local/lib/python3.7/site-packages/airflow/example_dags/example_task_group_decorator.py
[2023-04-10 11:44:51,935] {processor.py:620} INFO - Processing file /home/airflow/.local/lib/python3.7/site-packages/airflow/example_dags/example_task_group_decorator.py for tasks to queue
[2023-04-10 11:44:51,936] {logging_mixin.py:109} INFO - [2023-04-10 11:44:51,936] {dagbag.py:500} INFO - Filling up the DagBag from /home/airflow/.local/lib/python3.7/site-packages/airflow/example_dags/example_task_group_decorator.py
[2023-04-10 11:44:51,962] {processor.py:632} INFO - DAG(s) dict_keys(['example_task_group_decorator']) retrieved from /home/airflow/.local/lib/python3.7/site-packages/airflow/example_dags/example_task_group_decorator.py
[2023-04-10 11:44:52,154] {logging_mixin.py:109} INFO - [2023-04-10 11:44:52,154] {dag.py:2389} INFO - Sync 1 DAGs
[2023-04-10 11:44:52,162] {logging_mixin.py:109} INFO - [2023-04-10 11:44:52,162] {dag.py:2921} INFO - Setting next_dagrun for example_task_group_decorator to 2023-04-09T11:44:52.161969+00:00
[2023-04-10 11:44:52,171] {processor.py:171} INFO - Processing /home/airflow/.local/lib/python3.7/site-packages/airflow/example_dags/example_task_group_decorator.py took 0.239 seconds
[2023-04-10 11:45:22,369] {processor.py:163} INFO - Started process (PID=2339) to work on /home/airflow/.local/lib/python3.7/site-packages/airflow/example_dags/example_task_group_decorator.py
[2023-04-10 11:45:22,370] {processor.py:620} INFO - Processing file /home/airflow/.local/lib/python3.7/site-packages/airflow/example_dags/example_task_group_decorator.py for tasks to queue
[2023-04-10 11:45:22,370] {logging_mixin.py:109} INFO - [2023-04-10 11:45:22,370] {dagbag.py:500} INFO - Filling up the DagBag from /home/airflow/.local/lib/python3.7/site-packages/airflow/example_dags/example_task_group_decorator.py
[2023-04-10 11:45:22,398] {processor.py:632} INFO - DAG(s) dict_keys(['example_task_group_decorator']) retrieved from /home/airflow/.local/lib/python3.7/site-packages/airflow/example_dags/example_task_group_decorator.py
[2023-04-10 11:45:22,653] {logging_mixin.py:109} INFO - [2023-04-10 11:45:22,653] {dag.py:2389} INFO - Sync 1 DAGs
[2023-04-10 11:45:22,665] {logging_mixin.py:109} INFO - [2023-04-10 11:45:22,665] {dag.py:2921} INFO - Setting next_dagrun for example_task_group_decorator to 2023-04-09T11:45:22.664848+00:00
[2023-04-10 11:45:22,676] {processor.py:171} INFO - Processing /home/airflow/.local/lib/python3.7/site-packages/airflow/example_dags/example_task_group_decorator.py took 0.310 seconds
[2023-04-10 11:45:52,733] {processor.py:163} INFO - Started process (PID=2390) to work on /home/airflow/.local/lib/python3.7/site-packages/airflow/example_dags/example_task_group_decorator.py
[2023-04-10 11:45:52,737] {processor.py:620} INFO - Processing file /home/airflow/.local/lib/python3.7/site-packages/airflow/example_dags/example_task_group_decorator.py for tasks to queue
[2023-04-10 11:45:52,737] {logging_mixin.py:109} INFO - [2023-04-10 11:45:52,737] {dagbag.py:500} INFO - Filling up the DagBag from /home/airflow/.local/lib/python3.7/site-packages/airflow/example_dags/example_task_group_decorator.py
[2023-04-10 11:45:52,762] {processor.py:632} INFO - DAG(s) dict_keys(['example_task_group_decorator']) retrieved from /home/airflow/.local/lib/python3.7/site-packages/airflow/example_dags/example_task_group_decorator.py
[2023-04-10 11:45:52,934] {logging_mixin.py:109} INFO - [2023-04-10 11:45:52,933] {dag.py:2389} INFO - Sync 1 DAGs
[2023-04-10 11:45:52,942] {logging_mixin.py:109} INFO - [2023-04-10 11:45:52,942] {dag.py:2921} INFO - Setting next_dagrun for example_task_group_decorator to 2023-04-09T11:45:52.942416+00:00
[2023-04-10 11:45:52,957] {processor.py:171} INFO - Processing /home/airflow/.local/lib/python3.7/site-packages/airflow/example_dags/example_task_group_decorator.py took 0.226 seconds
[2023-04-10 11:46:23,030] {processor.py:163} INFO - Started process (PID=2450) to work on /home/airflow/.local/lib/python3.7/site-packages/airflow/example_dags/example_task_group_decorator.py
[2023-04-10 11:46:23,037] {processor.py:620} INFO - Processing file /home/airflow/.local/lib/python3.7/site-packages/airflow/example_dags/example_task_group_decorator.py for tasks to queue
[2023-04-10 11:46:23,038] {logging_mixin.py:109} INFO - [2023-04-10 11:46:23,038] {dagbag.py:500} INFO - Filling up the DagBag from /home/airflow/.local/lib/python3.7/site-packages/airflow/example_dags/example_task_group_decorator.py
[2023-04-10 11:46:23,064] {processor.py:632} INFO - DAG(s) dict_keys(['example_task_group_decorator']) retrieved from /home/airflow/.local/lib/python3.7/site-packages/airflow/example_dags/example_task_group_decorator.py
[2023-04-10 11:46:23,232] {logging_mixin.py:109} INFO - [2023-04-10 11:46:23,232] {dag.py:2389} INFO - Sync 1 DAGs
[2023-04-10 11:46:23,241] {logging_mixin.py:109} INFO - [2023-04-10 11:46:23,241] {dag.py:2921} INFO - Setting next_dagrun for example_task_group_decorator to 2023-04-09T11:46:23.240899+00:00
[2023-04-10 11:46:23,253] {processor.py:171} INFO - Processing /home/airflow/.local/lib/python3.7/site-packages/airflow/example_dags/example_task_group_decorator.py took 0.226 seconds
[2023-04-10 11:46:53,342] {processor.py:163} INFO - Started process (PID=2501) to work on /home/airflow/.local/lib/python3.7/site-packages/airflow/example_dags/example_task_group_decorator.py
[2023-04-10 11:46:53,343] {processor.py:620} INFO - Processing file /home/airflow/.local/lib/python3.7/site-packages/airflow/example_dags/example_task_group_decorator.py for tasks to queue
[2023-04-10 11:46:53,344] {logging_mixin.py:109} INFO - [2023-04-10 11:46:53,344] {dagbag.py:500} INFO - Filling up the DagBag from /home/airflow/.local/lib/python3.7/site-packages/airflow/example_dags/example_task_group_decorator.py
[2023-04-10 11:46:53,379] {processor.py:632} INFO - DAG(s) dict_keys(['example_task_group_decorator']) retrieved from /home/airflow/.local/lib/python3.7/site-packages/airflow/example_dags/example_task_group_decorator.py
[2023-04-10 11:46:53,607] {logging_mixin.py:109} INFO - [2023-04-10 11:46:53,607] {dag.py:2389} INFO - Sync 1 DAGs
[2023-04-10 11:46:53,618] {logging_mixin.py:109} INFO - [2023-04-10 11:46:53,618] {dag.py:2921} INFO - Setting next_dagrun for example_task_group_decorator to 2023-04-09T11:46:53.618631+00:00
[2023-04-10 11:46:53,629] {processor.py:171} INFO - Processing /home/airflow/.local/lib/python3.7/site-packages/airflow/example_dags/example_task_group_decorator.py took 0.290 seconds
[2023-04-10 11:47:23,738] {processor.py:163} INFO - Started process (PID=2561) to work on /home/airflow/.local/lib/python3.7/site-packages/airflow/example_dags/example_task_group_decorator.py
[2023-04-10 11:47:23,739] {processor.py:620} INFO - Processing file /home/airflow/.local/lib/python3.7/site-packages/airflow/example_dags/example_task_group_decorator.py for tasks to queue
[2023-04-10 11:47:23,740] {logging_mixin.py:109} INFO - [2023-04-10 11:47:23,740] {dagbag.py:500} INFO - Filling up the DagBag from /home/airflow/.local/lib/python3.7/site-packages/airflow/example_dags/example_task_group_decorator.py
[2023-04-10 11:47:23,777] {processor.py:632} INFO - DAG(s) dict_keys(['example_task_group_decorator']) retrieved from /home/airflow/.local/lib/python3.7/site-packages/airflow/example_dags/example_task_group_decorator.py
[2023-04-10 11:47:24,054] {logging_mixin.py:109} INFO - [2023-04-10 11:47:24,054] {dag.py:2389} INFO - Sync 1 DAGs
[2023-04-10 11:47:24,071] {logging_mixin.py:109} INFO - [2023-04-10 11:47:24,071] {dag.py:2921} INFO - Setting next_dagrun for example_task_group_decorator to 2023-04-09T11:47:24.070744+00:00
[2023-04-10 11:47:24,090] {processor.py:171} INFO - Processing /home/airflow/.local/lib/python3.7/site-packages/airflow/example_dags/example_task_group_decorator.py took 0.356 seconds
[2023-04-10 11:47:54,877] {processor.py:163} INFO - Started process (PID=2613) to work on /home/airflow/.local/lib/python3.7/site-packages/airflow/example_dags/example_task_group_decorator.py
[2023-04-10 11:47:54,878] {processor.py:620} INFO - Processing file /home/airflow/.local/lib/python3.7/site-packages/airflow/example_dags/example_task_group_decorator.py for tasks to queue
[2023-04-10 11:47:54,878] {logging_mixin.py:109} INFO - [2023-04-10 11:47:54,878] {dagbag.py:500} INFO - Filling up the DagBag from /home/airflow/.local/lib/python3.7/site-packages/airflow/example_dags/example_task_group_decorator.py
[2023-04-10 11:47:54,912] {processor.py:632} INFO - DAG(s) dict_keys(['example_task_group_decorator']) retrieved from /home/airflow/.local/lib/python3.7/site-packages/airflow/example_dags/example_task_group_decorator.py
[2023-04-10 11:47:55,115] {logging_mixin.py:109} INFO - [2023-04-10 11:47:55,115] {dag.py:2389} INFO - Sync 1 DAGs
[2023-04-10 11:47:55,125] {logging_mixin.py:109} INFO - [2023-04-10 11:47:55,125] {dag.py:2921} INFO - Setting next_dagrun for example_task_group_decorator to 2023-04-09T11:47:55.125125+00:00
[2023-04-10 11:47:55,134] {processor.py:171} INFO - Processing /home/airflow/.local/lib/python3.7/site-packages/airflow/example_dags/example_task_group_decorator.py took 0.259 seconds
[2023-04-10 11:48:04,251] {processor.py:163} INFO - Started process (PID=3135) to work on /home/airflow/.local/lib/python3.7/site-packages/airflow/example_dags/example_task_group_decorator.py
[2023-04-10 11:48:04,252] {processor.py:620} INFO - Processing file /home/airflow/.local/lib/python3.7/site-packages/airflow/example_dags/example_task_group_decorator.py for tasks to queue
[2023-04-10 11:48:04,252] {logging_mixin.py:109} INFO - [2023-04-10 11:48:04,252] {dagbag.py:500} INFO - Filling up the DagBag from /home/airflow/.local/lib/python3.7/site-packages/airflow/example_dags/example_task_group_decorator.py
[2023-04-10 11:48:04,290] {processor.py:632} INFO - DAG(s) dict_keys(['example_task_group_decorator']) retrieved from /home/airflow/.local/lib/python3.7/site-packages/airflow/example_dags/example_task_group_decorator.py
[2023-04-10 11:48:04,294] {logging_mixin.py:109} INFO - [2023-04-10 11:48:04,294] {dag.py:2389} INFO - Sync 1 DAGs
[2023-04-10 11:48:04,310] {logging_mixin.py:109} INFO - [2023-04-10 11:48:04,310] {dag.py:2921} INFO - Setting next_dagrun for example_task_group_decorator to 2023-04-09T11:48:04.310089+00:00
[2023-04-10 11:48:04,319] {processor.py:171} INFO - Processing /home/airflow/.local/lib/python3.7/site-packages/airflow/example_dags/example_task_group_decorator.py took 0.071 seconds
[2023-04-10 11:48:25,203] {processor.py:163} INFO - Started process (PID=2664) to work on /home/airflow/.local/lib/python3.7/site-packages/airflow/example_dags/example_task_group_decorator.py
[2023-04-10 11:48:25,204] {processor.py:620} INFO - Processing file /home/airflow/.local/lib/python3.7/site-packages/airflow/example_dags/example_task_group_decorator.py for tasks to queue
[2023-04-10 11:48:25,205] {logging_mixin.py:109} INFO - [2023-04-10 11:48:25,205] {dagbag.py:500} INFO - Filling up the DagBag from /home/airflow/.local/lib/python3.7/site-packages/airflow/example_dags/example_task_group_decorator.py
[2023-04-10 11:48:25,236] {processor.py:632} INFO - DAG(s) dict_keys(['example_task_group_decorator']) retrieved from /home/airflow/.local/lib/python3.7/site-packages/airflow/example_dags/example_task_group_decorator.py
[2023-04-10 11:48:25,434] {logging_mixin.py:109} INFO - [2023-04-10 11:48:25,434] {dag.py:2389} INFO - Sync 1 DAGs
[2023-04-10 11:48:25,443] {logging_mixin.py:109} INFO - [2023-04-10 11:48:25,443] {dag.py:2921} INFO - Setting next_dagrun for example_task_group_decorator to 2023-04-09T11:48:25.443666+00:00
[2023-04-10 11:48:25,453] {processor.py:171} INFO - Processing /home/airflow/.local/lib/python3.7/site-packages/airflow/example_dags/example_task_group_decorator.py took 0.253 seconds
[2023-04-10 11:48:56,112] {processor.py:163} INFO - Started process (PID=2724) to work on /home/airflow/.local/lib/python3.7/site-packages/airflow/example_dags/example_task_group_decorator.py
[2023-04-10 11:48:56,116] {processor.py:620} INFO - Processing file /home/airflow/.local/lib/python3.7/site-packages/airflow/example_dags/example_task_group_decorator.py for tasks to queue
[2023-04-10 11:48:56,117] {logging_mixin.py:109} INFO - [2023-04-10 11:48:56,117] {dagbag.py:500} INFO - Filling up the DagBag from /home/airflow/.local/lib/python3.7/site-packages/airflow/example_dags/example_task_group_decorator.py
[2023-04-10 11:48:56,279] {processor.py:632} INFO - DAG(s) dict_keys(['example_task_group_decorator']) retrieved from /home/airflow/.local/lib/python3.7/site-packages/airflow/example_dags/example_task_group_decorator.py
[2023-04-10 11:48:56,468] {logging_mixin.py:109} INFO - [2023-04-10 11:48:56,468] {dag.py:2389} INFO - Sync 1 DAGs
[2023-04-10 11:48:56,485] {logging_mixin.py:109} INFO - [2023-04-10 11:48:56,484] {dag.py:2921} INFO - Setting next_dagrun for example_task_group_decorator to 2023-04-09T11:48:56.484645+00:00
[2023-04-10 11:48:56,498] {processor.py:171} INFO - Processing /home/airflow/.local/lib/python3.7/site-packages/airflow/example_dags/example_task_group_decorator.py took 0.390 seconds
