[2023-04-10 11:26:54,233] {processor.py:163} INFO - Started process (PID=219) to work on /home/airflow/.local/lib/python3.7/site-packages/airflow/example_dags/example_branch_operator.py
[2023-04-10 11:26:54,234] {processor.py:620} INFO - Processing file /home/airflow/.local/lib/python3.7/site-packages/airflow/example_dags/example_branch_operator.py for tasks to queue
[2023-04-10 11:26:54,234] {logging_mixin.py:109} INFO - [2023-04-10 11:26:54,234] {dagbag.py:500} INFO - Filling up the DagBag from /home/airflow/.local/lib/python3.7/site-packages/airflow/example_dags/example_branch_operator.py
[2023-04-10 11:26:54,265] {processor.py:632} INFO - DAG(s) dict_keys(['example_branch_operator']) retrieved from /home/airflow/.local/lib/python3.7/site-packages/airflow/example_dags/example_branch_operator.py
[2023-04-10 11:26:55,961] {logging_mixin.py:109} INFO - [2023-04-10 11:26:55,961] {providers_manager.py:156} WARNING - Exception when importing 'airflow.providers.google.leveldb.hooks.leveldb.LevelDBHook' from 'apache-airflow-providers-google' package: No module named 'plyvel'
[2023-04-10 11:26:56,367] {logging_mixin.py:109} INFO - [2023-04-10 11:26:56,367] {providers_manager.py:156} WARNING - Exception when importing 'airflow.providers.google.leveldb.hooks.leveldb.LevelDBHook' from 'apache-airflow-providers-google' package: No module named 'plyvel'
[2023-04-10 11:26:56,394] {logging_mixin.py:109} INFO - [2023-04-10 11:26:56,394] {manager.py:496} INFO - Created Permission View: can read on DAG:example_branch_operator
[2023-04-10 11:26:56,404] {logging_mixin.py:109} INFO - [2023-04-10 11:26:56,404] {manager.py:496} INFO - Created Permission View: can edit on DAG:example_branch_operator
[2023-04-10 11:26:56,405] {logging_mixin.py:109} INFO - [2023-04-10 11:26:56,404] {dag.py:2389} INFO - Sync 1 DAGs
[2023-04-10 11:26:56,414] {logging_mixin.py:109} INFO - [2023-04-10 11:26:56,413] {dag.py:2408} INFO - Creating ORM DAG for example_branch_operator
[2023-04-10 11:26:56,423] {logging_mixin.py:109} INFO - [2023-04-10 11:26:56,423] {dag.py:2921} INFO - Setting next_dagrun for example_branch_operator to 2023-04-09 00:00:00+00:00
[2023-04-10 11:26:56,441] {processor.py:171} INFO - Processing /home/airflow/.local/lib/python3.7/site-packages/airflow/example_dags/example_branch_operator.py took 2.211 seconds
[2023-04-10 11:27:26,712] {processor.py:163} INFO - Started process (PID=374) to work on /home/airflow/.local/lib/python3.7/site-packages/airflow/example_dags/example_branch_operator.py
[2023-04-10 11:27:26,713] {processor.py:620} INFO - Processing file /home/airflow/.local/lib/python3.7/site-packages/airflow/example_dags/example_branch_operator.py for tasks to queue
[2023-04-10 11:27:26,714] {logging_mixin.py:109} INFO - [2023-04-10 11:27:26,714] {dagbag.py:500} INFO - Filling up the DagBag from /home/airflow/.local/lib/python3.7/site-packages/airflow/example_dags/example_branch_operator.py
[2023-04-10 11:27:26,736] {processor.py:632} INFO - DAG(s) dict_keys(['example_branch_operator']) retrieved from /home/airflow/.local/lib/python3.7/site-packages/airflow/example_dags/example_branch_operator.py
[2023-04-10 11:27:26,745] {logging_mixin.py:109} INFO - [2023-04-10 11:27:26,745] {dag.py:2389} INFO - Sync 1 DAGs
[2023-04-10 11:27:26,756] {logging_mixin.py:109} INFO - [2023-04-10 11:27:26,756] {dag.py:2921} INFO - Setting next_dagrun for example_branch_operator to 2023-04-09 00:00:00+00:00
[2023-04-10 11:27:26,762] {processor.py:171} INFO - Processing /home/airflow/.local/lib/python3.7/site-packages/airflow/example_dags/example_branch_operator.py took 0.052 seconds
[2023-04-10 11:27:56,956] {processor.py:163} INFO - Started process (PID=434) to work on /home/airflow/.local/lib/python3.7/site-packages/airflow/example_dags/example_branch_operator.py
[2023-04-10 11:27:56,957] {processor.py:620} INFO - Processing file /home/airflow/.local/lib/python3.7/site-packages/airflow/example_dags/example_branch_operator.py for tasks to queue
[2023-04-10 11:27:56,958] {logging_mixin.py:109} INFO - [2023-04-10 11:27:56,958] {dagbag.py:500} INFO - Filling up the DagBag from /home/airflow/.local/lib/python3.7/site-packages/airflow/example_dags/example_branch_operator.py
[2023-04-10 11:27:56,987] {processor.py:632} INFO - DAG(s) dict_keys(['example_branch_operator']) retrieved from /home/airflow/.local/lib/python3.7/site-packages/airflow/example_dags/example_branch_operator.py
[2023-04-10 11:27:56,998] {logging_mixin.py:109} INFO - [2023-04-10 11:27:56,997] {dag.py:2389} INFO - Sync 1 DAGs
[2023-04-10 11:27:57,011] {logging_mixin.py:109} INFO - [2023-04-10 11:27:57,011] {dag.py:2921} INFO - Setting next_dagrun for example_branch_operator to 2023-04-09 00:00:00+00:00
[2023-04-10 11:27:57,023] {processor.py:171} INFO - Processing /home/airflow/.local/lib/python3.7/site-packages/airflow/example_dags/example_branch_operator.py took 0.070 seconds
[2023-04-10 11:28:27,077] {processor.py:163} INFO - Started process (PID=485) to work on /home/airflow/.local/lib/python3.7/site-packages/airflow/example_dags/example_branch_operator.py
[2023-04-10 11:28:27,078] {processor.py:620} INFO - Processing file /home/airflow/.local/lib/python3.7/site-packages/airflow/example_dags/example_branch_operator.py for tasks to queue
[2023-04-10 11:28:27,078] {logging_mixin.py:109} INFO - [2023-04-10 11:28:27,078] {dagbag.py:500} INFO - Filling up the DagBag from /home/airflow/.local/lib/python3.7/site-packages/airflow/example_dags/example_branch_operator.py
[2023-04-10 11:28:27,104] {processor.py:632} INFO - DAG(s) dict_keys(['example_branch_operator']) retrieved from /home/airflow/.local/lib/python3.7/site-packages/airflow/example_dags/example_branch_operator.py
[2023-04-10 11:28:27,113] {logging_mixin.py:109} INFO - [2023-04-10 11:28:27,113] {dag.py:2389} INFO - Sync 1 DAGs
[2023-04-10 11:28:27,127] {logging_mixin.py:109} INFO - [2023-04-10 11:28:27,127] {dag.py:2921} INFO - Setting next_dagrun for example_branch_operator to 2023-04-09 00:00:00+00:00
[2023-04-10 11:28:27,136] {processor.py:171} INFO - Processing /home/airflow/.local/lib/python3.7/site-packages/airflow/example_dags/example_branch_operator.py took 0.061 seconds
[2023-04-10 11:28:57,371] {processor.py:163} INFO - Started process (PID=545) to work on /home/airflow/.local/lib/python3.7/site-packages/airflow/example_dags/example_branch_operator.py
[2023-04-10 11:28:57,372] {processor.py:620} INFO - Processing file /home/airflow/.local/lib/python3.7/site-packages/airflow/example_dags/example_branch_operator.py for tasks to queue
[2023-04-10 11:28:57,372] {logging_mixin.py:109} INFO - [2023-04-10 11:28:57,372] {dagbag.py:500} INFO - Filling up the DagBag from /home/airflow/.local/lib/python3.7/site-packages/airflow/example_dags/example_branch_operator.py
[2023-04-10 11:28:57,393] {processor.py:632} INFO - DAG(s) dict_keys(['example_branch_operator']) retrieved from /home/airflow/.local/lib/python3.7/site-packages/airflow/example_dags/example_branch_operator.py
[2023-04-10 11:28:57,401] {logging_mixin.py:109} INFO - [2023-04-10 11:28:57,401] {dag.py:2389} INFO - Sync 1 DAGs
[2023-04-10 11:28:57,412] {logging_mixin.py:109} INFO - [2023-04-10 11:28:57,412] {dag.py:2921} INFO - Setting next_dagrun for example_branch_operator to 2023-04-09 00:00:00+00:00
[2023-04-10 11:28:57,421] {processor.py:171} INFO - Processing /home/airflow/.local/lib/python3.7/site-packages/airflow/example_dags/example_branch_operator.py took 0.051 seconds
[2023-04-10 11:29:27,539] {processor.py:163} INFO - Started process (PID=597) to work on /home/airflow/.local/lib/python3.7/site-packages/airflow/example_dags/example_branch_operator.py
[2023-04-10 11:29:27,547] {processor.py:620} INFO - Processing file /home/airflow/.local/lib/python3.7/site-packages/airflow/example_dags/example_branch_operator.py for tasks to queue
[2023-04-10 11:29:27,547] {logging_mixin.py:109} INFO - [2023-04-10 11:29:27,547] {dagbag.py:500} INFO - Filling up the DagBag from /home/airflow/.local/lib/python3.7/site-packages/airflow/example_dags/example_branch_operator.py
[2023-04-10 11:29:27,568] {processor.py:632} INFO - DAG(s) dict_keys(['example_branch_operator']) retrieved from /home/airflow/.local/lib/python3.7/site-packages/airflow/example_dags/example_branch_operator.py
[2023-04-10 11:29:27,576] {logging_mixin.py:109} INFO - [2023-04-10 11:29:27,575] {dag.py:2389} INFO - Sync 1 DAGs
[2023-04-10 11:29:27,586] {logging_mixin.py:109} INFO - [2023-04-10 11:29:27,586] {dag.py:2921} INFO - Setting next_dagrun for example_branch_operator to 2023-04-09 00:00:00+00:00
[2023-04-10 11:29:27,594] {processor.py:171} INFO - Processing /home/airflow/.local/lib/python3.7/site-packages/airflow/example_dags/example_branch_operator.py took 0.058 seconds
[2023-04-10 11:29:57,849] {processor.py:163} INFO - Started process (PID=657) to work on /home/airflow/.local/lib/python3.7/site-packages/airflow/example_dags/example_branch_operator.py
[2023-04-10 11:29:57,850] {processor.py:620} INFO - Processing file /home/airflow/.local/lib/python3.7/site-packages/airflow/example_dags/example_branch_operator.py for tasks to queue
[2023-04-10 11:29:57,850] {logging_mixin.py:109} INFO - [2023-04-10 11:29:57,850] {dagbag.py:500} INFO - Filling up the DagBag from /home/airflow/.local/lib/python3.7/site-packages/airflow/example_dags/example_branch_operator.py
[2023-04-10 11:29:57,875] {processor.py:632} INFO - DAG(s) dict_keys(['example_branch_operator']) retrieved from /home/airflow/.local/lib/python3.7/site-packages/airflow/example_dags/example_branch_operator.py
[2023-04-10 11:29:57,883] {logging_mixin.py:109} INFO - [2023-04-10 11:29:57,883] {dag.py:2389} INFO - Sync 1 DAGs
[2023-04-10 11:29:57,897] {logging_mixin.py:109} INFO - [2023-04-10 11:29:57,897] {dag.py:2921} INFO - Setting next_dagrun for example_branch_operator to 2023-04-09 00:00:00+00:00
[2023-04-10 11:29:57,905] {processor.py:171} INFO - Processing /home/airflow/.local/lib/python3.7/site-packages/airflow/example_dags/example_branch_operator.py took 0.059 seconds
[2023-04-10 11:30:28,262] {processor.py:163} INFO - Started process (PID=708) to work on /home/airflow/.local/lib/python3.7/site-packages/airflow/example_dags/example_branch_operator.py
[2023-04-10 11:30:28,263] {processor.py:620} INFO - Processing file /home/airflow/.local/lib/python3.7/site-packages/airflow/example_dags/example_branch_operator.py for tasks to queue
[2023-04-10 11:30:28,263] {logging_mixin.py:109} INFO - [2023-04-10 11:30:28,263] {dagbag.py:500} INFO - Filling up the DagBag from /home/airflow/.local/lib/python3.7/site-packages/airflow/example_dags/example_branch_operator.py
[2023-04-10 11:30:28,285] {processor.py:632} INFO - DAG(s) dict_keys(['example_branch_operator']) retrieved from /home/airflow/.local/lib/python3.7/site-packages/airflow/example_dags/example_branch_operator.py
[2023-04-10 11:30:28,294] {logging_mixin.py:109} INFO - [2023-04-10 11:30:28,294] {dag.py:2389} INFO - Sync 1 DAGs
[2023-04-10 11:30:28,304] {logging_mixin.py:109} INFO - [2023-04-10 11:30:28,304] {dag.py:2921} INFO - Setting next_dagrun for example_branch_operator to 2023-04-09 00:00:00+00:00
[2023-04-10 11:30:28,313] {processor.py:171} INFO - Processing /home/airflow/.local/lib/python3.7/site-packages/airflow/example_dags/example_branch_operator.py took 0.053 seconds
[2023-04-10 11:30:58,730] {processor.py:163} INFO - Started process (PID=759) to work on /home/airflow/.local/lib/python3.7/site-packages/airflow/example_dags/example_branch_operator.py
[2023-04-10 11:30:58,731] {processor.py:620} INFO - Processing file /home/airflow/.local/lib/python3.7/site-packages/airflow/example_dags/example_branch_operator.py for tasks to queue
[2023-04-10 11:30:58,731] {logging_mixin.py:109} INFO - [2023-04-10 11:30:58,731] {dagbag.py:500} INFO - Filling up the DagBag from /home/airflow/.local/lib/python3.7/site-packages/airflow/example_dags/example_branch_operator.py
[2023-04-10 11:30:58,753] {processor.py:632} INFO - DAG(s) dict_keys(['example_branch_operator']) retrieved from /home/airflow/.local/lib/python3.7/site-packages/airflow/example_dags/example_branch_operator.py
[2023-04-10 11:30:58,760] {logging_mixin.py:109} INFO - [2023-04-10 11:30:58,760] {dag.py:2389} INFO - Sync 1 DAGs
[2023-04-10 11:30:58,772] {logging_mixin.py:109} INFO - [2023-04-10 11:30:58,771] {dag.py:2921} INFO - Setting next_dagrun for example_branch_operator to 2023-04-09 00:00:00+00:00
[2023-04-10 11:30:58,779] {processor.py:171} INFO - Processing /home/airflow/.local/lib/python3.7/site-packages/airflow/example_dags/example_branch_operator.py took 0.051 seconds
[2023-04-10 11:31:29,077] {processor.py:163} INFO - Started process (PID=819) to work on /home/airflow/.local/lib/python3.7/site-packages/airflow/example_dags/example_branch_operator.py
[2023-04-10 11:31:29,079] {processor.py:620} INFO - Processing file /home/airflow/.local/lib/python3.7/site-packages/airflow/example_dags/example_branch_operator.py for tasks to queue
[2023-04-10 11:31:29,079] {logging_mixin.py:109} INFO - [2023-04-10 11:31:29,079] {dagbag.py:500} INFO - Filling up the DagBag from /home/airflow/.local/lib/python3.7/site-packages/airflow/example_dags/example_branch_operator.py
[2023-04-10 11:31:29,103] {processor.py:632} INFO - DAG(s) dict_keys(['example_branch_operator']) retrieved from /home/airflow/.local/lib/python3.7/site-packages/airflow/example_dags/example_branch_operator.py
[2023-04-10 11:31:29,111] {logging_mixin.py:109} INFO - [2023-04-10 11:31:29,111] {dag.py:2389} INFO - Sync 1 DAGs
[2023-04-10 11:31:29,125] {logging_mixin.py:109} INFO - [2023-04-10 11:31:29,124] {dag.py:2921} INFO - Setting next_dagrun for example_branch_operator to 2023-04-09 00:00:00+00:00
[2023-04-10 11:31:29,133] {processor.py:171} INFO - Processing /home/airflow/.local/lib/python3.7/site-packages/airflow/example_dags/example_branch_operator.py took 0.058 seconds
[2023-04-10 11:31:59,346] {processor.py:163} INFO - Started process (PID=871) to work on /home/airflow/.local/lib/python3.7/site-packages/airflow/example_dags/example_branch_operator.py
[2023-04-10 11:31:59,354] {processor.py:620} INFO - Processing file /home/airflow/.local/lib/python3.7/site-packages/airflow/example_dags/example_branch_operator.py for tasks to queue
[2023-04-10 11:31:59,354] {logging_mixin.py:109} INFO - [2023-04-10 11:31:59,354] {dagbag.py:500} INFO - Filling up the DagBag from /home/airflow/.local/lib/python3.7/site-packages/airflow/example_dags/example_branch_operator.py
[2023-04-10 11:31:59,375] {processor.py:632} INFO - DAG(s) dict_keys(['example_branch_operator']) retrieved from /home/airflow/.local/lib/python3.7/site-packages/airflow/example_dags/example_branch_operator.py
[2023-04-10 11:31:59,383] {logging_mixin.py:109} INFO - [2023-04-10 11:31:59,383] {dag.py:2389} INFO - Sync 1 DAGs
[2023-04-10 11:31:59,396] {logging_mixin.py:109} INFO - [2023-04-10 11:31:59,395] {dag.py:2921} INFO - Setting next_dagrun for example_branch_operator to 2023-04-09 00:00:00+00:00
[2023-04-10 11:31:59,402] {processor.py:171} INFO - Processing /home/airflow/.local/lib/python3.7/site-packages/airflow/example_dags/example_branch_operator.py took 0.058 seconds
[2023-04-10 11:32:29,546] {processor.py:163} INFO - Started process (PID=932) to work on /home/airflow/.local/lib/python3.7/site-packages/airflow/example_dags/example_branch_operator.py
[2023-04-10 11:32:29,548] {processor.py:620} INFO - Processing file /home/airflow/.local/lib/python3.7/site-packages/airflow/example_dags/example_branch_operator.py for tasks to queue
[2023-04-10 11:32:29,549] {logging_mixin.py:109} INFO - [2023-04-10 11:32:29,548] {dagbag.py:500} INFO - Filling up the DagBag from /home/airflow/.local/lib/python3.7/site-packages/airflow/example_dags/example_branch_operator.py
[2023-04-10 11:32:29,569] {processor.py:632} INFO - DAG(s) dict_keys(['example_branch_operator']) retrieved from /home/airflow/.local/lib/python3.7/site-packages/airflow/example_dags/example_branch_operator.py
[2023-04-10 11:32:29,577] {logging_mixin.py:109} INFO - [2023-04-10 11:32:29,577] {dag.py:2389} INFO - Sync 1 DAGs
[2023-04-10 11:32:29,590] {logging_mixin.py:109} INFO - [2023-04-10 11:32:29,590] {dag.py:2921} INFO - Setting next_dagrun for example_branch_operator to 2023-04-09 00:00:00+00:00
[2023-04-10 11:32:29,599] {processor.py:171} INFO - Processing /home/airflow/.local/lib/python3.7/site-packages/airflow/example_dags/example_branch_operator.py took 0.055 seconds
[2023-04-10 11:32:59,994] {processor.py:163} INFO - Started process (PID=983) to work on /home/airflow/.local/lib/python3.7/site-packages/airflow/example_dags/example_branch_operator.py
[2023-04-10 11:32:59,995] {processor.py:620} INFO - Processing file /home/airflow/.local/lib/python3.7/site-packages/airflow/example_dags/example_branch_operator.py for tasks to queue
[2023-04-10 11:32:59,996] {logging_mixin.py:109} INFO - [2023-04-10 11:32:59,996] {dagbag.py:500} INFO - Filling up the DagBag from /home/airflow/.local/lib/python3.7/site-packages/airflow/example_dags/example_branch_operator.py
[2023-04-10 11:33:00,023] {processor.py:632} INFO - DAG(s) dict_keys(['example_branch_operator']) retrieved from /home/airflow/.local/lib/python3.7/site-packages/airflow/example_dags/example_branch_operator.py
[2023-04-10 11:33:00,033] {logging_mixin.py:109} INFO - [2023-04-10 11:33:00,033] {dag.py:2389} INFO - Sync 1 DAGs
[2023-04-10 11:33:00,047] {logging_mixin.py:109} INFO - [2023-04-10 11:33:00,047] {dag.py:2921} INFO - Setting next_dagrun for example_branch_operator to 2023-04-09 00:00:00+00:00
[2023-04-10 11:33:00,056] {processor.py:171} INFO - Processing /home/airflow/.local/lib/python3.7/site-packages/airflow/example_dags/example_branch_operator.py took 0.064 seconds
[2023-04-10 11:33:30,289] {processor.py:163} INFO - Started process (PID=1044) to work on /home/airflow/.local/lib/python3.7/site-packages/airflow/example_dags/example_branch_operator.py
[2023-04-10 11:33:30,290] {processor.py:620} INFO - Processing file /home/airflow/.local/lib/python3.7/site-packages/airflow/example_dags/example_branch_operator.py for tasks to queue
[2023-04-10 11:33:30,290] {logging_mixin.py:109} INFO - [2023-04-10 11:33:30,290] {dagbag.py:500} INFO - Filling up the DagBag from /home/airflow/.local/lib/python3.7/site-packages/airflow/example_dags/example_branch_operator.py
[2023-04-10 11:33:30,314] {processor.py:632} INFO - DAG(s) dict_keys(['example_branch_operator']) retrieved from /home/airflow/.local/lib/python3.7/site-packages/airflow/example_dags/example_branch_operator.py
[2023-04-10 11:33:30,322] {logging_mixin.py:109} INFO - [2023-04-10 11:33:30,322] {dag.py:2389} INFO - Sync 1 DAGs
[2023-04-10 11:33:30,338] {logging_mixin.py:109} INFO - [2023-04-10 11:33:30,338] {dag.py:2921} INFO - Setting next_dagrun for example_branch_operator to 2023-04-09 00:00:00+00:00
[2023-04-10 11:33:30,348] {processor.py:171} INFO - Processing /home/airflow/.local/lib/python3.7/site-packages/airflow/example_dags/example_branch_operator.py took 0.061 seconds
[2023-04-10 11:34:00,898] {processor.py:163} INFO - Started process (PID=1095) to work on /home/airflow/.local/lib/python3.7/site-packages/airflow/example_dags/example_branch_operator.py
[2023-04-10 11:34:00,899] {processor.py:620} INFO - Processing file /home/airflow/.local/lib/python3.7/site-packages/airflow/example_dags/example_branch_operator.py for tasks to queue
[2023-04-10 11:34:00,900] {logging_mixin.py:109} INFO - [2023-04-10 11:34:00,900] {dagbag.py:500} INFO - Filling up the DagBag from /home/airflow/.local/lib/python3.7/site-packages/airflow/example_dags/example_branch_operator.py
[2023-04-10 11:34:00,931] {processor.py:632} INFO - DAG(s) dict_keys(['example_branch_operator']) retrieved from /home/airflow/.local/lib/python3.7/site-packages/airflow/example_dags/example_branch_operator.py
[2023-04-10 11:34:00,946] {logging_mixin.py:109} INFO - [2023-04-10 11:34:00,945] {dag.py:2389} INFO - Sync 1 DAGs
[2023-04-10 11:34:00,963] {logging_mixin.py:109} INFO - [2023-04-10 11:34:00,963] {dag.py:2921} INFO - Setting next_dagrun for example_branch_operator to 2023-04-09 00:00:00+00:00
[2023-04-10 11:34:00,972] {processor.py:171} INFO - Processing /home/airflow/.local/lib/python3.7/site-packages/airflow/example_dags/example_branch_operator.py took 0.078 seconds
[2023-04-10 11:34:31,306] {processor.py:163} INFO - Started process (PID=1155) to work on /home/airflow/.local/lib/python3.7/site-packages/airflow/example_dags/example_branch_operator.py
[2023-04-10 11:34:31,306] {processor.py:620} INFO - Processing file /home/airflow/.local/lib/python3.7/site-packages/airflow/example_dags/example_branch_operator.py for tasks to queue
[2023-04-10 11:34:31,307] {logging_mixin.py:109} INFO - [2023-04-10 11:34:31,307] {dagbag.py:500} INFO - Filling up the DagBag from /home/airflow/.local/lib/python3.7/site-packages/airflow/example_dags/example_branch_operator.py
[2023-04-10 11:34:31,331] {processor.py:632} INFO - DAG(s) dict_keys(['example_branch_operator']) retrieved from /home/airflow/.local/lib/python3.7/site-packages/airflow/example_dags/example_branch_operator.py
[2023-04-10 11:34:31,341] {logging_mixin.py:109} INFO - [2023-04-10 11:34:31,340] {dag.py:2389} INFO - Sync 1 DAGs
[2023-04-10 11:34:31,356] {logging_mixin.py:109} INFO - [2023-04-10 11:34:31,356] {dag.py:2921} INFO - Setting next_dagrun for example_branch_operator to 2023-04-09 00:00:00+00:00
[2023-04-10 11:34:31,364] {processor.py:171} INFO - Processing /home/airflow/.local/lib/python3.7/site-packages/airflow/example_dags/example_branch_operator.py took 0.061 seconds
[2023-04-10 11:35:01,618] {processor.py:163} INFO - Started process (PID=1206) to work on /home/airflow/.local/lib/python3.7/site-packages/airflow/example_dags/example_branch_operator.py
[2023-04-10 11:35:01,620] {processor.py:620} INFO - Processing file /home/airflow/.local/lib/python3.7/site-packages/airflow/example_dags/example_branch_operator.py for tasks to queue
[2023-04-10 11:35:01,620] {logging_mixin.py:109} INFO - [2023-04-10 11:35:01,620] {dagbag.py:500} INFO - Filling up the DagBag from /home/airflow/.local/lib/python3.7/site-packages/airflow/example_dags/example_branch_operator.py
[2023-04-10 11:35:01,642] {processor.py:632} INFO - DAG(s) dict_keys(['example_branch_operator']) retrieved from /home/airflow/.local/lib/python3.7/site-packages/airflow/example_dags/example_branch_operator.py
[2023-04-10 11:35:01,649] {logging_mixin.py:109} INFO - [2023-04-10 11:35:01,649] {dag.py:2389} INFO - Sync 1 DAGs
[2023-04-10 11:35:01,659] {logging_mixin.py:109} INFO - [2023-04-10 11:35:01,659] {dag.py:2921} INFO - Setting next_dagrun for example_branch_operator to 2023-04-09 00:00:00+00:00
[2023-04-10 11:35:01,667] {processor.py:171} INFO - Processing /home/airflow/.local/lib/python3.7/site-packages/airflow/example_dags/example_branch_operator.py took 0.051 seconds
[2023-04-10 11:35:31,929] {processor.py:163} INFO - Started process (PID=1257) to work on /home/airflow/.local/lib/python3.7/site-packages/airflow/example_dags/example_branch_operator.py
[2023-04-10 11:35:31,930] {processor.py:620} INFO - Processing file /home/airflow/.local/lib/python3.7/site-packages/airflow/example_dags/example_branch_operator.py for tasks to queue
[2023-04-10 11:35:31,930] {logging_mixin.py:109} INFO - [2023-04-10 11:35:31,930] {dagbag.py:500} INFO - Filling up the DagBag from /home/airflow/.local/lib/python3.7/site-packages/airflow/example_dags/example_branch_operator.py
[2023-04-10 11:35:31,959] {processor.py:632} INFO - DAG(s) dict_keys(['example_branch_operator']) retrieved from /home/airflow/.local/lib/python3.7/site-packages/airflow/example_dags/example_branch_operator.py
[2023-04-10 11:35:31,968] {logging_mixin.py:109} INFO - [2023-04-10 11:35:31,968] {dag.py:2389} INFO - Sync 1 DAGs
[2023-04-10 11:35:31,986] {logging_mixin.py:109} INFO - [2023-04-10 11:35:31,986] {dag.py:2921} INFO - Setting next_dagrun for example_branch_operator to 2023-04-09 00:00:00+00:00
[2023-04-10 11:35:31,996] {processor.py:171} INFO - Processing /home/airflow/.local/lib/python3.7/site-packages/airflow/example_dags/example_branch_operator.py took 0.070 seconds
[2023-04-10 11:36:02,247] {processor.py:163} INFO - Started process (PID=1317) to work on /home/airflow/.local/lib/python3.7/site-packages/airflow/example_dags/example_branch_operator.py
[2023-04-10 11:36:02,249] {processor.py:620} INFO - Processing file /home/airflow/.local/lib/python3.7/site-packages/airflow/example_dags/example_branch_operator.py for tasks to queue
[2023-04-10 11:36:02,249] {logging_mixin.py:109} INFO - [2023-04-10 11:36:02,249] {dagbag.py:500} INFO - Filling up the DagBag from /home/airflow/.local/lib/python3.7/site-packages/airflow/example_dags/example_branch_operator.py
[2023-04-10 11:36:02,271] {processor.py:632} INFO - DAG(s) dict_keys(['example_branch_operator']) retrieved from /home/airflow/.local/lib/python3.7/site-packages/airflow/example_dags/example_branch_operator.py
[2023-04-10 11:36:02,279] {logging_mixin.py:109} INFO - [2023-04-10 11:36:02,278] {dag.py:2389} INFO - Sync 1 DAGs
[2023-04-10 11:36:02,289] {logging_mixin.py:109} INFO - [2023-04-10 11:36:02,289] {dag.py:2921} INFO - Setting next_dagrun for example_branch_operator to 2023-04-09 00:00:00+00:00
[2023-04-10 11:36:02,296] {processor.py:171} INFO - Processing /home/airflow/.local/lib/python3.7/site-packages/airflow/example_dags/example_branch_operator.py took 0.052 seconds
[2023-04-10 11:36:32,722] {processor.py:163} INFO - Started process (PID=1369) to work on /home/airflow/.local/lib/python3.7/site-packages/airflow/example_dags/example_branch_operator.py
[2023-04-10 11:36:32,723] {processor.py:620} INFO - Processing file /home/airflow/.local/lib/python3.7/site-packages/airflow/example_dags/example_branch_operator.py for tasks to queue
[2023-04-10 11:36:32,723] {logging_mixin.py:109} INFO - [2023-04-10 11:36:32,723] {dagbag.py:500} INFO - Filling up the DagBag from /home/airflow/.local/lib/python3.7/site-packages/airflow/example_dags/example_branch_operator.py
[2023-04-10 11:36:32,746] {processor.py:632} INFO - DAG(s) dict_keys(['example_branch_operator']) retrieved from /home/airflow/.local/lib/python3.7/site-packages/airflow/example_dags/example_branch_operator.py
[2023-04-10 11:36:32,754] {logging_mixin.py:109} INFO - [2023-04-10 11:36:32,754] {dag.py:2389} INFO - Sync 1 DAGs
[2023-04-10 11:36:32,767] {logging_mixin.py:109} INFO - [2023-04-10 11:36:32,767] {dag.py:2921} INFO - Setting next_dagrun for example_branch_operator to 2023-04-09 00:00:00+00:00
[2023-04-10 11:36:32,774] {processor.py:171} INFO - Processing /home/airflow/.local/lib/python3.7/site-packages/airflow/example_dags/example_branch_operator.py took 0.055 seconds
[2023-04-10 11:37:03,086] {processor.py:163} INFO - Started process (PID=1430) to work on /home/airflow/.local/lib/python3.7/site-packages/airflow/example_dags/example_branch_operator.py
[2023-04-10 11:37:03,087] {processor.py:620} INFO - Processing file /home/airflow/.local/lib/python3.7/site-packages/airflow/example_dags/example_branch_operator.py for tasks to queue
[2023-04-10 11:37:03,088] {logging_mixin.py:109} INFO - [2023-04-10 11:37:03,088] {dagbag.py:500} INFO - Filling up the DagBag from /home/airflow/.local/lib/python3.7/site-packages/airflow/example_dags/example_branch_operator.py
[2023-04-10 11:37:03,112] {processor.py:632} INFO - DAG(s) dict_keys(['example_branch_operator']) retrieved from /home/airflow/.local/lib/python3.7/site-packages/airflow/example_dags/example_branch_operator.py
[2023-04-10 11:37:03,121] {logging_mixin.py:109} INFO - [2023-04-10 11:37:03,120] {dag.py:2389} INFO - Sync 1 DAGs
[2023-04-10 11:37:03,136] {logging_mixin.py:109} INFO - [2023-04-10 11:37:03,136] {dag.py:2921} INFO - Setting next_dagrun for example_branch_operator to 2023-04-09 00:00:00+00:00
[2023-04-10 11:37:03,144] {processor.py:171} INFO - Processing /home/airflow/.local/lib/python3.7/site-packages/airflow/example_dags/example_branch_operator.py took 0.061 seconds
[2023-04-10 11:37:33,343] {processor.py:163} INFO - Started process (PID=1481) to work on /home/airflow/.local/lib/python3.7/site-packages/airflow/example_dags/example_branch_operator.py
[2023-04-10 11:37:33,350] {processor.py:620} INFO - Processing file /home/airflow/.local/lib/python3.7/site-packages/airflow/example_dags/example_branch_operator.py for tasks to queue
[2023-04-10 11:37:33,351] {logging_mixin.py:109} INFO - [2023-04-10 11:37:33,351] {dagbag.py:500} INFO - Filling up the DagBag from /home/airflow/.local/lib/python3.7/site-packages/airflow/example_dags/example_branch_operator.py
[2023-04-10 11:37:33,372] {processor.py:632} INFO - DAG(s) dict_keys(['example_branch_operator']) retrieved from /home/airflow/.local/lib/python3.7/site-packages/airflow/example_dags/example_branch_operator.py
[2023-04-10 11:37:33,380] {logging_mixin.py:109} INFO - [2023-04-10 11:37:33,380] {dag.py:2389} INFO - Sync 1 DAGs
[2023-04-10 11:37:33,391] {logging_mixin.py:109} INFO - [2023-04-10 11:37:33,391] {dag.py:2921} INFO - Setting next_dagrun for example_branch_operator to 2023-04-09 00:00:00+00:00
[2023-04-10 11:37:33,400] {processor.py:171} INFO - Processing /home/airflow/.local/lib/python3.7/site-packages/airflow/example_dags/example_branch_operator.py took 0.060 seconds
[2023-04-10 11:38:03,654] {processor.py:163} INFO - Started process (PID=1533) to work on /home/airflow/.local/lib/python3.7/site-packages/airflow/example_dags/example_branch_operator.py
[2023-04-10 11:38:03,655] {processor.py:620} INFO - Processing file /home/airflow/.local/lib/python3.7/site-packages/airflow/example_dags/example_branch_operator.py for tasks to queue
[2023-04-10 11:38:03,656] {logging_mixin.py:109} INFO - [2023-04-10 11:38:03,656] {dagbag.py:500} INFO - Filling up the DagBag from /home/airflow/.local/lib/python3.7/site-packages/airflow/example_dags/example_branch_operator.py
[2023-04-10 11:38:03,679] {processor.py:632} INFO - DAG(s) dict_keys(['example_branch_operator']) retrieved from /home/airflow/.local/lib/python3.7/site-packages/airflow/example_dags/example_branch_operator.py
[2023-04-10 11:38:03,687] {logging_mixin.py:109} INFO - [2023-04-10 11:38:03,687] {dag.py:2389} INFO - Sync 1 DAGs
[2023-04-10 11:38:03,701] {logging_mixin.py:109} INFO - [2023-04-10 11:38:03,701] {dag.py:2921} INFO - Setting next_dagrun for example_branch_operator to 2023-04-09 00:00:00+00:00
[2023-04-10 11:38:03,708] {processor.py:171} INFO - Processing /home/airflow/.local/lib/python3.7/site-packages/airflow/example_dags/example_branch_operator.py took 0.056 seconds
[2023-04-10 11:38:33,869] {processor.py:163} INFO - Started process (PID=1593) to work on /home/airflow/.local/lib/python3.7/site-packages/airflow/example_dags/example_branch_operator.py
[2023-04-10 11:38:33,877] {processor.py:620} INFO - Processing file /home/airflow/.local/lib/python3.7/site-packages/airflow/example_dags/example_branch_operator.py for tasks to queue
[2023-04-10 11:38:33,877] {logging_mixin.py:109} INFO - [2023-04-10 11:38:33,877] {dagbag.py:500} INFO - Filling up the DagBag from /home/airflow/.local/lib/python3.7/site-packages/airflow/example_dags/example_branch_operator.py
[2023-04-10 11:38:33,898] {processor.py:632} INFO - DAG(s) dict_keys(['example_branch_operator']) retrieved from /home/airflow/.local/lib/python3.7/site-packages/airflow/example_dags/example_branch_operator.py
[2023-04-10 11:38:33,907] {logging_mixin.py:109} INFO - [2023-04-10 11:38:33,907] {dag.py:2389} INFO - Sync 1 DAGs
[2023-04-10 11:38:33,917] {logging_mixin.py:109} INFO - [2023-04-10 11:38:33,917] {dag.py:2921} INFO - Setting next_dagrun for example_branch_operator to 2023-04-09 00:00:00+00:00
[2023-04-10 11:38:33,926] {processor.py:171} INFO - Processing /home/airflow/.local/lib/python3.7/site-packages/airflow/example_dags/example_branch_operator.py took 0.059 seconds
[2023-04-10 11:39:04,236] {processor.py:163} INFO - Started process (PID=1644) to work on /home/airflow/.local/lib/python3.7/site-packages/airflow/example_dags/example_branch_operator.py
[2023-04-10 11:39:04,237] {processor.py:620} INFO - Processing file /home/airflow/.local/lib/python3.7/site-packages/airflow/example_dags/example_branch_operator.py for tasks to queue
[2023-04-10 11:39:04,237] {logging_mixin.py:109} INFO - [2023-04-10 11:39:04,237] {dagbag.py:500} INFO - Filling up the DagBag from /home/airflow/.local/lib/python3.7/site-packages/airflow/example_dags/example_branch_operator.py
[2023-04-10 11:39:04,257] {processor.py:632} INFO - DAG(s) dict_keys(['example_branch_operator']) retrieved from /home/airflow/.local/lib/python3.7/site-packages/airflow/example_dags/example_branch_operator.py
[2023-04-10 11:39:04,264] {logging_mixin.py:109} INFO - [2023-04-10 11:39:04,264] {dag.py:2389} INFO - Sync 1 DAGs
[2023-04-10 11:39:04,275] {logging_mixin.py:109} INFO - [2023-04-10 11:39:04,275] {dag.py:2921} INFO - Setting next_dagrun for example_branch_operator to 2023-04-09 00:00:00+00:00
[2023-04-10 11:39:04,283] {processor.py:171} INFO - Processing /home/airflow/.local/lib/python3.7/site-packages/airflow/example_dags/example_branch_operator.py took 0.048 seconds
[2023-04-10 11:39:34,416] {processor.py:163} INFO - Started process (PID=1704) to work on /home/airflow/.local/lib/python3.7/site-packages/airflow/example_dags/example_branch_operator.py
[2023-04-10 11:39:34,424] {processor.py:620} INFO - Processing file /home/airflow/.local/lib/python3.7/site-packages/airflow/example_dags/example_branch_operator.py for tasks to queue
[2023-04-10 11:39:34,424] {logging_mixin.py:109} INFO - [2023-04-10 11:39:34,424] {dagbag.py:500} INFO - Filling up the DagBag from /home/airflow/.local/lib/python3.7/site-packages/airflow/example_dags/example_branch_operator.py
[2023-04-10 11:39:34,445] {processor.py:632} INFO - DAG(s) dict_keys(['example_branch_operator']) retrieved from /home/airflow/.local/lib/python3.7/site-packages/airflow/example_dags/example_branch_operator.py
[2023-04-10 11:39:34,453] {logging_mixin.py:109} INFO - [2023-04-10 11:39:34,453] {dag.py:2389} INFO - Sync 1 DAGs
[2023-04-10 11:39:34,465] {logging_mixin.py:109} INFO - [2023-04-10 11:39:34,465] {dag.py:2921} INFO - Setting next_dagrun for example_branch_operator to 2023-04-09 00:00:00+00:00
[2023-04-10 11:39:34,473] {processor.py:171} INFO - Processing /home/airflow/.local/lib/python3.7/site-packages/airflow/example_dags/example_branch_operator.py took 0.059 seconds
[2023-04-10 11:40:04,670] {processor.py:163} INFO - Started process (PID=1755) to work on /home/airflow/.local/lib/python3.7/site-packages/airflow/example_dags/example_branch_operator.py
[2023-04-10 11:40:04,670] {processor.py:620} INFO - Processing file /home/airflow/.local/lib/python3.7/site-packages/airflow/example_dags/example_branch_operator.py for tasks to queue
[2023-04-10 11:40:04,671] {logging_mixin.py:109} INFO - [2023-04-10 11:40:04,671] {dagbag.py:500} INFO - Filling up the DagBag from /home/airflow/.local/lib/python3.7/site-packages/airflow/example_dags/example_branch_operator.py
[2023-04-10 11:40:04,692] {processor.py:632} INFO - DAG(s) dict_keys(['example_branch_operator']) retrieved from /home/airflow/.local/lib/python3.7/site-packages/airflow/example_dags/example_branch_operator.py
[2023-04-10 11:40:04,701] {logging_mixin.py:109} INFO - [2023-04-10 11:40:04,701] {dag.py:2389} INFO - Sync 1 DAGs
[2023-04-10 11:40:04,712] {logging_mixin.py:109} INFO - [2023-04-10 11:40:04,712] {dag.py:2921} INFO - Setting next_dagrun for example_branch_operator to 2023-04-09 00:00:00+00:00
[2023-04-10 11:40:04,720] {processor.py:171} INFO - Processing /home/airflow/.local/lib/python3.7/site-packages/airflow/example_dags/example_branch_operator.py took 0.052 seconds
[2023-04-10 11:40:34,899] {processor.py:163} INFO - Started process (PID=1815) to work on /home/airflow/.local/lib/python3.7/site-packages/airflow/example_dags/example_branch_operator.py
[2023-04-10 11:40:34,900] {processor.py:620} INFO - Processing file /home/airflow/.local/lib/python3.7/site-packages/airflow/example_dags/example_branch_operator.py for tasks to queue
[2023-04-10 11:40:34,900] {logging_mixin.py:109} INFO - [2023-04-10 11:40:34,900] {dagbag.py:500} INFO - Filling up the DagBag from /home/airflow/.local/lib/python3.7/site-packages/airflow/example_dags/example_branch_operator.py
[2023-04-10 11:40:34,922] {processor.py:632} INFO - DAG(s) dict_keys(['example_branch_operator']) retrieved from /home/airflow/.local/lib/python3.7/site-packages/airflow/example_dags/example_branch_operator.py
[2023-04-10 11:40:34,930] {logging_mixin.py:109} INFO - [2023-04-10 11:40:34,930] {dag.py:2389} INFO - Sync 1 DAGs
[2023-04-10 11:40:34,942] {logging_mixin.py:109} INFO - [2023-04-10 11:40:34,942] {dag.py:2921} INFO - Setting next_dagrun for example_branch_operator to 2023-04-09 00:00:00+00:00
[2023-04-10 11:40:34,950] {processor.py:171} INFO - Processing /home/airflow/.local/lib/python3.7/site-packages/airflow/example_dags/example_branch_operator.py took 0.054 seconds
[2023-04-10 11:41:05,224] {processor.py:163} INFO - Started process (PID=1866) to work on /home/airflow/.local/lib/python3.7/site-packages/airflow/example_dags/example_branch_operator.py
[2023-04-10 11:41:05,225] {processor.py:620} INFO - Processing file /home/airflow/.local/lib/python3.7/site-packages/airflow/example_dags/example_branch_operator.py for tasks to queue
[2023-04-10 11:41:05,225] {logging_mixin.py:109} INFO - [2023-04-10 11:41:05,225] {dagbag.py:500} INFO - Filling up the DagBag from /home/airflow/.local/lib/python3.7/site-packages/airflow/example_dags/example_branch_operator.py
[2023-04-10 11:41:05,248] {processor.py:632} INFO - DAG(s) dict_keys(['example_branch_operator']) retrieved from /home/airflow/.local/lib/python3.7/site-packages/airflow/example_dags/example_branch_operator.py
[2023-04-10 11:41:05,256] {logging_mixin.py:109} INFO - [2023-04-10 11:41:05,256] {dag.py:2389} INFO - Sync 1 DAGs
[2023-04-10 11:41:05,269] {logging_mixin.py:109} INFO - [2023-04-10 11:41:05,269] {dag.py:2921} INFO - Setting next_dagrun for example_branch_operator to 2023-04-09 00:00:00+00:00
[2023-04-10 11:41:05,277] {processor.py:171} INFO - Processing /home/airflow/.local/lib/python3.7/site-packages/airflow/example_dags/example_branch_operator.py took 0.055 seconds
[2023-04-10 11:41:35,501] {processor.py:163} INFO - Started process (PID=1926) to work on /home/airflow/.local/lib/python3.7/site-packages/airflow/example_dags/example_branch_operator.py
[2023-04-10 11:41:35,502] {processor.py:620} INFO - Processing file /home/airflow/.local/lib/python3.7/site-packages/airflow/example_dags/example_branch_operator.py for tasks to queue
[2023-04-10 11:41:35,503] {logging_mixin.py:109} INFO - [2023-04-10 11:41:35,502] {dagbag.py:500} INFO - Filling up the DagBag from /home/airflow/.local/lib/python3.7/site-packages/airflow/example_dags/example_branch_operator.py
[2023-04-10 11:41:35,531] {processor.py:632} INFO - DAG(s) dict_keys(['example_branch_operator']) retrieved from /home/airflow/.local/lib/python3.7/site-packages/airflow/example_dags/example_branch_operator.py
[2023-04-10 11:41:35,542] {logging_mixin.py:109} INFO - [2023-04-10 11:41:35,542] {dag.py:2389} INFO - Sync 1 DAGs
[2023-04-10 11:41:35,561] {logging_mixin.py:109} INFO - [2023-04-10 11:41:35,560] {dag.py:2921} INFO - Setting next_dagrun for example_branch_operator to 2023-04-09 00:00:00+00:00
[2023-04-10 11:41:35,571] {processor.py:171} INFO - Processing /home/airflow/.local/lib/python3.7/site-packages/airflow/example_dags/example_branch_operator.py took 0.074 seconds
[2023-04-10 11:42:05,752] {processor.py:163} INFO - Started process (PID=1977) to work on /home/airflow/.local/lib/python3.7/site-packages/airflow/example_dags/example_branch_operator.py
[2023-04-10 11:42:05,753] {processor.py:620} INFO - Processing file /home/airflow/.local/lib/python3.7/site-packages/airflow/example_dags/example_branch_operator.py for tasks to queue
[2023-04-10 11:42:05,753] {logging_mixin.py:109} INFO - [2023-04-10 11:42:05,753] {dagbag.py:500} INFO - Filling up the DagBag from /home/airflow/.local/lib/python3.7/site-packages/airflow/example_dags/example_branch_operator.py
[2023-04-10 11:42:05,775] {processor.py:632} INFO - DAG(s) dict_keys(['example_branch_operator']) retrieved from /home/airflow/.local/lib/python3.7/site-packages/airflow/example_dags/example_branch_operator.py
[2023-04-10 11:42:05,782] {logging_mixin.py:109} INFO - [2023-04-10 11:42:05,782] {dag.py:2389} INFO - Sync 1 DAGs
[2023-04-10 11:42:05,792] {logging_mixin.py:109} INFO - [2023-04-10 11:42:05,792] {dag.py:2921} INFO - Setting next_dagrun for example_branch_operator to 2023-04-09 00:00:00+00:00
[2023-04-10 11:42:05,799] {processor.py:171} INFO - Processing /home/airflow/.local/lib/python3.7/site-packages/airflow/example_dags/example_branch_operator.py took 0.050 seconds
[2023-04-10 11:42:36,158] {processor.py:163} INFO - Started process (PID=2038) to work on /home/airflow/.local/lib/python3.7/site-packages/airflow/example_dags/example_branch_operator.py
[2023-04-10 11:42:36,163] {processor.py:620} INFO - Processing file /home/airflow/.local/lib/python3.7/site-packages/airflow/example_dags/example_branch_operator.py for tasks to queue
[2023-04-10 11:42:36,163] {logging_mixin.py:109} INFO - [2023-04-10 11:42:36,163] {dagbag.py:500} INFO - Filling up the DagBag from /home/airflow/.local/lib/python3.7/site-packages/airflow/example_dags/example_branch_operator.py
[2023-04-10 11:42:36,192] {processor.py:632} INFO - DAG(s) dict_keys(['example_branch_operator']) retrieved from /home/airflow/.local/lib/python3.7/site-packages/airflow/example_dags/example_branch_operator.py
[2023-04-10 11:42:36,202] {logging_mixin.py:109} INFO - [2023-04-10 11:42:36,202] {dag.py:2389} INFO - Sync 1 DAGs
[2023-04-10 11:42:36,219] {logging_mixin.py:109} INFO - [2023-04-10 11:42:36,218] {dag.py:2921} INFO - Setting next_dagrun for example_branch_operator to 2023-04-09 00:00:00+00:00
[2023-04-10 11:42:36,229] {processor.py:171} INFO - Processing /home/airflow/.local/lib/python3.7/site-packages/airflow/example_dags/example_branch_operator.py took 0.073 seconds
[2023-04-10 11:43:06,561] {processor.py:163} INFO - Started process (PID=2089) to work on /home/airflow/.local/lib/python3.7/site-packages/airflow/example_dags/example_branch_operator.py
[2023-04-10 11:43:06,562] {processor.py:620} INFO - Processing file /home/airflow/.local/lib/python3.7/site-packages/airflow/example_dags/example_branch_operator.py for tasks to queue
[2023-04-10 11:43:06,563] {logging_mixin.py:109} INFO - [2023-04-10 11:43:06,563] {dagbag.py:500} INFO - Filling up the DagBag from /home/airflow/.local/lib/python3.7/site-packages/airflow/example_dags/example_branch_operator.py
[2023-04-10 11:43:06,584] {processor.py:632} INFO - DAG(s) dict_keys(['example_branch_operator']) retrieved from /home/airflow/.local/lib/python3.7/site-packages/airflow/example_dags/example_branch_operator.py
[2023-04-10 11:43:06,594] {logging_mixin.py:109} INFO - [2023-04-10 11:43:06,593] {dag.py:2389} INFO - Sync 1 DAGs
[2023-04-10 11:43:06,607] {logging_mixin.py:109} INFO - [2023-04-10 11:43:06,607] {dag.py:2921} INFO - Setting next_dagrun for example_branch_operator to 2023-04-09 00:00:00+00:00
[2023-04-10 11:43:06,615] {processor.py:171} INFO - Processing /home/airflow/.local/lib/python3.7/site-packages/airflow/example_dags/example_branch_operator.py took 0.057 seconds
[2023-04-10 11:43:36,738] {processor.py:163} INFO - Started process (PID=2141) to work on /home/airflow/.local/lib/python3.7/site-packages/airflow/example_dags/example_branch_operator.py
[2023-04-10 11:43:36,739] {processor.py:620} INFO - Processing file /home/airflow/.local/lib/python3.7/site-packages/airflow/example_dags/example_branch_operator.py for tasks to queue
[2023-04-10 11:43:36,740] {logging_mixin.py:109} INFO - [2023-04-10 11:43:36,740] {dagbag.py:500} INFO - Filling up the DagBag from /home/airflow/.local/lib/python3.7/site-packages/airflow/example_dags/example_branch_operator.py
[2023-04-10 11:43:36,759] {processor.py:632} INFO - DAG(s) dict_keys(['example_branch_operator']) retrieved from /home/airflow/.local/lib/python3.7/site-packages/airflow/example_dags/example_branch_operator.py
[2023-04-10 11:43:36,766] {logging_mixin.py:109} INFO - [2023-04-10 11:43:36,766] {dag.py:2389} INFO - Sync 1 DAGs
[2023-04-10 11:43:36,777] {logging_mixin.py:109} INFO - [2023-04-10 11:43:36,777] {dag.py:2921} INFO - Setting next_dagrun for example_branch_operator to 2023-04-09 00:00:00+00:00
[2023-04-10 11:43:36,783] {processor.py:171} INFO - Processing /home/airflow/.local/lib/python3.7/site-packages/airflow/example_dags/example_branch_operator.py took 0.047 seconds
[2023-04-10 11:44:07,118] {processor.py:163} INFO - Started process (PID=2201) to work on /home/airflow/.local/lib/python3.7/site-packages/airflow/example_dags/example_branch_operator.py
[2023-04-10 11:44:07,118] {processor.py:620} INFO - Processing file /home/airflow/.local/lib/python3.7/site-packages/airflow/example_dags/example_branch_operator.py for tasks to queue
[2023-04-10 11:44:07,119] {logging_mixin.py:109} INFO - [2023-04-10 11:44:07,119] {dagbag.py:500} INFO - Filling up the DagBag from /home/airflow/.local/lib/python3.7/site-packages/airflow/example_dags/example_branch_operator.py
[2023-04-10 11:44:07,210] {processor.py:632} INFO - DAG(s) dict_keys(['example_branch_operator']) retrieved from /home/airflow/.local/lib/python3.7/site-packages/airflow/example_dags/example_branch_operator.py
[2023-04-10 11:44:07,222] {logging_mixin.py:109} INFO - [2023-04-10 11:44:07,222] {dag.py:2389} INFO - Sync 1 DAGs
[2023-04-10 11:44:07,240] {logging_mixin.py:109} INFO - [2023-04-10 11:44:07,240] {dag.py:2921} INFO - Setting next_dagrun for example_branch_operator to 2023-04-09 00:00:00+00:00
[2023-04-10 11:44:07,249] {processor.py:171} INFO - Processing /home/airflow/.local/lib/python3.7/site-packages/airflow/example_dags/example_branch_operator.py took 0.134 seconds
[2023-04-10 11:44:37,437] {processor.py:163} INFO - Started process (PID=2252) to work on /home/airflow/.local/lib/python3.7/site-packages/airflow/example_dags/example_branch_operator.py
[2023-04-10 11:44:37,442] {processor.py:620} INFO - Processing file /home/airflow/.local/lib/python3.7/site-packages/airflow/example_dags/example_branch_operator.py for tasks to queue
[2023-04-10 11:44:37,442] {logging_mixin.py:109} INFO - [2023-04-10 11:44:37,442] {dagbag.py:500} INFO - Filling up the DagBag from /home/airflow/.local/lib/python3.7/site-packages/airflow/example_dags/example_branch_operator.py
[2023-04-10 11:44:37,462] {processor.py:632} INFO - DAG(s) dict_keys(['example_branch_operator']) retrieved from /home/airflow/.local/lib/python3.7/site-packages/airflow/example_dags/example_branch_operator.py
[2023-04-10 11:44:37,469] {logging_mixin.py:109} INFO - [2023-04-10 11:44:37,469] {dag.py:2389} INFO - Sync 1 DAGs
[2023-04-10 11:44:37,481] {logging_mixin.py:109} INFO - [2023-04-10 11:44:37,480] {dag.py:2921} INFO - Setting next_dagrun for example_branch_operator to 2023-04-09 00:00:00+00:00
[2023-04-10 11:44:37,487] {processor.py:171} INFO - Processing /home/airflow/.local/lib/python3.7/site-packages/airflow/example_dags/example_branch_operator.py took 0.053 seconds
[2023-04-10 11:45:07,869] {processor.py:163} INFO - Started process (PID=2313) to work on /home/airflow/.local/lib/python3.7/site-packages/airflow/example_dags/example_branch_operator.py
[2023-04-10 11:45:07,870] {processor.py:620} INFO - Processing file /home/airflow/.local/lib/python3.7/site-packages/airflow/example_dags/example_branch_operator.py for tasks to queue
[2023-04-10 11:45:07,870] {logging_mixin.py:109} INFO - [2023-04-10 11:45:07,870] {dagbag.py:500} INFO - Filling up the DagBag from /home/airflow/.local/lib/python3.7/site-packages/airflow/example_dags/example_branch_operator.py
[2023-04-10 11:45:07,892] {processor.py:632} INFO - DAG(s) dict_keys(['example_branch_operator']) retrieved from /home/airflow/.local/lib/python3.7/site-packages/airflow/example_dags/example_branch_operator.py
[2023-04-10 11:45:07,901] {logging_mixin.py:109} INFO - [2023-04-10 11:45:07,901] {dag.py:2389} INFO - Sync 1 DAGs
[2023-04-10 11:45:07,916] {logging_mixin.py:109} INFO - [2023-04-10 11:45:07,916] {dag.py:2921} INFO - Setting next_dagrun for example_branch_operator to 2023-04-09 00:00:00+00:00
[2023-04-10 11:45:07,924] {processor.py:171} INFO - Processing /home/airflow/.local/lib/python3.7/site-packages/airflow/example_dags/example_branch_operator.py took 0.057 seconds
[2023-04-10 11:45:38,175] {processor.py:163} INFO - Started process (PID=2364) to work on /home/airflow/.local/lib/python3.7/site-packages/airflow/example_dags/example_branch_operator.py
[2023-04-10 11:45:38,176] {processor.py:620} INFO - Processing file /home/airflow/.local/lib/python3.7/site-packages/airflow/example_dags/example_branch_operator.py for tasks to queue
[2023-04-10 11:45:38,177] {logging_mixin.py:109} INFO - [2023-04-10 11:45:38,177] {dagbag.py:500} INFO - Filling up the DagBag from /home/airflow/.local/lib/python3.7/site-packages/airflow/example_dags/example_branch_operator.py
[2023-04-10 11:45:38,199] {processor.py:632} INFO - DAG(s) dict_keys(['example_branch_operator']) retrieved from /home/airflow/.local/lib/python3.7/site-packages/airflow/example_dags/example_branch_operator.py
[2023-04-10 11:45:38,209] {logging_mixin.py:109} INFO - [2023-04-10 11:45:38,209] {dag.py:2389} INFO - Sync 1 DAGs
[2023-04-10 11:45:38,222] {logging_mixin.py:109} INFO - [2023-04-10 11:45:38,222] {dag.py:2921} INFO - Setting next_dagrun for example_branch_operator to 2023-04-09 00:00:00+00:00
[2023-04-10 11:45:38,231] {processor.py:171} INFO - Processing /home/airflow/.local/lib/python3.7/site-packages/airflow/example_dags/example_branch_operator.py took 0.058 seconds
[2023-04-10 11:46:08,471] {processor.py:163} INFO - Started process (PID=2424) to work on /home/airflow/.local/lib/python3.7/site-packages/airflow/example_dags/example_branch_operator.py
[2023-04-10 11:46:08,473] {processor.py:620} INFO - Processing file /home/airflow/.local/lib/python3.7/site-packages/airflow/example_dags/example_branch_operator.py for tasks to queue
[2023-04-10 11:46:08,473] {logging_mixin.py:109} INFO - [2023-04-10 11:46:08,473] {dagbag.py:500} INFO - Filling up the DagBag from /home/airflow/.local/lib/python3.7/site-packages/airflow/example_dags/example_branch_operator.py
[2023-04-10 11:46:08,505] {processor.py:632} INFO - DAG(s) dict_keys(['example_branch_operator']) retrieved from /home/airflow/.local/lib/python3.7/site-packages/airflow/example_dags/example_branch_operator.py
[2023-04-10 11:46:08,517] {logging_mixin.py:109} INFO - [2023-04-10 11:46:08,517] {dag.py:2389} INFO - Sync 1 DAGs
[2023-04-10 11:46:08,533] {logging_mixin.py:109} INFO - [2023-04-10 11:46:08,533] {dag.py:2921} INFO - Setting next_dagrun for example_branch_operator to 2023-04-09 00:00:00+00:00
[2023-04-10 11:46:08,545] {processor.py:171} INFO - Processing /home/airflow/.local/lib/python3.7/site-packages/airflow/example_dags/example_branch_operator.py took 0.077 seconds
[2023-04-10 11:46:38,699] {processor.py:163} INFO - Started process (PID=2474) to work on /home/airflow/.local/lib/python3.7/site-packages/airflow/example_dags/example_branch_operator.py
[2023-04-10 11:46:38,701] {processor.py:620} INFO - Processing file /home/airflow/.local/lib/python3.7/site-packages/airflow/example_dags/example_branch_operator.py for tasks to queue
[2023-04-10 11:46:38,701] {logging_mixin.py:109} INFO - [2023-04-10 11:46:38,701] {dagbag.py:500} INFO - Filling up the DagBag from /home/airflow/.local/lib/python3.7/site-packages/airflow/example_dags/example_branch_operator.py
[2023-04-10 11:46:38,721] {processor.py:632} INFO - DAG(s) dict_keys(['example_branch_operator']) retrieved from /home/airflow/.local/lib/python3.7/site-packages/airflow/example_dags/example_branch_operator.py
[2023-04-10 11:46:38,728] {logging_mixin.py:109} INFO - [2023-04-10 11:46:38,728] {dag.py:2389} INFO - Sync 1 DAGs
[2023-04-10 11:46:38,740] {logging_mixin.py:109} INFO - [2023-04-10 11:46:38,740] {dag.py:2921} INFO - Setting next_dagrun for example_branch_operator to 2023-04-09 00:00:00+00:00
[2023-04-10 11:46:38,748] {processor.py:171} INFO - Processing /home/airflow/.local/lib/python3.7/site-packages/airflow/example_dags/example_branch_operator.py took 0.051 seconds
[2023-04-10 11:47:09,077] {processor.py:163} INFO - Started process (PID=2532) to work on /home/airflow/.local/lib/python3.7/site-packages/airflow/example_dags/example_branch_operator.py
[2023-04-10 11:47:09,078] {processor.py:620} INFO - Processing file /home/airflow/.local/lib/python3.7/site-packages/airflow/example_dags/example_branch_operator.py for tasks to queue
[2023-04-10 11:47:09,078] {logging_mixin.py:109} INFO - [2023-04-10 11:47:09,078] {dagbag.py:500} INFO - Filling up the DagBag from /home/airflow/.local/lib/python3.7/site-packages/airflow/example_dags/example_branch_operator.py
[2023-04-10 11:47:09,103] {processor.py:632} INFO - DAG(s) dict_keys(['example_branch_operator']) retrieved from /home/airflow/.local/lib/python3.7/site-packages/airflow/example_dags/example_branch_operator.py
[2023-04-10 11:47:09,112] {logging_mixin.py:109} INFO - [2023-04-10 11:47:09,111] {dag.py:2389} INFO - Sync 1 DAGs
[2023-04-10 11:47:09,124] {logging_mixin.py:109} INFO - [2023-04-10 11:47:09,124] {dag.py:2921} INFO - Setting next_dagrun for example_branch_operator to 2023-04-09 00:00:00+00:00
[2023-04-10 11:47:09,133] {processor.py:171} INFO - Processing /home/airflow/.local/lib/python3.7/site-packages/airflow/example_dags/example_branch_operator.py took 0.058 seconds
[2023-04-10 11:47:39,751] {processor.py:163} INFO - Started process (PID=2585) to work on /home/airflow/.local/lib/python3.7/site-packages/airflow/example_dags/example_branch_operator.py
[2023-04-10 11:47:39,759] {processor.py:620} INFO - Processing file /home/airflow/.local/lib/python3.7/site-packages/airflow/example_dags/example_branch_operator.py for tasks to queue
[2023-04-10 11:47:39,759] {logging_mixin.py:109} INFO - [2023-04-10 11:47:39,759] {dagbag.py:500} INFO - Filling up the DagBag from /home/airflow/.local/lib/python3.7/site-packages/airflow/example_dags/example_branch_operator.py
[2023-04-10 11:47:39,779] {processor.py:632} INFO - DAG(s) dict_keys(['example_branch_operator']) retrieved from /home/airflow/.local/lib/python3.7/site-packages/airflow/example_dags/example_branch_operator.py
[2023-04-10 11:47:39,788] {logging_mixin.py:109} INFO - [2023-04-10 11:47:39,788] {dag.py:2389} INFO - Sync 1 DAGs
[2023-04-10 11:47:39,860] {logging_mixin.py:109} INFO - [2023-04-10 11:47:39,860] {dag.py:2921} INFO - Setting next_dagrun for example_branch_operator to 2023-04-09 00:00:00+00:00
[2023-04-10 11:47:39,868] {processor.py:171} INFO - Processing /home/airflow/.local/lib/python3.7/site-packages/airflow/example_dags/example_branch_operator.py took 0.120 seconds
[2023-04-10 11:48:04,085] {processor.py:163} INFO - Started process (PID=3130) to work on /home/airflow/.local/lib/python3.7/site-packages/airflow/example_dags/example_branch_operator.py
[2023-04-10 11:48:04,086] {processor.py:620} INFO - Processing file /home/airflow/.local/lib/python3.7/site-packages/airflow/example_dags/example_branch_operator.py for tasks to queue
[2023-04-10 11:48:04,086] {logging_mixin.py:109} INFO - [2023-04-10 11:48:04,086] {dagbag.py:500} INFO - Filling up the DagBag from /home/airflow/.local/lib/python3.7/site-packages/airflow/example_dags/example_branch_operator.py
[2023-04-10 11:48:04,118] {processor.py:632} INFO - DAG(s) dict_keys(['example_branch_operator']) retrieved from /home/airflow/.local/lib/python3.7/site-packages/airflow/example_dags/example_branch_operator.py
[2023-04-10 11:48:04,129] {logging_mixin.py:109} INFO - [2023-04-10 11:48:04,129] {dag.py:2389} INFO - Sync 1 DAGs
[2023-04-10 11:48:04,145] {logging_mixin.py:109} INFO - [2023-04-10 11:48:04,144] {dag.py:2921} INFO - Setting next_dagrun for example_branch_operator to 2023-04-09 00:00:00+00:00
[2023-04-10 11:48:04,154] {processor.py:171} INFO - Processing /home/airflow/.local/lib/python3.7/site-packages/airflow/example_dags/example_branch_operator.py took 0.072 seconds
[2023-04-10 11:48:10,295] {processor.py:163} INFO - Started process (PID=2636) to work on /home/airflow/.local/lib/python3.7/site-packages/airflow/example_dags/example_branch_operator.py
[2023-04-10 11:48:10,296] {processor.py:620} INFO - Processing file /home/airflow/.local/lib/python3.7/site-packages/airflow/example_dags/example_branch_operator.py for tasks to queue
[2023-04-10 11:48:10,296] {logging_mixin.py:109} INFO - [2023-04-10 11:48:10,296] {dagbag.py:500} INFO - Filling up the DagBag from /home/airflow/.local/lib/python3.7/site-packages/airflow/example_dags/example_branch_operator.py
[2023-04-10 11:48:10,326] {processor.py:632} INFO - DAG(s) dict_keys(['example_branch_operator']) retrieved from /home/airflow/.local/lib/python3.7/site-packages/airflow/example_dags/example_branch_operator.py
[2023-04-10 11:48:10,338] {logging_mixin.py:109} INFO - [2023-04-10 11:48:10,338] {dag.py:2389} INFO - Sync 1 DAGs
[2023-04-10 11:48:10,435] {logging_mixin.py:109} INFO - [2023-04-10 11:48:10,435] {dag.py:2921} INFO - Setting next_dagrun for example_branch_operator to 2023-04-09 00:00:00+00:00
[2023-04-10 11:48:10,445] {processor.py:171} INFO - Processing /home/airflow/.local/lib/python3.7/site-packages/airflow/example_dags/example_branch_operator.py took 0.153 seconds
[2023-04-10 11:48:40,610] {processor.py:163} INFO - Started process (PID=2696) to work on /home/airflow/.local/lib/python3.7/site-packages/airflow/example_dags/example_branch_operator.py
[2023-04-10 11:48:40,612] {processor.py:620} INFO - Processing file /home/airflow/.local/lib/python3.7/site-packages/airflow/example_dags/example_branch_operator.py for tasks to queue
[2023-04-10 11:48:40,613] {logging_mixin.py:109} INFO - [2023-04-10 11:48:40,612] {dagbag.py:500} INFO - Filling up the DagBag from /home/airflow/.local/lib/python3.7/site-packages/airflow/example_dags/example_branch_operator.py
[2023-04-10 11:48:40,644] {processor.py:632} INFO - DAG(s) dict_keys(['example_branch_operator']) retrieved from /home/airflow/.local/lib/python3.7/site-packages/airflow/example_dags/example_branch_operator.py
[2023-04-10 11:48:40,657] {logging_mixin.py:109} INFO - [2023-04-10 11:48:40,657] {dag.py:2389} INFO - Sync 1 DAGs
[2023-04-10 11:48:40,765] {logging_mixin.py:109} INFO - [2023-04-10 11:48:40,765] {dag.py:2921} INFO - Setting next_dagrun for example_branch_operator to 2023-04-09 00:00:00+00:00
[2023-04-10 11:48:40,777] {processor.py:171} INFO - Processing /home/airflow/.local/lib/python3.7/site-packages/airflow/example_dags/example_branch_operator.py took 0.170 seconds
