[2023-04-10 11:27:01,196] {processor.py:163} INFO - Started process (PID=283) to work on /home/airflow/.local/lib/python3.7/site-packages/airflow/example_dags/example_trigger_controller_dag.py
[2023-04-10 11:27:01,197] {processor.py:620} INFO - Processing file /home/airflow/.local/lib/python3.7/site-packages/airflow/example_dags/example_trigger_controller_dag.py for tasks to queue
[2023-04-10 11:27:01,198] {logging_mixin.py:109} INFO - [2023-04-10 11:27:01,198] {dagbag.py:500} INFO - Filling up the DagBag from /home/airflow/.local/lib/python3.7/site-packages/airflow/example_dags/example_trigger_controller_dag.py
[2023-04-10 11:27:01,231] {processor.py:632} INFO - DAG(s) dict_keys(['example_trigger_controller_dag']) retrieved from /home/airflow/.local/lib/python3.7/site-packages/airflow/example_dags/example_trigger_controller_dag.py
[2023-04-10 11:27:03,380] {logging_mixin.py:109} INFO - [2023-04-10 11:27:03,380] {providers_manager.py:156} WARNING - Exception when importing 'airflow.providers.google.leveldb.hooks.leveldb.LevelDBHook' from 'apache-airflow-providers-google' package: No module named 'plyvel'
[2023-04-10 11:27:03,840] {logging_mixin.py:109} INFO - [2023-04-10 11:27:03,839] {providers_manager.py:156} WARNING - Exception when importing 'airflow.providers.google.leveldb.hooks.leveldb.LevelDBHook' from 'apache-airflow-providers-google' package: No module named 'plyvel'
[2023-04-10 11:27:03,863] {logging_mixin.py:109} INFO - [2023-04-10 11:27:03,863] {manager.py:496} INFO - Created Permission View: can read on DAG:example_trigger_controller_dag
[2023-04-10 11:27:03,872] {logging_mixin.py:109} INFO - [2023-04-10 11:27:03,872] {manager.py:496} INFO - Created Permission View: can edit on DAG:example_trigger_controller_dag
[2023-04-10 11:27:03,872] {logging_mixin.py:109} INFO - [2023-04-10 11:27:03,872] {dag.py:2389} INFO - Sync 1 DAGs
[2023-04-10 11:27:03,879] {logging_mixin.py:109} INFO - [2023-04-10 11:27:03,879] {dag.py:2408} INFO - Creating ORM DAG for example_trigger_controller_dag
[2023-04-10 11:27:03,886] {logging_mixin.py:109} INFO - [2023-04-10 11:27:03,886] {dag.py:2921} INFO - Setting next_dagrun for example_trigger_controller_dag to 2021-01-01T00:00:00+00:00
[2023-04-10 11:27:03,898] {processor.py:171} INFO - Processing /home/airflow/.local/lib/python3.7/site-packages/airflow/example_dags/example_trigger_controller_dag.py took 2.706 seconds
[2023-04-10 11:27:33,978] {processor.py:163} INFO - Started process (PID=390) to work on /home/airflow/.local/lib/python3.7/site-packages/airflow/example_dags/example_trigger_controller_dag.py
[2023-04-10 11:27:33,979] {processor.py:620} INFO - Processing file /home/airflow/.local/lib/python3.7/site-packages/airflow/example_dags/example_trigger_controller_dag.py for tasks to queue
[2023-04-10 11:27:33,980] {logging_mixin.py:109} INFO - [2023-04-10 11:27:33,980] {dagbag.py:500} INFO - Filling up the DagBag from /home/airflow/.local/lib/python3.7/site-packages/airflow/example_dags/example_trigger_controller_dag.py
[2023-04-10 11:27:34,000] {processor.py:632} INFO - DAG(s) dict_keys(['example_trigger_controller_dag']) retrieved from /home/airflow/.local/lib/python3.7/site-packages/airflow/example_dags/example_trigger_controller_dag.py
[2023-04-10 11:27:34,007] {logging_mixin.py:109} INFO - [2023-04-10 11:27:34,007] {dag.py:2389} INFO - Sync 1 DAGs
[2023-04-10 11:27:34,020] {logging_mixin.py:109} INFO - [2023-04-10 11:27:34,020] {dag.py:2921} INFO - Setting next_dagrun for example_trigger_controller_dag to 2021-01-01T00:00:00+00:00
[2023-04-10 11:27:34,029] {processor.py:171} INFO - Processing /home/airflow/.local/lib/python3.7/site-packages/airflow/example_dags/example_trigger_controller_dag.py took 0.053 seconds
[2023-04-10 11:28:04,140] {processor.py:163} INFO - Started process (PID=441) to work on /home/airflow/.local/lib/python3.7/site-packages/airflow/example_dags/example_trigger_controller_dag.py
[2023-04-10 11:28:04,141] {processor.py:620} INFO - Processing file /home/airflow/.local/lib/python3.7/site-packages/airflow/example_dags/example_trigger_controller_dag.py for tasks to queue
[2023-04-10 11:28:04,141] {logging_mixin.py:109} INFO - [2023-04-10 11:28:04,141] {dagbag.py:500} INFO - Filling up the DagBag from /home/airflow/.local/lib/python3.7/site-packages/airflow/example_dags/example_trigger_controller_dag.py
[2023-04-10 11:28:04,161] {processor.py:632} INFO - DAG(s) dict_keys(['example_trigger_controller_dag']) retrieved from /home/airflow/.local/lib/python3.7/site-packages/airflow/example_dags/example_trigger_controller_dag.py
[2023-04-10 11:28:04,168] {logging_mixin.py:109} INFO - [2023-04-10 11:28:04,168] {dag.py:2389} INFO - Sync 1 DAGs
[2023-04-10 11:28:04,182] {logging_mixin.py:109} INFO - [2023-04-10 11:28:04,182] {dag.py:2921} INFO - Setting next_dagrun for example_trigger_controller_dag to 2021-01-01T00:00:00+00:00
[2023-04-10 11:28:04,191] {processor.py:171} INFO - Processing /home/airflow/.local/lib/python3.7/site-packages/airflow/example_dags/example_trigger_controller_dag.py took 0.055 seconds
[2023-04-10 11:28:34,316] {processor.py:163} INFO - Started process (PID=501) to work on /home/airflow/.local/lib/python3.7/site-packages/airflow/example_dags/example_trigger_controller_dag.py
[2023-04-10 11:28:34,317] {processor.py:620} INFO - Processing file /home/airflow/.local/lib/python3.7/site-packages/airflow/example_dags/example_trigger_controller_dag.py for tasks to queue
[2023-04-10 11:28:34,317] {logging_mixin.py:109} INFO - [2023-04-10 11:28:34,317] {dagbag.py:500} INFO - Filling up the DagBag from /home/airflow/.local/lib/python3.7/site-packages/airflow/example_dags/example_trigger_controller_dag.py
[2023-04-10 11:28:34,335] {processor.py:632} INFO - DAG(s) dict_keys(['example_trigger_controller_dag']) retrieved from /home/airflow/.local/lib/python3.7/site-packages/airflow/example_dags/example_trigger_controller_dag.py
[2023-04-10 11:28:34,342] {logging_mixin.py:109} INFO - [2023-04-10 11:28:34,342] {dag.py:2389} INFO - Sync 1 DAGs
[2023-04-10 11:28:34,353] {logging_mixin.py:109} INFO - [2023-04-10 11:28:34,353] {dag.py:2921} INFO - Setting next_dagrun for example_trigger_controller_dag to 2021-01-01T00:00:00+00:00
[2023-04-10 11:28:34,361] {processor.py:171} INFO - Processing /home/airflow/.local/lib/python3.7/site-packages/airflow/example_dags/example_trigger_controller_dag.py took 0.048 seconds
[2023-04-10 11:29:04,586] {processor.py:163} INFO - Started process (PID=552) to work on /home/airflow/.local/lib/python3.7/site-packages/airflow/example_dags/example_trigger_controller_dag.py
[2023-04-10 11:29:04,587] {processor.py:620} INFO - Processing file /home/airflow/.local/lib/python3.7/site-packages/airflow/example_dags/example_trigger_controller_dag.py for tasks to queue
[2023-04-10 11:29:04,588] {logging_mixin.py:109} INFO - [2023-04-10 11:29:04,588] {dagbag.py:500} INFO - Filling up the DagBag from /home/airflow/.local/lib/python3.7/site-packages/airflow/example_dags/example_trigger_controller_dag.py
[2023-04-10 11:29:04,609] {processor.py:632} INFO - DAG(s) dict_keys(['example_trigger_controller_dag']) retrieved from /home/airflow/.local/lib/python3.7/site-packages/airflow/example_dags/example_trigger_controller_dag.py
[2023-04-10 11:29:04,617] {logging_mixin.py:109} INFO - [2023-04-10 11:29:04,617] {dag.py:2389} INFO - Sync 1 DAGs
[2023-04-10 11:29:04,629] {logging_mixin.py:109} INFO - [2023-04-10 11:29:04,628] {dag.py:2921} INFO - Setting next_dagrun for example_trigger_controller_dag to 2021-01-01T00:00:00+00:00
[2023-04-10 11:29:04,636] {processor.py:171} INFO - Processing /home/airflow/.local/lib/python3.7/site-packages/airflow/example_dags/example_trigger_controller_dag.py took 0.052 seconds
[2023-04-10 11:29:34,795] {processor.py:163} INFO - Started process (PID=614) to work on /home/airflow/.local/lib/python3.7/site-packages/airflow/example_dags/example_trigger_controller_dag.py
[2023-04-10 11:29:34,796] {processor.py:620} INFO - Processing file /home/airflow/.local/lib/python3.7/site-packages/airflow/example_dags/example_trigger_controller_dag.py for tasks to queue
[2023-04-10 11:29:34,797] {logging_mixin.py:109} INFO - [2023-04-10 11:29:34,797] {dagbag.py:500} INFO - Filling up the DagBag from /home/airflow/.local/lib/python3.7/site-packages/airflow/example_dags/example_trigger_controller_dag.py
[2023-04-10 11:29:34,817] {processor.py:632} INFO - DAG(s) dict_keys(['example_trigger_controller_dag']) retrieved from /home/airflow/.local/lib/python3.7/site-packages/airflow/example_dags/example_trigger_controller_dag.py
[2023-04-10 11:29:34,825] {logging_mixin.py:109} INFO - [2023-04-10 11:29:34,825] {dag.py:2389} INFO - Sync 1 DAGs
[2023-04-10 11:29:34,837] {logging_mixin.py:109} INFO - [2023-04-10 11:29:34,837] {dag.py:2921} INFO - Setting next_dagrun for example_trigger_controller_dag to 2021-01-01T00:00:00+00:00
[2023-04-10 11:29:34,846] {processor.py:171} INFO - Processing /home/airflow/.local/lib/python3.7/site-packages/airflow/example_dags/example_trigger_controller_dag.py took 0.054 seconds
[2023-04-10 11:30:05,237] {processor.py:163} INFO - Started process (PID=665) to work on /home/airflow/.local/lib/python3.7/site-packages/airflow/example_dags/example_trigger_controller_dag.py
[2023-04-10 11:30:05,238] {processor.py:620} INFO - Processing file /home/airflow/.local/lib/python3.7/site-packages/airflow/example_dags/example_trigger_controller_dag.py for tasks to queue
[2023-04-10 11:30:05,238] {logging_mixin.py:109} INFO - [2023-04-10 11:30:05,238] {dagbag.py:500} INFO - Filling up the DagBag from /home/airflow/.local/lib/python3.7/site-packages/airflow/example_dags/example_trigger_controller_dag.py
[2023-04-10 11:30:05,260] {processor.py:632} INFO - DAG(s) dict_keys(['example_trigger_controller_dag']) retrieved from /home/airflow/.local/lib/python3.7/site-packages/airflow/example_dags/example_trigger_controller_dag.py
[2023-04-10 11:30:05,267] {logging_mixin.py:109} INFO - [2023-04-10 11:30:05,267] {dag.py:2389} INFO - Sync 1 DAGs
[2023-04-10 11:30:05,279] {logging_mixin.py:109} INFO - [2023-04-10 11:30:05,279] {dag.py:2921} INFO - Setting next_dagrun for example_trigger_controller_dag to 2021-01-01T00:00:00+00:00
[2023-04-10 11:30:05,287] {processor.py:171} INFO - Processing /home/airflow/.local/lib/python3.7/site-packages/airflow/example_dags/example_trigger_controller_dag.py took 0.053 seconds
[2023-04-10 11:30:35,576] {processor.py:163} INFO - Started process (PID=725) to work on /home/airflow/.local/lib/python3.7/site-packages/airflow/example_dags/example_trigger_controller_dag.py
[2023-04-10 11:30:35,577] {processor.py:620} INFO - Processing file /home/airflow/.local/lib/python3.7/site-packages/airflow/example_dags/example_trigger_controller_dag.py for tasks to queue
[2023-04-10 11:30:35,578] {logging_mixin.py:109} INFO - [2023-04-10 11:30:35,578] {dagbag.py:500} INFO - Filling up the DagBag from /home/airflow/.local/lib/python3.7/site-packages/airflow/example_dags/example_trigger_controller_dag.py
[2023-04-10 11:30:35,602] {processor.py:632} INFO - DAG(s) dict_keys(['example_trigger_controller_dag']) retrieved from /home/airflow/.local/lib/python3.7/site-packages/airflow/example_dags/example_trigger_controller_dag.py
[2023-04-10 11:30:35,611] {logging_mixin.py:109} INFO - [2023-04-10 11:30:35,611] {dag.py:2389} INFO - Sync 1 DAGs
[2023-04-10 11:30:35,631] {logging_mixin.py:109} INFO - [2023-04-10 11:30:35,631] {dag.py:2921} INFO - Setting next_dagrun for example_trigger_controller_dag to 2021-01-01T00:00:00+00:00
[2023-04-10 11:30:35,641] {processor.py:171} INFO - Processing /home/airflow/.local/lib/python3.7/site-packages/airflow/example_dags/example_trigger_controller_dag.py took 0.068 seconds
[2023-04-10 11:31:06,014] {processor.py:163} INFO - Started process (PID=776) to work on /home/airflow/.local/lib/python3.7/site-packages/airflow/example_dags/example_trigger_controller_dag.py
[2023-04-10 11:31:06,015] {processor.py:620} INFO - Processing file /home/airflow/.local/lib/python3.7/site-packages/airflow/example_dags/example_trigger_controller_dag.py for tasks to queue
[2023-04-10 11:31:06,016] {logging_mixin.py:109} INFO - [2023-04-10 11:31:06,016] {dagbag.py:500} INFO - Filling up the DagBag from /home/airflow/.local/lib/python3.7/site-packages/airflow/example_dags/example_trigger_controller_dag.py
[2023-04-10 11:31:06,037] {processor.py:632} INFO - DAG(s) dict_keys(['example_trigger_controller_dag']) retrieved from /home/airflow/.local/lib/python3.7/site-packages/airflow/example_dags/example_trigger_controller_dag.py
[2023-04-10 11:31:06,045] {logging_mixin.py:109} INFO - [2023-04-10 11:31:06,045] {dag.py:2389} INFO - Sync 1 DAGs
[2023-04-10 11:31:06,060] {logging_mixin.py:109} INFO - [2023-04-10 11:31:06,060] {dag.py:2921} INFO - Setting next_dagrun for example_trigger_controller_dag to 2021-01-01T00:00:00+00:00
[2023-04-10 11:31:06,069] {processor.py:171} INFO - Processing /home/airflow/.local/lib/python3.7/site-packages/airflow/example_dags/example_trigger_controller_dag.py took 0.057 seconds
[2023-04-10 11:31:36,359] {processor.py:163} INFO - Started process (PID=827) to work on /home/airflow/.local/lib/python3.7/site-packages/airflow/example_dags/example_trigger_controller_dag.py
[2023-04-10 11:31:36,360] {processor.py:620} INFO - Processing file /home/airflow/.local/lib/python3.7/site-packages/airflow/example_dags/example_trigger_controller_dag.py for tasks to queue
[2023-04-10 11:31:36,361] {logging_mixin.py:109} INFO - [2023-04-10 11:31:36,361] {dagbag.py:500} INFO - Filling up the DagBag from /home/airflow/.local/lib/python3.7/site-packages/airflow/example_dags/example_trigger_controller_dag.py
[2023-04-10 11:31:36,380] {processor.py:632} INFO - DAG(s) dict_keys(['example_trigger_controller_dag']) retrieved from /home/airflow/.local/lib/python3.7/site-packages/airflow/example_dags/example_trigger_controller_dag.py
[2023-04-10 11:31:36,387] {logging_mixin.py:109} INFO - [2023-04-10 11:31:36,387] {dag.py:2389} INFO - Sync 1 DAGs
[2023-04-10 11:31:36,399] {logging_mixin.py:109} INFO - [2023-04-10 11:31:36,399] {dag.py:2921} INFO - Setting next_dagrun for example_trigger_controller_dag to 2021-01-01T00:00:00+00:00
[2023-04-10 11:31:36,408] {processor.py:171} INFO - Processing /home/airflow/.local/lib/python3.7/site-packages/airflow/example_dags/example_trigger_controller_dag.py took 0.051 seconds
[2023-04-10 11:32:06,486] {processor.py:163} INFO - Started process (PID=887) to work on /home/airflow/.local/lib/python3.7/site-packages/airflow/example_dags/example_trigger_controller_dag.py
[2023-04-10 11:32:06,490] {processor.py:620} INFO - Processing file /home/airflow/.local/lib/python3.7/site-packages/airflow/example_dags/example_trigger_controller_dag.py for tasks to queue
[2023-04-10 11:32:06,491] {logging_mixin.py:109} INFO - [2023-04-10 11:32:06,491] {dagbag.py:500} INFO - Filling up the DagBag from /home/airflow/.local/lib/python3.7/site-packages/airflow/example_dags/example_trigger_controller_dag.py
[2023-04-10 11:32:06,509] {processor.py:632} INFO - DAG(s) dict_keys(['example_trigger_controller_dag']) retrieved from /home/airflow/.local/lib/python3.7/site-packages/airflow/example_dags/example_trigger_controller_dag.py
[2023-04-10 11:32:06,517] {logging_mixin.py:109} INFO - [2023-04-10 11:32:06,516] {dag.py:2389} INFO - Sync 1 DAGs
[2023-04-10 11:32:06,528] {logging_mixin.py:109} INFO - [2023-04-10 11:32:06,528] {dag.py:2921} INFO - Setting next_dagrun for example_trigger_controller_dag to 2021-01-01T00:00:00+00:00
[2023-04-10 11:32:06,536] {processor.py:171} INFO - Processing /home/airflow/.local/lib/python3.7/site-packages/airflow/example_dags/example_trigger_controller_dag.py took 0.052 seconds
[2023-04-10 11:32:36,765] {processor.py:163} INFO - Started process (PID=939) to work on /home/airflow/.local/lib/python3.7/site-packages/airflow/example_dags/example_trigger_controller_dag.py
[2023-04-10 11:32:36,765] {processor.py:620} INFO - Processing file /home/airflow/.local/lib/python3.7/site-packages/airflow/example_dags/example_trigger_controller_dag.py for tasks to queue
[2023-04-10 11:32:36,766] {logging_mixin.py:109} INFO - [2023-04-10 11:32:36,766] {dagbag.py:500} INFO - Filling up the DagBag from /home/airflow/.local/lib/python3.7/site-packages/airflow/example_dags/example_trigger_controller_dag.py
[2023-04-10 11:32:36,787] {processor.py:632} INFO - DAG(s) dict_keys(['example_trigger_controller_dag']) retrieved from /home/airflow/.local/lib/python3.7/site-packages/airflow/example_dags/example_trigger_controller_dag.py
[2023-04-10 11:32:36,794] {logging_mixin.py:109} INFO - [2023-04-10 11:32:36,794] {dag.py:2389} INFO - Sync 1 DAGs
[2023-04-10 11:32:36,805] {logging_mixin.py:109} INFO - [2023-04-10 11:32:36,805] {dag.py:2921} INFO - Setting next_dagrun for example_trigger_controller_dag to 2021-01-01T00:00:00+00:00
[2023-04-10 11:32:36,814] {processor.py:171} INFO - Processing /home/airflow/.local/lib/python3.7/site-packages/airflow/example_dags/example_trigger_controller_dag.py took 0.052 seconds
[2023-04-10 11:33:07,201] {processor.py:163} INFO - Started process (PID=1000) to work on /home/airflow/.local/lib/python3.7/site-packages/airflow/example_dags/example_trigger_controller_dag.py
[2023-04-10 11:33:07,207] {processor.py:620} INFO - Processing file /home/airflow/.local/lib/python3.7/site-packages/airflow/example_dags/example_trigger_controller_dag.py for tasks to queue
[2023-04-10 11:33:07,207] {logging_mixin.py:109} INFO - [2023-04-10 11:33:07,207] {dagbag.py:500} INFO - Filling up the DagBag from /home/airflow/.local/lib/python3.7/site-packages/airflow/example_dags/example_trigger_controller_dag.py
[2023-04-10 11:33:07,230] {processor.py:632} INFO - DAG(s) dict_keys(['example_trigger_controller_dag']) retrieved from /home/airflow/.local/lib/python3.7/site-packages/airflow/example_dags/example_trigger_controller_dag.py
[2023-04-10 11:33:07,238] {logging_mixin.py:109} INFO - [2023-04-10 11:33:07,238] {dag.py:2389} INFO - Sync 1 DAGs
[2023-04-10 11:33:07,251] {logging_mixin.py:109} INFO - [2023-04-10 11:33:07,251] {dag.py:2921} INFO - Setting next_dagrun for example_trigger_controller_dag to 2021-01-01T00:00:00+00:00
[2023-04-10 11:33:07,259] {processor.py:171} INFO - Processing /home/airflow/.local/lib/python3.7/site-packages/airflow/example_dags/example_trigger_controller_dag.py took 0.062 seconds
[2023-04-10 11:33:37,451] {processor.py:163} INFO - Started process (PID=1051) to work on /home/airflow/.local/lib/python3.7/site-packages/airflow/example_dags/example_trigger_controller_dag.py
[2023-04-10 11:33:37,451] {processor.py:620} INFO - Processing file /home/airflow/.local/lib/python3.7/site-packages/airflow/example_dags/example_trigger_controller_dag.py for tasks to queue
[2023-04-10 11:33:37,452] {logging_mixin.py:109} INFO - [2023-04-10 11:33:37,452] {dagbag.py:500} INFO - Filling up the DagBag from /home/airflow/.local/lib/python3.7/site-packages/airflow/example_dags/example_trigger_controller_dag.py
[2023-04-10 11:33:37,472] {processor.py:632} INFO - DAG(s) dict_keys(['example_trigger_controller_dag']) retrieved from /home/airflow/.local/lib/python3.7/site-packages/airflow/example_dags/example_trigger_controller_dag.py
[2023-04-10 11:33:37,479] {logging_mixin.py:109} INFO - [2023-04-10 11:33:37,479] {dag.py:2389} INFO - Sync 1 DAGs
[2023-04-10 11:33:37,493] {logging_mixin.py:109} INFO - [2023-04-10 11:33:37,492] {dag.py:2921} INFO - Setting next_dagrun for example_trigger_controller_dag to 2021-01-01T00:00:00+00:00
[2023-04-10 11:33:37,501] {processor.py:171} INFO - Processing /home/airflow/.local/lib/python3.7/site-packages/airflow/example_dags/example_trigger_controller_dag.py took 0.052 seconds
[2023-04-10 11:34:08,106] {processor.py:163} INFO - Started process (PID=1111) to work on /home/airflow/.local/lib/python3.7/site-packages/airflow/example_dags/example_trigger_controller_dag.py
[2023-04-10 11:34:08,112] {processor.py:620} INFO - Processing file /home/airflow/.local/lib/python3.7/site-packages/airflow/example_dags/example_trigger_controller_dag.py for tasks to queue
[2023-04-10 11:34:08,112] {logging_mixin.py:109} INFO - [2023-04-10 11:34:08,112] {dagbag.py:500} INFO - Filling up the DagBag from /home/airflow/.local/lib/python3.7/site-packages/airflow/example_dags/example_trigger_controller_dag.py
[2023-04-10 11:34:08,139] {processor.py:632} INFO - DAG(s) dict_keys(['example_trigger_controller_dag']) retrieved from /home/airflow/.local/lib/python3.7/site-packages/airflow/example_dags/example_trigger_controller_dag.py
[2023-04-10 11:34:08,149] {logging_mixin.py:109} INFO - [2023-04-10 11:34:08,149] {dag.py:2389} INFO - Sync 1 DAGs
[2023-04-10 11:34:08,166] {logging_mixin.py:109} INFO - [2023-04-10 11:34:08,166] {dag.py:2921} INFO - Setting next_dagrun for example_trigger_controller_dag to 2021-01-01T00:00:00+00:00
[2023-04-10 11:34:08,176] {processor.py:171} INFO - Processing /home/airflow/.local/lib/python3.7/site-packages/airflow/example_dags/example_trigger_controller_dag.py took 0.073 seconds
[2023-04-10 11:34:38,419] {processor.py:163} INFO - Started process (PID=1162) to work on /home/airflow/.local/lib/python3.7/site-packages/airflow/example_dags/example_trigger_controller_dag.py
[2023-04-10 11:34:38,419] {processor.py:620} INFO - Processing file /home/airflow/.local/lib/python3.7/site-packages/airflow/example_dags/example_trigger_controller_dag.py for tasks to queue
[2023-04-10 11:34:38,420] {logging_mixin.py:109} INFO - [2023-04-10 11:34:38,420] {dagbag.py:500} INFO - Filling up the DagBag from /home/airflow/.local/lib/python3.7/site-packages/airflow/example_dags/example_trigger_controller_dag.py
[2023-04-10 11:34:38,439] {processor.py:632} INFO - DAG(s) dict_keys(['example_trigger_controller_dag']) retrieved from /home/airflow/.local/lib/python3.7/site-packages/airflow/example_dags/example_trigger_controller_dag.py
[2023-04-10 11:34:38,448] {logging_mixin.py:109} INFO - [2023-04-10 11:34:38,448] {dag.py:2389} INFO - Sync 1 DAGs
[2023-04-10 11:34:38,463] {logging_mixin.py:109} INFO - [2023-04-10 11:34:38,463] {dag.py:2921} INFO - Setting next_dagrun for example_trigger_controller_dag to 2021-01-01T00:00:00+00:00
[2023-04-10 11:34:38,474] {processor.py:171} INFO - Processing /home/airflow/.local/lib/python3.7/site-packages/airflow/example_dags/example_trigger_controller_dag.py took 0.057 seconds
[2023-04-10 11:35:08,786] {processor.py:163} INFO - Started process (PID=1222) to work on /home/airflow/.local/lib/python3.7/site-packages/airflow/example_dags/example_trigger_controller_dag.py
[2023-04-10 11:35:08,793] {processor.py:620} INFO - Processing file /home/airflow/.local/lib/python3.7/site-packages/airflow/example_dags/example_trigger_controller_dag.py for tasks to queue
[2023-04-10 11:35:08,793] {logging_mixin.py:109} INFO - [2023-04-10 11:35:08,793] {dagbag.py:500} INFO - Filling up the DagBag from /home/airflow/.local/lib/python3.7/site-packages/airflow/example_dags/example_trigger_controller_dag.py
[2023-04-10 11:35:08,813] {processor.py:632} INFO - DAG(s) dict_keys(['example_trigger_controller_dag']) retrieved from /home/airflow/.local/lib/python3.7/site-packages/airflow/example_dags/example_trigger_controller_dag.py
[2023-04-10 11:35:08,822] {logging_mixin.py:109} INFO - [2023-04-10 11:35:08,822] {dag.py:2389} INFO - Sync 1 DAGs
[2023-04-10 11:35:08,835] {logging_mixin.py:109} INFO - [2023-04-10 11:35:08,834] {dag.py:2921} INFO - Setting next_dagrun for example_trigger_controller_dag to 2021-01-01T00:00:00+00:00
[2023-04-10 11:35:08,842] {processor.py:171} INFO - Processing /home/airflow/.local/lib/python3.7/site-packages/airflow/example_dags/example_trigger_controller_dag.py took 0.058 seconds
[2023-04-10 11:35:39,122] {processor.py:163} INFO - Started process (PID=1273) to work on /home/airflow/.local/lib/python3.7/site-packages/airflow/example_dags/example_trigger_controller_dag.py
[2023-04-10 11:35:39,123] {processor.py:620} INFO - Processing file /home/airflow/.local/lib/python3.7/site-packages/airflow/example_dags/example_trigger_controller_dag.py for tasks to queue
[2023-04-10 11:35:39,123] {logging_mixin.py:109} INFO - [2023-04-10 11:35:39,123] {dagbag.py:500} INFO - Filling up the DagBag from /home/airflow/.local/lib/python3.7/site-packages/airflow/example_dags/example_trigger_controller_dag.py
[2023-04-10 11:35:39,142] {processor.py:632} INFO - DAG(s) dict_keys(['example_trigger_controller_dag']) retrieved from /home/airflow/.local/lib/python3.7/site-packages/airflow/example_dags/example_trigger_controller_dag.py
[2023-04-10 11:35:39,150] {logging_mixin.py:109} INFO - [2023-04-10 11:35:39,149] {dag.py:2389} INFO - Sync 1 DAGs
[2023-04-10 11:35:39,160] {logging_mixin.py:109} INFO - [2023-04-10 11:35:39,160] {dag.py:2921} INFO - Setting next_dagrun for example_trigger_controller_dag to 2021-01-01T00:00:00+00:00
[2023-04-10 11:35:39,169] {processor.py:171} INFO - Processing /home/airflow/.local/lib/python3.7/site-packages/airflow/example_dags/example_trigger_controller_dag.py took 0.049 seconds
[2023-04-10 11:36:09,417] {processor.py:163} INFO - Started process (PID=1324) to work on /home/airflow/.local/lib/python3.7/site-packages/airflow/example_dags/example_trigger_controller_dag.py
[2023-04-10 11:36:09,418] {processor.py:620} INFO - Processing file /home/airflow/.local/lib/python3.7/site-packages/airflow/example_dags/example_trigger_controller_dag.py for tasks to queue
[2023-04-10 11:36:09,419] {logging_mixin.py:109} INFO - [2023-04-10 11:36:09,418] {dagbag.py:500} INFO - Filling up the DagBag from /home/airflow/.local/lib/python3.7/site-packages/airflow/example_dags/example_trigger_controller_dag.py
[2023-04-10 11:36:09,442] {processor.py:632} INFO - DAG(s) dict_keys(['example_trigger_controller_dag']) retrieved from /home/airflow/.local/lib/python3.7/site-packages/airflow/example_dags/example_trigger_controller_dag.py
[2023-04-10 11:36:09,461] {logging_mixin.py:109} INFO - [2023-04-10 11:36:09,460] {dag.py:2389} INFO - Sync 1 DAGs
[2023-04-10 11:36:09,479] {logging_mixin.py:109} INFO - [2023-04-10 11:36:09,479] {dag.py:2921} INFO - Setting next_dagrun for example_trigger_controller_dag to 2021-01-01T00:00:00+00:00
[2023-04-10 11:36:09,489] {processor.py:171} INFO - Processing /home/airflow/.local/lib/python3.7/site-packages/airflow/example_dags/example_trigger_controller_dag.py took 0.075 seconds
[2023-04-10 11:36:39,895] {processor.py:163} INFO - Started process (PID=1386) to work on /home/airflow/.local/lib/python3.7/site-packages/airflow/example_dags/example_trigger_controller_dag.py
[2023-04-10 11:36:39,897] {processor.py:620} INFO - Processing file /home/airflow/.local/lib/python3.7/site-packages/airflow/example_dags/example_trigger_controller_dag.py for tasks to queue
[2023-04-10 11:36:39,897] {logging_mixin.py:109} INFO - [2023-04-10 11:36:39,897] {dagbag.py:500} INFO - Filling up the DagBag from /home/airflow/.local/lib/python3.7/site-packages/airflow/example_dags/example_trigger_controller_dag.py
[2023-04-10 11:36:39,916] {processor.py:632} INFO - DAG(s) dict_keys(['example_trigger_controller_dag']) retrieved from /home/airflow/.local/lib/python3.7/site-packages/airflow/example_dags/example_trigger_controller_dag.py
[2023-04-10 11:36:39,924] {logging_mixin.py:109} INFO - [2023-04-10 11:36:39,924] {dag.py:2389} INFO - Sync 1 DAGs
[2023-04-10 11:36:39,935] {logging_mixin.py:109} INFO - [2023-04-10 11:36:39,935] {dag.py:2921} INFO - Setting next_dagrun for example_trigger_controller_dag to 2021-01-01T00:00:00+00:00
[2023-04-10 11:36:39,942] {processor.py:171} INFO - Processing /home/airflow/.local/lib/python3.7/site-packages/airflow/example_dags/example_trigger_controller_dag.py took 0.049 seconds
[2023-04-10 11:37:10,265] {processor.py:163} INFO - Started process (PID=1437) to work on /home/airflow/.local/lib/python3.7/site-packages/airflow/example_dags/example_trigger_controller_dag.py
[2023-04-10 11:37:10,266] {processor.py:620} INFO - Processing file /home/airflow/.local/lib/python3.7/site-packages/airflow/example_dags/example_trigger_controller_dag.py for tasks to queue
[2023-04-10 11:37:10,266] {logging_mixin.py:109} INFO - [2023-04-10 11:37:10,266] {dagbag.py:500} INFO - Filling up the DagBag from /home/airflow/.local/lib/python3.7/site-packages/airflow/example_dags/example_trigger_controller_dag.py
[2023-04-10 11:37:10,284] {processor.py:632} INFO - DAG(s) dict_keys(['example_trigger_controller_dag']) retrieved from /home/airflow/.local/lib/python3.7/site-packages/airflow/example_dags/example_trigger_controller_dag.py
[2023-04-10 11:37:10,292] {logging_mixin.py:109} INFO - [2023-04-10 11:37:10,292] {dag.py:2389} INFO - Sync 1 DAGs
[2023-04-10 11:37:10,302] {logging_mixin.py:109} INFO - [2023-04-10 11:37:10,302] {dag.py:2921} INFO - Setting next_dagrun for example_trigger_controller_dag to 2021-01-01T00:00:00+00:00
[2023-04-10 11:37:10,310] {processor.py:171} INFO - Processing /home/airflow/.local/lib/python3.7/site-packages/airflow/example_dags/example_trigger_controller_dag.py took 0.046 seconds
[2023-04-10 11:37:40,492] {processor.py:163} INFO - Started process (PID=1497) to work on /home/airflow/.local/lib/python3.7/site-packages/airflow/example_dags/example_trigger_controller_dag.py
[2023-04-10 11:37:40,494] {processor.py:620} INFO - Processing file /home/airflow/.local/lib/python3.7/site-packages/airflow/example_dags/example_trigger_controller_dag.py for tasks to queue
[2023-04-10 11:37:40,494] {logging_mixin.py:109} INFO - [2023-04-10 11:37:40,494] {dagbag.py:500} INFO - Filling up the DagBag from /home/airflow/.local/lib/python3.7/site-packages/airflow/example_dags/example_trigger_controller_dag.py
[2023-04-10 11:37:40,516] {processor.py:632} INFO - DAG(s) dict_keys(['example_trigger_controller_dag']) retrieved from /home/airflow/.local/lib/python3.7/site-packages/airflow/example_dags/example_trigger_controller_dag.py
[2023-04-10 11:37:40,525] {logging_mixin.py:109} INFO - [2023-04-10 11:37:40,524] {dag.py:2389} INFO - Sync 1 DAGs
[2023-04-10 11:37:40,539] {logging_mixin.py:109} INFO - [2023-04-10 11:37:40,538] {dag.py:2921} INFO - Setting next_dagrun for example_trigger_controller_dag to 2021-01-01T00:00:00+00:00
[2023-04-10 11:37:40,548] {processor.py:171} INFO - Processing /home/airflow/.local/lib/python3.7/site-packages/airflow/example_dags/example_trigger_controller_dag.py took 0.058 seconds
[2023-04-10 11:38:10,862] {processor.py:163} INFO - Started process (PID=1549) to work on /home/airflow/.local/lib/python3.7/site-packages/airflow/example_dags/example_trigger_controller_dag.py
[2023-04-10 11:38:10,863] {processor.py:620} INFO - Processing file /home/airflow/.local/lib/python3.7/site-packages/airflow/example_dags/example_trigger_controller_dag.py for tasks to queue
[2023-04-10 11:38:10,863] {logging_mixin.py:109} INFO - [2023-04-10 11:38:10,863] {dagbag.py:500} INFO - Filling up the DagBag from /home/airflow/.local/lib/python3.7/site-packages/airflow/example_dags/example_trigger_controller_dag.py
[2023-04-10 11:38:10,882] {processor.py:632} INFO - DAG(s) dict_keys(['example_trigger_controller_dag']) retrieved from /home/airflow/.local/lib/python3.7/site-packages/airflow/example_dags/example_trigger_controller_dag.py
[2023-04-10 11:38:10,889] {logging_mixin.py:109} INFO - [2023-04-10 11:38:10,889] {dag.py:2389} INFO - Sync 1 DAGs
[2023-04-10 11:38:10,902] {logging_mixin.py:109} INFO - [2023-04-10 11:38:10,901] {dag.py:2921} INFO - Setting next_dagrun for example_trigger_controller_dag to 2021-01-01T00:00:00+00:00
[2023-04-10 11:38:10,911] {processor.py:171} INFO - Processing /home/airflow/.local/lib/python3.7/site-packages/airflow/example_dags/example_trigger_controller_dag.py took 0.051 seconds
[2023-04-10 11:38:41,040] {processor.py:163} INFO - Started process (PID=1600) to work on /home/airflow/.local/lib/python3.7/site-packages/airflow/example_dags/example_trigger_controller_dag.py
[2023-04-10 11:38:41,041] {processor.py:620} INFO - Processing file /home/airflow/.local/lib/python3.7/site-packages/airflow/example_dags/example_trigger_controller_dag.py for tasks to queue
[2023-04-10 11:38:41,042] {logging_mixin.py:109} INFO - [2023-04-10 11:38:41,042] {dagbag.py:500} INFO - Filling up the DagBag from /home/airflow/.local/lib/python3.7/site-packages/airflow/example_dags/example_trigger_controller_dag.py
[2023-04-10 11:38:41,060] {processor.py:632} INFO - DAG(s) dict_keys(['example_trigger_controller_dag']) retrieved from /home/airflow/.local/lib/python3.7/site-packages/airflow/example_dags/example_trigger_controller_dag.py
[2023-04-10 11:38:41,067] {logging_mixin.py:109} INFO - [2023-04-10 11:38:41,067] {dag.py:2389} INFO - Sync 1 DAGs
[2023-04-10 11:38:41,079] {logging_mixin.py:109} INFO - [2023-04-10 11:38:41,078] {dag.py:2921} INFO - Setting next_dagrun for example_trigger_controller_dag to 2021-01-01T00:00:00+00:00
[2023-04-10 11:38:41,087] {processor.py:171} INFO - Processing /home/airflow/.local/lib/python3.7/site-packages/airflow/example_dags/example_trigger_controller_dag.py took 0.049 seconds
[2023-04-10 11:39:11,388] {processor.py:163} INFO - Started process (PID=1660) to work on /home/airflow/.local/lib/python3.7/site-packages/airflow/example_dags/example_trigger_controller_dag.py
[2023-04-10 11:39:11,388] {processor.py:620} INFO - Processing file /home/airflow/.local/lib/python3.7/site-packages/airflow/example_dags/example_trigger_controller_dag.py for tasks to queue
[2023-04-10 11:39:11,389] {logging_mixin.py:109} INFO - [2023-04-10 11:39:11,389] {dagbag.py:500} INFO - Filling up the DagBag from /home/airflow/.local/lib/python3.7/site-packages/airflow/example_dags/example_trigger_controller_dag.py
[2023-04-10 11:39:11,406] {processor.py:632} INFO - DAG(s) dict_keys(['example_trigger_controller_dag']) retrieved from /home/airflow/.local/lib/python3.7/site-packages/airflow/example_dags/example_trigger_controller_dag.py
[2023-04-10 11:39:11,412] {logging_mixin.py:109} INFO - [2023-04-10 11:39:11,412] {dag.py:2389} INFO - Sync 1 DAGs
[2023-04-10 11:39:11,423] {logging_mixin.py:109} INFO - [2023-04-10 11:39:11,423] {dag.py:2921} INFO - Setting next_dagrun for example_trigger_controller_dag to 2021-01-01T00:00:00+00:00
[2023-04-10 11:39:11,430] {processor.py:171} INFO - Processing /home/airflow/.local/lib/python3.7/site-packages/airflow/example_dags/example_trigger_controller_dag.py took 0.044 seconds
[2023-04-10 11:39:41,599] {processor.py:163} INFO - Started process (PID=1711) to work on /home/airflow/.local/lib/python3.7/site-packages/airflow/example_dags/example_trigger_controller_dag.py
[2023-04-10 11:39:41,604] {processor.py:620} INFO - Processing file /home/airflow/.local/lib/python3.7/site-packages/airflow/example_dags/example_trigger_controller_dag.py for tasks to queue
[2023-04-10 11:39:41,604] {logging_mixin.py:109} INFO - [2023-04-10 11:39:41,604] {dagbag.py:500} INFO - Filling up the DagBag from /home/airflow/.local/lib/python3.7/site-packages/airflow/example_dags/example_trigger_controller_dag.py
[2023-04-10 11:39:41,624] {processor.py:632} INFO - DAG(s) dict_keys(['example_trigger_controller_dag']) retrieved from /home/airflow/.local/lib/python3.7/site-packages/airflow/example_dags/example_trigger_controller_dag.py
[2023-04-10 11:39:41,631] {logging_mixin.py:109} INFO - [2023-04-10 11:39:41,631] {dag.py:2389} INFO - Sync 1 DAGs
[2023-04-10 11:39:41,642] {logging_mixin.py:109} INFO - [2023-04-10 11:39:41,642] {dag.py:2921} INFO - Setting next_dagrun for example_trigger_controller_dag to 2021-01-01T00:00:00+00:00
[2023-04-10 11:39:41,650] {processor.py:171} INFO - Processing /home/airflow/.local/lib/python3.7/site-packages/airflow/example_dags/example_trigger_controller_dag.py took 0.053 seconds
[2023-04-10 11:40:11,836] {processor.py:163} INFO - Started process (PID=1771) to work on /home/airflow/.local/lib/python3.7/site-packages/airflow/example_dags/example_trigger_controller_dag.py
[2023-04-10 11:40:11,838] {processor.py:620} INFO - Processing file /home/airflow/.local/lib/python3.7/site-packages/airflow/example_dags/example_trigger_controller_dag.py for tasks to queue
[2023-04-10 11:40:11,838] {logging_mixin.py:109} INFO - [2023-04-10 11:40:11,838] {dagbag.py:500} INFO - Filling up the DagBag from /home/airflow/.local/lib/python3.7/site-packages/airflow/example_dags/example_trigger_controller_dag.py
[2023-04-10 11:40:11,858] {processor.py:632} INFO - DAG(s) dict_keys(['example_trigger_controller_dag']) retrieved from /home/airflow/.local/lib/python3.7/site-packages/airflow/example_dags/example_trigger_controller_dag.py
[2023-04-10 11:40:11,866] {logging_mixin.py:109} INFO - [2023-04-10 11:40:11,865] {dag.py:2389} INFO - Sync 1 DAGs
[2023-04-10 11:40:11,877] {logging_mixin.py:109} INFO - [2023-04-10 11:40:11,877] {dag.py:2921} INFO - Setting next_dagrun for example_trigger_controller_dag to 2021-01-01T00:00:00+00:00
[2023-04-10 11:40:11,884] {processor.py:171} INFO - Processing /home/airflow/.local/lib/python3.7/site-packages/airflow/example_dags/example_trigger_controller_dag.py took 0.051 seconds
[2023-04-10 11:40:42,123] {processor.py:163} INFO - Started process (PID=1822) to work on /home/airflow/.local/lib/python3.7/site-packages/airflow/example_dags/example_trigger_controller_dag.py
[2023-04-10 11:40:42,124] {processor.py:620} INFO - Processing file /home/airflow/.local/lib/python3.7/site-packages/airflow/example_dags/example_trigger_controller_dag.py for tasks to queue
[2023-04-10 11:40:42,124] {logging_mixin.py:109} INFO - [2023-04-10 11:40:42,124] {dagbag.py:500} INFO - Filling up the DagBag from /home/airflow/.local/lib/python3.7/site-packages/airflow/example_dags/example_trigger_controller_dag.py
[2023-04-10 11:40:42,149] {processor.py:632} INFO - DAG(s) dict_keys(['example_trigger_controller_dag']) retrieved from /home/airflow/.local/lib/python3.7/site-packages/airflow/example_dags/example_trigger_controller_dag.py
[2023-04-10 11:40:42,157] {logging_mixin.py:109} INFO - [2023-04-10 11:40:42,156] {dag.py:2389} INFO - Sync 1 DAGs
[2023-04-10 11:40:42,168] {logging_mixin.py:109} INFO - [2023-04-10 11:40:42,168] {dag.py:2921} INFO - Setting next_dagrun for example_trigger_controller_dag to 2021-01-01T00:00:00+00:00
[2023-04-10 11:40:42,176] {processor.py:171} INFO - Processing /home/airflow/.local/lib/python3.7/site-packages/airflow/example_dags/example_trigger_controller_dag.py took 0.055 seconds
[2023-04-10 11:41:12,385] {processor.py:163} INFO - Started process (PID=1882) to work on /home/airflow/.local/lib/python3.7/site-packages/airflow/example_dags/example_trigger_controller_dag.py
[2023-04-10 11:41:12,386] {processor.py:620} INFO - Processing file /home/airflow/.local/lib/python3.7/site-packages/airflow/example_dags/example_trigger_controller_dag.py for tasks to queue
[2023-04-10 11:41:12,386] {logging_mixin.py:109} INFO - [2023-04-10 11:41:12,386] {dagbag.py:500} INFO - Filling up the DagBag from /home/airflow/.local/lib/python3.7/site-packages/airflow/example_dags/example_trigger_controller_dag.py
[2023-04-10 11:41:12,405] {processor.py:632} INFO - DAG(s) dict_keys(['example_trigger_controller_dag']) retrieved from /home/airflow/.local/lib/python3.7/site-packages/airflow/example_dags/example_trigger_controller_dag.py
[2023-04-10 11:41:12,412] {logging_mixin.py:109} INFO - [2023-04-10 11:41:12,412] {dag.py:2389} INFO - Sync 1 DAGs
[2023-04-10 11:41:12,423] {logging_mixin.py:109} INFO - [2023-04-10 11:41:12,423] {dag.py:2921} INFO - Setting next_dagrun for example_trigger_controller_dag to 2021-01-01T00:00:00+00:00
[2023-04-10 11:41:12,432] {processor.py:171} INFO - Processing /home/airflow/.local/lib/python3.7/site-packages/airflow/example_dags/example_trigger_controller_dag.py took 0.049 seconds
[2023-04-10 11:41:42,691] {processor.py:163} INFO - Started process (PID=1933) to work on /home/airflow/.local/lib/python3.7/site-packages/airflow/example_dags/example_trigger_controller_dag.py
[2023-04-10 11:41:42,692] {processor.py:620} INFO - Processing file /home/airflow/.local/lib/python3.7/site-packages/airflow/example_dags/example_trigger_controller_dag.py for tasks to queue
[2023-04-10 11:41:42,693] {logging_mixin.py:109} INFO - [2023-04-10 11:41:42,693] {dagbag.py:500} INFO - Filling up the DagBag from /home/airflow/.local/lib/python3.7/site-packages/airflow/example_dags/example_trigger_controller_dag.py
[2023-04-10 11:41:42,711] {processor.py:632} INFO - DAG(s) dict_keys(['example_trigger_controller_dag']) retrieved from /home/airflow/.local/lib/python3.7/site-packages/airflow/example_dags/example_trigger_controller_dag.py
[2023-04-10 11:41:42,717] {logging_mixin.py:109} INFO - [2023-04-10 11:41:42,717] {dag.py:2389} INFO - Sync 1 DAGs
[2023-04-10 11:41:42,728] {logging_mixin.py:109} INFO - [2023-04-10 11:41:42,727] {dag.py:2921} INFO - Setting next_dagrun for example_trigger_controller_dag to 2021-01-01T00:00:00+00:00
[2023-04-10 11:41:42,734] {processor.py:171} INFO - Processing /home/airflow/.local/lib/python3.7/site-packages/airflow/example_dags/example_trigger_controller_dag.py took 0.045 seconds
[2023-04-10 11:42:12,979] {processor.py:163} INFO - Started process (PID=1994) to work on /home/airflow/.local/lib/python3.7/site-packages/airflow/example_dags/example_trigger_controller_dag.py
[2023-04-10 11:42:12,980] {processor.py:620} INFO - Processing file /home/airflow/.local/lib/python3.7/site-packages/airflow/example_dags/example_trigger_controller_dag.py for tasks to queue
[2023-04-10 11:42:12,980] {logging_mixin.py:109} INFO - [2023-04-10 11:42:12,980] {dagbag.py:500} INFO - Filling up the DagBag from /home/airflow/.local/lib/python3.7/site-packages/airflow/example_dags/example_trigger_controller_dag.py
[2023-04-10 11:42:12,998] {processor.py:632} INFO - DAG(s) dict_keys(['example_trigger_controller_dag']) retrieved from /home/airflow/.local/lib/python3.7/site-packages/airflow/example_dags/example_trigger_controller_dag.py
[2023-04-10 11:42:13,005] {logging_mixin.py:109} INFO - [2023-04-10 11:42:13,004] {dag.py:2389} INFO - Sync 1 DAGs
[2023-04-10 11:42:13,016] {logging_mixin.py:109} INFO - [2023-04-10 11:42:13,016] {dag.py:2921} INFO - Setting next_dagrun for example_trigger_controller_dag to 2021-01-01T00:00:00+00:00
[2023-04-10 11:42:13,024] {processor.py:171} INFO - Processing /home/airflow/.local/lib/python3.7/site-packages/airflow/example_dags/example_trigger_controller_dag.py took 0.048 seconds
[2023-04-10 11:42:43,394] {processor.py:163} INFO - Started process (PID=2045) to work on /home/airflow/.local/lib/python3.7/site-packages/airflow/example_dags/example_trigger_controller_dag.py
[2023-04-10 11:42:43,395] {processor.py:620} INFO - Processing file /home/airflow/.local/lib/python3.7/site-packages/airflow/example_dags/example_trigger_controller_dag.py for tasks to queue
[2023-04-10 11:42:43,395] {logging_mixin.py:109} INFO - [2023-04-10 11:42:43,395] {dagbag.py:500} INFO - Filling up the DagBag from /home/airflow/.local/lib/python3.7/site-packages/airflow/example_dags/example_trigger_controller_dag.py
[2023-04-10 11:42:43,416] {processor.py:632} INFO - DAG(s) dict_keys(['example_trigger_controller_dag']) retrieved from /home/airflow/.local/lib/python3.7/site-packages/airflow/example_dags/example_trigger_controller_dag.py
[2023-04-10 11:42:43,422] {logging_mixin.py:109} INFO - [2023-04-10 11:42:43,422] {dag.py:2389} INFO - Sync 1 DAGs
[2023-04-10 11:42:43,434] {logging_mixin.py:109} INFO - [2023-04-10 11:42:43,434] {dag.py:2921} INFO - Setting next_dagrun for example_trigger_controller_dag to 2021-01-01T00:00:00+00:00
[2023-04-10 11:42:43,443] {processor.py:171} INFO - Processing /home/airflow/.local/lib/python3.7/site-packages/airflow/example_dags/example_trigger_controller_dag.py took 0.051 seconds
[2023-04-10 11:43:13,770] {processor.py:163} INFO - Started process (PID=2096) to work on /home/airflow/.local/lib/python3.7/site-packages/airflow/example_dags/example_trigger_controller_dag.py
[2023-04-10 11:43:13,771] {processor.py:620} INFO - Processing file /home/airflow/.local/lib/python3.7/site-packages/airflow/example_dags/example_trigger_controller_dag.py for tasks to queue
[2023-04-10 11:43:13,771] {logging_mixin.py:109} INFO - [2023-04-10 11:43:13,771] {dagbag.py:500} INFO - Filling up the DagBag from /home/airflow/.local/lib/python3.7/site-packages/airflow/example_dags/example_trigger_controller_dag.py
[2023-04-10 11:43:13,789] {processor.py:632} INFO - DAG(s) dict_keys(['example_trigger_controller_dag']) retrieved from /home/airflow/.local/lib/python3.7/site-packages/airflow/example_dags/example_trigger_controller_dag.py
[2023-04-10 11:43:13,796] {logging_mixin.py:109} INFO - [2023-04-10 11:43:13,796] {dag.py:2389} INFO - Sync 1 DAGs
[2023-04-10 11:43:13,806] {logging_mixin.py:109} INFO - [2023-04-10 11:43:13,806] {dag.py:2921} INFO - Setting next_dagrun for example_trigger_controller_dag to 2021-01-01T00:00:00+00:00
[2023-04-10 11:43:13,814] {processor.py:171} INFO - Processing /home/airflow/.local/lib/python3.7/site-packages/airflow/example_dags/example_trigger_controller_dag.py took 0.046 seconds
[2023-04-10 11:43:43,939] {processor.py:163} INFO - Started process (PID=2157) to work on /home/airflow/.local/lib/python3.7/site-packages/airflow/example_dags/example_trigger_controller_dag.py
[2023-04-10 11:43:43,940] {processor.py:620} INFO - Processing file /home/airflow/.local/lib/python3.7/site-packages/airflow/example_dags/example_trigger_controller_dag.py for tasks to queue
[2023-04-10 11:43:43,940] {logging_mixin.py:109} INFO - [2023-04-10 11:43:43,940] {dagbag.py:500} INFO - Filling up the DagBag from /home/airflow/.local/lib/python3.7/site-packages/airflow/example_dags/example_trigger_controller_dag.py
[2023-04-10 11:43:43,961] {processor.py:632} INFO - DAG(s) dict_keys(['example_trigger_controller_dag']) retrieved from /home/airflow/.local/lib/python3.7/site-packages/airflow/example_dags/example_trigger_controller_dag.py
[2023-04-10 11:43:43,969] {logging_mixin.py:109} INFO - [2023-04-10 11:43:43,969] {dag.py:2389} INFO - Sync 1 DAGs
[2023-04-10 11:43:43,986] {logging_mixin.py:109} INFO - [2023-04-10 11:43:43,986] {dag.py:2921} INFO - Setting next_dagrun for example_trigger_controller_dag to 2021-01-01T00:00:00+00:00
[2023-04-10 11:43:43,996] {processor.py:171} INFO - Processing /home/airflow/.local/lib/python3.7/site-packages/airflow/example_dags/example_trigger_controller_dag.py took 0.060 seconds
[2023-04-10 11:44:14,410] {processor.py:163} INFO - Started process (PID=2208) to work on /home/airflow/.local/lib/python3.7/site-packages/airflow/example_dags/example_trigger_controller_dag.py
[2023-04-10 11:44:14,416] {processor.py:620} INFO - Processing file /home/airflow/.local/lib/python3.7/site-packages/airflow/example_dags/example_trigger_controller_dag.py for tasks to queue
[2023-04-10 11:44:14,416] {logging_mixin.py:109} INFO - [2023-04-10 11:44:14,416] {dagbag.py:500} INFO - Filling up the DagBag from /home/airflow/.local/lib/python3.7/site-packages/airflow/example_dags/example_trigger_controller_dag.py
[2023-04-10 11:44:14,435] {processor.py:632} INFO - DAG(s) dict_keys(['example_trigger_controller_dag']) retrieved from /home/airflow/.local/lib/python3.7/site-packages/airflow/example_dags/example_trigger_controller_dag.py
[2023-04-10 11:44:14,442] {logging_mixin.py:109} INFO - [2023-04-10 11:44:14,442] {dag.py:2389} INFO - Sync 1 DAGs
[2023-04-10 11:44:14,452] {logging_mixin.py:109} INFO - [2023-04-10 11:44:14,452] {dag.py:2921} INFO - Setting next_dagrun for example_trigger_controller_dag to 2021-01-01T00:00:00+00:00
[2023-04-10 11:44:14,459] {processor.py:171} INFO - Processing /home/airflow/.local/lib/python3.7/site-packages/airflow/example_dags/example_trigger_controller_dag.py took 0.051 seconds
[2023-04-10 11:44:44,655] {processor.py:163} INFO - Started process (PID=2268) to work on /home/airflow/.local/lib/python3.7/site-packages/airflow/example_dags/example_trigger_controller_dag.py
[2023-04-10 11:44:44,656] {processor.py:620} INFO - Processing file /home/airflow/.local/lib/python3.7/site-packages/airflow/example_dags/example_trigger_controller_dag.py for tasks to queue
[2023-04-10 11:44:44,657] {logging_mixin.py:109} INFO - [2023-04-10 11:44:44,657] {dagbag.py:500} INFO - Filling up the DagBag from /home/airflow/.local/lib/python3.7/site-packages/airflow/example_dags/example_trigger_controller_dag.py
[2023-04-10 11:44:44,678] {processor.py:632} INFO - DAG(s) dict_keys(['example_trigger_controller_dag']) retrieved from /home/airflow/.local/lib/python3.7/site-packages/airflow/example_dags/example_trigger_controller_dag.py
[2023-04-10 11:44:44,686] {logging_mixin.py:109} INFO - [2023-04-10 11:44:44,685] {dag.py:2389} INFO - Sync 1 DAGs
[2023-04-10 11:44:44,697] {logging_mixin.py:109} INFO - [2023-04-10 11:44:44,697] {dag.py:2921} INFO - Setting next_dagrun for example_trigger_controller_dag to 2021-01-01T00:00:00+00:00
[2023-04-10 11:44:44,705] {processor.py:171} INFO - Processing /home/airflow/.local/lib/python3.7/site-packages/airflow/example_dags/example_trigger_controller_dag.py took 0.052 seconds
[2023-04-10 11:45:15,085] {processor.py:163} INFO - Started process (PID=2320) to work on /home/airflow/.local/lib/python3.7/site-packages/airflow/example_dags/example_trigger_controller_dag.py
[2023-04-10 11:45:15,086] {processor.py:620} INFO - Processing file /home/airflow/.local/lib/python3.7/site-packages/airflow/example_dags/example_trigger_controller_dag.py for tasks to queue
[2023-04-10 11:45:15,086] {logging_mixin.py:109} INFO - [2023-04-10 11:45:15,086] {dagbag.py:500} INFO - Filling up the DagBag from /home/airflow/.local/lib/python3.7/site-packages/airflow/example_dags/example_trigger_controller_dag.py
[2023-04-10 11:45:15,105] {processor.py:632} INFO - DAG(s) dict_keys(['example_trigger_controller_dag']) retrieved from /home/airflow/.local/lib/python3.7/site-packages/airflow/example_dags/example_trigger_controller_dag.py
[2023-04-10 11:45:15,112] {logging_mixin.py:109} INFO - [2023-04-10 11:45:15,111] {dag.py:2389} INFO - Sync 1 DAGs
[2023-04-10 11:45:15,122] {logging_mixin.py:109} INFO - [2023-04-10 11:45:15,122] {dag.py:2921} INFO - Setting next_dagrun for example_trigger_controller_dag to 2021-01-01T00:00:00+00:00
[2023-04-10 11:45:15,129] {processor.py:171} INFO - Processing /home/airflow/.local/lib/python3.7/site-packages/airflow/example_dags/example_trigger_controller_dag.py took 0.046 seconds
[2023-04-10 11:45:45,386] {processor.py:163} INFO - Started process (PID=2380) to work on /home/airflow/.local/lib/python3.7/site-packages/airflow/example_dags/example_trigger_controller_dag.py
[2023-04-10 11:45:45,392] {processor.py:620} INFO - Processing file /home/airflow/.local/lib/python3.7/site-packages/airflow/example_dags/example_trigger_controller_dag.py for tasks to queue
[2023-04-10 11:45:45,393] {logging_mixin.py:109} INFO - [2023-04-10 11:45:45,393] {dagbag.py:500} INFO - Filling up the DagBag from /home/airflow/.local/lib/python3.7/site-packages/airflow/example_dags/example_trigger_controller_dag.py
[2023-04-10 11:45:45,411] {processor.py:632} INFO - DAG(s) dict_keys(['example_trigger_controller_dag']) retrieved from /home/airflow/.local/lib/python3.7/site-packages/airflow/example_dags/example_trigger_controller_dag.py
[2023-04-10 11:45:45,417] {logging_mixin.py:109} INFO - [2023-04-10 11:45:45,417] {dag.py:2389} INFO - Sync 1 DAGs
[2023-04-10 11:45:45,428] {logging_mixin.py:109} INFO - [2023-04-10 11:45:45,428] {dag.py:2921} INFO - Setting next_dagrun for example_trigger_controller_dag to 2021-01-01T00:00:00+00:00
[2023-04-10 11:45:45,436] {processor.py:171} INFO - Processing /home/airflow/.local/lib/python3.7/site-packages/airflow/example_dags/example_trigger_controller_dag.py took 0.052 seconds
[2023-04-10 11:46:15,702] {processor.py:163} INFO - Started process (PID=2431) to work on /home/airflow/.local/lib/python3.7/site-packages/airflow/example_dags/example_trigger_controller_dag.py
[2023-04-10 11:46:15,703] {processor.py:620} INFO - Processing file /home/airflow/.local/lib/python3.7/site-packages/airflow/example_dags/example_trigger_controller_dag.py for tasks to queue
[2023-04-10 11:46:15,704] {logging_mixin.py:109} INFO - [2023-04-10 11:46:15,704] {dagbag.py:500} INFO - Filling up the DagBag from /home/airflow/.local/lib/python3.7/site-packages/airflow/example_dags/example_trigger_controller_dag.py
[2023-04-10 11:46:15,724] {processor.py:632} INFO - DAG(s) dict_keys(['example_trigger_controller_dag']) retrieved from /home/airflow/.local/lib/python3.7/site-packages/airflow/example_dags/example_trigger_controller_dag.py
[2023-04-10 11:46:15,732] {logging_mixin.py:109} INFO - [2023-04-10 11:46:15,731] {dag.py:2389} INFO - Sync 1 DAGs
[2023-04-10 11:46:15,745] {logging_mixin.py:109} INFO - [2023-04-10 11:46:15,745] {dag.py:2921} INFO - Setting next_dagrun for example_trigger_controller_dag to 2021-01-01T00:00:00+00:00
[2023-04-10 11:46:15,753] {processor.py:171} INFO - Processing /home/airflow/.local/lib/python3.7/site-packages/airflow/example_dags/example_trigger_controller_dag.py took 0.053 seconds
[2023-04-10 11:46:45,985] {processor.py:163} INFO - Started process (PID=2491) to work on /home/airflow/.local/lib/python3.7/site-packages/airflow/example_dags/example_trigger_controller_dag.py
[2023-04-10 11:46:45,990] {processor.py:620} INFO - Processing file /home/airflow/.local/lib/python3.7/site-packages/airflow/example_dags/example_trigger_controller_dag.py for tasks to queue
[2023-04-10 11:46:45,991] {logging_mixin.py:109} INFO - [2023-04-10 11:46:45,991] {dagbag.py:500} INFO - Filling up the DagBag from /home/airflow/.local/lib/python3.7/site-packages/airflow/example_dags/example_trigger_controller_dag.py
[2023-04-10 11:46:46,010] {processor.py:632} INFO - DAG(s) dict_keys(['example_trigger_controller_dag']) retrieved from /home/airflow/.local/lib/python3.7/site-packages/airflow/example_dags/example_trigger_controller_dag.py
[2023-04-10 11:46:46,018] {logging_mixin.py:109} INFO - [2023-04-10 11:46:46,018] {dag.py:2389} INFO - Sync 1 DAGs
[2023-04-10 11:46:46,032] {logging_mixin.py:109} INFO - [2023-04-10 11:46:46,032] {dag.py:2921} INFO - Setting next_dagrun for example_trigger_controller_dag to 2021-01-01T00:00:00+00:00
[2023-04-10 11:46:46,040] {processor.py:171} INFO - Processing /home/airflow/.local/lib/python3.7/site-packages/airflow/example_dags/example_trigger_controller_dag.py took 0.057 seconds
[2023-04-10 11:47:16,335] {processor.py:163} INFO - Started process (PID=2542) to work on /home/airflow/.local/lib/python3.7/site-packages/airflow/example_dags/example_trigger_controller_dag.py
[2023-04-10 11:47:16,336] {processor.py:620} INFO - Processing file /home/airflow/.local/lib/python3.7/site-packages/airflow/example_dags/example_trigger_controller_dag.py for tasks to queue
[2023-04-10 11:47:16,336] {logging_mixin.py:109} INFO - [2023-04-10 11:47:16,336] {dagbag.py:500} INFO - Filling up the DagBag from /home/airflow/.local/lib/python3.7/site-packages/airflow/example_dags/example_trigger_controller_dag.py
[2023-04-10 11:47:16,354] {processor.py:632} INFO - DAG(s) dict_keys(['example_trigger_controller_dag']) retrieved from /home/airflow/.local/lib/python3.7/site-packages/airflow/example_dags/example_trigger_controller_dag.py
[2023-04-10 11:47:16,360] {logging_mixin.py:109} INFO - [2023-04-10 11:47:16,360] {dag.py:2389} INFO - Sync 1 DAGs
[2023-04-10 11:47:16,371] {logging_mixin.py:109} INFO - [2023-04-10 11:47:16,370] {dag.py:2921} INFO - Setting next_dagrun for example_trigger_controller_dag to 2021-01-01T00:00:00+00:00
[2023-04-10 11:47:16,379] {processor.py:171} INFO - Processing /home/airflow/.local/lib/python3.7/site-packages/airflow/example_dags/example_trigger_controller_dag.py took 0.046 seconds
[2023-04-10 11:47:47,185] {processor.py:163} INFO - Started process (PID=2602) to work on /home/airflow/.local/lib/python3.7/site-packages/airflow/example_dags/example_trigger_controller_dag.py
[2023-04-10 11:47:47,188] {processor.py:620} INFO - Processing file /home/airflow/.local/lib/python3.7/site-packages/airflow/example_dags/example_trigger_controller_dag.py for tasks to queue
[2023-04-10 11:47:47,188] {logging_mixin.py:109} INFO - [2023-04-10 11:47:47,188] {dagbag.py:500} INFO - Filling up the DagBag from /home/airflow/.local/lib/python3.7/site-packages/airflow/example_dags/example_trigger_controller_dag.py
[2023-04-10 11:47:47,234] {processor.py:632} INFO - DAG(s) dict_keys(['example_trigger_controller_dag']) retrieved from /home/airflow/.local/lib/python3.7/site-packages/airflow/example_dags/example_trigger_controller_dag.py
[2023-04-10 11:47:47,248] {logging_mixin.py:109} INFO - [2023-04-10 11:47:47,247] {dag.py:2389} INFO - Sync 1 DAGs
[2023-04-10 11:47:47,270] {logging_mixin.py:109} INFO - [2023-04-10 11:47:47,270] {dag.py:2921} INFO - Setting next_dagrun for example_trigger_controller_dag to 2021-01-01T00:00:00+00:00
[2023-04-10 11:47:47,291] {processor.py:171} INFO - Processing /home/airflow/.local/lib/python3.7/site-packages/airflow/example_dags/example_trigger_controller_dag.py took 0.110 seconds
[2023-04-10 11:48:04,333] {processor.py:163} INFO - Started process (PID=3137) to work on /home/airflow/.local/lib/python3.7/site-packages/airflow/example_dags/example_trigger_controller_dag.py
[2023-04-10 11:48:04,334] {processor.py:620} INFO - Processing file /home/airflow/.local/lib/python3.7/site-packages/airflow/example_dags/example_trigger_controller_dag.py for tasks to queue
[2023-04-10 11:48:04,335] {logging_mixin.py:109} INFO - [2023-04-10 11:48:04,334] {dagbag.py:500} INFO - Filling up the DagBag from /home/airflow/.local/lib/python3.7/site-packages/airflow/example_dags/example_trigger_controller_dag.py
[2023-04-10 11:48:04,362] {processor.py:632} INFO - DAG(s) dict_keys(['example_trigger_controller_dag']) retrieved from /home/airflow/.local/lib/python3.7/site-packages/airflow/example_dags/example_trigger_controller_dag.py
[2023-04-10 11:48:04,370] {logging_mixin.py:109} INFO - [2023-04-10 11:48:04,370] {dag.py:2389} INFO - Sync 1 DAGs
[2023-04-10 11:48:04,383] {logging_mixin.py:109} INFO - [2023-04-10 11:48:04,383] {dag.py:2921} INFO - Setting next_dagrun for example_trigger_controller_dag to 2021-01-01T00:00:00+00:00
[2023-04-10 11:48:04,392] {processor.py:171} INFO - Processing /home/airflow/.local/lib/python3.7/site-packages/airflow/example_dags/example_trigger_controller_dag.py took 0.061 seconds
[2023-04-10 11:48:17,411] {processor.py:163} INFO - Started process (PID=2653) to work on /home/airflow/.local/lib/python3.7/site-packages/airflow/example_dags/example_trigger_controller_dag.py
[2023-04-10 11:48:17,412] {processor.py:620} INFO - Processing file /home/airflow/.local/lib/python3.7/site-packages/airflow/example_dags/example_trigger_controller_dag.py for tasks to queue
[2023-04-10 11:48:17,412] {logging_mixin.py:109} INFO - [2023-04-10 11:48:17,412] {dagbag.py:500} INFO - Filling up the DagBag from /home/airflow/.local/lib/python3.7/site-packages/airflow/example_dags/example_trigger_controller_dag.py
[2023-04-10 11:48:17,431] {processor.py:632} INFO - DAG(s) dict_keys(['example_trigger_controller_dag']) retrieved from /home/airflow/.local/lib/python3.7/site-packages/airflow/example_dags/example_trigger_controller_dag.py
[2023-04-10 11:48:17,439] {logging_mixin.py:109} INFO - [2023-04-10 11:48:17,438] {dag.py:2389} INFO - Sync 1 DAGs
[2023-04-10 11:48:17,453] {logging_mixin.py:109} INFO - [2023-04-10 11:48:17,453] {dag.py:2921} INFO - Setting next_dagrun for example_trigger_controller_dag to 2021-01-01T00:00:00+00:00
[2023-04-10 11:48:17,462] {processor.py:171} INFO - Processing /home/airflow/.local/lib/python3.7/site-packages/airflow/example_dags/example_trigger_controller_dag.py took 0.053 seconds
[2023-04-10 11:48:48,282] {processor.py:163} INFO - Started process (PID=2704) to work on /home/airflow/.local/lib/python3.7/site-packages/airflow/example_dags/example_trigger_controller_dag.py
[2023-04-10 11:48:48,283] {processor.py:620} INFO - Processing file /home/airflow/.local/lib/python3.7/site-packages/airflow/example_dags/example_trigger_controller_dag.py for tasks to queue
[2023-04-10 11:48:48,283] {logging_mixin.py:109} INFO - [2023-04-10 11:48:48,283] {dagbag.py:500} INFO - Filling up the DagBag from /home/airflow/.local/lib/python3.7/site-packages/airflow/example_dags/example_trigger_controller_dag.py
[2023-04-10 11:48:48,304] {processor.py:632} INFO - DAG(s) dict_keys(['example_trigger_controller_dag']) retrieved from /home/airflow/.local/lib/python3.7/site-packages/airflow/example_dags/example_trigger_controller_dag.py
[2023-04-10 11:48:48,313] {logging_mixin.py:109} INFO - [2023-04-10 11:48:48,313] {dag.py:2389} INFO - Sync 1 DAGs
[2023-04-10 11:48:48,327] {logging_mixin.py:109} INFO - [2023-04-10 11:48:48,327] {dag.py:2921} INFO - Setting next_dagrun for example_trigger_controller_dag to 2021-01-01T00:00:00+00:00
[2023-04-10 11:48:48,410] {processor.py:171} INFO - Processing /home/airflow/.local/lib/python3.7/site-packages/airflow/example_dags/example_trigger_controller_dag.py took 0.131 seconds
