[2023-04-10 11:27:05,887] {processor.py:163} INFO - Started process (PID=319) to work on /home/airflow/.local/lib/python3.7/site-packages/airflow/example_dags/example_external_task_marker_dag.py
[2023-04-10 11:27:05,888] {processor.py:620} INFO - Processing file /home/airflow/.local/lib/python3.7/site-packages/airflow/example_dags/example_external_task_marker_dag.py for tasks to queue
[2023-04-10 11:27:05,888] {logging_mixin.py:109} INFO - [2023-04-10 11:27:05,888] {dagbag.py:500} INFO - Filling up the DagBag from /home/airflow/.local/lib/python3.7/site-packages/airflow/example_dags/example_external_task_marker_dag.py
[2023-04-10 11:27:05,918] {processor.py:632} INFO - DAG(s) dict_keys(['example_external_task_marker_parent', 'example_external_task_marker_child']) retrieved from /home/airflow/.local/lib/python3.7/site-packages/airflow/example_dags/example_external_task_marker_dag.py
[2023-04-10 11:27:08,206] {logging_mixin.py:109} INFO - [2023-04-10 11:27:08,206] {providers_manager.py:156} WARNING - Exception when importing 'airflow.providers.google.leveldb.hooks.leveldb.LevelDBHook' from 'apache-airflow-providers-google' package: No module named 'plyvel'
[2023-04-10 11:27:08,687] {logging_mixin.py:109} INFO - [2023-04-10 11:27:08,687] {providers_manager.py:156} WARNING - Exception when importing 'airflow.providers.google.leveldb.hooks.leveldb.LevelDBHook' from 'apache-airflow-providers-google' package: No module named 'plyvel'
[2023-04-10 11:27:08,717] {logging_mixin.py:109} INFO - [2023-04-10 11:27:08,716] {manager.py:496} INFO - Created Permission View: can read on DAG:example_external_task_marker_parent
[2023-04-10 11:27:08,726] {logging_mixin.py:109} INFO - [2023-04-10 11:27:08,726] {manager.py:496} INFO - Created Permission View: can edit on DAG:example_external_task_marker_parent
[2023-04-10 11:27:08,746] {logging_mixin.py:109} INFO - [2023-04-10 11:27:08,746] {manager.py:496} INFO - Created Permission View: can read on DAG:example_external_task_marker_child
[2023-04-10 11:27:08,755] {logging_mixin.py:109} INFO - [2023-04-10 11:27:08,755] {manager.py:496} INFO - Created Permission View: can edit on DAG:example_external_task_marker_child
[2023-04-10 11:27:08,756] {logging_mixin.py:109} INFO - [2023-04-10 11:27:08,755] {dag.py:2389} INFO - Sync 2 DAGs
[2023-04-10 11:27:08,763] {logging_mixin.py:109} INFO - [2023-04-10 11:27:08,763] {dag.py:2408} INFO - Creating ORM DAG for example_external_task_marker_parent
[2023-04-10 11:27:08,763] {logging_mixin.py:109} INFO - [2023-04-10 11:27:08,763] {dag.py:2408} INFO - Creating ORM DAG for example_external_task_marker_child
[2023-04-10 11:27:08,772] {logging_mixin.py:109} INFO - [2023-04-10 11:27:08,771] {dag.py:2921} INFO - Setting next_dagrun for example_external_task_marker_child to None
[2023-04-10 11:27:08,772] {logging_mixin.py:109} INFO - [2023-04-10 11:27:08,772] {dag.py:2921} INFO - Setting next_dagrun for example_external_task_marker_parent to None
[2023-04-10 11:27:08,787] {processor.py:171} INFO - Processing /home/airflow/.local/lib/python3.7/site-packages/airflow/example_dags/example_external_task_marker_dag.py took 2.903 seconds
[2023-04-10 11:27:39,065] {processor.py:163} INFO - Started process (PID=395) to work on /home/airflow/.local/lib/python3.7/site-packages/airflow/example_dags/example_external_task_marker_dag.py
[2023-04-10 11:27:39,066] {processor.py:620} INFO - Processing file /home/airflow/.local/lib/python3.7/site-packages/airflow/example_dags/example_external_task_marker_dag.py for tasks to queue
[2023-04-10 11:27:39,066] {logging_mixin.py:109} INFO - [2023-04-10 11:27:39,066] {dagbag.py:500} INFO - Filling up the DagBag from /home/airflow/.local/lib/python3.7/site-packages/airflow/example_dags/example_external_task_marker_dag.py
[2023-04-10 11:27:39,086] {processor.py:632} INFO - DAG(s) dict_keys(['example_external_task_marker_parent', 'example_external_task_marker_child']) retrieved from /home/airflow/.local/lib/python3.7/site-packages/airflow/example_dags/example_external_task_marker_dag.py
[2023-04-10 11:27:39,098] {logging_mixin.py:109} INFO - [2023-04-10 11:27:39,098] {dag.py:2389} INFO - Sync 2 DAGs
[2023-04-10 11:27:39,110] {logging_mixin.py:109} INFO - [2023-04-10 11:27:39,110] {dag.py:2921} INFO - Setting next_dagrun for example_external_task_marker_child to None
[2023-04-10 11:27:39,110] {logging_mixin.py:109} INFO - [2023-04-10 11:27:39,110] {dag.py:2921} INFO - Setting next_dagrun for example_external_task_marker_parent to None
[2023-04-10 11:27:39,119] {processor.py:171} INFO - Processing /home/airflow/.local/lib/python3.7/site-packages/airflow/example_dags/example_external_task_marker_dag.py took 0.056 seconds
[2023-04-10 11:28:09,242] {processor.py:163} INFO - Started process (PID=455) to work on /home/airflow/.local/lib/python3.7/site-packages/airflow/example_dags/example_external_task_marker_dag.py
[2023-04-10 11:28:09,249] {processor.py:620} INFO - Processing file /home/airflow/.local/lib/python3.7/site-packages/airflow/example_dags/example_external_task_marker_dag.py for tasks to queue
[2023-04-10 11:28:09,250] {logging_mixin.py:109} INFO - [2023-04-10 11:28:09,250] {dagbag.py:500} INFO - Filling up the DagBag from /home/airflow/.local/lib/python3.7/site-packages/airflow/example_dags/example_external_task_marker_dag.py
[2023-04-10 11:28:09,290] {processor.py:632} INFO - DAG(s) dict_keys(['example_external_task_marker_parent', 'example_external_task_marker_child']) retrieved from /home/airflow/.local/lib/python3.7/site-packages/airflow/example_dags/example_external_task_marker_dag.py
[2023-04-10 11:28:09,300] {logging_mixin.py:109} INFO - [2023-04-10 11:28:09,300] {dag.py:2389} INFO - Sync 2 DAGs
[2023-04-10 11:28:09,313] {logging_mixin.py:109} INFO - [2023-04-10 11:28:09,313] {dag.py:2921} INFO - Setting next_dagrun for example_external_task_marker_child to None
[2023-04-10 11:28:09,314] {logging_mixin.py:109} INFO - [2023-04-10 11:28:09,314] {dag.py:2921} INFO - Setting next_dagrun for example_external_task_marker_parent to None
[2023-04-10 11:28:09,322] {processor.py:171} INFO - Processing /home/airflow/.local/lib/python3.7/site-packages/airflow/example_dags/example_external_task_marker_dag.py took 0.082 seconds
[2023-04-10 11:28:39,526] {processor.py:163} INFO - Started process (PID=507) to work on /home/airflow/.local/lib/python3.7/site-packages/airflow/example_dags/example_external_task_marker_dag.py
[2023-04-10 11:28:39,528] {processor.py:620} INFO - Processing file /home/airflow/.local/lib/python3.7/site-packages/airflow/example_dags/example_external_task_marker_dag.py for tasks to queue
[2023-04-10 11:28:39,528] {logging_mixin.py:109} INFO - [2023-04-10 11:28:39,528] {dagbag.py:500} INFO - Filling up the DagBag from /home/airflow/.local/lib/python3.7/site-packages/airflow/example_dags/example_external_task_marker_dag.py
[2023-04-10 11:28:39,550] {processor.py:632} INFO - DAG(s) dict_keys(['example_external_task_marker_parent', 'example_external_task_marker_child']) retrieved from /home/airflow/.local/lib/python3.7/site-packages/airflow/example_dags/example_external_task_marker_dag.py
[2023-04-10 11:28:39,565] {logging_mixin.py:109} INFO - [2023-04-10 11:28:39,565] {dag.py:2389} INFO - Sync 2 DAGs
[2023-04-10 11:28:39,579] {logging_mixin.py:109} INFO - [2023-04-10 11:28:39,578] {dag.py:2921} INFO - Setting next_dagrun for example_external_task_marker_child to None
[2023-04-10 11:28:39,579] {logging_mixin.py:109} INFO - [2023-04-10 11:28:39,579] {dag.py:2921} INFO - Setting next_dagrun for example_external_task_marker_parent to None
[2023-04-10 11:28:39,588] {processor.py:171} INFO - Processing /home/airflow/.local/lib/python3.7/site-packages/airflow/example_dags/example_external_task_marker_dag.py took 0.064 seconds
[2023-04-10 11:29:09,734] {processor.py:163} INFO - Started process (PID=568) to work on /home/airflow/.local/lib/python3.7/site-packages/airflow/example_dags/example_external_task_marker_dag.py
[2023-04-10 11:29:09,735] {processor.py:620} INFO - Processing file /home/airflow/.local/lib/python3.7/site-packages/airflow/example_dags/example_external_task_marker_dag.py for tasks to queue
[2023-04-10 11:29:09,735] {logging_mixin.py:109} INFO - [2023-04-10 11:29:09,735] {dagbag.py:500} INFO - Filling up the DagBag from /home/airflow/.local/lib/python3.7/site-packages/airflow/example_dags/example_external_task_marker_dag.py
[2023-04-10 11:29:09,755] {processor.py:632} INFO - DAG(s) dict_keys(['example_external_task_marker_parent', 'example_external_task_marker_child']) retrieved from /home/airflow/.local/lib/python3.7/site-packages/airflow/example_dags/example_external_task_marker_dag.py
[2023-04-10 11:29:09,765] {logging_mixin.py:109} INFO - [2023-04-10 11:29:09,765] {dag.py:2389} INFO - Sync 2 DAGs
[2023-04-10 11:29:09,775] {logging_mixin.py:109} INFO - [2023-04-10 11:29:09,775] {dag.py:2921} INFO - Setting next_dagrun for example_external_task_marker_child to None
[2023-04-10 11:29:09,775] {logging_mixin.py:109} INFO - [2023-04-10 11:29:09,775] {dag.py:2921} INFO - Setting next_dagrun for example_external_task_marker_parent to None
[2023-04-10 11:29:09,783] {processor.py:171} INFO - Processing /home/airflow/.local/lib/python3.7/site-packages/airflow/example_dags/example_external_task_marker_dag.py took 0.051 seconds
[2023-04-10 11:29:40,002] {processor.py:163} INFO - Started process (PID=620) to work on /home/airflow/.local/lib/python3.7/site-packages/airflow/example_dags/example_external_task_marker_dag.py
[2023-04-10 11:29:40,003] {processor.py:620} INFO - Processing file /home/airflow/.local/lib/python3.7/site-packages/airflow/example_dags/example_external_task_marker_dag.py for tasks to queue
[2023-04-10 11:29:40,004] {logging_mixin.py:109} INFO - [2023-04-10 11:29:40,004] {dagbag.py:500} INFO - Filling up the DagBag from /home/airflow/.local/lib/python3.7/site-packages/airflow/example_dags/example_external_task_marker_dag.py
[2023-04-10 11:29:40,022] {processor.py:632} INFO - DAG(s) dict_keys(['example_external_task_marker_parent', 'example_external_task_marker_child']) retrieved from /home/airflow/.local/lib/python3.7/site-packages/airflow/example_dags/example_external_task_marker_dag.py
[2023-04-10 11:29:40,030] {logging_mixin.py:109} INFO - [2023-04-10 11:29:40,030] {dag.py:2389} INFO - Sync 2 DAGs
[2023-04-10 11:29:40,040] {logging_mixin.py:109} INFO - [2023-04-10 11:29:40,040] {dag.py:2921} INFO - Setting next_dagrun for example_external_task_marker_child to None
[2023-04-10 11:29:40,040] {logging_mixin.py:109} INFO - [2023-04-10 11:29:40,040] {dag.py:2921} INFO - Setting next_dagrun for example_external_task_marker_parent to None
[2023-04-10 11:29:40,048] {processor.py:171} INFO - Processing /home/airflow/.local/lib/python3.7/site-packages/airflow/example_dags/example_external_task_marker_dag.py took 0.047 seconds
[2023-04-10 11:30:10,464] {processor.py:163} INFO - Started process (PID=680) to work on /home/airflow/.local/lib/python3.7/site-packages/airflow/example_dags/example_external_task_marker_dag.py
[2023-04-10 11:30:10,465] {processor.py:620} INFO - Processing file /home/airflow/.local/lib/python3.7/site-packages/airflow/example_dags/example_external_task_marker_dag.py for tasks to queue
[2023-04-10 11:30:10,466] {logging_mixin.py:109} INFO - [2023-04-10 11:30:10,466] {dagbag.py:500} INFO - Filling up the DagBag from /home/airflow/.local/lib/python3.7/site-packages/airflow/example_dags/example_external_task_marker_dag.py
[2023-04-10 11:30:10,488] {processor.py:632} INFO - DAG(s) dict_keys(['example_external_task_marker_parent', 'example_external_task_marker_child']) retrieved from /home/airflow/.local/lib/python3.7/site-packages/airflow/example_dags/example_external_task_marker_dag.py
[2023-04-10 11:30:10,498] {logging_mixin.py:109} INFO - [2023-04-10 11:30:10,498] {dag.py:2389} INFO - Sync 2 DAGs
[2023-04-10 11:30:10,515] {logging_mixin.py:109} INFO - [2023-04-10 11:30:10,515] {dag.py:2921} INFO - Setting next_dagrun for example_external_task_marker_child to None
[2023-04-10 11:30:10,515] {logging_mixin.py:109} INFO - [2023-04-10 11:30:10,515] {dag.py:2921} INFO - Setting next_dagrun for example_external_task_marker_parent to None
[2023-04-10 11:30:10,524] {processor.py:171} INFO - Processing /home/airflow/.local/lib/python3.7/site-packages/airflow/example_dags/example_external_task_marker_dag.py took 0.063 seconds
[2023-04-10 11:30:40,805] {processor.py:163} INFO - Started process (PID=731) to work on /home/airflow/.local/lib/python3.7/site-packages/airflow/example_dags/example_external_task_marker_dag.py
[2023-04-10 11:30:40,806] {processor.py:620} INFO - Processing file /home/airflow/.local/lib/python3.7/site-packages/airflow/example_dags/example_external_task_marker_dag.py for tasks to queue
[2023-04-10 11:30:40,806] {logging_mixin.py:109} INFO - [2023-04-10 11:30:40,806] {dagbag.py:500} INFO - Filling up the DagBag from /home/airflow/.local/lib/python3.7/site-packages/airflow/example_dags/example_external_task_marker_dag.py
[2023-04-10 11:30:40,891] {processor.py:632} INFO - DAG(s) dict_keys(['example_external_task_marker_parent', 'example_external_task_marker_child']) retrieved from /home/airflow/.local/lib/python3.7/site-packages/airflow/example_dags/example_external_task_marker_dag.py
[2023-04-10 11:30:40,904] {logging_mixin.py:109} INFO - [2023-04-10 11:30:40,904] {dag.py:2389} INFO - Sync 2 DAGs
[2023-04-10 11:30:40,924] {logging_mixin.py:109} INFO - [2023-04-10 11:30:40,924] {dag.py:2921} INFO - Setting next_dagrun for example_external_task_marker_child to None
[2023-04-10 11:30:40,924] {logging_mixin.py:109} INFO - [2023-04-10 11:30:40,924] {dag.py:2921} INFO - Setting next_dagrun for example_external_task_marker_parent to None
[2023-04-10 11:30:40,936] {processor.py:171} INFO - Processing /home/airflow/.local/lib/python3.7/site-packages/airflow/example_dags/example_external_task_marker_dag.py took 0.134 seconds
[2023-04-10 11:31:11,239] {processor.py:163} INFO - Started process (PID=782) to work on /home/airflow/.local/lib/python3.7/site-packages/airflow/example_dags/example_external_task_marker_dag.py
[2023-04-10 11:31:11,240] {processor.py:620} INFO - Processing file /home/airflow/.local/lib/python3.7/site-packages/airflow/example_dags/example_external_task_marker_dag.py for tasks to queue
[2023-04-10 11:31:11,240] {logging_mixin.py:109} INFO - [2023-04-10 11:31:11,240] {dagbag.py:500} INFO - Filling up the DagBag from /home/airflow/.local/lib/python3.7/site-packages/airflow/example_dags/example_external_task_marker_dag.py
[2023-04-10 11:31:11,261] {processor.py:632} INFO - DAG(s) dict_keys(['example_external_task_marker_parent', 'example_external_task_marker_child']) retrieved from /home/airflow/.local/lib/python3.7/site-packages/airflow/example_dags/example_external_task_marker_dag.py
[2023-04-10 11:31:11,270] {logging_mixin.py:109} INFO - [2023-04-10 11:31:11,270] {dag.py:2389} INFO - Sync 2 DAGs
[2023-04-10 11:31:11,281] {logging_mixin.py:109} INFO - [2023-04-10 11:31:11,281] {dag.py:2921} INFO - Setting next_dagrun for example_external_task_marker_child to None
[2023-04-10 11:31:11,281] {logging_mixin.py:109} INFO - [2023-04-10 11:31:11,281] {dag.py:2921} INFO - Setting next_dagrun for example_external_task_marker_parent to None
[2023-04-10 11:31:11,291] {processor.py:171} INFO - Processing /home/airflow/.local/lib/python3.7/site-packages/airflow/example_dags/example_external_task_marker_dag.py took 0.054 seconds
[2023-04-10 11:31:41,584] {processor.py:163} INFO - Started process (PID=842) to work on /home/airflow/.local/lib/python3.7/site-packages/airflow/example_dags/example_external_task_marker_dag.py
[2023-04-10 11:31:41,585] {processor.py:620} INFO - Processing file /home/airflow/.local/lib/python3.7/site-packages/airflow/example_dags/example_external_task_marker_dag.py for tasks to queue
[2023-04-10 11:31:41,586] {logging_mixin.py:109} INFO - [2023-04-10 11:31:41,586] {dagbag.py:500} INFO - Filling up the DagBag from /home/airflow/.local/lib/python3.7/site-packages/airflow/example_dags/example_external_task_marker_dag.py
[2023-04-10 11:31:41,609] {processor.py:632} INFO - DAG(s) dict_keys(['example_external_task_marker_parent', 'example_external_task_marker_child']) retrieved from /home/airflow/.local/lib/python3.7/site-packages/airflow/example_dags/example_external_task_marker_dag.py
[2023-04-10 11:31:41,620] {logging_mixin.py:109} INFO - [2023-04-10 11:31:41,619] {dag.py:2389} INFO - Sync 2 DAGs
[2023-04-10 11:31:41,632] {logging_mixin.py:109} INFO - [2023-04-10 11:31:41,631] {dag.py:2921} INFO - Setting next_dagrun for example_external_task_marker_child to None
[2023-04-10 11:31:41,632] {logging_mixin.py:109} INFO - [2023-04-10 11:31:41,632] {dag.py:2921} INFO - Setting next_dagrun for example_external_task_marker_parent to None
[2023-04-10 11:31:41,642] {processor.py:171} INFO - Processing /home/airflow/.local/lib/python3.7/site-packages/airflow/example_dags/example_external_task_marker_dag.py took 0.061 seconds
[2023-04-10 11:32:11,699] {processor.py:163} INFO - Started process (PID=894) to work on /home/airflow/.local/lib/python3.7/site-packages/airflow/example_dags/example_external_task_marker_dag.py
[2023-04-10 11:32:11,700] {processor.py:620} INFO - Processing file /home/airflow/.local/lib/python3.7/site-packages/airflow/example_dags/example_external_task_marker_dag.py for tasks to queue
[2023-04-10 11:32:11,700] {logging_mixin.py:109} INFO - [2023-04-10 11:32:11,700] {dagbag.py:500} INFO - Filling up the DagBag from /home/airflow/.local/lib/python3.7/site-packages/airflow/example_dags/example_external_task_marker_dag.py
[2023-04-10 11:32:11,719] {processor.py:632} INFO - DAG(s) dict_keys(['example_external_task_marker_parent', 'example_external_task_marker_child']) retrieved from /home/airflow/.local/lib/python3.7/site-packages/airflow/example_dags/example_external_task_marker_dag.py
[2023-04-10 11:32:11,729] {logging_mixin.py:109} INFO - [2023-04-10 11:32:11,729] {dag.py:2389} INFO - Sync 2 DAGs
[2023-04-10 11:32:11,742] {logging_mixin.py:109} INFO - [2023-04-10 11:32:11,742] {dag.py:2921} INFO - Setting next_dagrun for example_external_task_marker_child to None
[2023-04-10 11:32:11,742] {logging_mixin.py:109} INFO - [2023-04-10 11:32:11,742] {dag.py:2921} INFO - Setting next_dagrun for example_external_task_marker_parent to None
[2023-04-10 11:32:11,748] {processor.py:171} INFO - Processing /home/airflow/.local/lib/python3.7/site-packages/airflow/example_dags/example_external_task_marker_dag.py took 0.052 seconds
[2023-04-10 11:32:42,014] {processor.py:163} INFO - Started process (PID=955) to work on /home/airflow/.local/lib/python3.7/site-packages/airflow/example_dags/example_external_task_marker_dag.py
[2023-04-10 11:32:42,015] {processor.py:620} INFO - Processing file /home/airflow/.local/lib/python3.7/site-packages/airflow/example_dags/example_external_task_marker_dag.py for tasks to queue
[2023-04-10 11:32:42,015] {logging_mixin.py:109} INFO - [2023-04-10 11:32:42,015] {dagbag.py:500} INFO - Filling up the DagBag from /home/airflow/.local/lib/python3.7/site-packages/airflow/example_dags/example_external_task_marker_dag.py
[2023-04-10 11:32:42,035] {processor.py:632} INFO - DAG(s) dict_keys(['example_external_task_marker_parent', 'example_external_task_marker_child']) retrieved from /home/airflow/.local/lib/python3.7/site-packages/airflow/example_dags/example_external_task_marker_dag.py
[2023-04-10 11:32:42,048] {logging_mixin.py:109} INFO - [2023-04-10 11:32:42,048] {dag.py:2389} INFO - Sync 2 DAGs
[2023-04-10 11:32:42,064] {logging_mixin.py:109} INFO - [2023-04-10 11:32:42,064] {dag.py:2921} INFO - Setting next_dagrun for example_external_task_marker_child to None
[2023-04-10 11:32:42,064] {logging_mixin.py:109} INFO - [2023-04-10 11:32:42,064] {dag.py:2921} INFO - Setting next_dagrun for example_external_task_marker_parent to None
[2023-04-10 11:32:42,073] {processor.py:171} INFO - Processing /home/airflow/.local/lib/python3.7/site-packages/airflow/example_dags/example_external_task_marker_dag.py took 0.061 seconds
[2023-04-10 11:33:12,475] {processor.py:163} INFO - Started process (PID=1007) to work on /home/airflow/.local/lib/python3.7/site-packages/airflow/example_dags/example_external_task_marker_dag.py
[2023-04-10 11:33:12,476] {processor.py:620} INFO - Processing file /home/airflow/.local/lib/python3.7/site-packages/airflow/example_dags/example_external_task_marker_dag.py for tasks to queue
[2023-04-10 11:33:12,477] {logging_mixin.py:109} INFO - [2023-04-10 11:33:12,477] {dagbag.py:500} INFO - Filling up the DagBag from /home/airflow/.local/lib/python3.7/site-packages/airflow/example_dags/example_external_task_marker_dag.py
[2023-04-10 11:33:12,497] {processor.py:632} INFO - DAG(s) dict_keys(['example_external_task_marker_parent', 'example_external_task_marker_child']) retrieved from /home/airflow/.local/lib/python3.7/site-packages/airflow/example_dags/example_external_task_marker_dag.py
[2023-04-10 11:33:12,507] {logging_mixin.py:109} INFO - [2023-04-10 11:33:12,506] {dag.py:2389} INFO - Sync 2 DAGs
[2023-04-10 11:33:12,518] {logging_mixin.py:109} INFO - [2023-04-10 11:33:12,518] {dag.py:2921} INFO - Setting next_dagrun for example_external_task_marker_child to None
[2023-04-10 11:33:12,518] {logging_mixin.py:109} INFO - [2023-04-10 11:33:12,518] {dag.py:2921} INFO - Setting next_dagrun for example_external_task_marker_parent to None
[2023-04-10 11:33:12,525] {processor.py:171} INFO - Processing /home/airflow/.local/lib/python3.7/site-packages/airflow/example_dags/example_external_task_marker_dag.py took 0.053 seconds
[2023-04-10 11:33:42,790] {processor.py:163} INFO - Started process (PID=1067) to work on /home/airflow/.local/lib/python3.7/site-packages/airflow/example_dags/example_external_task_marker_dag.py
[2023-04-10 11:33:42,791] {processor.py:620} INFO - Processing file /home/airflow/.local/lib/python3.7/site-packages/airflow/example_dags/example_external_task_marker_dag.py for tasks to queue
[2023-04-10 11:33:42,791] {logging_mixin.py:109} INFO - [2023-04-10 11:33:42,791] {dagbag.py:500} INFO - Filling up the DagBag from /home/airflow/.local/lib/python3.7/site-packages/airflow/example_dags/example_external_task_marker_dag.py
[2023-04-10 11:33:42,816] {processor.py:632} INFO - DAG(s) dict_keys(['example_external_task_marker_parent', 'example_external_task_marker_child']) retrieved from /home/airflow/.local/lib/python3.7/site-packages/airflow/example_dags/example_external_task_marker_dag.py
[2023-04-10 11:33:42,828] {logging_mixin.py:109} INFO - [2023-04-10 11:33:42,828] {dag.py:2389} INFO - Sync 2 DAGs
[2023-04-10 11:33:42,846] {logging_mixin.py:109} INFO - [2023-04-10 11:33:42,846] {dag.py:2921} INFO - Setting next_dagrun for example_external_task_marker_child to None
[2023-04-10 11:33:42,846] {logging_mixin.py:109} INFO - [2023-04-10 11:33:42,846] {dag.py:2921} INFO - Setting next_dagrun for example_external_task_marker_parent to None
[2023-04-10 11:33:42,855] {processor.py:171} INFO - Processing /home/airflow/.local/lib/python3.7/site-packages/airflow/example_dags/example_external_task_marker_dag.py took 0.068 seconds
[2023-04-10 11:34:13,507] {processor.py:163} INFO - Started process (PID=1118) to work on /home/airflow/.local/lib/python3.7/site-packages/airflow/example_dags/example_external_task_marker_dag.py
[2023-04-10 11:34:13,508] {processor.py:620} INFO - Processing file /home/airflow/.local/lib/python3.7/site-packages/airflow/example_dags/example_external_task_marker_dag.py for tasks to queue
[2023-04-10 11:34:13,509] {logging_mixin.py:109} INFO - [2023-04-10 11:34:13,509] {dagbag.py:500} INFO - Filling up the DagBag from /home/airflow/.local/lib/python3.7/site-packages/airflow/example_dags/example_external_task_marker_dag.py
[2023-04-10 11:34:13,553] {processor.py:632} INFO - DAG(s) dict_keys(['example_external_task_marker_parent', 'example_external_task_marker_child']) retrieved from /home/airflow/.local/lib/python3.7/site-packages/airflow/example_dags/example_external_task_marker_dag.py
[2023-04-10 11:34:13,578] {logging_mixin.py:109} INFO - [2023-04-10 11:34:13,578] {dag.py:2389} INFO - Sync 2 DAGs
[2023-04-10 11:34:13,599] {logging_mixin.py:109} INFO - [2023-04-10 11:34:13,599] {dag.py:2921} INFO - Setting next_dagrun for example_external_task_marker_child to None
[2023-04-10 11:34:13,600] {logging_mixin.py:109} INFO - [2023-04-10 11:34:13,600] {dag.py:2921} INFO - Setting next_dagrun for example_external_task_marker_parent to None
[2023-04-10 11:34:13,610] {processor.py:171} INFO - Processing /home/airflow/.local/lib/python3.7/site-packages/airflow/example_dags/example_external_task_marker_dag.py took 0.106 seconds
[2023-04-10 11:34:43,749] {processor.py:163} INFO - Started process (PID=1178) to work on /home/airflow/.local/lib/python3.7/site-packages/airflow/example_dags/example_external_task_marker_dag.py
[2023-04-10 11:34:43,750] {processor.py:620} INFO - Processing file /home/airflow/.local/lib/python3.7/site-packages/airflow/example_dags/example_external_task_marker_dag.py for tasks to queue
[2023-04-10 11:34:43,751] {logging_mixin.py:109} INFO - [2023-04-10 11:34:43,751] {dagbag.py:500} INFO - Filling up the DagBag from /home/airflow/.local/lib/python3.7/site-packages/airflow/example_dags/example_external_task_marker_dag.py
[2023-04-10 11:34:43,777] {processor.py:632} INFO - DAG(s) dict_keys(['example_external_task_marker_parent', 'example_external_task_marker_child']) retrieved from /home/airflow/.local/lib/python3.7/site-packages/airflow/example_dags/example_external_task_marker_dag.py
[2023-04-10 11:34:43,790] {logging_mixin.py:109} INFO - [2023-04-10 11:34:43,790] {dag.py:2389} INFO - Sync 2 DAGs
[2023-04-10 11:34:43,805] {logging_mixin.py:109} INFO - [2023-04-10 11:34:43,805] {dag.py:2921} INFO - Setting next_dagrun for example_external_task_marker_child to None
[2023-04-10 11:34:43,805] {logging_mixin.py:109} INFO - [2023-04-10 11:34:43,805] {dag.py:2921} INFO - Setting next_dagrun for example_external_task_marker_parent to None
[2023-04-10 11:34:43,815] {processor.py:171} INFO - Processing /home/airflow/.local/lib/python3.7/site-packages/airflow/example_dags/example_external_task_marker_dag.py took 0.068 seconds
[2023-04-10 11:35:14,145] {processor.py:163} INFO - Started process (PID=1229) to work on /home/airflow/.local/lib/python3.7/site-packages/airflow/example_dags/example_external_task_marker_dag.py
[2023-04-10 11:35:14,146] {processor.py:620} INFO - Processing file /home/airflow/.local/lib/python3.7/site-packages/airflow/example_dags/example_external_task_marker_dag.py for tasks to queue
[2023-04-10 11:35:14,147] {logging_mixin.py:109} INFO - [2023-04-10 11:35:14,146] {dagbag.py:500} INFO - Filling up the DagBag from /home/airflow/.local/lib/python3.7/site-packages/airflow/example_dags/example_external_task_marker_dag.py
[2023-04-10 11:35:14,165] {processor.py:632} INFO - DAG(s) dict_keys(['example_external_task_marker_parent', 'example_external_task_marker_child']) retrieved from /home/airflow/.local/lib/python3.7/site-packages/airflow/example_dags/example_external_task_marker_dag.py
[2023-04-10 11:35:14,175] {logging_mixin.py:109} INFO - [2023-04-10 11:35:14,175] {dag.py:2389} INFO - Sync 2 DAGs
[2023-04-10 11:35:14,186] {logging_mixin.py:109} INFO - [2023-04-10 11:35:14,186] {dag.py:2921} INFO - Setting next_dagrun for example_external_task_marker_child to None
[2023-04-10 11:35:14,186] {logging_mixin.py:109} INFO - [2023-04-10 11:35:14,186] {dag.py:2921} INFO - Setting next_dagrun for example_external_task_marker_parent to None
[2023-04-10 11:35:14,194] {processor.py:171} INFO - Processing /home/airflow/.local/lib/python3.7/site-packages/airflow/example_dags/example_external_task_marker_dag.py took 0.051 seconds
[2023-04-10 11:35:44,395] {processor.py:163} INFO - Started process (PID=1280) to work on /home/airflow/.local/lib/python3.7/site-packages/airflow/example_dags/example_external_task_marker_dag.py
[2023-04-10 11:35:44,395] {processor.py:620} INFO - Processing file /home/airflow/.local/lib/python3.7/site-packages/airflow/example_dags/example_external_task_marker_dag.py for tasks to queue
[2023-04-10 11:35:44,396] {logging_mixin.py:109} INFO - [2023-04-10 11:35:44,396] {dagbag.py:500} INFO - Filling up the DagBag from /home/airflow/.local/lib/python3.7/site-packages/airflow/example_dags/example_external_task_marker_dag.py
[2023-04-10 11:35:44,414] {processor.py:632} INFO - DAG(s) dict_keys(['example_external_task_marker_parent', 'example_external_task_marker_child']) retrieved from /home/airflow/.local/lib/python3.7/site-packages/airflow/example_dags/example_external_task_marker_dag.py
[2023-04-10 11:35:44,423] {logging_mixin.py:109} INFO - [2023-04-10 11:35:44,423] {dag.py:2389} INFO - Sync 2 DAGs
[2023-04-10 11:35:44,432] {logging_mixin.py:109} INFO - [2023-04-10 11:35:44,432] {dag.py:2921} INFO - Setting next_dagrun for example_external_task_marker_child to None
[2023-04-10 11:35:44,432] {logging_mixin.py:109} INFO - [2023-04-10 11:35:44,432] {dag.py:2921} INFO - Setting next_dagrun for example_external_task_marker_parent to None
[2023-04-10 11:35:44,440] {processor.py:171} INFO - Processing /home/airflow/.local/lib/python3.7/site-packages/airflow/example_dags/example_external_task_marker_dag.py took 0.048 seconds
[2023-04-10 11:36:14,756] {processor.py:163} INFO - Started process (PID=1341) to work on /home/airflow/.local/lib/python3.7/site-packages/airflow/example_dags/example_external_task_marker_dag.py
[2023-04-10 11:36:14,757] {processor.py:620} INFO - Processing file /home/airflow/.local/lib/python3.7/site-packages/airflow/example_dags/example_external_task_marker_dag.py for tasks to queue
[2023-04-10 11:36:14,757] {logging_mixin.py:109} INFO - [2023-04-10 11:36:14,757] {dagbag.py:500} INFO - Filling up the DagBag from /home/airflow/.local/lib/python3.7/site-packages/airflow/example_dags/example_external_task_marker_dag.py
[2023-04-10 11:36:14,786] {processor.py:632} INFO - DAG(s) dict_keys(['example_external_task_marker_parent', 'example_external_task_marker_child']) retrieved from /home/airflow/.local/lib/python3.7/site-packages/airflow/example_dags/example_external_task_marker_dag.py
[2023-04-10 11:36:14,800] {logging_mixin.py:109} INFO - [2023-04-10 11:36:14,800] {dag.py:2389} INFO - Sync 2 DAGs
[2023-04-10 11:36:14,814] {logging_mixin.py:109} INFO - [2023-04-10 11:36:14,814] {dag.py:2921} INFO - Setting next_dagrun for example_external_task_marker_child to None
[2023-04-10 11:36:14,815] {logging_mixin.py:109} INFO - [2023-04-10 11:36:14,814] {dag.py:2921} INFO - Setting next_dagrun for example_external_task_marker_parent to None
[2023-04-10 11:36:14,823] {processor.py:171} INFO - Processing /home/airflow/.local/lib/python3.7/site-packages/airflow/example_dags/example_external_task_marker_dag.py took 0.070 seconds
[2023-04-10 11:36:45,160] {processor.py:163} INFO - Started process (PID=1393) to work on /home/airflow/.local/lib/python3.7/site-packages/airflow/example_dags/example_external_task_marker_dag.py
[2023-04-10 11:36:45,161] {processor.py:620} INFO - Processing file /home/airflow/.local/lib/python3.7/site-packages/airflow/example_dags/example_external_task_marker_dag.py for tasks to queue
[2023-04-10 11:36:45,161] {logging_mixin.py:109} INFO - [2023-04-10 11:36:45,161] {dagbag.py:500} INFO - Filling up the DagBag from /home/airflow/.local/lib/python3.7/site-packages/airflow/example_dags/example_external_task_marker_dag.py
[2023-04-10 11:36:45,180] {processor.py:632} INFO - DAG(s) dict_keys(['example_external_task_marker_parent', 'example_external_task_marker_child']) retrieved from /home/airflow/.local/lib/python3.7/site-packages/airflow/example_dags/example_external_task_marker_dag.py
[2023-04-10 11:36:45,189] {logging_mixin.py:109} INFO - [2023-04-10 11:36:45,188] {dag.py:2389} INFO - Sync 2 DAGs
[2023-04-10 11:36:45,199] {logging_mixin.py:109} INFO - [2023-04-10 11:36:45,199] {dag.py:2921} INFO - Setting next_dagrun for example_external_task_marker_child to None
[2023-04-10 11:36:45,199] {logging_mixin.py:109} INFO - [2023-04-10 11:36:45,199] {dag.py:2921} INFO - Setting next_dagrun for example_external_task_marker_parent to None
[2023-04-10 11:36:45,208] {processor.py:171} INFO - Processing /home/airflow/.local/lib/python3.7/site-packages/airflow/example_dags/example_external_task_marker_dag.py took 0.050 seconds
[2023-04-10 11:37:15,541] {processor.py:163} INFO - Started process (PID=1453) to work on /home/airflow/.local/lib/python3.7/site-packages/airflow/example_dags/example_external_task_marker_dag.py
[2023-04-10 11:37:15,542] {processor.py:620} INFO - Processing file /home/airflow/.local/lib/python3.7/site-packages/airflow/example_dags/example_external_task_marker_dag.py for tasks to queue
[2023-04-10 11:37:15,542] {logging_mixin.py:109} INFO - [2023-04-10 11:37:15,542] {dagbag.py:500} INFO - Filling up the DagBag from /home/airflow/.local/lib/python3.7/site-packages/airflow/example_dags/example_external_task_marker_dag.py
[2023-04-10 11:37:15,567] {processor.py:632} INFO - DAG(s) dict_keys(['example_external_task_marker_parent', 'example_external_task_marker_child']) retrieved from /home/airflow/.local/lib/python3.7/site-packages/airflow/example_dags/example_external_task_marker_dag.py
[2023-04-10 11:37:15,581] {logging_mixin.py:109} INFO - [2023-04-10 11:37:15,581] {dag.py:2389} INFO - Sync 2 DAGs
[2023-04-10 11:37:15,595] {logging_mixin.py:109} INFO - [2023-04-10 11:37:15,595] {dag.py:2921} INFO - Setting next_dagrun for example_external_task_marker_child to None
[2023-04-10 11:37:15,596] {logging_mixin.py:109} INFO - [2023-04-10 11:37:15,596] {dag.py:2921} INFO - Setting next_dagrun for example_external_task_marker_parent to None
[2023-04-10 11:37:15,604] {processor.py:171} INFO - Processing /home/airflow/.local/lib/python3.7/site-packages/airflow/example_dags/example_external_task_marker_dag.py took 0.067 seconds
[2023-04-10 11:37:45,779] {processor.py:163} INFO - Started process (PID=1504) to work on /home/airflow/.local/lib/python3.7/site-packages/airflow/example_dags/example_external_task_marker_dag.py
[2023-04-10 11:37:45,780] {processor.py:620} INFO - Processing file /home/airflow/.local/lib/python3.7/site-packages/airflow/example_dags/example_external_task_marker_dag.py for tasks to queue
[2023-04-10 11:37:45,780] {logging_mixin.py:109} INFO - [2023-04-10 11:37:45,780] {dagbag.py:500} INFO - Filling up the DagBag from /home/airflow/.local/lib/python3.7/site-packages/airflow/example_dags/example_external_task_marker_dag.py
[2023-04-10 11:37:45,799] {processor.py:632} INFO - DAG(s) dict_keys(['example_external_task_marker_parent', 'example_external_task_marker_child']) retrieved from /home/airflow/.local/lib/python3.7/site-packages/airflow/example_dags/example_external_task_marker_dag.py
[2023-04-10 11:37:45,809] {logging_mixin.py:109} INFO - [2023-04-10 11:37:45,809] {dag.py:2389} INFO - Sync 2 DAGs
[2023-04-10 11:37:45,820] {logging_mixin.py:109} INFO - [2023-04-10 11:37:45,820] {dag.py:2921} INFO - Setting next_dagrun for example_external_task_marker_child to None
[2023-04-10 11:37:45,820] {logging_mixin.py:109} INFO - [2023-04-10 11:37:45,820] {dag.py:2921} INFO - Setting next_dagrun for example_external_task_marker_parent to None
[2023-04-10 11:37:45,828] {processor.py:171} INFO - Processing /home/airflow/.local/lib/python3.7/site-packages/airflow/example_dags/example_external_task_marker_dag.py took 0.051 seconds
[2023-04-10 11:38:16,134] {processor.py:163} INFO - Started process (PID=1556) to work on /home/airflow/.local/lib/python3.7/site-packages/airflow/example_dags/example_external_task_marker_dag.py
[2023-04-10 11:38:16,135] {processor.py:620} INFO - Processing file /home/airflow/.local/lib/python3.7/site-packages/airflow/example_dags/example_external_task_marker_dag.py for tasks to queue
[2023-04-10 11:38:16,135] {logging_mixin.py:109} INFO - [2023-04-10 11:38:16,135] {dagbag.py:500} INFO - Filling up the DagBag from /home/airflow/.local/lib/python3.7/site-packages/airflow/example_dags/example_external_task_marker_dag.py
[2023-04-10 11:38:16,155] {processor.py:632} INFO - DAG(s) dict_keys(['example_external_task_marker_parent', 'example_external_task_marker_child']) retrieved from /home/airflow/.local/lib/python3.7/site-packages/airflow/example_dags/example_external_task_marker_dag.py
[2023-04-10 11:38:16,167] {logging_mixin.py:109} INFO - [2023-04-10 11:38:16,167] {dag.py:2389} INFO - Sync 2 DAGs
[2023-04-10 11:38:16,180] {logging_mixin.py:109} INFO - [2023-04-10 11:38:16,180] {dag.py:2921} INFO - Setting next_dagrun for example_external_task_marker_child to None
[2023-04-10 11:38:16,180] {logging_mixin.py:109} INFO - [2023-04-10 11:38:16,180] {dag.py:2921} INFO - Setting next_dagrun for example_external_task_marker_parent to None
[2023-04-10 11:38:16,188] {processor.py:171} INFO - Processing /home/airflow/.local/lib/python3.7/site-packages/airflow/example_dags/example_external_task_marker_dag.py took 0.056 seconds
[2023-04-10 11:38:46,255] {processor.py:163} INFO - Started process (PID=1616) to work on /home/airflow/.local/lib/python3.7/site-packages/airflow/example_dags/example_external_task_marker_dag.py
[2023-04-10 11:38:46,256] {processor.py:620} INFO - Processing file /home/airflow/.local/lib/python3.7/site-packages/airflow/example_dags/example_external_task_marker_dag.py for tasks to queue
[2023-04-10 11:38:46,256] {logging_mixin.py:109} INFO - [2023-04-10 11:38:46,256] {dagbag.py:500} INFO - Filling up the DagBag from /home/airflow/.local/lib/python3.7/site-packages/airflow/example_dags/example_external_task_marker_dag.py
[2023-04-10 11:38:46,275] {processor.py:632} INFO - DAG(s) dict_keys(['example_external_task_marker_parent', 'example_external_task_marker_child']) retrieved from /home/airflow/.local/lib/python3.7/site-packages/airflow/example_dags/example_external_task_marker_dag.py
[2023-04-10 11:38:46,284] {logging_mixin.py:109} INFO - [2023-04-10 11:38:46,284] {dag.py:2389} INFO - Sync 2 DAGs
[2023-04-10 11:38:46,294] {logging_mixin.py:109} INFO - [2023-04-10 11:38:46,294] {dag.py:2921} INFO - Setting next_dagrun for example_external_task_marker_child to None
[2023-04-10 11:38:46,294] {logging_mixin.py:109} INFO - [2023-04-10 11:38:46,294] {dag.py:2921} INFO - Setting next_dagrun for example_external_task_marker_parent to None
[2023-04-10 11:38:46,302] {processor.py:171} INFO - Processing /home/airflow/.local/lib/python3.7/site-packages/airflow/example_dags/example_external_task_marker_dag.py took 0.049 seconds
[2023-04-10 11:39:16,592] {processor.py:163} INFO - Started process (PID=1667) to work on /home/airflow/.local/lib/python3.7/site-packages/airflow/example_dags/example_external_task_marker_dag.py
[2023-04-10 11:39:16,592] {processor.py:620} INFO - Processing file /home/airflow/.local/lib/python3.7/site-packages/airflow/example_dags/example_external_task_marker_dag.py for tasks to queue
[2023-04-10 11:39:16,592] {logging_mixin.py:109} INFO - [2023-04-10 11:39:16,592] {dagbag.py:500} INFO - Filling up the DagBag from /home/airflow/.local/lib/python3.7/site-packages/airflow/example_dags/example_external_task_marker_dag.py
[2023-04-10 11:39:16,611] {processor.py:632} INFO - DAG(s) dict_keys(['example_external_task_marker_parent', 'example_external_task_marker_child']) retrieved from /home/airflow/.local/lib/python3.7/site-packages/airflow/example_dags/example_external_task_marker_dag.py
[2023-04-10 11:39:16,620] {logging_mixin.py:109} INFO - [2023-04-10 11:39:16,620] {dag.py:2389} INFO - Sync 2 DAGs
[2023-04-10 11:39:16,630] {logging_mixin.py:109} INFO - [2023-04-10 11:39:16,630] {dag.py:2921} INFO - Setting next_dagrun for example_external_task_marker_child to None
[2023-04-10 11:39:16,630] {logging_mixin.py:109} INFO - [2023-04-10 11:39:16,630] {dag.py:2921} INFO - Setting next_dagrun for example_external_task_marker_parent to None
[2023-04-10 11:39:16,638] {processor.py:171} INFO - Processing /home/airflow/.local/lib/python3.7/site-packages/airflow/example_dags/example_external_task_marker_dag.py took 0.048 seconds
[2023-04-10 11:39:46,888] {processor.py:163} INFO - Started process (PID=1727) to work on /home/airflow/.local/lib/python3.7/site-packages/airflow/example_dags/example_external_task_marker_dag.py
[2023-04-10 11:39:46,889] {processor.py:620} INFO - Processing file /home/airflow/.local/lib/python3.7/site-packages/airflow/example_dags/example_external_task_marker_dag.py for tasks to queue
[2023-04-10 11:39:46,889] {logging_mixin.py:109} INFO - [2023-04-10 11:39:46,889] {dagbag.py:500} INFO - Filling up the DagBag from /home/airflow/.local/lib/python3.7/site-packages/airflow/example_dags/example_external_task_marker_dag.py
[2023-04-10 11:39:46,910] {processor.py:632} INFO - DAG(s) dict_keys(['example_external_task_marker_parent', 'example_external_task_marker_child']) retrieved from /home/airflow/.local/lib/python3.7/site-packages/airflow/example_dags/example_external_task_marker_dag.py
[2023-04-10 11:39:46,919] {logging_mixin.py:109} INFO - [2023-04-10 11:39:46,919] {dag.py:2389} INFO - Sync 2 DAGs
[2023-04-10 11:39:46,931] {logging_mixin.py:109} INFO - [2023-04-10 11:39:46,931] {dag.py:2921} INFO - Setting next_dagrun for example_external_task_marker_child to None
[2023-04-10 11:39:46,931] {logging_mixin.py:109} INFO - [2023-04-10 11:39:46,931] {dag.py:2921} INFO - Setting next_dagrun for example_external_task_marker_parent to None
[2023-04-10 11:39:46,939] {processor.py:171} INFO - Processing /home/airflow/.local/lib/python3.7/site-packages/airflow/example_dags/example_external_task_marker_dag.py took 0.053 seconds
[2023-04-10 11:40:17,077] {processor.py:163} INFO - Started process (PID=1778) to work on /home/airflow/.local/lib/python3.7/site-packages/airflow/example_dags/example_external_task_marker_dag.py
[2023-04-10 11:40:17,078] {processor.py:620} INFO - Processing file /home/airflow/.local/lib/python3.7/site-packages/airflow/example_dags/example_external_task_marker_dag.py for tasks to queue
[2023-04-10 11:40:17,079] {logging_mixin.py:109} INFO - [2023-04-10 11:40:17,079] {dagbag.py:500} INFO - Filling up the DagBag from /home/airflow/.local/lib/python3.7/site-packages/airflow/example_dags/example_external_task_marker_dag.py
[2023-04-10 11:40:17,098] {processor.py:632} INFO - DAG(s) dict_keys(['example_external_task_marker_parent', 'example_external_task_marker_child']) retrieved from /home/airflow/.local/lib/python3.7/site-packages/airflow/example_dags/example_external_task_marker_dag.py
[2023-04-10 11:40:17,109] {logging_mixin.py:109} INFO - [2023-04-10 11:40:17,108] {dag.py:2389} INFO - Sync 2 DAGs
[2023-04-10 11:40:17,121] {logging_mixin.py:109} INFO - [2023-04-10 11:40:17,121] {dag.py:2921} INFO - Setting next_dagrun for example_external_task_marker_child to None
[2023-04-10 11:40:17,121] {logging_mixin.py:109} INFO - [2023-04-10 11:40:17,121] {dag.py:2921} INFO - Setting next_dagrun for example_external_task_marker_parent to None
[2023-04-10 11:40:17,129] {processor.py:171} INFO - Processing /home/airflow/.local/lib/python3.7/site-packages/airflow/example_dags/example_external_task_marker_dag.py took 0.054 seconds
[2023-04-10 11:40:47,445] {processor.py:163} INFO - Started process (PID=1838) to work on /home/airflow/.local/lib/python3.7/site-packages/airflow/example_dags/example_external_task_marker_dag.py
[2023-04-10 11:40:47,446] {processor.py:620} INFO - Processing file /home/airflow/.local/lib/python3.7/site-packages/airflow/example_dags/example_external_task_marker_dag.py for tasks to queue
[2023-04-10 11:40:47,446] {logging_mixin.py:109} INFO - [2023-04-10 11:40:47,446] {dagbag.py:500} INFO - Filling up the DagBag from /home/airflow/.local/lib/python3.7/site-packages/airflow/example_dags/example_external_task_marker_dag.py
[2023-04-10 11:40:47,466] {processor.py:632} INFO - DAG(s) dict_keys(['example_external_task_marker_parent', 'example_external_task_marker_child']) retrieved from /home/airflow/.local/lib/python3.7/site-packages/airflow/example_dags/example_external_task_marker_dag.py
[2023-04-10 11:40:47,476] {logging_mixin.py:109} INFO - [2023-04-10 11:40:47,476] {dag.py:2389} INFO - Sync 2 DAGs
[2023-04-10 11:40:47,486] {logging_mixin.py:109} INFO - [2023-04-10 11:40:47,486] {dag.py:2921} INFO - Setting next_dagrun for example_external_task_marker_child to None
[2023-04-10 11:40:47,486] {logging_mixin.py:109} INFO - [2023-04-10 11:40:47,486] {dag.py:2921} INFO - Setting next_dagrun for example_external_task_marker_parent to None
[2023-04-10 11:40:47,494] {processor.py:171} INFO - Processing /home/airflow/.local/lib/python3.7/site-packages/airflow/example_dags/example_external_task_marker_dag.py took 0.051 seconds
[2023-04-10 11:41:17,660] {processor.py:163} INFO - Started process (PID=1889) to work on /home/airflow/.local/lib/python3.7/site-packages/airflow/example_dags/example_external_task_marker_dag.py
[2023-04-10 11:41:17,661] {processor.py:620} INFO - Processing file /home/airflow/.local/lib/python3.7/site-packages/airflow/example_dags/example_external_task_marker_dag.py for tasks to queue
[2023-04-10 11:41:17,662] {logging_mixin.py:109} INFO - [2023-04-10 11:41:17,662] {dagbag.py:500} INFO - Filling up the DagBag from /home/airflow/.local/lib/python3.7/site-packages/airflow/example_dags/example_external_task_marker_dag.py
[2023-04-10 11:41:17,684] {processor.py:632} INFO - DAG(s) dict_keys(['example_external_task_marker_parent', 'example_external_task_marker_child']) retrieved from /home/airflow/.local/lib/python3.7/site-packages/airflow/example_dags/example_external_task_marker_dag.py
[2023-04-10 11:41:17,696] {logging_mixin.py:109} INFO - [2023-04-10 11:41:17,696] {dag.py:2389} INFO - Sync 2 DAGs
[2023-04-10 11:41:17,708] {logging_mixin.py:109} INFO - [2023-04-10 11:41:17,708] {dag.py:2921} INFO - Setting next_dagrun for example_external_task_marker_child to None
[2023-04-10 11:41:17,708] {logging_mixin.py:109} INFO - [2023-04-10 11:41:17,708] {dag.py:2921} INFO - Setting next_dagrun for example_external_task_marker_parent to None
[2023-04-10 11:41:17,716] {processor.py:171} INFO - Processing /home/airflow/.local/lib/python3.7/site-packages/airflow/example_dags/example_external_task_marker_dag.py took 0.058 seconds
[2023-04-10 11:41:47,998] {processor.py:163} INFO - Started process (PID=1949) to work on /home/airflow/.local/lib/python3.7/site-packages/airflow/example_dags/example_external_task_marker_dag.py
[2023-04-10 11:41:47,999] {processor.py:620} INFO - Processing file /home/airflow/.local/lib/python3.7/site-packages/airflow/example_dags/example_external_task_marker_dag.py for tasks to queue
[2023-04-10 11:41:47,999] {logging_mixin.py:109} INFO - [2023-04-10 11:41:47,999] {dagbag.py:500} INFO - Filling up the DagBag from /home/airflow/.local/lib/python3.7/site-packages/airflow/example_dags/example_external_task_marker_dag.py
[2023-04-10 11:41:48,022] {processor.py:632} INFO - DAG(s) dict_keys(['example_external_task_marker_parent', 'example_external_task_marker_child']) retrieved from /home/airflow/.local/lib/python3.7/site-packages/airflow/example_dags/example_external_task_marker_dag.py
[2023-04-10 11:41:48,035] {logging_mixin.py:109} INFO - [2023-04-10 11:41:48,034] {dag.py:2389} INFO - Sync 2 DAGs
[2023-04-10 11:41:48,049] {logging_mixin.py:109} INFO - [2023-04-10 11:41:48,049] {dag.py:2921} INFO - Setting next_dagrun for example_external_task_marker_child to None
[2023-04-10 11:41:48,049] {logging_mixin.py:109} INFO - [2023-04-10 11:41:48,049] {dag.py:2921} INFO - Setting next_dagrun for example_external_task_marker_parent to None
[2023-04-10 11:41:48,060] {processor.py:171} INFO - Processing /home/airflow/.local/lib/python3.7/site-packages/airflow/example_dags/example_external_task_marker_dag.py took 0.065 seconds
[2023-04-10 11:42:18,412] {processor.py:163} INFO - Started process (PID=2001) to work on /home/airflow/.local/lib/python3.7/site-packages/airflow/example_dags/example_external_task_marker_dag.py
[2023-04-10 11:42:18,413] {processor.py:620} INFO - Processing file /home/airflow/.local/lib/python3.7/site-packages/airflow/example_dags/example_external_task_marker_dag.py for tasks to queue
[2023-04-10 11:42:18,414] {logging_mixin.py:109} INFO - [2023-04-10 11:42:18,414] {dagbag.py:500} INFO - Filling up the DagBag from /home/airflow/.local/lib/python3.7/site-packages/airflow/example_dags/example_external_task_marker_dag.py
[2023-04-10 11:42:18,434] {processor.py:632} INFO - DAG(s) dict_keys(['example_external_task_marker_parent', 'example_external_task_marker_child']) retrieved from /home/airflow/.local/lib/python3.7/site-packages/airflow/example_dags/example_external_task_marker_dag.py
[2023-04-10 11:42:18,443] {logging_mixin.py:109} INFO - [2023-04-10 11:42:18,443] {dag.py:2389} INFO - Sync 2 DAGs
[2023-04-10 11:42:18,455] {logging_mixin.py:109} INFO - [2023-04-10 11:42:18,455] {dag.py:2921} INFO - Setting next_dagrun for example_external_task_marker_child to None
[2023-04-10 11:42:18,456] {logging_mixin.py:109} INFO - [2023-04-10 11:42:18,456] {dag.py:2921} INFO - Setting next_dagrun for example_external_task_marker_parent to None
[2023-04-10 11:42:18,464] {processor.py:171} INFO - Processing /home/airflow/.local/lib/python3.7/site-packages/airflow/example_dags/example_external_task_marker_dag.py took 0.054 seconds
[2023-04-10 11:42:48,651] {processor.py:163} INFO - Started process (PID=2061) to work on /home/airflow/.local/lib/python3.7/site-packages/airflow/example_dags/example_external_task_marker_dag.py
[2023-04-10 11:42:48,652] {processor.py:620} INFO - Processing file /home/airflow/.local/lib/python3.7/site-packages/airflow/example_dags/example_external_task_marker_dag.py for tasks to queue
[2023-04-10 11:42:48,653] {logging_mixin.py:109} INFO - [2023-04-10 11:42:48,653] {dagbag.py:500} INFO - Filling up the DagBag from /home/airflow/.local/lib/python3.7/site-packages/airflow/example_dags/example_external_task_marker_dag.py
[2023-04-10 11:42:48,684] {processor.py:632} INFO - DAG(s) dict_keys(['example_external_task_marker_parent', 'example_external_task_marker_child']) retrieved from /home/airflow/.local/lib/python3.7/site-packages/airflow/example_dags/example_external_task_marker_dag.py
[2023-04-10 11:42:48,700] {logging_mixin.py:109} INFO - [2023-04-10 11:42:48,699] {dag.py:2389} INFO - Sync 2 DAGs
[2023-04-10 11:42:48,718] {logging_mixin.py:109} INFO - [2023-04-10 11:42:48,718] {dag.py:2921} INFO - Setting next_dagrun for example_external_task_marker_child to None
[2023-04-10 11:42:48,719] {logging_mixin.py:109} INFO - [2023-04-10 11:42:48,719] {dag.py:2921} INFO - Setting next_dagrun for example_external_task_marker_parent to None
[2023-04-10 11:42:48,731] {processor.py:171} INFO - Processing /home/airflow/.local/lib/python3.7/site-packages/airflow/example_dags/example_external_task_marker_dag.py took 0.084 seconds
[2023-04-10 11:43:18,991] {processor.py:163} INFO - Started process (PID=2112) to work on /home/airflow/.local/lib/python3.7/site-packages/airflow/example_dags/example_external_task_marker_dag.py
[2023-04-10 11:43:18,992] {processor.py:620} INFO - Processing file /home/airflow/.local/lib/python3.7/site-packages/airflow/example_dags/example_external_task_marker_dag.py for tasks to queue
[2023-04-10 11:43:18,993] {logging_mixin.py:109} INFO - [2023-04-10 11:43:18,993] {dagbag.py:500} INFO - Filling up the DagBag from /home/airflow/.local/lib/python3.7/site-packages/airflow/example_dags/example_external_task_marker_dag.py
[2023-04-10 11:43:19,013] {processor.py:632} INFO - DAG(s) dict_keys(['example_external_task_marker_parent', 'example_external_task_marker_child']) retrieved from /home/airflow/.local/lib/python3.7/site-packages/airflow/example_dags/example_external_task_marker_dag.py
[2023-04-10 11:43:19,022] {logging_mixin.py:109} INFO - [2023-04-10 11:43:19,022] {dag.py:2389} INFO - Sync 2 DAGs
[2023-04-10 11:43:19,033] {logging_mixin.py:109} INFO - [2023-04-10 11:43:19,033] {dag.py:2921} INFO - Setting next_dagrun for example_external_task_marker_child to None
[2023-04-10 11:43:19,034] {logging_mixin.py:109} INFO - [2023-04-10 11:43:19,034] {dag.py:2921} INFO - Setting next_dagrun for example_external_task_marker_parent to None
[2023-04-10 11:43:19,042] {processor.py:171} INFO - Processing /home/airflow/.local/lib/python3.7/site-packages/airflow/example_dags/example_external_task_marker_dag.py took 0.053 seconds
[2023-04-10 11:43:49,179] {processor.py:163} INFO - Started process (PID=2163) to work on /home/airflow/.local/lib/python3.7/site-packages/airflow/example_dags/example_external_task_marker_dag.py
[2023-04-10 11:43:49,179] {processor.py:620} INFO - Processing file /home/airflow/.local/lib/python3.7/site-packages/airflow/example_dags/example_external_task_marker_dag.py for tasks to queue
[2023-04-10 11:43:49,180] {logging_mixin.py:109} INFO - [2023-04-10 11:43:49,179] {dagbag.py:500} INFO - Filling up the DagBag from /home/airflow/.local/lib/python3.7/site-packages/airflow/example_dags/example_external_task_marker_dag.py
[2023-04-10 11:43:49,204] {processor.py:632} INFO - DAG(s) dict_keys(['example_external_task_marker_parent', 'example_external_task_marker_child']) retrieved from /home/airflow/.local/lib/python3.7/site-packages/airflow/example_dags/example_external_task_marker_dag.py
[2023-04-10 11:43:49,216] {logging_mixin.py:109} INFO - [2023-04-10 11:43:49,216] {dag.py:2389} INFO - Sync 2 DAGs
[2023-04-10 11:43:49,230] {logging_mixin.py:109} INFO - [2023-04-10 11:43:49,230] {dag.py:2921} INFO - Setting next_dagrun for example_external_task_marker_child to None
[2023-04-10 11:43:49,230] {logging_mixin.py:109} INFO - [2023-04-10 11:43:49,230] {dag.py:2921} INFO - Setting next_dagrun for example_external_task_marker_parent to None
[2023-04-10 11:43:49,240] {processor.py:171} INFO - Processing /home/airflow/.local/lib/python3.7/site-packages/airflow/example_dags/example_external_task_marker_dag.py took 0.063 seconds
[2023-04-10 11:44:19,655] {processor.py:163} INFO - Started process (PID=2223) to work on /home/airflow/.local/lib/python3.7/site-packages/airflow/example_dags/example_external_task_marker_dag.py
[2023-04-10 11:44:19,656] {processor.py:620} INFO - Processing file /home/airflow/.local/lib/python3.7/site-packages/airflow/example_dags/example_external_task_marker_dag.py for tasks to queue
[2023-04-10 11:44:19,656] {logging_mixin.py:109} INFO - [2023-04-10 11:44:19,656] {dagbag.py:500} INFO - Filling up the DagBag from /home/airflow/.local/lib/python3.7/site-packages/airflow/example_dags/example_external_task_marker_dag.py
[2023-04-10 11:44:19,677] {processor.py:632} INFO - DAG(s) dict_keys(['example_external_task_marker_parent', 'example_external_task_marker_child']) retrieved from /home/airflow/.local/lib/python3.7/site-packages/airflow/example_dags/example_external_task_marker_dag.py
[2023-04-10 11:44:19,687] {logging_mixin.py:109} INFO - [2023-04-10 11:44:19,687] {dag.py:2389} INFO - Sync 2 DAGs
[2023-04-10 11:44:19,698] {logging_mixin.py:109} INFO - [2023-04-10 11:44:19,698] {dag.py:2921} INFO - Setting next_dagrun for example_external_task_marker_child to None
[2023-04-10 11:44:19,698] {logging_mixin.py:109} INFO - [2023-04-10 11:44:19,698] {dag.py:2921} INFO - Setting next_dagrun for example_external_task_marker_parent to None
[2023-04-10 11:44:19,706] {processor.py:171} INFO - Processing /home/airflow/.local/lib/python3.7/site-packages/airflow/example_dags/example_external_task_marker_dag.py took 0.053 seconds
[2023-04-10 11:44:49,855] {processor.py:163} INFO - Started process (PID=2274) to work on /home/airflow/.local/lib/python3.7/site-packages/airflow/example_dags/example_external_task_marker_dag.py
[2023-04-10 11:44:49,856] {processor.py:620} INFO - Processing file /home/airflow/.local/lib/python3.7/site-packages/airflow/example_dags/example_external_task_marker_dag.py for tasks to queue
[2023-04-10 11:44:49,856] {logging_mixin.py:109} INFO - [2023-04-10 11:44:49,856] {dagbag.py:500} INFO - Filling up the DagBag from /home/airflow/.local/lib/python3.7/site-packages/airflow/example_dags/example_external_task_marker_dag.py
[2023-04-10 11:44:49,877] {processor.py:632} INFO - DAG(s) dict_keys(['example_external_task_marker_parent', 'example_external_task_marker_child']) retrieved from /home/airflow/.local/lib/python3.7/site-packages/airflow/example_dags/example_external_task_marker_dag.py
[2023-04-10 11:44:49,887] {logging_mixin.py:109} INFO - [2023-04-10 11:44:49,887] {dag.py:2389} INFO - Sync 2 DAGs
[2023-04-10 11:44:49,899] {logging_mixin.py:109} INFO - [2023-04-10 11:44:49,899] {dag.py:2921} INFO - Setting next_dagrun for example_external_task_marker_child to None
[2023-04-10 11:44:49,899] {logging_mixin.py:109} INFO - [2023-04-10 11:44:49,899] {dag.py:2921} INFO - Setting next_dagrun for example_external_task_marker_parent to None
[2023-04-10 11:44:49,908] {processor.py:171} INFO - Processing /home/airflow/.local/lib/python3.7/site-packages/airflow/example_dags/example_external_task_marker_dag.py took 0.055 seconds
[2023-04-10 11:45:20,279] {processor.py:163} INFO - Started process (PID=2335) to work on /home/airflow/.local/lib/python3.7/site-packages/airflow/example_dags/example_external_task_marker_dag.py
[2023-04-10 11:45:20,280] {processor.py:620} INFO - Processing file /home/airflow/.local/lib/python3.7/site-packages/airflow/example_dags/example_external_task_marker_dag.py for tasks to queue
[2023-04-10 11:45:20,280] {logging_mixin.py:109} INFO - [2023-04-10 11:45:20,280] {dagbag.py:500} INFO - Filling up the DagBag from /home/airflow/.local/lib/python3.7/site-packages/airflow/example_dags/example_external_task_marker_dag.py
[2023-04-10 11:45:20,299] {processor.py:632} INFO - DAG(s) dict_keys(['example_external_task_marker_parent', 'example_external_task_marker_child']) retrieved from /home/airflow/.local/lib/python3.7/site-packages/airflow/example_dags/example_external_task_marker_dag.py
[2023-04-10 11:45:20,307] {logging_mixin.py:109} INFO - [2023-04-10 11:45:20,307] {dag.py:2389} INFO - Sync 2 DAGs
[2023-04-10 11:45:20,317] {logging_mixin.py:109} INFO - [2023-04-10 11:45:20,317] {dag.py:2921} INFO - Setting next_dagrun for example_external_task_marker_child to None
[2023-04-10 11:45:20,317] {logging_mixin.py:109} INFO - [2023-04-10 11:45:20,317] {dag.py:2921} INFO - Setting next_dagrun for example_external_task_marker_parent to None
[2023-04-10 11:45:20,326] {processor.py:171} INFO - Processing /home/airflow/.local/lib/python3.7/site-packages/airflow/example_dags/example_external_task_marker_dag.py took 0.049 seconds
[2023-04-10 11:45:50,591] {processor.py:163} INFO - Started process (PID=2386) to work on /home/airflow/.local/lib/python3.7/site-packages/airflow/example_dags/example_external_task_marker_dag.py
[2023-04-10 11:45:50,592] {processor.py:620} INFO - Processing file /home/airflow/.local/lib/python3.7/site-packages/airflow/example_dags/example_external_task_marker_dag.py for tasks to queue
[2023-04-10 11:45:50,592] {logging_mixin.py:109} INFO - [2023-04-10 11:45:50,592] {dagbag.py:500} INFO - Filling up the DagBag from /home/airflow/.local/lib/python3.7/site-packages/airflow/example_dags/example_external_task_marker_dag.py
[2023-04-10 11:45:50,615] {processor.py:632} INFO - DAG(s) dict_keys(['example_external_task_marker_parent', 'example_external_task_marker_child']) retrieved from /home/airflow/.local/lib/python3.7/site-packages/airflow/example_dags/example_external_task_marker_dag.py
[2023-04-10 11:45:50,627] {logging_mixin.py:109} INFO - [2023-04-10 11:45:50,627] {dag.py:2389} INFO - Sync 2 DAGs
[2023-04-10 11:45:50,642] {logging_mixin.py:109} INFO - [2023-04-10 11:45:50,642] {dag.py:2921} INFO - Setting next_dagrun for example_external_task_marker_child to None
[2023-04-10 11:45:50,643] {logging_mixin.py:109} INFO - [2023-04-10 11:45:50,643] {dag.py:2921} INFO - Setting next_dagrun for example_external_task_marker_parent to None
[2023-04-10 11:45:50,650] {processor.py:171} INFO - Processing /home/airflow/.local/lib/python3.7/site-packages/airflow/example_dags/example_external_task_marker_dag.py took 0.062 seconds
[2023-04-10 11:46:20,913] {processor.py:163} INFO - Started process (PID=2446) to work on /home/airflow/.local/lib/python3.7/site-packages/airflow/example_dags/example_external_task_marker_dag.py
[2023-04-10 11:46:20,914] {processor.py:620} INFO - Processing file /home/airflow/.local/lib/python3.7/site-packages/airflow/example_dags/example_external_task_marker_dag.py for tasks to queue
[2023-04-10 11:46:20,914] {logging_mixin.py:109} INFO - [2023-04-10 11:46:20,914] {dagbag.py:500} INFO - Filling up the DagBag from /home/airflow/.local/lib/python3.7/site-packages/airflow/example_dags/example_external_task_marker_dag.py
[2023-04-10 11:46:20,938] {processor.py:632} INFO - DAG(s) dict_keys(['example_external_task_marker_parent', 'example_external_task_marker_child']) retrieved from /home/airflow/.local/lib/python3.7/site-packages/airflow/example_dags/example_external_task_marker_dag.py
[2023-04-10 11:46:20,949] {logging_mixin.py:109} INFO - [2023-04-10 11:46:20,949] {dag.py:2389} INFO - Sync 2 DAGs
[2023-04-10 11:46:20,963] {logging_mixin.py:109} INFO - [2023-04-10 11:46:20,963] {dag.py:2921} INFO - Setting next_dagrun for example_external_task_marker_child to None
[2023-04-10 11:46:20,963] {logging_mixin.py:109} INFO - [2023-04-10 11:46:20,963] {dag.py:2921} INFO - Setting next_dagrun for example_external_task_marker_parent to None
[2023-04-10 11:46:20,971] {processor.py:171} INFO - Processing /home/airflow/.local/lib/python3.7/site-packages/airflow/example_dags/example_external_task_marker_dag.py took 0.061 seconds
[2023-04-10 11:46:51,207] {processor.py:163} INFO - Started process (PID=2497) to work on /home/airflow/.local/lib/python3.7/site-packages/airflow/example_dags/example_external_task_marker_dag.py
[2023-04-10 11:46:51,208] {processor.py:620} INFO - Processing file /home/airflow/.local/lib/python3.7/site-packages/airflow/example_dags/example_external_task_marker_dag.py for tasks to queue
[2023-04-10 11:46:51,208] {logging_mixin.py:109} INFO - [2023-04-10 11:46:51,208] {dagbag.py:500} INFO - Filling up the DagBag from /home/airflow/.local/lib/python3.7/site-packages/airflow/example_dags/example_external_task_marker_dag.py
[2023-04-10 11:46:51,231] {processor.py:632} INFO - DAG(s) dict_keys(['example_external_task_marker_parent', 'example_external_task_marker_child']) retrieved from /home/airflow/.local/lib/python3.7/site-packages/airflow/example_dags/example_external_task_marker_dag.py
[2023-04-10 11:46:51,242] {logging_mixin.py:109} INFO - [2023-04-10 11:46:51,242] {dag.py:2389} INFO - Sync 2 DAGs
[2023-04-10 11:46:51,257] {logging_mixin.py:109} INFO - [2023-04-10 11:46:51,257] {dag.py:2921} INFO - Setting next_dagrun for example_external_task_marker_child to None
[2023-04-10 11:46:51,258] {logging_mixin.py:109} INFO - [2023-04-10 11:46:51,258] {dag.py:2921} INFO - Setting next_dagrun for example_external_task_marker_parent to None
[2023-04-10 11:46:51,267] {processor.py:171} INFO - Processing /home/airflow/.local/lib/python3.7/site-packages/airflow/example_dags/example_external_task_marker_dag.py took 0.063 seconds
[2023-04-10 11:47:21,534] {processor.py:163} INFO - Started process (PID=2548) to work on /home/airflow/.local/lib/python3.7/site-packages/airflow/example_dags/example_external_task_marker_dag.py
[2023-04-10 11:47:21,535] {processor.py:620} INFO - Processing file /home/airflow/.local/lib/python3.7/site-packages/airflow/example_dags/example_external_task_marker_dag.py for tasks to queue
[2023-04-10 11:47:21,535] {logging_mixin.py:109} INFO - [2023-04-10 11:47:21,535] {dagbag.py:500} INFO - Filling up the DagBag from /home/airflow/.local/lib/python3.7/site-packages/airflow/example_dags/example_external_task_marker_dag.py
[2023-04-10 11:47:21,560] {processor.py:632} INFO - DAG(s) dict_keys(['example_external_task_marker_parent', 'example_external_task_marker_child']) retrieved from /home/airflow/.local/lib/python3.7/site-packages/airflow/example_dags/example_external_task_marker_dag.py
[2023-04-10 11:47:21,570] {logging_mixin.py:109} INFO - [2023-04-10 11:47:21,570] {dag.py:2389} INFO - Sync 2 DAGs
[2023-04-10 11:47:21,586] {logging_mixin.py:109} INFO - [2023-04-10 11:47:21,586] {dag.py:2921} INFO - Setting next_dagrun for example_external_task_marker_child to None
[2023-04-10 11:47:21,586] {logging_mixin.py:109} INFO - [2023-04-10 11:47:21,586] {dag.py:2921} INFO - Setting next_dagrun for example_external_task_marker_parent to None
[2023-04-10 11:47:21,600] {processor.py:171} INFO - Processing /home/airflow/.local/lib/python3.7/site-packages/airflow/example_dags/example_external_task_marker_dag.py took 0.068 seconds
[2023-04-10 11:47:51,671] {processor.py:163} INFO - Started process (PID=2608) to work on /home/airflow/.local/lib/python3.7/site-packages/airflow/example_dags/example_external_task_marker_dag.py
[2023-04-10 11:47:51,672] {processor.py:620} INFO - Processing file /home/airflow/.local/lib/python3.7/site-packages/airflow/example_dags/example_external_task_marker_dag.py for tasks to queue
[2023-04-10 11:47:51,672] {logging_mixin.py:109} INFO - [2023-04-10 11:47:51,672] {dagbag.py:500} INFO - Filling up the DagBag from /home/airflow/.local/lib/python3.7/site-packages/airflow/example_dags/example_external_task_marker_dag.py
[2023-04-10 11:47:51,692] {processor.py:632} INFO - DAG(s) dict_keys(['example_external_task_marker_parent', 'example_external_task_marker_child']) retrieved from /home/airflow/.local/lib/python3.7/site-packages/airflow/example_dags/example_external_task_marker_dag.py
[2023-04-10 11:47:51,703] {logging_mixin.py:109} INFO - [2023-04-10 11:47:51,703] {dag.py:2389} INFO - Sync 2 DAGs
[2023-04-10 11:47:51,716] {logging_mixin.py:109} INFO - [2023-04-10 11:47:51,716] {dag.py:2921} INFO - Setting next_dagrun for example_external_task_marker_child to None
[2023-04-10 11:47:51,717] {logging_mixin.py:109} INFO - [2023-04-10 11:47:51,716] {dag.py:2921} INFO - Setting next_dagrun for example_external_task_marker_parent to None
[2023-04-10 11:47:51,797] {processor.py:171} INFO - Processing /home/airflow/.local/lib/python3.7/site-packages/airflow/example_dags/example_external_task_marker_dag.py took 0.129 seconds
[2023-04-10 11:48:04,468] {processor.py:163} INFO - Started process (PID=3141) to work on /home/airflow/.local/lib/python3.7/site-packages/airflow/example_dags/example_external_task_marker_dag.py
[2023-04-10 11:48:04,469] {processor.py:620} INFO - Processing file /home/airflow/.local/lib/python3.7/site-packages/airflow/example_dags/example_external_task_marker_dag.py for tasks to queue
[2023-04-10 11:48:04,469] {logging_mixin.py:109} INFO - [2023-04-10 11:48:04,469] {dagbag.py:500} INFO - Filling up the DagBag from /home/airflow/.local/lib/python3.7/site-packages/airflow/example_dags/example_external_task_marker_dag.py
[2023-04-10 11:48:04,494] {processor.py:632} INFO - DAG(s) dict_keys(['example_external_task_marker_parent', 'example_external_task_marker_child']) retrieved from /home/airflow/.local/lib/python3.7/site-packages/airflow/example_dags/example_external_task_marker_dag.py
[2023-04-10 11:48:04,505] {logging_mixin.py:109} INFO - [2023-04-10 11:48:04,505] {dag.py:2389} INFO - Sync 2 DAGs
[2023-04-10 11:48:04,517] {logging_mixin.py:109} INFO - [2023-04-10 11:48:04,517] {dag.py:2921} INFO - Setting next_dagrun for example_external_task_marker_child to None
[2023-04-10 11:48:04,517] {logging_mixin.py:109} INFO - [2023-04-10 11:48:04,517] {dag.py:2921} INFO - Setting next_dagrun for example_external_task_marker_parent to None
[2023-04-10 11:48:04,524] {processor.py:171} INFO - Processing /home/airflow/.local/lib/python3.7/site-packages/airflow/example_dags/example_external_task_marker_dag.py took 0.059 seconds
[2023-04-10 11:48:22,018] {processor.py:163} INFO - Started process (PID=2659) to work on /home/airflow/.local/lib/python3.7/site-packages/airflow/example_dags/example_external_task_marker_dag.py
[2023-04-10 11:48:22,019] {processor.py:620} INFO - Processing file /home/airflow/.local/lib/python3.7/site-packages/airflow/example_dags/example_external_task_marker_dag.py for tasks to queue
[2023-04-10 11:48:22,019] {logging_mixin.py:109} INFO - [2023-04-10 11:48:22,019] {dagbag.py:500} INFO - Filling up the DagBag from /home/airflow/.local/lib/python3.7/site-packages/airflow/example_dags/example_external_task_marker_dag.py
[2023-04-10 11:48:22,042] {processor.py:632} INFO - DAG(s) dict_keys(['example_external_task_marker_parent', 'example_external_task_marker_child']) retrieved from /home/airflow/.local/lib/python3.7/site-packages/airflow/example_dags/example_external_task_marker_dag.py
[2023-04-10 11:48:22,052] {logging_mixin.py:109} INFO - [2023-04-10 11:48:22,052] {dag.py:2389} INFO - Sync 2 DAGs
[2023-04-10 11:48:22,132] {logging_mixin.py:109} INFO - [2023-04-10 11:48:22,131] {dag.py:2921} INFO - Setting next_dagrun for example_external_task_marker_child to None
[2023-04-10 11:48:22,132] {logging_mixin.py:109} INFO - [2023-04-10 11:48:22,132] {dag.py:2921} INFO - Setting next_dagrun for example_external_task_marker_parent to None
[2023-04-10 11:48:22,141] {processor.py:171} INFO - Processing /home/airflow/.local/lib/python3.7/site-packages/airflow/example_dags/example_external_task_marker_dag.py took 0.125 seconds
[2023-04-10 11:48:52,919] {processor.py:163} INFO - Started process (PID=2719) to work on /home/airflow/.local/lib/python3.7/site-packages/airflow/example_dags/example_external_task_marker_dag.py
[2023-04-10 11:48:52,920] {processor.py:620} INFO - Processing file /home/airflow/.local/lib/python3.7/site-packages/airflow/example_dags/example_external_task_marker_dag.py for tasks to queue
[2023-04-10 11:48:52,920] {logging_mixin.py:109} INFO - [2023-04-10 11:48:52,920] {dagbag.py:500} INFO - Filling up the DagBag from /home/airflow/.local/lib/python3.7/site-packages/airflow/example_dags/example_external_task_marker_dag.py
[2023-04-10 11:48:52,945] {processor.py:632} INFO - DAG(s) dict_keys(['example_external_task_marker_parent', 'example_external_task_marker_child']) retrieved from /home/airflow/.local/lib/python3.7/site-packages/airflow/example_dags/example_external_task_marker_dag.py
[2023-04-10 11:48:52,966] {logging_mixin.py:109} INFO - [2023-04-10 11:48:52,965] {dag.py:2389} INFO - Sync 2 DAGs
[2023-04-10 11:48:53,056] {logging_mixin.py:109} INFO - [2023-04-10 11:48:53,056] {dag.py:2921} INFO - Setting next_dagrun for example_external_task_marker_child to None
[2023-04-10 11:48:53,056] {logging_mixin.py:109} INFO - [2023-04-10 11:48:53,056] {dag.py:2921} INFO - Setting next_dagrun for example_external_task_marker_parent to None
[2023-04-10 11:48:53,064] {processor.py:171} INFO - Processing /home/airflow/.local/lib/python3.7/site-packages/airflow/example_dags/example_external_task_marker_dag.py took 0.149 seconds
