[2023-04-10 11:27:03,920] {processor.py:163} INFO - Started process (PID=301) to work on /home/airflow/.local/lib/python3.7/site-packages/airflow/example_dags/example_trigger_target_dag.py
[2023-04-10 11:27:03,921] {processor.py:620} INFO - Processing file /home/airflow/.local/lib/python3.7/site-packages/airflow/example_dags/example_trigger_target_dag.py for tasks to queue
[2023-04-10 11:27:03,922] {logging_mixin.py:109} INFO - [2023-04-10 11:27:03,922] {dagbag.py:500} INFO - Filling up the DagBag from /home/airflow/.local/lib/python3.7/site-packages/airflow/example_dags/example_trigger_target_dag.py
[2023-04-10 11:27:03,952] {processor.py:632} INFO - DAG(s) dict_keys(['example_trigger_target_dag']) retrieved from /home/airflow/.local/lib/python3.7/site-packages/airflow/example_dags/example_trigger_target_dag.py
[2023-04-10 11:27:05,416] {logging_mixin.py:109} INFO - [2023-04-10 11:27:05,416] {providers_manager.py:156} WARNING - Exception when importing 'airflow.providers.google.leveldb.hooks.leveldb.LevelDBHook' from 'apache-airflow-providers-google' package: No module named 'plyvel'
[2023-04-10 11:27:05,801] {logging_mixin.py:109} INFO - [2023-04-10 11:27:05,800] {providers_manager.py:156} WARNING - Exception when importing 'airflow.providers.google.leveldb.hooks.leveldb.LevelDBHook' from 'apache-airflow-providers-google' package: No module named 'plyvel'
[2023-04-10 11:27:05,825] {logging_mixin.py:109} INFO - [2023-04-10 11:27:05,825] {manager.py:496} INFO - Created Permission View: can read on DAG:example_trigger_target_dag
[2023-04-10 11:27:05,834] {logging_mixin.py:109} INFO - [2023-04-10 11:27:05,834] {manager.py:496} INFO - Created Permission View: can edit on DAG:example_trigger_target_dag
[2023-04-10 11:27:05,835] {logging_mixin.py:109} INFO - [2023-04-10 11:27:05,834] {dag.py:2389} INFO - Sync 1 DAGs
[2023-04-10 11:27:05,840] {logging_mixin.py:109} INFO - [2023-04-10 11:27:05,840] {dag.py:2408} INFO - Creating ORM DAG for example_trigger_target_dag
[2023-04-10 11:27:05,847] {logging_mixin.py:109} INFO - [2023-04-10 11:27:05,847] {dag.py:2921} INFO - Setting next_dagrun for example_trigger_target_dag to None
[2023-04-10 11:27:05,859] {processor.py:171} INFO - Processing /home/airflow/.local/lib/python3.7/site-packages/airflow/example_dags/example_trigger_target_dag.py took 1.942 seconds
[2023-04-10 11:27:35,986] {processor.py:163} INFO - Started process (PID=392) to work on /home/airflow/.local/lib/python3.7/site-packages/airflow/example_dags/example_trigger_target_dag.py
[2023-04-10 11:27:35,987] {processor.py:620} INFO - Processing file /home/airflow/.local/lib/python3.7/site-packages/airflow/example_dags/example_trigger_target_dag.py for tasks to queue
[2023-04-10 11:27:35,987] {logging_mixin.py:109} INFO - [2023-04-10 11:27:35,987] {dagbag.py:500} INFO - Filling up the DagBag from /home/airflow/.local/lib/python3.7/site-packages/airflow/example_dags/example_trigger_target_dag.py
[2023-04-10 11:27:36,010] {processor.py:632} INFO - DAG(s) dict_keys(['example_trigger_target_dag']) retrieved from /home/airflow/.local/lib/python3.7/site-packages/airflow/example_dags/example_trigger_target_dag.py
[2023-04-10 11:27:36,017] {logging_mixin.py:109} INFO - [2023-04-10 11:27:36,017] {dag.py:2389} INFO - Sync 1 DAGs
[2023-04-10 11:27:36,030] {logging_mixin.py:109} INFO - [2023-04-10 11:27:36,030] {dag.py:2921} INFO - Setting next_dagrun for example_trigger_target_dag to None
[2023-04-10 11:27:36,039] {processor.py:171} INFO - Processing /home/airflow/.local/lib/python3.7/site-packages/airflow/example_dags/example_trigger_target_dag.py took 0.055 seconds
[2023-04-10 11:28:06,213] {processor.py:163} INFO - Started process (PID=452) to work on /home/airflow/.local/lib/python3.7/site-packages/airflow/example_dags/example_trigger_target_dag.py
[2023-04-10 11:28:06,214] {processor.py:620} INFO - Processing file /home/airflow/.local/lib/python3.7/site-packages/airflow/example_dags/example_trigger_target_dag.py for tasks to queue
[2023-04-10 11:28:06,215] {logging_mixin.py:109} INFO - [2023-04-10 11:28:06,215] {dagbag.py:500} INFO - Filling up the DagBag from /home/airflow/.local/lib/python3.7/site-packages/airflow/example_dags/example_trigger_target_dag.py
[2023-04-10 11:28:06,239] {processor.py:632} INFO - DAG(s) dict_keys(['example_trigger_target_dag']) retrieved from /home/airflow/.local/lib/python3.7/site-packages/airflow/example_dags/example_trigger_target_dag.py
[2023-04-10 11:28:06,250] {logging_mixin.py:109} INFO - [2023-04-10 11:28:06,249] {dag.py:2389} INFO - Sync 1 DAGs
[2023-04-10 11:28:06,270] {logging_mixin.py:109} INFO - [2023-04-10 11:28:06,270] {dag.py:2921} INFO - Setting next_dagrun for example_trigger_target_dag to None
[2023-04-10 11:28:06,282] {processor.py:171} INFO - Processing /home/airflow/.local/lib/python3.7/site-packages/airflow/example_dags/example_trigger_target_dag.py took 0.071 seconds
[2023-04-10 11:28:36,381] {processor.py:163} INFO - Started process (PID=503) to work on /home/airflow/.local/lib/python3.7/site-packages/airflow/example_dags/example_trigger_target_dag.py
[2023-04-10 11:28:36,382] {processor.py:620} INFO - Processing file /home/airflow/.local/lib/python3.7/site-packages/airflow/example_dags/example_trigger_target_dag.py for tasks to queue
[2023-04-10 11:28:36,383] {logging_mixin.py:109} INFO - [2023-04-10 11:28:36,383] {dagbag.py:500} INFO - Filling up the DagBag from /home/airflow/.local/lib/python3.7/site-packages/airflow/example_dags/example_trigger_target_dag.py
[2023-04-10 11:28:36,404] {processor.py:632} INFO - DAG(s) dict_keys(['example_trigger_target_dag']) retrieved from /home/airflow/.local/lib/python3.7/site-packages/airflow/example_dags/example_trigger_target_dag.py
[2023-04-10 11:28:36,411] {logging_mixin.py:109} INFO - [2023-04-10 11:28:36,410] {dag.py:2389} INFO - Sync 1 DAGs
[2023-04-10 11:28:36,422] {logging_mixin.py:109} INFO - [2023-04-10 11:28:36,422] {dag.py:2921} INFO - Setting next_dagrun for example_trigger_target_dag to None
[2023-04-10 11:28:36,431] {processor.py:171} INFO - Processing /home/airflow/.local/lib/python3.7/site-packages/airflow/example_dags/example_trigger_target_dag.py took 0.051 seconds
[2023-04-10 11:29:06,655] {processor.py:163} INFO - Started process (PID=554) to work on /home/airflow/.local/lib/python3.7/site-packages/airflow/example_dags/example_trigger_target_dag.py
[2023-04-10 11:29:06,656] {processor.py:620} INFO - Processing file /home/airflow/.local/lib/python3.7/site-packages/airflow/example_dags/example_trigger_target_dag.py for tasks to queue
[2023-04-10 11:29:06,657] {logging_mixin.py:109} INFO - [2023-04-10 11:29:06,657] {dagbag.py:500} INFO - Filling up the DagBag from /home/airflow/.local/lib/python3.7/site-packages/airflow/example_dags/example_trigger_target_dag.py
[2023-04-10 11:29:06,678] {processor.py:632} INFO - DAG(s) dict_keys(['example_trigger_target_dag']) retrieved from /home/airflow/.local/lib/python3.7/site-packages/airflow/example_dags/example_trigger_target_dag.py
[2023-04-10 11:29:06,684] {logging_mixin.py:109} INFO - [2023-04-10 11:29:06,684] {dag.py:2389} INFO - Sync 1 DAGs
[2023-04-10 11:29:06,697] {logging_mixin.py:109} INFO - [2023-04-10 11:29:06,697] {dag.py:2921} INFO - Setting next_dagrun for example_trigger_target_dag to None
[2023-04-10 11:29:06,706] {processor.py:171} INFO - Processing /home/airflow/.local/lib/python3.7/site-packages/airflow/example_dags/example_trigger_target_dag.py took 0.053 seconds
[2023-04-10 11:29:36,868] {processor.py:163} INFO - Started process (PID=616) to work on /home/airflow/.local/lib/python3.7/site-packages/airflow/example_dags/example_trigger_target_dag.py
[2023-04-10 11:29:36,869] {processor.py:620} INFO - Processing file /home/airflow/.local/lib/python3.7/site-packages/airflow/example_dags/example_trigger_target_dag.py for tasks to queue
[2023-04-10 11:29:36,869] {logging_mixin.py:109} INFO - [2023-04-10 11:29:36,869] {dagbag.py:500} INFO - Filling up the DagBag from /home/airflow/.local/lib/python3.7/site-packages/airflow/example_dags/example_trigger_target_dag.py
[2023-04-10 11:29:36,891] {processor.py:632} INFO - DAG(s) dict_keys(['example_trigger_target_dag']) retrieved from /home/airflow/.local/lib/python3.7/site-packages/airflow/example_dags/example_trigger_target_dag.py
[2023-04-10 11:29:36,898] {logging_mixin.py:109} INFO - [2023-04-10 11:29:36,898] {dag.py:2389} INFO - Sync 1 DAGs
[2023-04-10 11:29:36,908] {logging_mixin.py:109} INFO - [2023-04-10 11:29:36,908] {dag.py:2921} INFO - Setting next_dagrun for example_trigger_target_dag to None
[2023-04-10 11:29:36,915] {processor.py:171} INFO - Processing /home/airflow/.local/lib/python3.7/site-packages/airflow/example_dags/example_trigger_target_dag.py took 0.050 seconds
[2023-04-10 11:30:07,308] {processor.py:163} INFO - Started process (PID=667) to work on /home/airflow/.local/lib/python3.7/site-packages/airflow/example_dags/example_trigger_target_dag.py
[2023-04-10 11:30:07,309] {processor.py:620} INFO - Processing file /home/airflow/.local/lib/python3.7/site-packages/airflow/example_dags/example_trigger_target_dag.py for tasks to queue
[2023-04-10 11:30:07,310] {logging_mixin.py:109} INFO - [2023-04-10 11:30:07,310] {dagbag.py:500} INFO - Filling up the DagBag from /home/airflow/.local/lib/python3.7/site-packages/airflow/example_dags/example_trigger_target_dag.py
[2023-04-10 11:30:07,332] {processor.py:632} INFO - DAG(s) dict_keys(['example_trigger_target_dag']) retrieved from /home/airflow/.local/lib/python3.7/site-packages/airflow/example_dags/example_trigger_target_dag.py
[2023-04-10 11:30:07,339] {logging_mixin.py:109} INFO - [2023-04-10 11:30:07,339] {dag.py:2389} INFO - Sync 1 DAGs
[2023-04-10 11:30:07,351] {logging_mixin.py:109} INFO - [2023-04-10 11:30:07,351] {dag.py:2921} INFO - Setting next_dagrun for example_trigger_target_dag to None
[2023-04-10 11:30:07,359] {processor.py:171} INFO - Processing /home/airflow/.local/lib/python3.7/site-packages/airflow/example_dags/example_trigger_target_dag.py took 0.053 seconds
[2023-04-10 11:30:37,668] {processor.py:163} INFO - Started process (PID=727) to work on /home/airflow/.local/lib/python3.7/site-packages/airflow/example_dags/example_trigger_target_dag.py
[2023-04-10 11:30:37,669] {processor.py:620} INFO - Processing file /home/airflow/.local/lib/python3.7/site-packages/airflow/example_dags/example_trigger_target_dag.py for tasks to queue
[2023-04-10 11:30:37,669] {logging_mixin.py:109} INFO - [2023-04-10 11:30:37,669] {dagbag.py:500} INFO - Filling up the DagBag from /home/airflow/.local/lib/python3.7/site-packages/airflow/example_dags/example_trigger_target_dag.py
[2023-04-10 11:30:37,688] {processor.py:632} INFO - DAG(s) dict_keys(['example_trigger_target_dag']) retrieved from /home/airflow/.local/lib/python3.7/site-packages/airflow/example_dags/example_trigger_target_dag.py
[2023-04-10 11:30:37,696] {logging_mixin.py:109} INFO - [2023-04-10 11:30:37,696] {dag.py:2389} INFO - Sync 1 DAGs
[2023-04-10 11:30:37,706] {logging_mixin.py:109} INFO - [2023-04-10 11:30:37,705] {dag.py:2921} INFO - Setting next_dagrun for example_trigger_target_dag to None
[2023-04-10 11:30:37,713] {processor.py:171} INFO - Processing /home/airflow/.local/lib/python3.7/site-packages/airflow/example_dags/example_trigger_target_dag.py took 0.047 seconds
[2023-04-10 11:31:08,092] {processor.py:163} INFO - Started process (PID=778) to work on /home/airflow/.local/lib/python3.7/site-packages/airflow/example_dags/example_trigger_target_dag.py
[2023-04-10 11:31:08,093] {processor.py:620} INFO - Processing file /home/airflow/.local/lib/python3.7/site-packages/airflow/example_dags/example_trigger_target_dag.py for tasks to queue
[2023-04-10 11:31:08,093] {logging_mixin.py:109} INFO - [2023-04-10 11:31:08,093] {dagbag.py:500} INFO - Filling up the DagBag from /home/airflow/.local/lib/python3.7/site-packages/airflow/example_dags/example_trigger_target_dag.py
[2023-04-10 11:31:08,112] {processor.py:632} INFO - DAG(s) dict_keys(['example_trigger_target_dag']) retrieved from /home/airflow/.local/lib/python3.7/site-packages/airflow/example_dags/example_trigger_target_dag.py
[2023-04-10 11:31:08,118] {logging_mixin.py:109} INFO - [2023-04-10 11:31:08,118] {dag.py:2389} INFO - Sync 1 DAGs
[2023-04-10 11:31:08,128] {logging_mixin.py:109} INFO - [2023-04-10 11:31:08,128] {dag.py:2921} INFO - Setting next_dagrun for example_trigger_target_dag to None
[2023-04-10 11:31:08,136] {processor.py:171} INFO - Processing /home/airflow/.local/lib/python3.7/site-packages/airflow/example_dags/example_trigger_target_dag.py took 0.046 seconds
[2023-04-10 11:31:38,426] {processor.py:163} INFO - Started process (PID=838) to work on /home/airflow/.local/lib/python3.7/site-packages/airflow/example_dags/example_trigger_target_dag.py
[2023-04-10 11:31:38,427] {processor.py:620} INFO - Processing file /home/airflow/.local/lib/python3.7/site-packages/airflow/example_dags/example_trigger_target_dag.py for tasks to queue
[2023-04-10 11:31:38,427] {logging_mixin.py:109} INFO - [2023-04-10 11:31:38,427] {dagbag.py:500} INFO - Filling up the DagBag from /home/airflow/.local/lib/python3.7/site-packages/airflow/example_dags/example_trigger_target_dag.py
[2023-04-10 11:31:38,454] {processor.py:632} INFO - DAG(s) dict_keys(['example_trigger_target_dag']) retrieved from /home/airflow/.local/lib/python3.7/site-packages/airflow/example_dags/example_trigger_target_dag.py
[2023-04-10 11:31:38,465] {logging_mixin.py:109} INFO - [2023-04-10 11:31:38,465] {dag.py:2389} INFO - Sync 1 DAGs
[2023-04-10 11:31:38,479] {logging_mixin.py:109} INFO - [2023-04-10 11:31:38,479] {dag.py:2921} INFO - Setting next_dagrun for example_trigger_target_dag to None
[2023-04-10 11:31:38,488] {processor.py:171} INFO - Processing /home/airflow/.local/lib/python3.7/site-packages/airflow/example_dags/example_trigger_target_dag.py took 0.065 seconds
[2023-04-10 11:32:08,567] {processor.py:163} INFO - Started process (PID=890) to work on /home/airflow/.local/lib/python3.7/site-packages/airflow/example_dags/example_trigger_target_dag.py
[2023-04-10 11:32:08,568] {processor.py:620} INFO - Processing file /home/airflow/.local/lib/python3.7/site-packages/airflow/example_dags/example_trigger_target_dag.py for tasks to queue
[2023-04-10 11:32:08,568] {logging_mixin.py:109} INFO - [2023-04-10 11:32:08,568] {dagbag.py:500} INFO - Filling up the DagBag from /home/airflow/.local/lib/python3.7/site-packages/airflow/example_dags/example_trigger_target_dag.py
[2023-04-10 11:32:08,589] {processor.py:632} INFO - DAG(s) dict_keys(['example_trigger_target_dag']) retrieved from /home/airflow/.local/lib/python3.7/site-packages/airflow/example_dags/example_trigger_target_dag.py
[2023-04-10 11:32:08,597] {logging_mixin.py:109} INFO - [2023-04-10 11:32:08,597] {dag.py:2389} INFO - Sync 1 DAGs
[2023-04-10 11:32:08,608] {logging_mixin.py:109} INFO - [2023-04-10 11:32:08,608] {dag.py:2921} INFO - Setting next_dagrun for example_trigger_target_dag to None
[2023-04-10 11:32:08,616] {processor.py:171} INFO - Processing /home/airflow/.local/lib/python3.7/site-packages/airflow/example_dags/example_trigger_target_dag.py took 0.051 seconds
[2023-04-10 11:32:38,853] {processor.py:163} INFO - Started process (PID=951) to work on /home/airflow/.local/lib/python3.7/site-packages/airflow/example_dags/example_trigger_target_dag.py
[2023-04-10 11:32:38,854] {processor.py:620} INFO - Processing file /home/airflow/.local/lib/python3.7/site-packages/airflow/example_dags/example_trigger_target_dag.py for tasks to queue
[2023-04-10 11:32:38,855] {logging_mixin.py:109} INFO - [2023-04-10 11:32:38,854] {dagbag.py:500} INFO - Filling up the DagBag from /home/airflow/.local/lib/python3.7/site-packages/airflow/example_dags/example_trigger_target_dag.py
[2023-04-10 11:32:38,888] {processor.py:632} INFO - DAG(s) dict_keys(['example_trigger_target_dag']) retrieved from /home/airflow/.local/lib/python3.7/site-packages/airflow/example_dags/example_trigger_target_dag.py
[2023-04-10 11:32:38,901] {logging_mixin.py:109} INFO - [2023-04-10 11:32:38,900] {dag.py:2389} INFO - Sync 1 DAGs
[2023-04-10 11:32:38,922] {logging_mixin.py:109} INFO - [2023-04-10 11:32:38,922] {dag.py:2921} INFO - Setting next_dagrun for example_trigger_target_dag to None
[2023-04-10 11:32:38,933] {processor.py:171} INFO - Processing /home/airflow/.local/lib/python3.7/site-packages/airflow/example_dags/example_trigger_target_dag.py took 0.084 seconds
[2023-04-10 11:33:09,282] {processor.py:163} INFO - Started process (PID=1003) to work on /home/airflow/.local/lib/python3.7/site-packages/airflow/example_dags/example_trigger_target_dag.py
[2023-04-10 11:33:09,284] {processor.py:620} INFO - Processing file /home/airflow/.local/lib/python3.7/site-packages/airflow/example_dags/example_trigger_target_dag.py for tasks to queue
[2023-04-10 11:33:09,284] {logging_mixin.py:109} INFO - [2023-04-10 11:33:09,284] {dagbag.py:500} INFO - Filling up the DagBag from /home/airflow/.local/lib/python3.7/site-packages/airflow/example_dags/example_trigger_target_dag.py
[2023-04-10 11:33:09,312] {processor.py:632} INFO - DAG(s) dict_keys(['example_trigger_target_dag']) retrieved from /home/airflow/.local/lib/python3.7/site-packages/airflow/example_dags/example_trigger_target_dag.py
[2023-04-10 11:33:09,322] {logging_mixin.py:109} INFO - [2023-04-10 11:33:09,322] {dag.py:2389} INFO - Sync 1 DAGs
[2023-04-10 11:33:09,341] {logging_mixin.py:109} INFO - [2023-04-10 11:33:09,340] {dag.py:2921} INFO - Setting next_dagrun for example_trigger_target_dag to None
[2023-04-10 11:33:09,351] {processor.py:171} INFO - Processing /home/airflow/.local/lib/python3.7/site-packages/airflow/example_dags/example_trigger_target_dag.py took 0.071 seconds
[2023-04-10 11:33:39,578] {processor.py:163} INFO - Started process (PID=1054) to work on /home/airflow/.local/lib/python3.7/site-packages/airflow/example_dags/example_trigger_target_dag.py
[2023-04-10 11:33:39,578] {processor.py:620} INFO - Processing file /home/airflow/.local/lib/python3.7/site-packages/airflow/example_dags/example_trigger_target_dag.py for tasks to queue
[2023-04-10 11:33:39,579] {logging_mixin.py:109} INFO - [2023-04-10 11:33:39,579] {dagbag.py:500} INFO - Filling up the DagBag from /home/airflow/.local/lib/python3.7/site-packages/airflow/example_dags/example_trigger_target_dag.py
[2023-04-10 11:33:39,599] {processor.py:632} INFO - DAG(s) dict_keys(['example_trigger_target_dag']) retrieved from /home/airflow/.local/lib/python3.7/site-packages/airflow/example_dags/example_trigger_target_dag.py
[2023-04-10 11:33:39,606] {logging_mixin.py:109} INFO - [2023-04-10 11:33:39,606] {dag.py:2389} INFO - Sync 1 DAGs
[2023-04-10 11:33:39,618] {logging_mixin.py:109} INFO - [2023-04-10 11:33:39,618] {dag.py:2921} INFO - Setting next_dagrun for example_trigger_target_dag to None
[2023-04-10 11:33:39,626] {processor.py:171} INFO - Processing /home/airflow/.local/lib/python3.7/site-packages/airflow/example_dags/example_trigger_target_dag.py took 0.050 seconds
[2023-04-10 11:34:10,261] {processor.py:163} INFO - Started process (PID=1114) to work on /home/airflow/.local/lib/python3.7/site-packages/airflow/example_dags/example_trigger_target_dag.py
[2023-04-10 11:34:10,262] {processor.py:620} INFO - Processing file /home/airflow/.local/lib/python3.7/site-packages/airflow/example_dags/example_trigger_target_dag.py for tasks to queue
[2023-04-10 11:34:10,262] {logging_mixin.py:109} INFO - [2023-04-10 11:34:10,262] {dagbag.py:500} INFO - Filling up the DagBag from /home/airflow/.local/lib/python3.7/site-packages/airflow/example_dags/example_trigger_target_dag.py
[2023-04-10 11:34:10,287] {processor.py:632} INFO - DAG(s) dict_keys(['example_trigger_target_dag']) retrieved from /home/airflow/.local/lib/python3.7/site-packages/airflow/example_dags/example_trigger_target_dag.py
[2023-04-10 11:34:10,297] {logging_mixin.py:109} INFO - [2023-04-10 11:34:10,296] {dag.py:2389} INFO - Sync 1 DAGs
[2023-04-10 11:34:10,310] {logging_mixin.py:109} INFO - [2023-04-10 11:34:10,310] {dag.py:2921} INFO - Setting next_dagrun for example_trigger_target_dag to None
[2023-04-10 11:34:10,320] {processor.py:171} INFO - Processing /home/airflow/.local/lib/python3.7/site-packages/airflow/example_dags/example_trigger_target_dag.py took 0.062 seconds
[2023-04-10 11:34:40,577] {processor.py:163} INFO - Started process (PID=1165) to work on /home/airflow/.local/lib/python3.7/site-packages/airflow/example_dags/example_trigger_target_dag.py
[2023-04-10 11:34:40,579] {processor.py:620} INFO - Processing file /home/airflow/.local/lib/python3.7/site-packages/airflow/example_dags/example_trigger_target_dag.py for tasks to queue
[2023-04-10 11:34:40,579] {logging_mixin.py:109} INFO - [2023-04-10 11:34:40,579] {dagbag.py:500} INFO - Filling up the DagBag from /home/airflow/.local/lib/python3.7/site-packages/airflow/example_dags/example_trigger_target_dag.py
[2023-04-10 11:34:40,604] {processor.py:632} INFO - DAG(s) dict_keys(['example_trigger_target_dag']) retrieved from /home/airflow/.local/lib/python3.7/site-packages/airflow/example_dags/example_trigger_target_dag.py
[2023-04-10 11:34:40,615] {logging_mixin.py:109} INFO - [2023-04-10 11:34:40,615] {dag.py:2389} INFO - Sync 1 DAGs
[2023-04-10 11:34:40,632] {logging_mixin.py:109} INFO - [2023-04-10 11:34:40,632] {dag.py:2921} INFO - Setting next_dagrun for example_trigger_target_dag to None
[2023-04-10 11:34:40,640] {processor.py:171} INFO - Processing /home/airflow/.local/lib/python3.7/site-packages/airflow/example_dags/example_trigger_target_dag.py took 0.067 seconds
[2023-04-10 11:35:10,995] {processor.py:163} INFO - Started process (PID=1225) to work on /home/airflow/.local/lib/python3.7/site-packages/airflow/example_dags/example_trigger_target_dag.py
[2023-04-10 11:35:10,997] {processor.py:620} INFO - Processing file /home/airflow/.local/lib/python3.7/site-packages/airflow/example_dags/example_trigger_target_dag.py for tasks to queue
[2023-04-10 11:35:10,997] {logging_mixin.py:109} INFO - [2023-04-10 11:35:10,997] {dagbag.py:500} INFO - Filling up the DagBag from /home/airflow/.local/lib/python3.7/site-packages/airflow/example_dags/example_trigger_target_dag.py
[2023-04-10 11:35:11,026] {processor.py:632} INFO - DAG(s) dict_keys(['example_trigger_target_dag']) retrieved from /home/airflow/.local/lib/python3.7/site-packages/airflow/example_dags/example_trigger_target_dag.py
[2023-04-10 11:35:11,034] {logging_mixin.py:109} INFO - [2023-04-10 11:35:11,034] {dag.py:2389} INFO - Sync 1 DAGs
[2023-04-10 11:35:11,050] {logging_mixin.py:109} INFO - [2023-04-10 11:35:11,050] {dag.py:2921} INFO - Setting next_dagrun for example_trigger_target_dag to None
[2023-04-10 11:35:11,057] {processor.py:171} INFO - Processing /home/airflow/.local/lib/python3.7/site-packages/airflow/example_dags/example_trigger_target_dag.py took 0.065 seconds
[2023-04-10 11:35:41,253] {processor.py:163} INFO - Started process (PID=1276) to work on /home/airflow/.local/lib/python3.7/site-packages/airflow/example_dags/example_trigger_target_dag.py
[2023-04-10 11:35:41,253] {processor.py:620} INFO - Processing file /home/airflow/.local/lib/python3.7/site-packages/airflow/example_dags/example_trigger_target_dag.py for tasks to queue
[2023-04-10 11:35:41,254] {logging_mixin.py:109} INFO - [2023-04-10 11:35:41,254] {dagbag.py:500} INFO - Filling up the DagBag from /home/airflow/.local/lib/python3.7/site-packages/airflow/example_dags/example_trigger_target_dag.py
[2023-04-10 11:35:41,278] {processor.py:632} INFO - DAG(s) dict_keys(['example_trigger_target_dag']) retrieved from /home/airflow/.local/lib/python3.7/site-packages/airflow/example_dags/example_trigger_target_dag.py
[2023-04-10 11:35:41,286] {logging_mixin.py:109} INFO - [2023-04-10 11:35:41,286] {dag.py:2389} INFO - Sync 1 DAGs
[2023-04-10 11:35:41,302] {logging_mixin.py:109} INFO - [2023-04-10 11:35:41,302] {dag.py:2921} INFO - Setting next_dagrun for example_trigger_target_dag to None
[2023-04-10 11:35:41,311] {processor.py:171} INFO - Processing /home/airflow/.local/lib/python3.7/site-packages/airflow/example_dags/example_trigger_target_dag.py took 0.061 seconds
[2023-04-10 11:36:11,577] {processor.py:163} INFO - Started process (PID=1327) to work on /home/airflow/.local/lib/python3.7/site-packages/airflow/example_dags/example_trigger_target_dag.py
[2023-04-10 11:36:11,578] {processor.py:620} INFO - Processing file /home/airflow/.local/lib/python3.7/site-packages/airflow/example_dags/example_trigger_target_dag.py for tasks to queue
[2023-04-10 11:36:11,578] {logging_mixin.py:109} INFO - [2023-04-10 11:36:11,578] {dagbag.py:500} INFO - Filling up the DagBag from /home/airflow/.local/lib/python3.7/site-packages/airflow/example_dags/example_trigger_target_dag.py
[2023-04-10 11:36:11,602] {processor.py:632} INFO - DAG(s) dict_keys(['example_trigger_target_dag']) retrieved from /home/airflow/.local/lib/python3.7/site-packages/airflow/example_dags/example_trigger_target_dag.py
[2023-04-10 11:36:11,610] {logging_mixin.py:109} INFO - [2023-04-10 11:36:11,610] {dag.py:2389} INFO - Sync 1 DAGs
[2023-04-10 11:36:11,623] {logging_mixin.py:109} INFO - [2023-04-10 11:36:11,623] {dag.py:2921} INFO - Setting next_dagrun for example_trigger_target_dag to None
[2023-04-10 11:36:11,632] {processor.py:171} INFO - Processing /home/airflow/.local/lib/python3.7/site-packages/airflow/example_dags/example_trigger_target_dag.py took 0.058 seconds
[2023-04-10 11:36:42,022] {processor.py:163} INFO - Started process (PID=1389) to work on /home/airflow/.local/lib/python3.7/site-packages/airflow/example_dags/example_trigger_target_dag.py
[2023-04-10 11:36:42,023] {processor.py:620} INFO - Processing file /home/airflow/.local/lib/python3.7/site-packages/airflow/example_dags/example_trigger_target_dag.py for tasks to queue
[2023-04-10 11:36:42,023] {logging_mixin.py:109} INFO - [2023-04-10 11:36:42,023] {dagbag.py:500} INFO - Filling up the DagBag from /home/airflow/.local/lib/python3.7/site-packages/airflow/example_dags/example_trigger_target_dag.py
[2023-04-10 11:36:42,044] {processor.py:632} INFO - DAG(s) dict_keys(['example_trigger_target_dag']) retrieved from /home/airflow/.local/lib/python3.7/site-packages/airflow/example_dags/example_trigger_target_dag.py
[2023-04-10 11:36:42,051] {logging_mixin.py:109} INFO - [2023-04-10 11:36:42,050] {dag.py:2389} INFO - Sync 1 DAGs
[2023-04-10 11:36:42,065] {logging_mixin.py:109} INFO - [2023-04-10 11:36:42,065] {dag.py:2921} INFO - Setting next_dagrun for example_trigger_target_dag to None
[2023-04-10 11:36:42,074] {processor.py:171} INFO - Processing /home/airflow/.local/lib/python3.7/site-packages/airflow/example_dags/example_trigger_target_dag.py took 0.055 seconds
[2023-04-10 11:37:12,387] {processor.py:163} INFO - Started process (PID=1440) to work on /home/airflow/.local/lib/python3.7/site-packages/airflow/example_dags/example_trigger_target_dag.py
[2023-04-10 11:37:12,388] {processor.py:620} INFO - Processing file /home/airflow/.local/lib/python3.7/site-packages/airflow/example_dags/example_trigger_target_dag.py for tasks to queue
[2023-04-10 11:37:12,389] {logging_mixin.py:109} INFO - [2023-04-10 11:37:12,389] {dagbag.py:500} INFO - Filling up the DagBag from /home/airflow/.local/lib/python3.7/site-packages/airflow/example_dags/example_trigger_target_dag.py
[2023-04-10 11:37:12,410] {processor.py:632} INFO - DAG(s) dict_keys(['example_trigger_target_dag']) retrieved from /home/airflow/.local/lib/python3.7/site-packages/airflow/example_dags/example_trigger_target_dag.py
[2023-04-10 11:37:12,416] {logging_mixin.py:109} INFO - [2023-04-10 11:37:12,416] {dag.py:2389} INFO - Sync 1 DAGs
[2023-04-10 11:37:12,427] {logging_mixin.py:109} INFO - [2023-04-10 11:37:12,427] {dag.py:2921} INFO - Setting next_dagrun for example_trigger_target_dag to None
[2023-04-10 11:37:12,436] {processor.py:171} INFO - Processing /home/airflow/.local/lib/python3.7/site-packages/airflow/example_dags/example_trigger_target_dag.py took 0.051 seconds
[2023-04-10 11:37:42,640] {processor.py:163} INFO - Started process (PID=1500) to work on /home/airflow/.local/lib/python3.7/site-packages/airflow/example_dags/example_trigger_target_dag.py
[2023-04-10 11:37:42,641] {processor.py:620} INFO - Processing file /home/airflow/.local/lib/python3.7/site-packages/airflow/example_dags/example_trigger_target_dag.py for tasks to queue
[2023-04-10 11:37:42,642] {logging_mixin.py:109} INFO - [2023-04-10 11:37:42,642] {dagbag.py:500} INFO - Filling up the DagBag from /home/airflow/.local/lib/python3.7/site-packages/airflow/example_dags/example_trigger_target_dag.py
[2023-04-10 11:37:42,664] {processor.py:632} INFO - DAG(s) dict_keys(['example_trigger_target_dag']) retrieved from /home/airflow/.local/lib/python3.7/site-packages/airflow/example_dags/example_trigger_target_dag.py
[2023-04-10 11:37:42,672] {logging_mixin.py:109} INFO - [2023-04-10 11:37:42,671] {dag.py:2389} INFO - Sync 1 DAGs
[2023-04-10 11:37:42,684] {logging_mixin.py:109} INFO - [2023-04-10 11:37:42,684] {dag.py:2921} INFO - Setting next_dagrun for example_trigger_target_dag to None
[2023-04-10 11:37:42,692] {processor.py:171} INFO - Processing /home/airflow/.local/lib/python3.7/site-packages/airflow/example_dags/example_trigger_target_dag.py took 0.054 seconds
[2023-04-10 11:38:12,997] {processor.py:163} INFO - Started process (PID=1552) to work on /home/airflow/.local/lib/python3.7/site-packages/airflow/example_dags/example_trigger_target_dag.py
[2023-04-10 11:38:12,998] {processor.py:620} INFO - Processing file /home/airflow/.local/lib/python3.7/site-packages/airflow/example_dags/example_trigger_target_dag.py for tasks to queue
[2023-04-10 11:38:12,998] {logging_mixin.py:109} INFO - [2023-04-10 11:38:12,998] {dagbag.py:500} INFO - Filling up the DagBag from /home/airflow/.local/lib/python3.7/site-packages/airflow/example_dags/example_trigger_target_dag.py
[2023-04-10 11:38:13,019] {processor.py:632} INFO - DAG(s) dict_keys(['example_trigger_target_dag']) retrieved from /home/airflow/.local/lib/python3.7/site-packages/airflow/example_dags/example_trigger_target_dag.py
[2023-04-10 11:38:13,026] {logging_mixin.py:109} INFO - [2023-04-10 11:38:13,026] {dag.py:2389} INFO - Sync 1 DAGs
[2023-04-10 11:38:13,038] {logging_mixin.py:109} INFO - [2023-04-10 11:38:13,038] {dag.py:2921} INFO - Setting next_dagrun for example_trigger_target_dag to None
[2023-04-10 11:38:13,046] {processor.py:171} INFO - Processing /home/airflow/.local/lib/python3.7/site-packages/airflow/example_dags/example_trigger_target_dag.py took 0.052 seconds
[2023-04-10 11:38:43,106] {processor.py:163} INFO - Started process (PID=1611) to work on /home/airflow/.local/lib/python3.7/site-packages/airflow/example_dags/example_trigger_target_dag.py
[2023-04-10 11:38:43,107] {processor.py:620} INFO - Processing file /home/airflow/.local/lib/python3.7/site-packages/airflow/example_dags/example_trigger_target_dag.py for tasks to queue
[2023-04-10 11:38:43,108] {logging_mixin.py:109} INFO - [2023-04-10 11:38:43,108] {dagbag.py:500} INFO - Filling up the DagBag from /home/airflow/.local/lib/python3.7/site-packages/airflow/example_dags/example_trigger_target_dag.py
[2023-04-10 11:38:43,131] {processor.py:632} INFO - DAG(s) dict_keys(['example_trigger_target_dag']) retrieved from /home/airflow/.local/lib/python3.7/site-packages/airflow/example_dags/example_trigger_target_dag.py
[2023-04-10 11:38:43,139] {logging_mixin.py:109} INFO - [2023-04-10 11:38:43,139] {dag.py:2389} INFO - Sync 1 DAGs
[2023-04-10 11:38:43,152] {logging_mixin.py:109} INFO - [2023-04-10 11:38:43,152] {dag.py:2921} INFO - Setting next_dagrun for example_trigger_target_dag to None
[2023-04-10 11:38:43,161] {processor.py:171} INFO - Processing /home/airflow/.local/lib/python3.7/site-packages/airflow/example_dags/example_trigger_target_dag.py took 0.058 seconds
[2023-04-10 11:39:13,450] {processor.py:163} INFO - Started process (PID=1662) to work on /home/airflow/.local/lib/python3.7/site-packages/airflow/example_dags/example_trigger_target_dag.py
[2023-04-10 11:39:13,450] {processor.py:620} INFO - Processing file /home/airflow/.local/lib/python3.7/site-packages/airflow/example_dags/example_trigger_target_dag.py for tasks to queue
[2023-04-10 11:39:13,451] {logging_mixin.py:109} INFO - [2023-04-10 11:39:13,451] {dagbag.py:500} INFO - Filling up the DagBag from /home/airflow/.local/lib/python3.7/site-packages/airflow/example_dags/example_trigger_target_dag.py
[2023-04-10 11:39:13,476] {processor.py:632} INFO - DAG(s) dict_keys(['example_trigger_target_dag']) retrieved from /home/airflow/.local/lib/python3.7/site-packages/airflow/example_dags/example_trigger_target_dag.py
[2023-04-10 11:39:13,484] {logging_mixin.py:109} INFO - [2023-04-10 11:39:13,484] {dag.py:2389} INFO - Sync 1 DAGs
[2023-04-10 11:39:13,497] {logging_mixin.py:109} INFO - [2023-04-10 11:39:13,497] {dag.py:2921} INFO - Setting next_dagrun for example_trigger_target_dag to None
[2023-04-10 11:39:13,505] {processor.py:171} INFO - Processing /home/airflow/.local/lib/python3.7/site-packages/airflow/example_dags/example_trigger_target_dag.py took 0.058 seconds
[2023-04-10 11:39:43,669] {processor.py:163} INFO - Started process (PID=1722) to work on /home/airflow/.local/lib/python3.7/site-packages/airflow/example_dags/example_trigger_target_dag.py
[2023-04-10 11:39:43,671] {processor.py:620} INFO - Processing file /home/airflow/.local/lib/python3.7/site-packages/airflow/example_dags/example_trigger_target_dag.py for tasks to queue
[2023-04-10 11:39:43,671] {logging_mixin.py:109} INFO - [2023-04-10 11:39:43,671] {dagbag.py:500} INFO - Filling up the DagBag from /home/airflow/.local/lib/python3.7/site-packages/airflow/example_dags/example_trigger_target_dag.py
[2023-04-10 11:39:43,693] {processor.py:632} INFO - DAG(s) dict_keys(['example_trigger_target_dag']) retrieved from /home/airflow/.local/lib/python3.7/site-packages/airflow/example_dags/example_trigger_target_dag.py
[2023-04-10 11:39:43,701] {logging_mixin.py:109} INFO - [2023-04-10 11:39:43,700] {dag.py:2389} INFO - Sync 1 DAGs
[2023-04-10 11:39:43,714] {logging_mixin.py:109} INFO - [2023-04-10 11:39:43,714] {dag.py:2921} INFO - Setting next_dagrun for example_trigger_target_dag to None
[2023-04-10 11:39:43,723] {processor.py:171} INFO - Processing /home/airflow/.local/lib/python3.7/site-packages/airflow/example_dags/example_trigger_target_dag.py took 0.056 seconds
[2023-04-10 11:40:13,908] {processor.py:163} INFO - Started process (PID=1773) to work on /home/airflow/.local/lib/python3.7/site-packages/airflow/example_dags/example_trigger_target_dag.py
[2023-04-10 11:40:13,912] {processor.py:620} INFO - Processing file /home/airflow/.local/lib/python3.7/site-packages/airflow/example_dags/example_trigger_target_dag.py for tasks to queue
[2023-04-10 11:40:13,912] {logging_mixin.py:109} INFO - [2023-04-10 11:40:13,912] {dagbag.py:500} INFO - Filling up the DagBag from /home/airflow/.local/lib/python3.7/site-packages/airflow/example_dags/example_trigger_target_dag.py
[2023-04-10 11:40:13,931] {processor.py:632} INFO - DAG(s) dict_keys(['example_trigger_target_dag']) retrieved from /home/airflow/.local/lib/python3.7/site-packages/airflow/example_dags/example_trigger_target_dag.py
[2023-04-10 11:40:13,936] {logging_mixin.py:109} INFO - [2023-04-10 11:40:13,936] {dag.py:2389} INFO - Sync 1 DAGs
[2023-04-10 11:40:13,947] {logging_mixin.py:109} INFO - [2023-04-10 11:40:13,947] {dag.py:2921} INFO - Setting next_dagrun for example_trigger_target_dag to None
[2023-04-10 11:40:13,954] {processor.py:171} INFO - Processing /home/airflow/.local/lib/python3.7/site-packages/airflow/example_dags/example_trigger_target_dag.py took 0.049 seconds
[2023-04-10 11:40:44,220] {processor.py:163} INFO - Started process (PID=1824) to work on /home/airflow/.local/lib/python3.7/site-packages/airflow/example_dags/example_trigger_target_dag.py
[2023-04-10 11:40:44,221] {processor.py:620} INFO - Processing file /home/airflow/.local/lib/python3.7/site-packages/airflow/example_dags/example_trigger_target_dag.py for tasks to queue
[2023-04-10 11:40:44,222] {logging_mixin.py:109} INFO - [2023-04-10 11:40:44,221] {dagbag.py:500} INFO - Filling up the DagBag from /home/airflow/.local/lib/python3.7/site-packages/airflow/example_dags/example_trigger_target_dag.py
[2023-04-10 11:40:44,244] {processor.py:632} INFO - DAG(s) dict_keys(['example_trigger_target_dag']) retrieved from /home/airflow/.local/lib/python3.7/site-packages/airflow/example_dags/example_trigger_target_dag.py
[2023-04-10 11:40:44,253] {logging_mixin.py:109} INFO - [2023-04-10 11:40:44,253] {dag.py:2389} INFO - Sync 1 DAGs
[2023-04-10 11:40:44,268] {logging_mixin.py:109} INFO - [2023-04-10 11:40:44,268] {dag.py:2921} INFO - Setting next_dagrun for example_trigger_target_dag to None
[2023-04-10 11:40:44,278] {processor.py:171} INFO - Processing /home/airflow/.local/lib/python3.7/site-packages/airflow/example_dags/example_trigger_target_dag.py took 0.060 seconds
[2023-04-10 11:41:14,451] {processor.py:163} INFO - Started process (PID=1884) to work on /home/airflow/.local/lib/python3.7/site-packages/airflow/example_dags/example_trigger_target_dag.py
[2023-04-10 11:41:14,451] {processor.py:620} INFO - Processing file /home/airflow/.local/lib/python3.7/site-packages/airflow/example_dags/example_trigger_target_dag.py for tasks to queue
[2023-04-10 11:41:14,452] {logging_mixin.py:109} INFO - [2023-04-10 11:41:14,452] {dagbag.py:500} INFO - Filling up the DagBag from /home/airflow/.local/lib/python3.7/site-packages/airflow/example_dags/example_trigger_target_dag.py
[2023-04-10 11:41:14,473] {processor.py:632} INFO - DAG(s) dict_keys(['example_trigger_target_dag']) retrieved from /home/airflow/.local/lib/python3.7/site-packages/airflow/example_dags/example_trigger_target_dag.py
[2023-04-10 11:41:14,480] {logging_mixin.py:109} INFO - [2023-04-10 11:41:14,480] {dag.py:2389} INFO - Sync 1 DAGs
[2023-04-10 11:41:14,493] {logging_mixin.py:109} INFO - [2023-04-10 11:41:14,493] {dag.py:2921} INFO - Setting next_dagrun for example_trigger_target_dag to None
[2023-04-10 11:41:14,501] {processor.py:171} INFO - Processing /home/airflow/.local/lib/python3.7/site-packages/airflow/example_dags/example_trigger_target_dag.py took 0.052 seconds
[2023-04-10 11:41:44,746] {processor.py:163} INFO - Started process (PID=1935) to work on /home/airflow/.local/lib/python3.7/site-packages/airflow/example_dags/example_trigger_target_dag.py
[2023-04-10 11:41:44,746] {processor.py:620} INFO - Processing file /home/airflow/.local/lib/python3.7/site-packages/airflow/example_dags/example_trigger_target_dag.py for tasks to queue
[2023-04-10 11:41:44,747] {logging_mixin.py:109} INFO - [2023-04-10 11:41:44,747] {dagbag.py:500} INFO - Filling up the DagBag from /home/airflow/.local/lib/python3.7/site-packages/airflow/example_dags/example_trigger_target_dag.py
[2023-04-10 11:41:44,772] {processor.py:632} INFO - DAG(s) dict_keys(['example_trigger_target_dag']) retrieved from /home/airflow/.local/lib/python3.7/site-packages/airflow/example_dags/example_trigger_target_dag.py
[2023-04-10 11:41:44,783] {logging_mixin.py:109} INFO - [2023-04-10 11:41:44,782] {dag.py:2389} INFO - Sync 1 DAGs
[2023-04-10 11:41:44,798] {logging_mixin.py:109} INFO - [2023-04-10 11:41:44,798] {dag.py:2921} INFO - Setting next_dagrun for example_trigger_target_dag to None
[2023-04-10 11:41:44,808] {processor.py:171} INFO - Processing /home/airflow/.local/lib/python3.7/site-packages/airflow/example_dags/example_trigger_target_dag.py took 0.065 seconds
[2023-04-10 11:42:15,043] {processor.py:163} INFO - Started process (PID=1996) to work on /home/airflow/.local/lib/python3.7/site-packages/airflow/example_dags/example_trigger_target_dag.py
[2023-04-10 11:42:15,044] {processor.py:620} INFO - Processing file /home/airflow/.local/lib/python3.7/site-packages/airflow/example_dags/example_trigger_target_dag.py for tasks to queue
[2023-04-10 11:42:15,045] {logging_mixin.py:109} INFO - [2023-04-10 11:42:15,045] {dagbag.py:500} INFO - Filling up the DagBag from /home/airflow/.local/lib/python3.7/site-packages/airflow/example_dags/example_trigger_target_dag.py
[2023-04-10 11:42:15,065] {processor.py:632} INFO - DAG(s) dict_keys(['example_trigger_target_dag']) retrieved from /home/airflow/.local/lib/python3.7/site-packages/airflow/example_dags/example_trigger_target_dag.py
[2023-04-10 11:42:15,071] {logging_mixin.py:109} INFO - [2023-04-10 11:42:15,071] {dag.py:2389} INFO - Sync 1 DAGs
[2023-04-10 11:42:15,082] {logging_mixin.py:109} INFO - [2023-04-10 11:42:15,082] {dag.py:2921} INFO - Setting next_dagrun for example_trigger_target_dag to None
[2023-04-10 11:42:15,090] {processor.py:171} INFO - Processing /home/airflow/.local/lib/python3.7/site-packages/airflow/example_dags/example_trigger_target_dag.py took 0.049 seconds
[2023-04-10 11:42:45,462] {processor.py:163} INFO - Started process (PID=2047) to work on /home/airflow/.local/lib/python3.7/site-packages/airflow/example_dags/example_trigger_target_dag.py
[2023-04-10 11:42:45,463] {processor.py:620} INFO - Processing file /home/airflow/.local/lib/python3.7/site-packages/airflow/example_dags/example_trigger_target_dag.py for tasks to queue
[2023-04-10 11:42:45,463] {logging_mixin.py:109} INFO - [2023-04-10 11:42:45,463] {dagbag.py:500} INFO - Filling up the DagBag from /home/airflow/.local/lib/python3.7/site-packages/airflow/example_dags/example_trigger_target_dag.py
[2023-04-10 11:42:45,484] {processor.py:632} INFO - DAG(s) dict_keys(['example_trigger_target_dag']) retrieved from /home/airflow/.local/lib/python3.7/site-packages/airflow/example_dags/example_trigger_target_dag.py
[2023-04-10 11:42:45,492] {logging_mixin.py:109} INFO - [2023-04-10 11:42:45,492] {dag.py:2389} INFO - Sync 1 DAGs
[2023-04-10 11:42:45,505] {logging_mixin.py:109} INFO - [2023-04-10 11:42:45,504] {dag.py:2921} INFO - Setting next_dagrun for example_trigger_target_dag to None
[2023-04-10 11:42:45,513] {processor.py:171} INFO - Processing /home/airflow/.local/lib/python3.7/site-packages/airflow/example_dags/example_trigger_target_dag.py took 0.053 seconds
[2023-04-10 11:43:15,843] {processor.py:163} INFO - Started process (PID=2108) to work on /home/airflow/.local/lib/python3.7/site-packages/airflow/example_dags/example_trigger_target_dag.py
[2023-04-10 11:43:15,845] {processor.py:620} INFO - Processing file /home/airflow/.local/lib/python3.7/site-packages/airflow/example_dags/example_trigger_target_dag.py for tasks to queue
[2023-04-10 11:43:15,845] {logging_mixin.py:109} INFO - [2023-04-10 11:43:15,845] {dagbag.py:500} INFO - Filling up the DagBag from /home/airflow/.local/lib/python3.7/site-packages/airflow/example_dags/example_trigger_target_dag.py
[2023-04-10 11:43:15,873] {processor.py:632} INFO - DAG(s) dict_keys(['example_trigger_target_dag']) retrieved from /home/airflow/.local/lib/python3.7/site-packages/airflow/example_dags/example_trigger_target_dag.py
[2023-04-10 11:43:15,882] {logging_mixin.py:109} INFO - [2023-04-10 11:43:15,882] {dag.py:2389} INFO - Sync 1 DAGs
[2023-04-10 11:43:15,898] {logging_mixin.py:109} INFO - [2023-04-10 11:43:15,898] {dag.py:2921} INFO - Setting next_dagrun for example_trigger_target_dag to None
[2023-04-10 11:43:15,908] {processor.py:171} INFO - Processing /home/airflow/.local/lib/python3.7/site-packages/airflow/example_dags/example_trigger_target_dag.py took 0.068 seconds
[2023-04-10 11:43:46,028] {processor.py:163} INFO - Started process (PID=2159) to work on /home/airflow/.local/lib/python3.7/site-packages/airflow/example_dags/example_trigger_target_dag.py
[2023-04-10 11:43:46,029] {processor.py:620} INFO - Processing file /home/airflow/.local/lib/python3.7/site-packages/airflow/example_dags/example_trigger_target_dag.py for tasks to queue
[2023-04-10 11:43:46,030] {logging_mixin.py:109} INFO - [2023-04-10 11:43:46,029] {dagbag.py:500} INFO - Filling up the DagBag from /home/airflow/.local/lib/python3.7/site-packages/airflow/example_dags/example_trigger_target_dag.py
[2023-04-10 11:43:46,053] {processor.py:632} INFO - DAG(s) dict_keys(['example_trigger_target_dag']) retrieved from /home/airflow/.local/lib/python3.7/site-packages/airflow/example_dags/example_trigger_target_dag.py
[2023-04-10 11:43:46,060] {logging_mixin.py:109} INFO - [2023-04-10 11:43:46,060] {dag.py:2389} INFO - Sync 1 DAGs
[2023-04-10 11:43:46,073] {logging_mixin.py:109} INFO - [2023-04-10 11:43:46,073] {dag.py:2921} INFO - Setting next_dagrun for example_trigger_target_dag to None
[2023-04-10 11:43:46,082] {processor.py:171} INFO - Processing /home/airflow/.local/lib/python3.7/site-packages/airflow/example_dags/example_trigger_target_dag.py took 0.056 seconds
[2023-04-10 11:44:16,479] {processor.py:163} INFO - Started process (PID=2217) to work on /home/airflow/.local/lib/python3.7/site-packages/airflow/example_dags/example_trigger_target_dag.py
[2023-04-10 11:44:16,480] {processor.py:620} INFO - Processing file /home/airflow/.local/lib/python3.7/site-packages/airflow/example_dags/example_trigger_target_dag.py for tasks to queue
[2023-04-10 11:44:16,481] {logging_mixin.py:109} INFO - [2023-04-10 11:44:16,481] {dagbag.py:500} INFO - Filling up the DagBag from /home/airflow/.local/lib/python3.7/site-packages/airflow/example_dags/example_trigger_target_dag.py
[2023-04-10 11:44:16,507] {processor.py:632} INFO - DAG(s) dict_keys(['example_trigger_target_dag']) retrieved from /home/airflow/.local/lib/python3.7/site-packages/airflow/example_dags/example_trigger_target_dag.py
[2023-04-10 11:44:16,516] {logging_mixin.py:109} INFO - [2023-04-10 11:44:16,516] {dag.py:2389} INFO - Sync 1 DAGs
[2023-04-10 11:44:16,537] {logging_mixin.py:109} INFO - [2023-04-10 11:44:16,537] {dag.py:2921} INFO - Setting next_dagrun for example_trigger_target_dag to None
[2023-04-10 11:44:16,554] {processor.py:171} INFO - Processing /home/airflow/.local/lib/python3.7/site-packages/airflow/example_dags/example_trigger_target_dag.py took 0.076 seconds
[2023-04-10 11:44:46,725] {processor.py:163} INFO - Started process (PID=2270) to work on /home/airflow/.local/lib/python3.7/site-packages/airflow/example_dags/example_trigger_target_dag.py
[2023-04-10 11:44:46,726] {processor.py:620} INFO - Processing file /home/airflow/.local/lib/python3.7/site-packages/airflow/example_dags/example_trigger_target_dag.py for tasks to queue
[2023-04-10 11:44:46,726] {logging_mixin.py:109} INFO - [2023-04-10 11:44:46,726] {dagbag.py:500} INFO - Filling up the DagBag from /home/airflow/.local/lib/python3.7/site-packages/airflow/example_dags/example_trigger_target_dag.py
[2023-04-10 11:44:46,747] {processor.py:632} INFO - DAG(s) dict_keys(['example_trigger_target_dag']) retrieved from /home/airflow/.local/lib/python3.7/site-packages/airflow/example_dags/example_trigger_target_dag.py
[2023-04-10 11:44:46,755] {logging_mixin.py:109} INFO - [2023-04-10 11:44:46,755] {dag.py:2389} INFO - Sync 1 DAGs
[2023-04-10 11:44:46,768] {logging_mixin.py:109} INFO - [2023-04-10 11:44:46,768] {dag.py:2921} INFO - Setting next_dagrun for example_trigger_target_dag to None
[2023-04-10 11:44:46,776] {processor.py:171} INFO - Processing /home/airflow/.local/lib/python3.7/site-packages/airflow/example_dags/example_trigger_target_dag.py took 0.053 seconds
[2023-04-10 11:45:17,148] {processor.py:163} INFO - Started process (PID=2322) to work on /home/airflow/.local/lib/python3.7/site-packages/airflow/example_dags/example_trigger_target_dag.py
[2023-04-10 11:45:17,149] {processor.py:620} INFO - Processing file /home/airflow/.local/lib/python3.7/site-packages/airflow/example_dags/example_trigger_target_dag.py for tasks to queue
[2023-04-10 11:45:17,149] {logging_mixin.py:109} INFO - [2023-04-10 11:45:17,149] {dagbag.py:500} INFO - Filling up the DagBag from /home/airflow/.local/lib/python3.7/site-packages/airflow/example_dags/example_trigger_target_dag.py
[2023-04-10 11:45:17,167] {processor.py:632} INFO - DAG(s) dict_keys(['example_trigger_target_dag']) retrieved from /home/airflow/.local/lib/python3.7/site-packages/airflow/example_dags/example_trigger_target_dag.py
[2023-04-10 11:45:17,174] {logging_mixin.py:109} INFO - [2023-04-10 11:45:17,173] {dag.py:2389} INFO - Sync 1 DAGs
[2023-04-10 11:45:17,184] {logging_mixin.py:109} INFO - [2023-04-10 11:45:17,184] {dag.py:2921} INFO - Setting next_dagrun for example_trigger_target_dag to None
[2023-04-10 11:45:17,192] {processor.py:171} INFO - Processing /home/airflow/.local/lib/python3.7/site-packages/airflow/example_dags/example_trigger_target_dag.py took 0.045 seconds
[2023-04-10 11:45:47,454] {processor.py:163} INFO - Started process (PID=2382) to work on /home/airflow/.local/lib/python3.7/site-packages/airflow/example_dags/example_trigger_target_dag.py
[2023-04-10 11:45:47,454] {processor.py:620} INFO - Processing file /home/airflow/.local/lib/python3.7/site-packages/airflow/example_dags/example_trigger_target_dag.py for tasks to queue
[2023-04-10 11:45:47,455] {logging_mixin.py:109} INFO - [2023-04-10 11:45:47,455] {dagbag.py:500} INFO - Filling up the DagBag from /home/airflow/.local/lib/python3.7/site-packages/airflow/example_dags/example_trigger_target_dag.py
[2023-04-10 11:45:47,475] {processor.py:632} INFO - DAG(s) dict_keys(['example_trigger_target_dag']) retrieved from /home/airflow/.local/lib/python3.7/site-packages/airflow/example_dags/example_trigger_target_dag.py
[2023-04-10 11:45:47,481] {logging_mixin.py:109} INFO - [2023-04-10 11:45:47,481] {dag.py:2389} INFO - Sync 1 DAGs
[2023-04-10 11:45:47,491] {logging_mixin.py:109} INFO - [2023-04-10 11:45:47,491] {dag.py:2921} INFO - Setting next_dagrun for example_trigger_target_dag to None
[2023-04-10 11:45:47,498] {processor.py:171} INFO - Processing /home/airflow/.local/lib/python3.7/site-packages/airflow/example_dags/example_trigger_target_dag.py took 0.046 seconds
[2023-04-10 11:46:17,775] {processor.py:163} INFO - Started process (PID=2433) to work on /home/airflow/.local/lib/python3.7/site-packages/airflow/example_dags/example_trigger_target_dag.py
[2023-04-10 11:46:17,776] {processor.py:620} INFO - Processing file /home/airflow/.local/lib/python3.7/site-packages/airflow/example_dags/example_trigger_target_dag.py for tasks to queue
[2023-04-10 11:46:17,776] {logging_mixin.py:109} INFO - [2023-04-10 11:46:17,776] {dagbag.py:500} INFO - Filling up the DagBag from /home/airflow/.local/lib/python3.7/site-packages/airflow/example_dags/example_trigger_target_dag.py
[2023-04-10 11:46:17,795] {processor.py:632} INFO - DAG(s) dict_keys(['example_trigger_target_dag']) retrieved from /home/airflow/.local/lib/python3.7/site-packages/airflow/example_dags/example_trigger_target_dag.py
[2023-04-10 11:46:17,801] {logging_mixin.py:109} INFO - [2023-04-10 11:46:17,801] {dag.py:2389} INFO - Sync 1 DAGs
[2023-04-10 11:46:17,811] {logging_mixin.py:109} INFO - [2023-04-10 11:46:17,811] {dag.py:2921} INFO - Setting next_dagrun for example_trigger_target_dag to None
[2023-04-10 11:46:17,820] {processor.py:171} INFO - Processing /home/airflow/.local/lib/python3.7/site-packages/airflow/example_dags/example_trigger_target_dag.py took 0.046 seconds
[2023-04-10 11:46:48,061] {processor.py:163} INFO - Started process (PID=2493) to work on /home/airflow/.local/lib/python3.7/site-packages/airflow/example_dags/example_trigger_target_dag.py
[2023-04-10 11:46:48,062] {processor.py:620} INFO - Processing file /home/airflow/.local/lib/python3.7/site-packages/airflow/example_dags/example_trigger_target_dag.py for tasks to queue
[2023-04-10 11:46:48,062] {logging_mixin.py:109} INFO - [2023-04-10 11:46:48,062] {dagbag.py:500} INFO - Filling up the DagBag from /home/airflow/.local/lib/python3.7/site-packages/airflow/example_dags/example_trigger_target_dag.py
[2023-04-10 11:46:48,082] {processor.py:632} INFO - DAG(s) dict_keys(['example_trigger_target_dag']) retrieved from /home/airflow/.local/lib/python3.7/site-packages/airflow/example_dags/example_trigger_target_dag.py
[2023-04-10 11:46:48,089] {logging_mixin.py:109} INFO - [2023-04-10 11:46:48,089] {dag.py:2389} INFO - Sync 1 DAGs
[2023-04-10 11:46:48,102] {logging_mixin.py:109} INFO - [2023-04-10 11:46:48,102] {dag.py:2921} INFO - Setting next_dagrun for example_trigger_target_dag to None
[2023-04-10 11:46:48,110] {processor.py:171} INFO - Processing /home/airflow/.local/lib/python3.7/site-packages/airflow/example_dags/example_trigger_target_dag.py took 0.051 seconds
[2023-04-10 11:47:18,397] {processor.py:163} INFO - Started process (PID=2544) to work on /home/airflow/.local/lib/python3.7/site-packages/airflow/example_dags/example_trigger_target_dag.py
[2023-04-10 11:47:18,398] {processor.py:620} INFO - Processing file /home/airflow/.local/lib/python3.7/site-packages/airflow/example_dags/example_trigger_target_dag.py for tasks to queue
[2023-04-10 11:47:18,399] {logging_mixin.py:109} INFO - [2023-04-10 11:47:18,399] {dagbag.py:500} INFO - Filling up the DagBag from /home/airflow/.local/lib/python3.7/site-packages/airflow/example_dags/example_trigger_target_dag.py
[2023-04-10 11:47:18,421] {processor.py:632} INFO - DAG(s) dict_keys(['example_trigger_target_dag']) retrieved from /home/airflow/.local/lib/python3.7/site-packages/airflow/example_dags/example_trigger_target_dag.py
[2023-04-10 11:47:18,429] {logging_mixin.py:109} INFO - [2023-04-10 11:47:18,429] {dag.py:2389} INFO - Sync 1 DAGs
[2023-04-10 11:47:18,444] {logging_mixin.py:109} INFO - [2023-04-10 11:47:18,444] {dag.py:2921} INFO - Setting next_dagrun for example_trigger_target_dag to None
[2023-04-10 11:47:18,454] {processor.py:171} INFO - Processing /home/airflow/.local/lib/python3.7/site-packages/airflow/example_dags/example_trigger_target_dag.py took 0.059 seconds
[2023-04-10 11:47:49,318] {processor.py:163} INFO - Started process (PID=2604) to work on /home/airflow/.local/lib/python3.7/site-packages/airflow/example_dags/example_trigger_target_dag.py
[2023-04-10 11:47:49,319] {processor.py:620} INFO - Processing file /home/airflow/.local/lib/python3.7/site-packages/airflow/example_dags/example_trigger_target_dag.py for tasks to queue
[2023-04-10 11:47:49,320] {logging_mixin.py:109} INFO - [2023-04-10 11:47:49,320] {dagbag.py:500} INFO - Filling up the DagBag from /home/airflow/.local/lib/python3.7/site-packages/airflow/example_dags/example_trigger_target_dag.py
[2023-04-10 11:47:49,350] {processor.py:632} INFO - DAG(s) dict_keys(['example_trigger_target_dag']) retrieved from /home/airflow/.local/lib/python3.7/site-packages/airflow/example_dags/example_trigger_target_dag.py
[2023-04-10 11:47:49,358] {logging_mixin.py:109} INFO - [2023-04-10 11:47:49,358] {dag.py:2389} INFO - Sync 1 DAGs
[2023-04-10 11:47:49,448] {logging_mixin.py:109} INFO - [2023-04-10 11:47:49,448] {dag.py:2921} INFO - Setting next_dagrun for example_trigger_target_dag to None
[2023-04-10 11:47:49,457] {processor.py:171} INFO - Processing /home/airflow/.local/lib/python3.7/site-packages/airflow/example_dags/example_trigger_target_dag.py took 0.144 seconds
[2023-04-10 11:48:04,404] {processor.py:163} INFO - Started process (PID=3139) to work on /home/airflow/.local/lib/python3.7/site-packages/airflow/example_dags/example_trigger_target_dag.py
[2023-04-10 11:48:04,405] {processor.py:620} INFO - Processing file /home/airflow/.local/lib/python3.7/site-packages/airflow/example_dags/example_trigger_target_dag.py for tasks to queue
[2023-04-10 11:48:04,406] {logging_mixin.py:109} INFO - [2023-04-10 11:48:04,406] {dagbag.py:500} INFO - Filling up the DagBag from /home/airflow/.local/lib/python3.7/site-packages/airflow/example_dags/example_trigger_target_dag.py
[2023-04-10 11:48:04,429] {processor.py:632} INFO - DAG(s) dict_keys(['example_trigger_target_dag']) retrieved from /home/airflow/.local/lib/python3.7/site-packages/airflow/example_dags/example_trigger_target_dag.py
[2023-04-10 11:48:04,436] {logging_mixin.py:109} INFO - [2023-04-10 11:48:04,436] {dag.py:2389} INFO - Sync 1 DAGs
[2023-04-10 11:48:04,448] {logging_mixin.py:109} INFO - [2023-04-10 11:48:04,448] {dag.py:2921} INFO - Setting next_dagrun for example_trigger_target_dag to None
[2023-04-10 11:48:04,456] {processor.py:171} INFO - Processing /home/airflow/.local/lib/python3.7/site-packages/airflow/example_dags/example_trigger_target_dag.py took 0.054 seconds
[2023-04-10 11:48:19,489] {processor.py:163} INFO - Started process (PID=2655) to work on /home/airflow/.local/lib/python3.7/site-packages/airflow/example_dags/example_trigger_target_dag.py
[2023-04-10 11:48:19,490] {processor.py:620} INFO - Processing file /home/airflow/.local/lib/python3.7/site-packages/airflow/example_dags/example_trigger_target_dag.py for tasks to queue
[2023-04-10 11:48:19,490] {logging_mixin.py:109} INFO - [2023-04-10 11:48:19,490] {dagbag.py:500} INFO - Filling up the DagBag from /home/airflow/.local/lib/python3.7/site-packages/airflow/example_dags/example_trigger_target_dag.py
[2023-04-10 11:48:19,513] {processor.py:632} INFO - DAG(s) dict_keys(['example_trigger_target_dag']) retrieved from /home/airflow/.local/lib/python3.7/site-packages/airflow/example_dags/example_trigger_target_dag.py
[2023-04-10 11:48:19,521] {logging_mixin.py:109} INFO - [2023-04-10 11:48:19,521] {dag.py:2389} INFO - Sync 1 DAGs
[2023-04-10 11:48:19,612] {logging_mixin.py:109} INFO - [2023-04-10 11:48:19,612] {dag.py:2921} INFO - Setting next_dagrun for example_trigger_target_dag to None
[2023-04-10 11:48:19,619] {processor.py:171} INFO - Processing /home/airflow/.local/lib/python3.7/site-packages/airflow/example_dags/example_trigger_target_dag.py took 0.132 seconds
[2023-04-10 11:48:50,440] {processor.py:163} INFO - Started process (PID=2706) to work on /home/airflow/.local/lib/python3.7/site-packages/airflow/example_dags/example_trigger_target_dag.py
[2023-04-10 11:48:50,441] {processor.py:620} INFO - Processing file /home/airflow/.local/lib/python3.7/site-packages/airflow/example_dags/example_trigger_target_dag.py for tasks to queue
[2023-04-10 11:48:50,441] {logging_mixin.py:109} INFO - [2023-04-10 11:48:50,441] {dagbag.py:500} INFO - Filling up the DagBag from /home/airflow/.local/lib/python3.7/site-packages/airflow/example_dags/example_trigger_target_dag.py
[2023-04-10 11:48:50,463] {processor.py:632} INFO - DAG(s) dict_keys(['example_trigger_target_dag']) retrieved from /home/airflow/.local/lib/python3.7/site-packages/airflow/example_dags/example_trigger_target_dag.py
[2023-04-10 11:48:50,470] {logging_mixin.py:109} INFO - [2023-04-10 11:48:50,469] {dag.py:2389} INFO - Sync 1 DAGs
[2023-04-10 11:48:50,549] {logging_mixin.py:109} INFO - [2023-04-10 11:48:50,549] {dag.py:2921} INFO - Setting next_dagrun for example_trigger_target_dag to None
[2023-04-10 11:48:50,557] {processor.py:171} INFO - Processing /home/airflow/.local/lib/python3.7/site-packages/airflow/example_dags/example_trigger_target_dag.py took 0.119 seconds
