[2023-04-10 11:26:54,829] {processor.py:163} INFO - Started process (PID=220) to work on /home/airflow/.local/lib/python3.7/site-packages/airflow/example_dags/example_nested_branch_dag.py
[2023-04-10 11:26:54,830] {processor.py:620} INFO - Processing file /home/airflow/.local/lib/python3.7/site-packages/airflow/example_dags/example_nested_branch_dag.py for tasks to queue
[2023-04-10 11:26:54,830] {logging_mixin.py:109} INFO - [2023-04-10 11:26:54,830] {dagbag.py:500} INFO - Filling up the DagBag from /home/airflow/.local/lib/python3.7/site-packages/airflow/example_dags/example_nested_branch_dag.py
[2023-04-10 11:26:54,858] {processor.py:632} INFO - DAG(s) dict_keys(['example_nested_branch_dag']) retrieved from /home/airflow/.local/lib/python3.7/site-packages/airflow/example_dags/example_nested_branch_dag.py
[2023-04-10 11:26:56,583] {logging_mixin.py:109} INFO - [2023-04-10 11:26:56,583] {providers_manager.py:156} WARNING - Exception when importing 'airflow.providers.google.leveldb.hooks.leveldb.LevelDBHook' from 'apache-airflow-providers-google' package: No module named 'plyvel'
[2023-04-10 11:26:56,964] {logging_mixin.py:109} INFO - [2023-04-10 11:26:56,964] {providers_manager.py:156} WARNING - Exception when importing 'airflow.providers.google.leveldb.hooks.leveldb.LevelDBHook' from 'apache-airflow-providers-google' package: No module named 'plyvel'
[2023-04-10 11:26:56,984] {logging_mixin.py:109} INFO - [2023-04-10 11:26:56,984] {manager.py:496} INFO - Created Permission View: can read on DAG:example_nested_branch_dag
[2023-04-10 11:26:56,992] {logging_mixin.py:109} INFO - [2023-04-10 11:26:56,992] {manager.py:496} INFO - Created Permission View: can edit on DAG:example_nested_branch_dag
[2023-04-10 11:26:56,993] {logging_mixin.py:109} INFO - [2023-04-10 11:26:56,992] {dag.py:2389} INFO - Sync 1 DAGs
[2023-04-10 11:26:56,999] {logging_mixin.py:109} INFO - [2023-04-10 11:26:56,999] {dag.py:2408} INFO - Creating ORM DAG for example_nested_branch_dag
[2023-04-10 11:26:57,008] {logging_mixin.py:109} INFO - [2023-04-10 11:26:57,008] {dag.py:2921} INFO - Setting next_dagrun for example_nested_branch_dag to 2023-04-09 00:00:00+00:00
[2023-04-10 11:26:57,020] {processor.py:171} INFO - Processing /home/airflow/.local/lib/python3.7/site-packages/airflow/example_dags/example_nested_branch_dag.py took 2.194 seconds
[2023-04-10 11:27:27,717] {processor.py:163} INFO - Started process (PID=384) to work on /home/airflow/.local/lib/python3.7/site-packages/airflow/example_dags/example_nested_branch_dag.py
[2023-04-10 11:27:27,719] {processor.py:620} INFO - Processing file /home/airflow/.local/lib/python3.7/site-packages/airflow/example_dags/example_nested_branch_dag.py for tasks to queue
[2023-04-10 11:27:27,719] {logging_mixin.py:109} INFO - [2023-04-10 11:27:27,719] {dagbag.py:500} INFO - Filling up the DagBag from /home/airflow/.local/lib/python3.7/site-packages/airflow/example_dags/example_nested_branch_dag.py
[2023-04-10 11:27:27,744] {processor.py:632} INFO - DAG(s) dict_keys(['example_nested_branch_dag']) retrieved from /home/airflow/.local/lib/python3.7/site-packages/airflow/example_dags/example_nested_branch_dag.py
[2023-04-10 11:27:27,754] {logging_mixin.py:109} INFO - [2023-04-10 11:27:27,754] {dag.py:2389} INFO - Sync 1 DAGs
[2023-04-10 11:27:27,770] {logging_mixin.py:109} INFO - [2023-04-10 11:27:27,770] {dag.py:2921} INFO - Setting next_dagrun for example_nested_branch_dag to 2023-04-09 00:00:00+00:00
[2023-04-10 11:27:27,779] {processor.py:171} INFO - Processing /home/airflow/.local/lib/python3.7/site-packages/airflow/example_dags/example_nested_branch_dag.py took 0.064 seconds
[2023-04-10 11:27:57,966] {processor.py:163} INFO - Started process (PID=435) to work on /home/airflow/.local/lib/python3.7/site-packages/airflow/example_dags/example_nested_branch_dag.py
[2023-04-10 11:27:57,967] {processor.py:620} INFO - Processing file /home/airflow/.local/lib/python3.7/site-packages/airflow/example_dags/example_nested_branch_dag.py for tasks to queue
[2023-04-10 11:27:57,967] {logging_mixin.py:109} INFO - [2023-04-10 11:27:57,967] {dagbag.py:500} INFO - Filling up the DagBag from /home/airflow/.local/lib/python3.7/site-packages/airflow/example_dags/example_nested_branch_dag.py
[2023-04-10 11:27:57,992] {processor.py:632} INFO - DAG(s) dict_keys(['example_nested_branch_dag']) retrieved from /home/airflow/.local/lib/python3.7/site-packages/airflow/example_dags/example_nested_branch_dag.py
[2023-04-10 11:27:58,000] {logging_mixin.py:109} INFO - [2023-04-10 11:27:58,000] {dag.py:2389} INFO - Sync 1 DAGs
[2023-04-10 11:27:58,014] {logging_mixin.py:109} INFO - [2023-04-10 11:27:58,014] {dag.py:2921} INFO - Setting next_dagrun for example_nested_branch_dag to 2023-04-09 00:00:00+00:00
[2023-04-10 11:27:58,022] {processor.py:171} INFO - Processing /home/airflow/.local/lib/python3.7/site-packages/airflow/example_dags/example_nested_branch_dag.py took 0.058 seconds
[2023-04-10 11:28:28,151] {processor.py:163} INFO - Started process (PID=486) to work on /home/airflow/.local/lib/python3.7/site-packages/airflow/example_dags/example_nested_branch_dag.py
[2023-04-10 11:28:28,152] {processor.py:620} INFO - Processing file /home/airflow/.local/lib/python3.7/site-packages/airflow/example_dags/example_nested_branch_dag.py for tasks to queue
[2023-04-10 11:28:28,152] {logging_mixin.py:109} INFO - [2023-04-10 11:28:28,152] {dagbag.py:500} INFO - Filling up the DagBag from /home/airflow/.local/lib/python3.7/site-packages/airflow/example_dags/example_nested_branch_dag.py
[2023-04-10 11:28:28,174] {processor.py:632} INFO - DAG(s) dict_keys(['example_nested_branch_dag']) retrieved from /home/airflow/.local/lib/python3.7/site-packages/airflow/example_dags/example_nested_branch_dag.py
[2023-04-10 11:28:28,181] {logging_mixin.py:109} INFO - [2023-04-10 11:28:28,181] {dag.py:2389} INFO - Sync 1 DAGs
[2023-04-10 11:28:28,192] {logging_mixin.py:109} INFO - [2023-04-10 11:28:28,192] {dag.py:2921} INFO - Setting next_dagrun for example_nested_branch_dag to 2023-04-09 00:00:00+00:00
[2023-04-10 11:28:28,200] {processor.py:171} INFO - Processing /home/airflow/.local/lib/python3.7/site-packages/airflow/example_dags/example_nested_branch_dag.py took 0.052 seconds
[2023-04-10 11:28:58,440] {processor.py:163} INFO - Started process (PID=546) to work on /home/airflow/.local/lib/python3.7/site-packages/airflow/example_dags/example_nested_branch_dag.py
[2023-04-10 11:28:58,441] {processor.py:620} INFO - Processing file /home/airflow/.local/lib/python3.7/site-packages/airflow/example_dags/example_nested_branch_dag.py for tasks to queue
[2023-04-10 11:28:58,442] {logging_mixin.py:109} INFO - [2023-04-10 11:28:58,442] {dagbag.py:500} INFO - Filling up the DagBag from /home/airflow/.local/lib/python3.7/site-packages/airflow/example_dags/example_nested_branch_dag.py
[2023-04-10 11:28:58,466] {processor.py:632} INFO - DAG(s) dict_keys(['example_nested_branch_dag']) retrieved from /home/airflow/.local/lib/python3.7/site-packages/airflow/example_dags/example_nested_branch_dag.py
[2023-04-10 11:28:58,473] {logging_mixin.py:109} INFO - [2023-04-10 11:28:58,473] {dag.py:2389} INFO - Sync 1 DAGs
[2023-04-10 11:28:58,485] {logging_mixin.py:109} INFO - [2023-04-10 11:28:58,485] {dag.py:2921} INFO - Setting next_dagrun for example_nested_branch_dag to 2023-04-09 00:00:00+00:00
[2023-04-10 11:28:58,493] {processor.py:171} INFO - Processing /home/airflow/.local/lib/python3.7/site-packages/airflow/example_dags/example_nested_branch_dag.py took 0.056 seconds
[2023-04-10 11:29:28,579] {processor.py:163} INFO - Started process (PID=599) to work on /home/airflow/.local/lib/python3.7/site-packages/airflow/example_dags/example_nested_branch_dag.py
[2023-04-10 11:29:28,583] {processor.py:620} INFO - Processing file /home/airflow/.local/lib/python3.7/site-packages/airflow/example_dags/example_nested_branch_dag.py for tasks to queue
[2023-04-10 11:29:28,583] {logging_mixin.py:109} INFO - [2023-04-10 11:29:28,583] {dagbag.py:500} INFO - Filling up the DagBag from /home/airflow/.local/lib/python3.7/site-packages/airflow/example_dags/example_nested_branch_dag.py
[2023-04-10 11:29:28,605] {processor.py:632} INFO - DAG(s) dict_keys(['example_nested_branch_dag']) retrieved from /home/airflow/.local/lib/python3.7/site-packages/airflow/example_dags/example_nested_branch_dag.py
[2023-04-10 11:29:28,613] {logging_mixin.py:109} INFO - [2023-04-10 11:29:28,613] {dag.py:2389} INFO - Sync 1 DAGs
[2023-04-10 11:29:28,625] {logging_mixin.py:109} INFO - [2023-04-10 11:29:28,625] {dag.py:2921} INFO - Setting next_dagrun for example_nested_branch_dag to 2023-04-09 00:00:00+00:00
[2023-04-10 11:29:28,633] {processor.py:171} INFO - Processing /home/airflow/.local/lib/python3.7/site-packages/airflow/example_dags/example_nested_branch_dag.py took 0.056 seconds
[2023-04-10 11:29:58,911] {processor.py:163} INFO - Started process (PID=659) to work on /home/airflow/.local/lib/python3.7/site-packages/airflow/example_dags/example_nested_branch_dag.py
[2023-04-10 11:29:58,912] {processor.py:620} INFO - Processing file /home/airflow/.local/lib/python3.7/site-packages/airflow/example_dags/example_nested_branch_dag.py for tasks to queue
[2023-04-10 11:29:58,913] {logging_mixin.py:109} INFO - [2023-04-10 11:29:58,912] {dagbag.py:500} INFO - Filling up the DagBag from /home/airflow/.local/lib/python3.7/site-packages/airflow/example_dags/example_nested_branch_dag.py
[2023-04-10 11:29:58,948] {processor.py:632} INFO - DAG(s) dict_keys(['example_nested_branch_dag']) retrieved from /home/airflow/.local/lib/python3.7/site-packages/airflow/example_dags/example_nested_branch_dag.py
[2023-04-10 11:29:58,961] {logging_mixin.py:109} INFO - [2023-04-10 11:29:58,961] {dag.py:2389} INFO - Sync 1 DAGs
[2023-04-10 11:29:58,981] {logging_mixin.py:109} INFO - [2023-04-10 11:29:58,981] {dag.py:2921} INFO - Setting next_dagrun for example_nested_branch_dag to 2023-04-09 00:00:00+00:00
[2023-04-10 11:29:58,992] {processor.py:171} INFO - Processing /home/airflow/.local/lib/python3.7/site-packages/airflow/example_dags/example_nested_branch_dag.py took 0.085 seconds
[2023-04-10 11:30:29,322] {processor.py:163} INFO - Started process (PID=710) to work on /home/airflow/.local/lib/python3.7/site-packages/airflow/example_dags/example_nested_branch_dag.py
[2023-04-10 11:30:29,328] {processor.py:620} INFO - Processing file /home/airflow/.local/lib/python3.7/site-packages/airflow/example_dags/example_nested_branch_dag.py for tasks to queue
[2023-04-10 11:30:29,328] {logging_mixin.py:109} INFO - [2023-04-10 11:30:29,328] {dagbag.py:500} INFO - Filling up the DagBag from /home/airflow/.local/lib/python3.7/site-packages/airflow/example_dags/example_nested_branch_dag.py
[2023-04-10 11:30:29,349] {processor.py:632} INFO - DAG(s) dict_keys(['example_nested_branch_dag']) retrieved from /home/airflow/.local/lib/python3.7/site-packages/airflow/example_dags/example_nested_branch_dag.py
[2023-04-10 11:30:29,356] {logging_mixin.py:109} INFO - [2023-04-10 11:30:29,356] {dag.py:2389} INFO - Sync 1 DAGs
[2023-04-10 11:30:29,367] {logging_mixin.py:109} INFO - [2023-04-10 11:30:29,367] {dag.py:2921} INFO - Setting next_dagrun for example_nested_branch_dag to 2023-04-09 00:00:00+00:00
[2023-04-10 11:30:29,375] {processor.py:171} INFO - Processing /home/airflow/.local/lib/python3.7/site-packages/airflow/example_dags/example_nested_branch_dag.py took 0.055 seconds
[2023-04-10 11:30:59,781] {processor.py:163} INFO - Started process (PID=770) to work on /home/airflow/.local/lib/python3.7/site-packages/airflow/example_dags/example_nested_branch_dag.py
[2023-04-10 11:30:59,782] {processor.py:620} INFO - Processing file /home/airflow/.local/lib/python3.7/site-packages/airflow/example_dags/example_nested_branch_dag.py for tasks to queue
[2023-04-10 11:30:59,782] {logging_mixin.py:109} INFO - [2023-04-10 11:30:59,782] {dagbag.py:500} INFO - Filling up the DagBag from /home/airflow/.local/lib/python3.7/site-packages/airflow/example_dags/example_nested_branch_dag.py
[2023-04-10 11:30:59,806] {processor.py:632} INFO - DAG(s) dict_keys(['example_nested_branch_dag']) retrieved from /home/airflow/.local/lib/python3.7/site-packages/airflow/example_dags/example_nested_branch_dag.py
[2023-04-10 11:30:59,815] {logging_mixin.py:109} INFO - [2023-04-10 11:30:59,815] {dag.py:2389} INFO - Sync 1 DAGs
[2023-04-10 11:30:59,830] {logging_mixin.py:109} INFO - [2023-04-10 11:30:59,830] {dag.py:2921} INFO - Setting next_dagrun for example_nested_branch_dag to 2023-04-09 00:00:00+00:00
[2023-04-10 11:30:59,839] {processor.py:171} INFO - Processing /home/airflow/.local/lib/python3.7/site-packages/airflow/example_dags/example_nested_branch_dag.py took 0.061 seconds
[2023-04-10 11:31:30,138] {processor.py:163} INFO - Started process (PID=821) to work on /home/airflow/.local/lib/python3.7/site-packages/airflow/example_dags/example_nested_branch_dag.py
[2023-04-10 11:31:30,139] {processor.py:620} INFO - Processing file /home/airflow/.local/lib/python3.7/site-packages/airflow/example_dags/example_nested_branch_dag.py for tasks to queue
[2023-04-10 11:31:30,139] {logging_mixin.py:109} INFO - [2023-04-10 11:31:30,139] {dagbag.py:500} INFO - Filling up the DagBag from /home/airflow/.local/lib/python3.7/site-packages/airflow/example_dags/example_nested_branch_dag.py
[2023-04-10 11:31:30,161] {processor.py:632} INFO - DAG(s) dict_keys(['example_nested_branch_dag']) retrieved from /home/airflow/.local/lib/python3.7/site-packages/airflow/example_dags/example_nested_branch_dag.py
[2023-04-10 11:31:30,169] {logging_mixin.py:109} INFO - [2023-04-10 11:31:30,169] {dag.py:2389} INFO - Sync 1 DAGs
[2023-04-10 11:31:30,183] {logging_mixin.py:109} INFO - [2023-04-10 11:31:30,183] {dag.py:2921} INFO - Setting next_dagrun for example_nested_branch_dag to 2023-04-09 00:00:00+00:00
[2023-04-10 11:31:30,192] {processor.py:171} INFO - Processing /home/airflow/.local/lib/python3.7/site-packages/airflow/example_dags/example_nested_branch_dag.py took 0.056 seconds
[2023-04-10 11:32:00,395] {processor.py:163} INFO - Started process (PID=872) to work on /home/airflow/.local/lib/python3.7/site-packages/airflow/example_dags/example_nested_branch_dag.py
[2023-04-10 11:32:00,396] {processor.py:620} INFO - Processing file /home/airflow/.local/lib/python3.7/site-packages/airflow/example_dags/example_nested_branch_dag.py for tasks to queue
[2023-04-10 11:32:00,397] {logging_mixin.py:109} INFO - [2023-04-10 11:32:00,397] {dagbag.py:500} INFO - Filling up the DagBag from /home/airflow/.local/lib/python3.7/site-packages/airflow/example_dags/example_nested_branch_dag.py
[2023-04-10 11:32:00,420] {processor.py:632} INFO - DAG(s) dict_keys(['example_nested_branch_dag']) retrieved from /home/airflow/.local/lib/python3.7/site-packages/airflow/example_dags/example_nested_branch_dag.py
[2023-04-10 11:32:00,429] {logging_mixin.py:109} INFO - [2023-04-10 11:32:00,429] {dag.py:2389} INFO - Sync 1 DAGs
[2023-04-10 11:32:00,443] {logging_mixin.py:109} INFO - [2023-04-10 11:32:00,443] {dag.py:2921} INFO - Setting next_dagrun for example_nested_branch_dag to 2023-04-09 00:00:00+00:00
[2023-04-10 11:32:00,451] {processor.py:171} INFO - Processing /home/airflow/.local/lib/python3.7/site-packages/airflow/example_dags/example_nested_branch_dag.py took 0.058 seconds
[2023-04-10 11:32:30,603] {processor.py:163} INFO - Started process (PID=933) to work on /home/airflow/.local/lib/python3.7/site-packages/airflow/example_dags/example_nested_branch_dag.py
[2023-04-10 11:32:30,604] {processor.py:620} INFO - Processing file /home/airflow/.local/lib/python3.7/site-packages/airflow/example_dags/example_nested_branch_dag.py for tasks to queue
[2023-04-10 11:32:30,604] {logging_mixin.py:109} INFO - [2023-04-10 11:32:30,604] {dagbag.py:500} INFO - Filling up the DagBag from /home/airflow/.local/lib/python3.7/site-packages/airflow/example_dags/example_nested_branch_dag.py
[2023-04-10 11:32:30,630] {processor.py:632} INFO - DAG(s) dict_keys(['example_nested_branch_dag']) retrieved from /home/airflow/.local/lib/python3.7/site-packages/airflow/example_dags/example_nested_branch_dag.py
[2023-04-10 11:32:30,640] {logging_mixin.py:109} INFO - [2023-04-10 11:32:30,640] {dag.py:2389} INFO - Sync 1 DAGs
[2023-04-10 11:32:30,656] {logging_mixin.py:109} INFO - [2023-04-10 11:32:30,656] {dag.py:2921} INFO - Setting next_dagrun for example_nested_branch_dag to 2023-04-09 00:00:00+00:00
[2023-04-10 11:32:30,664] {processor.py:171} INFO - Processing /home/airflow/.local/lib/python3.7/site-packages/airflow/example_dags/example_nested_branch_dag.py took 0.063 seconds
[2023-04-10 11:33:01,054] {processor.py:163} INFO - Started process (PID=985) to work on /home/airflow/.local/lib/python3.7/site-packages/airflow/example_dags/example_nested_branch_dag.py
[2023-04-10 11:33:01,055] {processor.py:620} INFO - Processing file /home/airflow/.local/lib/python3.7/site-packages/airflow/example_dags/example_nested_branch_dag.py for tasks to queue
[2023-04-10 11:33:01,055] {logging_mixin.py:109} INFO - [2023-04-10 11:33:01,055] {dagbag.py:500} INFO - Filling up the DagBag from /home/airflow/.local/lib/python3.7/site-packages/airflow/example_dags/example_nested_branch_dag.py
[2023-04-10 11:33:01,074] {processor.py:632} INFO - DAG(s) dict_keys(['example_nested_branch_dag']) retrieved from /home/airflow/.local/lib/python3.7/site-packages/airflow/example_dags/example_nested_branch_dag.py
[2023-04-10 11:33:01,082] {logging_mixin.py:109} INFO - [2023-04-10 11:33:01,081] {dag.py:2389} INFO - Sync 1 DAGs
[2023-04-10 11:33:01,094] {logging_mixin.py:109} INFO - [2023-04-10 11:33:01,094] {dag.py:2921} INFO - Setting next_dagrun for example_nested_branch_dag to 2023-04-09 00:00:00+00:00
[2023-04-10 11:33:01,102] {processor.py:171} INFO - Processing /home/airflow/.local/lib/python3.7/site-packages/airflow/example_dags/example_nested_branch_dag.py took 0.051 seconds
[2023-04-10 11:33:31,304] {processor.py:163} INFO - Started process (PID=1045) to work on /home/airflow/.local/lib/python3.7/site-packages/airflow/example_dags/example_nested_branch_dag.py
[2023-04-10 11:33:31,305] {processor.py:620} INFO - Processing file /home/airflow/.local/lib/python3.7/site-packages/airflow/example_dags/example_nested_branch_dag.py for tasks to queue
[2023-04-10 11:33:31,305] {logging_mixin.py:109} INFO - [2023-04-10 11:33:31,305] {dagbag.py:500} INFO - Filling up the DagBag from /home/airflow/.local/lib/python3.7/site-packages/airflow/example_dags/example_nested_branch_dag.py
[2023-04-10 11:33:31,326] {processor.py:632} INFO - DAG(s) dict_keys(['example_nested_branch_dag']) retrieved from /home/airflow/.local/lib/python3.7/site-packages/airflow/example_dags/example_nested_branch_dag.py
[2023-04-10 11:33:31,333] {logging_mixin.py:109} INFO - [2023-04-10 11:33:31,333] {dag.py:2389} INFO - Sync 1 DAGs
[2023-04-10 11:33:31,344] {logging_mixin.py:109} INFO - [2023-04-10 11:33:31,344] {dag.py:2921} INFO - Setting next_dagrun for example_nested_branch_dag to 2023-04-09 00:00:00+00:00
[2023-04-10 11:33:31,352] {processor.py:171} INFO - Processing /home/airflow/.local/lib/python3.7/site-packages/airflow/example_dags/example_nested_branch_dag.py took 0.050 seconds
[2023-04-10 11:34:01,914] {processor.py:163} INFO - Started process (PID=1097) to work on /home/airflow/.local/lib/python3.7/site-packages/airflow/example_dags/example_nested_branch_dag.py
[2023-04-10 11:34:01,915] {processor.py:620} INFO - Processing file /home/airflow/.local/lib/python3.7/site-packages/airflow/example_dags/example_nested_branch_dag.py for tasks to queue
[2023-04-10 11:34:01,916] {logging_mixin.py:109} INFO - [2023-04-10 11:34:01,916] {dagbag.py:500} INFO - Filling up the DagBag from /home/airflow/.local/lib/python3.7/site-packages/airflow/example_dags/example_nested_branch_dag.py
[2023-04-10 11:34:01,936] {processor.py:632} INFO - DAG(s) dict_keys(['example_nested_branch_dag']) retrieved from /home/airflow/.local/lib/python3.7/site-packages/airflow/example_dags/example_nested_branch_dag.py
[2023-04-10 11:34:01,946] {logging_mixin.py:109} INFO - [2023-04-10 11:34:01,945] {dag.py:2389} INFO - Sync 1 DAGs
[2023-04-10 11:34:01,959] {logging_mixin.py:109} INFO - [2023-04-10 11:34:01,959] {dag.py:2921} INFO - Setting next_dagrun for example_nested_branch_dag to 2023-04-09 00:00:00+00:00
[2023-04-10 11:34:01,967] {processor.py:171} INFO - Processing /home/airflow/.local/lib/python3.7/site-packages/airflow/example_dags/example_nested_branch_dag.py took 0.055 seconds
[2023-04-10 11:34:32,313] {processor.py:163} INFO - Started process (PID=1157) to work on /home/airflow/.local/lib/python3.7/site-packages/airflow/example_dags/example_nested_branch_dag.py
[2023-04-10 11:34:32,313] {processor.py:620} INFO - Processing file /home/airflow/.local/lib/python3.7/site-packages/airflow/example_dags/example_nested_branch_dag.py for tasks to queue
[2023-04-10 11:34:32,314] {logging_mixin.py:109} INFO - [2023-04-10 11:34:32,314] {dagbag.py:500} INFO - Filling up the DagBag from /home/airflow/.local/lib/python3.7/site-packages/airflow/example_dags/example_nested_branch_dag.py
[2023-04-10 11:34:32,338] {processor.py:632} INFO - DAG(s) dict_keys(['example_nested_branch_dag']) retrieved from /home/airflow/.local/lib/python3.7/site-packages/airflow/example_dags/example_nested_branch_dag.py
[2023-04-10 11:34:32,347] {logging_mixin.py:109} INFO - [2023-04-10 11:34:32,346] {dag.py:2389} INFO - Sync 1 DAGs
[2023-04-10 11:34:32,362] {logging_mixin.py:109} INFO - [2023-04-10 11:34:32,362] {dag.py:2921} INFO - Setting next_dagrun for example_nested_branch_dag to 2023-04-09 00:00:00+00:00
[2023-04-10 11:34:32,370] {processor.py:171} INFO - Processing /home/airflow/.local/lib/python3.7/site-packages/airflow/example_dags/example_nested_branch_dag.py took 0.061 seconds
[2023-04-10 11:35:02,623] {processor.py:163} INFO - Started process (PID=1207) to work on /home/airflow/.local/lib/python3.7/site-packages/airflow/example_dags/example_nested_branch_dag.py
[2023-04-10 11:35:02,624] {processor.py:620} INFO - Processing file /home/airflow/.local/lib/python3.7/site-packages/airflow/example_dags/example_nested_branch_dag.py for tasks to queue
[2023-04-10 11:35:02,625] {logging_mixin.py:109} INFO - [2023-04-10 11:35:02,625] {dagbag.py:500} INFO - Filling up the DagBag from /home/airflow/.local/lib/python3.7/site-packages/airflow/example_dags/example_nested_branch_dag.py
[2023-04-10 11:35:02,647] {processor.py:632} INFO - DAG(s) dict_keys(['example_nested_branch_dag']) retrieved from /home/airflow/.local/lib/python3.7/site-packages/airflow/example_dags/example_nested_branch_dag.py
[2023-04-10 11:35:02,654] {logging_mixin.py:109} INFO - [2023-04-10 11:35:02,654] {dag.py:2389} INFO - Sync 1 DAGs
[2023-04-10 11:35:02,666] {logging_mixin.py:109} INFO - [2023-04-10 11:35:02,666] {dag.py:2921} INFO - Setting next_dagrun for example_nested_branch_dag to 2023-04-09 00:00:00+00:00
[2023-04-10 11:35:02,674] {processor.py:171} INFO - Processing /home/airflow/.local/lib/python3.7/site-packages/airflow/example_dags/example_nested_branch_dag.py took 0.053 seconds
[2023-04-10 11:35:32,937] {processor.py:163} INFO - Started process (PID=1259) to work on /home/airflow/.local/lib/python3.7/site-packages/airflow/example_dags/example_nested_branch_dag.py
[2023-04-10 11:35:32,938] {processor.py:620} INFO - Processing file /home/airflow/.local/lib/python3.7/site-packages/airflow/example_dags/example_nested_branch_dag.py for tasks to queue
[2023-04-10 11:35:32,938] {logging_mixin.py:109} INFO - [2023-04-10 11:35:32,938] {dagbag.py:500} INFO - Filling up the DagBag from /home/airflow/.local/lib/python3.7/site-packages/airflow/example_dags/example_nested_branch_dag.py
[2023-04-10 11:35:32,962] {processor.py:632} INFO - DAG(s) dict_keys(['example_nested_branch_dag']) retrieved from /home/airflow/.local/lib/python3.7/site-packages/airflow/example_dags/example_nested_branch_dag.py
[2023-04-10 11:35:32,972] {logging_mixin.py:109} INFO - [2023-04-10 11:35:32,972] {dag.py:2389} INFO - Sync 1 DAGs
[2023-04-10 11:35:32,989] {logging_mixin.py:109} INFO - [2023-04-10 11:35:32,988] {dag.py:2921} INFO - Setting next_dagrun for example_nested_branch_dag to 2023-04-09 00:00:00+00:00
[2023-04-10 11:35:32,997] {processor.py:171} INFO - Processing /home/airflow/.local/lib/python3.7/site-packages/airflow/example_dags/example_nested_branch_dag.py took 0.063 seconds
[2023-04-10 11:36:03,252] {processor.py:163} INFO - Started process (PID=1319) to work on /home/airflow/.local/lib/python3.7/site-packages/airflow/example_dags/example_nested_branch_dag.py
[2023-04-10 11:36:03,258] {processor.py:620} INFO - Processing file /home/airflow/.local/lib/python3.7/site-packages/airflow/example_dags/example_nested_branch_dag.py for tasks to queue
[2023-04-10 11:36:03,259] {logging_mixin.py:109} INFO - [2023-04-10 11:36:03,259] {dagbag.py:500} INFO - Filling up the DagBag from /home/airflow/.local/lib/python3.7/site-packages/airflow/example_dags/example_nested_branch_dag.py
[2023-04-10 11:36:03,280] {processor.py:632} INFO - DAG(s) dict_keys(['example_nested_branch_dag']) retrieved from /home/airflow/.local/lib/python3.7/site-packages/airflow/example_dags/example_nested_branch_dag.py
[2023-04-10 11:36:03,287] {logging_mixin.py:109} INFO - [2023-04-10 11:36:03,287] {dag.py:2389} INFO - Sync 1 DAGs
[2023-04-10 11:36:03,300] {logging_mixin.py:109} INFO - [2023-04-10 11:36:03,300] {dag.py:2921} INFO - Setting next_dagrun for example_nested_branch_dag to 2023-04-09 00:00:00+00:00
[2023-04-10 11:36:03,308] {processor.py:171} INFO - Processing /home/airflow/.local/lib/python3.7/site-packages/airflow/example_dags/example_nested_branch_dag.py took 0.058 seconds
[2023-04-10 11:36:33,729] {processor.py:163} INFO - Started process (PID=1371) to work on /home/airflow/.local/lib/python3.7/site-packages/airflow/example_dags/example_nested_branch_dag.py
[2023-04-10 11:36:33,730] {processor.py:620} INFO - Processing file /home/airflow/.local/lib/python3.7/site-packages/airflow/example_dags/example_nested_branch_dag.py for tasks to queue
[2023-04-10 11:36:33,731] {logging_mixin.py:109} INFO - [2023-04-10 11:36:33,731] {dagbag.py:500} INFO - Filling up the DagBag from /home/airflow/.local/lib/python3.7/site-packages/airflow/example_dags/example_nested_branch_dag.py
[2023-04-10 11:36:33,751] {processor.py:632} INFO - DAG(s) dict_keys(['example_nested_branch_dag']) retrieved from /home/airflow/.local/lib/python3.7/site-packages/airflow/example_dags/example_nested_branch_dag.py
[2023-04-10 11:36:33,760] {logging_mixin.py:109} INFO - [2023-04-10 11:36:33,760] {dag.py:2389} INFO - Sync 1 DAGs
[2023-04-10 11:36:33,773] {logging_mixin.py:109} INFO - [2023-04-10 11:36:33,773] {dag.py:2921} INFO - Setting next_dagrun for example_nested_branch_dag to 2023-04-09 00:00:00+00:00
[2023-04-10 11:36:33,781] {processor.py:171} INFO - Processing /home/airflow/.local/lib/python3.7/site-packages/airflow/example_dags/example_nested_branch_dag.py took 0.054 seconds
[2023-04-10 11:37:04,094] {processor.py:163} INFO - Started process (PID=1432) to work on /home/airflow/.local/lib/python3.7/site-packages/airflow/example_dags/example_nested_branch_dag.py
[2023-04-10 11:37:04,095] {processor.py:620} INFO - Processing file /home/airflow/.local/lib/python3.7/site-packages/airflow/example_dags/example_nested_branch_dag.py for tasks to queue
[2023-04-10 11:37:04,096] {logging_mixin.py:109} INFO - [2023-04-10 11:37:04,096] {dagbag.py:500} INFO - Filling up the DagBag from /home/airflow/.local/lib/python3.7/site-packages/airflow/example_dags/example_nested_branch_dag.py
[2023-04-10 11:37:04,121] {processor.py:632} INFO - DAG(s) dict_keys(['example_nested_branch_dag']) retrieved from /home/airflow/.local/lib/python3.7/site-packages/airflow/example_dags/example_nested_branch_dag.py
[2023-04-10 11:37:04,132] {logging_mixin.py:109} INFO - [2023-04-10 11:37:04,132] {dag.py:2389} INFO - Sync 1 DAGs
[2023-04-10 11:37:04,145] {logging_mixin.py:109} INFO - [2023-04-10 11:37:04,145] {dag.py:2921} INFO - Setting next_dagrun for example_nested_branch_dag to 2023-04-09 00:00:00+00:00
[2023-04-10 11:37:04,155] {processor.py:171} INFO - Processing /home/airflow/.local/lib/python3.7/site-packages/airflow/example_dags/example_nested_branch_dag.py took 0.063 seconds
[2023-04-10 11:37:34,347] {processor.py:163} INFO - Started process (PID=1482) to work on /home/airflow/.local/lib/python3.7/site-packages/airflow/example_dags/example_nested_branch_dag.py
[2023-04-10 11:37:34,348] {processor.py:620} INFO - Processing file /home/airflow/.local/lib/python3.7/site-packages/airflow/example_dags/example_nested_branch_dag.py for tasks to queue
[2023-04-10 11:37:34,348] {logging_mixin.py:109} INFO - [2023-04-10 11:37:34,348] {dagbag.py:500} INFO - Filling up the DagBag from /home/airflow/.local/lib/python3.7/site-packages/airflow/example_dags/example_nested_branch_dag.py
[2023-04-10 11:37:34,368] {processor.py:632} INFO - DAG(s) dict_keys(['example_nested_branch_dag']) retrieved from /home/airflow/.local/lib/python3.7/site-packages/airflow/example_dags/example_nested_branch_dag.py
[2023-04-10 11:37:34,376] {logging_mixin.py:109} INFO - [2023-04-10 11:37:34,376] {dag.py:2389} INFO - Sync 1 DAGs
[2023-04-10 11:37:34,387] {logging_mixin.py:109} INFO - [2023-04-10 11:37:34,387] {dag.py:2921} INFO - Setting next_dagrun for example_nested_branch_dag to 2023-04-09 00:00:00+00:00
[2023-04-10 11:37:34,394] {processor.py:171} INFO - Processing /home/airflow/.local/lib/python3.7/site-packages/airflow/example_dags/example_nested_branch_dag.py took 0.049 seconds
[2023-04-10 11:38:04,662] {processor.py:163} INFO - Started process (PID=1544) to work on /home/airflow/.local/lib/python3.7/site-packages/airflow/example_dags/example_nested_branch_dag.py
[2023-04-10 11:38:04,666] {processor.py:620} INFO - Processing file /home/airflow/.local/lib/python3.7/site-packages/airflow/example_dags/example_nested_branch_dag.py for tasks to queue
[2023-04-10 11:38:04,667] {logging_mixin.py:109} INFO - [2023-04-10 11:38:04,667] {dagbag.py:500} INFO - Filling up the DagBag from /home/airflow/.local/lib/python3.7/site-packages/airflow/example_dags/example_nested_branch_dag.py
[2023-04-10 11:38:04,695] {processor.py:632} INFO - DAG(s) dict_keys(['example_nested_branch_dag']) retrieved from /home/airflow/.local/lib/python3.7/site-packages/airflow/example_dags/example_nested_branch_dag.py
[2023-04-10 11:38:04,712] {logging_mixin.py:109} INFO - [2023-04-10 11:38:04,712] {dag.py:2389} INFO - Sync 1 DAGs
[2023-04-10 11:38:04,736] {logging_mixin.py:109} INFO - [2023-04-10 11:38:04,736] {dag.py:2921} INFO - Setting next_dagrun for example_nested_branch_dag to 2023-04-09 00:00:00+00:00
[2023-04-10 11:38:04,749] {processor.py:171} INFO - Processing /home/airflow/.local/lib/python3.7/site-packages/airflow/example_dags/example_nested_branch_dag.py took 0.089 seconds
[2023-04-10 11:38:34,874] {processor.py:163} INFO - Started process (PID=1594) to work on /home/airflow/.local/lib/python3.7/site-packages/airflow/example_dags/example_nested_branch_dag.py
[2023-04-10 11:38:34,875] {processor.py:620} INFO - Processing file /home/airflow/.local/lib/python3.7/site-packages/airflow/example_dags/example_nested_branch_dag.py for tasks to queue
[2023-04-10 11:38:34,876] {logging_mixin.py:109} INFO - [2023-04-10 11:38:34,876] {dagbag.py:500} INFO - Filling up the DagBag from /home/airflow/.local/lib/python3.7/site-packages/airflow/example_dags/example_nested_branch_dag.py
[2023-04-10 11:38:34,900] {processor.py:632} INFO - DAG(s) dict_keys(['example_nested_branch_dag']) retrieved from /home/airflow/.local/lib/python3.7/site-packages/airflow/example_dags/example_nested_branch_dag.py
[2023-04-10 11:38:34,910] {logging_mixin.py:109} INFO - [2023-04-10 11:38:34,910] {dag.py:2389} INFO - Sync 1 DAGs
[2023-04-10 11:38:34,922] {logging_mixin.py:109} INFO - [2023-04-10 11:38:34,922] {dag.py:2921} INFO - Setting next_dagrun for example_nested_branch_dag to 2023-04-09 00:00:00+00:00
[2023-04-10 11:38:34,930] {processor.py:171} INFO - Processing /home/airflow/.local/lib/python3.7/site-packages/airflow/example_dags/example_nested_branch_dag.py took 0.059 seconds
[2023-04-10 11:39:05,243] {processor.py:163} INFO - Started process (PID=1645) to work on /home/airflow/.local/lib/python3.7/site-packages/airflow/example_dags/example_nested_branch_dag.py
[2023-04-10 11:39:05,244] {processor.py:620} INFO - Processing file /home/airflow/.local/lib/python3.7/site-packages/airflow/example_dags/example_nested_branch_dag.py for tasks to queue
[2023-04-10 11:39:05,245] {logging_mixin.py:109} INFO - [2023-04-10 11:39:05,245] {dagbag.py:500} INFO - Filling up the DagBag from /home/airflow/.local/lib/python3.7/site-packages/airflow/example_dags/example_nested_branch_dag.py
[2023-04-10 11:39:05,265] {processor.py:632} INFO - DAG(s) dict_keys(['example_nested_branch_dag']) retrieved from /home/airflow/.local/lib/python3.7/site-packages/airflow/example_dags/example_nested_branch_dag.py
[2023-04-10 11:39:05,273] {logging_mixin.py:109} INFO - [2023-04-10 11:39:05,273] {dag.py:2389} INFO - Sync 1 DAGs
[2023-04-10 11:39:05,284] {logging_mixin.py:109} INFO - [2023-04-10 11:39:05,284] {dag.py:2921} INFO - Setting next_dagrun for example_nested_branch_dag to 2023-04-09 00:00:00+00:00
[2023-04-10 11:39:05,292] {processor.py:171} INFO - Processing /home/airflow/.local/lib/python3.7/site-packages/airflow/example_dags/example_nested_branch_dag.py took 0.051 seconds
[2023-04-10 11:39:35,432] {processor.py:163} INFO - Started process (PID=1705) to work on /home/airflow/.local/lib/python3.7/site-packages/airflow/example_dags/example_nested_branch_dag.py
[2023-04-10 11:39:35,433] {processor.py:620} INFO - Processing file /home/airflow/.local/lib/python3.7/site-packages/airflow/example_dags/example_nested_branch_dag.py for tasks to queue
[2023-04-10 11:39:35,434] {logging_mixin.py:109} INFO - [2023-04-10 11:39:35,434] {dagbag.py:500} INFO - Filling up the DagBag from /home/airflow/.local/lib/python3.7/site-packages/airflow/example_dags/example_nested_branch_dag.py
[2023-04-10 11:39:35,457] {processor.py:632} INFO - DAG(s) dict_keys(['example_nested_branch_dag']) retrieved from /home/airflow/.local/lib/python3.7/site-packages/airflow/example_dags/example_nested_branch_dag.py
[2023-04-10 11:39:35,464] {logging_mixin.py:109} INFO - [2023-04-10 11:39:35,464] {dag.py:2389} INFO - Sync 1 DAGs
[2023-04-10 11:39:35,475] {logging_mixin.py:109} INFO - [2023-04-10 11:39:35,475] {dag.py:2921} INFO - Setting next_dagrun for example_nested_branch_dag to 2023-04-09 00:00:00+00:00
[2023-04-10 11:39:35,483] {processor.py:171} INFO - Processing /home/airflow/.local/lib/python3.7/site-packages/airflow/example_dags/example_nested_branch_dag.py took 0.053 seconds
[2023-04-10 11:40:05,678] {processor.py:163} INFO - Started process (PID=1756) to work on /home/airflow/.local/lib/python3.7/site-packages/airflow/example_dags/example_nested_branch_dag.py
[2023-04-10 11:40:05,679] {processor.py:620} INFO - Processing file /home/airflow/.local/lib/python3.7/site-packages/airflow/example_dags/example_nested_branch_dag.py for tasks to queue
[2023-04-10 11:40:05,680] {logging_mixin.py:109} INFO - [2023-04-10 11:40:05,680] {dagbag.py:500} INFO - Filling up the DagBag from /home/airflow/.local/lib/python3.7/site-packages/airflow/example_dags/example_nested_branch_dag.py
[2023-04-10 11:40:05,700] {processor.py:632} INFO - DAG(s) dict_keys(['example_nested_branch_dag']) retrieved from /home/airflow/.local/lib/python3.7/site-packages/airflow/example_dags/example_nested_branch_dag.py
[2023-04-10 11:40:05,708] {logging_mixin.py:109} INFO - [2023-04-10 11:40:05,708] {dag.py:2389} INFO - Sync 1 DAGs
[2023-04-10 11:40:05,719] {logging_mixin.py:109} INFO - [2023-04-10 11:40:05,719] {dag.py:2921} INFO - Setting next_dagrun for example_nested_branch_dag to 2023-04-09 00:00:00+00:00
[2023-04-10 11:40:05,726] {processor.py:171} INFO - Processing /home/airflow/.local/lib/python3.7/site-packages/airflow/example_dags/example_nested_branch_dag.py took 0.052 seconds
[2023-04-10 11:40:35,964] {processor.py:163} INFO - Started process (PID=1816) to work on /home/airflow/.local/lib/python3.7/site-packages/airflow/example_dags/example_nested_branch_dag.py
[2023-04-10 11:40:35,965] {processor.py:620} INFO - Processing file /home/airflow/.local/lib/python3.7/site-packages/airflow/example_dags/example_nested_branch_dag.py for tasks to queue
[2023-04-10 11:40:35,966] {logging_mixin.py:109} INFO - [2023-04-10 11:40:35,965] {dagbag.py:500} INFO - Filling up the DagBag from /home/airflow/.local/lib/python3.7/site-packages/airflow/example_dags/example_nested_branch_dag.py
[2023-04-10 11:40:35,986] {processor.py:632} INFO - DAG(s) dict_keys(['example_nested_branch_dag']) retrieved from /home/airflow/.local/lib/python3.7/site-packages/airflow/example_dags/example_nested_branch_dag.py
[2023-04-10 11:40:35,993] {logging_mixin.py:109} INFO - [2023-04-10 11:40:35,993] {dag.py:2389} INFO - Sync 1 DAGs
[2023-04-10 11:40:36,005] {logging_mixin.py:109} INFO - [2023-04-10 11:40:36,005] {dag.py:2921} INFO - Setting next_dagrun for example_nested_branch_dag to 2023-04-09 00:00:00+00:00
[2023-04-10 11:40:36,013] {processor.py:171} INFO - Processing /home/airflow/.local/lib/python3.7/site-packages/airflow/example_dags/example_nested_branch_dag.py took 0.052 seconds
[2023-04-10 11:41:06,290] {processor.py:163} INFO - Started process (PID=1867) to work on /home/airflow/.local/lib/python3.7/site-packages/airflow/example_dags/example_nested_branch_dag.py
[2023-04-10 11:41:06,291] {processor.py:620} INFO - Processing file /home/airflow/.local/lib/python3.7/site-packages/airflow/example_dags/example_nested_branch_dag.py for tasks to queue
[2023-04-10 11:41:06,291] {logging_mixin.py:109} INFO - [2023-04-10 11:41:06,291] {dagbag.py:500} INFO - Filling up the DagBag from /home/airflow/.local/lib/python3.7/site-packages/airflow/example_dags/example_nested_branch_dag.py
[2023-04-10 11:41:06,313] {processor.py:632} INFO - DAG(s) dict_keys(['example_nested_branch_dag']) retrieved from /home/airflow/.local/lib/python3.7/site-packages/airflow/example_dags/example_nested_branch_dag.py
[2023-04-10 11:41:06,321] {logging_mixin.py:109} INFO - [2023-04-10 11:41:06,321] {dag.py:2389} INFO - Sync 1 DAGs
[2023-04-10 11:41:06,333] {logging_mixin.py:109} INFO - [2023-04-10 11:41:06,333] {dag.py:2921} INFO - Setting next_dagrun for example_nested_branch_dag to 2023-04-09 00:00:00+00:00
[2023-04-10 11:41:06,341] {processor.py:171} INFO - Processing /home/airflow/.local/lib/python3.7/site-packages/airflow/example_dags/example_nested_branch_dag.py took 0.053 seconds
[2023-04-10 11:41:36,587] {processor.py:163} INFO - Started process (PID=1927) to work on /home/airflow/.local/lib/python3.7/site-packages/airflow/example_dags/example_nested_branch_dag.py
[2023-04-10 11:41:36,595] {processor.py:620} INFO - Processing file /home/airflow/.local/lib/python3.7/site-packages/airflow/example_dags/example_nested_branch_dag.py for tasks to queue
[2023-04-10 11:41:36,596] {logging_mixin.py:109} INFO - [2023-04-10 11:41:36,595] {dagbag.py:500} INFO - Filling up the DagBag from /home/airflow/.local/lib/python3.7/site-packages/airflow/example_dags/example_nested_branch_dag.py
[2023-04-10 11:41:36,618] {processor.py:632} INFO - DAG(s) dict_keys(['example_nested_branch_dag']) retrieved from /home/airflow/.local/lib/python3.7/site-packages/airflow/example_dags/example_nested_branch_dag.py
[2023-04-10 11:41:36,626] {logging_mixin.py:109} INFO - [2023-04-10 11:41:36,626] {dag.py:2389} INFO - Sync 1 DAGs
[2023-04-10 11:41:36,638] {logging_mixin.py:109} INFO - [2023-04-10 11:41:36,638] {dag.py:2921} INFO - Setting next_dagrun for example_nested_branch_dag to 2023-04-09 00:00:00+00:00
[2023-04-10 11:41:36,645] {processor.py:171} INFO - Processing /home/airflow/.local/lib/python3.7/site-packages/airflow/example_dags/example_nested_branch_dag.py took 0.061 seconds
[2023-04-10 11:42:06,813] {processor.py:163} INFO - Started process (PID=1979) to work on /home/airflow/.local/lib/python3.7/site-packages/airflow/example_dags/example_nested_branch_dag.py
[2023-04-10 11:42:06,814] {processor.py:620} INFO - Processing file /home/airflow/.local/lib/python3.7/site-packages/airflow/example_dags/example_nested_branch_dag.py for tasks to queue
[2023-04-10 11:42:06,815] {logging_mixin.py:109} INFO - [2023-04-10 11:42:06,814] {dagbag.py:500} INFO - Filling up the DagBag from /home/airflow/.local/lib/python3.7/site-packages/airflow/example_dags/example_nested_branch_dag.py
[2023-04-10 11:42:06,835] {processor.py:632} INFO - DAG(s) dict_keys(['example_nested_branch_dag']) retrieved from /home/airflow/.local/lib/python3.7/site-packages/airflow/example_dags/example_nested_branch_dag.py
[2023-04-10 11:42:06,842] {logging_mixin.py:109} INFO - [2023-04-10 11:42:06,842] {dag.py:2389} INFO - Sync 1 DAGs
[2023-04-10 11:42:06,853] {logging_mixin.py:109} INFO - [2023-04-10 11:42:06,853] {dag.py:2921} INFO - Setting next_dagrun for example_nested_branch_dag to 2023-04-09 00:00:00+00:00
[2023-04-10 11:42:06,861] {processor.py:171} INFO - Processing /home/airflow/.local/lib/python3.7/site-packages/airflow/example_dags/example_nested_branch_dag.py took 0.049 seconds
[2023-04-10 11:42:37,245] {processor.py:163} INFO - Started process (PID=2039) to work on /home/airflow/.local/lib/python3.7/site-packages/airflow/example_dags/example_nested_branch_dag.py
[2023-04-10 11:42:37,252] {processor.py:620} INFO - Processing file /home/airflow/.local/lib/python3.7/site-packages/airflow/example_dags/example_nested_branch_dag.py for tasks to queue
[2023-04-10 11:42:37,253] {logging_mixin.py:109} INFO - [2023-04-10 11:42:37,253] {dagbag.py:500} INFO - Filling up the DagBag from /home/airflow/.local/lib/python3.7/site-packages/airflow/example_dags/example_nested_branch_dag.py
[2023-04-10 11:42:37,281] {processor.py:632} INFO - DAG(s) dict_keys(['example_nested_branch_dag']) retrieved from /home/airflow/.local/lib/python3.7/site-packages/airflow/example_dags/example_nested_branch_dag.py
[2023-04-10 11:42:37,291] {logging_mixin.py:109} INFO - [2023-04-10 11:42:37,291] {dag.py:2389} INFO - Sync 1 DAGs
[2023-04-10 11:42:37,309] {logging_mixin.py:109} INFO - [2023-04-10 11:42:37,309] {dag.py:2921} INFO - Setting next_dagrun for example_nested_branch_dag to 2023-04-09 00:00:00+00:00
[2023-04-10 11:42:37,320] {processor.py:171} INFO - Processing /home/airflow/.local/lib/python3.7/site-packages/airflow/example_dags/example_nested_branch_dag.py took 0.077 seconds
[2023-04-10 11:43:07,614] {processor.py:163} INFO - Started process (PID=2090) to work on /home/airflow/.local/lib/python3.7/site-packages/airflow/example_dags/example_nested_branch_dag.py
[2023-04-10 11:43:07,621] {processor.py:620} INFO - Processing file /home/airflow/.local/lib/python3.7/site-packages/airflow/example_dags/example_nested_branch_dag.py for tasks to queue
[2023-04-10 11:43:07,622] {logging_mixin.py:109} INFO - [2023-04-10 11:43:07,622] {dagbag.py:500} INFO - Filling up the DagBag from /home/airflow/.local/lib/python3.7/site-packages/airflow/example_dags/example_nested_branch_dag.py
[2023-04-10 11:43:07,642] {processor.py:632} INFO - DAG(s) dict_keys(['example_nested_branch_dag']) retrieved from /home/airflow/.local/lib/python3.7/site-packages/airflow/example_dags/example_nested_branch_dag.py
[2023-04-10 11:43:07,649] {logging_mixin.py:109} INFO - [2023-04-10 11:43:07,649] {dag.py:2389} INFO - Sync 1 DAGs
[2023-04-10 11:43:07,660] {logging_mixin.py:109} INFO - [2023-04-10 11:43:07,660] {dag.py:2921} INFO - Setting next_dagrun for example_nested_branch_dag to 2023-04-09 00:00:00+00:00
[2023-04-10 11:43:07,668] {processor.py:171} INFO - Processing /home/airflow/.local/lib/python3.7/site-packages/airflow/example_dags/example_nested_branch_dag.py took 0.056 seconds
[2023-04-10 11:43:37,801] {processor.py:163} INFO - Started process (PID=2142) to work on /home/airflow/.local/lib/python3.7/site-packages/airflow/example_dags/example_nested_branch_dag.py
[2023-04-10 11:43:37,808] {processor.py:620} INFO - Processing file /home/airflow/.local/lib/python3.7/site-packages/airflow/example_dags/example_nested_branch_dag.py for tasks to queue
[2023-04-10 11:43:37,808] {logging_mixin.py:109} INFO - [2023-04-10 11:43:37,808] {dagbag.py:500} INFO - Filling up the DagBag from /home/airflow/.local/lib/python3.7/site-packages/airflow/example_dags/example_nested_branch_dag.py
[2023-04-10 11:43:37,829] {processor.py:632} INFO - DAG(s) dict_keys(['example_nested_branch_dag']) retrieved from /home/airflow/.local/lib/python3.7/site-packages/airflow/example_dags/example_nested_branch_dag.py
[2023-04-10 11:43:37,835] {logging_mixin.py:109} INFO - [2023-04-10 11:43:37,835] {dag.py:2389} INFO - Sync 1 DAGs
[2023-04-10 11:43:37,845] {logging_mixin.py:109} INFO - [2023-04-10 11:43:37,845] {dag.py:2921} INFO - Setting next_dagrun for example_nested_branch_dag to 2023-04-09 00:00:00+00:00
[2023-04-10 11:43:37,853] {processor.py:171} INFO - Processing /home/airflow/.local/lib/python3.7/site-packages/airflow/example_dags/example_nested_branch_dag.py took 0.054 seconds
[2023-04-10 11:44:08,265] {processor.py:163} INFO - Started process (PID=2202) to work on /home/airflow/.local/lib/python3.7/site-packages/airflow/example_dags/example_nested_branch_dag.py
[2023-04-10 11:44:08,266] {processor.py:620} INFO - Processing file /home/airflow/.local/lib/python3.7/site-packages/airflow/example_dags/example_nested_branch_dag.py for tasks to queue
[2023-04-10 11:44:08,266] {logging_mixin.py:109} INFO - [2023-04-10 11:44:08,266] {dagbag.py:500} INFO - Filling up the DagBag from /home/airflow/.local/lib/python3.7/site-packages/airflow/example_dags/example_nested_branch_dag.py
[2023-04-10 11:44:08,290] {processor.py:632} INFO - DAG(s) dict_keys(['example_nested_branch_dag']) retrieved from /home/airflow/.local/lib/python3.7/site-packages/airflow/example_dags/example_nested_branch_dag.py
[2023-04-10 11:44:08,298] {logging_mixin.py:109} INFO - [2023-04-10 11:44:08,298] {dag.py:2389} INFO - Sync 1 DAGs
[2023-04-10 11:44:08,312] {logging_mixin.py:109} INFO - [2023-04-10 11:44:08,312] {dag.py:2921} INFO - Setting next_dagrun for example_nested_branch_dag to 2023-04-09 00:00:00+00:00
[2023-04-10 11:44:08,321] {processor.py:171} INFO - Processing /home/airflow/.local/lib/python3.7/site-packages/airflow/example_dags/example_nested_branch_dag.py took 0.058 seconds
[2023-04-10 11:44:38,493] {processor.py:163} INFO - Started process (PID=2253) to work on /home/airflow/.local/lib/python3.7/site-packages/airflow/example_dags/example_nested_branch_dag.py
[2023-04-10 11:44:38,494] {processor.py:620} INFO - Processing file /home/airflow/.local/lib/python3.7/site-packages/airflow/example_dags/example_nested_branch_dag.py for tasks to queue
[2023-04-10 11:44:38,494] {logging_mixin.py:109} INFO - [2023-04-10 11:44:38,494] {dagbag.py:500} INFO - Filling up the DagBag from /home/airflow/.local/lib/python3.7/site-packages/airflow/example_dags/example_nested_branch_dag.py
[2023-04-10 11:44:38,514] {processor.py:632} INFO - DAG(s) dict_keys(['example_nested_branch_dag']) retrieved from /home/airflow/.local/lib/python3.7/site-packages/airflow/example_dags/example_nested_branch_dag.py
[2023-04-10 11:44:38,521] {logging_mixin.py:109} INFO - [2023-04-10 11:44:38,521] {dag.py:2389} INFO - Sync 1 DAGs
[2023-04-10 11:44:38,531] {logging_mixin.py:109} INFO - [2023-04-10 11:44:38,531] {dag.py:2921} INFO - Setting next_dagrun for example_nested_branch_dag to 2023-04-09 00:00:00+00:00
[2023-04-10 11:44:38,539] {processor.py:171} INFO - Processing /home/airflow/.local/lib/python3.7/site-packages/airflow/example_dags/example_nested_branch_dag.py took 0.048 seconds
[2023-04-10 11:45:08,941] {processor.py:163} INFO - Started process (PID=2314) to work on /home/airflow/.local/lib/python3.7/site-packages/airflow/example_dags/example_nested_branch_dag.py
[2023-04-10 11:45:08,941] {processor.py:620} INFO - Processing file /home/airflow/.local/lib/python3.7/site-packages/airflow/example_dags/example_nested_branch_dag.py for tasks to queue
[2023-04-10 11:45:08,942] {logging_mixin.py:109} INFO - [2023-04-10 11:45:08,942] {dagbag.py:500} INFO - Filling up the DagBag from /home/airflow/.local/lib/python3.7/site-packages/airflow/example_dags/example_nested_branch_dag.py
[2023-04-10 11:45:08,964] {processor.py:632} INFO - DAG(s) dict_keys(['example_nested_branch_dag']) retrieved from /home/airflow/.local/lib/python3.7/site-packages/airflow/example_dags/example_nested_branch_dag.py
[2023-04-10 11:45:08,972] {logging_mixin.py:109} INFO - [2023-04-10 11:45:08,972] {dag.py:2389} INFO - Sync 1 DAGs
[2023-04-10 11:45:08,986] {logging_mixin.py:109} INFO - [2023-04-10 11:45:08,986] {dag.py:2921} INFO - Setting next_dagrun for example_nested_branch_dag to 2023-04-09 00:00:00+00:00
[2023-04-10 11:45:08,992] {processor.py:171} INFO - Processing /home/airflow/.local/lib/python3.7/site-packages/airflow/example_dags/example_nested_branch_dag.py took 0.054 seconds
[2023-04-10 11:45:39,247] {processor.py:163} INFO - Started process (PID=2365) to work on /home/airflow/.local/lib/python3.7/site-packages/airflow/example_dags/example_nested_branch_dag.py
[2023-04-10 11:45:39,248] {processor.py:620} INFO - Processing file /home/airflow/.local/lib/python3.7/site-packages/airflow/example_dags/example_nested_branch_dag.py for tasks to queue
[2023-04-10 11:45:39,249] {logging_mixin.py:109} INFO - [2023-04-10 11:45:39,249] {dagbag.py:500} INFO - Filling up the DagBag from /home/airflow/.local/lib/python3.7/site-packages/airflow/example_dags/example_nested_branch_dag.py
[2023-04-10 11:45:39,270] {processor.py:632} INFO - DAG(s) dict_keys(['example_nested_branch_dag']) retrieved from /home/airflow/.local/lib/python3.7/site-packages/airflow/example_dags/example_nested_branch_dag.py
[2023-04-10 11:45:39,277] {logging_mixin.py:109} INFO - [2023-04-10 11:45:39,277] {dag.py:2389} INFO - Sync 1 DAGs
[2023-04-10 11:45:39,287] {logging_mixin.py:109} INFO - [2023-04-10 11:45:39,287] {dag.py:2921} INFO - Setting next_dagrun for example_nested_branch_dag to 2023-04-09 00:00:00+00:00
[2023-04-10 11:45:39,295] {processor.py:171} INFO - Processing /home/airflow/.local/lib/python3.7/site-packages/airflow/example_dags/example_nested_branch_dag.py took 0.050 seconds
[2023-04-10 11:46:09,559] {processor.py:163} INFO - Started process (PID=2425) to work on /home/airflow/.local/lib/python3.7/site-packages/airflow/example_dags/example_nested_branch_dag.py
[2023-04-10 11:46:09,560] {processor.py:620} INFO - Processing file /home/airflow/.local/lib/python3.7/site-packages/airflow/example_dags/example_nested_branch_dag.py for tasks to queue
[2023-04-10 11:46:09,560] {logging_mixin.py:109} INFO - [2023-04-10 11:46:09,560] {dagbag.py:500} INFO - Filling up the DagBag from /home/airflow/.local/lib/python3.7/site-packages/airflow/example_dags/example_nested_branch_dag.py
[2023-04-10 11:46:09,581] {processor.py:632} INFO - DAG(s) dict_keys(['example_nested_branch_dag']) retrieved from /home/airflow/.local/lib/python3.7/site-packages/airflow/example_dags/example_nested_branch_dag.py
[2023-04-10 11:46:09,588] {logging_mixin.py:109} INFO - [2023-04-10 11:46:09,588] {dag.py:2389} INFO - Sync 1 DAGs
[2023-04-10 11:46:09,598] {logging_mixin.py:109} INFO - [2023-04-10 11:46:09,598] {dag.py:2921} INFO - Setting next_dagrun for example_nested_branch_dag to 2023-04-09 00:00:00+00:00
[2023-04-10 11:46:09,606] {processor.py:171} INFO - Processing /home/airflow/.local/lib/python3.7/site-packages/airflow/example_dags/example_nested_branch_dag.py took 0.049 seconds
[2023-04-10 11:46:39,751] {processor.py:163} INFO - Started process (PID=2476) to work on /home/airflow/.local/lib/python3.7/site-packages/airflow/example_dags/example_nested_branch_dag.py
[2023-04-10 11:46:39,752] {processor.py:620} INFO - Processing file /home/airflow/.local/lib/python3.7/site-packages/airflow/example_dags/example_nested_branch_dag.py for tasks to queue
[2023-04-10 11:46:39,753] {logging_mixin.py:109} INFO - [2023-04-10 11:46:39,753] {dagbag.py:500} INFO - Filling up the DagBag from /home/airflow/.local/lib/python3.7/site-packages/airflow/example_dags/example_nested_branch_dag.py
[2023-04-10 11:46:39,776] {processor.py:632} INFO - DAG(s) dict_keys(['example_nested_branch_dag']) retrieved from /home/airflow/.local/lib/python3.7/site-packages/airflow/example_dags/example_nested_branch_dag.py
[2023-04-10 11:46:39,786] {logging_mixin.py:109} INFO - [2023-04-10 11:46:39,786] {dag.py:2389} INFO - Sync 1 DAGs
[2023-04-10 11:46:39,803] {logging_mixin.py:109} INFO - [2023-04-10 11:46:39,803] {dag.py:2921} INFO - Setting next_dagrun for example_nested_branch_dag to 2023-04-09 00:00:00+00:00
[2023-04-10 11:46:39,811] {processor.py:171} INFO - Processing /home/airflow/.local/lib/python3.7/site-packages/airflow/example_dags/example_nested_branch_dag.py took 0.063 seconds
[2023-04-10 11:47:10,088] {processor.py:163} INFO - Started process (PID=2536) to work on /home/airflow/.local/lib/python3.7/site-packages/airflow/example_dags/example_nested_branch_dag.py
[2023-04-10 11:47:10,089] {processor.py:620} INFO - Processing file /home/airflow/.local/lib/python3.7/site-packages/airflow/example_dags/example_nested_branch_dag.py for tasks to queue
[2023-04-10 11:47:10,089] {logging_mixin.py:109} INFO - [2023-04-10 11:47:10,089] {dagbag.py:500} INFO - Filling up the DagBag from /home/airflow/.local/lib/python3.7/site-packages/airflow/example_dags/example_nested_branch_dag.py
[2023-04-10 11:47:10,118] {processor.py:632} INFO - DAG(s) dict_keys(['example_nested_branch_dag']) retrieved from /home/airflow/.local/lib/python3.7/site-packages/airflow/example_dags/example_nested_branch_dag.py
[2023-04-10 11:47:10,127] {logging_mixin.py:109} INFO - [2023-04-10 11:47:10,127] {dag.py:2389} INFO - Sync 1 DAGs
[2023-04-10 11:47:10,145] {logging_mixin.py:109} INFO - [2023-04-10 11:47:10,145] {dag.py:2921} INFO - Setting next_dagrun for example_nested_branch_dag to 2023-04-09 00:00:00+00:00
[2023-04-10 11:47:10,156] {processor.py:171} INFO - Processing /home/airflow/.local/lib/python3.7/site-packages/airflow/example_dags/example_nested_branch_dag.py took 0.071 seconds
[2023-04-10 11:47:40,804] {processor.py:163} INFO - Started process (PID=2587) to work on /home/airflow/.local/lib/python3.7/site-packages/airflow/example_dags/example_nested_branch_dag.py
[2023-04-10 11:47:40,805] {processor.py:620} INFO - Processing file /home/airflow/.local/lib/python3.7/site-packages/airflow/example_dags/example_nested_branch_dag.py for tasks to queue
[2023-04-10 11:47:40,806] {logging_mixin.py:109} INFO - [2023-04-10 11:47:40,806] {dagbag.py:500} INFO - Filling up the DagBag from /home/airflow/.local/lib/python3.7/site-packages/airflow/example_dags/example_nested_branch_dag.py
[2023-04-10 11:47:40,826] {processor.py:632} INFO - DAG(s) dict_keys(['example_nested_branch_dag']) retrieved from /home/airflow/.local/lib/python3.7/site-packages/airflow/example_dags/example_nested_branch_dag.py
[2023-04-10 11:47:40,836] {logging_mixin.py:109} INFO - [2023-04-10 11:47:40,835] {dag.py:2389} INFO - Sync 1 DAGs
[2023-04-10 11:47:40,915] {logging_mixin.py:109} INFO - [2023-04-10 11:47:40,915] {dag.py:2921} INFO - Setting next_dagrun for example_nested_branch_dag to 2023-04-09 00:00:00+00:00
[2023-04-10 11:47:40,923] {processor.py:171} INFO - Processing /home/airflow/.local/lib/python3.7/site-packages/airflow/example_dags/example_nested_branch_dag.py took 0.121 seconds
[2023-04-10 11:48:04,106] {processor.py:163} INFO - Started process (PID=3131) to work on /home/airflow/.local/lib/python3.7/site-packages/airflow/example_dags/example_nested_branch_dag.py
[2023-04-10 11:48:04,107] {processor.py:620} INFO - Processing file /home/airflow/.local/lib/python3.7/site-packages/airflow/example_dags/example_nested_branch_dag.py for tasks to queue
[2023-04-10 11:48:04,108] {logging_mixin.py:109} INFO - [2023-04-10 11:48:04,108] {dagbag.py:500} INFO - Filling up the DagBag from /home/airflow/.local/lib/python3.7/site-packages/airflow/example_dags/example_nested_branch_dag.py
[2023-04-10 11:48:04,136] {processor.py:632} INFO - DAG(s) dict_keys(['example_nested_branch_dag']) retrieved from /home/airflow/.local/lib/python3.7/site-packages/airflow/example_dags/example_nested_branch_dag.py
[2023-04-10 11:48:04,146] {logging_mixin.py:109} INFO - [2023-04-10 11:48:04,146] {dag.py:2389} INFO - Sync 1 DAGs
[2023-04-10 11:48:04,160] {logging_mixin.py:109} INFO - [2023-04-10 11:48:04,160] {dag.py:2921} INFO - Setting next_dagrun for example_nested_branch_dag to 2023-04-09 00:00:00+00:00
[2023-04-10 11:48:04,168] {processor.py:171} INFO - Processing /home/airflow/.local/lib/python3.7/site-packages/airflow/example_dags/example_nested_branch_dag.py took 0.065 seconds
[2023-04-10 11:48:11,401] {processor.py:163} INFO - Started process (PID=2638) to work on /home/airflow/.local/lib/python3.7/site-packages/airflow/example_dags/example_nested_branch_dag.py
[2023-04-10 11:48:11,402] {processor.py:620} INFO - Processing file /home/airflow/.local/lib/python3.7/site-packages/airflow/example_dags/example_nested_branch_dag.py for tasks to queue
[2023-04-10 11:48:11,402] {logging_mixin.py:109} INFO - [2023-04-10 11:48:11,402] {dagbag.py:500} INFO - Filling up the DagBag from /home/airflow/.local/lib/python3.7/site-packages/airflow/example_dags/example_nested_branch_dag.py
[2023-04-10 11:48:11,427] {processor.py:632} INFO - DAG(s) dict_keys(['example_nested_branch_dag']) retrieved from /home/airflow/.local/lib/python3.7/site-packages/airflow/example_dags/example_nested_branch_dag.py
[2023-04-10 11:48:11,436] {logging_mixin.py:109} INFO - [2023-04-10 11:48:11,436] {dag.py:2389} INFO - Sync 1 DAGs
[2023-04-10 11:48:11,528] {logging_mixin.py:109} INFO - [2023-04-10 11:48:11,528] {dag.py:2921} INFO - Setting next_dagrun for example_nested_branch_dag to 2023-04-09 00:00:00+00:00
[2023-04-10 11:48:11,536] {processor.py:171} INFO - Processing /home/airflow/.local/lib/python3.7/site-packages/airflow/example_dags/example_nested_branch_dag.py took 0.139 seconds
[2023-04-10 11:48:41,753] {processor.py:163} INFO - Started process (PID=2698) to work on /home/airflow/.local/lib/python3.7/site-packages/airflow/example_dags/example_nested_branch_dag.py
[2023-04-10 11:48:41,754] {processor.py:620} INFO - Processing file /home/airflow/.local/lib/python3.7/site-packages/airflow/example_dags/example_nested_branch_dag.py for tasks to queue
[2023-04-10 11:48:41,755] {logging_mixin.py:109} INFO - [2023-04-10 11:48:41,755] {dagbag.py:500} INFO - Filling up the DagBag from /home/airflow/.local/lib/python3.7/site-packages/airflow/example_dags/example_nested_branch_dag.py
[2023-04-10 11:48:41,775] {processor.py:632} INFO - DAG(s) dict_keys(['example_nested_branch_dag']) retrieved from /home/airflow/.local/lib/python3.7/site-packages/airflow/example_dags/example_nested_branch_dag.py
[2023-04-10 11:48:41,784] {logging_mixin.py:109} INFO - [2023-04-10 11:48:41,784] {dag.py:2389} INFO - Sync 1 DAGs
[2023-04-10 11:48:41,867] {logging_mixin.py:109} INFO - [2023-04-10 11:48:41,867] {dag.py:2921} INFO - Setting next_dagrun for example_nested_branch_dag to 2023-04-09 00:00:00+00:00
[2023-04-10 11:48:41,875] {processor.py:171} INFO - Processing /home/airflow/.local/lib/python3.7/site-packages/airflow/example_dags/example_nested_branch_dag.py took 0.124 seconds
