[2023-04-10 11:27:07,975] {processor.py:163} INFO - Started process (PID=336) to work on /home/airflow/.local/lib/python3.7/site-packages/airflow/example_dags/example_xcomargs.py
[2023-04-10 11:27:07,976] {processor.py:620} INFO - Processing file /home/airflow/.local/lib/python3.7/site-packages/airflow/example_dags/example_xcomargs.py for tasks to queue
[2023-04-10 11:27:07,977] {logging_mixin.py:109} INFO - [2023-04-10 11:27:07,977] {dagbag.py:500} INFO - Filling up the DagBag from /home/airflow/.local/lib/python3.7/site-packages/airflow/example_dags/example_xcomargs.py
[2023-04-10 11:27:08,023] {processor.py:632} INFO - DAG(s) dict_keys(['example_xcom_args', 'example_xcom_args_with_operators']) retrieved from /home/airflow/.local/lib/python3.7/site-packages/airflow/example_dags/example_xcomargs.py
[2023-04-10 11:27:09,753] {logging_mixin.py:109} INFO - [2023-04-10 11:27:09,753] {providers_manager.py:156} WARNING - Exception when importing 'airflow.providers.google.leveldb.hooks.leveldb.LevelDBHook' from 'apache-airflow-providers-google' package: No module named 'plyvel'
[2023-04-10 11:27:10,103] {logging_mixin.py:109} INFO - [2023-04-10 11:27:10,103] {providers_manager.py:156} WARNING - Exception when importing 'airflow.providers.google.leveldb.hooks.leveldb.LevelDBHook' from 'apache-airflow-providers-google' package: No module named 'plyvel'
[2023-04-10 11:27:10,122] {logging_mixin.py:109} INFO - [2023-04-10 11:27:10,122] {manager.py:496} INFO - Created Permission View: can read on DAG:example_xcom_args
[2023-04-10 11:27:10,129] {logging_mixin.py:109} INFO - [2023-04-10 11:27:10,129] {manager.py:496} INFO - Created Permission View: can edit on DAG:example_xcom_args
[2023-04-10 11:27:10,146] {logging_mixin.py:109} INFO - [2023-04-10 11:27:10,146] {manager.py:496} INFO - Created Permission View: can read on DAG:example_xcom_args_with_operators
[2023-04-10 11:27:10,154] {logging_mixin.py:109} INFO - [2023-04-10 11:27:10,154] {manager.py:496} INFO - Created Permission View: can edit on DAG:example_xcom_args_with_operators
[2023-04-10 11:27:10,154] {logging_mixin.py:109} INFO - [2023-04-10 11:27:10,154] {dag.py:2389} INFO - Sync 2 DAGs
[2023-04-10 11:27:10,160] {logging_mixin.py:109} INFO - [2023-04-10 11:27:10,160] {dag.py:2408} INFO - Creating ORM DAG for example_xcom_args_with_operators
[2023-04-10 11:27:10,161] {logging_mixin.py:109} INFO - [2023-04-10 11:27:10,160] {dag.py:2408} INFO - Creating ORM DAG for example_xcom_args
[2023-04-10 11:27:10,166] {logging_mixin.py:109} INFO - [2023-04-10 11:27:10,166] {dag.py:2921} INFO - Setting next_dagrun for example_xcom_args to None
[2023-04-10 11:27:10,167] {logging_mixin.py:109} INFO - [2023-04-10 11:27:10,167] {dag.py:2921} INFO - Setting next_dagrun for example_xcom_args_with_operators to None
[2023-04-10 11:27:10,178] {processor.py:171} INFO - Processing /home/airflow/.local/lib/python3.7/site-packages/airflow/example_dags/example_xcomargs.py took 2.207 seconds
[2023-04-10 11:27:40,304] {processor.py:163} INFO - Started process (PID=410) to work on /home/airflow/.local/lib/python3.7/site-packages/airflow/example_dags/example_xcomargs.py
[2023-04-10 11:27:40,305] {processor.py:620} INFO - Processing file /home/airflow/.local/lib/python3.7/site-packages/airflow/example_dags/example_xcomargs.py for tasks to queue
[2023-04-10 11:27:40,305] {logging_mixin.py:109} INFO - [2023-04-10 11:27:40,305] {dagbag.py:500} INFO - Filling up the DagBag from /home/airflow/.local/lib/python3.7/site-packages/airflow/example_dags/example_xcomargs.py
[2023-04-10 11:27:40,336] {processor.py:632} INFO - DAG(s) dict_keys(['example_xcom_args', 'example_xcom_args_with_operators']) retrieved from /home/airflow/.local/lib/python3.7/site-packages/airflow/example_dags/example_xcomargs.py
[2023-04-10 11:27:40,597] {logging_mixin.py:109} INFO - [2023-04-10 11:27:40,597] {dag.py:2389} INFO - Sync 2 DAGs
[2023-04-10 11:27:40,609] {logging_mixin.py:109} INFO - [2023-04-10 11:27:40,609] {dag.py:2921} INFO - Setting next_dagrun for example_xcom_args to None
[2023-04-10 11:27:40,609] {logging_mixin.py:109} INFO - [2023-04-10 11:27:40,609] {dag.py:2921} INFO - Setting next_dagrun for example_xcom_args_with_operators to None
[2023-04-10 11:27:40,620] {processor.py:171} INFO - Processing /home/airflow/.local/lib/python3.7/site-packages/airflow/example_dags/example_xcomargs.py took 0.319 seconds
[2023-04-10 11:28:11,450] {processor.py:163} INFO - Started process (PID=461) to work on /home/airflow/.local/lib/python3.7/site-packages/airflow/example_dags/example_xcomargs.py
[2023-04-10 11:28:11,451] {processor.py:620} INFO - Processing file /home/airflow/.local/lib/python3.7/site-packages/airflow/example_dags/example_xcomargs.py for tasks to queue
[2023-04-10 11:28:11,451] {logging_mixin.py:109} INFO - [2023-04-10 11:28:11,451] {dagbag.py:500} INFO - Filling up the DagBag from /home/airflow/.local/lib/python3.7/site-packages/airflow/example_dags/example_xcomargs.py
[2023-04-10 11:28:11,476] {processor.py:632} INFO - DAG(s) dict_keys(['example_xcom_args', 'example_xcom_args_with_operators']) retrieved from /home/airflow/.local/lib/python3.7/site-packages/airflow/example_dags/example_xcomargs.py
[2023-04-10 11:28:11,688] {logging_mixin.py:109} INFO - [2023-04-10 11:28:11,688] {dag.py:2389} INFO - Sync 2 DAGs
[2023-04-10 11:28:11,698] {logging_mixin.py:109} INFO - [2023-04-10 11:28:11,698] {dag.py:2921} INFO - Setting next_dagrun for example_xcom_args to None
[2023-04-10 11:28:11,698] {logging_mixin.py:109} INFO - [2023-04-10 11:28:11,698] {dag.py:2921} INFO - Setting next_dagrun for example_xcom_args_with_operators to None
[2023-04-10 11:28:11,707] {processor.py:171} INFO - Processing /home/airflow/.local/lib/python3.7/site-packages/airflow/example_dags/example_xcomargs.py took 0.259 seconds
[2023-04-10 11:28:41,962] {processor.py:163} INFO - Started process (PID=513) to work on /home/airflow/.local/lib/python3.7/site-packages/airflow/example_dags/example_xcomargs.py
[2023-04-10 11:28:41,964] {processor.py:620} INFO - Processing file /home/airflow/.local/lib/python3.7/site-packages/airflow/example_dags/example_xcomargs.py for tasks to queue
[2023-04-10 11:28:41,964] {logging_mixin.py:109} INFO - [2023-04-10 11:28:41,964] {dagbag.py:500} INFO - Filling up the DagBag from /home/airflow/.local/lib/python3.7/site-packages/airflow/example_dags/example_xcomargs.py
[2023-04-10 11:28:41,990] {processor.py:632} INFO - DAG(s) dict_keys(['example_xcom_args', 'example_xcom_args_with_operators']) retrieved from /home/airflow/.local/lib/python3.7/site-packages/airflow/example_dags/example_xcomargs.py
[2023-04-10 11:28:42,000] {logging_mixin.py:109} INFO - [2023-04-10 11:28:42,000] {dag.py:2389} INFO - Sync 2 DAGs
[2023-04-10 11:28:42,012] {logging_mixin.py:109} INFO - [2023-04-10 11:28:42,011] {dag.py:2921} INFO - Setting next_dagrun for example_xcom_args to None
[2023-04-10 11:28:42,012] {logging_mixin.py:109} INFO - [2023-04-10 11:28:42,012] {dag.py:2921} INFO - Setting next_dagrun for example_xcom_args_with_operators to None
[2023-04-10 11:28:42,019] {processor.py:171} INFO - Processing /home/airflow/.local/lib/python3.7/site-packages/airflow/example_dags/example_xcomargs.py took 0.058 seconds
[2023-04-10 11:29:12,896] {processor.py:163} INFO - Started process (PID=574) to work on /home/airflow/.local/lib/python3.7/site-packages/airflow/example_dags/example_xcomargs.py
[2023-04-10 11:29:12,896] {processor.py:620} INFO - Processing file /home/airflow/.local/lib/python3.7/site-packages/airflow/example_dags/example_xcomargs.py for tasks to queue
[2023-04-10 11:29:12,897] {logging_mixin.py:109} INFO - [2023-04-10 11:29:12,897] {dagbag.py:500} INFO - Filling up the DagBag from /home/airflow/.local/lib/python3.7/site-packages/airflow/example_dags/example_xcomargs.py
[2023-04-10 11:29:12,926] {processor.py:632} INFO - DAG(s) dict_keys(['example_xcom_args', 'example_xcom_args_with_operators']) retrieved from /home/airflow/.local/lib/python3.7/site-packages/airflow/example_dags/example_xcomargs.py
[2023-04-10 11:29:13,130] {logging_mixin.py:109} INFO - [2023-04-10 11:29:13,130] {dag.py:2389} INFO - Sync 2 DAGs
[2023-04-10 11:29:13,138] {logging_mixin.py:109} INFO - [2023-04-10 11:29:13,138] {dag.py:2921} INFO - Setting next_dagrun for example_xcom_args to None
[2023-04-10 11:29:13,138] {logging_mixin.py:109} INFO - [2023-04-10 11:29:13,138] {dag.py:2921} INFO - Setting next_dagrun for example_xcom_args_with_operators to None
[2023-04-10 11:29:13,146] {processor.py:171} INFO - Processing /home/airflow/.local/lib/python3.7/site-packages/airflow/example_dags/example_xcomargs.py took 0.253 seconds
[2023-04-10 11:29:43,166] {processor.py:163} INFO - Started process (PID=626) to work on /home/airflow/.local/lib/python3.7/site-packages/airflow/example_dags/example_xcomargs.py
[2023-04-10 11:29:43,167] {processor.py:620} INFO - Processing file /home/airflow/.local/lib/python3.7/site-packages/airflow/example_dags/example_xcomargs.py for tasks to queue
[2023-04-10 11:29:43,168] {logging_mixin.py:109} INFO - [2023-04-10 11:29:43,168] {dagbag.py:500} INFO - Filling up the DagBag from /home/airflow/.local/lib/python3.7/site-packages/airflow/example_dags/example_xcomargs.py
[2023-04-10 11:29:43,193] {processor.py:632} INFO - DAG(s) dict_keys(['example_xcom_args', 'example_xcom_args_with_operators']) retrieved from /home/airflow/.local/lib/python3.7/site-packages/airflow/example_dags/example_xcomargs.py
[2023-04-10 11:29:43,430] {logging_mixin.py:109} INFO - [2023-04-10 11:29:43,430] {dag.py:2389} INFO - Sync 2 DAGs
[2023-04-10 11:29:43,442] {logging_mixin.py:109} INFO - [2023-04-10 11:29:43,442] {dag.py:2921} INFO - Setting next_dagrun for example_xcom_args to None
[2023-04-10 11:29:43,442] {logging_mixin.py:109} INFO - [2023-04-10 11:29:43,442] {dag.py:2921} INFO - Setting next_dagrun for example_xcom_args_with_operators to None
[2023-04-10 11:29:43,451] {processor.py:171} INFO - Processing /home/airflow/.local/lib/python3.7/site-packages/airflow/example_dags/example_xcomargs.py took 0.287 seconds
[2023-04-10 11:30:13,688] {processor.py:163} INFO - Started process (PID=686) to work on /home/airflow/.local/lib/python3.7/site-packages/airflow/example_dags/example_xcomargs.py
[2023-04-10 11:30:13,689] {processor.py:620} INFO - Processing file /home/airflow/.local/lib/python3.7/site-packages/airflow/example_dags/example_xcomargs.py for tasks to queue
[2023-04-10 11:30:13,689] {logging_mixin.py:109} INFO - [2023-04-10 11:30:13,689] {dagbag.py:500} INFO - Filling up the DagBag from /home/airflow/.local/lib/python3.7/site-packages/airflow/example_dags/example_xcomargs.py
[2023-04-10 11:30:13,714] {processor.py:632} INFO - DAG(s) dict_keys(['example_xcom_args', 'example_xcom_args_with_operators']) retrieved from /home/airflow/.local/lib/python3.7/site-packages/airflow/example_dags/example_xcomargs.py
[2023-04-10 11:30:13,915] {logging_mixin.py:109} INFO - [2023-04-10 11:30:13,915] {dag.py:2389} INFO - Sync 2 DAGs
[2023-04-10 11:30:13,924] {logging_mixin.py:109} INFO - [2023-04-10 11:30:13,924] {dag.py:2921} INFO - Setting next_dagrun for example_xcom_args to None
[2023-04-10 11:30:13,924] {logging_mixin.py:109} INFO - [2023-04-10 11:30:13,924] {dag.py:2921} INFO - Setting next_dagrun for example_xcom_args_with_operators to None
[2023-04-10 11:30:13,933] {processor.py:171} INFO - Processing /home/airflow/.local/lib/python3.7/site-packages/airflow/example_dags/example_xcomargs.py took 0.247 seconds
[2023-04-10 11:30:44,053] {processor.py:163} INFO - Started process (PID=737) to work on /home/airflow/.local/lib/python3.7/site-packages/airflow/example_dags/example_xcomargs.py
[2023-04-10 11:30:44,054] {processor.py:620} INFO - Processing file /home/airflow/.local/lib/python3.7/site-packages/airflow/example_dags/example_xcomargs.py for tasks to queue
[2023-04-10 11:30:44,054] {logging_mixin.py:109} INFO - [2023-04-10 11:30:44,054] {dagbag.py:500} INFO - Filling up the DagBag from /home/airflow/.local/lib/python3.7/site-packages/airflow/example_dags/example_xcomargs.py
[2023-04-10 11:30:44,081] {processor.py:632} INFO - DAG(s) dict_keys(['example_xcom_args', 'example_xcom_args_with_operators']) retrieved from /home/airflow/.local/lib/python3.7/site-packages/airflow/example_dags/example_xcomargs.py
[2023-04-10 11:30:44,302] {logging_mixin.py:109} INFO - [2023-04-10 11:30:44,302] {dag.py:2389} INFO - Sync 2 DAGs
[2023-04-10 11:30:44,313] {logging_mixin.py:109} INFO - [2023-04-10 11:30:44,313] {dag.py:2921} INFO - Setting next_dagrun for example_xcom_args to None
[2023-04-10 11:30:44,313] {logging_mixin.py:109} INFO - [2023-04-10 11:30:44,313] {dag.py:2921} INFO - Setting next_dagrun for example_xcom_args_with_operators to None
[2023-04-10 11:30:44,322] {processor.py:171} INFO - Processing /home/airflow/.local/lib/python3.7/site-packages/airflow/example_dags/example_xcomargs.py took 0.271 seconds
[2023-04-10 11:31:14,387] {processor.py:163} INFO - Started process (PID=797) to work on /home/airflow/.local/lib/python3.7/site-packages/airflow/example_dags/example_xcomargs.py
[2023-04-10 11:31:14,388] {processor.py:620} INFO - Processing file /home/airflow/.local/lib/python3.7/site-packages/airflow/example_dags/example_xcomargs.py for tasks to queue
[2023-04-10 11:31:14,388] {logging_mixin.py:109} INFO - [2023-04-10 11:31:14,388] {dagbag.py:500} INFO - Filling up the DagBag from /home/airflow/.local/lib/python3.7/site-packages/airflow/example_dags/example_xcomargs.py
[2023-04-10 11:31:14,417] {processor.py:632} INFO - DAG(s) dict_keys(['example_xcom_args', 'example_xcom_args_with_operators']) retrieved from /home/airflow/.local/lib/python3.7/site-packages/airflow/example_dags/example_xcomargs.py
[2023-04-10 11:31:14,676] {logging_mixin.py:109} INFO - [2023-04-10 11:31:14,676] {dag.py:2389} INFO - Sync 2 DAGs
[2023-04-10 11:31:14,689] {logging_mixin.py:109} INFO - [2023-04-10 11:31:14,689] {dag.py:2921} INFO - Setting next_dagrun for example_xcom_args to None
[2023-04-10 11:31:14,689] {logging_mixin.py:109} INFO - [2023-04-10 11:31:14,689] {dag.py:2921} INFO - Setting next_dagrun for example_xcom_args_with_operators to None
[2023-04-10 11:31:14,699] {processor.py:171} INFO - Processing /home/airflow/.local/lib/python3.7/site-packages/airflow/example_dags/example_xcomargs.py took 0.315 seconds
[2023-04-10 11:31:44,759] {processor.py:163} INFO - Started process (PID=848) to work on /home/airflow/.local/lib/python3.7/site-packages/airflow/example_dags/example_xcomargs.py
[2023-04-10 11:31:44,760] {processor.py:620} INFO - Processing file /home/airflow/.local/lib/python3.7/site-packages/airflow/example_dags/example_xcomargs.py for tasks to queue
[2023-04-10 11:31:44,761] {logging_mixin.py:109} INFO - [2023-04-10 11:31:44,760] {dagbag.py:500} INFO - Filling up the DagBag from /home/airflow/.local/lib/python3.7/site-packages/airflow/example_dags/example_xcomargs.py
[2023-04-10 11:31:44,785] {processor.py:632} INFO - DAG(s) dict_keys(['example_xcom_args', 'example_xcom_args_with_operators']) retrieved from /home/airflow/.local/lib/python3.7/site-packages/airflow/example_dags/example_xcomargs.py
[2023-04-10 11:31:44,991] {logging_mixin.py:109} INFO - [2023-04-10 11:31:44,991] {dag.py:2389} INFO - Sync 2 DAGs
[2023-04-10 11:31:45,002] {logging_mixin.py:109} INFO - [2023-04-10 11:31:45,002] {dag.py:2921} INFO - Setting next_dagrun for example_xcom_args to None
[2023-04-10 11:31:45,002] {logging_mixin.py:109} INFO - [2023-04-10 11:31:45,002] {dag.py:2921} INFO - Setting next_dagrun for example_xcom_args_with_operators to None
[2023-04-10 11:31:45,011] {processor.py:171} INFO - Processing /home/airflow/.local/lib/python3.7/site-packages/airflow/example_dags/example_xcomargs.py took 0.254 seconds
[2023-04-10 11:32:16,173] {processor.py:163} INFO - Started process (PID=911) to work on /home/airflow/.local/lib/python3.7/site-packages/airflow/example_dags/example_xcomargs.py
[2023-04-10 11:32:16,174] {processor.py:620} INFO - Processing file /home/airflow/.local/lib/python3.7/site-packages/airflow/example_dags/example_xcomargs.py for tasks to queue
[2023-04-10 11:32:16,174] {logging_mixin.py:109} INFO - [2023-04-10 11:32:16,174] {dagbag.py:500} INFO - Filling up the DagBag from /home/airflow/.local/lib/python3.7/site-packages/airflow/example_dags/example_xcomargs.py
[2023-04-10 11:32:16,198] {processor.py:632} INFO - DAG(s) dict_keys(['example_xcom_args', 'example_xcom_args_with_operators']) retrieved from /home/airflow/.local/lib/python3.7/site-packages/airflow/example_dags/example_xcomargs.py
[2023-04-10 11:32:16,399] {logging_mixin.py:109} INFO - [2023-04-10 11:32:16,399] {dag.py:2389} INFO - Sync 2 DAGs
[2023-04-10 11:32:16,410] {logging_mixin.py:109} INFO - [2023-04-10 11:32:16,410] {dag.py:2921} INFO - Setting next_dagrun for example_xcom_args to None
[2023-04-10 11:32:16,410] {logging_mixin.py:109} INFO - [2023-04-10 11:32:16,410] {dag.py:2921} INFO - Setting next_dagrun for example_xcom_args_with_operators to None
[2023-04-10 11:32:16,419] {processor.py:171} INFO - Processing /home/airflow/.local/lib/python3.7/site-packages/airflow/example_dags/example_xcomargs.py took 0.249 seconds
[2023-04-10 11:32:46,515] {processor.py:163} INFO - Started process (PID=962) to work on /home/airflow/.local/lib/python3.7/site-packages/airflow/example_dags/example_xcomargs.py
[2023-04-10 11:32:46,516] {processor.py:620} INFO - Processing file /home/airflow/.local/lib/python3.7/site-packages/airflow/example_dags/example_xcomargs.py for tasks to queue
[2023-04-10 11:32:46,516] {logging_mixin.py:109} INFO - [2023-04-10 11:32:46,516] {dagbag.py:500} INFO - Filling up the DagBag from /home/airflow/.local/lib/python3.7/site-packages/airflow/example_dags/example_xcomargs.py
[2023-04-10 11:32:46,542] {processor.py:632} INFO - DAG(s) dict_keys(['example_xcom_args', 'example_xcom_args_with_operators']) retrieved from /home/airflow/.local/lib/python3.7/site-packages/airflow/example_dags/example_xcomargs.py
[2023-04-10 11:32:46,736] {logging_mixin.py:109} INFO - [2023-04-10 11:32:46,736] {dag.py:2389} INFO - Sync 2 DAGs
[2023-04-10 11:32:46,746] {logging_mixin.py:109} INFO - [2023-04-10 11:32:46,746] {dag.py:2921} INFO - Setting next_dagrun for example_xcom_args to None
[2023-04-10 11:32:46,746] {logging_mixin.py:109} INFO - [2023-04-10 11:32:46,746] {dag.py:2921} INFO - Setting next_dagrun for example_xcom_args_with_operators to None
[2023-04-10 11:32:46,756] {processor.py:171} INFO - Processing /home/airflow/.local/lib/python3.7/site-packages/airflow/example_dags/example_xcomargs.py took 0.244 seconds
[2023-04-10 11:33:16,956] {processor.py:163} INFO - Started process (PID=1023) to work on /home/airflow/.local/lib/python3.7/site-packages/airflow/example_dags/example_xcomargs.py
[2023-04-10 11:33:16,957] {processor.py:620} INFO - Processing file /home/airflow/.local/lib/python3.7/site-packages/airflow/example_dags/example_xcomargs.py for tasks to queue
[2023-04-10 11:33:16,958] {logging_mixin.py:109} INFO - [2023-04-10 11:33:16,958] {dagbag.py:500} INFO - Filling up the DagBag from /home/airflow/.local/lib/python3.7/site-packages/airflow/example_dags/example_xcomargs.py
[2023-04-10 11:33:16,990] {processor.py:632} INFO - DAG(s) dict_keys(['example_xcom_args', 'example_xcom_args_with_operators']) retrieved from /home/airflow/.local/lib/python3.7/site-packages/airflow/example_dags/example_xcomargs.py
[2023-04-10 11:33:17,255] {logging_mixin.py:109} INFO - [2023-04-10 11:33:17,255] {dag.py:2389} INFO - Sync 2 DAGs
[2023-04-10 11:33:17,267] {logging_mixin.py:109} INFO - [2023-04-10 11:33:17,267] {dag.py:2921} INFO - Setting next_dagrun for example_xcom_args to None
[2023-04-10 11:33:17,267] {logging_mixin.py:109} INFO - [2023-04-10 11:33:17,267] {dag.py:2921} INFO - Setting next_dagrun for example_xcom_args_with_operators to None
[2023-04-10 11:33:17,279] {processor.py:171} INFO - Processing /home/airflow/.local/lib/python3.7/site-packages/airflow/example_dags/example_xcomargs.py took 0.327 seconds
[2023-04-10 11:33:47,533] {processor.py:163} INFO - Started process (PID=1074) to work on /home/airflow/.local/lib/python3.7/site-packages/airflow/example_dags/example_xcomargs.py
[2023-04-10 11:33:47,534] {processor.py:620} INFO - Processing file /home/airflow/.local/lib/python3.7/site-packages/airflow/example_dags/example_xcomargs.py for tasks to queue
[2023-04-10 11:33:47,534] {logging_mixin.py:109} INFO - [2023-04-10 11:33:47,534] {dagbag.py:500} INFO - Filling up the DagBag from /home/airflow/.local/lib/python3.7/site-packages/airflow/example_dags/example_xcomargs.py
[2023-04-10 11:33:47,566] {processor.py:632} INFO - DAG(s) dict_keys(['example_xcom_args', 'example_xcom_args_with_operators']) retrieved from /home/airflow/.local/lib/python3.7/site-packages/airflow/example_dags/example_xcomargs.py
[2023-04-10 11:33:47,787] {logging_mixin.py:109} INFO - [2023-04-10 11:33:47,787] {dag.py:2389} INFO - Sync 2 DAGs
[2023-04-10 11:33:47,800] {logging_mixin.py:109} INFO - [2023-04-10 11:33:47,800] {dag.py:2921} INFO - Setting next_dagrun for example_xcom_args to None
[2023-04-10 11:33:47,800] {logging_mixin.py:109} INFO - [2023-04-10 11:33:47,800] {dag.py:2921} INFO - Setting next_dagrun for example_xcom_args_with_operators to None
[2023-04-10 11:33:47,810] {processor.py:171} INFO - Processing /home/airflow/.local/lib/python3.7/site-packages/airflow/example_dags/example_xcomargs.py took 0.279 seconds
[2023-04-10 11:34:17,950] {processor.py:163} INFO - Started process (PID=1125) to work on /home/airflow/.local/lib/python3.7/site-packages/airflow/example_dags/example_xcomargs.py
[2023-04-10 11:34:17,951] {processor.py:620} INFO - Processing file /home/airflow/.local/lib/python3.7/site-packages/airflow/example_dags/example_xcomargs.py for tasks to queue
[2023-04-10 11:34:17,951] {logging_mixin.py:109} INFO - [2023-04-10 11:34:17,951] {dagbag.py:500} INFO - Filling up the DagBag from /home/airflow/.local/lib/python3.7/site-packages/airflow/example_dags/example_xcomargs.py
[2023-04-10 11:34:17,975] {processor.py:632} INFO - DAG(s) dict_keys(['example_xcom_args', 'example_xcom_args_with_operators']) retrieved from /home/airflow/.local/lib/python3.7/site-packages/airflow/example_dags/example_xcomargs.py
[2023-04-10 11:34:18,157] {logging_mixin.py:109} INFO - [2023-04-10 11:34:18,157] {dag.py:2389} INFO - Sync 2 DAGs
[2023-04-10 11:34:18,166] {logging_mixin.py:109} INFO - [2023-04-10 11:34:18,166] {dag.py:2921} INFO - Setting next_dagrun for example_xcom_args to None
[2023-04-10 11:34:18,166] {logging_mixin.py:109} INFO - [2023-04-10 11:34:18,166] {dag.py:2921} INFO - Setting next_dagrun for example_xcom_args_with_operators to None
[2023-04-10 11:34:18,174] {processor.py:171} INFO - Processing /home/airflow/.local/lib/python3.7/site-packages/airflow/example_dags/example_xcomargs.py took 0.226 seconds
[2023-04-10 11:34:49,200] {processor.py:163} INFO - Started process (PID=1185) to work on /home/airflow/.local/lib/python3.7/site-packages/airflow/example_dags/example_xcomargs.py
[2023-04-10 11:34:49,200] {processor.py:620} INFO - Processing file /home/airflow/.local/lib/python3.7/site-packages/airflow/example_dags/example_xcomargs.py for tasks to queue
[2023-04-10 11:34:49,201] {logging_mixin.py:109} INFO - [2023-04-10 11:34:49,201] {dagbag.py:500} INFO - Filling up the DagBag from /home/airflow/.local/lib/python3.7/site-packages/airflow/example_dags/example_xcomargs.py
[2023-04-10 11:34:49,227] {processor.py:632} INFO - DAG(s) dict_keys(['example_xcom_args', 'example_xcom_args_with_operators']) retrieved from /home/airflow/.local/lib/python3.7/site-packages/airflow/example_dags/example_xcomargs.py
[2023-04-10 11:34:49,434] {logging_mixin.py:109} INFO - [2023-04-10 11:34:49,434] {dag.py:2389} INFO - Sync 2 DAGs
[2023-04-10 11:34:49,446] {logging_mixin.py:109} INFO - [2023-04-10 11:34:49,446] {dag.py:2921} INFO - Setting next_dagrun for example_xcom_args to None
[2023-04-10 11:34:49,446] {logging_mixin.py:109} INFO - [2023-04-10 11:34:49,446] {dag.py:2921} INFO - Setting next_dagrun for example_xcom_args_with_operators to None
[2023-04-10 11:34:49,454] {processor.py:171} INFO - Processing /home/airflow/.local/lib/python3.7/site-packages/airflow/example_dags/example_xcomargs.py took 0.256 seconds
[2023-04-10 11:35:19,626] {processor.py:163} INFO - Started process (PID=1238) to work on /home/airflow/.local/lib/python3.7/site-packages/airflow/example_dags/example_xcomargs.py
[2023-04-10 11:35:19,627] {processor.py:620} INFO - Processing file /home/airflow/.local/lib/python3.7/site-packages/airflow/example_dags/example_xcomargs.py for tasks to queue
[2023-04-10 11:35:19,628] {logging_mixin.py:109} INFO - [2023-04-10 11:35:19,628] {dagbag.py:500} INFO - Filling up the DagBag from /home/airflow/.local/lib/python3.7/site-packages/airflow/example_dags/example_xcomargs.py
[2023-04-10 11:35:19,655] {processor.py:632} INFO - DAG(s) dict_keys(['example_xcom_args', 'example_xcom_args_with_operators']) retrieved from /home/airflow/.local/lib/python3.7/site-packages/airflow/example_dags/example_xcomargs.py
[2023-04-10 11:35:19,866] {logging_mixin.py:109} INFO - [2023-04-10 11:35:19,866] {dag.py:2389} INFO - Sync 2 DAGs
[2023-04-10 11:35:19,878] {logging_mixin.py:109} INFO - [2023-04-10 11:35:19,878] {dag.py:2921} INFO - Setting next_dagrun for example_xcom_args to None
[2023-04-10 11:35:19,878] {logging_mixin.py:109} INFO - [2023-04-10 11:35:19,878] {dag.py:2921} INFO - Setting next_dagrun for example_xcom_args_with_operators to None
[2023-04-10 11:35:19,889] {processor.py:171} INFO - Processing /home/airflow/.local/lib/python3.7/site-packages/airflow/example_dags/example_xcomargs.py took 0.266 seconds
[2023-04-10 11:35:49,971] {processor.py:163} INFO - Started process (PID=1298) to work on /home/airflow/.local/lib/python3.7/site-packages/airflow/example_dags/example_xcomargs.py
[2023-04-10 11:35:49,972] {processor.py:620} INFO - Processing file /home/airflow/.local/lib/python3.7/site-packages/airflow/example_dags/example_xcomargs.py for tasks to queue
[2023-04-10 11:35:49,972] {logging_mixin.py:109} INFO - [2023-04-10 11:35:49,972] {dagbag.py:500} INFO - Filling up the DagBag from /home/airflow/.local/lib/python3.7/site-packages/airflow/example_dags/example_xcomargs.py
[2023-04-10 11:35:49,997] {processor.py:632} INFO - DAG(s) dict_keys(['example_xcom_args', 'example_xcom_args_with_operators']) retrieved from /home/airflow/.local/lib/python3.7/site-packages/airflow/example_dags/example_xcomargs.py
[2023-04-10 11:35:50,187] {logging_mixin.py:109} INFO - [2023-04-10 11:35:50,187] {dag.py:2389} INFO - Sync 2 DAGs
[2023-04-10 11:35:50,197] {logging_mixin.py:109} INFO - [2023-04-10 11:35:50,197] {dag.py:2921} INFO - Setting next_dagrun for example_xcom_args to None
[2023-04-10 11:35:50,197] {logging_mixin.py:109} INFO - [2023-04-10 11:35:50,197] {dag.py:2921} INFO - Setting next_dagrun for example_xcom_args_with_operators to None
[2023-04-10 11:35:50,206] {processor.py:171} INFO - Processing /home/airflow/.local/lib/python3.7/site-packages/airflow/example_dags/example_xcomargs.py took 0.238 seconds
[2023-04-10 11:36:20,277] {processor.py:163} INFO - Started process (PID=1350) to work on /home/airflow/.local/lib/python3.7/site-packages/airflow/example_dags/example_xcomargs.py
[2023-04-10 11:36:20,279] {processor.py:620} INFO - Processing file /home/airflow/.local/lib/python3.7/site-packages/airflow/example_dags/example_xcomargs.py for tasks to queue
[2023-04-10 11:36:20,279] {logging_mixin.py:109} INFO - [2023-04-10 11:36:20,279] {dagbag.py:500} INFO - Filling up the DagBag from /home/airflow/.local/lib/python3.7/site-packages/airflow/example_dags/example_xcomargs.py
[2023-04-10 11:36:20,314] {processor.py:632} INFO - DAG(s) dict_keys(['example_xcom_args', 'example_xcom_args_with_operators']) retrieved from /home/airflow/.local/lib/python3.7/site-packages/airflow/example_dags/example_xcomargs.py
[2023-04-10 11:36:20,577] {logging_mixin.py:109} INFO - [2023-04-10 11:36:20,577] {dag.py:2389} INFO - Sync 2 DAGs
[2023-04-10 11:36:20,587] {logging_mixin.py:109} INFO - [2023-04-10 11:36:20,587] {dag.py:2921} INFO - Setting next_dagrun for example_xcom_args to None
[2023-04-10 11:36:20,587] {logging_mixin.py:109} INFO - [2023-04-10 11:36:20,587] {dag.py:2921} INFO - Setting next_dagrun for example_xcom_args_with_operators to None
[2023-04-10 11:36:20,595] {processor.py:171} INFO - Processing /home/airflow/.local/lib/python3.7/site-packages/airflow/example_dags/example_xcomargs.py took 0.321 seconds
[2023-04-10 11:36:50,694] {processor.py:163} INFO - Started process (PID=1411) to work on /home/airflow/.local/lib/python3.7/site-packages/airflow/example_dags/example_xcomargs.py
[2023-04-10 11:36:50,695] {processor.py:620} INFO - Processing file /home/airflow/.local/lib/python3.7/site-packages/airflow/example_dags/example_xcomargs.py for tasks to queue
[2023-04-10 11:36:50,696] {logging_mixin.py:109} INFO - [2023-04-10 11:36:50,696] {dagbag.py:500} INFO - Filling up the DagBag from /home/airflow/.local/lib/python3.7/site-packages/airflow/example_dags/example_xcomargs.py
[2023-04-10 11:36:50,723] {processor.py:632} INFO - DAG(s) dict_keys(['example_xcom_args', 'example_xcom_args_with_operators']) retrieved from /home/airflow/.local/lib/python3.7/site-packages/airflow/example_dags/example_xcomargs.py
[2023-04-10 11:36:50,966] {logging_mixin.py:109} INFO - [2023-04-10 11:36:50,966] {dag.py:2389} INFO - Sync 2 DAGs
[2023-04-10 11:36:50,977] {logging_mixin.py:109} INFO - [2023-04-10 11:36:50,977] {dag.py:2921} INFO - Setting next_dagrun for example_xcom_args to None
[2023-04-10 11:36:50,977] {logging_mixin.py:109} INFO - [2023-04-10 11:36:50,977] {dag.py:2921} INFO - Setting next_dagrun for example_xcom_args_with_operators to None
[2023-04-10 11:36:50,991] {processor.py:171} INFO - Processing /home/airflow/.local/lib/python3.7/site-packages/airflow/example_dags/example_xcomargs.py took 0.300 seconds
[2023-04-10 11:37:21,086] {processor.py:163} INFO - Started process (PID=1462) to work on /home/airflow/.local/lib/python3.7/site-packages/airflow/example_dags/example_xcomargs.py
[2023-04-10 11:37:21,086] {processor.py:620} INFO - Processing file /home/airflow/.local/lib/python3.7/site-packages/airflow/example_dags/example_xcomargs.py for tasks to queue
[2023-04-10 11:37:21,087] {logging_mixin.py:109} INFO - [2023-04-10 11:37:21,087] {dagbag.py:500} INFO - Filling up the DagBag from /home/airflow/.local/lib/python3.7/site-packages/airflow/example_dags/example_xcomargs.py
[2023-04-10 11:37:21,114] {processor.py:632} INFO - DAG(s) dict_keys(['example_xcom_args', 'example_xcom_args_with_operators']) retrieved from /home/airflow/.local/lib/python3.7/site-packages/airflow/example_dags/example_xcomargs.py
[2023-04-10 11:37:21,321] {logging_mixin.py:109} INFO - [2023-04-10 11:37:21,321] {dag.py:2389} INFO - Sync 2 DAGs
[2023-04-10 11:37:21,332] {logging_mixin.py:109} INFO - [2023-04-10 11:37:21,332] {dag.py:2921} INFO - Setting next_dagrun for example_xcom_args to None
[2023-04-10 11:37:21,332] {logging_mixin.py:109} INFO - [2023-04-10 11:37:21,332] {dag.py:2921} INFO - Setting next_dagrun for example_xcom_args_with_operators to None
[2023-04-10 11:37:21,341] {processor.py:171} INFO - Processing /home/airflow/.local/lib/python3.7/site-packages/airflow/example_dags/example_xcomargs.py took 0.258 seconds
[2023-04-10 11:37:52,325] {processor.py:163} INFO - Started process (PID=1523) to work on /home/airflow/.local/lib/python3.7/site-packages/airflow/example_dags/example_xcomargs.py
[2023-04-10 11:37:52,326] {processor.py:620} INFO - Processing file /home/airflow/.local/lib/python3.7/site-packages/airflow/example_dags/example_xcomargs.py for tasks to queue
[2023-04-10 11:37:52,326] {logging_mixin.py:109} INFO - [2023-04-10 11:37:52,326] {dagbag.py:500} INFO - Filling up the DagBag from /home/airflow/.local/lib/python3.7/site-packages/airflow/example_dags/example_xcomargs.py
[2023-04-10 11:37:52,352] {processor.py:632} INFO - DAG(s) dict_keys(['example_xcom_args', 'example_xcom_args_with_operators']) retrieved from /home/airflow/.local/lib/python3.7/site-packages/airflow/example_dags/example_xcomargs.py
[2023-04-10 11:37:52,642] {logging_mixin.py:109} INFO - [2023-04-10 11:37:52,642] {dag.py:2389} INFO - Sync 2 DAGs
[2023-04-10 11:37:52,655] {logging_mixin.py:109} INFO - [2023-04-10 11:37:52,655] {dag.py:2921} INFO - Setting next_dagrun for example_xcom_args to None
[2023-04-10 11:37:52,655] {logging_mixin.py:109} INFO - [2023-04-10 11:37:52,655] {dag.py:2921} INFO - Setting next_dagrun for example_xcom_args_with_operators to None
[2023-04-10 11:37:52,665] {processor.py:171} INFO - Processing /home/airflow/.local/lib/python3.7/site-packages/airflow/example_dags/example_xcomargs.py took 0.343 seconds
[2023-04-10 11:38:22,694] {processor.py:163} INFO - Started process (PID=1574) to work on /home/airflow/.local/lib/python3.7/site-packages/airflow/example_dags/example_xcomargs.py
[2023-04-10 11:38:22,695] {processor.py:620} INFO - Processing file /home/airflow/.local/lib/python3.7/site-packages/airflow/example_dags/example_xcomargs.py for tasks to queue
[2023-04-10 11:38:22,695] {logging_mixin.py:109} INFO - [2023-04-10 11:38:22,695] {dagbag.py:500} INFO - Filling up the DagBag from /home/airflow/.local/lib/python3.7/site-packages/airflow/example_dags/example_xcomargs.py
[2023-04-10 11:38:22,723] {processor.py:632} INFO - DAG(s) dict_keys(['example_xcom_args', 'example_xcom_args_with_operators']) retrieved from /home/airflow/.local/lib/python3.7/site-packages/airflow/example_dags/example_xcomargs.py
[2023-04-10 11:38:22,963] {logging_mixin.py:109} INFO - [2023-04-10 11:38:22,963] {dag.py:2389} INFO - Sync 2 DAGs
[2023-04-10 11:38:22,987] {logging_mixin.py:109} INFO - [2023-04-10 11:38:22,987] {dag.py:2921} INFO - Setting next_dagrun for example_xcom_args to None
[2023-04-10 11:38:22,987] {logging_mixin.py:109} INFO - [2023-04-10 11:38:22,987] {dag.py:2921} INFO - Setting next_dagrun for example_xcom_args_with_operators to None
[2023-04-10 11:38:23,011] {processor.py:171} INFO - Processing /home/airflow/.local/lib/python3.7/site-packages/airflow/example_dags/example_xcomargs.py took 0.321 seconds
[2023-04-10 11:38:53,780] {processor.py:163} INFO - Started process (PID=1632) to work on /home/airflow/.local/lib/python3.7/site-packages/airflow/example_dags/example_xcomargs.py
[2023-04-10 11:38:53,781] {processor.py:620} INFO - Processing file /home/airflow/.local/lib/python3.7/site-packages/airflow/example_dags/example_xcomargs.py for tasks to queue
[2023-04-10 11:38:53,782] {logging_mixin.py:109} INFO - [2023-04-10 11:38:53,782] {dagbag.py:500} INFO - Filling up the DagBag from /home/airflow/.local/lib/python3.7/site-packages/airflow/example_dags/example_xcomargs.py
[2023-04-10 11:38:53,807] {processor.py:632} INFO - DAG(s) dict_keys(['example_xcom_args', 'example_xcom_args_with_operators']) retrieved from /home/airflow/.local/lib/python3.7/site-packages/airflow/example_dags/example_xcomargs.py
[2023-04-10 11:38:54,047] {logging_mixin.py:109} INFO - [2023-04-10 11:38:54,047] {dag.py:2389} INFO - Sync 2 DAGs
[2023-04-10 11:38:54,058] {logging_mixin.py:109} INFO - [2023-04-10 11:38:54,058] {dag.py:2921} INFO - Setting next_dagrun for example_xcom_args to None
[2023-04-10 11:38:54,059] {logging_mixin.py:109} INFO - [2023-04-10 11:38:54,059] {dag.py:2921} INFO - Setting next_dagrun for example_xcom_args_with_operators to None
[2023-04-10 11:38:54,069] {processor.py:171} INFO - Processing /home/airflow/.local/lib/python3.7/site-packages/airflow/example_dags/example_xcomargs.py took 0.292 seconds
[2023-04-10 11:39:24,171] {processor.py:163} INFO - Started process (PID=1687) to work on /home/airflow/.local/lib/python3.7/site-packages/airflow/example_dags/example_xcomargs.py
[2023-04-10 11:39:24,172] {processor.py:620} INFO - Processing file /home/airflow/.local/lib/python3.7/site-packages/airflow/example_dags/example_xcomargs.py for tasks to queue
[2023-04-10 11:39:24,173] {logging_mixin.py:109} INFO - [2023-04-10 11:39:24,173] {dagbag.py:500} INFO - Filling up the DagBag from /home/airflow/.local/lib/python3.7/site-packages/airflow/example_dags/example_xcomargs.py
[2023-04-10 11:39:24,197] {processor.py:632} INFO - DAG(s) dict_keys(['example_xcom_args', 'example_xcom_args_with_operators']) retrieved from /home/airflow/.local/lib/python3.7/site-packages/airflow/example_dags/example_xcomargs.py
[2023-04-10 11:39:24,402] {logging_mixin.py:109} INFO - [2023-04-10 11:39:24,402] {dag.py:2389} INFO - Sync 2 DAGs
[2023-04-10 11:39:24,411] {logging_mixin.py:109} INFO - [2023-04-10 11:39:24,411] {dag.py:2921} INFO - Setting next_dagrun for example_xcom_args to None
[2023-04-10 11:39:24,411] {logging_mixin.py:109} INFO - [2023-04-10 11:39:24,411] {dag.py:2921} INFO - Setting next_dagrun for example_xcom_args_with_operators to None
[2023-04-10 11:39:24,420] {processor.py:171} INFO - Processing /home/airflow/.local/lib/python3.7/site-packages/airflow/example_dags/example_xcomargs.py took 0.251 seconds
[2023-04-10 11:39:54,451] {processor.py:163} INFO - Started process (PID=1738) to work on /home/airflow/.local/lib/python3.7/site-packages/airflow/example_dags/example_xcomargs.py
[2023-04-10 11:39:54,452] {processor.py:620} INFO - Processing file /home/airflow/.local/lib/python3.7/site-packages/airflow/example_dags/example_xcomargs.py for tasks to queue
[2023-04-10 11:39:54,453] {logging_mixin.py:109} INFO - [2023-04-10 11:39:54,453] {dagbag.py:500} INFO - Filling up the DagBag from /home/airflow/.local/lib/python3.7/site-packages/airflow/example_dags/example_xcomargs.py
[2023-04-10 11:39:54,477] {processor.py:632} INFO - DAG(s) dict_keys(['example_xcom_args', 'example_xcom_args_with_operators']) retrieved from /home/airflow/.local/lib/python3.7/site-packages/airflow/example_dags/example_xcomargs.py
[2023-04-10 11:39:54,655] {logging_mixin.py:109} INFO - [2023-04-10 11:39:54,655] {dag.py:2389} INFO - Sync 2 DAGs
[2023-04-10 11:39:54,665] {logging_mixin.py:109} INFO - [2023-04-10 11:39:54,665] {dag.py:2921} INFO - Setting next_dagrun for example_xcom_args to None
[2023-04-10 11:39:54,665] {logging_mixin.py:109} INFO - [2023-04-10 11:39:54,665] {dag.py:2921} INFO - Setting next_dagrun for example_xcom_args_with_operators to None
[2023-04-10 11:39:54,673] {processor.py:171} INFO - Processing /home/airflow/.local/lib/python3.7/site-packages/airflow/example_dags/example_xcomargs.py took 0.224 seconds
[2023-04-10 11:40:25,629] {processor.py:163} INFO - Started process (PID=1798) to work on /home/airflow/.local/lib/python3.7/site-packages/airflow/example_dags/example_xcomargs.py
[2023-04-10 11:40:25,630] {processor.py:620} INFO - Processing file /home/airflow/.local/lib/python3.7/site-packages/airflow/example_dags/example_xcomargs.py for tasks to queue
[2023-04-10 11:40:25,630] {logging_mixin.py:109} INFO - [2023-04-10 11:40:25,630] {dagbag.py:500} INFO - Filling up the DagBag from /home/airflow/.local/lib/python3.7/site-packages/airflow/example_dags/example_xcomargs.py
[2023-04-10 11:40:25,655] {processor.py:632} INFO - DAG(s) dict_keys(['example_xcom_args', 'example_xcom_args_with_operators']) retrieved from /home/airflow/.local/lib/python3.7/site-packages/airflow/example_dags/example_xcomargs.py
[2023-04-10 11:40:25,858] {logging_mixin.py:109} INFO - [2023-04-10 11:40:25,857] {dag.py:2389} INFO - Sync 2 DAGs
[2023-04-10 11:40:25,867] {logging_mixin.py:109} INFO - [2023-04-10 11:40:25,867] {dag.py:2921} INFO - Setting next_dagrun for example_xcom_args to None
[2023-04-10 11:40:25,867] {logging_mixin.py:109} INFO - [2023-04-10 11:40:25,867] {dag.py:2921} INFO - Setting next_dagrun for example_xcom_args_with_operators to None
[2023-04-10 11:40:25,875] {processor.py:171} INFO - Processing /home/airflow/.local/lib/python3.7/site-packages/airflow/example_dags/example_xcomargs.py took 0.248 seconds
[2023-04-10 11:40:56,015] {processor.py:163} INFO - Started process (PID=1851) to work on /home/airflow/.local/lib/python3.7/site-packages/airflow/example_dags/example_xcomargs.py
[2023-04-10 11:40:56,015] {processor.py:620} INFO - Processing file /home/airflow/.local/lib/python3.7/site-packages/airflow/example_dags/example_xcomargs.py for tasks to queue
[2023-04-10 11:40:56,016] {logging_mixin.py:109} INFO - [2023-04-10 11:40:56,015] {dagbag.py:500} INFO - Filling up the DagBag from /home/airflow/.local/lib/python3.7/site-packages/airflow/example_dags/example_xcomargs.py
[2023-04-10 11:40:56,038] {processor.py:632} INFO - DAG(s) dict_keys(['example_xcom_args', 'example_xcom_args_with_operators']) retrieved from /home/airflow/.local/lib/python3.7/site-packages/airflow/example_dags/example_xcomargs.py
[2023-04-10 11:40:56,227] {logging_mixin.py:109} INFO - [2023-04-10 11:40:56,227] {dag.py:2389} INFO - Sync 2 DAGs
[2023-04-10 11:40:56,235] {logging_mixin.py:109} INFO - [2023-04-10 11:40:56,235] {dag.py:2921} INFO - Setting next_dagrun for example_xcom_args to None
[2023-04-10 11:40:56,236] {logging_mixin.py:109} INFO - [2023-04-10 11:40:56,236] {dag.py:2921} INFO - Setting next_dagrun for example_xcom_args_with_operators to None
[2023-04-10 11:40:56,244] {processor.py:171} INFO - Processing /home/airflow/.local/lib/python3.7/site-packages/airflow/example_dags/example_xcomargs.py took 0.231 seconds
[2023-04-10 11:41:26,315] {processor.py:163} INFO - Started process (PID=1911) to work on /home/airflow/.local/lib/python3.7/site-packages/airflow/example_dags/example_xcomargs.py
[2023-04-10 11:41:26,317] {processor.py:620} INFO - Processing file /home/airflow/.local/lib/python3.7/site-packages/airflow/example_dags/example_xcomargs.py for tasks to queue
[2023-04-10 11:41:26,317] {logging_mixin.py:109} INFO - [2023-04-10 11:41:26,317] {dagbag.py:500} INFO - Filling up the DagBag from /home/airflow/.local/lib/python3.7/site-packages/airflow/example_dags/example_xcomargs.py
[2023-04-10 11:41:26,342] {processor.py:632} INFO - DAG(s) dict_keys(['example_xcom_args', 'example_xcom_args_with_operators']) retrieved from /home/airflow/.local/lib/python3.7/site-packages/airflow/example_dags/example_xcomargs.py
[2023-04-10 11:41:26,540] {logging_mixin.py:109} INFO - [2023-04-10 11:41:26,540] {dag.py:2389} INFO - Sync 2 DAGs
[2023-04-10 11:41:26,552] {logging_mixin.py:109} INFO - [2023-04-10 11:41:26,552] {dag.py:2921} INFO - Setting next_dagrun for example_xcom_args to None
[2023-04-10 11:41:26,552] {logging_mixin.py:109} INFO - [2023-04-10 11:41:26,552] {dag.py:2921} INFO - Setting next_dagrun for example_xcom_args_with_operators to None
[2023-04-10 11:41:26,576] {processor.py:171} INFO - Processing /home/airflow/.local/lib/python3.7/site-packages/airflow/example_dags/example_xcomargs.py took 0.263 seconds
[2023-04-10 11:41:56,633] {processor.py:163} INFO - Started process (PID=1962) to work on /home/airflow/.local/lib/python3.7/site-packages/airflow/example_dags/example_xcomargs.py
[2023-04-10 11:41:56,634] {processor.py:620} INFO - Processing file /home/airflow/.local/lib/python3.7/site-packages/airflow/example_dags/example_xcomargs.py for tasks to queue
[2023-04-10 11:41:56,634] {logging_mixin.py:109} INFO - [2023-04-10 11:41:56,634] {dagbag.py:500} INFO - Filling up the DagBag from /home/airflow/.local/lib/python3.7/site-packages/airflow/example_dags/example_xcomargs.py
[2023-04-10 11:41:56,660] {processor.py:632} INFO - DAG(s) dict_keys(['example_xcom_args', 'example_xcom_args_with_operators']) retrieved from /home/airflow/.local/lib/python3.7/site-packages/airflow/example_dags/example_xcomargs.py
[2023-04-10 11:41:56,876] {logging_mixin.py:109} INFO - [2023-04-10 11:41:56,876] {dag.py:2389} INFO - Sync 2 DAGs
[2023-04-10 11:41:56,887] {logging_mixin.py:109} INFO - [2023-04-10 11:41:56,887] {dag.py:2921} INFO - Setting next_dagrun for example_xcom_args to None
[2023-04-10 11:41:56,887] {logging_mixin.py:109} INFO - [2023-04-10 11:41:56,887] {dag.py:2921} INFO - Setting next_dagrun for example_xcom_args_with_operators to None
[2023-04-10 11:41:56,896] {processor.py:171} INFO - Processing /home/airflow/.local/lib/python3.7/site-packages/airflow/example_dags/example_xcomargs.py took 0.266 seconds
[2023-04-10 11:42:27,013] {processor.py:163} INFO - Started process (PID=2023) to work on /home/airflow/.local/lib/python3.7/site-packages/airflow/example_dags/example_xcomargs.py
[2023-04-10 11:42:27,014] {processor.py:620} INFO - Processing file /home/airflow/.local/lib/python3.7/site-packages/airflow/example_dags/example_xcomargs.py for tasks to queue
[2023-04-10 11:42:27,014] {logging_mixin.py:109} INFO - [2023-04-10 11:42:27,014] {dagbag.py:500} INFO - Filling up the DagBag from /home/airflow/.local/lib/python3.7/site-packages/airflow/example_dags/example_xcomargs.py
[2023-04-10 11:42:27,040] {processor.py:632} INFO - DAG(s) dict_keys(['example_xcom_args', 'example_xcom_args_with_operators']) retrieved from /home/airflow/.local/lib/python3.7/site-packages/airflow/example_dags/example_xcomargs.py
[2023-04-10 11:42:27,234] {logging_mixin.py:109} INFO - [2023-04-10 11:42:27,234] {dag.py:2389} INFO - Sync 2 DAGs
[2023-04-10 11:42:27,244] {logging_mixin.py:109} INFO - [2023-04-10 11:42:27,244] {dag.py:2921} INFO - Setting next_dagrun for example_xcom_args to None
[2023-04-10 11:42:27,244] {logging_mixin.py:109} INFO - [2023-04-10 11:42:27,244] {dag.py:2921} INFO - Setting next_dagrun for example_xcom_args_with_operators to None
[2023-04-10 11:42:27,254] {processor.py:171} INFO - Processing /home/airflow/.local/lib/python3.7/site-packages/airflow/example_dags/example_xcomargs.py took 0.244 seconds
[2023-04-10 11:42:57,425] {processor.py:163} INFO - Started process (PID=2074) to work on /home/airflow/.local/lib/python3.7/site-packages/airflow/example_dags/example_xcomargs.py
[2023-04-10 11:42:57,427] {processor.py:620} INFO - Processing file /home/airflow/.local/lib/python3.7/site-packages/airflow/example_dags/example_xcomargs.py for tasks to queue
[2023-04-10 11:42:57,427] {logging_mixin.py:109} INFO - [2023-04-10 11:42:57,427] {dagbag.py:500} INFO - Filling up the DagBag from /home/airflow/.local/lib/python3.7/site-packages/airflow/example_dags/example_xcomargs.py
[2023-04-10 11:42:57,459] {processor.py:632} INFO - DAG(s) dict_keys(['example_xcom_args', 'example_xcom_args_with_operators']) retrieved from /home/airflow/.local/lib/python3.7/site-packages/airflow/example_dags/example_xcomargs.py
[2023-04-10 11:42:57,696] {logging_mixin.py:109} INFO - [2023-04-10 11:42:57,696] {dag.py:2389} INFO - Sync 2 DAGs
[2023-04-10 11:42:57,707] {logging_mixin.py:109} INFO - [2023-04-10 11:42:57,707] {dag.py:2921} INFO - Setting next_dagrun for example_xcom_args to None
[2023-04-10 11:42:57,708] {logging_mixin.py:109} INFO - [2023-04-10 11:42:57,708] {dag.py:2921} INFO - Setting next_dagrun for example_xcom_args_with_operators to None
[2023-04-10 11:42:57,717] {processor.py:171} INFO - Processing /home/airflow/.local/lib/python3.7/site-packages/airflow/example_dags/example_xcomargs.py took 0.294 seconds
[2023-04-10 11:43:28,597] {processor.py:163} INFO - Started process (PID=2135) to work on /home/airflow/.local/lib/python3.7/site-packages/airflow/example_dags/example_xcomargs.py
[2023-04-10 11:43:28,598] {processor.py:620} INFO - Processing file /home/airflow/.local/lib/python3.7/site-packages/airflow/example_dags/example_xcomargs.py for tasks to queue
[2023-04-10 11:43:28,599] {logging_mixin.py:109} INFO - [2023-04-10 11:43:28,599] {dagbag.py:500} INFO - Filling up the DagBag from /home/airflow/.local/lib/python3.7/site-packages/airflow/example_dags/example_xcomargs.py
[2023-04-10 11:43:28,630] {processor.py:632} INFO - DAG(s) dict_keys(['example_xcom_args', 'example_xcom_args_with_operators']) retrieved from /home/airflow/.local/lib/python3.7/site-packages/airflow/example_dags/example_xcomargs.py
[2023-04-10 11:43:28,914] {logging_mixin.py:109} INFO - [2023-04-10 11:43:28,914] {dag.py:2389} INFO - Sync 2 DAGs
[2023-04-10 11:43:28,931] {logging_mixin.py:109} INFO - [2023-04-10 11:43:28,931] {dag.py:2921} INFO - Setting next_dagrun for example_xcom_args to None
[2023-04-10 11:43:28,931] {logging_mixin.py:109} INFO - [2023-04-10 11:43:28,931] {dag.py:2921} INFO - Setting next_dagrun for example_xcom_args_with_operators to None
[2023-04-10 11:43:28,943] {processor.py:171} INFO - Processing /home/airflow/.local/lib/python3.7/site-packages/airflow/example_dags/example_xcomargs.py took 0.350 seconds
[2023-04-10 11:43:59,913] {processor.py:163} INFO - Started process (PID=2186) to work on /home/airflow/.local/lib/python3.7/site-packages/airflow/example_dags/example_xcomargs.py
[2023-04-10 11:43:59,915] {processor.py:620} INFO - Processing file /home/airflow/.local/lib/python3.7/site-packages/airflow/example_dags/example_xcomargs.py for tasks to queue
[2023-04-10 11:43:59,915] {logging_mixin.py:109} INFO - [2023-04-10 11:43:59,915] {dagbag.py:500} INFO - Filling up the DagBag from /home/airflow/.local/lib/python3.7/site-packages/airflow/example_dags/example_xcomargs.py
[2023-04-10 11:43:59,944] {processor.py:632} INFO - DAG(s) dict_keys(['example_xcom_args', 'example_xcom_args_with_operators']) retrieved from /home/airflow/.local/lib/python3.7/site-packages/airflow/example_dags/example_xcomargs.py
[2023-04-10 11:44:00,162] {logging_mixin.py:109} INFO - [2023-04-10 11:44:00,161] {dag.py:2389} INFO - Sync 2 DAGs
[2023-04-10 11:44:00,174] {logging_mixin.py:109} INFO - [2023-04-10 11:44:00,174] {dag.py:2921} INFO - Setting next_dagrun for example_xcom_args to None
[2023-04-10 11:44:00,174] {logging_mixin.py:109} INFO - [2023-04-10 11:44:00,174] {dag.py:2921} INFO - Setting next_dagrun for example_xcom_args_with_operators to None
[2023-04-10 11:44:00,190] {processor.py:171} INFO - Processing /home/airflow/.local/lib/python3.7/site-packages/airflow/example_dags/example_xcomargs.py took 0.280 seconds
[2023-04-10 11:44:30,327] {processor.py:163} INFO - Started process (PID=2246) to work on /home/airflow/.local/lib/python3.7/site-packages/airflow/example_dags/example_xcomargs.py
[2023-04-10 11:44:30,328] {processor.py:620} INFO - Processing file /home/airflow/.local/lib/python3.7/site-packages/airflow/example_dags/example_xcomargs.py for tasks to queue
[2023-04-10 11:44:30,329] {logging_mixin.py:109} INFO - [2023-04-10 11:44:30,329] {dagbag.py:500} INFO - Filling up the DagBag from /home/airflow/.local/lib/python3.7/site-packages/airflow/example_dags/example_xcomargs.py
[2023-04-10 11:44:30,361] {processor.py:632} INFO - DAG(s) dict_keys(['example_xcom_args', 'example_xcom_args_with_operators']) retrieved from /home/airflow/.local/lib/python3.7/site-packages/airflow/example_dags/example_xcomargs.py
[2023-04-10 11:44:30,601] {logging_mixin.py:109} INFO - [2023-04-10 11:44:30,601] {dag.py:2389} INFO - Sync 2 DAGs
[2023-04-10 11:44:30,614] {logging_mixin.py:109} INFO - [2023-04-10 11:44:30,614] {dag.py:2921} INFO - Setting next_dagrun for example_xcom_args to None
[2023-04-10 11:44:30,614] {logging_mixin.py:109} INFO - [2023-04-10 11:44:30,614] {dag.py:2921} INFO - Setting next_dagrun for example_xcom_args_with_operators to None
[2023-04-10 11:44:30,623] {processor.py:171} INFO - Processing /home/airflow/.local/lib/python3.7/site-packages/airflow/example_dags/example_xcomargs.py took 0.299 seconds
[2023-04-10 11:45:00,708] {processor.py:163} INFO - Started process (PID=2297) to work on /home/airflow/.local/lib/python3.7/site-packages/airflow/example_dags/example_xcomargs.py
[2023-04-10 11:45:00,708] {processor.py:620} INFO - Processing file /home/airflow/.local/lib/python3.7/site-packages/airflow/example_dags/example_xcomargs.py for tasks to queue
[2023-04-10 11:45:00,709] {logging_mixin.py:109} INFO - [2023-04-10 11:45:00,709] {dagbag.py:500} INFO - Filling up the DagBag from /home/airflow/.local/lib/python3.7/site-packages/airflow/example_dags/example_xcomargs.py
[2023-04-10 11:45:00,730] {processor.py:632} INFO - DAG(s) dict_keys(['example_xcom_args', 'example_xcom_args_with_operators']) retrieved from /home/airflow/.local/lib/python3.7/site-packages/airflow/example_dags/example_xcomargs.py
[2023-04-10 11:45:00,902] {logging_mixin.py:109} INFO - [2023-04-10 11:45:00,902] {dag.py:2389} INFO - Sync 2 DAGs
[2023-04-10 11:45:00,910] {logging_mixin.py:109} INFO - [2023-04-10 11:45:00,910] {dag.py:2921} INFO - Setting next_dagrun for example_xcom_args to None
[2023-04-10 11:45:00,910] {logging_mixin.py:109} INFO - [2023-04-10 11:45:00,910] {dag.py:2921} INFO - Setting next_dagrun for example_xcom_args_with_operators to None
[2023-04-10 11:45:00,919] {processor.py:171} INFO - Processing /home/airflow/.local/lib/python3.7/site-packages/airflow/example_dags/example_xcomargs.py took 0.215 seconds
[2023-04-10 11:45:31,072] {processor.py:163} INFO - Started process (PID=2358) to work on /home/airflow/.local/lib/python3.7/site-packages/airflow/example_dags/example_xcomargs.py
[2023-04-10 11:45:31,074] {processor.py:620} INFO - Processing file /home/airflow/.local/lib/python3.7/site-packages/airflow/example_dags/example_xcomargs.py for tasks to queue
[2023-04-10 11:45:31,074] {logging_mixin.py:109} INFO - [2023-04-10 11:45:31,074] {dagbag.py:500} INFO - Filling up the DagBag from /home/airflow/.local/lib/python3.7/site-packages/airflow/example_dags/example_xcomargs.py
[2023-04-10 11:45:31,102] {processor.py:632} INFO - DAG(s) dict_keys(['example_xcom_args', 'example_xcom_args_with_operators']) retrieved from /home/airflow/.local/lib/python3.7/site-packages/airflow/example_dags/example_xcomargs.py
[2023-04-10 11:45:31,356] {logging_mixin.py:109} INFO - [2023-04-10 11:45:31,356] {dag.py:2389} INFO - Sync 2 DAGs
[2023-04-10 11:45:31,369] {logging_mixin.py:109} INFO - [2023-04-10 11:45:31,369] {dag.py:2921} INFO - Setting next_dagrun for example_xcom_args to None
[2023-04-10 11:45:31,369] {logging_mixin.py:109} INFO - [2023-04-10 11:45:31,369] {dag.py:2921} INFO - Setting next_dagrun for example_xcom_args_with_operators to None
[2023-04-10 11:45:31,379] {processor.py:171} INFO - Processing /home/airflow/.local/lib/python3.7/site-packages/airflow/example_dags/example_xcomargs.py took 0.309 seconds
[2023-04-10 11:46:02,090] {processor.py:163} INFO - Started process (PID=2409) to work on /home/airflow/.local/lib/python3.7/site-packages/airflow/example_dags/example_xcomargs.py
[2023-04-10 11:46:02,091] {processor.py:620} INFO - Processing file /home/airflow/.local/lib/python3.7/site-packages/airflow/example_dags/example_xcomargs.py for tasks to queue
[2023-04-10 11:46:02,092] {logging_mixin.py:109} INFO - [2023-04-10 11:46:02,092] {dagbag.py:500} INFO - Filling up the DagBag from /home/airflow/.local/lib/python3.7/site-packages/airflow/example_dags/example_xcomargs.py
[2023-04-10 11:46:02,118] {processor.py:632} INFO - DAG(s) dict_keys(['example_xcom_args', 'example_xcom_args_with_operators']) retrieved from /home/airflow/.local/lib/python3.7/site-packages/airflow/example_dags/example_xcomargs.py
[2023-04-10 11:46:02,341] {logging_mixin.py:109} INFO - [2023-04-10 11:46:02,340] {dag.py:2389} INFO - Sync 2 DAGs
[2023-04-10 11:46:02,351] {logging_mixin.py:109} INFO - [2023-04-10 11:46:02,351] {dag.py:2921} INFO - Setting next_dagrun for example_xcom_args to None
[2023-04-10 11:46:02,351] {logging_mixin.py:109} INFO - [2023-04-10 11:46:02,351] {dag.py:2921} INFO - Setting next_dagrun for example_xcom_args_with_operators to None
[2023-04-10 11:46:02,361] {processor.py:171} INFO - Processing /home/airflow/.local/lib/python3.7/site-packages/airflow/example_dags/example_xcomargs.py took 0.273 seconds
[2023-04-10 11:46:32,490] {processor.py:163} INFO - Started process (PID=2470) to work on /home/airflow/.local/lib/python3.7/site-packages/airflow/example_dags/example_xcomargs.py
[2023-04-10 11:46:32,495] {processor.py:620} INFO - Processing file /home/airflow/.local/lib/python3.7/site-packages/airflow/example_dags/example_xcomargs.py for tasks to queue
[2023-04-10 11:46:32,495] {logging_mixin.py:109} INFO - [2023-04-10 11:46:32,495] {dagbag.py:500} INFO - Filling up the DagBag from /home/airflow/.local/lib/python3.7/site-packages/airflow/example_dags/example_xcomargs.py
[2023-04-10 11:46:32,520] {processor.py:632} INFO - DAG(s) dict_keys(['example_xcom_args', 'example_xcom_args_with_operators']) retrieved from /home/airflow/.local/lib/python3.7/site-packages/airflow/example_dags/example_xcomargs.py
[2023-04-10 11:46:32,745] {logging_mixin.py:109} INFO - [2023-04-10 11:46:32,745] {dag.py:2389} INFO - Sync 2 DAGs
[2023-04-10 11:46:32,755] {logging_mixin.py:109} INFO - [2023-04-10 11:46:32,755] {dag.py:2921} INFO - Setting next_dagrun for example_xcom_args to None
[2023-04-10 11:46:32,755] {logging_mixin.py:109} INFO - [2023-04-10 11:46:32,755] {dag.py:2921} INFO - Setting next_dagrun for example_xcom_args_with_operators to None
[2023-04-10 11:46:32,764] {processor.py:171} INFO - Processing /home/airflow/.local/lib/python3.7/site-packages/airflow/example_dags/example_xcomargs.py took 0.276 seconds
[2023-04-10 11:47:02,896] {processor.py:163} INFO - Started process (PID=2521) to work on /home/airflow/.local/lib/python3.7/site-packages/airflow/example_dags/example_xcomargs.py
[2023-04-10 11:47:02,897] {processor.py:620} INFO - Processing file /home/airflow/.local/lib/python3.7/site-packages/airflow/example_dags/example_xcomargs.py for tasks to queue
[2023-04-10 11:47:02,897] {logging_mixin.py:109} INFO - [2023-04-10 11:47:02,897] {dagbag.py:500} INFO - Filling up the DagBag from /home/airflow/.local/lib/python3.7/site-packages/airflow/example_dags/example_xcomargs.py
[2023-04-10 11:47:02,921] {processor.py:632} INFO - DAG(s) dict_keys(['example_xcom_args', 'example_xcom_args_with_operators']) retrieved from /home/airflow/.local/lib/python3.7/site-packages/airflow/example_dags/example_xcomargs.py
[2023-04-10 11:47:03,137] {logging_mixin.py:109} INFO - [2023-04-10 11:47:03,137] {dag.py:2389} INFO - Sync 2 DAGs
[2023-04-10 11:47:03,147] {logging_mixin.py:109} INFO - [2023-04-10 11:47:03,147] {dag.py:2921} INFO - Setting next_dagrun for example_xcom_args to None
[2023-04-10 11:47:03,147] {logging_mixin.py:109} INFO - [2023-04-10 11:47:03,147] {dag.py:2921} INFO - Setting next_dagrun for example_xcom_args_with_operators to None
[2023-04-10 11:47:03,157] {processor.py:171} INFO - Processing /home/airflow/.local/lib/python3.7/site-packages/airflow/example_dags/example_xcomargs.py took 0.263 seconds
[2023-04-10 11:47:33,375] {processor.py:163} INFO - Started process (PID=2572) to work on /home/airflow/.local/lib/python3.7/site-packages/airflow/example_dags/example_xcomargs.py
[2023-04-10 11:47:33,376] {processor.py:620} INFO - Processing file /home/airflow/.local/lib/python3.7/site-packages/airflow/example_dags/example_xcomargs.py for tasks to queue
[2023-04-10 11:47:33,377] {logging_mixin.py:109} INFO - [2023-04-10 11:47:33,377] {dagbag.py:500} INFO - Filling up the DagBag from /home/airflow/.local/lib/python3.7/site-packages/airflow/example_dags/example_xcomargs.py
[2023-04-10 11:47:33,403] {processor.py:632} INFO - DAG(s) dict_keys(['example_xcom_args', 'example_xcom_args_with_operators']) retrieved from /home/airflow/.local/lib/python3.7/site-packages/airflow/example_dags/example_xcomargs.py
[2023-04-10 11:47:33,608] {logging_mixin.py:109} INFO - [2023-04-10 11:47:33,608] {dag.py:2389} INFO - Sync 2 DAGs
[2023-04-10 11:47:33,618] {logging_mixin.py:109} INFO - [2023-04-10 11:47:33,618] {dag.py:2921} INFO - Setting next_dagrun for example_xcom_args to None
[2023-04-10 11:47:33,619] {logging_mixin.py:109} INFO - [2023-04-10 11:47:33,619] {dag.py:2921} INFO - Setting next_dagrun for example_xcom_args_with_operators to None
[2023-04-10 11:47:33,627] {processor.py:171} INFO - Processing /home/airflow/.local/lib/python3.7/site-packages/airflow/example_dags/example_xcomargs.py took 0.254 seconds
[2023-04-10 11:48:04,133] {processor.py:163} INFO - Started process (PID=2632) to work on /home/airflow/.local/lib/python3.7/site-packages/airflow/example_dags/example_xcomargs.py
[2023-04-10 11:48:04,134] {processor.py:620} INFO - Processing file /home/airflow/.local/lib/python3.7/site-packages/airflow/example_dags/example_xcomargs.py for tasks to queue
[2023-04-10 11:48:04,135] {logging_mixin.py:109} INFO - [2023-04-10 11:48:04,135] {dagbag.py:500} INFO - Filling up the DagBag from /home/airflow/.local/lib/python3.7/site-packages/airflow/example_dags/example_xcomargs.py
[2023-04-10 11:48:04,164] {processor.py:632} INFO - DAG(s) dict_keys(['example_xcom_args', 'example_xcom_args_with_operators']) retrieved from /home/airflow/.local/lib/python3.7/site-packages/airflow/example_dags/example_xcomargs.py
[2023-04-10 11:48:04,390] {logging_mixin.py:109} INFO - [2023-04-10 11:48:04,390] {dag.py:2389} INFO - Sync 2 DAGs
[2023-04-10 11:48:04,402] {logging_mixin.py:109} INFO - [2023-04-10 11:48:04,402] {dag.py:2921} INFO - Setting next_dagrun for example_xcom_args to None
[2023-04-10 11:48:04,402] {logging_mixin.py:109} INFO - [2023-04-10 11:48:04,402] {dag.py:2921} INFO - Setting next_dagrun for example_xcom_args_with_operators to None
[2023-04-10 11:48:04,412] {processor.py:171} INFO - Processing /home/airflow/.local/lib/python3.7/site-packages/airflow/example_dags/example_xcomargs.py took 0.281 seconds
[2023-04-10 11:48:04,533] {processor.py:163} INFO - Started process (PID=3142) to work on /home/airflow/.local/lib/python3.7/site-packages/airflow/example_dags/example_xcomargs.py
[2023-04-10 11:48:04,534] {processor.py:620} INFO - Processing file /home/airflow/.local/lib/python3.7/site-packages/airflow/example_dags/example_xcomargs.py for tasks to queue
[2023-04-10 11:48:04,535] {logging_mixin.py:109} INFO - [2023-04-10 11:48:04,534] {dagbag.py:500} INFO - Filling up the DagBag from /home/airflow/.local/lib/python3.7/site-packages/airflow/example_dags/example_xcomargs.py
[2023-04-10 11:48:04,562] {processor.py:632} INFO - DAG(s) dict_keys(['example_xcom_args', 'example_xcom_args_with_operators']) retrieved from /home/airflow/.local/lib/python3.7/site-packages/airflow/example_dags/example_xcomargs.py
[2023-04-10 11:48:04,572] {logging_mixin.py:109} INFO - [2023-04-10 11:48:04,572] {dag.py:2389} INFO - Sync 2 DAGs
[2023-04-10 11:48:04,585] {logging_mixin.py:109} INFO - [2023-04-10 11:48:04,585] {dag.py:2921} INFO - Setting next_dagrun for example_xcom_args to None
[2023-04-10 11:48:04,585] {logging_mixin.py:109} INFO - [2023-04-10 11:48:04,585] {dag.py:2921} INFO - Setting next_dagrun for example_xcom_args_with_operators to None
[2023-04-10 11:48:04,593] {processor.py:171} INFO - Processing /home/airflow/.local/lib/python3.7/site-packages/airflow/example_dags/example_xcomargs.py took 0.062 seconds
[2023-04-10 11:48:35,091] {processor.py:163} INFO - Started process (PID=2683) to work on /home/airflow/.local/lib/python3.7/site-packages/airflow/example_dags/example_xcomargs.py
[2023-04-10 11:48:35,093] {processor.py:620} INFO - Processing file /home/airflow/.local/lib/python3.7/site-packages/airflow/example_dags/example_xcomargs.py for tasks to queue
[2023-04-10 11:48:35,094] {logging_mixin.py:109} INFO - [2023-04-10 11:48:35,093] {dagbag.py:500} INFO - Filling up the DagBag from /home/airflow/.local/lib/python3.7/site-packages/airflow/example_dags/example_xcomargs.py
[2023-04-10 11:48:35,136] {processor.py:632} INFO - DAG(s) dict_keys(['example_xcom_args', 'example_xcom_args_with_operators']) retrieved from /home/airflow/.local/lib/python3.7/site-packages/airflow/example_dags/example_xcomargs.py
[2023-04-10 11:48:35,394] {logging_mixin.py:109} INFO - [2023-04-10 11:48:35,394] {dag.py:2389} INFO - Sync 2 DAGs
[2023-04-10 11:48:35,407] {logging_mixin.py:109} INFO - [2023-04-10 11:48:35,407] {dag.py:2921} INFO - Setting next_dagrun for example_xcom_args to None
[2023-04-10 11:48:35,407] {logging_mixin.py:109} INFO - [2023-04-10 11:48:35,407] {dag.py:2921} INFO - Setting next_dagrun for example_xcom_args_with_operators to None
[2023-04-10 11:48:35,417] {processor.py:171} INFO - Processing /home/airflow/.local/lib/python3.7/site-packages/airflow/example_dags/example_xcomargs.py took 0.329 seconds
