[2023-04-10 11:26:49,986] {processor.py:163} INFO - Started process (PID=183) to work on /home/airflow/.local/lib/python3.7/site-packages/airflow/example_dags/example_branch_day_of_week_operator.py
[2023-04-10 11:26:49,987] {processor.py:620} INFO - Processing file /home/airflow/.local/lib/python3.7/site-packages/airflow/example_dags/example_branch_day_of_week_operator.py for tasks to queue
[2023-04-10 11:26:49,988] {logging_mixin.py:109} INFO - [2023-04-10 11:26:49,987] {dagbag.py:500} INFO - Filling up the DagBag from /home/airflow/.local/lib/python3.7/site-packages/airflow/example_dags/example_branch_day_of_week_operator.py
[2023-04-10 11:26:50,022] {processor.py:632} INFO - DAG(s) dict_keys(['example_weekday_branch_operator']) retrieved from /home/airflow/.local/lib/python3.7/site-packages/airflow/example_dags/example_branch_day_of_week_operator.py
[2023-04-10 11:26:51,399] {logging_mixin.py:109} INFO - [2023-04-10 11:26:51,399] {providers_manager.py:156} WARNING - Exception when importing 'airflow.providers.google.leveldb.hooks.leveldb.LevelDBHook' from 'apache-airflow-providers-google' package: No module named 'plyvel'
[2023-04-10 11:26:51,799] {logging_mixin.py:109} INFO - [2023-04-10 11:26:51,799] {providers_manager.py:156} WARNING - Exception when importing 'airflow.providers.google.leveldb.hooks.leveldb.LevelDBHook' from 'apache-airflow-providers-google' package: No module named 'plyvel'
[2023-04-10 11:26:51,830] {logging_mixin.py:109} INFO - [2023-04-10 11:26:51,829] {manager.py:496} INFO - Created Permission View: can read on DAG:example_weekday_branch_operator
[2023-04-10 11:26:51,838] {logging_mixin.py:109} INFO - [2023-04-10 11:26:51,838] {manager.py:496} INFO - Created Permission View: can edit on DAG:example_weekday_branch_operator
[2023-04-10 11:26:51,838] {logging_mixin.py:109} INFO - [2023-04-10 11:26:51,838] {dag.py:2389} INFO - Sync 1 DAGs
[2023-04-10 11:26:51,844] {logging_mixin.py:109} INFO - [2023-04-10 11:26:51,844] {dag.py:2408} INFO - Creating ORM DAG for example_weekday_branch_operator
[2023-04-10 11:26:51,852] {logging_mixin.py:109} INFO - [2023-04-10 11:26:51,852] {dag.py:2921} INFO - Setting next_dagrun for example_weekday_branch_operator to 2023-04-09 00:00:00+00:00
[2023-04-10 11:26:51,862] {processor.py:171} INFO - Processing /home/airflow/.local/lib/python3.7/site-packages/airflow/example_dags/example_branch_day_of_week_operator.py took 1.879 seconds
[2023-04-10 11:27:22,630] {processor.py:163} INFO - Started process (PID=370) to work on /home/airflow/.local/lib/python3.7/site-packages/airflow/example_dags/example_branch_day_of_week_operator.py
[2023-04-10 11:27:22,637] {processor.py:620} INFO - Processing file /home/airflow/.local/lib/python3.7/site-packages/airflow/example_dags/example_branch_day_of_week_operator.py for tasks to queue
[2023-04-10 11:27:22,638] {logging_mixin.py:109} INFO - [2023-04-10 11:27:22,638] {dagbag.py:500} INFO - Filling up the DagBag from /home/airflow/.local/lib/python3.7/site-packages/airflow/example_dags/example_branch_day_of_week_operator.py
[2023-04-10 11:27:22,660] {processor.py:632} INFO - DAG(s) dict_keys(['example_weekday_branch_operator']) retrieved from /home/airflow/.local/lib/python3.7/site-packages/airflow/example_dags/example_branch_day_of_week_operator.py
[2023-04-10 11:27:22,667] {logging_mixin.py:109} INFO - [2023-04-10 11:27:22,667] {dag.py:2389} INFO - Sync 1 DAGs
[2023-04-10 11:27:22,683] {logging_mixin.py:109} INFO - [2023-04-10 11:27:22,683] {dag.py:2921} INFO - Setting next_dagrun for example_weekday_branch_operator to 2023-04-09 00:00:00+00:00
[2023-04-10 11:27:22,692] {processor.py:171} INFO - Processing /home/airflow/.local/lib/python3.7/site-packages/airflow/example_dags/example_branch_day_of_week_operator.py took 0.065 seconds
[2023-04-10 11:27:52,898] {processor.py:163} INFO - Started process (PID=430) to work on /home/airflow/.local/lib/python3.7/site-packages/airflow/example_dags/example_branch_day_of_week_operator.py
[2023-04-10 11:27:52,900] {processor.py:620} INFO - Processing file /home/airflow/.local/lib/python3.7/site-packages/airflow/example_dags/example_branch_day_of_week_operator.py for tasks to queue
[2023-04-10 11:27:52,901] {logging_mixin.py:109} INFO - [2023-04-10 11:27:52,901] {dagbag.py:500} INFO - Filling up the DagBag from /home/airflow/.local/lib/python3.7/site-packages/airflow/example_dags/example_branch_day_of_week_operator.py
[2023-04-10 11:27:52,937] {processor.py:632} INFO - DAG(s) dict_keys(['example_weekday_branch_operator']) retrieved from /home/airflow/.local/lib/python3.7/site-packages/airflow/example_dags/example_branch_day_of_week_operator.py
[2023-04-10 11:27:52,948] {logging_mixin.py:109} INFO - [2023-04-10 11:27:52,948] {dag.py:2389} INFO - Sync 1 DAGs
[2023-04-10 11:27:52,968] {logging_mixin.py:109} INFO - [2023-04-10 11:27:52,968] {dag.py:2921} INFO - Setting next_dagrun for example_weekday_branch_operator to 2023-04-09 00:00:00+00:00
[2023-04-10 11:27:52,978] {processor.py:171} INFO - Processing /home/airflow/.local/lib/python3.7/site-packages/airflow/example_dags/example_branch_day_of_week_operator.py took 0.087 seconds
[2023-04-10 11:28:23,005] {processor.py:163} INFO - Started process (PID=481) to work on /home/airflow/.local/lib/python3.7/site-packages/airflow/example_dags/example_branch_day_of_week_operator.py
[2023-04-10 11:28:23,013] {processor.py:620} INFO - Processing file /home/airflow/.local/lib/python3.7/site-packages/airflow/example_dags/example_branch_day_of_week_operator.py for tasks to queue
[2023-04-10 11:28:23,013] {logging_mixin.py:109} INFO - [2023-04-10 11:28:23,013] {dagbag.py:500} INFO - Filling up the DagBag from /home/airflow/.local/lib/python3.7/site-packages/airflow/example_dags/example_branch_day_of_week_operator.py
[2023-04-10 11:28:23,035] {processor.py:632} INFO - DAG(s) dict_keys(['example_weekday_branch_operator']) retrieved from /home/airflow/.local/lib/python3.7/site-packages/airflow/example_dags/example_branch_day_of_week_operator.py
[2023-04-10 11:28:23,041] {logging_mixin.py:109} INFO - [2023-04-10 11:28:23,041] {dag.py:2389} INFO - Sync 1 DAGs
[2023-04-10 11:28:23,052] {logging_mixin.py:109} INFO - [2023-04-10 11:28:23,051] {dag.py:2921} INFO - Setting next_dagrun for example_weekday_branch_operator to 2023-04-09 00:00:00+00:00
[2023-04-10 11:28:23,059] {processor.py:171} INFO - Processing /home/airflow/.local/lib/python3.7/site-packages/airflow/example_dags/example_branch_day_of_week_operator.py took 0.056 seconds
[2023-04-10 11:28:53,284] {processor.py:163} INFO - Started process (PID=532) to work on /home/airflow/.local/lib/python3.7/site-packages/airflow/example_dags/example_branch_day_of_week_operator.py
[2023-04-10 11:28:53,285] {processor.py:620} INFO - Processing file /home/airflow/.local/lib/python3.7/site-packages/airflow/example_dags/example_branch_day_of_week_operator.py for tasks to queue
[2023-04-10 11:28:53,285] {logging_mixin.py:109} INFO - [2023-04-10 11:28:53,285] {dagbag.py:500} INFO - Filling up the DagBag from /home/airflow/.local/lib/python3.7/site-packages/airflow/example_dags/example_branch_day_of_week_operator.py
[2023-04-10 11:28:53,306] {processor.py:632} INFO - DAG(s) dict_keys(['example_weekday_branch_operator']) retrieved from /home/airflow/.local/lib/python3.7/site-packages/airflow/example_dags/example_branch_day_of_week_operator.py
[2023-04-10 11:28:53,313] {logging_mixin.py:109} INFO - [2023-04-10 11:28:53,313] {dag.py:2389} INFO - Sync 1 DAGs
[2023-04-10 11:28:53,327] {logging_mixin.py:109} INFO - [2023-04-10 11:28:53,327] {dag.py:2921} INFO - Setting next_dagrun for example_weekday_branch_operator to 2023-04-09 00:00:00+00:00
[2023-04-10 11:28:53,336] {processor.py:171} INFO - Processing /home/airflow/.local/lib/python3.7/site-packages/airflow/example_dags/example_branch_day_of_week_operator.py took 0.055 seconds
[2023-04-10 11:29:23,400] {processor.py:163} INFO - Started process (PID=594) to work on /home/airflow/.local/lib/python3.7/site-packages/airflow/example_dags/example_branch_day_of_week_operator.py
[2023-04-10 11:29:23,406] {processor.py:620} INFO - Processing file /home/airflow/.local/lib/python3.7/site-packages/airflow/example_dags/example_branch_day_of_week_operator.py for tasks to queue
[2023-04-10 11:29:23,406] {logging_mixin.py:109} INFO - [2023-04-10 11:29:23,406] {dagbag.py:500} INFO - Filling up the DagBag from /home/airflow/.local/lib/python3.7/site-packages/airflow/example_dags/example_branch_day_of_week_operator.py
[2023-04-10 11:29:23,427] {processor.py:632} INFO - DAG(s) dict_keys(['example_weekday_branch_operator']) retrieved from /home/airflow/.local/lib/python3.7/site-packages/airflow/example_dags/example_branch_day_of_week_operator.py
[2023-04-10 11:29:23,433] {logging_mixin.py:109} INFO - [2023-04-10 11:29:23,433] {dag.py:2389} INFO - Sync 1 DAGs
[2023-04-10 11:29:23,445] {logging_mixin.py:109} INFO - [2023-04-10 11:29:23,445] {dag.py:2921} INFO - Setting next_dagrun for example_weekday_branch_operator to 2023-04-09 00:00:00+00:00
[2023-04-10 11:29:23,453] {processor.py:171} INFO - Processing /home/airflow/.local/lib/python3.7/site-packages/airflow/example_dags/example_branch_day_of_week_operator.py took 0.056 seconds
[2023-04-10 11:29:53,713] {processor.py:163} INFO - Started process (PID=645) to work on /home/airflow/.local/lib/python3.7/site-packages/airflow/example_dags/example_branch_day_of_week_operator.py
[2023-04-10 11:29:53,714] {processor.py:620} INFO - Processing file /home/airflow/.local/lib/python3.7/site-packages/airflow/example_dags/example_branch_day_of_week_operator.py for tasks to queue
[2023-04-10 11:29:53,714] {logging_mixin.py:109} INFO - [2023-04-10 11:29:53,714] {dagbag.py:500} INFO - Filling up the DagBag from /home/airflow/.local/lib/python3.7/site-packages/airflow/example_dags/example_branch_day_of_week_operator.py
[2023-04-10 11:29:53,734] {processor.py:632} INFO - DAG(s) dict_keys(['example_weekday_branch_operator']) retrieved from /home/airflow/.local/lib/python3.7/site-packages/airflow/example_dags/example_branch_day_of_week_operator.py
[2023-04-10 11:29:53,741] {logging_mixin.py:109} INFO - [2023-04-10 11:29:53,741] {dag.py:2389} INFO - Sync 1 DAGs
[2023-04-10 11:29:53,754] {logging_mixin.py:109} INFO - [2023-04-10 11:29:53,754] {dag.py:2921} INFO - Setting next_dagrun for example_weekday_branch_operator to 2023-04-09 00:00:00+00:00
[2023-04-10 11:29:53,761] {processor.py:171} INFO - Processing /home/airflow/.local/lib/python3.7/site-packages/airflow/example_dags/example_branch_day_of_week_operator.py took 0.051 seconds
[2023-04-10 11:30:24,118] {processor.py:163} INFO - Started process (PID=705) to work on /home/airflow/.local/lib/python3.7/site-packages/airflow/example_dags/example_branch_day_of_week_operator.py
[2023-04-10 11:30:24,119] {processor.py:620} INFO - Processing file /home/airflow/.local/lib/python3.7/site-packages/airflow/example_dags/example_branch_day_of_week_operator.py for tasks to queue
[2023-04-10 11:30:24,120] {logging_mixin.py:109} INFO - [2023-04-10 11:30:24,119] {dagbag.py:500} INFO - Filling up the DagBag from /home/airflow/.local/lib/python3.7/site-packages/airflow/example_dags/example_branch_day_of_week_operator.py
[2023-04-10 11:30:24,141] {processor.py:632} INFO - DAG(s) dict_keys(['example_weekday_branch_operator']) retrieved from /home/airflow/.local/lib/python3.7/site-packages/airflow/example_dags/example_branch_day_of_week_operator.py
[2023-04-10 11:30:24,148] {logging_mixin.py:109} INFO - [2023-04-10 11:30:24,148] {dag.py:2389} INFO - Sync 1 DAGs
[2023-04-10 11:30:24,162] {logging_mixin.py:109} INFO - [2023-04-10 11:30:24,162] {dag.py:2921} INFO - Setting next_dagrun for example_weekday_branch_operator to 2023-04-09 00:00:00+00:00
[2023-04-10 11:30:24,169] {processor.py:171} INFO - Processing /home/airflow/.local/lib/python3.7/site-packages/airflow/example_dags/example_branch_day_of_week_operator.py took 0.053 seconds
[2023-04-10 11:30:54,596] {processor.py:163} INFO - Started process (PID=756) to work on /home/airflow/.local/lib/python3.7/site-packages/airflow/example_dags/example_branch_day_of_week_operator.py
[2023-04-10 11:30:54,596] {processor.py:620} INFO - Processing file /home/airflow/.local/lib/python3.7/site-packages/airflow/example_dags/example_branch_day_of_week_operator.py for tasks to queue
[2023-04-10 11:30:54,597] {logging_mixin.py:109} INFO - [2023-04-10 11:30:54,597] {dagbag.py:500} INFO - Filling up the DagBag from /home/airflow/.local/lib/python3.7/site-packages/airflow/example_dags/example_branch_day_of_week_operator.py
[2023-04-10 11:30:54,617] {processor.py:632} INFO - DAG(s) dict_keys(['example_weekday_branch_operator']) retrieved from /home/airflow/.local/lib/python3.7/site-packages/airflow/example_dags/example_branch_day_of_week_operator.py
[2023-04-10 11:30:54,624] {logging_mixin.py:109} INFO - [2023-04-10 11:30:54,624] {dag.py:2389} INFO - Sync 1 DAGs
[2023-04-10 11:30:54,636] {logging_mixin.py:109} INFO - [2023-04-10 11:30:54,636] {dag.py:2921} INFO - Setting next_dagrun for example_weekday_branch_operator to 2023-04-09 00:00:00+00:00
[2023-04-10 11:30:54,644] {processor.py:171} INFO - Processing /home/airflow/.local/lib/python3.7/site-packages/airflow/example_dags/example_branch_day_of_week_operator.py took 0.050 seconds
[2023-04-10 11:31:24,895] {processor.py:163} INFO - Started process (PID=816) to work on /home/airflow/.local/lib/python3.7/site-packages/airflow/example_dags/example_branch_day_of_week_operator.py
[2023-04-10 11:31:24,896] {processor.py:620} INFO - Processing file /home/airflow/.local/lib/python3.7/site-packages/airflow/example_dags/example_branch_day_of_week_operator.py for tasks to queue
[2023-04-10 11:31:24,896] {logging_mixin.py:109} INFO - [2023-04-10 11:31:24,896] {dagbag.py:500} INFO - Filling up the DagBag from /home/airflow/.local/lib/python3.7/site-packages/airflow/example_dags/example_branch_day_of_week_operator.py
[2023-04-10 11:31:24,918] {processor.py:632} INFO - DAG(s) dict_keys(['example_weekday_branch_operator']) retrieved from /home/airflow/.local/lib/python3.7/site-packages/airflow/example_dags/example_branch_day_of_week_operator.py
[2023-04-10 11:31:24,926] {logging_mixin.py:109} INFO - [2023-04-10 11:31:24,926] {dag.py:2389} INFO - Sync 1 DAGs
[2023-04-10 11:31:24,939] {logging_mixin.py:109} INFO - [2023-04-10 11:31:24,939] {dag.py:2921} INFO - Setting next_dagrun for example_weekday_branch_operator to 2023-04-09 00:00:00+00:00
[2023-04-10 11:31:24,949] {processor.py:171} INFO - Processing /home/airflow/.local/lib/python3.7/site-packages/airflow/example_dags/example_branch_day_of_week_operator.py took 0.056 seconds
[2023-04-10 11:31:55,257] {processor.py:163} INFO - Started process (PID=867) to work on /home/airflow/.local/lib/python3.7/site-packages/airflow/example_dags/example_branch_day_of_week_operator.py
[2023-04-10 11:31:55,265] {processor.py:620} INFO - Processing file /home/airflow/.local/lib/python3.7/site-packages/airflow/example_dags/example_branch_day_of_week_operator.py for tasks to queue
[2023-04-10 11:31:55,265] {logging_mixin.py:109} INFO - [2023-04-10 11:31:55,265] {dagbag.py:500} INFO - Filling up the DagBag from /home/airflow/.local/lib/python3.7/site-packages/airflow/example_dags/example_branch_day_of_week_operator.py
[2023-04-10 11:31:55,283] {processor.py:632} INFO - DAG(s) dict_keys(['example_weekday_branch_operator']) retrieved from /home/airflow/.local/lib/python3.7/site-packages/airflow/example_dags/example_branch_day_of_week_operator.py
[2023-04-10 11:31:55,289] {logging_mixin.py:109} INFO - [2023-04-10 11:31:55,289] {dag.py:2389} INFO - Sync 1 DAGs
[2023-04-10 11:31:55,301] {logging_mixin.py:109} INFO - [2023-04-10 11:31:55,301] {dag.py:2921} INFO - Setting next_dagrun for example_weekday_branch_operator to 2023-04-09 00:00:00+00:00
[2023-04-10 11:31:55,311] {processor.py:171} INFO - Processing /home/airflow/.local/lib/python3.7/site-packages/airflow/example_dags/example_branch_day_of_week_operator.py took 0.056 seconds
[2023-04-10 11:32:25,457] {processor.py:163} INFO - Started process (PID=919) to work on /home/airflow/.local/lib/python3.7/site-packages/airflow/example_dags/example_branch_day_of_week_operator.py
[2023-04-10 11:32:25,458] {processor.py:620} INFO - Processing file /home/airflow/.local/lib/python3.7/site-packages/airflow/example_dags/example_branch_day_of_week_operator.py for tasks to queue
[2023-04-10 11:32:25,459] {logging_mixin.py:109} INFO - [2023-04-10 11:32:25,458] {dagbag.py:500} INFO - Filling up the DagBag from /home/airflow/.local/lib/python3.7/site-packages/airflow/example_dags/example_branch_day_of_week_operator.py
[2023-04-10 11:32:25,479] {processor.py:632} INFO - DAG(s) dict_keys(['example_weekday_branch_operator']) retrieved from /home/airflow/.local/lib/python3.7/site-packages/airflow/example_dags/example_branch_day_of_week_operator.py
[2023-04-10 11:32:25,487] {logging_mixin.py:109} INFO - [2023-04-10 11:32:25,487] {dag.py:2389} INFO - Sync 1 DAGs
[2023-04-10 11:32:25,501] {logging_mixin.py:109} INFO - [2023-04-10 11:32:25,501] {dag.py:2921} INFO - Setting next_dagrun for example_weekday_branch_operator to 2023-04-09 00:00:00+00:00
[2023-04-10 11:32:25,510] {processor.py:171} INFO - Processing /home/airflow/.local/lib/python3.7/site-packages/airflow/example_dags/example_branch_day_of_week_operator.py took 0.055 seconds
[2023-04-10 11:32:55,868] {processor.py:163} INFO - Started process (PID=979) to work on /home/airflow/.local/lib/python3.7/site-packages/airflow/example_dags/example_branch_day_of_week_operator.py
[2023-04-10 11:32:55,870] {processor.py:620} INFO - Processing file /home/airflow/.local/lib/python3.7/site-packages/airflow/example_dags/example_branch_day_of_week_operator.py for tasks to queue
[2023-04-10 11:32:55,870] {logging_mixin.py:109} INFO - [2023-04-10 11:32:55,870] {dagbag.py:500} INFO - Filling up the DagBag from /home/airflow/.local/lib/python3.7/site-packages/airflow/example_dags/example_branch_day_of_week_operator.py
[2023-04-10 11:32:55,903] {processor.py:632} INFO - DAG(s) dict_keys(['example_weekday_branch_operator']) retrieved from /home/airflow/.local/lib/python3.7/site-packages/airflow/example_dags/example_branch_day_of_week_operator.py
[2023-04-10 11:32:55,912] {logging_mixin.py:109} INFO - [2023-04-10 11:32:55,912] {dag.py:2389} INFO - Sync 1 DAGs
[2023-04-10 11:32:55,942] {logging_mixin.py:109} INFO - [2023-04-10 11:32:55,942] {dag.py:2921} INFO - Setting next_dagrun for example_weekday_branch_operator to 2023-04-09 00:00:00+00:00
[2023-04-10 11:32:55,953] {processor.py:171} INFO - Processing /home/airflow/.local/lib/python3.7/site-packages/airflow/example_dags/example_branch_day_of_week_operator.py took 0.088 seconds
[2023-04-10 11:33:26,149] {processor.py:163} INFO - Started process (PID=1031) to work on /home/airflow/.local/lib/python3.7/site-packages/airflow/example_dags/example_branch_day_of_week_operator.py
[2023-04-10 11:33:26,150] {processor.py:620} INFO - Processing file /home/airflow/.local/lib/python3.7/site-packages/airflow/example_dags/example_branch_day_of_week_operator.py for tasks to queue
[2023-04-10 11:33:26,150] {logging_mixin.py:109} INFO - [2023-04-10 11:33:26,150] {dagbag.py:500} INFO - Filling up the DagBag from /home/airflow/.local/lib/python3.7/site-packages/airflow/example_dags/example_branch_day_of_week_operator.py
[2023-04-10 11:33:26,170] {processor.py:632} INFO - DAG(s) dict_keys(['example_weekday_branch_operator']) retrieved from /home/airflow/.local/lib/python3.7/site-packages/airflow/example_dags/example_branch_day_of_week_operator.py
[2023-04-10 11:33:26,178] {logging_mixin.py:109} INFO - [2023-04-10 11:33:26,178] {dag.py:2389} INFO - Sync 1 DAGs
[2023-04-10 11:33:26,191] {logging_mixin.py:109} INFO - [2023-04-10 11:33:26,191] {dag.py:2921} INFO - Setting next_dagrun for example_weekday_branch_operator to 2023-04-09 00:00:00+00:00
[2023-04-10 11:33:26,199] {processor.py:171} INFO - Processing /home/airflow/.local/lib/python3.7/site-packages/airflow/example_dags/example_branch_day_of_week_operator.py took 0.052 seconds
[2023-04-10 11:33:56,737] {processor.py:163} INFO - Started process (PID=1091) to work on /home/airflow/.local/lib/python3.7/site-packages/airflow/example_dags/example_branch_day_of_week_operator.py
[2023-04-10 11:33:56,738] {processor.py:620} INFO - Processing file /home/airflow/.local/lib/python3.7/site-packages/airflow/example_dags/example_branch_day_of_week_operator.py for tasks to queue
[2023-04-10 11:33:56,738] {logging_mixin.py:109} INFO - [2023-04-10 11:33:56,738] {dagbag.py:500} INFO - Filling up the DagBag from /home/airflow/.local/lib/python3.7/site-packages/airflow/example_dags/example_branch_day_of_week_operator.py
[2023-04-10 11:33:56,760] {processor.py:632} INFO - DAG(s) dict_keys(['example_weekday_branch_operator']) retrieved from /home/airflow/.local/lib/python3.7/site-packages/airflow/example_dags/example_branch_day_of_week_operator.py
[2023-04-10 11:33:56,770] {logging_mixin.py:109} INFO - [2023-04-10 11:33:56,769] {dag.py:2389} INFO - Sync 1 DAGs
[2023-04-10 11:33:56,786] {logging_mixin.py:109} INFO - [2023-04-10 11:33:56,786] {dag.py:2921} INFO - Setting next_dagrun for example_weekday_branch_operator to 2023-04-09 00:00:00+00:00
[2023-04-10 11:33:56,795] {processor.py:171} INFO - Processing /home/airflow/.local/lib/python3.7/site-packages/airflow/example_dags/example_branch_day_of_week_operator.py took 0.061 seconds
[2023-04-10 11:34:27,187] {processor.py:163} INFO - Started process (PID=1142) to work on /home/airflow/.local/lib/python3.7/site-packages/airflow/example_dags/example_branch_day_of_week_operator.py
[2023-04-10 11:34:27,188] {processor.py:620} INFO - Processing file /home/airflow/.local/lib/python3.7/site-packages/airflow/example_dags/example_branch_day_of_week_operator.py for tasks to queue
[2023-04-10 11:34:27,189] {logging_mixin.py:109} INFO - [2023-04-10 11:34:27,188] {dagbag.py:500} INFO - Filling up the DagBag from /home/airflow/.local/lib/python3.7/site-packages/airflow/example_dags/example_branch_day_of_week_operator.py
[2023-04-10 11:34:27,213] {processor.py:632} INFO - DAG(s) dict_keys(['example_weekday_branch_operator']) retrieved from /home/airflow/.local/lib/python3.7/site-packages/airflow/example_dags/example_branch_day_of_week_operator.py
[2023-04-10 11:34:27,222] {logging_mixin.py:109} INFO - [2023-04-10 11:34:27,222] {dag.py:2389} INFO - Sync 1 DAGs
[2023-04-10 11:34:27,236] {logging_mixin.py:109} INFO - [2023-04-10 11:34:27,236] {dag.py:2921} INFO - Setting next_dagrun for example_weekday_branch_operator to 2023-04-09 00:00:00+00:00
[2023-04-10 11:34:27,244] {processor.py:171} INFO - Processing /home/airflow/.local/lib/python3.7/site-packages/airflow/example_dags/example_branch_day_of_week_operator.py took 0.059 seconds
[2023-04-10 11:34:57,458] {processor.py:163} INFO - Started process (PID=1202) to work on /home/airflow/.local/lib/python3.7/site-packages/airflow/example_dags/example_branch_day_of_week_operator.py
[2023-04-10 11:34:57,460] {processor.py:620} INFO - Processing file /home/airflow/.local/lib/python3.7/site-packages/airflow/example_dags/example_branch_day_of_week_operator.py for tasks to queue
[2023-04-10 11:34:57,460] {logging_mixin.py:109} INFO - [2023-04-10 11:34:57,460] {dagbag.py:500} INFO - Filling up the DagBag from /home/airflow/.local/lib/python3.7/site-packages/airflow/example_dags/example_branch_day_of_week_operator.py
[2023-04-10 11:34:57,490] {processor.py:632} INFO - DAG(s) dict_keys(['example_weekday_branch_operator']) retrieved from /home/airflow/.local/lib/python3.7/site-packages/airflow/example_dags/example_branch_day_of_week_operator.py
[2023-04-10 11:34:57,504] {logging_mixin.py:109} INFO - [2023-04-10 11:34:57,504] {dag.py:2389} INFO - Sync 1 DAGs
[2023-04-10 11:34:57,521] {logging_mixin.py:109} INFO - [2023-04-10 11:34:57,521] {dag.py:2921} INFO - Setting next_dagrun for example_weekday_branch_operator to 2023-04-09 00:00:00+00:00
[2023-04-10 11:34:57,531] {processor.py:171} INFO - Processing /home/airflow/.local/lib/python3.7/site-packages/airflow/example_dags/example_branch_day_of_week_operator.py took 0.076 seconds
[2023-04-10 11:35:27,807] {processor.py:163} INFO - Started process (PID=1253) to work on /home/airflow/.local/lib/python3.7/site-packages/airflow/example_dags/example_branch_day_of_week_operator.py
[2023-04-10 11:35:27,808] {processor.py:620} INFO - Processing file /home/airflow/.local/lib/python3.7/site-packages/airflow/example_dags/example_branch_day_of_week_operator.py for tasks to queue
[2023-04-10 11:35:27,808] {logging_mixin.py:109} INFO - [2023-04-10 11:35:27,808] {dagbag.py:500} INFO - Filling up the DagBag from /home/airflow/.local/lib/python3.7/site-packages/airflow/example_dags/example_branch_day_of_week_operator.py
[2023-04-10 11:35:27,831] {processor.py:632} INFO - DAG(s) dict_keys(['example_weekday_branch_operator']) retrieved from /home/airflow/.local/lib/python3.7/site-packages/airflow/example_dags/example_branch_day_of_week_operator.py
[2023-04-10 11:35:27,838] {logging_mixin.py:109} INFO - [2023-04-10 11:35:27,838] {dag.py:2389} INFO - Sync 1 DAGs
[2023-04-10 11:35:27,850] {logging_mixin.py:109} INFO - [2023-04-10 11:35:27,849] {dag.py:2921} INFO - Setting next_dagrun for example_weekday_branch_operator to 2023-04-09 00:00:00+00:00
[2023-04-10 11:35:27,858] {processor.py:171} INFO - Processing /home/airflow/.local/lib/python3.7/site-packages/airflow/example_dags/example_branch_day_of_week_operator.py took 0.053 seconds
[2023-04-10 11:35:58,065] {processor.py:163} INFO - Started process (PID=1304) to work on /home/airflow/.local/lib/python3.7/site-packages/airflow/example_dags/example_branch_day_of_week_operator.py
[2023-04-10 11:35:58,067] {processor.py:620} INFO - Processing file /home/airflow/.local/lib/python3.7/site-packages/airflow/example_dags/example_branch_day_of_week_operator.py for tasks to queue
[2023-04-10 11:35:58,067] {logging_mixin.py:109} INFO - [2023-04-10 11:35:58,067] {dagbag.py:500} INFO - Filling up the DagBag from /home/airflow/.local/lib/python3.7/site-packages/airflow/example_dags/example_branch_day_of_week_operator.py
[2023-04-10 11:35:58,093] {processor.py:632} INFO - DAG(s) dict_keys(['example_weekday_branch_operator']) retrieved from /home/airflow/.local/lib/python3.7/site-packages/airflow/example_dags/example_branch_day_of_week_operator.py
[2023-04-10 11:35:58,101] {logging_mixin.py:109} INFO - [2023-04-10 11:35:58,101] {dag.py:2389} INFO - Sync 1 DAGs
[2023-04-10 11:35:58,116] {logging_mixin.py:109} INFO - [2023-04-10 11:35:58,116] {dag.py:2921} INFO - Setting next_dagrun for example_weekday_branch_operator to 2023-04-09 00:00:00+00:00
[2023-04-10 11:35:58,124] {processor.py:171} INFO - Processing /home/airflow/.local/lib/python3.7/site-packages/airflow/example_dags/example_branch_day_of_week_operator.py took 0.061 seconds
[2023-04-10 11:36:28,628] {processor.py:163} INFO - Started process (PID=1365) to work on /home/airflow/.local/lib/python3.7/site-packages/airflow/example_dags/example_branch_day_of_week_operator.py
[2023-04-10 11:36:28,629] {processor.py:620} INFO - Processing file /home/airflow/.local/lib/python3.7/site-packages/airflow/example_dags/example_branch_day_of_week_operator.py for tasks to queue
[2023-04-10 11:36:28,629] {logging_mixin.py:109} INFO - [2023-04-10 11:36:28,629] {dagbag.py:500} INFO - Filling up the DagBag from /home/airflow/.local/lib/python3.7/site-packages/airflow/example_dags/example_branch_day_of_week_operator.py
[2023-04-10 11:36:28,650] {processor.py:632} INFO - DAG(s) dict_keys(['example_weekday_branch_operator']) retrieved from /home/airflow/.local/lib/python3.7/site-packages/airflow/example_dags/example_branch_day_of_week_operator.py
[2023-04-10 11:36:28,657] {logging_mixin.py:109} INFO - [2023-04-10 11:36:28,657] {dag.py:2389} INFO - Sync 1 DAGs
[2023-04-10 11:36:28,670] {logging_mixin.py:109} INFO - [2023-04-10 11:36:28,669] {dag.py:2921} INFO - Setting next_dagrun for example_weekday_branch_operator to 2023-04-09 00:00:00+00:00
[2023-04-10 11:36:28,678] {processor.py:171} INFO - Processing /home/airflow/.local/lib/python3.7/site-packages/airflow/example_dags/example_branch_day_of_week_operator.py took 0.052 seconds
[2023-04-10 11:36:58,947] {processor.py:163} INFO - Started process (PID=1417) to work on /home/airflow/.local/lib/python3.7/site-packages/airflow/example_dags/example_branch_day_of_week_operator.py
[2023-04-10 11:36:58,948] {processor.py:620} INFO - Processing file /home/airflow/.local/lib/python3.7/site-packages/airflow/example_dags/example_branch_day_of_week_operator.py for tasks to queue
[2023-04-10 11:36:58,948] {logging_mixin.py:109} INFO - [2023-04-10 11:36:58,948] {dagbag.py:500} INFO - Filling up the DagBag from /home/airflow/.local/lib/python3.7/site-packages/airflow/example_dags/example_branch_day_of_week_operator.py
[2023-04-10 11:36:58,971] {processor.py:632} INFO - DAG(s) dict_keys(['example_weekday_branch_operator']) retrieved from /home/airflow/.local/lib/python3.7/site-packages/airflow/example_dags/example_branch_day_of_week_operator.py
[2023-04-10 11:36:58,979] {logging_mixin.py:109} INFO - [2023-04-10 11:36:58,978] {dag.py:2389} INFO - Sync 1 DAGs
[2023-04-10 11:36:58,991] {logging_mixin.py:109} INFO - [2023-04-10 11:36:58,991] {dag.py:2921} INFO - Setting next_dagrun for example_weekday_branch_operator to 2023-04-09 00:00:00+00:00
[2023-04-10 11:36:59,000] {processor.py:171} INFO - Processing /home/airflow/.local/lib/python3.7/site-packages/airflow/example_dags/example_branch_day_of_week_operator.py took 0.056 seconds
[2023-04-10 11:37:29,195] {processor.py:163} INFO - Started process (PID=1477) to work on /home/airflow/.local/lib/python3.7/site-packages/airflow/example_dags/example_branch_day_of_week_operator.py
[2023-04-10 11:37:29,196] {processor.py:620} INFO - Processing file /home/airflow/.local/lib/python3.7/site-packages/airflow/example_dags/example_branch_day_of_week_operator.py for tasks to queue
[2023-04-10 11:37:29,197] {logging_mixin.py:109} INFO - [2023-04-10 11:37:29,197] {dagbag.py:500} INFO - Filling up the DagBag from /home/airflow/.local/lib/python3.7/site-packages/airflow/example_dags/example_branch_day_of_week_operator.py
[2023-04-10 11:37:29,218] {processor.py:632} INFO - DAG(s) dict_keys(['example_weekday_branch_operator']) retrieved from /home/airflow/.local/lib/python3.7/site-packages/airflow/example_dags/example_branch_day_of_week_operator.py
[2023-04-10 11:37:29,226] {logging_mixin.py:109} INFO - [2023-04-10 11:37:29,226] {dag.py:2389} INFO - Sync 1 DAGs
[2023-04-10 11:37:29,238] {logging_mixin.py:109} INFO - [2023-04-10 11:37:29,238] {dag.py:2921} INFO - Setting next_dagrun for example_weekday_branch_operator to 2023-04-09 00:00:00+00:00
[2023-04-10 11:37:29,247] {processor.py:171} INFO - Processing /home/airflow/.local/lib/python3.7/site-packages/airflow/example_dags/example_branch_day_of_week_operator.py took 0.054 seconds
[2023-04-10 11:37:59,549] {processor.py:163} INFO - Started process (PID=1529) to work on /home/airflow/.local/lib/python3.7/site-packages/airflow/example_dags/example_branch_day_of_week_operator.py
[2023-04-10 11:37:59,550] {processor.py:620} INFO - Processing file /home/airflow/.local/lib/python3.7/site-packages/airflow/example_dags/example_branch_day_of_week_operator.py for tasks to queue
[2023-04-10 11:37:59,551] {logging_mixin.py:109} INFO - [2023-04-10 11:37:59,551] {dagbag.py:500} INFO - Filling up the DagBag from /home/airflow/.local/lib/python3.7/site-packages/airflow/example_dags/example_branch_day_of_week_operator.py
[2023-04-10 11:37:59,571] {processor.py:632} INFO - DAG(s) dict_keys(['example_weekday_branch_operator']) retrieved from /home/airflow/.local/lib/python3.7/site-packages/airflow/example_dags/example_branch_day_of_week_operator.py
[2023-04-10 11:37:59,577] {logging_mixin.py:109} INFO - [2023-04-10 11:37:59,577] {dag.py:2389} INFO - Sync 1 DAGs
[2023-04-10 11:37:59,588] {logging_mixin.py:109} INFO - [2023-04-10 11:37:59,588] {dag.py:2921} INFO - Setting next_dagrun for example_weekday_branch_operator to 2023-04-09 00:00:00+00:00
[2023-04-10 11:37:59,596] {processor.py:171} INFO - Processing /home/airflow/.local/lib/python3.7/site-packages/airflow/example_dags/example_branch_day_of_week_operator.py took 0.049 seconds
[2023-04-10 11:38:29,776] {processor.py:163} INFO - Started process (PID=1589) to work on /home/airflow/.local/lib/python3.7/site-packages/airflow/example_dags/example_branch_day_of_week_operator.py
[2023-04-10 11:38:29,777] {processor.py:620} INFO - Processing file /home/airflow/.local/lib/python3.7/site-packages/airflow/example_dags/example_branch_day_of_week_operator.py for tasks to queue
[2023-04-10 11:38:29,777] {logging_mixin.py:109} INFO - [2023-04-10 11:38:29,777] {dagbag.py:500} INFO - Filling up the DagBag from /home/airflow/.local/lib/python3.7/site-packages/airflow/example_dags/example_branch_day_of_week_operator.py
[2023-04-10 11:38:29,803] {processor.py:632} INFO - DAG(s) dict_keys(['example_weekday_branch_operator']) retrieved from /home/airflow/.local/lib/python3.7/site-packages/airflow/example_dags/example_branch_day_of_week_operator.py
[2023-04-10 11:38:29,815] {logging_mixin.py:109} INFO - [2023-04-10 11:38:29,815] {dag.py:2389} INFO - Sync 1 DAGs
[2023-04-10 11:38:29,830] {logging_mixin.py:109} INFO - [2023-04-10 11:38:29,830] {dag.py:2921} INFO - Setting next_dagrun for example_weekday_branch_operator to 2023-04-09 00:00:00+00:00
[2023-04-10 11:38:29,839] {processor.py:171} INFO - Processing /home/airflow/.local/lib/python3.7/site-packages/airflow/example_dags/example_branch_day_of_week_operator.py took 0.066 seconds
[2023-04-10 11:39:00,091] {processor.py:163} INFO - Started process (PID=1640) to work on /home/airflow/.local/lib/python3.7/site-packages/airflow/example_dags/example_branch_day_of_week_operator.py
[2023-04-10 11:39:00,092] {processor.py:620} INFO - Processing file /home/airflow/.local/lib/python3.7/site-packages/airflow/example_dags/example_branch_day_of_week_operator.py for tasks to queue
[2023-04-10 11:39:00,092] {logging_mixin.py:109} INFO - [2023-04-10 11:39:00,092] {dagbag.py:500} INFO - Filling up the DagBag from /home/airflow/.local/lib/python3.7/site-packages/airflow/example_dags/example_branch_day_of_week_operator.py
[2023-04-10 11:39:00,114] {processor.py:632} INFO - DAG(s) dict_keys(['example_weekday_branch_operator']) retrieved from /home/airflow/.local/lib/python3.7/site-packages/airflow/example_dags/example_branch_day_of_week_operator.py
[2023-04-10 11:39:00,123] {logging_mixin.py:109} INFO - [2023-04-10 11:39:00,122] {dag.py:2389} INFO - Sync 1 DAGs
[2023-04-10 11:39:00,138] {logging_mixin.py:109} INFO - [2023-04-10 11:39:00,138] {dag.py:2921} INFO - Setting next_dagrun for example_weekday_branch_operator to 2023-04-09 00:00:00+00:00
[2023-04-10 11:39:00,147] {processor.py:171} INFO - Processing /home/airflow/.local/lib/python3.7/site-packages/airflow/example_dags/example_branch_day_of_week_operator.py took 0.059 seconds
[2023-04-10 11:39:30,270] {processor.py:163} INFO - Started process (PID=1691) to work on /home/airflow/.local/lib/python3.7/site-packages/airflow/example_dags/example_branch_day_of_week_operator.py
[2023-04-10 11:39:30,271] {processor.py:620} INFO - Processing file /home/airflow/.local/lib/python3.7/site-packages/airflow/example_dags/example_branch_day_of_week_operator.py for tasks to queue
[2023-04-10 11:39:30,271] {logging_mixin.py:109} INFO - [2023-04-10 11:39:30,271] {dagbag.py:500} INFO - Filling up the DagBag from /home/airflow/.local/lib/python3.7/site-packages/airflow/example_dags/example_branch_day_of_week_operator.py
[2023-04-10 11:39:30,291] {processor.py:632} INFO - DAG(s) dict_keys(['example_weekday_branch_operator']) retrieved from /home/airflow/.local/lib/python3.7/site-packages/airflow/example_dags/example_branch_day_of_week_operator.py
[2023-04-10 11:39:30,297] {logging_mixin.py:109} INFO - [2023-04-10 11:39:30,297] {dag.py:2389} INFO - Sync 1 DAGs
[2023-04-10 11:39:30,310] {logging_mixin.py:109} INFO - [2023-04-10 11:39:30,310] {dag.py:2921} INFO - Setting next_dagrun for example_weekday_branch_operator to 2023-04-09 00:00:00+00:00
[2023-04-10 11:39:30,319] {processor.py:171} INFO - Processing /home/airflow/.local/lib/python3.7/site-packages/airflow/example_dags/example_branch_day_of_week_operator.py took 0.052 seconds
[2023-04-10 11:40:00,590] {processor.py:163} INFO - Started process (PID=1751) to work on /home/airflow/.local/lib/python3.7/site-packages/airflow/example_dags/example_branch_day_of_week_operator.py
[2023-04-10 11:40:00,591] {processor.py:620} INFO - Processing file /home/airflow/.local/lib/python3.7/site-packages/airflow/example_dags/example_branch_day_of_week_operator.py for tasks to queue
[2023-04-10 11:40:00,592] {logging_mixin.py:109} INFO - [2023-04-10 11:40:00,592] {dagbag.py:500} INFO - Filling up the DagBag from /home/airflow/.local/lib/python3.7/site-packages/airflow/example_dags/example_branch_day_of_week_operator.py
[2023-04-10 11:40:00,614] {processor.py:632} INFO - DAG(s) dict_keys(['example_weekday_branch_operator']) retrieved from /home/airflow/.local/lib/python3.7/site-packages/airflow/example_dags/example_branch_day_of_week_operator.py
[2023-04-10 11:40:00,621] {logging_mixin.py:109} INFO - [2023-04-10 11:40:00,621] {dag.py:2389} INFO - Sync 1 DAGs
[2023-04-10 11:40:00,633] {logging_mixin.py:109} INFO - [2023-04-10 11:40:00,633] {dag.py:2921} INFO - Setting next_dagrun for example_weekday_branch_operator to 2023-04-09 00:00:00+00:00
[2023-04-10 11:40:00,642] {processor.py:171} INFO - Processing /home/airflow/.local/lib/python3.7/site-packages/airflow/example_dags/example_branch_day_of_week_operator.py took 0.054 seconds
[2023-04-10 11:40:30,825] {processor.py:163} INFO - Started process (PID=1802) to work on /home/airflow/.local/lib/python3.7/site-packages/airflow/example_dags/example_branch_day_of_week_operator.py
[2023-04-10 11:40:30,826] {processor.py:620} INFO - Processing file /home/airflow/.local/lib/python3.7/site-packages/airflow/example_dags/example_branch_day_of_week_operator.py for tasks to queue
[2023-04-10 11:40:30,826] {logging_mixin.py:109} INFO - [2023-04-10 11:40:30,826] {dagbag.py:500} INFO - Filling up the DagBag from /home/airflow/.local/lib/python3.7/site-packages/airflow/example_dags/example_branch_day_of_week_operator.py
[2023-04-10 11:40:30,846] {processor.py:632} INFO - DAG(s) dict_keys(['example_weekday_branch_operator']) retrieved from /home/airflow/.local/lib/python3.7/site-packages/airflow/example_dags/example_branch_day_of_week_operator.py
[2023-04-10 11:40:30,852] {logging_mixin.py:109} INFO - [2023-04-10 11:40:30,852] {dag.py:2389} INFO - Sync 1 DAGs
[2023-04-10 11:40:30,864] {logging_mixin.py:109} INFO - [2023-04-10 11:40:30,864] {dag.py:2921} INFO - Setting next_dagrun for example_weekday_branch_operator to 2023-04-09 00:00:00+00:00
[2023-04-10 11:40:30,872] {processor.py:171} INFO - Processing /home/airflow/.local/lib/python3.7/site-packages/airflow/example_dags/example_branch_day_of_week_operator.py took 0.050 seconds
[2023-04-10 11:41:01,140] {processor.py:163} INFO - Started process (PID=1862) to work on /home/airflow/.local/lib/python3.7/site-packages/airflow/example_dags/example_branch_day_of_week_operator.py
[2023-04-10 11:41:01,140] {processor.py:620} INFO - Processing file /home/airflow/.local/lib/python3.7/site-packages/airflow/example_dags/example_branch_day_of_week_operator.py for tasks to queue
[2023-04-10 11:41:01,141] {logging_mixin.py:109} INFO - [2023-04-10 11:41:01,141] {dagbag.py:500} INFO - Filling up the DagBag from /home/airflow/.local/lib/python3.7/site-packages/airflow/example_dags/example_branch_day_of_week_operator.py
[2023-04-10 11:41:01,161] {processor.py:632} INFO - DAG(s) dict_keys(['example_weekday_branch_operator']) retrieved from /home/airflow/.local/lib/python3.7/site-packages/airflow/example_dags/example_branch_day_of_week_operator.py
[2023-04-10 11:41:01,168] {logging_mixin.py:109} INFO - [2023-04-10 11:41:01,168] {dag.py:2389} INFO - Sync 1 DAGs
[2023-04-10 11:41:01,182] {logging_mixin.py:109} INFO - [2023-04-10 11:41:01,182] {dag.py:2921} INFO - Setting next_dagrun for example_weekday_branch_operator to 2023-04-09 00:00:00+00:00
[2023-04-10 11:41:01,189] {processor.py:171} INFO - Processing /home/airflow/.local/lib/python3.7/site-packages/airflow/example_dags/example_branch_day_of_week_operator.py took 0.052 seconds
[2023-04-10 11:41:31,350] {processor.py:163} INFO - Started process (PID=1913) to work on /home/airflow/.local/lib/python3.7/site-packages/airflow/example_dags/example_branch_day_of_week_operator.py
[2023-04-10 11:41:31,351] {processor.py:620} INFO - Processing file /home/airflow/.local/lib/python3.7/site-packages/airflow/example_dags/example_branch_day_of_week_operator.py for tasks to queue
[2023-04-10 11:41:31,352] {logging_mixin.py:109} INFO - [2023-04-10 11:41:31,352] {dagbag.py:500} INFO - Filling up the DagBag from /home/airflow/.local/lib/python3.7/site-packages/airflow/example_dags/example_branch_day_of_week_operator.py
[2023-04-10 11:41:31,372] {processor.py:632} INFO - DAG(s) dict_keys(['example_weekday_branch_operator']) retrieved from /home/airflow/.local/lib/python3.7/site-packages/airflow/example_dags/example_branch_day_of_week_operator.py
[2023-04-10 11:41:31,381] {logging_mixin.py:109} INFO - [2023-04-10 11:41:31,381] {dag.py:2389} INFO - Sync 1 DAGs
[2023-04-10 11:41:31,396] {logging_mixin.py:109} INFO - [2023-04-10 11:41:31,396] {dag.py:2921} INFO - Setting next_dagrun for example_weekday_branch_operator to 2023-04-09 00:00:00+00:00
[2023-04-10 11:41:31,405] {processor.py:171} INFO - Processing /home/airflow/.local/lib/python3.7/site-packages/airflow/example_dags/example_branch_day_of_week_operator.py took 0.058 seconds
[2023-04-10 11:42:01,671] {processor.py:163} INFO - Started process (PID=1974) to work on /home/airflow/.local/lib/python3.7/site-packages/airflow/example_dags/example_branch_day_of_week_operator.py
[2023-04-10 11:42:01,672] {processor.py:620} INFO - Processing file /home/airflow/.local/lib/python3.7/site-packages/airflow/example_dags/example_branch_day_of_week_operator.py for tasks to queue
[2023-04-10 11:42:01,672] {logging_mixin.py:109} INFO - [2023-04-10 11:42:01,672] {dagbag.py:500} INFO - Filling up the DagBag from /home/airflow/.local/lib/python3.7/site-packages/airflow/example_dags/example_branch_day_of_week_operator.py
[2023-04-10 11:42:01,692] {processor.py:632} INFO - DAG(s) dict_keys(['example_weekday_branch_operator']) retrieved from /home/airflow/.local/lib/python3.7/site-packages/airflow/example_dags/example_branch_day_of_week_operator.py
[2023-04-10 11:42:01,698] {logging_mixin.py:109} INFO - [2023-04-10 11:42:01,698] {dag.py:2389} INFO - Sync 1 DAGs
[2023-04-10 11:42:01,714] {logging_mixin.py:109} INFO - [2023-04-10 11:42:01,713] {dag.py:2921} INFO - Setting next_dagrun for example_weekday_branch_operator to 2023-04-09 00:00:00+00:00
[2023-04-10 11:42:01,723] {processor.py:171} INFO - Processing /home/airflow/.local/lib/python3.7/site-packages/airflow/example_dags/example_branch_day_of_week_operator.py took 0.054 seconds
[2023-04-10 11:42:32,037] {processor.py:163} INFO - Started process (PID=2025) to work on /home/airflow/.local/lib/python3.7/site-packages/airflow/example_dags/example_branch_day_of_week_operator.py
[2023-04-10 11:42:32,044] {processor.py:620} INFO - Processing file /home/airflow/.local/lib/python3.7/site-packages/airflow/example_dags/example_branch_day_of_week_operator.py for tasks to queue
[2023-04-10 11:42:32,044] {logging_mixin.py:109} INFO - [2023-04-10 11:42:32,044] {dagbag.py:500} INFO - Filling up the DagBag from /home/airflow/.local/lib/python3.7/site-packages/airflow/example_dags/example_branch_day_of_week_operator.py
[2023-04-10 11:42:32,099] {processor.py:632} INFO - DAG(s) dict_keys(['example_weekday_branch_operator']) retrieved from /home/airflow/.local/lib/python3.7/site-packages/airflow/example_dags/example_branch_day_of_week_operator.py
[2023-04-10 11:42:32,107] {logging_mixin.py:109} INFO - [2023-04-10 11:42:32,107] {dag.py:2389} INFO - Sync 1 DAGs
[2023-04-10 11:42:32,123] {logging_mixin.py:109} INFO - [2023-04-10 11:42:32,122] {dag.py:2921} INFO - Setting next_dagrun for example_weekday_branch_operator to 2023-04-09 00:00:00+00:00
[2023-04-10 11:42:32,130] {processor.py:171} INFO - Processing /home/airflow/.local/lib/python3.7/site-packages/airflow/example_dags/example_branch_day_of_week_operator.py took 0.095 seconds
[2023-04-10 11:43:02,455] {processor.py:163} INFO - Started process (PID=2085) to work on /home/airflow/.local/lib/python3.7/site-packages/airflow/example_dags/example_branch_day_of_week_operator.py
[2023-04-10 11:43:02,463] {processor.py:620} INFO - Processing file /home/airflow/.local/lib/python3.7/site-packages/airflow/example_dags/example_branch_day_of_week_operator.py for tasks to queue
[2023-04-10 11:43:02,463] {logging_mixin.py:109} INFO - [2023-04-10 11:43:02,463] {dagbag.py:500} INFO - Filling up the DagBag from /home/airflow/.local/lib/python3.7/site-packages/airflow/example_dags/example_branch_day_of_week_operator.py
[2023-04-10 11:43:02,494] {processor.py:632} INFO - DAG(s) dict_keys(['example_weekday_branch_operator']) retrieved from /home/airflow/.local/lib/python3.7/site-packages/airflow/example_dags/example_branch_day_of_week_operator.py
[2023-04-10 11:43:02,505] {logging_mixin.py:109} INFO - [2023-04-10 11:43:02,505] {dag.py:2389} INFO - Sync 1 DAGs
[2023-04-10 11:43:02,525] {logging_mixin.py:109} INFO - [2023-04-10 11:43:02,525] {dag.py:2921} INFO - Setting next_dagrun for example_weekday_branch_operator to 2023-04-09 00:00:00+00:00
[2023-04-10 11:43:02,535] {processor.py:171} INFO - Processing /home/airflow/.local/lib/python3.7/site-packages/airflow/example_dags/example_branch_day_of_week_operator.py took 0.083 seconds
[2023-04-10 11:43:32,614] {processor.py:163} INFO - Started process (PID=2137) to work on /home/airflow/.local/lib/python3.7/site-packages/airflow/example_dags/example_branch_day_of_week_operator.py
[2023-04-10 11:43:32,621] {processor.py:620} INFO - Processing file /home/airflow/.local/lib/python3.7/site-packages/airflow/example_dags/example_branch_day_of_week_operator.py for tasks to queue
[2023-04-10 11:43:32,622] {logging_mixin.py:109} INFO - [2023-04-10 11:43:32,621] {dagbag.py:500} INFO - Filling up the DagBag from /home/airflow/.local/lib/python3.7/site-packages/airflow/example_dags/example_branch_day_of_week_operator.py
[2023-04-10 11:43:32,640] {processor.py:632} INFO - DAG(s) dict_keys(['example_weekday_branch_operator']) retrieved from /home/airflow/.local/lib/python3.7/site-packages/airflow/example_dags/example_branch_day_of_week_operator.py
[2023-04-10 11:43:32,649] {logging_mixin.py:109} INFO - [2023-04-10 11:43:32,649] {dag.py:2389} INFO - Sync 1 DAGs
[2023-04-10 11:43:32,662] {logging_mixin.py:109} INFO - [2023-04-10 11:43:32,662] {dag.py:2921} INFO - Setting next_dagrun for example_weekday_branch_operator to 2023-04-09 00:00:00+00:00
[2023-04-10 11:43:32,668] {processor.py:171} INFO - Processing /home/airflow/.local/lib/python3.7/site-packages/airflow/example_dags/example_branch_day_of_week_operator.py took 0.057 seconds
[2023-04-10 11:44:02,954] {processor.py:163} INFO - Started process (PID=2188) to work on /home/airflow/.local/lib/python3.7/site-packages/airflow/example_dags/example_branch_day_of_week_operator.py
[2023-04-10 11:44:02,955] {processor.py:620} INFO - Processing file /home/airflow/.local/lib/python3.7/site-packages/airflow/example_dags/example_branch_day_of_week_operator.py for tasks to queue
[2023-04-10 11:44:02,956] {logging_mixin.py:109} INFO - [2023-04-10 11:44:02,955] {dagbag.py:500} INFO - Filling up the DagBag from /home/airflow/.local/lib/python3.7/site-packages/airflow/example_dags/example_branch_day_of_week_operator.py
[2023-04-10 11:44:02,984] {processor.py:632} INFO - DAG(s) dict_keys(['example_weekday_branch_operator']) retrieved from /home/airflow/.local/lib/python3.7/site-packages/airflow/example_dags/example_branch_day_of_week_operator.py
[2023-04-10 11:44:02,997] {logging_mixin.py:109} INFO - [2023-04-10 11:44:02,997] {dag.py:2389} INFO - Sync 1 DAGs
[2023-04-10 11:44:03,014] {logging_mixin.py:109} INFO - [2023-04-10 11:44:03,014] {dag.py:2921} INFO - Setting next_dagrun for example_weekday_branch_operator to 2023-04-09 00:00:00+00:00
[2023-04-10 11:44:03,024] {processor.py:171} INFO - Processing /home/airflow/.local/lib/python3.7/site-packages/airflow/example_dags/example_branch_day_of_week_operator.py took 0.072 seconds
[2023-04-10 11:44:33,406] {processor.py:163} INFO - Started process (PID=2248) to work on /home/airflow/.local/lib/python3.7/site-packages/airflow/example_dags/example_branch_day_of_week_operator.py
[2023-04-10 11:44:33,413] {processor.py:620} INFO - Processing file /home/airflow/.local/lib/python3.7/site-packages/airflow/example_dags/example_branch_day_of_week_operator.py for tasks to queue
[2023-04-10 11:44:33,414] {logging_mixin.py:109} INFO - [2023-04-10 11:44:33,414] {dagbag.py:500} INFO - Filling up the DagBag from /home/airflow/.local/lib/python3.7/site-packages/airflow/example_dags/example_branch_day_of_week_operator.py
[2023-04-10 11:44:33,438] {processor.py:632} INFO - DAG(s) dict_keys(['example_weekday_branch_operator']) retrieved from /home/airflow/.local/lib/python3.7/site-packages/airflow/example_dags/example_branch_day_of_week_operator.py
[2023-04-10 11:44:33,446] {logging_mixin.py:109} INFO - [2023-04-10 11:44:33,446] {dag.py:2389} INFO - Sync 1 DAGs
[2023-04-10 11:44:33,460] {logging_mixin.py:109} INFO - [2023-04-10 11:44:33,460] {dag.py:2921} INFO - Setting next_dagrun for example_weekday_branch_operator to 2023-04-09 00:00:00+00:00
[2023-04-10 11:44:33,468] {processor.py:171} INFO - Processing /home/airflow/.local/lib/python3.7/site-packages/airflow/example_dags/example_branch_day_of_week_operator.py took 0.064 seconds
[2023-04-10 11:45:03,794] {processor.py:163} INFO - Started process (PID=2299) to work on /home/airflow/.local/lib/python3.7/site-packages/airflow/example_dags/example_branch_day_of_week_operator.py
[2023-04-10 11:45:03,795] {processor.py:620} INFO - Processing file /home/airflow/.local/lib/python3.7/site-packages/airflow/example_dags/example_branch_day_of_week_operator.py for tasks to queue
[2023-04-10 11:45:03,796] {logging_mixin.py:109} INFO - [2023-04-10 11:45:03,795] {dagbag.py:500} INFO - Filling up the DagBag from /home/airflow/.local/lib/python3.7/site-packages/airflow/example_dags/example_branch_day_of_week_operator.py
[2023-04-10 11:45:03,817] {processor.py:632} INFO - DAG(s) dict_keys(['example_weekday_branch_operator']) retrieved from /home/airflow/.local/lib/python3.7/site-packages/airflow/example_dags/example_branch_day_of_week_operator.py
[2023-04-10 11:45:03,824] {logging_mixin.py:109} INFO - [2023-04-10 11:45:03,824] {dag.py:2389} INFO - Sync 1 DAGs
[2023-04-10 11:45:03,836] {logging_mixin.py:109} INFO - [2023-04-10 11:45:03,836] {dag.py:2921} INFO - Setting next_dagrun for example_weekday_branch_operator to 2023-04-09 00:00:00+00:00
[2023-04-10 11:45:03,843] {processor.py:171} INFO - Processing /home/airflow/.local/lib/python3.7/site-packages/airflow/example_dags/example_branch_day_of_week_operator.py took 0.051 seconds
[2023-04-10 11:45:34,088] {processor.py:163} INFO - Started process (PID=2360) to work on /home/airflow/.local/lib/python3.7/site-packages/airflow/example_dags/example_branch_day_of_week_operator.py
[2023-04-10 11:45:34,089] {processor.py:620} INFO - Processing file /home/airflow/.local/lib/python3.7/site-packages/airflow/example_dags/example_branch_day_of_week_operator.py for tasks to queue
[2023-04-10 11:45:34,089] {logging_mixin.py:109} INFO - [2023-04-10 11:45:34,089] {dagbag.py:500} INFO - Filling up the DagBag from /home/airflow/.local/lib/python3.7/site-packages/airflow/example_dags/example_branch_day_of_week_operator.py
[2023-04-10 11:45:34,111] {processor.py:632} INFO - DAG(s) dict_keys(['example_weekday_branch_operator']) retrieved from /home/airflow/.local/lib/python3.7/site-packages/airflow/example_dags/example_branch_day_of_week_operator.py
[2023-04-10 11:45:34,118] {logging_mixin.py:109} INFO - [2023-04-10 11:45:34,118] {dag.py:2389} INFO - Sync 1 DAGs
[2023-04-10 11:45:34,131] {logging_mixin.py:109} INFO - [2023-04-10 11:45:34,131] {dag.py:2921} INFO - Setting next_dagrun for example_weekday_branch_operator to 2023-04-09 00:00:00+00:00
[2023-04-10 11:45:34,139] {processor.py:171} INFO - Processing /home/airflow/.local/lib/python3.7/site-packages/airflow/example_dags/example_branch_day_of_week_operator.py took 0.054 seconds
[2023-04-10 11:46:04,385] {processor.py:163} INFO - Started process (PID=2411) to work on /home/airflow/.local/lib/python3.7/site-packages/airflow/example_dags/example_branch_day_of_week_operator.py
[2023-04-10 11:46:04,385] {processor.py:620} INFO - Processing file /home/airflow/.local/lib/python3.7/site-packages/airflow/example_dags/example_branch_day_of_week_operator.py for tasks to queue
[2023-04-10 11:46:04,386] {logging_mixin.py:109} INFO - [2023-04-10 11:46:04,386] {dagbag.py:500} INFO - Filling up the DagBag from /home/airflow/.local/lib/python3.7/site-packages/airflow/example_dags/example_branch_day_of_week_operator.py
[2023-04-10 11:46:04,405] {processor.py:632} INFO - DAG(s) dict_keys(['example_weekday_branch_operator']) retrieved from /home/airflow/.local/lib/python3.7/site-packages/airflow/example_dags/example_branch_day_of_week_operator.py
[2023-04-10 11:46:04,412] {logging_mixin.py:109} INFO - [2023-04-10 11:46:04,412] {dag.py:2389} INFO - Sync 1 DAGs
[2023-04-10 11:46:04,427] {logging_mixin.py:109} INFO - [2023-04-10 11:46:04,426] {dag.py:2921} INFO - Setting next_dagrun for example_weekday_branch_operator to 2023-04-09 00:00:00+00:00
[2023-04-10 11:46:04,436] {processor.py:171} INFO - Processing /home/airflow/.local/lib/python3.7/site-packages/airflow/example_dags/example_branch_day_of_week_operator.py took 0.054 seconds
[2023-04-10 11:46:34,605] {processor.py:163} INFO - Started process (PID=2471) to work on /home/airflow/.local/lib/python3.7/site-packages/airflow/example_dags/example_branch_day_of_week_operator.py
[2023-04-10 11:46:34,606] {processor.py:620} INFO - Processing file /home/airflow/.local/lib/python3.7/site-packages/airflow/example_dags/example_branch_day_of_week_operator.py for tasks to queue
[2023-04-10 11:46:34,607] {logging_mixin.py:109} INFO - [2023-04-10 11:46:34,607] {dagbag.py:500} INFO - Filling up the DagBag from /home/airflow/.local/lib/python3.7/site-packages/airflow/example_dags/example_branch_day_of_week_operator.py
[2023-04-10 11:46:34,630] {processor.py:632} INFO - DAG(s) dict_keys(['example_weekday_branch_operator']) retrieved from /home/airflow/.local/lib/python3.7/site-packages/airflow/example_dags/example_branch_day_of_week_operator.py
[2023-04-10 11:46:34,639] {logging_mixin.py:109} INFO - [2023-04-10 11:46:34,639] {dag.py:2389} INFO - Sync 1 DAGs
[2023-04-10 11:46:34,654] {logging_mixin.py:109} INFO - [2023-04-10 11:46:34,654] {dag.py:2921} INFO - Setting next_dagrun for example_weekday_branch_operator to 2023-04-09 00:00:00+00:00
[2023-04-10 11:46:34,663] {processor.py:171} INFO - Processing /home/airflow/.local/lib/python3.7/site-packages/airflow/example_dags/example_branch_day_of_week_operator.py took 0.060 seconds
[2023-04-10 11:47:04,997] {processor.py:163} INFO - Started process (PID=2522) to work on /home/airflow/.local/lib/python3.7/site-packages/airflow/example_dags/example_branch_day_of_week_operator.py
[2023-04-10 11:47:04,997] {processor.py:620} INFO - Processing file /home/airflow/.local/lib/python3.7/site-packages/airflow/example_dags/example_branch_day_of_week_operator.py for tasks to queue
[2023-04-10 11:47:04,998] {logging_mixin.py:109} INFO - [2023-04-10 11:47:04,998] {dagbag.py:500} INFO - Filling up the DagBag from /home/airflow/.local/lib/python3.7/site-packages/airflow/example_dags/example_branch_day_of_week_operator.py
[2023-04-10 11:47:05,022] {processor.py:632} INFO - DAG(s) dict_keys(['example_weekday_branch_operator']) retrieved from /home/airflow/.local/lib/python3.7/site-packages/airflow/example_dags/example_branch_day_of_week_operator.py
[2023-04-10 11:47:05,029] {logging_mixin.py:109} INFO - [2023-04-10 11:47:05,029] {dag.py:2389} INFO - Sync 1 DAGs
[2023-04-10 11:47:05,042] {logging_mixin.py:109} INFO - [2023-04-10 11:47:05,041] {dag.py:2921} INFO - Setting next_dagrun for example_weekday_branch_operator to 2023-04-09 00:00:00+00:00
[2023-04-10 11:47:05,050] {processor.py:171} INFO - Processing /home/airflow/.local/lib/python3.7/site-packages/airflow/example_dags/example_branch_day_of_week_operator.py took 0.056 seconds
[2023-04-10 11:47:35,585] {processor.py:163} INFO - Started process (PID=2582) to work on /home/airflow/.local/lib/python3.7/site-packages/airflow/example_dags/example_branch_day_of_week_operator.py
[2023-04-10 11:47:35,586] {processor.py:620} INFO - Processing file /home/airflow/.local/lib/python3.7/site-packages/airflow/example_dags/example_branch_day_of_week_operator.py for tasks to queue
[2023-04-10 11:47:35,587] {logging_mixin.py:109} INFO - [2023-04-10 11:47:35,587] {dagbag.py:500} INFO - Filling up the DagBag from /home/airflow/.local/lib/python3.7/site-packages/airflow/example_dags/example_branch_day_of_week_operator.py
[2023-04-10 11:47:35,612] {processor.py:632} INFO - DAG(s) dict_keys(['example_weekday_branch_operator']) retrieved from /home/airflow/.local/lib/python3.7/site-packages/airflow/example_dags/example_branch_day_of_week_operator.py
[2023-04-10 11:47:35,620] {logging_mixin.py:109} INFO - [2023-04-10 11:47:35,620] {dag.py:2389} INFO - Sync 1 DAGs
[2023-04-10 11:47:35,634] {logging_mixin.py:109} INFO - [2023-04-10 11:47:35,634] {dag.py:2921} INFO - Setting next_dagrun for example_weekday_branch_operator to 2023-04-09 00:00:00+00:00
[2023-04-10 11:47:35,717] {processor.py:171} INFO - Processing /home/airflow/.local/lib/python3.7/site-packages/airflow/example_dags/example_branch_day_of_week_operator.py took 0.135 seconds
[2023-04-10 11:48:03,939] {processor.py:163} INFO - Started process (PID=3126) to work on /home/airflow/.local/lib/python3.7/site-packages/airflow/example_dags/example_branch_day_of_week_operator.py
[2023-04-10 11:48:03,940] {processor.py:620} INFO - Processing file /home/airflow/.local/lib/python3.7/site-packages/airflow/example_dags/example_branch_day_of_week_operator.py for tasks to queue
[2023-04-10 11:48:03,941] {logging_mixin.py:109} INFO - [2023-04-10 11:48:03,941] {dagbag.py:500} INFO - Filling up the DagBag from /home/airflow/.local/lib/python3.7/site-packages/airflow/example_dags/example_branch_day_of_week_operator.py
[2023-04-10 11:48:03,965] {processor.py:632} INFO - DAG(s) dict_keys(['example_weekday_branch_operator']) retrieved from /home/airflow/.local/lib/python3.7/site-packages/airflow/example_dags/example_branch_day_of_week_operator.py
[2023-04-10 11:48:03,973] {logging_mixin.py:109} INFO - [2023-04-10 11:48:03,973] {dag.py:2389} INFO - Sync 1 DAGs
[2023-04-10 11:48:03,986] {logging_mixin.py:109} INFO - [2023-04-10 11:48:03,986] {dag.py:2921} INFO - Setting next_dagrun for example_weekday_branch_operator to 2023-04-09 00:00:00+00:00
[2023-04-10 11:48:03,995] {processor.py:171} INFO - Processing /home/airflow/.local/lib/python3.7/site-packages/airflow/example_dags/example_branch_day_of_week_operator.py took 0.058 seconds
[2023-04-10 11:48:06,154] {processor.py:163} INFO - Started process (PID=2633) to work on /home/airflow/.local/lib/python3.7/site-packages/airflow/example_dags/example_branch_day_of_week_operator.py
[2023-04-10 11:48:06,155] {processor.py:620} INFO - Processing file /home/airflow/.local/lib/python3.7/site-packages/airflow/example_dags/example_branch_day_of_week_operator.py for tasks to queue
[2023-04-10 11:48:06,156] {logging_mixin.py:109} INFO - [2023-04-10 11:48:06,155] {dagbag.py:500} INFO - Filling up the DagBag from /home/airflow/.local/lib/python3.7/site-packages/airflow/example_dags/example_branch_day_of_week_operator.py
[2023-04-10 11:48:06,177] {processor.py:632} INFO - DAG(s) dict_keys(['example_weekday_branch_operator']) retrieved from /home/airflow/.local/lib/python3.7/site-packages/airflow/example_dags/example_branch_day_of_week_operator.py
[2023-04-10 11:48:06,185] {logging_mixin.py:109} INFO - [2023-04-10 11:48:06,184] {dag.py:2389} INFO - Sync 1 DAGs
[2023-04-10 11:48:06,198] {logging_mixin.py:109} INFO - [2023-04-10 11:48:06,198] {dag.py:2921} INFO - Setting next_dagrun for example_weekday_branch_operator to 2023-04-09 00:00:00+00:00
[2023-04-10 11:48:06,265] {processor.py:171} INFO - Processing /home/airflow/.local/lib/python3.7/site-packages/airflow/example_dags/example_branch_day_of_week_operator.py took 0.113 seconds
[2023-04-10 11:48:36,406] {processor.py:163} INFO - Started process (PID=2684) to work on /home/airflow/.local/lib/python3.7/site-packages/airflow/example_dags/example_branch_day_of_week_operator.py
[2023-04-10 11:48:36,407] {processor.py:620} INFO - Processing file /home/airflow/.local/lib/python3.7/site-packages/airflow/example_dags/example_branch_day_of_week_operator.py for tasks to queue
[2023-04-10 11:48:36,408] {logging_mixin.py:109} INFO - [2023-04-10 11:48:36,408] {dagbag.py:500} INFO - Filling up the DagBag from /home/airflow/.local/lib/python3.7/site-packages/airflow/example_dags/example_branch_day_of_week_operator.py
[2023-04-10 11:48:36,439] {processor.py:632} INFO - DAG(s) dict_keys(['example_weekday_branch_operator']) retrieved from /home/airflow/.local/lib/python3.7/site-packages/airflow/example_dags/example_branch_day_of_week_operator.py
[2023-04-10 11:48:36,449] {logging_mixin.py:109} INFO - [2023-04-10 11:48:36,449] {dag.py:2389} INFO - Sync 1 DAGs
[2023-04-10 11:48:36,554] {logging_mixin.py:109} INFO - [2023-04-10 11:48:36,554] {dag.py:2921} INFO - Setting next_dagrun for example_weekday_branch_operator to 2023-04-09 00:00:00+00:00
[2023-04-10 11:48:36,562] {processor.py:171} INFO - Processing /home/airflow/.local/lib/python3.7/site-packages/airflow/example_dags/example_branch_day_of_week_operator.py took 0.159 seconds
