[2023-04-10 11:26:40,760] {processor.py:163} INFO - Started process (PID=102) to work on /home/airflow/.local/lib/python3.7/site-packages/airflow/example_dags/example_task_group.py
[2023-04-10 11:26:40,761] {processor.py:620} INFO - Processing file /home/airflow/.local/lib/python3.7/site-packages/airflow/example_dags/example_task_group.py for tasks to queue
[2023-04-10 11:26:40,762] {logging_mixin.py:109} INFO - [2023-04-10 11:26:40,762] {dagbag.py:500} INFO - Filling up the DagBag from /home/airflow/.local/lib/python3.7/site-packages/airflow/example_dags/example_task_group.py
[2023-04-10 11:26:40,811] {processor.py:632} INFO - DAG(s) dict_keys(['example_task_group']) retrieved from /home/airflow/.local/lib/python3.7/site-packages/airflow/example_dags/example_task_group.py
[2023-04-10 11:26:43,148] {logging_mixin.py:109} INFO - [2023-04-10 11:26:43,148] {providers_manager.py:156} WARNING - Exception when importing 'airflow.providers.google.leveldb.hooks.leveldb.LevelDBHook' from 'apache-airflow-providers-google' package: No module named 'plyvel'
[2023-04-10 11:26:43,522] {logging_mixin.py:109} INFO - [2023-04-10 11:26:43,522] {providers_manager.py:156} WARNING - Exception when importing 'airflow.providers.google.leveldb.hooks.leveldb.LevelDBHook' from 'apache-airflow-providers-google' package: No module named 'plyvel'
[2023-04-10 11:26:43,542] {logging_mixin.py:109} INFO - [2023-04-10 11:26:43,542] {manager.py:496} INFO - Created Permission View: can read on DAG:example_task_group
[2023-04-10 11:26:43,549] {logging_mixin.py:109} INFO - [2023-04-10 11:26:43,548] {manager.py:496} INFO - Created Permission View: can edit on DAG:example_task_group
[2023-04-10 11:26:43,549] {logging_mixin.py:109} INFO - [2023-04-10 11:26:43,549] {dag.py:2389} INFO - Sync 1 DAGs
[2023-04-10 11:26:43,556] {logging_mixin.py:109} INFO - [2023-04-10 11:26:43,555] {dag.py:2408} INFO - Creating ORM DAG for example_task_group
[2023-04-10 11:26:43,562] {logging_mixin.py:109} INFO - [2023-04-10 11:26:43,562] {dag.py:2921} INFO - Setting next_dagrun for example_task_group to 2023-04-09T11:26:43.562343+00:00
[2023-04-10 11:26:43,573] {processor.py:171} INFO - Processing /home/airflow/.local/lib/python3.7/site-packages/airflow/example_dags/example_task_group.py took 2.817 seconds
[2023-04-10 11:27:14,271] {processor.py:163} INFO - Started process (PID=362) to work on /home/airflow/.local/lib/python3.7/site-packages/airflow/example_dags/example_task_group.py
[2023-04-10 11:27:14,274] {processor.py:620} INFO - Processing file /home/airflow/.local/lib/python3.7/site-packages/airflow/example_dags/example_task_group.py for tasks to queue
[2023-04-10 11:27:14,275] {logging_mixin.py:109} INFO - [2023-04-10 11:27:14,275] {dagbag.py:500} INFO - Filling up the DagBag from /home/airflow/.local/lib/python3.7/site-packages/airflow/example_dags/example_task_group.py
[2023-04-10 11:27:14,304] {processor.py:632} INFO - DAG(s) dict_keys(['example_task_group']) retrieved from /home/airflow/.local/lib/python3.7/site-packages/airflow/example_dags/example_task_group.py
[2023-04-10 11:27:14,315] {logging_mixin.py:109} INFO - [2023-04-10 11:27:14,315] {dag.py:2389} INFO - Sync 1 DAGs
[2023-04-10 11:27:14,332] {logging_mixin.py:109} INFO - [2023-04-10 11:27:14,332] {dag.py:2921} INFO - Setting next_dagrun for example_task_group to 2023-04-09T11:27:14.331952+00:00
[2023-04-10 11:27:14,342] {processor.py:171} INFO - Processing /home/airflow/.local/lib/python3.7/site-packages/airflow/example_dags/example_task_group.py took 0.074 seconds
[2023-04-10 11:27:44,647] {processor.py:163} INFO - Started process (PID=413) to work on /home/airflow/.local/lib/python3.7/site-packages/airflow/example_dags/example_task_group.py
[2023-04-10 11:27:44,648] {processor.py:620} INFO - Processing file /home/airflow/.local/lib/python3.7/site-packages/airflow/example_dags/example_task_group.py for tasks to queue
[2023-04-10 11:27:44,648] {logging_mixin.py:109} INFO - [2023-04-10 11:27:44,648] {dagbag.py:500} INFO - Filling up the DagBag from /home/airflow/.local/lib/python3.7/site-packages/airflow/example_dags/example_task_group.py
[2023-04-10 11:27:44,670] {processor.py:632} INFO - DAG(s) dict_keys(['example_task_group']) retrieved from /home/airflow/.local/lib/python3.7/site-packages/airflow/example_dags/example_task_group.py
[2023-04-10 11:27:44,678] {logging_mixin.py:109} INFO - [2023-04-10 11:27:44,677] {dag.py:2389} INFO - Sync 1 DAGs
[2023-04-10 11:27:44,689] {logging_mixin.py:109} INFO - [2023-04-10 11:27:44,689] {dag.py:2921} INFO - Setting next_dagrun for example_task_group to 2023-04-09T11:27:44.689663+00:00
[2023-04-10 11:27:44,698] {processor.py:171} INFO - Processing /home/airflow/.local/lib/python3.7/site-packages/airflow/example_dags/example_task_group.py took 0.053 seconds
[2023-04-10 11:28:14,782] {processor.py:163} INFO - Started process (PID=464) to work on /home/airflow/.local/lib/python3.7/site-packages/airflow/example_dags/example_task_group.py
[2023-04-10 11:28:14,783] {processor.py:620} INFO - Processing file /home/airflow/.local/lib/python3.7/site-packages/airflow/example_dags/example_task_group.py for tasks to queue
[2023-04-10 11:28:14,783] {logging_mixin.py:109} INFO - [2023-04-10 11:28:14,783] {dagbag.py:500} INFO - Filling up the DagBag from /home/airflow/.local/lib/python3.7/site-packages/airflow/example_dags/example_task_group.py
[2023-04-10 11:28:14,806] {processor.py:632} INFO - DAG(s) dict_keys(['example_task_group']) retrieved from /home/airflow/.local/lib/python3.7/site-packages/airflow/example_dags/example_task_group.py
[2023-04-10 11:28:14,815] {logging_mixin.py:109} INFO - [2023-04-10 11:28:14,815] {dag.py:2389} INFO - Sync 1 DAGs
[2023-04-10 11:28:14,827] {logging_mixin.py:109} INFO - [2023-04-10 11:28:14,827] {dag.py:2921} INFO - Setting next_dagrun for example_task_group to 2023-04-09T11:28:14.827070+00:00
[2023-04-10 11:28:14,836] {processor.py:171} INFO - Processing /home/airflow/.local/lib/python3.7/site-packages/airflow/example_dags/example_task_group.py took 0.056 seconds
[2023-04-10 11:28:45,042] {processor.py:163} INFO - Started process (PID=524) to work on /home/airflow/.local/lib/python3.7/site-packages/airflow/example_dags/example_task_group.py
[2023-04-10 11:28:45,044] {processor.py:620} INFO - Processing file /home/airflow/.local/lib/python3.7/site-packages/airflow/example_dags/example_task_group.py for tasks to queue
[2023-04-10 11:28:45,044] {logging_mixin.py:109} INFO - [2023-04-10 11:28:45,044] {dagbag.py:500} INFO - Filling up the DagBag from /home/airflow/.local/lib/python3.7/site-packages/airflow/example_dags/example_task_group.py
[2023-04-10 11:28:45,068] {processor.py:632} INFO - DAG(s) dict_keys(['example_task_group']) retrieved from /home/airflow/.local/lib/python3.7/site-packages/airflow/example_dags/example_task_group.py
[2023-04-10 11:28:45,079] {logging_mixin.py:109} INFO - [2023-04-10 11:28:45,079] {dag.py:2389} INFO - Sync 1 DAGs
[2023-04-10 11:28:45,095] {logging_mixin.py:109} INFO - [2023-04-10 11:28:45,094] {dag.py:2921} INFO - Setting next_dagrun for example_task_group to 2023-04-09T11:28:45.094635+00:00
[2023-04-10 11:28:45,103] {processor.py:171} INFO - Processing /home/airflow/.local/lib/python3.7/site-packages/airflow/example_dags/example_task_group.py took 0.064 seconds
[2023-04-10 11:29:15,164] {processor.py:163} INFO - Started process (PID=576) to work on /home/airflow/.local/lib/python3.7/site-packages/airflow/example_dags/example_task_group.py
[2023-04-10 11:29:15,164] {processor.py:620} INFO - Processing file /home/airflow/.local/lib/python3.7/site-packages/airflow/example_dags/example_task_group.py for tasks to queue
[2023-04-10 11:29:15,165] {logging_mixin.py:109} INFO - [2023-04-10 11:29:15,165] {dagbag.py:500} INFO - Filling up the DagBag from /home/airflow/.local/lib/python3.7/site-packages/airflow/example_dags/example_task_group.py
[2023-04-10 11:29:15,188] {processor.py:632} INFO - DAG(s) dict_keys(['example_task_group']) retrieved from /home/airflow/.local/lib/python3.7/site-packages/airflow/example_dags/example_task_group.py
[2023-04-10 11:29:15,197] {logging_mixin.py:109} INFO - [2023-04-10 11:29:15,197] {dag.py:2389} INFO - Sync 1 DAGs
[2023-04-10 11:29:15,212] {logging_mixin.py:109} INFO - [2023-04-10 11:29:15,212] {dag.py:2921} INFO - Setting next_dagrun for example_task_group to 2023-04-09T11:29:15.212005+00:00
[2023-04-10 11:29:15,221] {processor.py:171} INFO - Processing /home/airflow/.local/lib/python3.7/site-packages/airflow/example_dags/example_task_group.py took 0.060 seconds
[2023-04-10 11:29:45,477] {processor.py:163} INFO - Started process (PID=637) to work on /home/airflow/.local/lib/python3.7/site-packages/airflow/example_dags/example_task_group.py
[2023-04-10 11:29:45,479] {processor.py:620} INFO - Processing file /home/airflow/.local/lib/python3.7/site-packages/airflow/example_dags/example_task_group.py for tasks to queue
[2023-04-10 11:29:45,479] {logging_mixin.py:109} INFO - [2023-04-10 11:29:45,479] {dagbag.py:500} INFO - Filling up the DagBag from /home/airflow/.local/lib/python3.7/site-packages/airflow/example_dags/example_task_group.py
[2023-04-10 11:29:45,509] {processor.py:632} INFO - DAG(s) dict_keys(['example_task_group']) retrieved from /home/airflow/.local/lib/python3.7/site-packages/airflow/example_dags/example_task_group.py
[2023-04-10 11:29:45,522] {logging_mixin.py:109} INFO - [2023-04-10 11:29:45,522] {dag.py:2389} INFO - Sync 1 DAGs
[2023-04-10 11:29:45,538] {logging_mixin.py:109} INFO - [2023-04-10 11:29:45,538] {dag.py:2921} INFO - Setting next_dagrun for example_task_group to 2023-04-09T11:29:45.537889+00:00
[2023-04-10 11:29:45,548] {processor.py:171} INFO - Processing /home/airflow/.local/lib/python3.7/site-packages/airflow/example_dags/example_task_group.py took 0.075 seconds
[2023-04-10 11:30:15,951] {processor.py:163} INFO - Started process (PID=688) to work on /home/airflow/.local/lib/python3.7/site-packages/airflow/example_dags/example_task_group.py
[2023-04-10 11:30:15,952] {processor.py:620} INFO - Processing file /home/airflow/.local/lib/python3.7/site-packages/airflow/example_dags/example_task_group.py for tasks to queue
[2023-04-10 11:30:15,952] {logging_mixin.py:109} INFO - [2023-04-10 11:30:15,952] {dagbag.py:500} INFO - Filling up the DagBag from /home/airflow/.local/lib/python3.7/site-packages/airflow/example_dags/example_task_group.py
[2023-04-10 11:30:15,974] {processor.py:632} INFO - DAG(s) dict_keys(['example_task_group']) retrieved from /home/airflow/.local/lib/python3.7/site-packages/airflow/example_dags/example_task_group.py
[2023-04-10 11:30:15,983] {logging_mixin.py:109} INFO - [2023-04-10 11:30:15,982] {dag.py:2389} INFO - Sync 1 DAGs
[2023-04-10 11:30:15,995] {logging_mixin.py:109} INFO - [2023-04-10 11:30:15,995] {dag.py:2921} INFO - Setting next_dagrun for example_task_group to 2023-04-09T11:30:15.995432+00:00
[2023-04-10 11:30:16,003] {processor.py:171} INFO - Processing /home/airflow/.local/lib/python3.7/site-packages/airflow/example_dags/example_task_group.py took 0.054 seconds
[2023-04-10 11:30:46,340] {processor.py:163} INFO - Started process (PID=739) to work on /home/airflow/.local/lib/python3.7/site-packages/airflow/example_dags/example_task_group.py
[2023-04-10 11:30:46,342] {processor.py:620} INFO - Processing file /home/airflow/.local/lib/python3.7/site-packages/airflow/example_dags/example_task_group.py for tasks to queue
[2023-04-10 11:30:46,342] {logging_mixin.py:109} INFO - [2023-04-10 11:30:46,342] {dagbag.py:500} INFO - Filling up the DagBag from /home/airflow/.local/lib/python3.7/site-packages/airflow/example_dags/example_task_group.py
[2023-04-10 11:30:46,440] {processor.py:632} INFO - DAG(s) dict_keys(['example_task_group']) retrieved from /home/airflow/.local/lib/python3.7/site-packages/airflow/example_dags/example_task_group.py
[2023-04-10 11:30:46,449] {logging_mixin.py:109} INFO - [2023-04-10 11:30:46,449] {dag.py:2389} INFO - Sync 1 DAGs
[2023-04-10 11:30:46,462] {logging_mixin.py:109} INFO - [2023-04-10 11:30:46,462] {dag.py:2921} INFO - Setting next_dagrun for example_task_group to 2023-04-09T11:30:46.462328+00:00
[2023-04-10 11:30:46,471] {processor.py:171} INFO - Processing /home/airflow/.local/lib/python3.7/site-packages/airflow/example_dags/example_task_group.py took 0.133 seconds
[2023-04-10 11:31:16,728] {processor.py:163} INFO - Started process (PID=799) to work on /home/airflow/.local/lib/python3.7/site-packages/airflow/example_dags/example_task_group.py
[2023-04-10 11:31:16,729] {processor.py:620} INFO - Processing file /home/airflow/.local/lib/python3.7/site-packages/airflow/example_dags/example_task_group.py for tasks to queue
[2023-04-10 11:31:16,729] {logging_mixin.py:109} INFO - [2023-04-10 11:31:16,729] {dagbag.py:500} INFO - Filling up the DagBag from /home/airflow/.local/lib/python3.7/site-packages/airflow/example_dags/example_task_group.py
[2023-04-10 11:31:16,757] {processor.py:632} INFO - DAG(s) dict_keys(['example_task_group']) retrieved from /home/airflow/.local/lib/python3.7/site-packages/airflow/example_dags/example_task_group.py
[2023-04-10 11:31:16,766] {logging_mixin.py:109} INFO - [2023-04-10 11:31:16,766] {dag.py:2389} INFO - Sync 1 DAGs
[2023-04-10 11:31:16,781] {logging_mixin.py:109} INFO - [2023-04-10 11:31:16,781] {dag.py:2921} INFO - Setting next_dagrun for example_task_group to 2023-04-09T11:31:16.781186+00:00
[2023-04-10 11:31:16,791] {processor.py:171} INFO - Processing /home/airflow/.local/lib/python3.7/site-packages/airflow/example_dags/example_task_group.py took 0.066 seconds
[2023-04-10 11:31:47,078] {processor.py:163} INFO - Started process (PID=850) to work on /home/airflow/.local/lib/python3.7/site-packages/airflow/example_dags/example_task_group.py
[2023-04-10 11:31:47,079] {processor.py:620} INFO - Processing file /home/airflow/.local/lib/python3.7/site-packages/airflow/example_dags/example_task_group.py for tasks to queue
[2023-04-10 11:31:47,080] {logging_mixin.py:109} INFO - [2023-04-10 11:31:47,079] {dagbag.py:500} INFO - Filling up the DagBag from /home/airflow/.local/lib/python3.7/site-packages/airflow/example_dags/example_task_group.py
[2023-04-10 11:31:47,101] {processor.py:632} INFO - DAG(s) dict_keys(['example_task_group']) retrieved from /home/airflow/.local/lib/python3.7/site-packages/airflow/example_dags/example_task_group.py
[2023-04-10 11:31:47,110] {logging_mixin.py:109} INFO - [2023-04-10 11:31:47,110] {dag.py:2389} INFO - Sync 1 DAGs
[2023-04-10 11:31:47,128] {logging_mixin.py:109} INFO - [2023-04-10 11:31:47,127] {dag.py:2921} INFO - Setting next_dagrun for example_task_group to 2023-04-09T11:31:47.127663+00:00
[2023-04-10 11:31:47,137] {processor.py:171} INFO - Processing /home/airflow/.local/lib/python3.7/site-packages/airflow/example_dags/example_task_group.py took 0.061 seconds
[2023-04-10 11:32:17,217] {processor.py:163} INFO - Started process (PID=912) to work on /home/airflow/.local/lib/python3.7/site-packages/airflow/example_dags/example_task_group.py
[2023-04-10 11:32:17,219] {processor.py:620} INFO - Processing file /home/airflow/.local/lib/python3.7/site-packages/airflow/example_dags/example_task_group.py for tasks to queue
[2023-04-10 11:32:17,219] {logging_mixin.py:109} INFO - [2023-04-10 11:32:17,219] {dagbag.py:500} INFO - Filling up the DagBag from /home/airflow/.local/lib/python3.7/site-packages/airflow/example_dags/example_task_group.py
[2023-04-10 11:32:17,242] {processor.py:632} INFO - DAG(s) dict_keys(['example_task_group']) retrieved from /home/airflow/.local/lib/python3.7/site-packages/airflow/example_dags/example_task_group.py
[2023-04-10 11:32:17,251] {logging_mixin.py:109} INFO - [2023-04-10 11:32:17,251] {dag.py:2389} INFO - Sync 1 DAGs
[2023-04-10 11:32:17,266] {logging_mixin.py:109} INFO - [2023-04-10 11:32:17,266] {dag.py:2921} INFO - Setting next_dagrun for example_task_group to 2023-04-09T11:32:17.265938+00:00
[2023-04-10 11:32:17,275] {processor.py:171} INFO - Processing /home/airflow/.local/lib/python3.7/site-packages/airflow/example_dags/example_task_group.py took 0.060 seconds
[2023-04-10 11:32:47,521] {processor.py:163} INFO - Started process (PID=963) to work on /home/airflow/.local/lib/python3.7/site-packages/airflow/example_dags/example_task_group.py
[2023-04-10 11:32:47,522] {processor.py:620} INFO - Processing file /home/airflow/.local/lib/python3.7/site-packages/airflow/example_dags/example_task_group.py for tasks to queue
[2023-04-10 11:32:47,522] {logging_mixin.py:109} INFO - [2023-04-10 11:32:47,522] {dagbag.py:500} INFO - Filling up the DagBag from /home/airflow/.local/lib/python3.7/site-packages/airflow/example_dags/example_task_group.py
[2023-04-10 11:32:47,544] {processor.py:632} INFO - DAG(s) dict_keys(['example_task_group']) retrieved from /home/airflow/.local/lib/python3.7/site-packages/airflow/example_dags/example_task_group.py
[2023-04-10 11:32:47,553] {logging_mixin.py:109} INFO - [2023-04-10 11:32:47,553] {dag.py:2389} INFO - Sync 1 DAGs
[2023-04-10 11:32:47,565] {logging_mixin.py:109} INFO - [2023-04-10 11:32:47,565] {dag.py:2921} INFO - Setting next_dagrun for example_task_group to 2023-04-09T11:32:47.565649+00:00
[2023-04-10 11:32:47,573] {processor.py:171} INFO - Processing /home/airflow/.local/lib/python3.7/site-packages/airflow/example_dags/example_task_group.py took 0.055 seconds
[2023-04-10 11:33:17,974] {processor.py:163} INFO - Started process (PID=1024) to work on /home/airflow/.local/lib/python3.7/site-packages/airflow/example_dags/example_task_group.py
[2023-04-10 11:33:17,976] {processor.py:620} INFO - Processing file /home/airflow/.local/lib/python3.7/site-packages/airflow/example_dags/example_task_group.py for tasks to queue
[2023-04-10 11:33:17,976] {logging_mixin.py:109} INFO - [2023-04-10 11:33:17,976] {dagbag.py:500} INFO - Filling up the DagBag from /home/airflow/.local/lib/python3.7/site-packages/airflow/example_dags/example_task_group.py
[2023-04-10 11:33:18,003] {processor.py:632} INFO - DAG(s) dict_keys(['example_task_group']) retrieved from /home/airflow/.local/lib/python3.7/site-packages/airflow/example_dags/example_task_group.py
[2023-04-10 11:33:18,014] {logging_mixin.py:109} INFO - [2023-04-10 11:33:18,013] {dag.py:2389} INFO - Sync 1 DAGs
[2023-04-10 11:33:18,032] {logging_mixin.py:109} INFO - [2023-04-10 11:33:18,032] {dag.py:2921} INFO - Setting next_dagrun for example_task_group to 2023-04-09T11:33:18.032123+00:00
[2023-04-10 11:33:18,042] {processor.py:171} INFO - Processing /home/airflow/.local/lib/python3.7/site-packages/airflow/example_dags/example_task_group.py took 0.070 seconds
[2023-04-10 11:33:48,539] {processor.py:163} INFO - Started process (PID=1075) to work on /home/airflow/.local/lib/python3.7/site-packages/airflow/example_dags/example_task_group.py
[2023-04-10 11:33:48,540] {processor.py:620} INFO - Processing file /home/airflow/.local/lib/python3.7/site-packages/airflow/example_dags/example_task_group.py for tasks to queue
[2023-04-10 11:33:48,541] {logging_mixin.py:109} INFO - [2023-04-10 11:33:48,541] {dagbag.py:500} INFO - Filling up the DagBag from /home/airflow/.local/lib/python3.7/site-packages/airflow/example_dags/example_task_group.py
[2023-04-10 11:33:48,565] {processor.py:632} INFO - DAG(s) dict_keys(['example_task_group']) retrieved from /home/airflow/.local/lib/python3.7/site-packages/airflow/example_dags/example_task_group.py
[2023-04-10 11:33:48,576] {logging_mixin.py:109} INFO - [2023-04-10 11:33:48,576] {dag.py:2389} INFO - Sync 1 DAGs
[2023-04-10 11:33:48,591] {logging_mixin.py:109} INFO - [2023-04-10 11:33:48,591] {dag.py:2921} INFO - Setting next_dagrun for example_task_group to 2023-04-09T11:33:48.591051+00:00
[2023-04-10 11:33:48,600] {processor.py:171} INFO - Processing /home/airflow/.local/lib/python3.7/site-packages/airflow/example_dags/example_task_group.py took 0.063 seconds
[2023-04-10 11:34:18,958] {processor.py:163} INFO - Started process (PID=1135) to work on /home/airflow/.local/lib/python3.7/site-packages/airflow/example_dags/example_task_group.py
[2023-04-10 11:34:18,960] {processor.py:620} INFO - Processing file /home/airflow/.local/lib/python3.7/site-packages/airflow/example_dags/example_task_group.py for tasks to queue
[2023-04-10 11:34:18,960] {logging_mixin.py:109} INFO - [2023-04-10 11:34:18,960] {dagbag.py:500} INFO - Filling up the DagBag from /home/airflow/.local/lib/python3.7/site-packages/airflow/example_dags/example_task_group.py
[2023-04-10 11:34:18,990] {processor.py:632} INFO - DAG(s) dict_keys(['example_task_group']) retrieved from /home/airflow/.local/lib/python3.7/site-packages/airflow/example_dags/example_task_group.py
[2023-04-10 11:34:19,002] {logging_mixin.py:109} INFO - [2023-04-10 11:34:19,002] {dag.py:2389} INFO - Sync 1 DAGs
[2023-04-10 11:34:19,018] {logging_mixin.py:109} INFO - [2023-04-10 11:34:19,018] {dag.py:2921} INFO - Setting next_dagrun for example_task_group to 2023-04-09T11:34:19.018344+00:00
[2023-04-10 11:34:19,030] {processor.py:171} INFO - Processing /home/airflow/.local/lib/python3.7/site-packages/airflow/example_dags/example_task_group.py took 0.074 seconds
[2023-04-10 11:34:49,204] {processor.py:163} INFO - Started process (PID=1186) to work on /home/airflow/.local/lib/python3.7/site-packages/airflow/example_dags/example_task_group.py
[2023-04-10 11:34:49,205] {processor.py:620} INFO - Processing file /home/airflow/.local/lib/python3.7/site-packages/airflow/example_dags/example_task_group.py for tasks to queue
[2023-04-10 11:34:49,205] {logging_mixin.py:109} INFO - [2023-04-10 11:34:49,205] {dagbag.py:500} INFO - Filling up the DagBag from /home/airflow/.local/lib/python3.7/site-packages/airflow/example_dags/example_task_group.py
[2023-04-10 11:34:49,228] {processor.py:632} INFO - DAG(s) dict_keys(['example_task_group']) retrieved from /home/airflow/.local/lib/python3.7/site-packages/airflow/example_dags/example_task_group.py
[2023-04-10 11:34:49,236] {logging_mixin.py:109} INFO - [2023-04-10 11:34:49,236] {dag.py:2389} INFO - Sync 1 DAGs
[2023-04-10 11:34:49,249] {logging_mixin.py:109} INFO - [2023-04-10 11:34:49,248] {dag.py:2921} INFO - Setting next_dagrun for example_task_group to 2023-04-09T11:34:49.248715+00:00
[2023-04-10 11:34:49,256] {processor.py:171} INFO - Processing /home/airflow/.local/lib/python3.7/site-packages/airflow/example_dags/example_task_group.py took 0.055 seconds
[2023-04-10 11:35:19,562] {processor.py:163} INFO - Started process (PID=1236) to work on /home/airflow/.local/lib/python3.7/site-packages/airflow/example_dags/example_task_group.py
[2023-04-10 11:35:19,563] {processor.py:620} INFO - Processing file /home/airflow/.local/lib/python3.7/site-packages/airflow/example_dags/example_task_group.py for tasks to queue
[2023-04-10 11:35:19,563] {logging_mixin.py:109} INFO - [2023-04-10 11:35:19,563] {dagbag.py:500} INFO - Filling up the DagBag from /home/airflow/.local/lib/python3.7/site-packages/airflow/example_dags/example_task_group.py
[2023-04-10 11:35:19,586] {processor.py:632} INFO - DAG(s) dict_keys(['example_task_group']) retrieved from /home/airflow/.local/lib/python3.7/site-packages/airflow/example_dags/example_task_group.py
[2023-04-10 11:35:19,595] {logging_mixin.py:109} INFO - [2023-04-10 11:35:19,595] {dag.py:2389} INFO - Sync 1 DAGs
[2023-04-10 11:35:19,607] {logging_mixin.py:109} INFO - [2023-04-10 11:35:19,607] {dag.py:2921} INFO - Setting next_dagrun for example_task_group to 2023-04-09T11:35:19.607579+00:00
[2023-04-10 11:35:19,616] {processor.py:171} INFO - Processing /home/airflow/.local/lib/python3.7/site-packages/airflow/example_dags/example_task_group.py took 0.056 seconds
[2023-04-10 11:35:49,840] {processor.py:163} INFO - Started process (PID=1296) to work on /home/airflow/.local/lib/python3.7/site-packages/airflow/example_dags/example_task_group.py
[2023-04-10 11:35:49,841] {processor.py:620} INFO - Processing file /home/airflow/.local/lib/python3.7/site-packages/airflow/example_dags/example_task_group.py for tasks to queue
[2023-04-10 11:35:49,842] {logging_mixin.py:109} INFO - [2023-04-10 11:35:49,842] {dagbag.py:500} INFO - Filling up the DagBag from /home/airflow/.local/lib/python3.7/site-packages/airflow/example_dags/example_task_group.py
[2023-04-10 11:35:49,865] {processor.py:632} INFO - DAG(s) dict_keys(['example_task_group']) retrieved from /home/airflow/.local/lib/python3.7/site-packages/airflow/example_dags/example_task_group.py
[2023-04-10 11:35:49,874] {logging_mixin.py:109} INFO - [2023-04-10 11:35:49,874] {dag.py:2389} INFO - Sync 1 DAGs
[2023-04-10 11:35:49,884] {logging_mixin.py:109} INFO - [2023-04-10 11:35:49,884] {dag.py:2921} INFO - Setting next_dagrun for example_task_group to 2023-04-09T11:35:49.883999+00:00
[2023-04-10 11:35:49,892] {processor.py:171} INFO - Processing /home/airflow/.local/lib/python3.7/site-packages/airflow/example_dags/example_task_group.py took 0.054 seconds
[2023-04-10 11:36:20,191] {processor.py:163} INFO - Started process (PID=1348) to work on /home/airflow/.local/lib/python3.7/site-packages/airflow/example_dags/example_task_group.py
[2023-04-10 11:36:20,192] {processor.py:620} INFO - Processing file /home/airflow/.local/lib/python3.7/site-packages/airflow/example_dags/example_task_group.py for tasks to queue
[2023-04-10 11:36:20,192] {logging_mixin.py:109} INFO - [2023-04-10 11:36:20,192] {dagbag.py:500} INFO - Filling up the DagBag from /home/airflow/.local/lib/python3.7/site-packages/airflow/example_dags/example_task_group.py
[2023-04-10 11:36:20,214] {processor.py:632} INFO - DAG(s) dict_keys(['example_task_group']) retrieved from /home/airflow/.local/lib/python3.7/site-packages/airflow/example_dags/example_task_group.py
[2023-04-10 11:36:20,227] {logging_mixin.py:109} INFO - [2023-04-10 11:36:20,226] {dag.py:2389} INFO - Sync 1 DAGs
[2023-04-10 11:36:20,246] {logging_mixin.py:109} INFO - [2023-04-10 11:36:20,246] {dag.py:2921} INFO - Setting next_dagrun for example_task_group to 2023-04-09T11:36:20.245913+00:00
[2023-04-10 11:36:20,259] {processor.py:171} INFO - Processing /home/airflow/.local/lib/python3.7/site-packages/airflow/example_dags/example_task_group.py took 0.070 seconds
[2023-04-10 11:36:50,627] {processor.py:163} INFO - Started process (PID=1409) to work on /home/airflow/.local/lib/python3.7/site-packages/airflow/example_dags/example_task_group.py
[2023-04-10 11:36:50,628] {processor.py:620} INFO - Processing file /home/airflow/.local/lib/python3.7/site-packages/airflow/example_dags/example_task_group.py for tasks to queue
[2023-04-10 11:36:50,629] {logging_mixin.py:109} INFO - [2023-04-10 11:36:50,629] {dagbag.py:500} INFO - Filling up the DagBag from /home/airflow/.local/lib/python3.7/site-packages/airflow/example_dags/example_task_group.py
[2023-04-10 11:36:50,651] {processor.py:632} INFO - DAG(s) dict_keys(['example_task_group']) retrieved from /home/airflow/.local/lib/python3.7/site-packages/airflow/example_dags/example_task_group.py
[2023-04-10 11:36:50,660] {logging_mixin.py:109} INFO - [2023-04-10 11:36:50,660] {dag.py:2389} INFO - Sync 1 DAGs
[2023-04-10 11:36:50,674] {logging_mixin.py:109} INFO - [2023-04-10 11:36:50,674] {dag.py:2921} INFO - Setting next_dagrun for example_task_group to 2023-04-09T11:36:50.673885+00:00
[2023-04-10 11:36:50,681] {processor.py:171} INFO - Processing /home/airflow/.local/lib/python3.7/site-packages/airflow/example_dags/example_task_group.py took 0.057 seconds
[2023-04-10 11:37:21,017] {processor.py:163} INFO - Started process (PID=1460) to work on /home/airflow/.local/lib/python3.7/site-packages/airflow/example_dags/example_task_group.py
[2023-04-10 11:37:21,018] {processor.py:620} INFO - Processing file /home/airflow/.local/lib/python3.7/site-packages/airflow/example_dags/example_task_group.py for tasks to queue
[2023-04-10 11:37:21,018] {logging_mixin.py:109} INFO - [2023-04-10 11:37:21,018] {dagbag.py:500} INFO - Filling up the DagBag from /home/airflow/.local/lib/python3.7/site-packages/airflow/example_dags/example_task_group.py
[2023-04-10 11:37:21,043] {processor.py:632} INFO - DAG(s) dict_keys(['example_task_group']) retrieved from /home/airflow/.local/lib/python3.7/site-packages/airflow/example_dags/example_task_group.py
[2023-04-10 11:37:21,052] {logging_mixin.py:109} INFO - [2023-04-10 11:37:21,052] {dag.py:2389} INFO - Sync 1 DAGs
[2023-04-10 11:37:21,065] {logging_mixin.py:109} INFO - [2023-04-10 11:37:21,065] {dag.py:2921} INFO - Setting next_dagrun for example_task_group to 2023-04-09T11:37:21.065116+00:00
[2023-04-10 11:37:21,072] {processor.py:171} INFO - Processing /home/airflow/.local/lib/python3.7/site-packages/airflow/example_dags/example_task_group.py took 0.059 seconds
[2023-04-10 11:37:52,250] {processor.py:163} INFO - Started process (PID=1521) to work on /home/airflow/.local/lib/python3.7/site-packages/airflow/example_dags/example_task_group.py
[2023-04-10 11:37:52,252] {processor.py:620} INFO - Processing file /home/airflow/.local/lib/python3.7/site-packages/airflow/example_dags/example_task_group.py for tasks to queue
[2023-04-10 11:37:52,252] {logging_mixin.py:109} INFO - [2023-04-10 11:37:52,252] {dagbag.py:500} INFO - Filling up the DagBag from /home/airflow/.local/lib/python3.7/site-packages/airflow/example_dags/example_task_group.py
[2023-04-10 11:37:52,277] {processor.py:632} INFO - DAG(s) dict_keys(['example_task_group']) retrieved from /home/airflow/.local/lib/python3.7/site-packages/airflow/example_dags/example_task_group.py
[2023-04-10 11:37:52,287] {logging_mixin.py:109} INFO - [2023-04-10 11:37:52,287] {dag.py:2389} INFO - Sync 1 DAGs
[2023-04-10 11:37:52,303] {logging_mixin.py:109} INFO - [2023-04-10 11:37:52,303] {dag.py:2921} INFO - Setting next_dagrun for example_task_group to 2023-04-09T11:37:52.303092+00:00
[2023-04-10 11:37:52,312] {processor.py:171} INFO - Processing /home/airflow/.local/lib/python3.7/site-packages/airflow/example_dags/example_task_group.py took 0.064 seconds
[2023-04-10 11:38:22,564] {processor.py:163} INFO - Started process (PID=1572) to work on /home/airflow/.local/lib/python3.7/site-packages/airflow/example_dags/example_task_group.py
[2023-04-10 11:38:22,565] {processor.py:620} INFO - Processing file /home/airflow/.local/lib/python3.7/site-packages/airflow/example_dags/example_task_group.py for tasks to queue
[2023-04-10 11:38:22,565] {logging_mixin.py:109} INFO - [2023-04-10 11:38:22,565] {dagbag.py:500} INFO - Filling up the DagBag from /home/airflow/.local/lib/python3.7/site-packages/airflow/example_dags/example_task_group.py
[2023-04-10 11:38:22,589] {processor.py:632} INFO - DAG(s) dict_keys(['example_task_group']) retrieved from /home/airflow/.local/lib/python3.7/site-packages/airflow/example_dags/example_task_group.py
[2023-04-10 11:38:22,599] {logging_mixin.py:109} INFO - [2023-04-10 11:38:22,598] {dag.py:2389} INFO - Sync 1 DAGs
[2023-04-10 11:38:22,612] {logging_mixin.py:109} INFO - [2023-04-10 11:38:22,611] {dag.py:2921} INFO - Setting next_dagrun for example_task_group to 2023-04-09T11:38:22.611693+00:00
[2023-04-10 11:38:22,620] {processor.py:171} INFO - Processing /home/airflow/.local/lib/python3.7/site-packages/airflow/example_dags/example_task_group.py took 0.060 seconds
[2023-04-10 11:38:53,710] {processor.py:163} INFO - Started process (PID=1630) to work on /home/airflow/.local/lib/python3.7/site-packages/airflow/example_dags/example_task_group.py
[2023-04-10 11:38:53,711] {processor.py:620} INFO - Processing file /home/airflow/.local/lib/python3.7/site-packages/airflow/example_dags/example_task_group.py for tasks to queue
[2023-04-10 11:38:53,712] {logging_mixin.py:109} INFO - [2023-04-10 11:38:53,712] {dagbag.py:500} INFO - Filling up the DagBag from /home/airflow/.local/lib/python3.7/site-packages/airflow/example_dags/example_task_group.py
[2023-04-10 11:38:53,736] {processor.py:632} INFO - DAG(s) dict_keys(['example_task_group']) retrieved from /home/airflow/.local/lib/python3.7/site-packages/airflow/example_dags/example_task_group.py
[2023-04-10 11:38:53,746] {logging_mixin.py:109} INFO - [2023-04-10 11:38:53,745] {dag.py:2389} INFO - Sync 1 DAGs
[2023-04-10 11:38:53,759] {logging_mixin.py:109} INFO - [2023-04-10 11:38:53,759] {dag.py:2921} INFO - Setting next_dagrun for example_task_group to 2023-04-09T11:38:53.759151+00:00
[2023-04-10 11:38:53,767] {processor.py:171} INFO - Processing /home/airflow/.local/lib/python3.7/site-packages/airflow/example_dags/example_task_group.py took 0.059 seconds
[2023-04-10 11:39:24,028] {processor.py:163} INFO - Started process (PID=1683) to work on /home/airflow/.local/lib/python3.7/site-packages/airflow/example_dags/example_task_group.py
[2023-04-10 11:39:24,029] {processor.py:620} INFO - Processing file /home/airflow/.local/lib/python3.7/site-packages/airflow/example_dags/example_task_group.py for tasks to queue
[2023-04-10 11:39:24,029] {logging_mixin.py:109} INFO - [2023-04-10 11:39:24,029] {dagbag.py:500} INFO - Filling up the DagBag from /home/airflow/.local/lib/python3.7/site-packages/airflow/example_dags/example_task_group.py
[2023-04-10 11:39:24,051] {processor.py:632} INFO - DAG(s) dict_keys(['example_task_group']) retrieved from /home/airflow/.local/lib/python3.7/site-packages/airflow/example_dags/example_task_group.py
[2023-04-10 11:39:24,060] {logging_mixin.py:109} INFO - [2023-04-10 11:39:24,060] {dag.py:2389} INFO - Sync 1 DAGs
[2023-04-10 11:39:24,075] {logging_mixin.py:109} INFO - [2023-04-10 11:39:24,075] {dag.py:2921} INFO - Setting next_dagrun for example_task_group to 2023-04-09T11:39:24.074896+00:00
[2023-04-10 11:39:24,083] {processor.py:171} INFO - Processing /home/airflow/.local/lib/python3.7/site-packages/airflow/example_dags/example_task_group.py took 0.057 seconds
[2023-04-10 11:39:54,328] {processor.py:163} INFO - Started process (PID=1734) to work on /home/airflow/.local/lib/python3.7/site-packages/airflow/example_dags/example_task_group.py
[2023-04-10 11:39:54,329] {processor.py:620} INFO - Processing file /home/airflow/.local/lib/python3.7/site-packages/airflow/example_dags/example_task_group.py for tasks to queue
[2023-04-10 11:39:54,329] {logging_mixin.py:109} INFO - [2023-04-10 11:39:54,329] {dagbag.py:500} INFO - Filling up the DagBag from /home/airflow/.local/lib/python3.7/site-packages/airflow/example_dags/example_task_group.py
[2023-04-10 11:39:54,349] {processor.py:632} INFO - DAG(s) dict_keys(['example_task_group']) retrieved from /home/airflow/.local/lib/python3.7/site-packages/airflow/example_dags/example_task_group.py
[2023-04-10 11:39:54,356] {logging_mixin.py:109} INFO - [2023-04-10 11:39:54,356] {dag.py:2389} INFO - Sync 1 DAGs
[2023-04-10 11:39:54,366] {logging_mixin.py:109} INFO - [2023-04-10 11:39:54,366] {dag.py:2921} INFO - Setting next_dagrun for example_task_group to 2023-04-09T11:39:54.366168+00:00
[2023-04-10 11:39:54,373] {processor.py:171} INFO - Processing /home/airflow/.local/lib/python3.7/site-packages/airflow/example_dags/example_task_group.py took 0.047 seconds
[2023-04-10 11:40:25,489] {processor.py:163} INFO - Started process (PID=1794) to work on /home/airflow/.local/lib/python3.7/site-packages/airflow/example_dags/example_task_group.py
[2023-04-10 11:40:25,491] {processor.py:620} INFO - Processing file /home/airflow/.local/lib/python3.7/site-packages/airflow/example_dags/example_task_group.py for tasks to queue
[2023-04-10 11:40:25,491] {logging_mixin.py:109} INFO - [2023-04-10 11:40:25,491] {dagbag.py:500} INFO - Filling up the DagBag from /home/airflow/.local/lib/python3.7/site-packages/airflow/example_dags/example_task_group.py
[2023-04-10 11:40:25,513] {processor.py:632} INFO - DAG(s) dict_keys(['example_task_group']) retrieved from /home/airflow/.local/lib/python3.7/site-packages/airflow/example_dags/example_task_group.py
[2023-04-10 11:40:25,521] {logging_mixin.py:109} INFO - [2023-04-10 11:40:25,521] {dag.py:2389} INFO - Sync 1 DAGs
[2023-04-10 11:40:25,536] {logging_mixin.py:109} INFO - [2023-04-10 11:40:25,536] {dag.py:2921} INFO - Setting next_dagrun for example_task_group to 2023-04-09T11:40:25.536075+00:00
[2023-04-10 11:40:25,544] {processor.py:171} INFO - Processing /home/airflow/.local/lib/python3.7/site-packages/airflow/example_dags/example_task_group.py took 0.057 seconds
[2023-04-10 11:40:55,837] {processor.py:163} INFO - Started process (PID=1845) to work on /home/airflow/.local/lib/python3.7/site-packages/airflow/example_dags/example_task_group.py
[2023-04-10 11:40:55,838] {processor.py:620} INFO - Processing file /home/airflow/.local/lib/python3.7/site-packages/airflow/example_dags/example_task_group.py for tasks to queue
[2023-04-10 11:40:55,838] {logging_mixin.py:109} INFO - [2023-04-10 11:40:55,838] {dagbag.py:500} INFO - Filling up the DagBag from /home/airflow/.local/lib/python3.7/site-packages/airflow/example_dags/example_task_group.py
[2023-04-10 11:40:55,858] {processor.py:632} INFO - DAG(s) dict_keys(['example_task_group']) retrieved from /home/airflow/.local/lib/python3.7/site-packages/airflow/example_dags/example_task_group.py
[2023-04-10 11:40:55,865] {logging_mixin.py:109} INFO - [2023-04-10 11:40:55,865] {dag.py:2389} INFO - Sync 1 DAGs
[2023-04-10 11:40:55,874] {logging_mixin.py:109} INFO - [2023-04-10 11:40:55,874] {dag.py:2921} INFO - Setting next_dagrun for example_task_group to 2023-04-09T11:40:55.874708+00:00
[2023-04-10 11:40:55,882] {processor.py:171} INFO - Processing /home/airflow/.local/lib/python3.7/site-packages/airflow/example_dags/example_task_group.py took 0.046 seconds
[2023-04-10 11:41:26,128] {processor.py:163} INFO - Started process (PID=1905) to work on /home/airflow/.local/lib/python3.7/site-packages/airflow/example_dags/example_task_group.py
[2023-04-10 11:41:26,129] {processor.py:620} INFO - Processing file /home/airflow/.local/lib/python3.7/site-packages/airflow/example_dags/example_task_group.py for tasks to queue
[2023-04-10 11:41:26,130] {logging_mixin.py:109} INFO - [2023-04-10 11:41:26,129] {dagbag.py:500} INFO - Filling up the DagBag from /home/airflow/.local/lib/python3.7/site-packages/airflow/example_dags/example_task_group.py
[2023-04-10 11:41:26,151] {processor.py:632} INFO - DAG(s) dict_keys(['example_task_group']) retrieved from /home/airflow/.local/lib/python3.7/site-packages/airflow/example_dags/example_task_group.py
[2023-04-10 11:41:26,159] {logging_mixin.py:109} INFO - [2023-04-10 11:41:26,159] {dag.py:2389} INFO - Sync 1 DAGs
[2023-04-10 11:41:26,171] {logging_mixin.py:109} INFO - [2023-04-10 11:41:26,170] {dag.py:2921} INFO - Setting next_dagrun for example_task_group to 2023-04-09T11:41:26.170723+00:00
[2023-04-10 11:41:26,179] {processor.py:171} INFO - Processing /home/airflow/.local/lib/python3.7/site-packages/airflow/example_dags/example_task_group.py took 0.053 seconds
[2023-04-10 11:41:56,435] {processor.py:163} INFO - Started process (PID=1956) to work on /home/airflow/.local/lib/python3.7/site-packages/airflow/example_dags/example_task_group.py
[2023-04-10 11:41:56,436] {processor.py:620} INFO - Processing file /home/airflow/.local/lib/python3.7/site-packages/airflow/example_dags/example_task_group.py for tasks to queue
[2023-04-10 11:41:56,436] {logging_mixin.py:109} INFO - [2023-04-10 11:41:56,436] {dagbag.py:500} INFO - Filling up the DagBag from /home/airflow/.local/lib/python3.7/site-packages/airflow/example_dags/example_task_group.py
[2023-04-10 11:41:56,459] {processor.py:632} INFO - DAG(s) dict_keys(['example_task_group']) retrieved from /home/airflow/.local/lib/python3.7/site-packages/airflow/example_dags/example_task_group.py
[2023-04-10 11:41:56,468] {logging_mixin.py:109} INFO - [2023-04-10 11:41:56,468] {dag.py:2389} INFO - Sync 1 DAGs
[2023-04-10 11:41:56,481] {logging_mixin.py:109} INFO - [2023-04-10 11:41:56,481] {dag.py:2921} INFO - Setting next_dagrun for example_task_group to 2023-04-09T11:41:56.481373+00:00
[2023-04-10 11:41:56,490] {processor.py:171} INFO - Processing /home/airflow/.local/lib/python3.7/site-packages/airflow/example_dags/example_task_group.py took 0.058 seconds
[2023-04-10 11:42:26,824] {processor.py:163} INFO - Started process (PID=2017) to work on /home/airflow/.local/lib/python3.7/site-packages/airflow/example_dags/example_task_group.py
[2023-04-10 11:42:26,825] {processor.py:620} INFO - Processing file /home/airflow/.local/lib/python3.7/site-packages/airflow/example_dags/example_task_group.py for tasks to queue
[2023-04-10 11:42:26,825] {logging_mixin.py:109} INFO - [2023-04-10 11:42:26,825] {dagbag.py:500} INFO - Filling up the DagBag from /home/airflow/.local/lib/python3.7/site-packages/airflow/example_dags/example_task_group.py
[2023-04-10 11:42:26,846] {processor.py:632} INFO - DAG(s) dict_keys(['example_task_group']) retrieved from /home/airflow/.local/lib/python3.7/site-packages/airflow/example_dags/example_task_group.py
[2023-04-10 11:42:26,855] {logging_mixin.py:109} INFO - [2023-04-10 11:42:26,855] {dag.py:2389} INFO - Sync 1 DAGs
[2023-04-10 11:42:26,868] {logging_mixin.py:109} INFO - [2023-04-10 11:42:26,867] {dag.py:2921} INFO - Setting next_dagrun for example_task_group to 2023-04-09T11:42:26.867622+00:00
[2023-04-10 11:42:26,877] {processor.py:171} INFO - Processing /home/airflow/.local/lib/python3.7/site-packages/airflow/example_dags/example_task_group.py took 0.055 seconds
[2023-04-10 11:42:57,214] {processor.py:163} INFO - Started process (PID=2068) to work on /home/airflow/.local/lib/python3.7/site-packages/airflow/example_dags/example_task_group.py
[2023-04-10 11:42:57,215] {processor.py:620} INFO - Processing file /home/airflow/.local/lib/python3.7/site-packages/airflow/example_dags/example_task_group.py for tasks to queue
[2023-04-10 11:42:57,215] {logging_mixin.py:109} INFO - [2023-04-10 11:42:57,215] {dagbag.py:500} INFO - Filling up the DagBag from /home/airflow/.local/lib/python3.7/site-packages/airflow/example_dags/example_task_group.py
[2023-04-10 11:42:57,239] {processor.py:632} INFO - DAG(s) dict_keys(['example_task_group']) retrieved from /home/airflow/.local/lib/python3.7/site-packages/airflow/example_dags/example_task_group.py
[2023-04-10 11:42:57,250] {logging_mixin.py:109} INFO - [2023-04-10 11:42:57,250] {dag.py:2389} INFO - Sync 1 DAGs
[2023-04-10 11:42:57,264] {logging_mixin.py:109} INFO - [2023-04-10 11:42:57,264] {dag.py:2921} INFO - Setting next_dagrun for example_task_group to 2023-04-09T11:42:57.264331+00:00
[2023-04-10 11:42:57,273] {processor.py:171} INFO - Processing /home/airflow/.local/lib/python3.7/site-packages/airflow/example_dags/example_task_group.py took 0.062 seconds
[2023-04-10 11:43:28,197] {processor.py:163} INFO - Started process (PID=2129) to work on /home/airflow/.local/lib/python3.7/site-packages/airflow/example_dags/example_task_group.py
[2023-04-10 11:43:28,199] {processor.py:620} INFO - Processing file /home/airflow/.local/lib/python3.7/site-packages/airflow/example_dags/example_task_group.py for tasks to queue
[2023-04-10 11:43:28,199] {logging_mixin.py:109} INFO - [2023-04-10 11:43:28,199] {dagbag.py:500} INFO - Filling up the DagBag from /home/airflow/.local/lib/python3.7/site-packages/airflow/example_dags/example_task_group.py
[2023-04-10 11:43:28,227] {processor.py:632} INFO - DAG(s) dict_keys(['example_task_group']) retrieved from /home/airflow/.local/lib/python3.7/site-packages/airflow/example_dags/example_task_group.py
[2023-04-10 11:43:28,238] {logging_mixin.py:109} INFO - [2023-04-10 11:43:28,238] {dag.py:2389} INFO - Sync 1 DAGs
[2023-04-10 11:43:28,254] {logging_mixin.py:109} INFO - [2023-04-10 11:43:28,254] {dag.py:2921} INFO - Setting next_dagrun for example_task_group to 2023-04-09T11:43:28.253815+00:00
[2023-04-10 11:43:28,263] {processor.py:171} INFO - Processing /home/airflow/.local/lib/python3.7/site-packages/airflow/example_dags/example_task_group.py took 0.069 seconds
[2023-04-10 11:43:58,339] {processor.py:163} INFO - Started process (PID=2179) to work on /home/airflow/.local/lib/python3.7/site-packages/airflow/example_dags/example_task_group.py
[2023-04-10 11:43:58,340] {processor.py:620} INFO - Processing file /home/airflow/.local/lib/python3.7/site-packages/airflow/example_dags/example_task_group.py for tasks to queue
[2023-04-10 11:43:58,341] {logging_mixin.py:109} INFO - [2023-04-10 11:43:58,341] {dagbag.py:500} INFO - Filling up the DagBag from /home/airflow/.local/lib/python3.7/site-packages/airflow/example_dags/example_task_group.py
[2023-04-10 11:43:58,365] {processor.py:632} INFO - DAG(s) dict_keys(['example_task_group']) retrieved from /home/airflow/.local/lib/python3.7/site-packages/airflow/example_dags/example_task_group.py
[2023-04-10 11:43:58,377] {logging_mixin.py:109} INFO - [2023-04-10 11:43:58,377] {dag.py:2389} INFO - Sync 1 DAGs
[2023-04-10 11:43:58,396] {logging_mixin.py:109} INFO - [2023-04-10 11:43:58,396] {dag.py:2921} INFO - Setting next_dagrun for example_task_group to 2023-04-09T11:43:58.395822+00:00
[2023-04-10 11:43:58,407] {processor.py:171} INFO - Processing /home/airflow/.local/lib/python3.7/site-packages/airflow/example_dags/example_task_group.py took 0.070 seconds
[2023-04-10 11:44:28,793] {processor.py:163} INFO - Started process (PID=2237) to work on /home/airflow/.local/lib/python3.7/site-packages/airflow/example_dags/example_task_group.py
[2023-04-10 11:44:28,794] {processor.py:620} INFO - Processing file /home/airflow/.local/lib/python3.7/site-packages/airflow/example_dags/example_task_group.py for tasks to queue
[2023-04-10 11:44:28,795] {logging_mixin.py:109} INFO - [2023-04-10 11:44:28,795] {dagbag.py:500} INFO - Filling up the DagBag from /home/airflow/.local/lib/python3.7/site-packages/airflow/example_dags/example_task_group.py
[2023-04-10 11:44:28,816] {processor.py:632} INFO - DAG(s) dict_keys(['example_task_group']) retrieved from /home/airflow/.local/lib/python3.7/site-packages/airflow/example_dags/example_task_group.py
[2023-04-10 11:44:28,825] {logging_mixin.py:109} INFO - [2023-04-10 11:44:28,825] {dag.py:2389} INFO - Sync 1 DAGs
[2023-04-10 11:44:28,839] {logging_mixin.py:109} INFO - [2023-04-10 11:44:28,839] {dag.py:2921} INFO - Setting next_dagrun for example_task_group to 2023-04-09T11:44:28.839614+00:00
[2023-04-10 11:44:28,850] {processor.py:171} INFO - Processing /home/airflow/.local/lib/python3.7/site-packages/airflow/example_dags/example_task_group.py took 0.059 seconds
[2023-04-10 11:44:59,015] {processor.py:163} INFO - Started process (PID=2289) to work on /home/airflow/.local/lib/python3.7/site-packages/airflow/example_dags/example_task_group.py
[2023-04-10 11:44:59,016] {processor.py:620} INFO - Processing file /home/airflow/.local/lib/python3.7/site-packages/airflow/example_dags/example_task_group.py for tasks to queue
[2023-04-10 11:44:59,016] {logging_mixin.py:109} INFO - [2023-04-10 11:44:59,016] {dagbag.py:500} INFO - Filling up the DagBag from /home/airflow/.local/lib/python3.7/site-packages/airflow/example_dags/example_task_group.py
[2023-04-10 11:44:59,042] {processor.py:632} INFO - DAG(s) dict_keys(['example_task_group']) retrieved from /home/airflow/.local/lib/python3.7/site-packages/airflow/example_dags/example_task_group.py
[2023-04-10 11:44:59,051] {logging_mixin.py:109} INFO - [2023-04-10 11:44:59,051] {dag.py:2389} INFO - Sync 1 DAGs
[2023-04-10 11:44:59,066] {logging_mixin.py:109} INFO - [2023-04-10 11:44:59,065] {dag.py:2921} INFO - Setting next_dagrun for example_task_group to 2023-04-09T11:44:59.065756+00:00
[2023-04-10 11:44:59,075] {processor.py:171} INFO - Processing /home/airflow/.local/lib/python3.7/site-packages/airflow/example_dags/example_task_group.py took 0.062 seconds
[2023-04-10 11:45:29,432] {processor.py:163} INFO - Started process (PID=2341) to work on /home/airflow/.local/lib/python3.7/site-packages/airflow/example_dags/example_task_group.py
[2023-04-10 11:45:29,440] {processor.py:620} INFO - Processing file /home/airflow/.local/lib/python3.7/site-packages/airflow/example_dags/example_task_group.py for tasks to queue
[2023-04-10 11:45:29,440] {logging_mixin.py:109} INFO - [2023-04-10 11:45:29,440] {dagbag.py:500} INFO - Filling up the DagBag from /home/airflow/.local/lib/python3.7/site-packages/airflow/example_dags/example_task_group.py
[2023-04-10 11:45:29,463] {processor.py:632} INFO - DAG(s) dict_keys(['example_task_group']) retrieved from /home/airflow/.local/lib/python3.7/site-packages/airflow/example_dags/example_task_group.py
[2023-04-10 11:45:29,479] {logging_mixin.py:109} INFO - [2023-04-10 11:45:29,479] {dag.py:2389} INFO - Sync 1 DAGs
[2023-04-10 11:45:29,491] {logging_mixin.py:109} INFO - [2023-04-10 11:45:29,491] {dag.py:2921} INFO - Setting next_dagrun for example_task_group to 2023-04-09T11:45:29.491588+00:00
[2023-04-10 11:45:29,499] {processor.py:171} INFO - Processing /home/airflow/.local/lib/python3.7/site-packages/airflow/example_dags/example_task_group.py took 0.069 seconds
[2023-04-10 11:45:59,764] {processor.py:163} INFO - Started process (PID=2402) to work on /home/airflow/.local/lib/python3.7/site-packages/airflow/example_dags/example_task_group.py
[2023-04-10 11:45:59,764] {processor.py:620} INFO - Processing file /home/airflow/.local/lib/python3.7/site-packages/airflow/example_dags/example_task_group.py for tasks to queue
[2023-04-10 11:45:59,765] {logging_mixin.py:109} INFO - [2023-04-10 11:45:59,764] {dagbag.py:500} INFO - Filling up the DagBag from /home/airflow/.local/lib/python3.7/site-packages/airflow/example_dags/example_task_group.py
[2023-04-10 11:45:59,783] {processor.py:632} INFO - DAG(s) dict_keys(['example_task_group']) retrieved from /home/airflow/.local/lib/python3.7/site-packages/airflow/example_dags/example_task_group.py
[2023-04-10 11:45:59,790] {logging_mixin.py:109} INFO - [2023-04-10 11:45:59,790] {dag.py:2389} INFO - Sync 1 DAGs
[2023-04-10 11:45:59,801] {logging_mixin.py:109} INFO - [2023-04-10 11:45:59,801] {dag.py:2921} INFO - Setting next_dagrun for example_task_group to 2023-04-09T11:45:59.801386+00:00
[2023-04-10 11:45:59,809] {processor.py:171} INFO - Processing /home/airflow/.local/lib/python3.7/site-packages/airflow/example_dags/example_task_group.py took 0.047 seconds
[2023-04-10 11:46:30,102] {processor.py:163} INFO - Started process (PID=2453) to work on /home/airflow/.local/lib/python3.7/site-packages/airflow/example_dags/example_task_group.py
[2023-04-10 11:46:30,103] {processor.py:620} INFO - Processing file /home/airflow/.local/lib/python3.7/site-packages/airflow/example_dags/example_task_group.py for tasks to queue
[2023-04-10 11:46:30,103] {logging_mixin.py:109} INFO - [2023-04-10 11:46:30,103] {dagbag.py:500} INFO - Filling up the DagBag from /home/airflow/.local/lib/python3.7/site-packages/airflow/example_dags/example_task_group.py
[2023-04-10 11:46:30,125] {processor.py:632} INFO - DAG(s) dict_keys(['example_task_group']) retrieved from /home/airflow/.local/lib/python3.7/site-packages/airflow/example_dags/example_task_group.py
[2023-04-10 11:46:30,133] {logging_mixin.py:109} INFO - [2023-04-10 11:46:30,133] {dag.py:2389} INFO - Sync 1 DAGs
[2023-04-10 11:46:30,146] {logging_mixin.py:109} INFO - [2023-04-10 11:46:30,146] {dag.py:2921} INFO - Setting next_dagrun for example_task_group to 2023-04-09T11:46:30.146283+00:00
[2023-04-10 11:46:30,154] {processor.py:171} INFO - Processing /home/airflow/.local/lib/python3.7/site-packages/airflow/example_dags/example_task_group.py took 0.055 seconds
[2023-04-10 11:47:00,412] {processor.py:163} INFO - Started process (PID=2513) to work on /home/airflow/.local/lib/python3.7/site-packages/airflow/example_dags/example_task_group.py
[2023-04-10 11:47:00,412] {processor.py:620} INFO - Processing file /home/airflow/.local/lib/python3.7/site-packages/airflow/example_dags/example_task_group.py for tasks to queue
[2023-04-10 11:47:00,413] {logging_mixin.py:109} INFO - [2023-04-10 11:47:00,413] {dagbag.py:500} INFO - Filling up the DagBag from /home/airflow/.local/lib/python3.7/site-packages/airflow/example_dags/example_task_group.py
[2023-04-10 11:47:00,435] {processor.py:632} INFO - DAG(s) dict_keys(['example_task_group']) retrieved from /home/airflow/.local/lib/python3.7/site-packages/airflow/example_dags/example_task_group.py
[2023-04-10 11:47:00,442] {logging_mixin.py:109} INFO - [2023-04-10 11:47:00,442] {dag.py:2389} INFO - Sync 1 DAGs
[2023-04-10 11:47:00,455] {logging_mixin.py:109} INFO - [2023-04-10 11:47:00,455] {dag.py:2921} INFO - Setting next_dagrun for example_task_group to 2023-04-09T11:47:00.455247+00:00
[2023-04-10 11:47:00,464] {processor.py:171} INFO - Processing /home/airflow/.local/lib/python3.7/site-packages/airflow/example_dags/example_task_group.py took 0.055 seconds
[2023-04-10 11:47:30,815] {processor.py:163} INFO - Started process (PID=2564) to work on /home/airflow/.local/lib/python3.7/site-packages/airflow/example_dags/example_task_group.py
[2023-04-10 11:47:30,821] {processor.py:620} INFO - Processing file /home/airflow/.local/lib/python3.7/site-packages/airflow/example_dags/example_task_group.py for tasks to queue
[2023-04-10 11:47:30,821] {logging_mixin.py:109} INFO - [2023-04-10 11:47:30,821] {dagbag.py:500} INFO - Filling up the DagBag from /home/airflow/.local/lib/python3.7/site-packages/airflow/example_dags/example_task_group.py
[2023-04-10 11:47:30,846] {processor.py:632} INFO - DAG(s) dict_keys(['example_task_group']) retrieved from /home/airflow/.local/lib/python3.7/site-packages/airflow/example_dags/example_task_group.py
[2023-04-10 11:47:30,855] {logging_mixin.py:109} INFO - [2023-04-10 11:47:30,855] {dag.py:2389} INFO - Sync 1 DAGs
[2023-04-10 11:47:30,870] {logging_mixin.py:109} INFO - [2023-04-10 11:47:30,870] {dag.py:2921} INFO - Setting next_dagrun for example_task_group to 2023-04-09T11:47:30.869828+00:00
[2023-04-10 11:47:30,952] {processor.py:171} INFO - Processing /home/airflow/.local/lib/python3.7/site-packages/airflow/example_dags/example_task_group.py took 0.139 seconds
[2023-04-10 11:48:01,174] {processor.py:163} INFO - Started process (PID=2624) to work on /home/airflow/.local/lib/python3.7/site-packages/airflow/example_dags/example_task_group.py
[2023-04-10 11:48:01,175] {processor.py:620} INFO - Processing file /home/airflow/.local/lib/python3.7/site-packages/airflow/example_dags/example_task_group.py for tasks to queue
[2023-04-10 11:48:01,175] {logging_mixin.py:109} INFO - [2023-04-10 11:48:01,175] {dagbag.py:500} INFO - Filling up the DagBag from /home/airflow/.local/lib/python3.7/site-packages/airflow/example_dags/example_task_group.py
[2023-04-10 11:48:01,204] {processor.py:632} INFO - DAG(s) dict_keys(['example_task_group']) retrieved from /home/airflow/.local/lib/python3.7/site-packages/airflow/example_dags/example_task_group.py
[2023-04-10 11:48:01,215] {logging_mixin.py:109} INFO - [2023-04-10 11:48:01,215] {dag.py:2389} INFO - Sync 1 DAGs
[2023-04-10 11:48:01,344] {logging_mixin.py:109} INFO - [2023-04-10 11:48:01,344] {dag.py:2921} INFO - Setting next_dagrun for example_task_group to 2023-04-09T11:48:01.344519+00:00
[2023-04-10 11:48:01,355] {processor.py:171} INFO - Processing /home/airflow/.local/lib/python3.7/site-packages/airflow/example_dags/example_task_group.py took 0.185 seconds
[2023-04-10 11:48:03,458] {processor.py:163} INFO - Started process (PID=3118) to work on /home/airflow/.local/lib/python3.7/site-packages/airflow/example_dags/example_task_group.py
[2023-04-10 11:48:03,458] {processor.py:620} INFO - Processing file /home/airflow/.local/lib/python3.7/site-packages/airflow/example_dags/example_task_group.py for tasks to queue
[2023-04-10 11:48:03,459] {logging_mixin.py:109} INFO - [2023-04-10 11:48:03,459] {dagbag.py:500} INFO - Filling up the DagBag from /home/airflow/.local/lib/python3.7/site-packages/airflow/example_dags/example_task_group.py
[2023-04-10 11:48:03,484] {processor.py:632} INFO - DAG(s) dict_keys(['example_task_group']) retrieved from /home/airflow/.local/lib/python3.7/site-packages/airflow/example_dags/example_task_group.py
[2023-04-10 11:48:03,494] {logging_mixin.py:109} INFO - [2023-04-10 11:48:03,494] {dag.py:2389} INFO - Sync 1 DAGs
[2023-04-10 11:48:03,508] {logging_mixin.py:109} INFO - [2023-04-10 11:48:03,508] {dag.py:2921} INFO - Setting next_dagrun for example_task_group to 2023-04-09T11:48:03.507824+00:00
[2023-04-10 11:48:03,516] {processor.py:171} INFO - Processing /home/airflow/.local/lib/python3.7/site-packages/airflow/example_dags/example_task_group.py took 0.061 seconds
[2023-04-10 11:48:31,481] {processor.py:163} INFO - Started process (PID=2674) to work on /home/airflow/.local/lib/python3.7/site-packages/airflow/example_dags/example_task_group.py
[2023-04-10 11:48:31,482] {processor.py:620} INFO - Processing file /home/airflow/.local/lib/python3.7/site-packages/airflow/example_dags/example_task_group.py for tasks to queue
[2023-04-10 11:48:31,483] {logging_mixin.py:109} INFO - [2023-04-10 11:48:31,483] {dagbag.py:500} INFO - Filling up the DagBag from /home/airflow/.local/lib/python3.7/site-packages/airflow/example_dags/example_task_group.py
[2023-04-10 11:48:31,502] {processor.py:632} INFO - DAG(s) dict_keys(['example_task_group']) retrieved from /home/airflow/.local/lib/python3.7/site-packages/airflow/example_dags/example_task_group.py
[2023-04-10 11:48:31,509] {logging_mixin.py:109} INFO - [2023-04-10 11:48:31,509] {dag.py:2389} INFO - Sync 1 DAGs
[2023-04-10 11:48:31,582] {logging_mixin.py:109} INFO - [2023-04-10 11:48:31,582] {dag.py:2921} INFO - Setting next_dagrun for example_task_group to 2023-04-09T11:48:31.582697+00:00
[2023-04-10 11:48:31,591] {processor.py:171} INFO - Processing /home/airflow/.local/lib/python3.7/site-packages/airflow/example_dags/example_task_group.py took 0.112 seconds
