[2023-04-10 11:26:57,041] {processor.py:163} INFO - Started process (PID=238) to work on /home/airflow/.local/lib/python3.7/site-packages/airflow/example_dags/example_bash_operator.py
[2023-04-10 11:26:57,042] {processor.py:620} INFO - Processing file /home/airflow/.local/lib/python3.7/site-packages/airflow/example_dags/example_bash_operator.py for tasks to queue
[2023-04-10 11:26:57,043] {logging_mixin.py:109} INFO - [2023-04-10 11:26:57,043] {dagbag.py:500} INFO - Filling up the DagBag from /home/airflow/.local/lib/python3.7/site-packages/airflow/example_dags/example_bash_operator.py
[2023-04-10 11:26:57,076] {processor.py:632} INFO - DAG(s) dict_keys(['example_bash_operator']) retrieved from /home/airflow/.local/lib/python3.7/site-packages/airflow/example_dags/example_bash_operator.py
[2023-04-10 11:26:58,620] {logging_mixin.py:109} INFO - [2023-04-10 11:26:58,620] {providers_manager.py:156} WARNING - Exception when importing 'airflow.providers.google.leveldb.hooks.leveldb.LevelDBHook' from 'apache-airflow-providers-google' package: No module named 'plyvel'
[2023-04-10 11:26:58,994] {logging_mixin.py:109} INFO - [2023-04-10 11:26:58,994] {providers_manager.py:156} WARNING - Exception when importing 'airflow.providers.google.leveldb.hooks.leveldb.LevelDBHook' from 'apache-airflow-providers-google' package: No module named 'plyvel'
[2023-04-10 11:26:59,015] {logging_mixin.py:109} INFO - [2023-04-10 11:26:59,015] {manager.py:496} INFO - Created Permission View: can read on DAG:example_bash_operator
[2023-04-10 11:26:59,023] {logging_mixin.py:109} INFO - [2023-04-10 11:26:59,023] {manager.py:496} INFO - Created Permission View: can edit on DAG:example_bash_operator
[2023-04-10 11:26:59,024] {logging_mixin.py:109} INFO - [2023-04-10 11:26:59,024] {dag.py:2389} INFO - Sync 1 DAGs
[2023-04-10 11:26:59,031] {logging_mixin.py:109} INFO - [2023-04-10 11:26:59,030] {dag.py:2408} INFO - Creating ORM DAG for example_bash_operator
[2023-04-10 11:26:59,038] {logging_mixin.py:109} INFO - [2023-04-10 11:26:59,038] {dag.py:2921} INFO - Setting next_dagrun for example_bash_operator to 2023-04-09 00:00:00+00:00
[2023-04-10 11:26:59,051] {processor.py:171} INFO - Processing /home/airflow/.local/lib/python3.7/site-packages/airflow/example_dags/example_bash_operator.py took 2.013 seconds
[2023-04-10 11:27:29,834] {processor.py:163} INFO - Started process (PID=386) to work on /home/airflow/.local/lib/python3.7/site-packages/airflow/example_dags/example_bash_operator.py
[2023-04-10 11:27:29,835] {processor.py:620} INFO - Processing file /home/airflow/.local/lib/python3.7/site-packages/airflow/example_dags/example_bash_operator.py for tasks to queue
[2023-04-10 11:27:29,835] {logging_mixin.py:109} INFO - [2023-04-10 11:27:29,835] {dagbag.py:500} INFO - Filling up the DagBag from /home/airflow/.local/lib/python3.7/site-packages/airflow/example_dags/example_bash_operator.py
[2023-04-10 11:27:29,860] {processor.py:632} INFO - DAG(s) dict_keys(['example_bash_operator']) retrieved from /home/airflow/.local/lib/python3.7/site-packages/airflow/example_dags/example_bash_operator.py
[2023-04-10 11:27:29,871] {logging_mixin.py:109} INFO - [2023-04-10 11:27:29,871] {dag.py:2389} INFO - Sync 1 DAGs
[2023-04-10 11:27:29,890] {logging_mixin.py:109} INFO - [2023-04-10 11:27:29,890] {dag.py:2921} INFO - Setting next_dagrun for example_bash_operator to 2023-04-09 00:00:00+00:00
[2023-04-10 11:27:29,899] {processor.py:171} INFO - Processing /home/airflow/.local/lib/python3.7/site-packages/airflow/example_dags/example_bash_operator.py took 0.067 seconds
[2023-04-10 11:28:00,038] {processor.py:163} INFO - Started process (PID=437) to work on /home/airflow/.local/lib/python3.7/site-packages/airflow/example_dags/example_bash_operator.py
[2023-04-10 11:28:00,039] {processor.py:620} INFO - Processing file /home/airflow/.local/lib/python3.7/site-packages/airflow/example_dags/example_bash_operator.py for tasks to queue
[2023-04-10 11:28:00,040] {logging_mixin.py:109} INFO - [2023-04-10 11:28:00,040] {dagbag.py:500} INFO - Filling up the DagBag from /home/airflow/.local/lib/python3.7/site-packages/airflow/example_dags/example_bash_operator.py
[2023-04-10 11:28:00,071] {processor.py:632} INFO - DAG(s) dict_keys(['example_bash_operator']) retrieved from /home/airflow/.local/lib/python3.7/site-packages/airflow/example_dags/example_bash_operator.py
[2023-04-10 11:28:00,084] {logging_mixin.py:109} INFO - [2023-04-10 11:28:00,084] {dag.py:2389} INFO - Sync 1 DAGs
[2023-04-10 11:28:00,105] {logging_mixin.py:109} INFO - [2023-04-10 11:28:00,104] {dag.py:2921} INFO - Setting next_dagrun for example_bash_operator to 2023-04-09 00:00:00+00:00
[2023-04-10 11:28:00,115] {processor.py:171} INFO - Processing /home/airflow/.local/lib/python3.7/site-packages/airflow/example_dags/example_bash_operator.py took 0.080 seconds
[2023-04-10 11:28:30,215] {processor.py:163} INFO - Started process (PID=497) to work on /home/airflow/.local/lib/python3.7/site-packages/airflow/example_dags/example_bash_operator.py
[2023-04-10 11:28:30,216] {processor.py:620} INFO - Processing file /home/airflow/.local/lib/python3.7/site-packages/airflow/example_dags/example_bash_operator.py for tasks to queue
[2023-04-10 11:28:30,217] {logging_mixin.py:109} INFO - [2023-04-10 11:28:30,217] {dagbag.py:500} INFO - Filling up the DagBag from /home/airflow/.local/lib/python3.7/site-packages/airflow/example_dags/example_bash_operator.py
[2023-04-10 11:28:30,242] {processor.py:632} INFO - DAG(s) dict_keys(['example_bash_operator']) retrieved from /home/airflow/.local/lib/python3.7/site-packages/airflow/example_dags/example_bash_operator.py
[2023-04-10 11:28:30,252] {logging_mixin.py:109} INFO - [2023-04-10 11:28:30,252] {dag.py:2389} INFO - Sync 1 DAGs
[2023-04-10 11:28:30,265] {logging_mixin.py:109} INFO - [2023-04-10 11:28:30,265] {dag.py:2921} INFO - Setting next_dagrun for example_bash_operator to 2023-04-09 00:00:00+00:00
[2023-04-10 11:28:30,274] {processor.py:171} INFO - Processing /home/airflow/.local/lib/python3.7/site-packages/airflow/example_dags/example_bash_operator.py took 0.061 seconds
[2023-04-10 11:29:00,457] {processor.py:163} INFO - Started process (PID=548) to work on /home/airflow/.local/lib/python3.7/site-packages/airflow/example_dags/example_bash_operator.py
[2023-04-10 11:29:00,458] {processor.py:620} INFO - Processing file /home/airflow/.local/lib/python3.7/site-packages/airflow/example_dags/example_bash_operator.py for tasks to queue
[2023-04-10 11:29:00,458] {logging_mixin.py:109} INFO - [2023-04-10 11:29:00,458] {dagbag.py:500} INFO - Filling up the DagBag from /home/airflow/.local/lib/python3.7/site-packages/airflow/example_dags/example_bash_operator.py
[2023-04-10 11:29:00,480] {processor.py:632} INFO - DAG(s) dict_keys(['example_bash_operator']) retrieved from /home/airflow/.local/lib/python3.7/site-packages/airflow/example_dags/example_bash_operator.py
[2023-04-10 11:29:00,488] {logging_mixin.py:109} INFO - [2023-04-10 11:29:00,487] {dag.py:2389} INFO - Sync 1 DAGs
[2023-04-10 11:29:00,498] {logging_mixin.py:109} INFO - [2023-04-10 11:29:00,498] {dag.py:2921} INFO - Setting next_dagrun for example_bash_operator to 2023-04-09 00:00:00+00:00
[2023-04-10 11:29:00,506] {processor.py:171} INFO - Processing /home/airflow/.local/lib/python3.7/site-packages/airflow/example_dags/example_bash_operator.py took 0.051 seconds
[2023-04-10 11:29:30,650] {processor.py:163} INFO - Started process (PID=601) to work on /home/airflow/.local/lib/python3.7/site-packages/airflow/example_dags/example_bash_operator.py
[2023-04-10 11:29:30,651] {processor.py:620} INFO - Processing file /home/airflow/.local/lib/python3.7/site-packages/airflow/example_dags/example_bash_operator.py for tasks to queue
[2023-04-10 11:29:30,652] {logging_mixin.py:109} INFO - [2023-04-10 11:29:30,651] {dagbag.py:500} INFO - Filling up the DagBag from /home/airflow/.local/lib/python3.7/site-packages/airflow/example_dags/example_bash_operator.py
[2023-04-10 11:29:30,675] {processor.py:632} INFO - DAG(s) dict_keys(['example_bash_operator']) retrieved from /home/airflow/.local/lib/python3.7/site-packages/airflow/example_dags/example_bash_operator.py
[2023-04-10 11:29:30,683] {logging_mixin.py:109} INFO - [2023-04-10 11:29:30,683] {dag.py:2389} INFO - Sync 1 DAGs
[2023-04-10 11:29:30,696] {logging_mixin.py:109} INFO - [2023-04-10 11:29:30,696] {dag.py:2921} INFO - Setting next_dagrun for example_bash_operator to 2023-04-09 00:00:00+00:00
[2023-04-10 11:29:30,704] {processor.py:171} INFO - Processing /home/airflow/.local/lib/python3.7/site-packages/airflow/example_dags/example_bash_operator.py took 0.056 seconds
[2023-04-10 11:30:01,019] {processor.py:163} INFO - Started process (PID=661) to work on /home/airflow/.local/lib/python3.7/site-packages/airflow/example_dags/example_bash_operator.py
[2023-04-10 11:30:01,020] {processor.py:620} INFO - Processing file /home/airflow/.local/lib/python3.7/site-packages/airflow/example_dags/example_bash_operator.py for tasks to queue
[2023-04-10 11:30:01,021] {logging_mixin.py:109} INFO - [2023-04-10 11:30:01,021] {dagbag.py:500} INFO - Filling up the DagBag from /home/airflow/.local/lib/python3.7/site-packages/airflow/example_dags/example_bash_operator.py
[2023-04-10 11:30:01,043] {processor.py:632} INFO - DAG(s) dict_keys(['example_bash_operator']) retrieved from /home/airflow/.local/lib/python3.7/site-packages/airflow/example_dags/example_bash_operator.py
[2023-04-10 11:30:01,049] {logging_mixin.py:109} INFO - [2023-04-10 11:30:01,049] {dag.py:2389} INFO - Sync 1 DAGs
[2023-04-10 11:30:01,060] {logging_mixin.py:109} INFO - [2023-04-10 11:30:01,060] {dag.py:2921} INFO - Setting next_dagrun for example_bash_operator to 2023-04-09 00:00:00+00:00
[2023-04-10 11:30:01,068] {processor.py:171} INFO - Processing /home/airflow/.local/lib/python3.7/site-packages/airflow/example_dags/example_bash_operator.py took 0.051 seconds
[2023-04-10 11:30:31,399] {processor.py:163} INFO - Started process (PID=712) to work on /home/airflow/.local/lib/python3.7/site-packages/airflow/example_dags/example_bash_operator.py
[2023-04-10 11:30:31,407] {processor.py:620} INFO - Processing file /home/airflow/.local/lib/python3.7/site-packages/airflow/example_dags/example_bash_operator.py for tasks to queue
[2023-04-10 11:30:31,407] {logging_mixin.py:109} INFO - [2023-04-10 11:30:31,407] {dagbag.py:500} INFO - Filling up the DagBag from /home/airflow/.local/lib/python3.7/site-packages/airflow/example_dags/example_bash_operator.py
[2023-04-10 11:30:31,431] {processor.py:632} INFO - DAG(s) dict_keys(['example_bash_operator']) retrieved from /home/airflow/.local/lib/python3.7/site-packages/airflow/example_dags/example_bash_operator.py
[2023-04-10 11:30:31,438] {logging_mixin.py:109} INFO - [2023-04-10 11:30:31,438] {dag.py:2389} INFO - Sync 1 DAGs
[2023-04-10 11:30:31,448] {logging_mixin.py:109} INFO - [2023-04-10 11:30:31,448] {dag.py:2921} INFO - Setting next_dagrun for example_bash_operator to 2023-04-09 00:00:00+00:00
[2023-04-10 11:30:31,456] {processor.py:171} INFO - Processing /home/airflow/.local/lib/python3.7/site-packages/airflow/example_dags/example_bash_operator.py took 0.060 seconds
[2023-04-10 11:31:01,860] {processor.py:163} INFO - Started process (PID=772) to work on /home/airflow/.local/lib/python3.7/site-packages/airflow/example_dags/example_bash_operator.py
[2023-04-10 11:31:01,861] {processor.py:620} INFO - Processing file /home/airflow/.local/lib/python3.7/site-packages/airflow/example_dags/example_bash_operator.py for tasks to queue
[2023-04-10 11:31:01,862] {logging_mixin.py:109} INFO - [2023-04-10 11:31:01,862] {dagbag.py:500} INFO - Filling up the DagBag from /home/airflow/.local/lib/python3.7/site-packages/airflow/example_dags/example_bash_operator.py
[2023-04-10 11:31:01,889] {processor.py:632} INFO - DAG(s) dict_keys(['example_bash_operator']) retrieved from /home/airflow/.local/lib/python3.7/site-packages/airflow/example_dags/example_bash_operator.py
[2023-04-10 11:31:01,899] {logging_mixin.py:109} INFO - [2023-04-10 11:31:01,899] {dag.py:2389} INFO - Sync 1 DAGs
[2023-04-10 11:31:01,913] {logging_mixin.py:109} INFO - [2023-04-10 11:31:01,913] {dag.py:2921} INFO - Setting next_dagrun for example_bash_operator to 2023-04-09 00:00:00+00:00
[2023-04-10 11:31:01,921] {processor.py:171} INFO - Processing /home/airflow/.local/lib/python3.7/site-packages/airflow/example_dags/example_bash_operator.py took 0.064 seconds
[2023-04-10 11:31:32,211] {processor.py:163} INFO - Started process (PID=823) to work on /home/airflow/.local/lib/python3.7/site-packages/airflow/example_dags/example_bash_operator.py
[2023-04-10 11:31:32,218] {processor.py:620} INFO - Processing file /home/airflow/.local/lib/python3.7/site-packages/airflow/example_dags/example_bash_operator.py for tasks to queue
[2023-04-10 11:31:32,219] {logging_mixin.py:109} INFO - [2023-04-10 11:31:32,219] {dagbag.py:500} INFO - Filling up the DagBag from /home/airflow/.local/lib/python3.7/site-packages/airflow/example_dags/example_bash_operator.py
[2023-04-10 11:31:32,241] {processor.py:632} INFO - DAG(s) dict_keys(['example_bash_operator']) retrieved from /home/airflow/.local/lib/python3.7/site-packages/airflow/example_dags/example_bash_operator.py
[2023-04-10 11:31:32,248] {logging_mixin.py:109} INFO - [2023-04-10 11:31:32,248] {dag.py:2389} INFO - Sync 1 DAGs
[2023-04-10 11:31:32,263] {logging_mixin.py:109} INFO - [2023-04-10 11:31:32,263] {dag.py:2921} INFO - Setting next_dagrun for example_bash_operator to 2023-04-09 00:00:00+00:00
[2023-04-10 11:31:32,270] {processor.py:171} INFO - Processing /home/airflow/.local/lib/python3.7/site-packages/airflow/example_dags/example_bash_operator.py took 0.062 seconds
[2023-04-10 11:32:02,469] {processor.py:163} INFO - Started process (PID=884) to work on /home/airflow/.local/lib/python3.7/site-packages/airflow/example_dags/example_bash_operator.py
[2023-04-10 11:32:02,470] {processor.py:620} INFO - Processing file /home/airflow/.local/lib/python3.7/site-packages/airflow/example_dags/example_bash_operator.py for tasks to queue
[2023-04-10 11:32:02,471] {logging_mixin.py:109} INFO - [2023-04-10 11:32:02,471] {dagbag.py:500} INFO - Filling up the DagBag from /home/airflow/.local/lib/python3.7/site-packages/airflow/example_dags/example_bash_operator.py
[2023-04-10 11:32:02,496] {processor.py:632} INFO - DAG(s) dict_keys(['example_bash_operator']) retrieved from /home/airflow/.local/lib/python3.7/site-packages/airflow/example_dags/example_bash_operator.py
[2023-04-10 11:32:02,505] {logging_mixin.py:109} INFO - [2023-04-10 11:32:02,505] {dag.py:2389} INFO - Sync 1 DAGs
[2023-04-10 11:32:02,522] {logging_mixin.py:109} INFO - [2023-04-10 11:32:02,521] {dag.py:2921} INFO - Setting next_dagrun for example_bash_operator to 2023-04-09 00:00:00+00:00
[2023-04-10 11:32:02,529] {processor.py:171} INFO - Processing /home/airflow/.local/lib/python3.7/site-packages/airflow/example_dags/example_bash_operator.py took 0.062 seconds
[2023-04-10 11:32:32,684] {processor.py:163} INFO - Started process (PID=936) to work on /home/airflow/.local/lib/python3.7/site-packages/airflow/example_dags/example_bash_operator.py
[2023-04-10 11:32:32,685] {processor.py:620} INFO - Processing file /home/airflow/.local/lib/python3.7/site-packages/airflow/example_dags/example_bash_operator.py for tasks to queue
[2023-04-10 11:32:32,686] {logging_mixin.py:109} INFO - [2023-04-10 11:32:32,686] {dagbag.py:500} INFO - Filling up the DagBag from /home/airflow/.local/lib/python3.7/site-packages/airflow/example_dags/example_bash_operator.py
[2023-04-10 11:32:32,711] {processor.py:632} INFO - DAG(s) dict_keys(['example_bash_operator']) retrieved from /home/airflow/.local/lib/python3.7/site-packages/airflow/example_dags/example_bash_operator.py
[2023-04-10 11:32:32,719] {logging_mixin.py:109} INFO - [2023-04-10 11:32:32,719] {dag.py:2389} INFO - Sync 1 DAGs
[2023-04-10 11:32:32,732] {logging_mixin.py:109} INFO - [2023-04-10 11:32:32,732] {dag.py:2921} INFO - Setting next_dagrun for example_bash_operator to 2023-04-09 00:00:00+00:00
[2023-04-10 11:32:32,741] {processor.py:171} INFO - Processing /home/airflow/.local/lib/python3.7/site-packages/airflow/example_dags/example_bash_operator.py took 0.059 seconds
[2023-04-10 11:33:03,125] {processor.py:163} INFO - Started process (PID=987) to work on /home/airflow/.local/lib/python3.7/site-packages/airflow/example_dags/example_bash_operator.py
[2023-04-10 11:33:03,132] {processor.py:620} INFO - Processing file /home/airflow/.local/lib/python3.7/site-packages/airflow/example_dags/example_bash_operator.py for tasks to queue
[2023-04-10 11:33:03,132] {logging_mixin.py:109} INFO - [2023-04-10 11:33:03,132] {dagbag.py:500} INFO - Filling up the DagBag from /home/airflow/.local/lib/python3.7/site-packages/airflow/example_dags/example_bash_operator.py
[2023-04-10 11:33:03,155] {processor.py:632} INFO - DAG(s) dict_keys(['example_bash_operator']) retrieved from /home/airflow/.local/lib/python3.7/site-packages/airflow/example_dags/example_bash_operator.py
[2023-04-10 11:33:03,161] {logging_mixin.py:109} INFO - [2023-04-10 11:33:03,161] {dag.py:2389} INFO - Sync 1 DAGs
[2023-04-10 11:33:03,174] {logging_mixin.py:109} INFO - [2023-04-10 11:33:03,174] {dag.py:2921} INFO - Setting next_dagrun for example_bash_operator to 2023-04-09 00:00:00+00:00
[2023-04-10 11:33:03,181] {processor.py:171} INFO - Processing /home/airflow/.local/lib/python3.7/site-packages/airflow/example_dags/example_bash_operator.py took 0.059 seconds
[2023-04-10 11:33:33,374] {processor.py:163} INFO - Started process (PID=1048) to work on /home/airflow/.local/lib/python3.7/site-packages/airflow/example_dags/example_bash_operator.py
[2023-04-10 11:33:33,374] {processor.py:620} INFO - Processing file /home/airflow/.local/lib/python3.7/site-packages/airflow/example_dags/example_bash_operator.py for tasks to queue
[2023-04-10 11:33:33,375] {logging_mixin.py:109} INFO - [2023-04-10 11:33:33,375] {dagbag.py:500} INFO - Filling up the DagBag from /home/airflow/.local/lib/python3.7/site-packages/airflow/example_dags/example_bash_operator.py
[2023-04-10 11:33:33,398] {processor.py:632} INFO - DAG(s) dict_keys(['example_bash_operator']) retrieved from /home/airflow/.local/lib/python3.7/site-packages/airflow/example_dags/example_bash_operator.py
[2023-04-10 11:33:33,407] {logging_mixin.py:109} INFO - [2023-04-10 11:33:33,406] {dag.py:2389} INFO - Sync 1 DAGs
[2023-04-10 11:33:33,418] {logging_mixin.py:109} INFO - [2023-04-10 11:33:33,418] {dag.py:2921} INFO - Setting next_dagrun for example_bash_operator to 2023-04-09 00:00:00+00:00
[2023-04-10 11:33:33,427] {processor.py:171} INFO - Processing /home/airflow/.local/lib/python3.7/site-packages/airflow/example_dags/example_bash_operator.py took 0.056 seconds
[2023-04-10 11:34:04,022] {processor.py:163} INFO - Started process (PID=1099) to work on /home/airflow/.local/lib/python3.7/site-packages/airflow/example_dags/example_bash_operator.py
[2023-04-10 11:34:04,023] {processor.py:620} INFO - Processing file /home/airflow/.local/lib/python3.7/site-packages/airflow/example_dags/example_bash_operator.py for tasks to queue
[2023-04-10 11:34:04,024] {logging_mixin.py:109} INFO - [2023-04-10 11:34:04,024] {dagbag.py:500} INFO - Filling up the DagBag from /home/airflow/.local/lib/python3.7/site-packages/airflow/example_dags/example_bash_operator.py
[2023-04-10 11:34:04,049] {processor.py:632} INFO - DAG(s) dict_keys(['example_bash_operator']) retrieved from /home/airflow/.local/lib/python3.7/site-packages/airflow/example_dags/example_bash_operator.py
[2023-04-10 11:34:04,058] {logging_mixin.py:109} INFO - [2023-04-10 11:34:04,058] {dag.py:2389} INFO - Sync 1 DAGs
[2023-04-10 11:34:04,072] {logging_mixin.py:109} INFO - [2023-04-10 11:34:04,072] {dag.py:2921} INFO - Setting next_dagrun for example_bash_operator to 2023-04-09 00:00:00+00:00
[2023-04-10 11:34:04,081] {processor.py:171} INFO - Processing /home/airflow/.local/lib/python3.7/site-packages/airflow/example_dags/example_bash_operator.py took 0.061 seconds
[2023-04-10 11:34:34,400] {processor.py:163} INFO - Started process (PID=1159) to work on /home/airflow/.local/lib/python3.7/site-packages/airflow/example_dags/example_bash_operator.py
[2023-04-10 11:34:34,401] {processor.py:620} INFO - Processing file /home/airflow/.local/lib/python3.7/site-packages/airflow/example_dags/example_bash_operator.py for tasks to queue
[2023-04-10 11:34:34,401] {logging_mixin.py:109} INFO - [2023-04-10 11:34:34,401] {dagbag.py:500} INFO - Filling up the DagBag from /home/airflow/.local/lib/python3.7/site-packages/airflow/example_dags/example_bash_operator.py
[2023-04-10 11:34:34,424] {processor.py:632} INFO - DAG(s) dict_keys(['example_bash_operator']) retrieved from /home/airflow/.local/lib/python3.7/site-packages/airflow/example_dags/example_bash_operator.py
[2023-04-10 11:34:34,434] {logging_mixin.py:109} INFO - [2023-04-10 11:34:34,434] {dag.py:2389} INFO - Sync 1 DAGs
[2023-04-10 11:34:34,448] {logging_mixin.py:109} INFO - [2023-04-10 11:34:34,448] {dag.py:2921} INFO - Setting next_dagrun for example_bash_operator to 2023-04-09 00:00:00+00:00
[2023-04-10 11:34:34,456] {processor.py:171} INFO - Processing /home/airflow/.local/lib/python3.7/site-packages/airflow/example_dags/example_bash_operator.py took 0.060 seconds
[2023-04-10 11:35:04,708] {processor.py:163} INFO - Started process (PID=1210) to work on /home/airflow/.local/lib/python3.7/site-packages/airflow/example_dags/example_bash_operator.py
[2023-04-10 11:35:04,716] {processor.py:620} INFO - Processing file /home/airflow/.local/lib/python3.7/site-packages/airflow/example_dags/example_bash_operator.py for tasks to queue
[2023-04-10 11:35:04,717] {logging_mixin.py:109} INFO - [2023-04-10 11:35:04,717] {dagbag.py:500} INFO - Filling up the DagBag from /home/airflow/.local/lib/python3.7/site-packages/airflow/example_dags/example_bash_operator.py
[2023-04-10 11:35:04,739] {processor.py:632} INFO - DAG(s) dict_keys(['example_bash_operator']) retrieved from /home/airflow/.local/lib/python3.7/site-packages/airflow/example_dags/example_bash_operator.py
[2023-04-10 11:35:04,745] {logging_mixin.py:109} INFO - [2023-04-10 11:35:04,745] {dag.py:2389} INFO - Sync 1 DAGs
[2023-04-10 11:35:04,755] {logging_mixin.py:109} INFO - [2023-04-10 11:35:04,755] {dag.py:2921} INFO - Setting next_dagrun for example_bash_operator to 2023-04-09 00:00:00+00:00
[2023-04-10 11:35:04,763] {processor.py:171} INFO - Processing /home/airflow/.local/lib/python3.7/site-packages/airflow/example_dags/example_bash_operator.py took 0.057 seconds
[2023-04-10 11:35:35,018] {processor.py:163} INFO - Started process (PID=1270) to work on /home/airflow/.local/lib/python3.7/site-packages/airflow/example_dags/example_bash_operator.py
[2023-04-10 11:35:35,019] {processor.py:620} INFO - Processing file /home/airflow/.local/lib/python3.7/site-packages/airflow/example_dags/example_bash_operator.py for tasks to queue
[2023-04-10 11:35:35,019] {logging_mixin.py:109} INFO - [2023-04-10 11:35:35,019] {dagbag.py:500} INFO - Filling up the DagBag from /home/airflow/.local/lib/python3.7/site-packages/airflow/example_dags/example_bash_operator.py
[2023-04-10 11:35:35,048] {processor.py:632} INFO - DAG(s) dict_keys(['example_bash_operator']) retrieved from /home/airflow/.local/lib/python3.7/site-packages/airflow/example_dags/example_bash_operator.py
[2023-04-10 11:35:35,057] {logging_mixin.py:109} INFO - [2023-04-10 11:35:35,057] {dag.py:2389} INFO - Sync 1 DAGs
[2023-04-10 11:35:35,074] {logging_mixin.py:109} INFO - [2023-04-10 11:35:35,073] {dag.py:2921} INFO - Setting next_dagrun for example_bash_operator to 2023-04-09 00:00:00+00:00
[2023-04-10 11:35:35,082] {processor.py:171} INFO - Processing /home/airflow/.local/lib/python3.7/site-packages/airflow/example_dags/example_bash_operator.py took 0.068 seconds
[2023-04-10 11:36:05,327] {processor.py:163} INFO - Started process (PID=1321) to work on /home/airflow/.local/lib/python3.7/site-packages/airflow/example_dags/example_bash_operator.py
[2023-04-10 11:36:05,328] {processor.py:620} INFO - Processing file /home/airflow/.local/lib/python3.7/site-packages/airflow/example_dags/example_bash_operator.py for tasks to queue
[2023-04-10 11:36:05,329] {logging_mixin.py:109} INFO - [2023-04-10 11:36:05,329] {dagbag.py:500} INFO - Filling up the DagBag from /home/airflow/.local/lib/python3.7/site-packages/airflow/example_dags/example_bash_operator.py
[2023-04-10 11:36:05,351] {processor.py:632} INFO - DAG(s) dict_keys(['example_bash_operator']) retrieved from /home/airflow/.local/lib/python3.7/site-packages/airflow/example_dags/example_bash_operator.py
[2023-04-10 11:36:05,358] {logging_mixin.py:109} INFO - [2023-04-10 11:36:05,358] {dag.py:2389} INFO - Sync 1 DAGs
[2023-04-10 11:36:05,369] {logging_mixin.py:109} INFO - [2023-04-10 11:36:05,369] {dag.py:2921} INFO - Setting next_dagrun for example_bash_operator to 2023-04-09 00:00:00+00:00
[2023-04-10 11:36:05,377] {processor.py:171} INFO - Processing /home/airflow/.local/lib/python3.7/site-packages/airflow/example_dags/example_bash_operator.py took 0.052 seconds
[2023-04-10 11:36:35,807] {processor.py:163} INFO - Started process (PID=1373) to work on /home/airflow/.local/lib/python3.7/site-packages/airflow/example_dags/example_bash_operator.py
[2023-04-10 11:36:35,814] {processor.py:620} INFO - Processing file /home/airflow/.local/lib/python3.7/site-packages/airflow/example_dags/example_bash_operator.py for tasks to queue
[2023-04-10 11:36:35,815] {logging_mixin.py:109} INFO - [2023-04-10 11:36:35,815] {dagbag.py:500} INFO - Filling up the DagBag from /home/airflow/.local/lib/python3.7/site-packages/airflow/example_dags/example_bash_operator.py
[2023-04-10 11:36:35,836] {processor.py:632} INFO - DAG(s) dict_keys(['example_bash_operator']) retrieved from /home/airflow/.local/lib/python3.7/site-packages/airflow/example_dags/example_bash_operator.py
[2023-04-10 11:36:35,843] {logging_mixin.py:109} INFO - [2023-04-10 11:36:35,843] {dag.py:2389} INFO - Sync 1 DAGs
[2023-04-10 11:36:35,853] {logging_mixin.py:109} INFO - [2023-04-10 11:36:35,853] {dag.py:2921} INFO - Setting next_dagrun for example_bash_operator to 2023-04-09 00:00:00+00:00
[2023-04-10 11:36:35,861] {processor.py:171} INFO - Processing /home/airflow/.local/lib/python3.7/site-packages/airflow/example_dags/example_bash_operator.py took 0.057 seconds
[2023-04-10 11:37:06,173] {processor.py:163} INFO - Started process (PID=1434) to work on /home/airflow/.local/lib/python3.7/site-packages/airflow/example_dags/example_bash_operator.py
[2023-04-10 11:37:06,174] {processor.py:620} INFO - Processing file /home/airflow/.local/lib/python3.7/site-packages/airflow/example_dags/example_bash_operator.py for tasks to queue
[2023-04-10 11:37:06,174] {logging_mixin.py:109} INFO - [2023-04-10 11:37:06,174] {dagbag.py:500} INFO - Filling up the DagBag from /home/airflow/.local/lib/python3.7/site-packages/airflow/example_dags/example_bash_operator.py
[2023-04-10 11:37:06,198] {processor.py:632} INFO - DAG(s) dict_keys(['example_bash_operator']) retrieved from /home/airflow/.local/lib/python3.7/site-packages/airflow/example_dags/example_bash_operator.py
[2023-04-10 11:37:06,207] {logging_mixin.py:109} INFO - [2023-04-10 11:37:06,206] {dag.py:2389} INFO - Sync 1 DAGs
[2023-04-10 11:37:06,221] {logging_mixin.py:109} INFO - [2023-04-10 11:37:06,221] {dag.py:2921} INFO - Setting next_dagrun for example_bash_operator to 2023-04-09 00:00:00+00:00
[2023-04-10 11:37:06,229] {processor.py:171} INFO - Processing /home/airflow/.local/lib/python3.7/site-packages/airflow/example_dags/example_bash_operator.py took 0.059 seconds
[2023-04-10 11:37:36,413] {processor.py:163} INFO - Started process (PID=1485) to work on /home/airflow/.local/lib/python3.7/site-packages/airflow/example_dags/example_bash_operator.py
[2023-04-10 11:37:36,421] {processor.py:620} INFO - Processing file /home/airflow/.local/lib/python3.7/site-packages/airflow/example_dags/example_bash_operator.py for tasks to queue
[2023-04-10 11:37:36,421] {logging_mixin.py:109} INFO - [2023-04-10 11:37:36,421] {dagbag.py:500} INFO - Filling up the DagBag from /home/airflow/.local/lib/python3.7/site-packages/airflow/example_dags/example_bash_operator.py
[2023-04-10 11:37:36,443] {processor.py:632} INFO - DAG(s) dict_keys(['example_bash_operator']) retrieved from /home/airflow/.local/lib/python3.7/site-packages/airflow/example_dags/example_bash_operator.py
[2023-04-10 11:37:36,450] {logging_mixin.py:109} INFO - [2023-04-10 11:37:36,450] {dag.py:2389} INFO - Sync 1 DAGs
[2023-04-10 11:37:36,461] {logging_mixin.py:109} INFO - [2023-04-10 11:37:36,461] {dag.py:2921} INFO - Setting next_dagrun for example_bash_operator to 2023-04-09 00:00:00+00:00
[2023-04-10 11:37:36,468] {processor.py:171} INFO - Processing /home/airflow/.local/lib/python3.7/site-packages/airflow/example_dags/example_bash_operator.py took 0.057 seconds
[2023-04-10 11:38:06,775] {processor.py:163} INFO - Started process (PID=1546) to work on /home/airflow/.local/lib/python3.7/site-packages/airflow/example_dags/example_bash_operator.py
[2023-04-10 11:38:06,776] {processor.py:620} INFO - Processing file /home/airflow/.local/lib/python3.7/site-packages/airflow/example_dags/example_bash_operator.py for tasks to queue
[2023-04-10 11:38:06,776] {logging_mixin.py:109} INFO - [2023-04-10 11:38:06,776] {dagbag.py:500} INFO - Filling up the DagBag from /home/airflow/.local/lib/python3.7/site-packages/airflow/example_dags/example_bash_operator.py
[2023-04-10 11:38:06,801] {processor.py:632} INFO - DAG(s) dict_keys(['example_bash_operator']) retrieved from /home/airflow/.local/lib/python3.7/site-packages/airflow/example_dags/example_bash_operator.py
[2023-04-10 11:38:06,810] {logging_mixin.py:109} INFO - [2023-04-10 11:38:06,810] {dag.py:2389} INFO - Sync 1 DAGs
[2023-04-10 11:38:06,826] {logging_mixin.py:109} INFO - [2023-04-10 11:38:06,825] {dag.py:2921} INFO - Setting next_dagrun for example_bash_operator to 2023-04-09 00:00:00+00:00
[2023-04-10 11:38:06,835] {processor.py:171} INFO - Processing /home/airflow/.local/lib/python3.7/site-packages/airflow/example_dags/example_bash_operator.py took 0.062 seconds
[2023-04-10 11:38:37,026] {processor.py:163} INFO - Started process (PID=1597) to work on /home/airflow/.local/lib/python3.7/site-packages/airflow/example_dags/example_bash_operator.py
[2023-04-10 11:38:37,027] {processor.py:620} INFO - Processing file /home/airflow/.local/lib/python3.7/site-packages/airflow/example_dags/example_bash_operator.py for tasks to queue
[2023-04-10 11:38:37,028] {logging_mixin.py:109} INFO - [2023-04-10 11:38:37,028] {dagbag.py:500} INFO - Filling up the DagBag from /home/airflow/.local/lib/python3.7/site-packages/airflow/example_dags/example_bash_operator.py
[2023-04-10 11:38:37,052] {processor.py:632} INFO - DAG(s) dict_keys(['example_bash_operator']) retrieved from /home/airflow/.local/lib/python3.7/site-packages/airflow/example_dags/example_bash_operator.py
[2023-04-10 11:38:37,058] {logging_mixin.py:109} INFO - [2023-04-10 11:38:37,058] {dag.py:2389} INFO - Sync 1 DAGs
[2023-04-10 11:38:37,067] {logging_mixin.py:109} INFO - [2023-04-10 11:38:37,067] {dag.py:2921} INFO - Setting next_dagrun for example_bash_operator to 2023-04-09 00:00:00+00:00
[2023-04-10 11:38:37,075] {processor.py:171} INFO - Processing /home/airflow/.local/lib/python3.7/site-packages/airflow/example_dags/example_bash_operator.py took 0.054 seconds
[2023-04-10 11:39:07,369] {processor.py:163} INFO - Started process (PID=1657) to work on /home/airflow/.local/lib/python3.7/site-packages/airflow/example_dags/example_bash_operator.py
[2023-04-10 11:39:07,369] {processor.py:620} INFO - Processing file /home/airflow/.local/lib/python3.7/site-packages/airflow/example_dags/example_bash_operator.py for tasks to queue
[2023-04-10 11:39:07,370] {logging_mixin.py:109} INFO - [2023-04-10 11:39:07,370] {dagbag.py:500} INFO - Filling up the DagBag from /home/airflow/.local/lib/python3.7/site-packages/airflow/example_dags/example_bash_operator.py
[2023-04-10 11:39:07,396] {processor.py:632} INFO - DAG(s) dict_keys(['example_bash_operator']) retrieved from /home/airflow/.local/lib/python3.7/site-packages/airflow/example_dags/example_bash_operator.py
[2023-04-10 11:39:07,405] {logging_mixin.py:109} INFO - [2023-04-10 11:39:07,405] {dag.py:2389} INFO - Sync 1 DAGs
[2023-04-10 11:39:07,418] {logging_mixin.py:109} INFO - [2023-04-10 11:39:07,418] {dag.py:2921} INFO - Setting next_dagrun for example_bash_operator to 2023-04-09 00:00:00+00:00
[2023-04-10 11:39:07,427] {processor.py:171} INFO - Processing /home/airflow/.local/lib/python3.7/site-packages/airflow/example_dags/example_bash_operator.py took 0.060 seconds
[2023-04-10 11:39:37,502] {processor.py:163} INFO - Started process (PID=1708) to work on /home/airflow/.local/lib/python3.7/site-packages/airflow/example_dags/example_bash_operator.py
[2023-04-10 11:39:37,504] {processor.py:620} INFO - Processing file /home/airflow/.local/lib/python3.7/site-packages/airflow/example_dags/example_bash_operator.py for tasks to queue
[2023-04-10 11:39:37,504] {logging_mixin.py:109} INFO - [2023-04-10 11:39:37,504] {dagbag.py:500} INFO - Filling up the DagBag from /home/airflow/.local/lib/python3.7/site-packages/airflow/example_dags/example_bash_operator.py
[2023-04-10 11:39:37,528] {processor.py:632} INFO - DAG(s) dict_keys(['example_bash_operator']) retrieved from /home/airflow/.local/lib/python3.7/site-packages/airflow/example_dags/example_bash_operator.py
[2023-04-10 11:39:37,537] {logging_mixin.py:109} INFO - [2023-04-10 11:39:37,537] {dag.py:2389} INFO - Sync 1 DAGs
[2023-04-10 11:39:37,555] {logging_mixin.py:109} INFO - [2023-04-10 11:39:37,555] {dag.py:2921} INFO - Setting next_dagrun for example_bash_operator to 2023-04-09 00:00:00+00:00
[2023-04-10 11:39:37,565] {processor.py:171} INFO - Processing /home/airflow/.local/lib/python3.7/site-packages/airflow/example_dags/example_bash_operator.py took 0.065 seconds
[2023-04-10 11:40:07,749] {processor.py:163} INFO - Started process (PID=1767) to work on /home/airflow/.local/lib/python3.7/site-packages/airflow/example_dags/example_bash_operator.py
[2023-04-10 11:40:07,750] {processor.py:620} INFO - Processing file /home/airflow/.local/lib/python3.7/site-packages/airflow/example_dags/example_bash_operator.py for tasks to queue
[2023-04-10 11:40:07,751] {logging_mixin.py:109} INFO - [2023-04-10 11:40:07,750] {dagbag.py:500} INFO - Filling up the DagBag from /home/airflow/.local/lib/python3.7/site-packages/airflow/example_dags/example_bash_operator.py
[2023-04-10 11:40:07,773] {processor.py:632} INFO - DAG(s) dict_keys(['example_bash_operator']) retrieved from /home/airflow/.local/lib/python3.7/site-packages/airflow/example_dags/example_bash_operator.py
[2023-04-10 11:40:07,780] {logging_mixin.py:109} INFO - [2023-04-10 11:40:07,780] {dag.py:2389} INFO - Sync 1 DAGs
[2023-04-10 11:40:07,793] {logging_mixin.py:109} INFO - [2023-04-10 11:40:07,793] {dag.py:2921} INFO - Setting next_dagrun for example_bash_operator to 2023-04-09 00:00:00+00:00
[2023-04-10 11:40:07,801] {processor.py:171} INFO - Processing /home/airflow/.local/lib/python3.7/site-packages/airflow/example_dags/example_bash_operator.py took 0.054 seconds
[2023-04-10 11:40:38,040] {processor.py:163} INFO - Started process (PID=1818) to work on /home/airflow/.local/lib/python3.7/site-packages/airflow/example_dags/example_bash_operator.py
[2023-04-10 11:40:38,048] {processor.py:620} INFO - Processing file /home/airflow/.local/lib/python3.7/site-packages/airflow/example_dags/example_bash_operator.py for tasks to queue
[2023-04-10 11:40:38,048] {logging_mixin.py:109} INFO - [2023-04-10 11:40:38,048] {dagbag.py:500} INFO - Filling up the DagBag from /home/airflow/.local/lib/python3.7/site-packages/airflow/example_dags/example_bash_operator.py
[2023-04-10 11:40:38,072] {processor.py:632} INFO - DAG(s) dict_keys(['example_bash_operator']) retrieved from /home/airflow/.local/lib/python3.7/site-packages/airflow/example_dags/example_bash_operator.py
[2023-04-10 11:40:38,079] {logging_mixin.py:109} INFO - [2023-04-10 11:40:38,079] {dag.py:2389} INFO - Sync 1 DAGs
[2023-04-10 11:40:38,089] {logging_mixin.py:109} INFO - [2023-04-10 11:40:38,089] {dag.py:2921} INFO - Setting next_dagrun for example_bash_operator to 2023-04-09 00:00:00+00:00
[2023-04-10 11:40:38,097] {processor.py:171} INFO - Processing /home/airflow/.local/lib/python3.7/site-packages/airflow/example_dags/example_bash_operator.py took 0.060 seconds
[2023-04-10 11:41:08,302] {processor.py:163} INFO - Started process (PID=1869) to work on /home/airflow/.local/lib/python3.7/site-packages/airflow/example_dags/example_bash_operator.py
[2023-04-10 11:41:08,303] {processor.py:620} INFO - Processing file /home/airflow/.local/lib/python3.7/site-packages/airflow/example_dags/example_bash_operator.py for tasks to queue
[2023-04-10 11:41:08,303] {logging_mixin.py:109} INFO - [2023-04-10 11:41:08,303] {dagbag.py:500} INFO - Filling up the DagBag from /home/airflow/.local/lib/python3.7/site-packages/airflow/example_dags/example_bash_operator.py
[2023-04-10 11:41:08,326] {processor.py:632} INFO - DAG(s) dict_keys(['example_bash_operator']) retrieved from /home/airflow/.local/lib/python3.7/site-packages/airflow/example_dags/example_bash_operator.py
[2023-04-10 11:41:08,333] {logging_mixin.py:109} INFO - [2023-04-10 11:41:08,333] {dag.py:2389} INFO - Sync 1 DAGs
[2023-04-10 11:41:08,343] {logging_mixin.py:109} INFO - [2023-04-10 11:41:08,343] {dag.py:2921} INFO - Setting next_dagrun for example_bash_operator to 2023-04-09 00:00:00+00:00
[2023-04-10 11:41:08,351] {processor.py:171} INFO - Processing /home/airflow/.local/lib/python3.7/site-packages/airflow/example_dags/example_bash_operator.py took 0.051 seconds
[2023-04-10 11:41:38,605] {processor.py:163} INFO - Started process (PID=1930) to work on /home/airflow/.local/lib/python3.7/site-packages/airflow/example_dags/example_bash_operator.py
[2023-04-10 11:41:38,606] {processor.py:620} INFO - Processing file /home/airflow/.local/lib/python3.7/site-packages/airflow/example_dags/example_bash_operator.py for tasks to queue
[2023-04-10 11:41:38,607] {logging_mixin.py:109} INFO - [2023-04-10 11:41:38,607] {dagbag.py:500} INFO - Filling up the DagBag from /home/airflow/.local/lib/python3.7/site-packages/airflow/example_dags/example_bash_operator.py
[2023-04-10 11:41:38,627] {processor.py:632} INFO - DAG(s) dict_keys(['example_bash_operator']) retrieved from /home/airflow/.local/lib/python3.7/site-packages/airflow/example_dags/example_bash_operator.py
[2023-04-10 11:41:38,633] {logging_mixin.py:109} INFO - [2023-04-10 11:41:38,633] {dag.py:2389} INFO - Sync 1 DAGs
[2023-04-10 11:41:38,644] {logging_mixin.py:109} INFO - [2023-04-10 11:41:38,644] {dag.py:2921} INFO - Setting next_dagrun for example_bash_operator to 2023-04-09 00:00:00+00:00
[2023-04-10 11:41:38,652] {processor.py:171} INFO - Processing /home/airflow/.local/lib/python3.7/site-packages/airflow/example_dags/example_bash_operator.py took 0.049 seconds
[2023-04-10 11:42:08,881] {processor.py:163} INFO - Started process (PID=1982) to work on /home/airflow/.local/lib/python3.7/site-packages/airflow/example_dags/example_bash_operator.py
[2023-04-10 11:42:08,882] {processor.py:620} INFO - Processing file /home/airflow/.local/lib/python3.7/site-packages/airflow/example_dags/example_bash_operator.py for tasks to queue
[2023-04-10 11:42:08,883] {logging_mixin.py:109} INFO - [2023-04-10 11:42:08,883] {dagbag.py:500} INFO - Filling up the DagBag from /home/airflow/.local/lib/python3.7/site-packages/airflow/example_dags/example_bash_operator.py
[2023-04-10 11:42:08,909] {processor.py:632} INFO - DAG(s) dict_keys(['example_bash_operator']) retrieved from /home/airflow/.local/lib/python3.7/site-packages/airflow/example_dags/example_bash_operator.py
[2023-04-10 11:42:08,918] {logging_mixin.py:109} INFO - [2023-04-10 11:42:08,917] {dag.py:2389} INFO - Sync 1 DAGs
[2023-04-10 11:42:08,932] {logging_mixin.py:109} INFO - [2023-04-10 11:42:08,932] {dag.py:2921} INFO - Setting next_dagrun for example_bash_operator to 2023-04-09 00:00:00+00:00
[2023-04-10 11:42:08,941] {processor.py:171} INFO - Processing /home/airflow/.local/lib/python3.7/site-packages/airflow/example_dags/example_bash_operator.py took 0.063 seconds
[2023-04-10 11:42:39,259] {processor.py:163} INFO - Started process (PID=2042) to work on /home/airflow/.local/lib/python3.7/site-packages/airflow/example_dags/example_bash_operator.py
[2023-04-10 11:42:39,260] {processor.py:620} INFO - Processing file /home/airflow/.local/lib/python3.7/site-packages/airflow/example_dags/example_bash_operator.py for tasks to queue
[2023-04-10 11:42:39,261] {logging_mixin.py:109} INFO - [2023-04-10 11:42:39,261] {dagbag.py:500} INFO - Filling up the DagBag from /home/airflow/.local/lib/python3.7/site-packages/airflow/example_dags/example_bash_operator.py
[2023-04-10 11:42:39,320] {processor.py:632} INFO - DAG(s) dict_keys(['example_bash_operator']) retrieved from /home/airflow/.local/lib/python3.7/site-packages/airflow/example_dags/example_bash_operator.py
[2023-04-10 11:42:39,330] {logging_mixin.py:109} INFO - [2023-04-10 11:42:39,329] {dag.py:2389} INFO - Sync 1 DAGs
[2023-04-10 11:42:39,350] {logging_mixin.py:109} INFO - [2023-04-10 11:42:39,350] {dag.py:2921} INFO - Setting next_dagrun for example_bash_operator to 2023-04-09 00:00:00+00:00
[2023-04-10 11:42:39,360] {processor.py:171} INFO - Processing /home/airflow/.local/lib/python3.7/site-packages/airflow/example_dags/example_bash_operator.py took 0.103 seconds
[2023-04-10 11:43:09,685] {processor.py:163} INFO - Started process (PID=2093) to work on /home/airflow/.local/lib/python3.7/site-packages/airflow/example_dags/example_bash_operator.py
[2023-04-10 11:43:09,686] {processor.py:620} INFO - Processing file /home/airflow/.local/lib/python3.7/site-packages/airflow/example_dags/example_bash_operator.py for tasks to queue
[2023-04-10 11:43:09,686] {logging_mixin.py:109} INFO - [2023-04-10 11:43:09,686] {dagbag.py:500} INFO - Filling up the DagBag from /home/airflow/.local/lib/python3.7/site-packages/airflow/example_dags/example_bash_operator.py
[2023-04-10 11:43:09,708] {processor.py:632} INFO - DAG(s) dict_keys(['example_bash_operator']) retrieved from /home/airflow/.local/lib/python3.7/site-packages/airflow/example_dags/example_bash_operator.py
[2023-04-10 11:43:09,717] {logging_mixin.py:109} INFO - [2023-04-10 11:43:09,717] {dag.py:2389} INFO - Sync 1 DAGs
[2023-04-10 11:43:09,730] {logging_mixin.py:109} INFO - [2023-04-10 11:43:09,730] {dag.py:2921} INFO - Setting next_dagrun for example_bash_operator to 2023-04-09 00:00:00+00:00
[2023-04-10 11:43:09,738] {processor.py:171} INFO - Processing /home/airflow/.local/lib/python3.7/site-packages/airflow/example_dags/example_bash_operator.py took 0.056 seconds
[2023-04-10 11:43:39,812] {processor.py:163} INFO - Started process (PID=2153) to work on /home/airflow/.local/lib/python3.7/site-packages/airflow/example_dags/example_bash_operator.py
[2023-04-10 11:43:39,813] {processor.py:620} INFO - Processing file /home/airflow/.local/lib/python3.7/site-packages/airflow/example_dags/example_bash_operator.py for tasks to queue
[2023-04-10 11:43:39,813] {logging_mixin.py:109} INFO - [2023-04-10 11:43:39,813] {dagbag.py:500} INFO - Filling up the DagBag from /home/airflow/.local/lib/python3.7/site-packages/airflow/example_dags/example_bash_operator.py
[2023-04-10 11:43:39,840] {processor.py:632} INFO - DAG(s) dict_keys(['example_bash_operator']) retrieved from /home/airflow/.local/lib/python3.7/site-packages/airflow/example_dags/example_bash_operator.py
[2023-04-10 11:43:39,850] {logging_mixin.py:109} INFO - [2023-04-10 11:43:39,850] {dag.py:2389} INFO - Sync 1 DAGs
[2023-04-10 11:43:39,866] {logging_mixin.py:109} INFO - [2023-04-10 11:43:39,866] {dag.py:2921} INFO - Setting next_dagrun for example_bash_operator to 2023-04-09 00:00:00+00:00
[2023-04-10 11:43:39,875] {processor.py:171} INFO - Processing /home/airflow/.local/lib/python3.7/site-packages/airflow/example_dags/example_bash_operator.py took 0.066 seconds
[2023-04-10 11:44:10,277] {processor.py:163} INFO - Started process (PID=2204) to work on /home/airflow/.local/lib/python3.7/site-packages/airflow/example_dags/example_bash_operator.py
[2023-04-10 11:44:10,278] {processor.py:620} INFO - Processing file /home/airflow/.local/lib/python3.7/site-packages/airflow/example_dags/example_bash_operator.py for tasks to queue
[2023-04-10 11:44:10,279] {logging_mixin.py:109} INFO - [2023-04-10 11:44:10,279] {dagbag.py:500} INFO - Filling up the DagBag from /home/airflow/.local/lib/python3.7/site-packages/airflow/example_dags/example_bash_operator.py
[2023-04-10 11:44:10,300] {processor.py:632} INFO - DAG(s) dict_keys(['example_bash_operator']) retrieved from /home/airflow/.local/lib/python3.7/site-packages/airflow/example_dags/example_bash_operator.py
[2023-04-10 11:44:10,306] {logging_mixin.py:109} INFO - [2023-04-10 11:44:10,306] {dag.py:2389} INFO - Sync 1 DAGs
[2023-04-10 11:44:10,316] {logging_mixin.py:109} INFO - [2023-04-10 11:44:10,316] {dag.py:2921} INFO - Setting next_dagrun for example_bash_operator to 2023-04-09 00:00:00+00:00
[2023-04-10 11:44:10,324] {processor.py:171} INFO - Processing /home/airflow/.local/lib/python3.7/site-packages/airflow/example_dags/example_bash_operator.py took 0.049 seconds
[2023-04-10 11:44:40,554] {processor.py:163} INFO - Started process (PID=2255) to work on /home/airflow/.local/lib/python3.7/site-packages/airflow/example_dags/example_bash_operator.py
[2023-04-10 11:44:40,555] {processor.py:620} INFO - Processing file /home/airflow/.local/lib/python3.7/site-packages/airflow/example_dags/example_bash_operator.py for tasks to queue
[2023-04-10 11:44:40,555] {logging_mixin.py:109} INFO - [2023-04-10 11:44:40,555] {dagbag.py:500} INFO - Filling up the DagBag from /home/airflow/.local/lib/python3.7/site-packages/airflow/example_dags/example_bash_operator.py
[2023-04-10 11:44:40,579] {processor.py:632} INFO - DAG(s) dict_keys(['example_bash_operator']) retrieved from /home/airflow/.local/lib/python3.7/site-packages/airflow/example_dags/example_bash_operator.py
[2023-04-10 11:44:40,586] {logging_mixin.py:109} INFO - [2023-04-10 11:44:40,586] {dag.py:2389} INFO - Sync 1 DAGs
[2023-04-10 11:44:40,597] {logging_mixin.py:109} INFO - [2023-04-10 11:44:40,597] {dag.py:2921} INFO - Setting next_dagrun for example_bash_operator to 2023-04-09 00:00:00+00:00
[2023-04-10 11:44:40,605] {processor.py:171} INFO - Processing /home/airflow/.local/lib/python3.7/site-packages/airflow/example_dags/example_bash_operator.py took 0.053 seconds
[2023-04-10 11:45:11,006] {processor.py:163} INFO - Started process (PID=2316) to work on /home/airflow/.local/lib/python3.7/site-packages/airflow/example_dags/example_bash_operator.py
[2023-04-10 11:45:11,007] {processor.py:620} INFO - Processing file /home/airflow/.local/lib/python3.7/site-packages/airflow/example_dags/example_bash_operator.py for tasks to queue
[2023-04-10 11:45:11,007] {logging_mixin.py:109} INFO - [2023-04-10 11:45:11,007] {dagbag.py:500} INFO - Filling up the DagBag from /home/airflow/.local/lib/python3.7/site-packages/airflow/example_dags/example_bash_operator.py
[2023-04-10 11:45:11,032] {processor.py:632} INFO - DAG(s) dict_keys(['example_bash_operator']) retrieved from /home/airflow/.local/lib/python3.7/site-packages/airflow/example_dags/example_bash_operator.py
[2023-04-10 11:45:11,041] {logging_mixin.py:109} INFO - [2023-04-10 11:45:11,041] {dag.py:2389} INFO - Sync 1 DAGs
[2023-04-10 11:45:11,054] {logging_mixin.py:109} INFO - [2023-04-10 11:45:11,054] {dag.py:2921} INFO - Setting next_dagrun for example_bash_operator to 2023-04-09 00:00:00+00:00
[2023-04-10 11:45:11,061] {processor.py:171} INFO - Processing /home/airflow/.local/lib/python3.7/site-packages/airflow/example_dags/example_bash_operator.py took 0.057 seconds
[2023-04-10 11:45:41,263] {processor.py:163} INFO - Started process (PID=2367) to work on /home/airflow/.local/lib/python3.7/site-packages/airflow/example_dags/example_bash_operator.py
[2023-04-10 11:45:41,264] {processor.py:620} INFO - Processing file /home/airflow/.local/lib/python3.7/site-packages/airflow/example_dags/example_bash_operator.py for tasks to queue
[2023-04-10 11:45:41,264] {logging_mixin.py:109} INFO - [2023-04-10 11:45:41,264] {dagbag.py:500} INFO - Filling up the DagBag from /home/airflow/.local/lib/python3.7/site-packages/airflow/example_dags/example_bash_operator.py
[2023-04-10 11:45:41,286] {processor.py:632} INFO - DAG(s) dict_keys(['example_bash_operator']) retrieved from /home/airflow/.local/lib/python3.7/site-packages/airflow/example_dags/example_bash_operator.py
[2023-04-10 11:45:41,294] {logging_mixin.py:109} INFO - [2023-04-10 11:45:41,294] {dag.py:2389} INFO - Sync 1 DAGs
[2023-04-10 11:45:41,306] {logging_mixin.py:109} INFO - [2023-04-10 11:45:41,306] {dag.py:2921} INFO - Setting next_dagrun for example_bash_operator to 2023-04-09 00:00:00+00:00
[2023-04-10 11:45:41,315] {processor.py:171} INFO - Processing /home/airflow/.local/lib/python3.7/site-packages/airflow/example_dags/example_bash_operator.py took 0.054 seconds
[2023-04-10 11:46:11,620] {processor.py:163} INFO - Started process (PID=2427) to work on /home/airflow/.local/lib/python3.7/site-packages/airflow/example_dags/example_bash_operator.py
[2023-04-10 11:46:11,620] {processor.py:620} INFO - Processing file /home/airflow/.local/lib/python3.7/site-packages/airflow/example_dags/example_bash_operator.py for tasks to queue
[2023-04-10 11:46:11,621] {logging_mixin.py:109} INFO - [2023-04-10 11:46:11,621] {dagbag.py:500} INFO - Filling up the DagBag from /home/airflow/.local/lib/python3.7/site-packages/airflow/example_dags/example_bash_operator.py
[2023-04-10 11:46:11,644] {processor.py:632} INFO - DAG(s) dict_keys(['example_bash_operator']) retrieved from /home/airflow/.local/lib/python3.7/site-packages/airflow/example_dags/example_bash_operator.py
[2023-04-10 11:46:11,651] {logging_mixin.py:109} INFO - [2023-04-10 11:46:11,651] {dag.py:2389} INFO - Sync 1 DAGs
[2023-04-10 11:46:11,664] {logging_mixin.py:109} INFO - [2023-04-10 11:46:11,664] {dag.py:2921} INFO - Setting next_dagrun for example_bash_operator to 2023-04-09 00:00:00+00:00
[2023-04-10 11:46:11,671] {processor.py:171} INFO - Processing /home/airflow/.local/lib/python3.7/site-packages/airflow/example_dags/example_bash_operator.py took 0.053 seconds
[2023-04-10 11:46:41,830] {processor.py:163} INFO - Started process (PID=2478) to work on /home/airflow/.local/lib/python3.7/site-packages/airflow/example_dags/example_bash_operator.py
[2023-04-10 11:46:41,832] {processor.py:620} INFO - Processing file /home/airflow/.local/lib/python3.7/site-packages/airflow/example_dags/example_bash_operator.py for tasks to queue
[2023-04-10 11:46:41,832] {logging_mixin.py:109} INFO - [2023-04-10 11:46:41,832] {dagbag.py:500} INFO - Filling up the DagBag from /home/airflow/.local/lib/python3.7/site-packages/airflow/example_dags/example_bash_operator.py
[2023-04-10 11:46:41,860] {processor.py:632} INFO - DAG(s) dict_keys(['example_bash_operator']) retrieved from /home/airflow/.local/lib/python3.7/site-packages/airflow/example_dags/example_bash_operator.py
[2023-04-10 11:46:41,872] {logging_mixin.py:109} INFO - [2023-04-10 11:46:41,872] {dag.py:2389} INFO - Sync 1 DAGs
[2023-04-10 11:46:41,886] {logging_mixin.py:109} INFO - [2023-04-10 11:46:41,886] {dag.py:2921} INFO - Setting next_dagrun for example_bash_operator to 2023-04-09 00:00:00+00:00
[2023-04-10 11:46:41,894] {processor.py:171} INFO - Processing /home/airflow/.local/lib/python3.7/site-packages/airflow/example_dags/example_bash_operator.py took 0.066 seconds
[2023-04-10 11:47:12,176] {processor.py:163} INFO - Started process (PID=2538) to work on /home/airflow/.local/lib/python3.7/site-packages/airflow/example_dags/example_bash_operator.py
[2023-04-10 11:47:12,177] {processor.py:620} INFO - Processing file /home/airflow/.local/lib/python3.7/site-packages/airflow/example_dags/example_bash_operator.py for tasks to queue
[2023-04-10 11:47:12,177] {logging_mixin.py:109} INFO - [2023-04-10 11:47:12,177] {dagbag.py:500} INFO - Filling up the DagBag from /home/airflow/.local/lib/python3.7/site-packages/airflow/example_dags/example_bash_operator.py
[2023-04-10 11:47:12,206] {processor.py:632} INFO - DAG(s) dict_keys(['example_bash_operator']) retrieved from /home/airflow/.local/lib/python3.7/site-packages/airflow/example_dags/example_bash_operator.py
[2023-04-10 11:47:12,216] {logging_mixin.py:109} INFO - [2023-04-10 11:47:12,216] {dag.py:2389} INFO - Sync 1 DAGs
[2023-04-10 11:47:12,232] {logging_mixin.py:109} INFO - [2023-04-10 11:47:12,232] {dag.py:2921} INFO - Setting next_dagrun for example_bash_operator to 2023-04-09 00:00:00+00:00
[2023-04-10 11:47:12,243] {processor.py:171} INFO - Processing /home/airflow/.local/lib/python3.7/site-packages/airflow/example_dags/example_bash_operator.py took 0.070 seconds
[2023-04-10 11:47:42,943] {processor.py:163} INFO - Started process (PID=2589) to work on /home/airflow/.local/lib/python3.7/site-packages/airflow/example_dags/example_bash_operator.py
[2023-04-10 11:47:42,945] {processor.py:620} INFO - Processing file /home/airflow/.local/lib/python3.7/site-packages/airflow/example_dags/example_bash_operator.py for tasks to queue
[2023-04-10 11:47:42,945] {logging_mixin.py:109} INFO - [2023-04-10 11:47:42,945] {dagbag.py:500} INFO - Filling up the DagBag from /home/airflow/.local/lib/python3.7/site-packages/airflow/example_dags/example_bash_operator.py
[2023-04-10 11:47:42,969] {processor.py:632} INFO - DAG(s) dict_keys(['example_bash_operator']) retrieved from /home/airflow/.local/lib/python3.7/site-packages/airflow/example_dags/example_bash_operator.py
[2023-04-10 11:47:42,976] {logging_mixin.py:109} INFO - [2023-04-10 11:47:42,976] {dag.py:2389} INFO - Sync 1 DAGs
[2023-04-10 11:47:43,049] {logging_mixin.py:109} INFO - [2023-04-10 11:47:43,049] {dag.py:2921} INFO - Setting next_dagrun for example_bash_operator to 2023-04-09 00:00:00+00:00
[2023-04-10 11:47:43,057] {processor.py:171} INFO - Processing /home/airflow/.local/lib/python3.7/site-packages/airflow/example_dags/example_bash_operator.py took 0.116 seconds
[2023-04-10 11:48:04,182] {processor.py:163} INFO - Started process (PID=3133) to work on /home/airflow/.local/lib/python3.7/site-packages/airflow/example_dags/example_bash_operator.py
[2023-04-10 11:48:04,183] {processor.py:620} INFO - Processing file /home/airflow/.local/lib/python3.7/site-packages/airflow/example_dags/example_bash_operator.py for tasks to queue
[2023-04-10 11:48:04,183] {logging_mixin.py:109} INFO - [2023-04-10 11:48:04,183] {dagbag.py:500} INFO - Filling up the DagBag from /home/airflow/.local/lib/python3.7/site-packages/airflow/example_dags/example_bash_operator.py
[2023-04-10 11:48:04,208] {processor.py:632} INFO - DAG(s) dict_keys(['example_bash_operator']) retrieved from /home/airflow/.local/lib/python3.7/site-packages/airflow/example_dags/example_bash_operator.py
[2023-04-10 11:48:04,216] {logging_mixin.py:109} INFO - [2023-04-10 11:48:04,216] {dag.py:2389} INFO - Sync 1 DAGs
[2023-04-10 11:48:04,231] {logging_mixin.py:109} INFO - [2023-04-10 11:48:04,231] {dag.py:2921} INFO - Setting next_dagrun for example_bash_operator to 2023-04-09 00:00:00+00:00
[2023-04-10 11:48:04,239] {processor.py:171} INFO - Processing /home/airflow/.local/lib/python3.7/site-packages/airflow/example_dags/example_bash_operator.py took 0.060 seconds
[2023-04-10 11:48:13,582] {processor.py:163} INFO - Started process (PID=2649) to work on /home/airflow/.local/lib/python3.7/site-packages/airflow/example_dags/example_bash_operator.py
[2023-04-10 11:48:13,582] {processor.py:620} INFO - Processing file /home/airflow/.local/lib/python3.7/site-packages/airflow/example_dags/example_bash_operator.py for tasks to queue
[2023-04-10 11:48:13,583] {logging_mixin.py:109} INFO - [2023-04-10 11:48:13,583] {dagbag.py:500} INFO - Filling up the DagBag from /home/airflow/.local/lib/python3.7/site-packages/airflow/example_dags/example_bash_operator.py
[2023-04-10 11:48:13,610] {processor.py:632} INFO - DAG(s) dict_keys(['example_bash_operator']) retrieved from /home/airflow/.local/lib/python3.7/site-packages/airflow/example_dags/example_bash_operator.py
[2023-04-10 11:48:13,622] {logging_mixin.py:109} INFO - [2023-04-10 11:48:13,621] {dag.py:2389} INFO - Sync 1 DAGs
[2023-04-10 11:48:13,705] {logging_mixin.py:109} INFO - [2023-04-10 11:48:13,705] {dag.py:2921} INFO - Setting next_dagrun for example_bash_operator to 2023-04-09 00:00:00+00:00
[2023-04-10 11:48:13,713] {processor.py:171} INFO - Processing /home/airflow/.local/lib/python3.7/site-packages/airflow/example_dags/example_bash_operator.py took 0.135 seconds
[2023-04-10 11:48:44,015] {processor.py:163} INFO - Started process (PID=2700) to work on /home/airflow/.local/lib/python3.7/site-packages/airflow/example_dags/example_bash_operator.py
[2023-04-10 11:48:44,017] {processor.py:620} INFO - Processing file /home/airflow/.local/lib/python3.7/site-packages/airflow/example_dags/example_bash_operator.py for tasks to queue
[2023-04-10 11:48:44,017] {logging_mixin.py:109} INFO - [2023-04-10 11:48:44,017] {dagbag.py:500} INFO - Filling up the DagBag from /home/airflow/.local/lib/python3.7/site-packages/airflow/example_dags/example_bash_operator.py
[2023-04-10 11:48:44,041] {processor.py:632} INFO - DAG(s) dict_keys(['example_bash_operator']) retrieved from /home/airflow/.local/lib/python3.7/site-packages/airflow/example_dags/example_bash_operator.py
[2023-04-10 11:48:44,052] {logging_mixin.py:109} INFO - [2023-04-10 11:48:44,052] {dag.py:2389} INFO - Sync 1 DAGs
[2023-04-10 11:48:44,135] {logging_mixin.py:109} INFO - [2023-04-10 11:48:44,134] {dag.py:2921} INFO - Setting next_dagrun for example_bash_operator to 2023-04-09 00:00:00+00:00
[2023-04-10 11:48:44,143] {processor.py:171} INFO - Processing /home/airflow/.local/lib/python3.7/site-packages/airflow/example_dags/example_bash_operator.py took 0.129 seconds
