[2023-04-10 11:26:58,538] {processor.py:163} INFO - Started process (PID=255) to work on /home/airflow/.local/lib/python3.7/site-packages/airflow/example_dags/example_branch_datetime_operator.py
[2023-04-10 11:26:58,539] {processor.py:620} INFO - Processing file /home/airflow/.local/lib/python3.7/site-packages/airflow/example_dags/example_branch_datetime_operator.py for tasks to queue
[2023-04-10 11:26:58,539] {logging_mixin.py:109} INFO - [2023-04-10 11:26:58,539] {dagbag.py:500} INFO - Filling up the DagBag from /home/airflow/.local/lib/python3.7/site-packages/airflow/example_dags/example_branch_datetime_operator.py
[2023-04-10 11:26:58,566] {processor.py:632} INFO - DAG(s) dict_keys(['example_branch_datetime_operator_2']) retrieved from /home/airflow/.local/lib/python3.7/site-packages/airflow/example_dags/example_branch_datetime_operator.py
[2023-04-10 11:27:00,036] {logging_mixin.py:109} INFO - [2023-04-10 11:27:00,036] {providers_manager.py:156} WARNING - Exception when importing 'airflow.providers.google.leveldb.hooks.leveldb.LevelDBHook' from 'apache-airflow-providers-google' package: No module named 'plyvel'
[2023-04-10 11:27:00,461] {logging_mixin.py:109} INFO - [2023-04-10 11:27:00,461] {providers_manager.py:156} WARNING - Exception when importing 'airflow.providers.google.leveldb.hooks.leveldb.LevelDBHook' from 'apache-airflow-providers-google' package: No module named 'plyvel'
[2023-04-10 11:27:00,487] {logging_mixin.py:109} INFO - [2023-04-10 11:27:00,486] {manager.py:496} INFO - Created Permission View: can read on DAG:example_branch_datetime_operator_2
[2023-04-10 11:27:00,497] {logging_mixin.py:109} INFO - [2023-04-10 11:27:00,497] {manager.py:496} INFO - Created Permission View: can edit on DAG:example_branch_datetime_operator_2
[2023-04-10 11:27:00,497] {logging_mixin.py:109} INFO - [2023-04-10 11:27:00,497] {dag.py:2389} INFO - Sync 1 DAGs
[2023-04-10 11:27:00,503] {logging_mixin.py:109} INFO - [2023-04-10 11:27:00,503] {dag.py:2408} INFO - Creating ORM DAG for example_branch_datetime_operator_2
[2023-04-10 11:27:00,512] {logging_mixin.py:109} INFO - [2023-04-10 11:27:00,512] {dag.py:2921} INFO - Setting next_dagrun for example_branch_datetime_operator_2 to 2023-04-09 00:00:00+00:00
[2023-04-10 11:27:00,525] {processor.py:171} INFO - Processing /home/airflow/.local/lib/python3.7/site-packages/airflow/example_dags/example_branch_datetime_operator.py took 1.989 seconds
[2023-04-10 11:27:30,842] {processor.py:163} INFO - Started process (PID=387) to work on /home/airflow/.local/lib/python3.7/site-packages/airflow/example_dags/example_branch_datetime_operator.py
[2023-04-10 11:27:30,843] {processor.py:620} INFO - Processing file /home/airflow/.local/lib/python3.7/site-packages/airflow/example_dags/example_branch_datetime_operator.py for tasks to queue
[2023-04-10 11:27:30,843] {logging_mixin.py:109} INFO - [2023-04-10 11:27:30,843] {dagbag.py:500} INFO - Filling up the DagBag from /home/airflow/.local/lib/python3.7/site-packages/airflow/example_dags/example_branch_datetime_operator.py
[2023-04-10 11:27:30,864] {processor.py:632} INFO - DAG(s) dict_keys(['example_branch_datetime_operator_2']) retrieved from /home/airflow/.local/lib/python3.7/site-packages/airflow/example_dags/example_branch_datetime_operator.py
[2023-04-10 11:27:30,871] {logging_mixin.py:109} INFO - [2023-04-10 11:27:30,871] {dag.py:2389} INFO - Sync 1 DAGs
[2023-04-10 11:27:30,882] {logging_mixin.py:109} INFO - [2023-04-10 11:27:30,882] {dag.py:2921} INFO - Setting next_dagrun for example_branch_datetime_operator_2 to 2023-04-09 00:00:00+00:00
[2023-04-10 11:27:30,890] {processor.py:171} INFO - Processing /home/airflow/.local/lib/python3.7/site-packages/airflow/example_dags/example_branch_datetime_operator.py took 0.051 seconds
[2023-04-10 11:28:01,052] {processor.py:163} INFO - Started process (PID=438) to work on /home/airflow/.local/lib/python3.7/site-packages/airflow/example_dags/example_branch_datetime_operator.py
[2023-04-10 11:28:01,053] {processor.py:620} INFO - Processing file /home/airflow/.local/lib/python3.7/site-packages/airflow/example_dags/example_branch_datetime_operator.py for tasks to queue
[2023-04-10 11:28:01,054] {logging_mixin.py:109} INFO - [2023-04-10 11:28:01,053] {dagbag.py:500} INFO - Filling up the DagBag from /home/airflow/.local/lib/python3.7/site-packages/airflow/example_dags/example_branch_datetime_operator.py
[2023-04-10 11:28:01,079] {processor.py:632} INFO - DAG(s) dict_keys(['example_branch_datetime_operator_2']) retrieved from /home/airflow/.local/lib/python3.7/site-packages/airflow/example_dags/example_branch_datetime_operator.py
[2023-04-10 11:28:01,089] {logging_mixin.py:109} INFO - [2023-04-10 11:28:01,089] {dag.py:2389} INFO - Sync 1 DAGs
[2023-04-10 11:28:01,106] {logging_mixin.py:109} INFO - [2023-04-10 11:28:01,106] {dag.py:2921} INFO - Setting next_dagrun for example_branch_datetime_operator_2 to 2023-04-09 00:00:00+00:00
[2023-04-10 11:28:01,115] {processor.py:171} INFO - Processing /home/airflow/.local/lib/python3.7/site-packages/airflow/example_dags/example_branch_datetime_operator.py took 0.066 seconds
[2023-04-10 11:28:31,231] {processor.py:163} INFO - Started process (PID=498) to work on /home/airflow/.local/lib/python3.7/site-packages/airflow/example_dags/example_branch_datetime_operator.py
[2023-04-10 11:28:31,238] {processor.py:620} INFO - Processing file /home/airflow/.local/lib/python3.7/site-packages/airflow/example_dags/example_branch_datetime_operator.py for tasks to queue
[2023-04-10 11:28:31,239] {logging_mixin.py:109} INFO - [2023-04-10 11:28:31,239] {dagbag.py:500} INFO - Filling up the DagBag from /home/airflow/.local/lib/python3.7/site-packages/airflow/example_dags/example_branch_datetime_operator.py
[2023-04-10 11:28:31,262] {processor.py:632} INFO - DAG(s) dict_keys(['example_branch_datetime_operator_2']) retrieved from /home/airflow/.local/lib/python3.7/site-packages/airflow/example_dags/example_branch_datetime_operator.py
[2023-04-10 11:28:31,270] {logging_mixin.py:109} INFO - [2023-04-10 11:28:31,270] {dag.py:2389} INFO - Sync 1 DAGs
[2023-04-10 11:28:31,286] {logging_mixin.py:109} INFO - [2023-04-10 11:28:31,286] {dag.py:2921} INFO - Setting next_dagrun for example_branch_datetime_operator_2 to 2023-04-09 00:00:00+00:00
[2023-04-10 11:28:31,295] {processor.py:171} INFO - Processing /home/airflow/.local/lib/python3.7/site-packages/airflow/example_dags/example_branch_datetime_operator.py took 0.067 seconds
[2023-04-10 11:29:01,512] {processor.py:163} INFO - Started process (PID=549) to work on /home/airflow/.local/lib/python3.7/site-packages/airflow/example_dags/example_branch_datetime_operator.py
[2023-04-10 11:29:01,513] {processor.py:620} INFO - Processing file /home/airflow/.local/lib/python3.7/site-packages/airflow/example_dags/example_branch_datetime_operator.py for tasks to queue
[2023-04-10 11:29:01,513] {logging_mixin.py:109} INFO - [2023-04-10 11:29:01,513] {dagbag.py:500} INFO - Filling up the DagBag from /home/airflow/.local/lib/python3.7/site-packages/airflow/example_dags/example_branch_datetime_operator.py
[2023-04-10 11:29:01,539] {processor.py:632} INFO - DAG(s) dict_keys(['example_branch_datetime_operator_2']) retrieved from /home/airflow/.local/lib/python3.7/site-packages/airflow/example_dags/example_branch_datetime_operator.py
[2023-04-10 11:29:01,546] {logging_mixin.py:109} INFO - [2023-04-10 11:29:01,545] {dag.py:2389} INFO - Sync 1 DAGs
[2023-04-10 11:29:01,556] {logging_mixin.py:109} INFO - [2023-04-10 11:29:01,556] {dag.py:2921} INFO - Setting next_dagrun for example_branch_datetime_operator_2 to 2023-04-09 00:00:00+00:00
[2023-04-10 11:29:01,564] {processor.py:171} INFO - Processing /home/airflow/.local/lib/python3.7/site-packages/airflow/example_dags/example_branch_datetime_operator.py took 0.054 seconds
[2023-04-10 11:29:31,668] {processor.py:163} INFO - Started process (PID=609) to work on /home/airflow/.local/lib/python3.7/site-packages/airflow/example_dags/example_branch_datetime_operator.py
[2023-04-10 11:29:31,669] {processor.py:620} INFO - Processing file /home/airflow/.local/lib/python3.7/site-packages/airflow/example_dags/example_branch_datetime_operator.py for tasks to queue
[2023-04-10 11:29:31,670] {logging_mixin.py:109} INFO - [2023-04-10 11:29:31,670] {dagbag.py:500} INFO - Filling up the DagBag from /home/airflow/.local/lib/python3.7/site-packages/airflow/example_dags/example_branch_datetime_operator.py
[2023-04-10 11:29:31,698] {processor.py:632} INFO - DAG(s) dict_keys(['example_branch_datetime_operator_2']) retrieved from /home/airflow/.local/lib/python3.7/site-packages/airflow/example_dags/example_branch_datetime_operator.py
[2023-04-10 11:29:31,710] {logging_mixin.py:109} INFO - [2023-04-10 11:29:31,710] {dag.py:2389} INFO - Sync 1 DAGs
[2023-04-10 11:29:31,728] {logging_mixin.py:109} INFO - [2023-04-10 11:29:31,728] {dag.py:2921} INFO - Setting next_dagrun for example_branch_datetime_operator_2 to 2023-04-09 00:00:00+00:00
[2023-04-10 11:29:31,738] {processor.py:171} INFO - Processing /home/airflow/.local/lib/python3.7/site-packages/airflow/example_dags/example_branch_datetime_operator.py took 0.074 seconds
[2023-04-10 11:30:02,074] {processor.py:163} INFO - Started process (PID=662) to work on /home/airflow/.local/lib/python3.7/site-packages/airflow/example_dags/example_branch_datetime_operator.py
[2023-04-10 11:30:02,075] {processor.py:620} INFO - Processing file /home/airflow/.local/lib/python3.7/site-packages/airflow/example_dags/example_branch_datetime_operator.py for tasks to queue
[2023-04-10 11:30:02,076] {logging_mixin.py:109} INFO - [2023-04-10 11:30:02,076] {dagbag.py:500} INFO - Filling up the DagBag from /home/airflow/.local/lib/python3.7/site-packages/airflow/example_dags/example_branch_datetime_operator.py
[2023-04-10 11:30:02,096] {processor.py:632} INFO - DAG(s) dict_keys(['example_branch_datetime_operator_2']) retrieved from /home/airflow/.local/lib/python3.7/site-packages/airflow/example_dags/example_branch_datetime_operator.py
[2023-04-10 11:30:02,102] {logging_mixin.py:109} INFO - [2023-04-10 11:30:02,102] {dag.py:2389} INFO - Sync 1 DAGs
[2023-04-10 11:30:02,113] {logging_mixin.py:109} INFO - [2023-04-10 11:30:02,113] {dag.py:2921} INFO - Setting next_dagrun for example_branch_datetime_operator_2 to 2023-04-09 00:00:00+00:00
[2023-04-10 11:30:02,121] {processor.py:171} INFO - Processing /home/airflow/.local/lib/python3.7/site-packages/airflow/example_dags/example_branch_datetime_operator.py took 0.050 seconds
[2023-04-10 11:30:32,455] {processor.py:163} INFO - Started process (PID=713) to work on /home/airflow/.local/lib/python3.7/site-packages/airflow/example_dags/example_branch_datetime_operator.py
[2023-04-10 11:30:32,456] {processor.py:620} INFO - Processing file /home/airflow/.local/lib/python3.7/site-packages/airflow/example_dags/example_branch_datetime_operator.py for tasks to queue
[2023-04-10 11:30:32,457] {logging_mixin.py:109} INFO - [2023-04-10 11:30:32,457] {dagbag.py:500} INFO - Filling up the DagBag from /home/airflow/.local/lib/python3.7/site-packages/airflow/example_dags/example_branch_datetime_operator.py
[2023-04-10 11:30:32,477] {processor.py:632} INFO - DAG(s) dict_keys(['example_branch_datetime_operator_2']) retrieved from /home/airflow/.local/lib/python3.7/site-packages/airflow/example_dags/example_branch_datetime_operator.py
[2023-04-10 11:30:32,483] {logging_mixin.py:109} INFO - [2023-04-10 11:30:32,483] {dag.py:2389} INFO - Sync 1 DAGs
[2023-04-10 11:30:32,494] {logging_mixin.py:109} INFO - [2023-04-10 11:30:32,494] {dag.py:2921} INFO - Setting next_dagrun for example_branch_datetime_operator_2 to 2023-04-09 00:00:00+00:00
[2023-04-10 11:30:32,502] {processor.py:171} INFO - Processing /home/airflow/.local/lib/python3.7/site-packages/airflow/example_dags/example_branch_datetime_operator.py took 0.049 seconds
[2023-04-10 11:31:02,930] {processor.py:163} INFO - Started process (PID=773) to work on /home/airflow/.local/lib/python3.7/site-packages/airflow/example_dags/example_branch_datetime_operator.py
[2023-04-10 11:31:02,931] {processor.py:620} INFO - Processing file /home/airflow/.local/lib/python3.7/site-packages/airflow/example_dags/example_branch_datetime_operator.py for tasks to queue
[2023-04-10 11:31:02,931] {logging_mixin.py:109} INFO - [2023-04-10 11:31:02,931] {dagbag.py:500} INFO - Filling up the DagBag from /home/airflow/.local/lib/python3.7/site-packages/airflow/example_dags/example_branch_datetime_operator.py
[2023-04-10 11:31:02,955] {processor.py:632} INFO - DAG(s) dict_keys(['example_branch_datetime_operator_2']) retrieved from /home/airflow/.local/lib/python3.7/site-packages/airflow/example_dags/example_branch_datetime_operator.py
[2023-04-10 11:31:02,963] {logging_mixin.py:109} INFO - [2023-04-10 11:31:02,963] {dag.py:2389} INFO - Sync 1 DAGs
[2023-04-10 11:31:02,977] {logging_mixin.py:109} INFO - [2023-04-10 11:31:02,977] {dag.py:2921} INFO - Setting next_dagrun for example_branch_datetime_operator_2 to 2023-04-09 00:00:00+00:00
[2023-04-10 11:31:02,985] {processor.py:171} INFO - Processing /home/airflow/.local/lib/python3.7/site-packages/airflow/example_dags/example_branch_datetime_operator.py took 0.057 seconds
[2023-04-10 11:31:33,270] {processor.py:163} INFO - Started process (PID=824) to work on /home/airflow/.local/lib/python3.7/site-packages/airflow/example_dags/example_branch_datetime_operator.py
[2023-04-10 11:31:33,272] {processor.py:620} INFO - Processing file /home/airflow/.local/lib/python3.7/site-packages/airflow/example_dags/example_branch_datetime_operator.py for tasks to queue
[2023-04-10 11:31:33,272] {logging_mixin.py:109} INFO - [2023-04-10 11:31:33,272] {dagbag.py:500} INFO - Filling up the DagBag from /home/airflow/.local/lib/python3.7/site-packages/airflow/example_dags/example_branch_datetime_operator.py
[2023-04-10 11:31:33,295] {processor.py:632} INFO - DAG(s) dict_keys(['example_branch_datetime_operator_2']) retrieved from /home/airflow/.local/lib/python3.7/site-packages/airflow/example_dags/example_branch_datetime_operator.py
[2023-04-10 11:31:33,303] {logging_mixin.py:109} INFO - [2023-04-10 11:31:33,303] {dag.py:2389} INFO - Sync 1 DAGs
[2023-04-10 11:31:33,315] {logging_mixin.py:109} INFO - [2023-04-10 11:31:33,315] {dag.py:2921} INFO - Setting next_dagrun for example_branch_datetime_operator_2 to 2023-04-09 00:00:00+00:00
[2023-04-10 11:31:33,324] {processor.py:171} INFO - Processing /home/airflow/.local/lib/python3.7/site-packages/airflow/example_dags/example_branch_datetime_operator.py took 0.056 seconds
[2023-04-10 11:32:03,474] {processor.py:163} INFO - Started process (PID=885) to work on /home/airflow/.local/lib/python3.7/site-packages/airflow/example_dags/example_branch_datetime_operator.py
[2023-04-10 11:32:03,475] {processor.py:620} INFO - Processing file /home/airflow/.local/lib/python3.7/site-packages/airflow/example_dags/example_branch_datetime_operator.py for tasks to queue
[2023-04-10 11:32:03,475] {logging_mixin.py:109} INFO - [2023-04-10 11:32:03,475] {dagbag.py:500} INFO - Filling up the DagBag from /home/airflow/.local/lib/python3.7/site-packages/airflow/example_dags/example_branch_datetime_operator.py
[2023-04-10 11:32:03,494] {processor.py:632} INFO - DAG(s) dict_keys(['example_branch_datetime_operator_2']) retrieved from /home/airflow/.local/lib/python3.7/site-packages/airflow/example_dags/example_branch_datetime_operator.py
[2023-04-10 11:32:03,501] {logging_mixin.py:109} INFO - [2023-04-10 11:32:03,501] {dag.py:2389} INFO - Sync 1 DAGs
[2023-04-10 11:32:03,512] {logging_mixin.py:109} INFO - [2023-04-10 11:32:03,512] {dag.py:2921} INFO - Setting next_dagrun for example_branch_datetime_operator_2 to 2023-04-09 00:00:00+00:00
[2023-04-10 11:32:03,521] {processor.py:171} INFO - Processing /home/airflow/.local/lib/python3.7/site-packages/airflow/example_dags/example_branch_datetime_operator.py took 0.050 seconds
[2023-04-10 11:32:33,748] {processor.py:163} INFO - Started process (PID=937) to work on /home/airflow/.local/lib/python3.7/site-packages/airflow/example_dags/example_branch_datetime_operator.py
[2023-04-10 11:32:33,749] {processor.py:620} INFO - Processing file /home/airflow/.local/lib/python3.7/site-packages/airflow/example_dags/example_branch_datetime_operator.py for tasks to queue
[2023-04-10 11:32:33,751] {logging_mixin.py:109} INFO - [2023-04-10 11:32:33,751] {dagbag.py:500} INFO - Filling up the DagBag from /home/airflow/.local/lib/python3.7/site-packages/airflow/example_dags/example_branch_datetime_operator.py
[2023-04-10 11:32:33,771] {processor.py:632} INFO - DAG(s) dict_keys(['example_branch_datetime_operator_2']) retrieved from /home/airflow/.local/lib/python3.7/site-packages/airflow/example_dags/example_branch_datetime_operator.py
[2023-04-10 11:32:33,778] {logging_mixin.py:109} INFO - [2023-04-10 11:32:33,778] {dag.py:2389} INFO - Sync 1 DAGs
[2023-04-10 11:32:33,789] {logging_mixin.py:109} INFO - [2023-04-10 11:32:33,789] {dag.py:2921} INFO - Setting next_dagrun for example_branch_datetime_operator_2 to 2023-04-09 00:00:00+00:00
[2023-04-10 11:32:33,797] {processor.py:171} INFO - Processing /home/airflow/.local/lib/python3.7/site-packages/airflow/example_dags/example_branch_datetime_operator.py took 0.051 seconds
[2023-04-10 11:33:04,187] {processor.py:163} INFO - Started process (PID=998) to work on /home/airflow/.local/lib/python3.7/site-packages/airflow/example_dags/example_branch_datetime_operator.py
[2023-04-10 11:33:04,188] {processor.py:620} INFO - Processing file /home/airflow/.local/lib/python3.7/site-packages/airflow/example_dags/example_branch_datetime_operator.py for tasks to queue
[2023-04-10 11:33:04,189] {logging_mixin.py:109} INFO - [2023-04-10 11:33:04,189] {dagbag.py:500} INFO - Filling up the DagBag from /home/airflow/.local/lib/python3.7/site-packages/airflow/example_dags/example_branch_datetime_operator.py
[2023-04-10 11:33:04,215] {processor.py:632} INFO - DAG(s) dict_keys(['example_branch_datetime_operator_2']) retrieved from /home/airflow/.local/lib/python3.7/site-packages/airflow/example_dags/example_branch_datetime_operator.py
[2023-04-10 11:33:04,224] {logging_mixin.py:109} INFO - [2023-04-10 11:33:04,224] {dag.py:2389} INFO - Sync 1 DAGs
[2023-04-10 11:33:04,242] {logging_mixin.py:109} INFO - [2023-04-10 11:33:04,242] {dag.py:2921} INFO - Setting next_dagrun for example_branch_datetime_operator_2 to 2023-04-09 00:00:00+00:00
[2023-04-10 11:33:04,252] {processor.py:171} INFO - Processing /home/airflow/.local/lib/python3.7/site-packages/airflow/example_dags/example_branch_datetime_operator.py took 0.068 seconds
[2023-04-10 11:33:34,435] {processor.py:163} INFO - Started process (PID=1049) to work on /home/airflow/.local/lib/python3.7/site-packages/airflow/example_dags/example_branch_datetime_operator.py
[2023-04-10 11:33:34,436] {processor.py:620} INFO - Processing file /home/airflow/.local/lib/python3.7/site-packages/airflow/example_dags/example_branch_datetime_operator.py for tasks to queue
[2023-04-10 11:33:34,436] {logging_mixin.py:109} INFO - [2023-04-10 11:33:34,436] {dagbag.py:500} INFO - Filling up the DagBag from /home/airflow/.local/lib/python3.7/site-packages/airflow/example_dags/example_branch_datetime_operator.py
[2023-04-10 11:33:34,455] {processor.py:632} INFO - DAG(s) dict_keys(['example_branch_datetime_operator_2']) retrieved from /home/airflow/.local/lib/python3.7/site-packages/airflow/example_dags/example_branch_datetime_operator.py
[2023-04-10 11:33:34,461] {logging_mixin.py:109} INFO - [2023-04-10 11:33:34,461] {dag.py:2389} INFO - Sync 1 DAGs
[2023-04-10 11:33:34,473] {logging_mixin.py:109} INFO - [2023-04-10 11:33:34,473] {dag.py:2921} INFO - Setting next_dagrun for example_branch_datetime_operator_2 to 2023-04-09 00:00:00+00:00
[2023-04-10 11:33:34,479] {processor.py:171} INFO - Processing /home/airflow/.local/lib/python3.7/site-packages/airflow/example_dags/example_branch_datetime_operator.py took 0.045 seconds
[2023-04-10 11:34:05,086] {processor.py:163} INFO - Started process (PID=1100) to work on /home/airflow/.local/lib/python3.7/site-packages/airflow/example_dags/example_branch_datetime_operator.py
[2023-04-10 11:34:05,087] {processor.py:620} INFO - Processing file /home/airflow/.local/lib/python3.7/site-packages/airflow/example_dags/example_branch_datetime_operator.py for tasks to queue
[2023-04-10 11:34:05,088] {logging_mixin.py:109} INFO - [2023-04-10 11:34:05,088] {dagbag.py:500} INFO - Filling up the DagBag from /home/airflow/.local/lib/python3.7/site-packages/airflow/example_dags/example_branch_datetime_operator.py
[2023-04-10 11:34:05,110] {processor.py:632} INFO - DAG(s) dict_keys(['example_branch_datetime_operator_2']) retrieved from /home/airflow/.local/lib/python3.7/site-packages/airflow/example_dags/example_branch_datetime_operator.py
[2023-04-10 11:34:05,117] {logging_mixin.py:109} INFO - [2023-04-10 11:34:05,117] {dag.py:2389} INFO - Sync 1 DAGs
[2023-04-10 11:34:05,131] {logging_mixin.py:109} INFO - [2023-04-10 11:34:05,131] {dag.py:2921} INFO - Setting next_dagrun for example_branch_datetime_operator_2 to 2023-04-09 00:00:00+00:00
[2023-04-10 11:34:05,139] {processor.py:171} INFO - Processing /home/airflow/.local/lib/python3.7/site-packages/airflow/example_dags/example_branch_datetime_operator.py took 0.055 seconds
[2023-04-10 11:34:35,402] {processor.py:163} INFO - Started process (PID=1160) to work on /home/airflow/.local/lib/python3.7/site-packages/airflow/example_dags/example_branch_datetime_operator.py
[2023-04-10 11:34:35,403] {processor.py:620} INFO - Processing file /home/airflow/.local/lib/python3.7/site-packages/airflow/example_dags/example_branch_datetime_operator.py for tasks to queue
[2023-04-10 11:34:35,403] {logging_mixin.py:109} INFO - [2023-04-10 11:34:35,403] {dagbag.py:500} INFO - Filling up the DagBag from /home/airflow/.local/lib/python3.7/site-packages/airflow/example_dags/example_branch_datetime_operator.py
[2023-04-10 11:34:35,422] {processor.py:632} INFO - DAG(s) dict_keys(['example_branch_datetime_operator_2']) retrieved from /home/airflow/.local/lib/python3.7/site-packages/airflow/example_dags/example_branch_datetime_operator.py
[2023-04-10 11:34:35,429] {logging_mixin.py:109} INFO - [2023-04-10 11:34:35,429] {dag.py:2389} INFO - Sync 1 DAGs
[2023-04-10 11:34:35,439] {logging_mixin.py:109} INFO - [2023-04-10 11:34:35,439] {dag.py:2921} INFO - Setting next_dagrun for example_branch_datetime_operator_2 to 2023-04-09 00:00:00+00:00
[2023-04-10 11:34:35,447] {processor.py:171} INFO - Processing /home/airflow/.local/lib/python3.7/site-packages/airflow/example_dags/example_branch_datetime_operator.py took 0.048 seconds
[2023-04-10 11:35:05,751] {processor.py:163} INFO - Started process (PID=1211) to work on /home/airflow/.local/lib/python3.7/site-packages/airflow/example_dags/example_branch_datetime_operator.py
[2023-04-10 11:35:05,752] {processor.py:620} INFO - Processing file /home/airflow/.local/lib/python3.7/site-packages/airflow/example_dags/example_branch_datetime_operator.py for tasks to queue
[2023-04-10 11:35:05,752] {logging_mixin.py:109} INFO - [2023-04-10 11:35:05,752] {dagbag.py:500} INFO - Filling up the DagBag from /home/airflow/.local/lib/python3.7/site-packages/airflow/example_dags/example_branch_datetime_operator.py
[2023-04-10 11:35:05,774] {processor.py:632} INFO - DAG(s) dict_keys(['example_branch_datetime_operator_2']) retrieved from /home/airflow/.local/lib/python3.7/site-packages/airflow/example_dags/example_branch_datetime_operator.py
[2023-04-10 11:35:05,782] {logging_mixin.py:109} INFO - [2023-04-10 11:35:05,782] {dag.py:2389} INFO - Sync 1 DAGs
[2023-04-10 11:35:05,794] {logging_mixin.py:109} INFO - [2023-04-10 11:35:05,794] {dag.py:2921} INFO - Setting next_dagrun for example_branch_datetime_operator_2 to 2023-04-09 00:00:00+00:00
[2023-04-10 11:35:05,799] {processor.py:171} INFO - Processing /home/airflow/.local/lib/python3.7/site-packages/airflow/example_dags/example_branch_datetime_operator.py took 0.052 seconds
[2023-04-10 11:35:36,109] {processor.py:163} INFO - Started process (PID=1271) to work on /home/airflow/.local/lib/python3.7/site-packages/airflow/example_dags/example_branch_datetime_operator.py
[2023-04-10 11:35:36,111] {processor.py:620} INFO - Processing file /home/airflow/.local/lib/python3.7/site-packages/airflow/example_dags/example_branch_datetime_operator.py for tasks to queue
[2023-04-10 11:35:36,112] {logging_mixin.py:109} INFO - [2023-04-10 11:35:36,112] {dagbag.py:500} INFO - Filling up the DagBag from /home/airflow/.local/lib/python3.7/site-packages/airflow/example_dags/example_branch_datetime_operator.py
[2023-04-10 11:35:36,149] {processor.py:632} INFO - DAG(s) dict_keys(['example_branch_datetime_operator_2']) retrieved from /home/airflow/.local/lib/python3.7/site-packages/airflow/example_dags/example_branch_datetime_operator.py
[2023-04-10 11:35:36,161] {logging_mixin.py:109} INFO - [2023-04-10 11:35:36,161] {dag.py:2389} INFO - Sync 1 DAGs
[2023-04-10 11:35:36,180] {logging_mixin.py:109} INFO - [2023-04-10 11:35:36,180] {dag.py:2921} INFO - Setting next_dagrun for example_branch_datetime_operator_2 to 2023-04-09 00:00:00+00:00
[2023-04-10 11:35:36,192] {processor.py:171} INFO - Processing /home/airflow/.local/lib/python3.7/site-packages/airflow/example_dags/example_branch_datetime_operator.py took 0.087 seconds
[2023-04-10 11:36:06,391] {processor.py:163} INFO - Started process (PID=1322) to work on /home/airflow/.local/lib/python3.7/site-packages/airflow/example_dags/example_branch_datetime_operator.py
[2023-04-10 11:36:06,398] {processor.py:620} INFO - Processing file /home/airflow/.local/lib/python3.7/site-packages/airflow/example_dags/example_branch_datetime_operator.py for tasks to queue
[2023-04-10 11:36:06,399] {logging_mixin.py:109} INFO - [2023-04-10 11:36:06,399] {dagbag.py:500} INFO - Filling up the DagBag from /home/airflow/.local/lib/python3.7/site-packages/airflow/example_dags/example_branch_datetime_operator.py
[2023-04-10 11:36:06,418] {processor.py:632} INFO - DAG(s) dict_keys(['example_branch_datetime_operator_2']) retrieved from /home/airflow/.local/lib/python3.7/site-packages/airflow/example_dags/example_branch_datetime_operator.py
[2023-04-10 11:36:06,424] {logging_mixin.py:109} INFO - [2023-04-10 11:36:06,424] {dag.py:2389} INFO - Sync 1 DAGs
[2023-04-10 11:36:06,434] {logging_mixin.py:109} INFO - [2023-04-10 11:36:06,434] {dag.py:2921} INFO - Setting next_dagrun for example_branch_datetime_operator_2 to 2023-04-09 00:00:00+00:00
[2023-04-10 11:36:06,442] {processor.py:171} INFO - Processing /home/airflow/.local/lib/python3.7/site-packages/airflow/example_dags/example_branch_datetime_operator.py took 0.054 seconds
[2023-04-10 11:36:36,873] {processor.py:163} INFO - Started process (PID=1374) to work on /home/airflow/.local/lib/python3.7/site-packages/airflow/example_dags/example_branch_datetime_operator.py
[2023-04-10 11:36:36,875] {processor.py:620} INFO - Processing file /home/airflow/.local/lib/python3.7/site-packages/airflow/example_dags/example_branch_datetime_operator.py for tasks to queue
[2023-04-10 11:36:36,875] {logging_mixin.py:109} INFO - [2023-04-10 11:36:36,875] {dagbag.py:500} INFO - Filling up the DagBag from /home/airflow/.local/lib/python3.7/site-packages/airflow/example_dags/example_branch_datetime_operator.py
[2023-04-10 11:36:36,896] {processor.py:632} INFO - DAG(s) dict_keys(['example_branch_datetime_operator_2']) retrieved from /home/airflow/.local/lib/python3.7/site-packages/airflow/example_dags/example_branch_datetime_operator.py
[2023-04-10 11:36:36,903] {logging_mixin.py:109} INFO - [2023-04-10 11:36:36,902] {dag.py:2389} INFO - Sync 1 DAGs
[2023-04-10 11:36:36,912] {logging_mixin.py:109} INFO - [2023-04-10 11:36:36,912] {dag.py:2921} INFO - Setting next_dagrun for example_branch_datetime_operator_2 to 2023-04-09 00:00:00+00:00
[2023-04-10 11:36:36,920] {processor.py:171} INFO - Processing /home/airflow/.local/lib/python3.7/site-packages/airflow/example_dags/example_branch_datetime_operator.py took 0.050 seconds
[2023-04-10 11:37:07,234] {processor.py:163} INFO - Started process (PID=1435) to work on /home/airflow/.local/lib/python3.7/site-packages/airflow/example_dags/example_branch_datetime_operator.py
[2023-04-10 11:37:07,235] {processor.py:620} INFO - Processing file /home/airflow/.local/lib/python3.7/site-packages/airflow/example_dags/example_branch_datetime_operator.py for tasks to queue
[2023-04-10 11:37:07,235] {logging_mixin.py:109} INFO - [2023-04-10 11:37:07,235] {dagbag.py:500} INFO - Filling up the DagBag from /home/airflow/.local/lib/python3.7/site-packages/airflow/example_dags/example_branch_datetime_operator.py
[2023-04-10 11:37:07,255] {processor.py:632} INFO - DAG(s) dict_keys(['example_branch_datetime_operator_2']) retrieved from /home/airflow/.local/lib/python3.7/site-packages/airflow/example_dags/example_branch_datetime_operator.py
[2023-04-10 11:37:07,262] {logging_mixin.py:109} INFO - [2023-04-10 11:37:07,262] {dag.py:2389} INFO - Sync 1 DAGs
[2023-04-10 11:37:07,274] {logging_mixin.py:109} INFO - [2023-04-10 11:37:07,274] {dag.py:2921} INFO - Setting next_dagrun for example_branch_datetime_operator_2 to 2023-04-09 00:00:00+00:00
[2023-04-10 11:37:07,282] {processor.py:171} INFO - Processing /home/airflow/.local/lib/python3.7/site-packages/airflow/example_dags/example_branch_datetime_operator.py took 0.051 seconds
[2023-04-10 11:37:37,473] {processor.py:163} INFO - Started process (PID=1486) to work on /home/airflow/.local/lib/python3.7/site-packages/airflow/example_dags/example_branch_datetime_operator.py
[2023-04-10 11:37:37,481] {processor.py:620} INFO - Processing file /home/airflow/.local/lib/python3.7/site-packages/airflow/example_dags/example_branch_datetime_operator.py for tasks to queue
[2023-04-10 11:37:37,482] {logging_mixin.py:109} INFO - [2023-04-10 11:37:37,481] {dagbag.py:500} INFO - Filling up the DagBag from /home/airflow/.local/lib/python3.7/site-packages/airflow/example_dags/example_branch_datetime_operator.py
[2023-04-10 11:37:37,501] {processor.py:632} INFO - DAG(s) dict_keys(['example_branch_datetime_operator_2']) retrieved from /home/airflow/.local/lib/python3.7/site-packages/airflow/example_dags/example_branch_datetime_operator.py
[2023-04-10 11:37:37,507] {logging_mixin.py:109} INFO - [2023-04-10 11:37:37,507] {dag.py:2389} INFO - Sync 1 DAGs
[2023-04-10 11:37:37,518] {logging_mixin.py:109} INFO - [2023-04-10 11:37:37,518] {dag.py:2921} INFO - Setting next_dagrun for example_branch_datetime_operator_2 to 2023-04-09 00:00:00+00:00
[2023-04-10 11:37:37,527] {processor.py:171} INFO - Processing /home/airflow/.local/lib/python3.7/site-packages/airflow/example_dags/example_branch_datetime_operator.py took 0.057 seconds
[2023-04-10 11:38:07,847] {processor.py:163} INFO - Started process (PID=1547) to work on /home/airflow/.local/lib/python3.7/site-packages/airflow/example_dags/example_branch_datetime_operator.py
[2023-04-10 11:38:07,847] {processor.py:620} INFO - Processing file /home/airflow/.local/lib/python3.7/site-packages/airflow/example_dags/example_branch_datetime_operator.py for tasks to queue
[2023-04-10 11:38:07,848] {logging_mixin.py:109} INFO - [2023-04-10 11:38:07,848] {dagbag.py:500} INFO - Filling up the DagBag from /home/airflow/.local/lib/python3.7/site-packages/airflow/example_dags/example_branch_datetime_operator.py
[2023-04-10 11:38:07,867] {processor.py:632} INFO - DAG(s) dict_keys(['example_branch_datetime_operator_2']) retrieved from /home/airflow/.local/lib/python3.7/site-packages/airflow/example_dags/example_branch_datetime_operator.py
[2023-04-10 11:38:07,873] {logging_mixin.py:109} INFO - [2023-04-10 11:38:07,873] {dag.py:2389} INFO - Sync 1 DAGs
[2023-04-10 11:38:07,885] {logging_mixin.py:109} INFO - [2023-04-10 11:38:07,885] {dag.py:2921} INFO - Setting next_dagrun for example_branch_datetime_operator_2 to 2023-04-09 00:00:00+00:00
[2023-04-10 11:38:07,891] {processor.py:171} INFO - Processing /home/airflow/.local/lib/python3.7/site-packages/airflow/example_dags/example_branch_datetime_operator.py took 0.046 seconds
[2023-04-10 11:38:38,029] {processor.py:163} INFO - Started process (PID=1598) to work on /home/airflow/.local/lib/python3.7/site-packages/airflow/example_dags/example_branch_datetime_operator.py
[2023-04-10 11:38:38,031] {processor.py:620} INFO - Processing file /home/airflow/.local/lib/python3.7/site-packages/airflow/example_dags/example_branch_datetime_operator.py for tasks to queue
[2023-04-10 11:38:38,031] {logging_mixin.py:109} INFO - [2023-04-10 11:38:38,031] {dagbag.py:500} INFO - Filling up the DagBag from /home/airflow/.local/lib/python3.7/site-packages/airflow/example_dags/example_branch_datetime_operator.py
[2023-04-10 11:38:38,050] {processor.py:632} INFO - DAG(s) dict_keys(['example_branch_datetime_operator_2']) retrieved from /home/airflow/.local/lib/python3.7/site-packages/airflow/example_dags/example_branch_datetime_operator.py
[2023-04-10 11:38:38,057] {logging_mixin.py:109} INFO - [2023-04-10 11:38:38,056] {dag.py:2389} INFO - Sync 1 DAGs
[2023-04-10 11:38:38,068] {logging_mixin.py:109} INFO - [2023-04-10 11:38:38,068] {dag.py:2921} INFO - Setting next_dagrun for example_branch_datetime_operator_2 to 2023-04-09 00:00:00+00:00
[2023-04-10 11:38:38,078] {processor.py:171} INFO - Processing /home/airflow/.local/lib/python3.7/site-packages/airflow/example_dags/example_branch_datetime_operator.py took 0.051 seconds
[2023-04-10 11:39:08,373] {processor.py:163} INFO - Started process (PID=1658) to work on /home/airflow/.local/lib/python3.7/site-packages/airflow/example_dags/example_branch_datetime_operator.py
[2023-04-10 11:39:08,374] {processor.py:620} INFO - Processing file /home/airflow/.local/lib/python3.7/site-packages/airflow/example_dags/example_branch_datetime_operator.py for tasks to queue
[2023-04-10 11:39:08,374] {logging_mixin.py:109} INFO - [2023-04-10 11:39:08,374] {dagbag.py:500} INFO - Filling up the DagBag from /home/airflow/.local/lib/python3.7/site-packages/airflow/example_dags/example_branch_datetime_operator.py
[2023-04-10 11:39:08,393] {processor.py:632} INFO - DAG(s) dict_keys(['example_branch_datetime_operator_2']) retrieved from /home/airflow/.local/lib/python3.7/site-packages/airflow/example_dags/example_branch_datetime_operator.py
[2023-04-10 11:39:08,399] {logging_mixin.py:109} INFO - [2023-04-10 11:39:08,399] {dag.py:2389} INFO - Sync 1 DAGs
[2023-04-10 11:39:08,409] {logging_mixin.py:109} INFO - [2023-04-10 11:39:08,409] {dag.py:2921} INFO - Setting next_dagrun for example_branch_datetime_operator_2 to 2023-04-09 00:00:00+00:00
[2023-04-10 11:39:08,416] {processor.py:171} INFO - Processing /home/airflow/.local/lib/python3.7/site-packages/airflow/example_dags/example_branch_datetime_operator.py took 0.045 seconds
[2023-04-10 11:39:38,580] {processor.py:163} INFO - Started process (PID=1709) to work on /home/airflow/.local/lib/python3.7/site-packages/airflow/example_dags/example_branch_datetime_operator.py
[2023-04-10 11:39:38,581] {processor.py:620} INFO - Processing file /home/airflow/.local/lib/python3.7/site-packages/airflow/example_dags/example_branch_datetime_operator.py for tasks to queue
[2023-04-10 11:39:38,581] {logging_mixin.py:109} INFO - [2023-04-10 11:39:38,581] {dagbag.py:500} INFO - Filling up the DagBag from /home/airflow/.local/lib/python3.7/site-packages/airflow/example_dags/example_branch_datetime_operator.py
[2023-04-10 11:39:38,603] {processor.py:632} INFO - DAG(s) dict_keys(['example_branch_datetime_operator_2']) retrieved from /home/airflow/.local/lib/python3.7/site-packages/airflow/example_dags/example_branch_datetime_operator.py
[2023-04-10 11:39:38,610] {logging_mixin.py:109} INFO - [2023-04-10 11:39:38,610] {dag.py:2389} INFO - Sync 1 DAGs
[2023-04-10 11:39:38,621] {logging_mixin.py:109} INFO - [2023-04-10 11:39:38,621] {dag.py:2921} INFO - Setting next_dagrun for example_branch_datetime_operator_2 to 2023-04-09 00:00:00+00:00
[2023-04-10 11:39:38,629] {processor.py:171} INFO - Processing /home/airflow/.local/lib/python3.7/site-packages/airflow/example_dags/example_branch_datetime_operator.py took 0.052 seconds
[2023-04-10 11:40:08,819] {processor.py:163} INFO - Started process (PID=1769) to work on /home/airflow/.local/lib/python3.7/site-packages/airflow/example_dags/example_branch_datetime_operator.py
[2023-04-10 11:40:08,820] {processor.py:620} INFO - Processing file /home/airflow/.local/lib/python3.7/site-packages/airflow/example_dags/example_branch_datetime_operator.py for tasks to queue
[2023-04-10 11:40:08,821] {logging_mixin.py:109} INFO - [2023-04-10 11:40:08,821] {dagbag.py:500} INFO - Filling up the DagBag from /home/airflow/.local/lib/python3.7/site-packages/airflow/example_dags/example_branch_datetime_operator.py
[2023-04-10 11:40:08,844] {processor.py:632} INFO - DAG(s) dict_keys(['example_branch_datetime_operator_2']) retrieved from /home/airflow/.local/lib/python3.7/site-packages/airflow/example_dags/example_branch_datetime_operator.py
[2023-04-10 11:40:08,852] {logging_mixin.py:109} INFO - [2023-04-10 11:40:08,852] {dag.py:2389} INFO - Sync 1 DAGs
[2023-04-10 11:40:08,869] {logging_mixin.py:109} INFO - [2023-04-10 11:40:08,869] {dag.py:2921} INFO - Setting next_dagrun for example_branch_datetime_operator_2 to 2023-04-09 00:00:00+00:00
[2023-04-10 11:40:08,879] {processor.py:171} INFO - Processing /home/airflow/.local/lib/python3.7/site-packages/airflow/example_dags/example_branch_datetime_operator.py took 0.063 seconds
[2023-04-10 11:40:39,111] {processor.py:163} INFO - Started process (PID=1820) to work on /home/airflow/.local/lib/python3.7/site-packages/airflow/example_dags/example_branch_datetime_operator.py
[2023-04-10 11:40:39,112] {processor.py:620} INFO - Processing file /home/airflow/.local/lib/python3.7/site-packages/airflow/example_dags/example_branch_datetime_operator.py for tasks to queue
[2023-04-10 11:40:39,113] {logging_mixin.py:109} INFO - [2023-04-10 11:40:39,112] {dagbag.py:500} INFO - Filling up the DagBag from /home/airflow/.local/lib/python3.7/site-packages/airflow/example_dags/example_branch_datetime_operator.py
[2023-04-10 11:40:39,132] {processor.py:632} INFO - DAG(s) dict_keys(['example_branch_datetime_operator_2']) retrieved from /home/airflow/.local/lib/python3.7/site-packages/airflow/example_dags/example_branch_datetime_operator.py
[2023-04-10 11:40:39,139] {logging_mixin.py:109} INFO - [2023-04-10 11:40:39,139] {dag.py:2389} INFO - Sync 1 DAGs
[2023-04-10 11:40:39,149] {logging_mixin.py:109} INFO - [2023-04-10 11:40:39,149] {dag.py:2921} INFO - Setting next_dagrun for example_branch_datetime_operator_2 to 2023-04-09 00:00:00+00:00
[2023-04-10 11:40:39,157] {processor.py:171} INFO - Processing /home/airflow/.local/lib/python3.7/site-packages/airflow/example_dags/example_branch_datetime_operator.py took 0.048 seconds
[2023-04-10 11:41:09,374] {processor.py:163} INFO - Started process (PID=1880) to work on /home/airflow/.local/lib/python3.7/site-packages/airflow/example_dags/example_branch_datetime_operator.py
[2023-04-10 11:41:09,374] {processor.py:620} INFO - Processing file /home/airflow/.local/lib/python3.7/site-packages/airflow/example_dags/example_branch_datetime_operator.py for tasks to queue
[2023-04-10 11:41:09,375] {logging_mixin.py:109} INFO - [2023-04-10 11:41:09,375] {dagbag.py:500} INFO - Filling up the DagBag from /home/airflow/.local/lib/python3.7/site-packages/airflow/example_dags/example_branch_datetime_operator.py
[2023-04-10 11:41:09,398] {processor.py:632} INFO - DAG(s) dict_keys(['example_branch_datetime_operator_2']) retrieved from /home/airflow/.local/lib/python3.7/site-packages/airflow/example_dags/example_branch_datetime_operator.py
[2023-04-10 11:41:09,406] {logging_mixin.py:109} INFO - [2023-04-10 11:41:09,406] {dag.py:2389} INFO - Sync 1 DAGs
[2023-04-10 11:41:09,419] {logging_mixin.py:109} INFO - [2023-04-10 11:41:09,419] {dag.py:2921} INFO - Setting next_dagrun for example_branch_datetime_operator_2 to 2023-04-09 00:00:00+00:00
[2023-04-10 11:41:09,428] {processor.py:171} INFO - Processing /home/airflow/.local/lib/python3.7/site-packages/airflow/example_dags/example_branch_datetime_operator.py took 0.057 seconds
[2023-04-10 11:41:39,666] {processor.py:163} INFO - Started process (PID=1931) to work on /home/airflow/.local/lib/python3.7/site-packages/airflow/example_dags/example_branch_datetime_operator.py
[2023-04-10 11:41:39,667] {processor.py:620} INFO - Processing file /home/airflow/.local/lib/python3.7/site-packages/airflow/example_dags/example_branch_datetime_operator.py for tasks to queue
[2023-04-10 11:41:39,668] {logging_mixin.py:109} INFO - [2023-04-10 11:41:39,668] {dagbag.py:500} INFO - Filling up the DagBag from /home/airflow/.local/lib/python3.7/site-packages/airflow/example_dags/example_branch_datetime_operator.py
[2023-04-10 11:41:39,689] {processor.py:632} INFO - DAG(s) dict_keys(['example_branch_datetime_operator_2']) retrieved from /home/airflow/.local/lib/python3.7/site-packages/airflow/example_dags/example_branch_datetime_operator.py
[2023-04-10 11:41:39,698] {logging_mixin.py:109} INFO - [2023-04-10 11:41:39,698] {dag.py:2389} INFO - Sync 1 DAGs
[2023-04-10 11:41:39,711] {logging_mixin.py:109} INFO - [2023-04-10 11:41:39,711] {dag.py:2921} INFO - Setting next_dagrun for example_branch_datetime_operator_2 to 2023-04-09 00:00:00+00:00
[2023-04-10 11:41:39,720] {processor.py:171} INFO - Processing /home/airflow/.local/lib/python3.7/site-packages/airflow/example_dags/example_branch_datetime_operator.py took 0.056 seconds
[2023-04-10 11:42:09,954] {processor.py:163} INFO - Started process (PID=1983) to work on /home/airflow/.local/lib/python3.7/site-packages/airflow/example_dags/example_branch_datetime_operator.py
[2023-04-10 11:42:09,955] {processor.py:620} INFO - Processing file /home/airflow/.local/lib/python3.7/site-packages/airflow/example_dags/example_branch_datetime_operator.py for tasks to queue
[2023-04-10 11:42:09,955] {logging_mixin.py:109} INFO - [2023-04-10 11:42:09,955] {dagbag.py:500} INFO - Filling up the DagBag from /home/airflow/.local/lib/python3.7/site-packages/airflow/example_dags/example_branch_datetime_operator.py
[2023-04-10 11:42:09,977] {processor.py:632} INFO - DAG(s) dict_keys(['example_branch_datetime_operator_2']) retrieved from /home/airflow/.local/lib/python3.7/site-packages/airflow/example_dags/example_branch_datetime_operator.py
[2023-04-10 11:42:09,983] {logging_mixin.py:109} INFO - [2023-04-10 11:42:09,983] {dag.py:2389} INFO - Sync 1 DAGs
[2023-04-10 11:42:09,994] {logging_mixin.py:109} INFO - [2023-04-10 11:42:09,994] {dag.py:2921} INFO - Setting next_dagrun for example_branch_datetime_operator_2 to 2023-04-09 00:00:00+00:00
[2023-04-10 11:42:10,003] {processor.py:171} INFO - Processing /home/airflow/.local/lib/python3.7/site-packages/airflow/example_dags/example_branch_datetime_operator.py took 0.050 seconds
[2023-04-10 11:42:40,376] {processor.py:163} INFO - Started process (PID=2043) to work on /home/airflow/.local/lib/python3.7/site-packages/airflow/example_dags/example_branch_datetime_operator.py
[2023-04-10 11:42:40,383] {processor.py:620} INFO - Processing file /home/airflow/.local/lib/python3.7/site-packages/airflow/example_dags/example_branch_datetime_operator.py for tasks to queue
[2023-04-10 11:42:40,383] {logging_mixin.py:109} INFO - [2023-04-10 11:42:40,383] {dagbag.py:500} INFO - Filling up the DagBag from /home/airflow/.local/lib/python3.7/site-packages/airflow/example_dags/example_branch_datetime_operator.py
[2023-04-10 11:42:40,405] {processor.py:632} INFO - DAG(s) dict_keys(['example_branch_datetime_operator_2']) retrieved from /home/airflow/.local/lib/python3.7/site-packages/airflow/example_dags/example_branch_datetime_operator.py
[2023-04-10 11:42:40,413] {logging_mixin.py:109} INFO - [2023-04-10 11:42:40,413] {dag.py:2389} INFO - Sync 1 DAGs
[2023-04-10 11:42:40,428] {logging_mixin.py:109} INFO - [2023-04-10 11:42:40,428] {dag.py:2921} INFO - Setting next_dagrun for example_branch_datetime_operator_2 to 2023-04-09 00:00:00+00:00
[2023-04-10 11:42:40,438] {processor.py:171} INFO - Processing /home/airflow/.local/lib/python3.7/site-packages/airflow/example_dags/example_branch_datetime_operator.py took 0.065 seconds
[2023-04-10 11:43:10,756] {processor.py:163} INFO - Started process (PID=2094) to work on /home/airflow/.local/lib/python3.7/site-packages/airflow/example_dags/example_branch_datetime_operator.py
[2023-04-10 11:43:10,757] {processor.py:620} INFO - Processing file /home/airflow/.local/lib/python3.7/site-packages/airflow/example_dags/example_branch_datetime_operator.py for tasks to queue
[2023-04-10 11:43:10,757] {logging_mixin.py:109} INFO - [2023-04-10 11:43:10,757] {dagbag.py:500} INFO - Filling up the DagBag from /home/airflow/.local/lib/python3.7/site-packages/airflow/example_dags/example_branch_datetime_operator.py
[2023-04-10 11:43:10,777] {processor.py:632} INFO - DAG(s) dict_keys(['example_branch_datetime_operator_2']) retrieved from /home/airflow/.local/lib/python3.7/site-packages/airflow/example_dags/example_branch_datetime_operator.py
[2023-04-10 11:43:10,784] {logging_mixin.py:109} INFO - [2023-04-10 11:43:10,784] {dag.py:2389} INFO - Sync 1 DAGs
[2023-04-10 11:43:10,794] {logging_mixin.py:109} INFO - [2023-04-10 11:43:10,794] {dag.py:2921} INFO - Setting next_dagrun for example_branch_datetime_operator_2 to 2023-04-09 00:00:00+00:00
[2023-04-10 11:43:10,803] {processor.py:171} INFO - Processing /home/airflow/.local/lib/python3.7/site-packages/airflow/example_dags/example_branch_datetime_operator.py took 0.050 seconds
[2023-04-10 11:43:40,867] {processor.py:163} INFO - Started process (PID=2155) to work on /home/airflow/.local/lib/python3.7/site-packages/airflow/example_dags/example_branch_datetime_operator.py
[2023-04-10 11:43:40,868] {processor.py:620} INFO - Processing file /home/airflow/.local/lib/python3.7/site-packages/airflow/example_dags/example_branch_datetime_operator.py for tasks to queue
[2023-04-10 11:43:40,868] {logging_mixin.py:109} INFO - [2023-04-10 11:43:40,868] {dagbag.py:500} INFO - Filling up the DagBag from /home/airflow/.local/lib/python3.7/site-packages/airflow/example_dags/example_branch_datetime_operator.py
[2023-04-10 11:43:40,888] {processor.py:632} INFO - DAG(s) dict_keys(['example_branch_datetime_operator_2']) retrieved from /home/airflow/.local/lib/python3.7/site-packages/airflow/example_dags/example_branch_datetime_operator.py
[2023-04-10 11:43:40,897] {logging_mixin.py:109} INFO - [2023-04-10 11:43:40,896] {dag.py:2389} INFO - Sync 1 DAGs
[2023-04-10 11:43:40,910] {logging_mixin.py:109} INFO - [2023-04-10 11:43:40,910] {dag.py:2921} INFO - Setting next_dagrun for example_branch_datetime_operator_2 to 2023-04-09 00:00:00+00:00
[2023-04-10 11:43:40,918] {processor.py:171} INFO - Processing /home/airflow/.local/lib/python3.7/site-packages/airflow/example_dags/example_branch_datetime_operator.py took 0.053 seconds
[2023-04-10 11:44:11,334] {processor.py:163} INFO - Started process (PID=2206) to work on /home/airflow/.local/lib/python3.7/site-packages/airflow/example_dags/example_branch_datetime_operator.py
[2023-04-10 11:44:11,335] {processor.py:620} INFO - Processing file /home/airflow/.local/lib/python3.7/site-packages/airflow/example_dags/example_branch_datetime_operator.py for tasks to queue
[2023-04-10 11:44:11,335] {logging_mixin.py:109} INFO - [2023-04-10 11:44:11,335] {dagbag.py:500} INFO - Filling up the DagBag from /home/airflow/.local/lib/python3.7/site-packages/airflow/example_dags/example_branch_datetime_operator.py
[2023-04-10 11:44:11,356] {processor.py:632} INFO - DAG(s) dict_keys(['example_branch_datetime_operator_2']) retrieved from /home/airflow/.local/lib/python3.7/site-packages/airflow/example_dags/example_branch_datetime_operator.py
[2023-04-10 11:44:11,364] {logging_mixin.py:109} INFO - [2023-04-10 11:44:11,364] {dag.py:2389} INFO - Sync 1 DAGs
[2023-04-10 11:44:11,377] {logging_mixin.py:109} INFO - [2023-04-10 11:44:11,377] {dag.py:2921} INFO - Setting next_dagrun for example_branch_datetime_operator_2 to 2023-04-09 00:00:00+00:00
[2023-04-10 11:44:11,385] {processor.py:171} INFO - Processing /home/airflow/.local/lib/python3.7/site-packages/airflow/example_dags/example_branch_datetime_operator.py took 0.053 seconds
[2023-04-10 11:44:41,567] {processor.py:163} INFO - Started process (PID=2265) to work on /home/airflow/.local/lib/python3.7/site-packages/airflow/example_dags/example_branch_datetime_operator.py
[2023-04-10 11:44:41,575] {processor.py:620} INFO - Processing file /home/airflow/.local/lib/python3.7/site-packages/airflow/example_dags/example_branch_datetime_operator.py for tasks to queue
[2023-04-10 11:44:41,575] {logging_mixin.py:109} INFO - [2023-04-10 11:44:41,575] {dagbag.py:500} INFO - Filling up the DagBag from /home/airflow/.local/lib/python3.7/site-packages/airflow/example_dags/example_branch_datetime_operator.py
[2023-04-10 11:44:41,598] {processor.py:632} INFO - DAG(s) dict_keys(['example_branch_datetime_operator_2']) retrieved from /home/airflow/.local/lib/python3.7/site-packages/airflow/example_dags/example_branch_datetime_operator.py
[2023-04-10 11:44:41,606] {logging_mixin.py:109} INFO - [2023-04-10 11:44:41,606] {dag.py:2389} INFO - Sync 1 DAGs
[2023-04-10 11:44:41,623] {logging_mixin.py:109} INFO - [2023-04-10 11:44:41,623] {dag.py:2921} INFO - Setting next_dagrun for example_branch_datetime_operator_2 to 2023-04-09 00:00:00+00:00
[2023-04-10 11:44:41,632] {processor.py:171} INFO - Processing /home/airflow/.local/lib/python3.7/site-packages/airflow/example_dags/example_branch_datetime_operator.py took 0.067 seconds
[2023-04-10 11:45:12,016] {processor.py:163} INFO - Started process (PID=2318) to work on /home/airflow/.local/lib/python3.7/site-packages/airflow/example_dags/example_branch_datetime_operator.py
[2023-04-10 11:45:12,016] {processor.py:620} INFO - Processing file /home/airflow/.local/lib/python3.7/site-packages/airflow/example_dags/example_branch_datetime_operator.py for tasks to queue
[2023-04-10 11:45:12,016] {logging_mixin.py:109} INFO - [2023-04-10 11:45:12,016] {dagbag.py:500} INFO - Filling up the DagBag from /home/airflow/.local/lib/python3.7/site-packages/airflow/example_dags/example_branch_datetime_operator.py
[2023-04-10 11:45:12,037] {processor.py:632} INFO - DAG(s) dict_keys(['example_branch_datetime_operator_2']) retrieved from /home/airflow/.local/lib/python3.7/site-packages/airflow/example_dags/example_branch_datetime_operator.py
[2023-04-10 11:45:12,045] {logging_mixin.py:109} INFO - [2023-04-10 11:45:12,045] {dag.py:2389} INFO - Sync 1 DAGs
[2023-04-10 11:45:12,058] {logging_mixin.py:109} INFO - [2023-04-10 11:45:12,058] {dag.py:2921} INFO - Setting next_dagrun for example_branch_datetime_operator_2 to 2023-04-09 00:00:00+00:00
[2023-04-10 11:45:12,066] {processor.py:171} INFO - Processing /home/airflow/.local/lib/python3.7/site-packages/airflow/example_dags/example_branch_datetime_operator.py took 0.053 seconds
[2023-04-10 11:45:42,312] {processor.py:163} INFO - Started process (PID=2369) to work on /home/airflow/.local/lib/python3.7/site-packages/airflow/example_dags/example_branch_datetime_operator.py
[2023-04-10 11:45:42,313] {processor.py:620} INFO - Processing file /home/airflow/.local/lib/python3.7/site-packages/airflow/example_dags/example_branch_datetime_operator.py for tasks to queue
[2023-04-10 11:45:42,314] {logging_mixin.py:109} INFO - [2023-04-10 11:45:42,314] {dagbag.py:500} INFO - Filling up the DagBag from /home/airflow/.local/lib/python3.7/site-packages/airflow/example_dags/example_branch_datetime_operator.py
[2023-04-10 11:45:42,334] {processor.py:632} INFO - DAG(s) dict_keys(['example_branch_datetime_operator_2']) retrieved from /home/airflow/.local/lib/python3.7/site-packages/airflow/example_dags/example_branch_datetime_operator.py
[2023-04-10 11:45:42,342] {logging_mixin.py:109} INFO - [2023-04-10 11:45:42,342] {dag.py:2389} INFO - Sync 1 DAGs
[2023-04-10 11:45:42,356] {logging_mixin.py:109} INFO - [2023-04-10 11:45:42,356] {dag.py:2921} INFO - Setting next_dagrun for example_branch_datetime_operator_2 to 2023-04-09 00:00:00+00:00
[2023-04-10 11:45:42,366] {processor.py:171} INFO - Processing /home/airflow/.local/lib/python3.7/site-packages/airflow/example_dags/example_branch_datetime_operator.py took 0.056 seconds
[2023-04-10 11:46:12,636] {processor.py:163} INFO - Started process (PID=2429) to work on /home/airflow/.local/lib/python3.7/site-packages/airflow/example_dags/example_branch_datetime_operator.py
[2023-04-10 11:46:12,637] {processor.py:620} INFO - Processing file /home/airflow/.local/lib/python3.7/site-packages/airflow/example_dags/example_branch_datetime_operator.py for tasks to queue
[2023-04-10 11:46:12,637] {logging_mixin.py:109} INFO - [2023-04-10 11:46:12,637] {dagbag.py:500} INFO - Filling up the DagBag from /home/airflow/.local/lib/python3.7/site-packages/airflow/example_dags/example_branch_datetime_operator.py
[2023-04-10 11:46:12,657] {processor.py:632} INFO - DAG(s) dict_keys(['example_branch_datetime_operator_2']) retrieved from /home/airflow/.local/lib/python3.7/site-packages/airflow/example_dags/example_branch_datetime_operator.py
[2023-04-10 11:46:12,664] {logging_mixin.py:109} INFO - [2023-04-10 11:46:12,663] {dag.py:2389} INFO - Sync 1 DAGs
[2023-04-10 11:46:12,675] {logging_mixin.py:109} INFO - [2023-04-10 11:46:12,675] {dag.py:2921} INFO - Setting next_dagrun for example_branch_datetime_operator_2 to 2023-04-09 00:00:00+00:00
[2023-04-10 11:46:12,683] {processor.py:171} INFO - Processing /home/airflow/.local/lib/python3.7/site-packages/airflow/example_dags/example_branch_datetime_operator.py took 0.049 seconds
[2023-04-10 11:46:42,904] {processor.py:163} INFO - Started process (PID=2480) to work on /home/airflow/.local/lib/python3.7/site-packages/airflow/example_dags/example_branch_datetime_operator.py
[2023-04-10 11:46:42,905] {processor.py:620} INFO - Processing file /home/airflow/.local/lib/python3.7/site-packages/airflow/example_dags/example_branch_datetime_operator.py for tasks to queue
[2023-04-10 11:46:42,905] {logging_mixin.py:109} INFO - [2023-04-10 11:46:42,905] {dagbag.py:500} INFO - Filling up the DagBag from /home/airflow/.local/lib/python3.7/site-packages/airflow/example_dags/example_branch_datetime_operator.py
[2023-04-10 11:46:42,926] {processor.py:632} INFO - DAG(s) dict_keys(['example_branch_datetime_operator_2']) retrieved from /home/airflow/.local/lib/python3.7/site-packages/airflow/example_dags/example_branch_datetime_operator.py
[2023-04-10 11:46:42,934] {logging_mixin.py:109} INFO - [2023-04-10 11:46:42,934] {dag.py:2389} INFO - Sync 1 DAGs
[2023-04-10 11:46:42,948] {logging_mixin.py:109} INFO - [2023-04-10 11:46:42,948] {dag.py:2921} INFO - Setting next_dagrun for example_branch_datetime_operator_2 to 2023-04-09 00:00:00+00:00
[2023-04-10 11:46:42,957] {processor.py:171} INFO - Processing /home/airflow/.local/lib/python3.7/site-packages/airflow/example_dags/example_branch_datetime_operator.py took 0.056 seconds
[2023-04-10 11:47:13,250] {processor.py:163} INFO - Started process (PID=2540) to work on /home/airflow/.local/lib/python3.7/site-packages/airflow/example_dags/example_branch_datetime_operator.py
[2023-04-10 11:47:13,250] {processor.py:620} INFO - Processing file /home/airflow/.local/lib/python3.7/site-packages/airflow/example_dags/example_branch_datetime_operator.py for tasks to queue
[2023-04-10 11:47:13,251] {logging_mixin.py:109} INFO - [2023-04-10 11:47:13,251] {dagbag.py:500} INFO - Filling up the DagBag from /home/airflow/.local/lib/python3.7/site-packages/airflow/example_dags/example_branch_datetime_operator.py
[2023-04-10 11:47:13,275] {processor.py:632} INFO - DAG(s) dict_keys(['example_branch_datetime_operator_2']) retrieved from /home/airflow/.local/lib/python3.7/site-packages/airflow/example_dags/example_branch_datetime_operator.py
[2023-04-10 11:47:13,283] {logging_mixin.py:109} INFO - [2023-04-10 11:47:13,283] {dag.py:2389} INFO - Sync 1 DAGs
[2023-04-10 11:47:13,298] {logging_mixin.py:109} INFO - [2023-04-10 11:47:13,298] {dag.py:2921} INFO - Setting next_dagrun for example_branch_datetime_operator_2 to 2023-04-09 00:00:00+00:00
[2023-04-10 11:47:13,308] {processor.py:171} INFO - Processing /home/airflow/.local/lib/python3.7/site-packages/airflow/example_dags/example_branch_datetime_operator.py took 0.061 seconds
[2023-04-10 11:47:44,004] {processor.py:163} INFO - Started process (PID=2591) to work on /home/airflow/.local/lib/python3.7/site-packages/airflow/example_dags/example_branch_datetime_operator.py
[2023-04-10 11:47:44,008] {processor.py:620} INFO - Processing file /home/airflow/.local/lib/python3.7/site-packages/airflow/example_dags/example_branch_datetime_operator.py for tasks to queue
[2023-04-10 11:47:44,009] {logging_mixin.py:109} INFO - [2023-04-10 11:47:44,009] {dagbag.py:500} INFO - Filling up the DagBag from /home/airflow/.local/lib/python3.7/site-packages/airflow/example_dags/example_branch_datetime_operator.py
[2023-04-10 11:47:44,029] {processor.py:632} INFO - DAG(s) dict_keys(['example_branch_datetime_operator_2']) retrieved from /home/airflow/.local/lib/python3.7/site-packages/airflow/example_dags/example_branch_datetime_operator.py
[2023-04-10 11:47:44,038] {logging_mixin.py:109} INFO - [2023-04-10 11:47:44,038] {dag.py:2389} INFO - Sync 1 DAGs
[2023-04-10 11:47:44,052] {logging_mixin.py:109} INFO - [2023-04-10 11:47:44,052] {dag.py:2921} INFO - Setting next_dagrun for example_branch_datetime_operator_2 to 2023-04-09 00:00:00+00:00
[2023-04-10 11:47:44,128] {processor.py:171} INFO - Processing /home/airflow/.local/lib/python3.7/site-packages/airflow/example_dags/example_branch_datetime_operator.py took 0.127 seconds
[2023-04-10 11:48:04,232] {processor.py:163} INFO - Started process (PID=3134) to work on /home/airflow/.local/lib/python3.7/site-packages/airflow/example_dags/example_branch_datetime_operator.py
[2023-04-10 11:48:04,233] {processor.py:620} INFO - Processing file /home/airflow/.local/lib/python3.7/site-packages/airflow/example_dags/example_branch_datetime_operator.py for tasks to queue
[2023-04-10 11:48:04,234] {logging_mixin.py:109} INFO - [2023-04-10 11:48:04,234] {dagbag.py:500} INFO - Filling up the DagBag from /home/airflow/.local/lib/python3.7/site-packages/airflow/example_dags/example_branch_datetime_operator.py
[2023-04-10 11:48:04,259] {processor.py:632} INFO - DAG(s) dict_keys(['example_branch_datetime_operator_2']) retrieved from /home/airflow/.local/lib/python3.7/site-packages/airflow/example_dags/example_branch_datetime_operator.py
[2023-04-10 11:48:04,268] {logging_mixin.py:109} INFO - [2023-04-10 11:48:04,268] {dag.py:2389} INFO - Sync 1 DAGs
[2023-04-10 11:48:04,284] {logging_mixin.py:109} INFO - [2023-04-10 11:48:04,284] {dag.py:2921} INFO - Setting next_dagrun for example_branch_datetime_operator_2 to 2023-04-09 00:00:00+00:00
[2023-04-10 11:48:04,294] {processor.py:171} INFO - Processing /home/airflow/.local/lib/python3.7/site-packages/airflow/example_dags/example_branch_datetime_operator.py took 0.064 seconds
[2023-04-10 11:48:14,643] {processor.py:163} INFO - Started process (PID=2651) to work on /home/airflow/.local/lib/python3.7/site-packages/airflow/example_dags/example_branch_datetime_operator.py
[2023-04-10 11:48:14,644] {processor.py:620} INFO - Processing file /home/airflow/.local/lib/python3.7/site-packages/airflow/example_dags/example_branch_datetime_operator.py for tasks to queue
[2023-04-10 11:48:14,645] {logging_mixin.py:109} INFO - [2023-04-10 11:48:14,645] {dagbag.py:500} INFO - Filling up the DagBag from /home/airflow/.local/lib/python3.7/site-packages/airflow/example_dags/example_branch_datetime_operator.py
[2023-04-10 11:48:14,674] {processor.py:632} INFO - DAG(s) dict_keys(['example_branch_datetime_operator_2']) retrieved from /home/airflow/.local/lib/python3.7/site-packages/airflow/example_dags/example_branch_datetime_operator.py
[2023-04-10 11:48:14,685] {logging_mixin.py:109} INFO - [2023-04-10 11:48:14,685] {dag.py:2389} INFO - Sync 1 DAGs
[2023-04-10 11:48:14,704] {logging_mixin.py:109} INFO - [2023-04-10 11:48:14,704] {dag.py:2921} INFO - Setting next_dagrun for example_branch_datetime_operator_2 to 2023-04-09 00:00:00+00:00
[2023-04-10 11:48:15,392] {processor.py:171} INFO - Processing /home/airflow/.local/lib/python3.7/site-packages/airflow/example_dags/example_branch_datetime_operator.py took 0.752 seconds
[2023-04-10 11:48:46,165] {processor.py:163} INFO - Started process (PID=2702) to work on /home/airflow/.local/lib/python3.7/site-packages/airflow/example_dags/example_branch_datetime_operator.py
[2023-04-10 11:48:46,166] {processor.py:620} INFO - Processing file /home/airflow/.local/lib/python3.7/site-packages/airflow/example_dags/example_branch_datetime_operator.py for tasks to queue
[2023-04-10 11:48:46,166] {logging_mixin.py:109} INFO - [2023-04-10 11:48:46,166] {dagbag.py:500} INFO - Filling up the DagBag from /home/airflow/.local/lib/python3.7/site-packages/airflow/example_dags/example_branch_datetime_operator.py
[2023-04-10 11:48:46,187] {processor.py:632} INFO - DAG(s) dict_keys(['example_branch_datetime_operator_2']) retrieved from /home/airflow/.local/lib/python3.7/site-packages/airflow/example_dags/example_branch_datetime_operator.py
[2023-04-10 11:48:46,194] {logging_mixin.py:109} INFO - [2023-04-10 11:48:46,194] {dag.py:2389} INFO - Sync 1 DAGs
[2023-04-10 11:48:46,270] {logging_mixin.py:109} INFO - [2023-04-10 11:48:46,270] {dag.py:2921} INFO - Setting next_dagrun for example_branch_datetime_operator_2 to 2023-04-09 00:00:00+00:00
[2023-04-10 11:48:46,278] {processor.py:171} INFO - Processing /home/airflow/.local/lib/python3.7/site-packages/airflow/example_dags/example_branch_datetime_operator.py took 0.116 seconds
