[2023-04-10 11:26:45,510] {processor.py:163} INFO - Started process (PID=138) to work on /home/airflow/.local/lib/python3.7/site-packages/airflow/example_dags/example_skip_dag.py
[2023-04-10 11:26:45,510] {processor.py:620} INFO - Processing file /home/airflow/.local/lib/python3.7/site-packages/airflow/example_dags/example_skip_dag.py for tasks to queue
[2023-04-10 11:26:45,511] {logging_mixin.py:109} INFO - [2023-04-10 11:26:45,511] {dagbag.py:500} INFO - Filling up the DagBag from /home/airflow/.local/lib/python3.7/site-packages/airflow/example_dags/example_skip_dag.py
[2023-04-10 11:26:45,533] {processor.py:632} INFO - DAG(s) dict_keys(['example_skip_dag']) retrieved from /home/airflow/.local/lib/python3.7/site-packages/airflow/example_dags/example_skip_dag.py
[2023-04-10 11:26:46,972] {logging_mixin.py:109} INFO - [2023-04-10 11:26:46,972] {providers_manager.py:156} WARNING - Exception when importing 'airflow.providers.google.leveldb.hooks.leveldb.LevelDBHook' from 'apache-airflow-providers-google' package: No module named 'plyvel'
[2023-04-10 11:26:47,397] {logging_mixin.py:109} INFO - [2023-04-10 11:26:47,397] {providers_manager.py:156} WARNING - Exception when importing 'airflow.providers.google.leveldb.hooks.leveldb.LevelDBHook' from 'apache-airflow-providers-google' package: No module named 'plyvel'
[2023-04-10 11:26:47,427] {logging_mixin.py:109} INFO - [2023-04-10 11:26:47,427] {manager.py:496} INFO - Created Permission View: can read on DAG:example_skip_dag
[2023-04-10 11:26:47,435] {logging_mixin.py:109} INFO - [2023-04-10 11:26:47,435] {manager.py:496} INFO - Created Permission View: can edit on DAG:example_skip_dag
[2023-04-10 11:26:47,436] {logging_mixin.py:109} INFO - [2023-04-10 11:26:47,436] {dag.py:2389} INFO - Sync 1 DAGs
[2023-04-10 11:26:47,442] {logging_mixin.py:109} INFO - [2023-04-10 11:26:47,442] {dag.py:2408} INFO - Creating ORM DAG for example_skip_dag
[2023-04-10 11:26:47,449] {logging_mixin.py:109} INFO - [2023-04-10 11:26:47,449] {dag.py:2921} INFO - Setting next_dagrun for example_skip_dag to 2023-04-09T11:26:47.449429+00:00
[2023-04-10 11:26:47,461] {processor.py:171} INFO - Processing /home/airflow/.local/lib/python3.7/site-packages/airflow/example_dags/example_skip_dag.py took 1.953 seconds
[2023-04-10 11:27:17,489] {processor.py:163} INFO - Started process (PID=366) to work on /home/airflow/.local/lib/python3.7/site-packages/airflow/example_dags/example_skip_dag.py
[2023-04-10 11:27:17,490] {processor.py:620} INFO - Processing file /home/airflow/.local/lib/python3.7/site-packages/airflow/example_dags/example_skip_dag.py for tasks to queue
[2023-04-10 11:27:17,490] {logging_mixin.py:109} INFO - [2023-04-10 11:27:17,490] {dagbag.py:500} INFO - Filling up the DagBag from /home/airflow/.local/lib/python3.7/site-packages/airflow/example_dags/example_skip_dag.py
[2023-04-10 11:27:17,509] {processor.py:632} INFO - DAG(s) dict_keys(['example_skip_dag']) retrieved from /home/airflow/.local/lib/python3.7/site-packages/airflow/example_dags/example_skip_dag.py
[2023-04-10 11:27:17,516] {logging_mixin.py:109} INFO - [2023-04-10 11:27:17,516] {dag.py:2389} INFO - Sync 1 DAGs
[2023-04-10 11:27:17,528] {logging_mixin.py:109} INFO - [2023-04-10 11:27:17,528] {dag.py:2921} INFO - Setting next_dagrun for example_skip_dag to 2023-04-09T11:27:17.528204+00:00
[2023-04-10 11:27:17,537] {processor.py:171} INFO - Processing /home/airflow/.local/lib/python3.7/site-packages/airflow/example_dags/example_skip_dag.py took 0.051 seconds
[2023-04-10 11:27:47,735] {processor.py:163} INFO - Started process (PID=417) to work on /home/airflow/.local/lib/python3.7/site-packages/airflow/example_dags/example_skip_dag.py
[2023-04-10 11:27:47,738] {processor.py:620} INFO - Processing file /home/airflow/.local/lib/python3.7/site-packages/airflow/example_dags/example_skip_dag.py for tasks to queue
[2023-04-10 11:27:47,740] {logging_mixin.py:109} INFO - [2023-04-10 11:27:47,739] {dagbag.py:500} INFO - Filling up the DagBag from /home/airflow/.local/lib/python3.7/site-packages/airflow/example_dags/example_skip_dag.py
[2023-04-10 11:27:47,766] {processor.py:632} INFO - DAG(s) dict_keys(['example_skip_dag']) retrieved from /home/airflow/.local/lib/python3.7/site-packages/airflow/example_dags/example_skip_dag.py
[2023-04-10 11:27:47,776] {logging_mixin.py:109} INFO - [2023-04-10 11:27:47,776] {dag.py:2389} INFO - Sync 1 DAGs
[2023-04-10 11:27:47,791] {logging_mixin.py:109} INFO - [2023-04-10 11:27:47,791] {dag.py:2921} INFO - Setting next_dagrun for example_skip_dag to 2023-04-09T11:27:47.790680+00:00
[2023-04-10 11:27:47,800] {processor.py:171} INFO - Processing /home/airflow/.local/lib/python3.7/site-packages/airflow/example_dags/example_skip_dag.py took 0.068 seconds
[2023-04-10 11:28:17,874] {processor.py:163} INFO - Started process (PID=477) to work on /home/airflow/.local/lib/python3.7/site-packages/airflow/example_dags/example_skip_dag.py
[2023-04-10 11:28:17,875] {processor.py:620} INFO - Processing file /home/airflow/.local/lib/python3.7/site-packages/airflow/example_dags/example_skip_dag.py for tasks to queue
[2023-04-10 11:28:17,876] {logging_mixin.py:109} INFO - [2023-04-10 11:28:17,876] {dagbag.py:500} INFO - Filling up the DagBag from /home/airflow/.local/lib/python3.7/site-packages/airflow/example_dags/example_skip_dag.py
[2023-04-10 11:28:17,897] {processor.py:632} INFO - DAG(s) dict_keys(['example_skip_dag']) retrieved from /home/airflow/.local/lib/python3.7/site-packages/airflow/example_dags/example_skip_dag.py
[2023-04-10 11:28:17,908] {logging_mixin.py:109} INFO - [2023-04-10 11:28:17,907] {dag.py:2389} INFO - Sync 1 DAGs
[2023-04-10 11:28:17,920] {logging_mixin.py:109} INFO - [2023-04-10 11:28:17,920] {dag.py:2921} INFO - Setting next_dagrun for example_skip_dag to 2023-04-09T11:28:17.920404+00:00
[2023-04-10 11:28:17,929] {processor.py:171} INFO - Processing /home/airflow/.local/lib/python3.7/site-packages/airflow/example_dags/example_skip_dag.py took 0.057 seconds
[2023-04-10 11:28:48,138] {processor.py:163} INFO - Started process (PID=528) to work on /home/airflow/.local/lib/python3.7/site-packages/airflow/example_dags/example_skip_dag.py
[2023-04-10 11:28:48,139] {processor.py:620} INFO - Processing file /home/airflow/.local/lib/python3.7/site-packages/airflow/example_dags/example_skip_dag.py for tasks to queue
[2023-04-10 11:28:48,140] {logging_mixin.py:109} INFO - [2023-04-10 11:28:48,139] {dagbag.py:500} INFO - Filling up the DagBag from /home/airflow/.local/lib/python3.7/site-packages/airflow/example_dags/example_skip_dag.py
[2023-04-10 11:28:48,161] {processor.py:632} INFO - DAG(s) dict_keys(['example_skip_dag']) retrieved from /home/airflow/.local/lib/python3.7/site-packages/airflow/example_dags/example_skip_dag.py
[2023-04-10 11:28:48,169] {logging_mixin.py:109} INFO - [2023-04-10 11:28:48,169] {dag.py:2389} INFO - Sync 1 DAGs
[2023-04-10 11:28:48,181] {logging_mixin.py:109} INFO - [2023-04-10 11:28:48,181] {dag.py:2921} INFO - Setting next_dagrun for example_skip_dag to 2023-04-09T11:28:48.180772+00:00
[2023-04-10 11:28:48,188] {processor.py:171} INFO - Processing /home/airflow/.local/lib/python3.7/site-packages/airflow/example_dags/example_skip_dag.py took 0.053 seconds
[2023-04-10 11:29:18,307] {processor.py:163} INFO - Started process (PID=580) to work on /home/airflow/.local/lib/python3.7/site-packages/airflow/example_dags/example_skip_dag.py
[2023-04-10 11:29:18,315] {processor.py:620} INFO - Processing file /home/airflow/.local/lib/python3.7/site-packages/airflow/example_dags/example_skip_dag.py for tasks to queue
[2023-04-10 11:29:18,315] {logging_mixin.py:109} INFO - [2023-04-10 11:29:18,315] {dagbag.py:500} INFO - Filling up the DagBag from /home/airflow/.local/lib/python3.7/site-packages/airflow/example_dags/example_skip_dag.py
[2023-04-10 11:29:18,335] {processor.py:632} INFO - DAG(s) dict_keys(['example_skip_dag']) retrieved from /home/airflow/.local/lib/python3.7/site-packages/airflow/example_dags/example_skip_dag.py
[2023-04-10 11:29:18,343] {logging_mixin.py:109} INFO - [2023-04-10 11:29:18,343] {dag.py:2389} INFO - Sync 1 DAGs
[2023-04-10 11:29:18,356] {logging_mixin.py:109} INFO - [2023-04-10 11:29:18,356] {dag.py:2921} INFO - Setting next_dagrun for example_skip_dag to 2023-04-09T11:29:18.356331+00:00
[2023-04-10 11:29:18,365] {processor.py:171} INFO - Processing /home/airflow/.local/lib/python3.7/site-packages/airflow/example_dags/example_skip_dag.py took 0.059 seconds
[2023-04-10 11:29:48,634] {processor.py:163} INFO - Started process (PID=641) to work on /home/airflow/.local/lib/python3.7/site-packages/airflow/example_dags/example_skip_dag.py
[2023-04-10 11:29:48,635] {processor.py:620} INFO - Processing file /home/airflow/.local/lib/python3.7/site-packages/airflow/example_dags/example_skip_dag.py for tasks to queue
[2023-04-10 11:29:48,635] {logging_mixin.py:109} INFO - [2023-04-10 11:29:48,635] {dagbag.py:500} INFO - Filling up the DagBag from /home/airflow/.local/lib/python3.7/site-packages/airflow/example_dags/example_skip_dag.py
[2023-04-10 11:29:48,655] {processor.py:632} INFO - DAG(s) dict_keys(['example_skip_dag']) retrieved from /home/airflow/.local/lib/python3.7/site-packages/airflow/example_dags/example_skip_dag.py
[2023-04-10 11:29:48,663] {logging_mixin.py:109} INFO - [2023-04-10 11:29:48,663] {dag.py:2389} INFO - Sync 1 DAGs
[2023-04-10 11:29:48,674] {logging_mixin.py:109} INFO - [2023-04-10 11:29:48,674] {dag.py:2921} INFO - Setting next_dagrun for example_skip_dag to 2023-04-09T11:29:48.674472+00:00
[2023-04-10 11:29:48,682] {processor.py:171} INFO - Processing /home/airflow/.local/lib/python3.7/site-packages/airflow/example_dags/example_skip_dag.py took 0.051 seconds
[2023-04-10 11:30:19,035] {processor.py:163} INFO - Started process (PID=692) to work on /home/airflow/.local/lib/python3.7/site-packages/airflow/example_dags/example_skip_dag.py
[2023-04-10 11:30:19,036] {processor.py:620} INFO - Processing file /home/airflow/.local/lib/python3.7/site-packages/airflow/example_dags/example_skip_dag.py for tasks to queue
[2023-04-10 11:30:19,037] {logging_mixin.py:109} INFO - [2023-04-10 11:30:19,037] {dagbag.py:500} INFO - Filling up the DagBag from /home/airflow/.local/lib/python3.7/site-packages/airflow/example_dags/example_skip_dag.py
[2023-04-10 11:30:19,058] {processor.py:632} INFO - DAG(s) dict_keys(['example_skip_dag']) retrieved from /home/airflow/.local/lib/python3.7/site-packages/airflow/example_dags/example_skip_dag.py
[2023-04-10 11:30:19,067] {logging_mixin.py:109} INFO - [2023-04-10 11:30:19,067] {dag.py:2389} INFO - Sync 1 DAGs
[2023-04-10 11:30:19,078] {logging_mixin.py:109} INFO - [2023-04-10 11:30:19,078] {dag.py:2921} INFO - Setting next_dagrun for example_skip_dag to 2023-04-09T11:30:19.078562+00:00
[2023-04-10 11:30:19,089] {processor.py:171} INFO - Processing /home/airflow/.local/lib/python3.7/site-packages/airflow/example_dags/example_skip_dag.py took 0.057 seconds
[2023-04-10 11:30:49,499] {processor.py:163} INFO - Started process (PID=752) to work on /home/airflow/.local/lib/python3.7/site-packages/airflow/example_dags/example_skip_dag.py
[2023-04-10 11:30:49,500] {processor.py:620} INFO - Processing file /home/airflow/.local/lib/python3.7/site-packages/airflow/example_dags/example_skip_dag.py for tasks to queue
[2023-04-10 11:30:49,500] {logging_mixin.py:109} INFO - [2023-04-10 11:30:49,500] {dagbag.py:500} INFO - Filling up the DagBag from /home/airflow/.local/lib/python3.7/site-packages/airflow/example_dags/example_skip_dag.py
[2023-04-10 11:30:49,521] {processor.py:632} INFO - DAG(s) dict_keys(['example_skip_dag']) retrieved from /home/airflow/.local/lib/python3.7/site-packages/airflow/example_dags/example_skip_dag.py
[2023-04-10 11:30:49,531] {logging_mixin.py:109} INFO - [2023-04-10 11:30:49,531] {dag.py:2389} INFO - Sync 1 DAGs
[2023-04-10 11:30:49,545] {logging_mixin.py:109} INFO - [2023-04-10 11:30:49,545] {dag.py:2921} INFO - Setting next_dagrun for example_skip_dag to 2023-04-09T11:30:49.545078+00:00
[2023-04-10 11:30:49,554] {processor.py:171} INFO - Processing /home/airflow/.local/lib/python3.7/site-packages/airflow/example_dags/example_skip_dag.py took 0.057 seconds
[2023-04-10 11:31:19,823] {processor.py:163} INFO - Started process (PID=803) to work on /home/airflow/.local/lib/python3.7/site-packages/airflow/example_dags/example_skip_dag.py
[2023-04-10 11:31:19,824] {processor.py:620} INFO - Processing file /home/airflow/.local/lib/python3.7/site-packages/airflow/example_dags/example_skip_dag.py for tasks to queue
[2023-04-10 11:31:19,824] {logging_mixin.py:109} INFO - [2023-04-10 11:31:19,824] {dagbag.py:500} INFO - Filling up the DagBag from /home/airflow/.local/lib/python3.7/site-packages/airflow/example_dags/example_skip_dag.py
[2023-04-10 11:31:19,843] {processor.py:632} INFO - DAG(s) dict_keys(['example_skip_dag']) retrieved from /home/airflow/.local/lib/python3.7/site-packages/airflow/example_dags/example_skip_dag.py
[2023-04-10 11:31:19,851] {logging_mixin.py:109} INFO - [2023-04-10 11:31:19,851] {dag.py:2389} INFO - Sync 1 DAGs
[2023-04-10 11:31:19,861] {logging_mixin.py:109} INFO - [2023-04-10 11:31:19,861] {dag.py:2921} INFO - Setting next_dagrun for example_skip_dag to 2023-04-09T11:31:19.861684+00:00
[2023-04-10 11:31:19,870] {processor.py:171} INFO - Processing /home/airflow/.local/lib/python3.7/site-packages/airflow/example_dags/example_skip_dag.py took 0.050 seconds
[2023-04-10 11:31:50,167] {processor.py:163} INFO - Started process (PID=864) to work on /home/airflow/.local/lib/python3.7/site-packages/airflow/example_dags/example_skip_dag.py
[2023-04-10 11:31:50,174] {processor.py:620} INFO - Processing file /home/airflow/.local/lib/python3.7/site-packages/airflow/example_dags/example_skip_dag.py for tasks to queue
[2023-04-10 11:31:50,175] {logging_mixin.py:109} INFO - [2023-04-10 11:31:50,174] {dagbag.py:500} INFO - Filling up the DagBag from /home/airflow/.local/lib/python3.7/site-packages/airflow/example_dags/example_skip_dag.py
[2023-04-10 11:31:50,197] {processor.py:632} INFO - DAG(s) dict_keys(['example_skip_dag']) retrieved from /home/airflow/.local/lib/python3.7/site-packages/airflow/example_dags/example_skip_dag.py
[2023-04-10 11:31:50,207] {logging_mixin.py:109} INFO - [2023-04-10 11:31:50,207] {dag.py:2389} INFO - Sync 1 DAGs
[2023-04-10 11:31:50,221] {logging_mixin.py:109} INFO - [2023-04-10 11:31:50,221] {dag.py:2921} INFO - Setting next_dagrun for example_skip_dag to 2023-04-09T11:31:50.220539+00:00
[2023-04-10 11:31:50,230] {processor.py:171} INFO - Processing /home/airflow/.local/lib/python3.7/site-packages/airflow/example_dags/example_skip_dag.py took 0.066 seconds
[2023-04-10 11:32:20,378] {processor.py:163} INFO - Started process (PID=916) to work on /home/airflow/.local/lib/python3.7/site-packages/airflow/example_dags/example_skip_dag.py
[2023-04-10 11:32:20,379] {processor.py:620} INFO - Processing file /home/airflow/.local/lib/python3.7/site-packages/airflow/example_dags/example_skip_dag.py for tasks to queue
[2023-04-10 11:32:20,380] {logging_mixin.py:109} INFO - [2023-04-10 11:32:20,379] {dagbag.py:500} INFO - Filling up the DagBag from /home/airflow/.local/lib/python3.7/site-packages/airflow/example_dags/example_skip_dag.py
[2023-04-10 11:32:20,400] {processor.py:632} INFO - DAG(s) dict_keys(['example_skip_dag']) retrieved from /home/airflow/.local/lib/python3.7/site-packages/airflow/example_dags/example_skip_dag.py
[2023-04-10 11:32:20,408] {logging_mixin.py:109} INFO - [2023-04-10 11:32:20,408] {dag.py:2389} INFO - Sync 1 DAGs
[2023-04-10 11:32:20,421] {logging_mixin.py:109} INFO - [2023-04-10 11:32:20,421] {dag.py:2921} INFO - Setting next_dagrun for example_skip_dag to 2023-04-09T11:32:20.421390+00:00
[2023-04-10 11:32:20,432] {processor.py:171} INFO - Processing /home/airflow/.local/lib/python3.7/site-packages/airflow/example_dags/example_skip_dag.py took 0.056 seconds
[2023-04-10 11:32:50,667] {processor.py:163} INFO - Started process (PID=967) to work on /home/airflow/.local/lib/python3.7/site-packages/airflow/example_dags/example_skip_dag.py
[2023-04-10 11:32:50,668] {processor.py:620} INFO - Processing file /home/airflow/.local/lib/python3.7/site-packages/airflow/example_dags/example_skip_dag.py for tasks to queue
[2023-04-10 11:32:50,669] {logging_mixin.py:109} INFO - [2023-04-10 11:32:50,669] {dagbag.py:500} INFO - Filling up the DagBag from /home/airflow/.local/lib/python3.7/site-packages/airflow/example_dags/example_skip_dag.py
[2023-04-10 11:32:50,721] {processor.py:632} INFO - DAG(s) dict_keys(['example_skip_dag']) retrieved from /home/airflow/.local/lib/python3.7/site-packages/airflow/example_dags/example_skip_dag.py
[2023-04-10 11:32:50,731] {logging_mixin.py:109} INFO - [2023-04-10 11:32:50,731] {dag.py:2389} INFO - Sync 1 DAGs
[2023-04-10 11:32:50,746] {logging_mixin.py:109} INFO - [2023-04-10 11:32:50,746] {dag.py:2921} INFO - Setting next_dagrun for example_skip_dag to 2023-04-09T11:32:50.746432+00:00
[2023-04-10 11:32:50,756] {processor.py:171} INFO - Processing /home/airflow/.local/lib/python3.7/site-packages/airflow/example_dags/example_skip_dag.py took 0.092 seconds
[2023-04-10 11:33:21,079] {processor.py:163} INFO - Started process (PID=1028) to work on /home/airflow/.local/lib/python3.7/site-packages/airflow/example_dags/example_skip_dag.py
[2023-04-10 11:33:21,080] {processor.py:620} INFO - Processing file /home/airflow/.local/lib/python3.7/site-packages/airflow/example_dags/example_skip_dag.py for tasks to queue
[2023-04-10 11:33:21,080] {logging_mixin.py:109} INFO - [2023-04-10 11:33:21,080] {dagbag.py:500} INFO - Filling up the DagBag from /home/airflow/.local/lib/python3.7/site-packages/airflow/example_dags/example_skip_dag.py
[2023-04-10 11:33:21,100] {processor.py:632} INFO - DAG(s) dict_keys(['example_skip_dag']) retrieved from /home/airflow/.local/lib/python3.7/site-packages/airflow/example_dags/example_skip_dag.py
[2023-04-10 11:33:21,107] {logging_mixin.py:109} INFO - [2023-04-10 11:33:21,107] {dag.py:2389} INFO - Sync 1 DAGs
[2023-04-10 11:33:21,120] {logging_mixin.py:109} INFO - [2023-04-10 11:33:21,120] {dag.py:2921} INFO - Setting next_dagrun for example_skip_dag to 2023-04-09T11:33:21.120267+00:00
[2023-04-10 11:33:21,128] {processor.py:171} INFO - Processing /home/airflow/.local/lib/python3.7/site-packages/airflow/example_dags/example_skip_dag.py took 0.051 seconds
[2023-04-10 11:33:51,633] {processor.py:163} INFO - Started process (PID=1079) to work on /home/airflow/.local/lib/python3.7/site-packages/airflow/example_dags/example_skip_dag.py
[2023-04-10 11:33:51,634] {processor.py:620} INFO - Processing file /home/airflow/.local/lib/python3.7/site-packages/airflow/example_dags/example_skip_dag.py for tasks to queue
[2023-04-10 11:33:51,634] {logging_mixin.py:109} INFO - [2023-04-10 11:33:51,634] {dagbag.py:500} INFO - Filling up the DagBag from /home/airflow/.local/lib/python3.7/site-packages/airflow/example_dags/example_skip_dag.py
[2023-04-10 11:33:51,660] {processor.py:632} INFO - DAG(s) dict_keys(['example_skip_dag']) retrieved from /home/airflow/.local/lib/python3.7/site-packages/airflow/example_dags/example_skip_dag.py
[2023-04-10 11:33:51,673] {logging_mixin.py:109} INFO - [2023-04-10 11:33:51,673] {dag.py:2389} INFO - Sync 1 DAGs
[2023-04-10 11:33:51,695] {logging_mixin.py:109} INFO - [2023-04-10 11:33:51,695] {dag.py:2921} INFO - Setting next_dagrun for example_skip_dag to 2023-04-09T11:33:51.694558+00:00
[2023-04-10 11:33:51,707] {processor.py:171} INFO - Processing /home/airflow/.local/lib/python3.7/site-packages/airflow/example_dags/example_skip_dag.py took 0.078 seconds
[2023-04-10 11:34:22,114] {processor.py:163} INFO - Started process (PID=1139) to work on /home/airflow/.local/lib/python3.7/site-packages/airflow/example_dags/example_skip_dag.py
[2023-04-10 11:34:22,114] {processor.py:620} INFO - Processing file /home/airflow/.local/lib/python3.7/site-packages/airflow/example_dags/example_skip_dag.py for tasks to queue
[2023-04-10 11:34:22,115] {logging_mixin.py:109} INFO - [2023-04-10 11:34:22,115] {dagbag.py:500} INFO - Filling up the DagBag from /home/airflow/.local/lib/python3.7/site-packages/airflow/example_dags/example_skip_dag.py
[2023-04-10 11:34:22,133] {processor.py:632} INFO - DAG(s) dict_keys(['example_skip_dag']) retrieved from /home/airflow/.local/lib/python3.7/site-packages/airflow/example_dags/example_skip_dag.py
[2023-04-10 11:34:22,141] {logging_mixin.py:109} INFO - [2023-04-10 11:34:22,140] {dag.py:2389} INFO - Sync 1 DAGs
[2023-04-10 11:34:22,151] {logging_mixin.py:109} INFO - [2023-04-10 11:34:22,151] {dag.py:2921} INFO - Setting next_dagrun for example_skip_dag to 2023-04-09T11:34:22.151407+00:00
[2023-04-10 11:34:22,160] {processor.py:171} INFO - Processing /home/airflow/.local/lib/python3.7/site-packages/airflow/example_dags/example_skip_dag.py took 0.049 seconds
[2023-04-10 11:34:52,359] {processor.py:163} INFO - Started process (PID=1190) to work on /home/airflow/.local/lib/python3.7/site-packages/airflow/example_dags/example_skip_dag.py
[2023-04-10 11:34:52,366] {processor.py:620} INFO - Processing file /home/airflow/.local/lib/python3.7/site-packages/airflow/example_dags/example_skip_dag.py for tasks to queue
[2023-04-10 11:34:52,367] {logging_mixin.py:109} INFO - [2023-04-10 11:34:52,367] {dagbag.py:500} INFO - Filling up the DagBag from /home/airflow/.local/lib/python3.7/site-packages/airflow/example_dags/example_skip_dag.py
[2023-04-10 11:34:52,386] {processor.py:632} INFO - DAG(s) dict_keys(['example_skip_dag']) retrieved from /home/airflow/.local/lib/python3.7/site-packages/airflow/example_dags/example_skip_dag.py
[2023-04-10 11:34:52,394] {logging_mixin.py:109} INFO - [2023-04-10 11:34:52,394] {dag.py:2389} INFO - Sync 1 DAGs
[2023-04-10 11:34:52,404] {logging_mixin.py:109} INFO - [2023-04-10 11:34:52,404] {dag.py:2921} INFO - Setting next_dagrun for example_skip_dag to 2023-04-09T11:34:52.404201+00:00
[2023-04-10 11:34:52,413] {processor.py:171} INFO - Processing /home/airflow/.local/lib/python3.7/site-packages/airflow/example_dags/example_skip_dag.py took 0.056 seconds
[2023-04-10 11:35:22,759] {processor.py:163} INFO - Started process (PID=1250) to work on /home/airflow/.local/lib/python3.7/site-packages/airflow/example_dags/example_skip_dag.py
[2023-04-10 11:35:22,760] {processor.py:620} INFO - Processing file /home/airflow/.local/lib/python3.7/site-packages/airflow/example_dags/example_skip_dag.py for tasks to queue
[2023-04-10 11:35:22,760] {logging_mixin.py:109} INFO - [2023-04-10 11:35:22,760] {dagbag.py:500} INFO - Filling up the DagBag from /home/airflow/.local/lib/python3.7/site-packages/airflow/example_dags/example_skip_dag.py
[2023-04-10 11:35:22,792] {processor.py:632} INFO - DAG(s) dict_keys(['example_skip_dag']) retrieved from /home/airflow/.local/lib/python3.7/site-packages/airflow/example_dags/example_skip_dag.py
[2023-04-10 11:35:22,805] {logging_mixin.py:109} INFO - [2023-04-10 11:35:22,805] {dag.py:2389} INFO - Sync 1 DAGs
[2023-04-10 11:35:22,825] {logging_mixin.py:109} INFO - [2023-04-10 11:35:22,825] {dag.py:2921} INFO - Setting next_dagrun for example_skip_dag to 2023-04-09T11:35:22.824990+00:00
[2023-04-10 11:35:22,837] {processor.py:171} INFO - Processing /home/airflow/.local/lib/python3.7/site-packages/airflow/example_dags/example_skip_dag.py took 0.083 seconds
[2023-04-10 11:35:52,984] {processor.py:163} INFO - Started process (PID=1301) to work on /home/airflow/.local/lib/python3.7/site-packages/airflow/example_dags/example_skip_dag.py
[2023-04-10 11:35:52,985] {processor.py:620} INFO - Processing file /home/airflow/.local/lib/python3.7/site-packages/airflow/example_dags/example_skip_dag.py for tasks to queue
[2023-04-10 11:35:52,985] {logging_mixin.py:109} INFO - [2023-04-10 11:35:52,985] {dagbag.py:500} INFO - Filling up the DagBag from /home/airflow/.local/lib/python3.7/site-packages/airflow/example_dags/example_skip_dag.py
[2023-04-10 11:35:53,006] {processor.py:632} INFO - DAG(s) dict_keys(['example_skip_dag']) retrieved from /home/airflow/.local/lib/python3.7/site-packages/airflow/example_dags/example_skip_dag.py
[2023-04-10 11:35:53,013] {logging_mixin.py:109} INFO - [2023-04-10 11:35:53,013] {dag.py:2389} INFO - Sync 1 DAGs
[2023-04-10 11:35:53,026] {logging_mixin.py:109} INFO - [2023-04-10 11:35:53,026] {dag.py:2921} INFO - Setting next_dagrun for example_skip_dag to 2023-04-09T11:35:53.026683+00:00
[2023-04-10 11:35:53,036] {processor.py:171} INFO - Processing /home/airflow/.local/lib/python3.7/site-packages/airflow/example_dags/example_skip_dag.py took 0.055 seconds
[2023-04-10 11:36:23,513] {processor.py:163} INFO - Started process (PID=1353) to work on /home/airflow/.local/lib/python3.7/site-packages/airflow/example_dags/example_skip_dag.py
[2023-04-10 11:36:23,514] {processor.py:620} INFO - Processing file /home/airflow/.local/lib/python3.7/site-packages/airflow/example_dags/example_skip_dag.py for tasks to queue
[2023-04-10 11:36:23,515] {logging_mixin.py:109} INFO - [2023-04-10 11:36:23,514] {dagbag.py:500} INFO - Filling up the DagBag from /home/airflow/.local/lib/python3.7/site-packages/airflow/example_dags/example_skip_dag.py
[2023-04-10 11:36:23,536] {processor.py:632} INFO - DAG(s) dict_keys(['example_skip_dag']) retrieved from /home/airflow/.local/lib/python3.7/site-packages/airflow/example_dags/example_skip_dag.py
[2023-04-10 11:36:23,544] {logging_mixin.py:109} INFO - [2023-04-10 11:36:23,544] {dag.py:2389} INFO - Sync 1 DAGs
[2023-04-10 11:36:23,557] {logging_mixin.py:109} INFO - [2023-04-10 11:36:23,557] {dag.py:2921} INFO - Setting next_dagrun for example_skip_dag to 2023-04-09T11:36:23.556882+00:00
[2023-04-10 11:36:23,565] {processor.py:171} INFO - Processing /home/airflow/.local/lib/python3.7/site-packages/airflow/example_dags/example_skip_dag.py took 0.054 seconds
[2023-04-10 11:36:53,863] {processor.py:163} INFO - Started process (PID=1414) to work on /home/airflow/.local/lib/python3.7/site-packages/airflow/example_dags/example_skip_dag.py
[2023-04-10 11:36:53,865] {processor.py:620} INFO - Processing file /home/airflow/.local/lib/python3.7/site-packages/airflow/example_dags/example_skip_dag.py for tasks to queue
[2023-04-10 11:36:53,865] {logging_mixin.py:109} INFO - [2023-04-10 11:36:53,865] {dagbag.py:500} INFO - Filling up the DagBag from /home/airflow/.local/lib/python3.7/site-packages/airflow/example_dags/example_skip_dag.py
[2023-04-10 11:36:53,889] {processor.py:632} INFO - DAG(s) dict_keys(['example_skip_dag']) retrieved from /home/airflow/.local/lib/python3.7/site-packages/airflow/example_dags/example_skip_dag.py
[2023-04-10 11:36:53,899] {logging_mixin.py:109} INFO - [2023-04-10 11:36:53,899] {dag.py:2389} INFO - Sync 1 DAGs
[2023-04-10 11:36:53,914] {logging_mixin.py:109} INFO - [2023-04-10 11:36:53,914] {dag.py:2921} INFO - Setting next_dagrun for example_skip_dag to 2023-04-09T11:36:53.914178+00:00
[2023-04-10 11:36:53,924] {processor.py:171} INFO - Processing /home/airflow/.local/lib/python3.7/site-packages/airflow/example_dags/example_skip_dag.py took 0.064 seconds
[2023-04-10 11:37:24,126] {processor.py:163} INFO - Started process (PID=1465) to work on /home/airflow/.local/lib/python3.7/site-packages/airflow/example_dags/example_skip_dag.py
[2023-04-10 11:37:24,127] {processor.py:620} INFO - Processing file /home/airflow/.local/lib/python3.7/site-packages/airflow/example_dags/example_skip_dag.py for tasks to queue
[2023-04-10 11:37:24,128] {logging_mixin.py:109} INFO - [2023-04-10 11:37:24,128] {dagbag.py:500} INFO - Filling up the DagBag from /home/airflow/.local/lib/python3.7/site-packages/airflow/example_dags/example_skip_dag.py
[2023-04-10 11:37:24,146] {processor.py:632} INFO - DAG(s) dict_keys(['example_skip_dag']) retrieved from /home/airflow/.local/lib/python3.7/site-packages/airflow/example_dags/example_skip_dag.py
[2023-04-10 11:37:24,154] {logging_mixin.py:109} INFO - [2023-04-10 11:37:24,154] {dag.py:2389} INFO - Sync 1 DAGs
[2023-04-10 11:37:24,165] {logging_mixin.py:109} INFO - [2023-04-10 11:37:24,165] {dag.py:2921} INFO - Setting next_dagrun for example_skip_dag to 2023-04-09T11:37:24.165341+00:00
[2023-04-10 11:37:24,173] {processor.py:171} INFO - Processing /home/airflow/.local/lib/python3.7/site-packages/airflow/example_dags/example_skip_dag.py took 0.050 seconds
[2023-04-10 11:37:54,481] {processor.py:163} INFO - Started process (PID=1526) to work on /home/airflow/.local/lib/python3.7/site-packages/airflow/example_dags/example_skip_dag.py
[2023-04-10 11:37:54,482] {processor.py:620} INFO - Processing file /home/airflow/.local/lib/python3.7/site-packages/airflow/example_dags/example_skip_dag.py for tasks to queue
[2023-04-10 11:37:54,482] {logging_mixin.py:109} INFO - [2023-04-10 11:37:54,482] {dagbag.py:500} INFO - Filling up the DagBag from /home/airflow/.local/lib/python3.7/site-packages/airflow/example_dags/example_skip_dag.py
[2023-04-10 11:37:54,500] {processor.py:632} INFO - DAG(s) dict_keys(['example_skip_dag']) retrieved from /home/airflow/.local/lib/python3.7/site-packages/airflow/example_dags/example_skip_dag.py
[2023-04-10 11:37:54,508] {logging_mixin.py:109} INFO - [2023-04-10 11:37:54,508] {dag.py:2389} INFO - Sync 1 DAGs
[2023-04-10 11:37:54,519] {logging_mixin.py:109} INFO - [2023-04-10 11:37:54,519] {dag.py:2921} INFO - Setting next_dagrun for example_skip_dag to 2023-04-09T11:37:54.518815+00:00
[2023-04-10 11:37:54,528] {processor.py:171} INFO - Processing /home/airflow/.local/lib/python3.7/site-packages/airflow/example_dags/example_skip_dag.py took 0.050 seconds
[2023-04-10 11:38:24,704] {processor.py:163} INFO - Started process (PID=1577) to work on /home/airflow/.local/lib/python3.7/site-packages/airflow/example_dags/example_skip_dag.py
[2023-04-10 11:38:24,705] {processor.py:620} INFO - Processing file /home/airflow/.local/lib/python3.7/site-packages/airflow/example_dags/example_skip_dag.py for tasks to queue
[2023-04-10 11:38:24,705] {logging_mixin.py:109} INFO - [2023-04-10 11:38:24,705] {dagbag.py:500} INFO - Filling up the DagBag from /home/airflow/.local/lib/python3.7/site-packages/airflow/example_dags/example_skip_dag.py
[2023-04-10 11:38:24,725] {processor.py:632} INFO - DAG(s) dict_keys(['example_skip_dag']) retrieved from /home/airflow/.local/lib/python3.7/site-packages/airflow/example_dags/example_skip_dag.py
[2023-04-10 11:38:24,733] {logging_mixin.py:109} INFO - [2023-04-10 11:38:24,733] {dag.py:2389} INFO - Sync 1 DAGs
[2023-04-10 11:38:24,744] {logging_mixin.py:109} INFO - [2023-04-10 11:38:24,744] {dag.py:2921} INFO - Setting next_dagrun for example_skip_dag to 2023-04-09T11:38:24.744459+00:00
[2023-04-10 11:38:24,753] {processor.py:171} INFO - Processing /home/airflow/.local/lib/python3.7/site-packages/airflow/example_dags/example_skip_dag.py took 0.052 seconds
[2023-04-10 11:38:55,002] {processor.py:163} INFO - Started process (PID=1637) to work on /home/airflow/.local/lib/python3.7/site-packages/airflow/example_dags/example_skip_dag.py
[2023-04-10 11:38:55,003] {processor.py:620} INFO - Processing file /home/airflow/.local/lib/python3.7/site-packages/airflow/example_dags/example_skip_dag.py for tasks to queue
[2023-04-10 11:38:55,003] {logging_mixin.py:109} INFO - [2023-04-10 11:38:55,003] {dagbag.py:500} INFO - Filling up the DagBag from /home/airflow/.local/lib/python3.7/site-packages/airflow/example_dags/example_skip_dag.py
[2023-04-10 11:38:55,026] {processor.py:632} INFO - DAG(s) dict_keys(['example_skip_dag']) retrieved from /home/airflow/.local/lib/python3.7/site-packages/airflow/example_dags/example_skip_dag.py
[2023-04-10 11:38:55,037] {logging_mixin.py:109} INFO - [2023-04-10 11:38:55,037] {dag.py:2389} INFO - Sync 1 DAGs
[2023-04-10 11:38:55,051] {logging_mixin.py:109} INFO - [2023-04-10 11:38:55,051] {dag.py:2921} INFO - Setting next_dagrun for example_skip_dag to 2023-04-09T11:38:55.051593+00:00
[2023-04-10 11:38:55,062] {processor.py:171} INFO - Processing /home/airflow/.local/lib/python3.7/site-packages/airflow/example_dags/example_skip_dag.py took 0.063 seconds
[2023-04-10 11:39:25,186] {processor.py:163} INFO - Started process (PID=1688) to work on /home/airflow/.local/lib/python3.7/site-packages/airflow/example_dags/example_skip_dag.py
[2023-04-10 11:39:25,187] {processor.py:620} INFO - Processing file /home/airflow/.local/lib/python3.7/site-packages/airflow/example_dags/example_skip_dag.py for tasks to queue
[2023-04-10 11:39:25,188] {logging_mixin.py:109} INFO - [2023-04-10 11:39:25,188] {dagbag.py:500} INFO - Filling up the DagBag from /home/airflow/.local/lib/python3.7/site-packages/airflow/example_dags/example_skip_dag.py
[2023-04-10 11:39:25,208] {processor.py:632} INFO - DAG(s) dict_keys(['example_skip_dag']) retrieved from /home/airflow/.local/lib/python3.7/site-packages/airflow/example_dags/example_skip_dag.py
[2023-04-10 11:39:25,218] {logging_mixin.py:109} INFO - [2023-04-10 11:39:25,217] {dag.py:2389} INFO - Sync 1 DAGs
[2023-04-10 11:39:25,231] {logging_mixin.py:109} INFO - [2023-04-10 11:39:25,231] {dag.py:2921} INFO - Setting next_dagrun for example_skip_dag to 2023-04-09T11:39:25.231191+00:00
[2023-04-10 11:39:25,239] {processor.py:171} INFO - Processing /home/airflow/.local/lib/python3.7/site-packages/airflow/example_dags/example_skip_dag.py took 0.055 seconds
[2023-04-10 11:39:55,509] {processor.py:163} INFO - Started process (PID=1748) to work on /home/airflow/.local/lib/python3.7/site-packages/airflow/example_dags/example_skip_dag.py
[2023-04-10 11:39:55,515] {processor.py:620} INFO - Processing file /home/airflow/.local/lib/python3.7/site-packages/airflow/example_dags/example_skip_dag.py for tasks to queue
[2023-04-10 11:39:55,515] {logging_mixin.py:109} INFO - [2023-04-10 11:39:55,515] {dagbag.py:500} INFO - Filling up the DagBag from /home/airflow/.local/lib/python3.7/site-packages/airflow/example_dags/example_skip_dag.py
[2023-04-10 11:39:55,536] {processor.py:632} INFO - DAG(s) dict_keys(['example_skip_dag']) retrieved from /home/airflow/.local/lib/python3.7/site-packages/airflow/example_dags/example_skip_dag.py
[2023-04-10 11:39:55,545] {logging_mixin.py:109} INFO - [2023-04-10 11:39:55,545] {dag.py:2389} INFO - Sync 1 DAGs
[2023-04-10 11:39:55,559] {logging_mixin.py:109} INFO - [2023-04-10 11:39:55,559] {dag.py:2921} INFO - Setting next_dagrun for example_skip_dag to 2023-04-09T11:39:55.559479+00:00
[2023-04-10 11:39:55,568] {processor.py:171} INFO - Processing /home/airflow/.local/lib/python3.7/site-packages/airflow/example_dags/example_skip_dag.py took 0.062 seconds
[2023-04-10 11:40:25,682] {processor.py:163} INFO - Started process (PID=1799) to work on /home/airflow/.local/lib/python3.7/site-packages/airflow/example_dags/example_skip_dag.py
[2023-04-10 11:40:25,683] {processor.py:620} INFO - Processing file /home/airflow/.local/lib/python3.7/site-packages/airflow/example_dags/example_skip_dag.py for tasks to queue
[2023-04-10 11:40:25,683] {logging_mixin.py:109} INFO - [2023-04-10 11:40:25,683] {dagbag.py:500} INFO - Filling up the DagBag from /home/airflow/.local/lib/python3.7/site-packages/airflow/example_dags/example_skip_dag.py
[2023-04-10 11:40:25,705] {processor.py:632} INFO - DAG(s) dict_keys(['example_skip_dag']) retrieved from /home/airflow/.local/lib/python3.7/site-packages/airflow/example_dags/example_skip_dag.py
[2023-04-10 11:40:25,713] {logging_mixin.py:109} INFO - [2023-04-10 11:40:25,713] {dag.py:2389} INFO - Sync 1 DAGs
[2023-04-10 11:40:25,727] {logging_mixin.py:109} INFO - [2023-04-10 11:40:25,727] {dag.py:2921} INFO - Setting next_dagrun for example_skip_dag to 2023-04-09T11:40:25.727272+00:00
[2023-04-10 11:40:25,735] {processor.py:171} INFO - Processing /home/airflow/.local/lib/python3.7/site-packages/airflow/example_dags/example_skip_dag.py took 0.056 seconds
[2023-04-10 11:40:55,957] {processor.py:163} INFO - Started process (PID=1849) to work on /home/airflow/.local/lib/python3.7/site-packages/airflow/example_dags/example_skip_dag.py
[2023-04-10 11:40:55,957] {processor.py:620} INFO - Processing file /home/airflow/.local/lib/python3.7/site-packages/airflow/example_dags/example_skip_dag.py for tasks to queue
[2023-04-10 11:40:55,958] {logging_mixin.py:109} INFO - [2023-04-10 11:40:55,958] {dagbag.py:500} INFO - Filling up the DagBag from /home/airflow/.local/lib/python3.7/site-packages/airflow/example_dags/example_skip_dag.py
[2023-04-10 11:40:55,977] {processor.py:632} INFO - DAG(s) dict_keys(['example_skip_dag']) retrieved from /home/airflow/.local/lib/python3.7/site-packages/airflow/example_dags/example_skip_dag.py
[2023-04-10 11:40:55,985] {logging_mixin.py:109} INFO - [2023-04-10 11:40:55,985] {dag.py:2389} INFO - Sync 1 DAGs
[2023-04-10 11:40:55,996] {logging_mixin.py:109} INFO - [2023-04-10 11:40:55,996] {dag.py:2921} INFO - Setting next_dagrun for example_skip_dag to 2023-04-09T11:40:55.996711+00:00
[2023-04-10 11:40:56,004] {processor.py:171} INFO - Processing /home/airflow/.local/lib/python3.7/site-packages/airflow/example_dags/example_skip_dag.py took 0.050 seconds
[2023-04-10 11:41:26,252] {processor.py:163} INFO - Started process (PID=1909) to work on /home/airflow/.local/lib/python3.7/site-packages/airflow/example_dags/example_skip_dag.py
[2023-04-10 11:41:26,253] {processor.py:620} INFO - Processing file /home/airflow/.local/lib/python3.7/site-packages/airflow/example_dags/example_skip_dag.py for tasks to queue
[2023-04-10 11:41:26,254] {logging_mixin.py:109} INFO - [2023-04-10 11:41:26,254] {dagbag.py:500} INFO - Filling up the DagBag from /home/airflow/.local/lib/python3.7/site-packages/airflow/example_dags/example_skip_dag.py
[2023-04-10 11:41:26,275] {processor.py:632} INFO - DAG(s) dict_keys(['example_skip_dag']) retrieved from /home/airflow/.local/lib/python3.7/site-packages/airflow/example_dags/example_skip_dag.py
[2023-04-10 11:41:26,283] {logging_mixin.py:109} INFO - [2023-04-10 11:41:26,283] {dag.py:2389} INFO - Sync 1 DAGs
[2023-04-10 11:41:26,296] {logging_mixin.py:109} INFO - [2023-04-10 11:41:26,295] {dag.py:2921} INFO - Setting next_dagrun for example_skip_dag to 2023-04-09T11:41:26.295796+00:00
[2023-04-10 11:41:26,304] {processor.py:171} INFO - Processing /home/airflow/.local/lib/python3.7/site-packages/airflow/example_dags/example_skip_dag.py took 0.054 seconds
[2023-04-10 11:41:56,569] {processor.py:163} INFO - Started process (PID=1960) to work on /home/airflow/.local/lib/python3.7/site-packages/airflow/example_dags/example_skip_dag.py
[2023-04-10 11:41:56,570] {processor.py:620} INFO - Processing file /home/airflow/.local/lib/python3.7/site-packages/airflow/example_dags/example_skip_dag.py for tasks to queue
[2023-04-10 11:41:56,571] {logging_mixin.py:109} INFO - [2023-04-10 11:41:56,571] {dagbag.py:500} INFO - Filling up the DagBag from /home/airflow/.local/lib/python3.7/site-packages/airflow/example_dags/example_skip_dag.py
[2023-04-10 11:41:56,592] {processor.py:632} INFO - DAG(s) dict_keys(['example_skip_dag']) retrieved from /home/airflow/.local/lib/python3.7/site-packages/airflow/example_dags/example_skip_dag.py
[2023-04-10 11:41:56,601] {logging_mixin.py:109} INFO - [2023-04-10 11:41:56,601] {dag.py:2389} INFO - Sync 1 DAGs
[2023-04-10 11:41:56,612] {logging_mixin.py:109} INFO - [2023-04-10 11:41:56,612] {dag.py:2921} INFO - Setting next_dagrun for example_skip_dag to 2023-04-09T11:41:56.612308+00:00
[2023-04-10 11:41:56,621] {processor.py:171} INFO - Processing /home/airflow/.local/lib/python3.7/site-packages/airflow/example_dags/example_skip_dag.py took 0.054 seconds
[2023-04-10 11:42:26,950] {processor.py:163} INFO - Started process (PID=2021) to work on /home/airflow/.local/lib/python3.7/site-packages/airflow/example_dags/example_skip_dag.py
[2023-04-10 11:42:26,951] {processor.py:620} INFO - Processing file /home/airflow/.local/lib/python3.7/site-packages/airflow/example_dags/example_skip_dag.py for tasks to queue
[2023-04-10 11:42:26,952] {logging_mixin.py:109} INFO - [2023-04-10 11:42:26,952] {dagbag.py:500} INFO - Filling up the DagBag from /home/airflow/.local/lib/python3.7/site-packages/airflow/example_dags/example_skip_dag.py
[2023-04-10 11:42:26,972] {processor.py:632} INFO - DAG(s) dict_keys(['example_skip_dag']) retrieved from /home/airflow/.local/lib/python3.7/site-packages/airflow/example_dags/example_skip_dag.py
[2023-04-10 11:42:26,979] {logging_mixin.py:109} INFO - [2023-04-10 11:42:26,979] {dag.py:2389} INFO - Sync 1 DAGs
[2023-04-10 11:42:26,991] {logging_mixin.py:109} INFO - [2023-04-10 11:42:26,990] {dag.py:2921} INFO - Setting next_dagrun for example_skip_dag to 2023-04-09T11:42:26.990556+00:00
[2023-04-10 11:42:26,999] {processor.py:171} INFO - Processing /home/airflow/.local/lib/python3.7/site-packages/airflow/example_dags/example_skip_dag.py took 0.052 seconds
[2023-04-10 11:42:57,357] {processor.py:163} INFO - Started process (PID=2072) to work on /home/airflow/.local/lib/python3.7/site-packages/airflow/example_dags/example_skip_dag.py
[2023-04-10 11:42:57,358] {processor.py:620} INFO - Processing file /home/airflow/.local/lib/python3.7/site-packages/airflow/example_dags/example_skip_dag.py for tasks to queue
[2023-04-10 11:42:57,359] {logging_mixin.py:109} INFO - [2023-04-10 11:42:57,359] {dagbag.py:500} INFO - Filling up the DagBag from /home/airflow/.local/lib/python3.7/site-packages/airflow/example_dags/example_skip_dag.py
[2023-04-10 11:42:57,380] {processor.py:632} INFO - DAG(s) dict_keys(['example_skip_dag']) retrieved from /home/airflow/.local/lib/python3.7/site-packages/airflow/example_dags/example_skip_dag.py
[2023-04-10 11:42:57,389] {logging_mixin.py:109} INFO - [2023-04-10 11:42:57,389] {dag.py:2389} INFO - Sync 1 DAGs
[2023-04-10 11:42:57,402] {logging_mixin.py:109} INFO - [2023-04-10 11:42:57,402] {dag.py:2921} INFO - Setting next_dagrun for example_skip_dag to 2023-04-09T11:42:57.402377+00:00
[2023-04-10 11:42:57,411] {processor.py:171} INFO - Processing /home/airflow/.local/lib/python3.7/site-packages/airflow/example_dags/example_skip_dag.py took 0.058 seconds
[2023-04-10 11:43:28,521] {processor.py:163} INFO - Started process (PID=2133) to work on /home/airflow/.local/lib/python3.7/site-packages/airflow/example_dags/example_skip_dag.py
[2023-04-10 11:43:28,522] {processor.py:620} INFO - Processing file /home/airflow/.local/lib/python3.7/site-packages/airflow/example_dags/example_skip_dag.py for tasks to queue
[2023-04-10 11:43:28,523] {logging_mixin.py:109} INFO - [2023-04-10 11:43:28,523] {dagbag.py:500} INFO - Filling up the DagBag from /home/airflow/.local/lib/python3.7/site-packages/airflow/example_dags/example_skip_dag.py
[2023-04-10 11:43:28,547] {processor.py:632} INFO - DAG(s) dict_keys(['example_skip_dag']) retrieved from /home/airflow/.local/lib/python3.7/site-packages/airflow/example_dags/example_skip_dag.py
[2023-04-10 11:43:28,559] {logging_mixin.py:109} INFO - [2023-04-10 11:43:28,559] {dag.py:2389} INFO - Sync 1 DAGs
[2023-04-10 11:43:28,575] {logging_mixin.py:109} INFO - [2023-04-10 11:43:28,575] {dag.py:2921} INFO - Setting next_dagrun for example_skip_dag to 2023-04-09T11:43:28.574926+00:00
[2023-04-10 11:43:28,583] {processor.py:171} INFO - Processing /home/airflow/.local/lib/python3.7/site-packages/airflow/example_dags/example_skip_dag.py took 0.065 seconds
[2023-04-10 11:43:58,828] {processor.py:163} INFO - Started process (PID=2184) to work on /home/airflow/.local/lib/python3.7/site-packages/airflow/example_dags/example_skip_dag.py
[2023-04-10 11:43:58,829] {processor.py:620} INFO - Processing file /home/airflow/.local/lib/python3.7/site-packages/airflow/example_dags/example_skip_dag.py for tasks to queue
[2023-04-10 11:43:58,830] {logging_mixin.py:109} INFO - [2023-04-10 11:43:58,830] {dagbag.py:500} INFO - Filling up the DagBag from /home/airflow/.local/lib/python3.7/site-packages/airflow/example_dags/example_skip_dag.py
[2023-04-10 11:43:58,859] {processor.py:632} INFO - DAG(s) dict_keys(['example_skip_dag']) retrieved from /home/airflow/.local/lib/python3.7/site-packages/airflow/example_dags/example_skip_dag.py
[2023-04-10 11:43:58,871] {logging_mixin.py:109} INFO - [2023-04-10 11:43:58,871] {dag.py:2389} INFO - Sync 1 DAGs
[2023-04-10 11:43:58,886] {logging_mixin.py:109} INFO - [2023-04-10 11:43:58,886] {dag.py:2921} INFO - Setting next_dagrun for example_skip_dag to 2023-04-09T11:43:58.886163+00:00
[2023-04-10 11:43:58,896] {processor.py:171} INFO - Processing /home/airflow/.local/lib/python3.7/site-packages/airflow/example_dags/example_skip_dag.py took 0.071 seconds
[2023-04-10 11:44:29,171] {processor.py:163} INFO - Started process (PID=2244) to work on /home/airflow/.local/lib/python3.7/site-packages/airflow/example_dags/example_skip_dag.py
[2023-04-10 11:44:29,172] {processor.py:620} INFO - Processing file /home/airflow/.local/lib/python3.7/site-packages/airflow/example_dags/example_skip_dag.py for tasks to queue
[2023-04-10 11:44:29,172] {logging_mixin.py:109} INFO - [2023-04-10 11:44:29,172] {dagbag.py:500} INFO - Filling up the DagBag from /home/airflow/.local/lib/python3.7/site-packages/airflow/example_dags/example_skip_dag.py
[2023-04-10 11:44:29,194] {processor.py:632} INFO - DAG(s) dict_keys(['example_skip_dag']) retrieved from /home/airflow/.local/lib/python3.7/site-packages/airflow/example_dags/example_skip_dag.py
[2023-04-10 11:44:29,204] {logging_mixin.py:109} INFO - [2023-04-10 11:44:29,203] {dag.py:2389} INFO - Sync 1 DAGs
[2023-04-10 11:44:29,218] {logging_mixin.py:109} INFO - [2023-04-10 11:44:29,218] {dag.py:2921} INFO - Setting next_dagrun for example_skip_dag to 2023-04-09T11:44:29.217971+00:00
[2023-04-10 11:44:29,226] {processor.py:171} INFO - Processing /home/airflow/.local/lib/python3.7/site-packages/airflow/example_dags/example_skip_dag.py took 0.058 seconds
[2023-04-10 11:44:59,522] {processor.py:163} INFO - Started process (PID=2295) to work on /home/airflow/.local/lib/python3.7/site-packages/airflow/example_dags/example_skip_dag.py
[2023-04-10 11:44:59,522] {processor.py:620} INFO - Processing file /home/airflow/.local/lib/python3.7/site-packages/airflow/example_dags/example_skip_dag.py for tasks to queue
[2023-04-10 11:44:59,523] {logging_mixin.py:109} INFO - [2023-04-10 11:44:59,523] {dagbag.py:500} INFO - Filling up the DagBag from /home/airflow/.local/lib/python3.7/site-packages/airflow/example_dags/example_skip_dag.py
[2023-04-10 11:44:59,547] {processor.py:632} INFO - DAG(s) dict_keys(['example_skip_dag']) retrieved from /home/airflow/.local/lib/python3.7/site-packages/airflow/example_dags/example_skip_dag.py
[2023-04-10 11:44:59,561] {logging_mixin.py:109} INFO - [2023-04-10 11:44:59,561] {dag.py:2389} INFO - Sync 1 DAGs
[2023-04-10 11:44:59,577] {logging_mixin.py:109} INFO - [2023-04-10 11:44:59,577] {dag.py:2921} INFO - Setting next_dagrun for example_skip_dag to 2023-04-09T11:44:59.576953+00:00
[2023-04-10 11:44:59,586] {processor.py:171} INFO - Processing /home/airflow/.local/lib/python3.7/site-packages/airflow/example_dags/example_skip_dag.py took 0.067 seconds
[2023-04-10 11:45:29,628] {processor.py:163} INFO - Started process (PID=2346) to work on /home/airflow/.local/lib/python3.7/site-packages/airflow/example_dags/example_skip_dag.py
[2023-04-10 11:45:29,629] {processor.py:620} INFO - Processing file /home/airflow/.local/lib/python3.7/site-packages/airflow/example_dags/example_skip_dag.py for tasks to queue
[2023-04-10 11:45:29,630] {logging_mixin.py:109} INFO - [2023-04-10 11:45:29,630] {dagbag.py:500} INFO - Filling up the DagBag from /home/airflow/.local/lib/python3.7/site-packages/airflow/example_dags/example_skip_dag.py
[2023-04-10 11:45:29,649] {processor.py:632} INFO - DAG(s) dict_keys(['example_skip_dag']) retrieved from /home/airflow/.local/lib/python3.7/site-packages/airflow/example_dags/example_skip_dag.py
[2023-04-10 11:45:29,657] {logging_mixin.py:109} INFO - [2023-04-10 11:45:29,657] {dag.py:2389} INFO - Sync 1 DAGs
[2023-04-10 11:45:29,668] {logging_mixin.py:109} INFO - [2023-04-10 11:45:29,668] {dag.py:2921} INFO - Setting next_dagrun for example_skip_dag to 2023-04-09T11:45:29.668124+00:00
[2023-04-10 11:45:29,677] {processor.py:171} INFO - Processing /home/airflow/.local/lib/python3.7/site-packages/airflow/example_dags/example_skip_dag.py took 0.050 seconds
[2023-04-10 11:45:59,994] {processor.py:163} INFO - Started process (PID=2406) to work on /home/airflow/.local/lib/python3.7/site-packages/airflow/example_dags/example_skip_dag.py
[2023-04-10 11:45:59,995] {processor.py:620} INFO - Processing file /home/airflow/.local/lib/python3.7/site-packages/airflow/example_dags/example_skip_dag.py for tasks to queue
[2023-04-10 11:45:59,995] {logging_mixin.py:109} INFO - [2023-04-10 11:45:59,995] {dagbag.py:500} INFO - Filling up the DagBag from /home/airflow/.local/lib/python3.7/site-packages/airflow/example_dags/example_skip_dag.py
[2023-04-10 11:46:00,016] {processor.py:632} INFO - DAG(s) dict_keys(['example_skip_dag']) retrieved from /home/airflow/.local/lib/python3.7/site-packages/airflow/example_dags/example_skip_dag.py
[2023-04-10 11:46:00,024] {logging_mixin.py:109} INFO - [2023-04-10 11:46:00,024] {dag.py:2389} INFO - Sync 1 DAGs
[2023-04-10 11:46:00,034] {logging_mixin.py:109} INFO - [2023-04-10 11:46:00,034] {dag.py:2921} INFO - Setting next_dagrun for example_skip_dag to 2023-04-09T11:46:00.034542+00:00
[2023-04-10 11:46:00,043] {processor.py:171} INFO - Processing /home/airflow/.local/lib/python3.7/site-packages/airflow/example_dags/example_skip_dag.py took 0.051 seconds
[2023-04-10 11:46:30,368] {processor.py:163} INFO - Started process (PID=2457) to work on /home/airflow/.local/lib/python3.7/site-packages/airflow/example_dags/example_skip_dag.py
[2023-04-10 11:46:30,370] {processor.py:620} INFO - Processing file /home/airflow/.local/lib/python3.7/site-packages/airflow/example_dags/example_skip_dag.py for tasks to queue
[2023-04-10 11:46:30,370] {logging_mixin.py:109} INFO - [2023-04-10 11:46:30,370] {dagbag.py:500} INFO - Filling up the DagBag from /home/airflow/.local/lib/python3.7/site-packages/airflow/example_dags/example_skip_dag.py
[2023-04-10 11:46:30,392] {processor.py:632} INFO - DAG(s) dict_keys(['example_skip_dag']) retrieved from /home/airflow/.local/lib/python3.7/site-packages/airflow/example_dags/example_skip_dag.py
[2023-04-10 11:46:30,400] {logging_mixin.py:109} INFO - [2023-04-10 11:46:30,400] {dag.py:2389} INFO - Sync 1 DAGs
[2023-04-10 11:46:30,412] {logging_mixin.py:109} INFO - [2023-04-10 11:46:30,412] {dag.py:2921} INFO - Setting next_dagrun for example_skip_dag to 2023-04-09T11:46:30.412245+00:00
[2023-04-10 11:46:30,422] {processor.py:171} INFO - Processing /home/airflow/.local/lib/python3.7/site-packages/airflow/example_dags/example_skip_dag.py took 0.056 seconds
[2023-04-10 11:47:00,596] {processor.py:163} INFO - Started process (PID=2517) to work on /home/airflow/.local/lib/python3.7/site-packages/airflow/example_dags/example_skip_dag.py
[2023-04-10 11:47:00,597] {processor.py:620} INFO - Processing file /home/airflow/.local/lib/python3.7/site-packages/airflow/example_dags/example_skip_dag.py for tasks to queue
[2023-04-10 11:47:00,597] {logging_mixin.py:109} INFO - [2023-04-10 11:47:00,597] {dagbag.py:500} INFO - Filling up the DagBag from /home/airflow/.local/lib/python3.7/site-packages/airflow/example_dags/example_skip_dag.py
[2023-04-10 11:47:00,615] {processor.py:632} INFO - DAG(s) dict_keys(['example_skip_dag']) retrieved from /home/airflow/.local/lib/python3.7/site-packages/airflow/example_dags/example_skip_dag.py
[2023-04-10 11:47:00,622] {logging_mixin.py:109} INFO - [2023-04-10 11:47:00,622] {dag.py:2389} INFO - Sync 1 DAGs
[2023-04-10 11:47:00,633] {logging_mixin.py:109} INFO - [2023-04-10 11:47:00,633] {dag.py:2921} INFO - Setting next_dagrun for example_skip_dag to 2023-04-09T11:47:00.633580+00:00
[2023-04-10 11:47:00,642] {processor.py:171} INFO - Processing /home/airflow/.local/lib/python3.7/site-packages/airflow/example_dags/example_skip_dag.py took 0.048 seconds
[2023-04-10 11:47:31,187] {processor.py:163} INFO - Started process (PID=2568) to work on /home/airflow/.local/lib/python3.7/site-packages/airflow/example_dags/example_skip_dag.py
[2023-04-10 11:47:31,189] {processor.py:620} INFO - Processing file /home/airflow/.local/lib/python3.7/site-packages/airflow/example_dags/example_skip_dag.py for tasks to queue
[2023-04-10 11:47:31,189] {logging_mixin.py:109} INFO - [2023-04-10 11:47:31,189] {dagbag.py:500} INFO - Filling up the DagBag from /home/airflow/.local/lib/python3.7/site-packages/airflow/example_dags/example_skip_dag.py
[2023-04-10 11:47:31,213] {processor.py:632} INFO - DAG(s) dict_keys(['example_skip_dag']) retrieved from /home/airflow/.local/lib/python3.7/site-packages/airflow/example_dags/example_skip_dag.py
[2023-04-10 11:47:31,223] {logging_mixin.py:109} INFO - [2023-04-10 11:47:31,223] {dag.py:2389} INFO - Sync 1 DAGs
[2023-04-10 11:47:31,237] {logging_mixin.py:109} INFO - [2023-04-10 11:47:31,237] {dag.py:2921} INFO - Setting next_dagrun for example_skip_dag to 2023-04-09T11:47:31.236770+00:00
[2023-04-10 11:47:31,245] {processor.py:171} INFO - Processing /home/airflow/.local/lib/python3.7/site-packages/airflow/example_dags/example_skip_dag.py took 0.061 seconds
[2023-04-10 11:48:01,813] {processor.py:163} INFO - Started process (PID=2628) to work on /home/airflow/.local/lib/python3.7/site-packages/airflow/example_dags/example_skip_dag.py
[2023-04-10 11:48:01,814] {processor.py:620} INFO - Processing file /home/airflow/.local/lib/python3.7/site-packages/airflow/example_dags/example_skip_dag.py for tasks to queue
[2023-04-10 11:48:01,815] {logging_mixin.py:109} INFO - [2023-04-10 11:48:01,815] {dagbag.py:500} INFO - Filling up the DagBag from /home/airflow/.local/lib/python3.7/site-packages/airflow/example_dags/example_skip_dag.py
[2023-04-10 11:48:01,842] {processor.py:632} INFO - DAG(s) dict_keys(['example_skip_dag']) retrieved from /home/airflow/.local/lib/python3.7/site-packages/airflow/example_dags/example_skip_dag.py
[2023-04-10 11:48:01,853] {logging_mixin.py:109} INFO - [2023-04-10 11:48:01,853] {dag.py:2389} INFO - Sync 1 DAGs
[2023-04-10 11:48:01,869] {logging_mixin.py:109} INFO - [2023-04-10 11:48:01,869] {dag.py:2921} INFO - Setting next_dagrun for example_skip_dag to 2023-04-09T11:48:01.868987+00:00
[2023-04-10 11:48:01,879] {processor.py:171} INFO - Processing /home/airflow/.local/lib/python3.7/site-packages/airflow/example_dags/example_skip_dag.py took 0.068 seconds
[2023-04-10 11:48:03,747] {processor.py:163} INFO - Started process (PID=3122) to work on /home/airflow/.local/lib/python3.7/site-packages/airflow/example_dags/example_skip_dag.py
[2023-04-10 11:48:03,747] {processor.py:620} INFO - Processing file /home/airflow/.local/lib/python3.7/site-packages/airflow/example_dags/example_skip_dag.py for tasks to queue
[2023-04-10 11:48:03,748] {logging_mixin.py:109} INFO - [2023-04-10 11:48:03,748] {dagbag.py:500} INFO - Filling up the DagBag from /home/airflow/.local/lib/python3.7/site-packages/airflow/example_dags/example_skip_dag.py
[2023-04-10 11:48:03,775] {processor.py:632} INFO - DAG(s) dict_keys(['example_skip_dag']) retrieved from /home/airflow/.local/lib/python3.7/site-packages/airflow/example_dags/example_skip_dag.py
[2023-04-10 11:48:03,784] {logging_mixin.py:109} INFO - [2023-04-10 11:48:03,784] {dag.py:2389} INFO - Sync 1 DAGs
[2023-04-10 11:48:03,796] {logging_mixin.py:109} INFO - [2023-04-10 11:48:03,796] {dag.py:2921} INFO - Setting next_dagrun for example_skip_dag to 2023-04-09T11:48:03.795899+00:00
[2023-04-10 11:48:03,804] {processor.py:171} INFO - Processing /home/airflow/.local/lib/python3.7/site-packages/airflow/example_dags/example_skip_dag.py took 0.060 seconds
[2023-04-10 11:48:32,767] {processor.py:163} INFO - Started process (PID=2679) to work on /home/airflow/.local/lib/python3.7/site-packages/airflow/example_dags/example_skip_dag.py
[2023-04-10 11:48:32,768] {processor.py:620} INFO - Processing file /home/airflow/.local/lib/python3.7/site-packages/airflow/example_dags/example_skip_dag.py for tasks to queue
[2023-04-10 11:48:32,769] {logging_mixin.py:109} INFO - [2023-04-10 11:48:32,768] {dagbag.py:500} INFO - Filling up the DagBag from /home/airflow/.local/lib/python3.7/site-packages/airflow/example_dags/example_skip_dag.py
[2023-04-10 11:48:32,789] {processor.py:632} INFO - DAG(s) dict_keys(['example_skip_dag']) retrieved from /home/airflow/.local/lib/python3.7/site-packages/airflow/example_dags/example_skip_dag.py
[2023-04-10 11:48:32,798] {logging_mixin.py:109} INFO - [2023-04-10 11:48:32,798] {dag.py:2389} INFO - Sync 1 DAGs
[2023-04-10 11:48:32,813] {logging_mixin.py:109} INFO - [2023-04-10 11:48:32,812] {dag.py:2921} INFO - Setting next_dagrun for example_skip_dag to 2023-04-09T11:48:32.812728+00:00
[2023-04-10 11:48:32,892] {processor.py:171} INFO - Processing /home/airflow/.local/lib/python3.7/site-packages/airflow/example_dags/example_skip_dag.py took 0.127 seconds
