[2023-04-10 11:26:32,297] {processor.py:163} INFO - Started process (PID=67) to work on /home/airflow/.local/lib/python3.7/site-packages/airflow/example_dags/example_kubernetes_executor.py
[2023-04-10 11:26:32,299] {processor.py:620} INFO - Processing file /home/airflow/.local/lib/python3.7/site-packages/airflow/example_dags/example_kubernetes_executor.py for tasks to queue
[2023-04-10 11:26:32,300] {logging_mixin.py:109} INFO - [2023-04-10 11:26:32,300] {dagbag.py:500} INFO - Filling up the DagBag from /home/airflow/.local/lib/python3.7/site-packages/airflow/example_dags/example_kubernetes_executor.py
[2023-04-10 11:26:32,344] {processor.py:632} INFO - DAG(s) dict_keys(['example_kubernetes_executor']) retrieved from /home/airflow/.local/lib/python3.7/site-packages/airflow/example_dags/example_kubernetes_executor.py
[2023-04-10 11:26:35,904] {logging_mixin.py:109} INFO - [2023-04-10 11:26:35,904] {providers_manager.py:156} WARNING - Exception when importing 'airflow.providers.google.leveldb.hooks.leveldb.LevelDBHook' from 'apache-airflow-providers-google' package: No module named 'plyvel'
[2023-04-10 11:26:36,851] {logging_mixin.py:109} INFO - [2023-04-10 11:26:36,851] {providers_manager.py:156} WARNING - Exception when importing 'airflow.providers.google.leveldb.hooks.leveldb.LevelDBHook' from 'apache-airflow-providers-google' package: No module named 'plyvel'
[2023-04-10 11:26:36,902] {logging_mixin.py:109} INFO - [2023-04-10 11:26:36,902] {manager.py:496} INFO - Created Permission View: can read on DAG:example_kubernetes_executor
[2023-04-10 11:26:36,915] {logging_mixin.py:109} INFO - [2023-04-10 11:26:36,915] {manager.py:496} INFO - Created Permission View: can edit on DAG:example_kubernetes_executor
[2023-04-10 11:26:36,916] {logging_mixin.py:109} INFO - [2023-04-10 11:26:36,915] {dag.py:2389} INFO - Sync 1 DAGs
[2023-04-10 11:26:36,932] {logging_mixin.py:109} INFO - [2023-04-10 11:26:36,932] {dag.py:2408} INFO - Creating ORM DAG for example_kubernetes_executor
[2023-04-10 11:26:36,946] {logging_mixin.py:109} INFO - [2023-04-10 11:26:36,946] {dag.py:2921} INFO - Setting next_dagrun for example_kubernetes_executor to None
[2023-04-10 11:26:36,963] {processor.py:171} INFO - Processing /home/airflow/.local/lib/python3.7/site-packages/airflow/example_dags/example_kubernetes_executor.py took 4.673 seconds
[2023-04-10 11:27:09,469] {processor.py:163} INFO - Started process (PID=350) to work on /home/airflow/.local/lib/python3.7/site-packages/airflow/example_dags/example_kubernetes_executor.py
[2023-04-10 11:27:09,470] {processor.py:620} INFO - Processing file /home/airflow/.local/lib/python3.7/site-packages/airflow/example_dags/example_kubernetes_executor.py for tasks to queue
[2023-04-10 11:27:09,471] {logging_mixin.py:109} INFO - [2023-04-10 11:27:09,471] {dagbag.py:500} INFO - Filling up the DagBag from /home/airflow/.local/lib/python3.7/site-packages/airflow/example_dags/example_kubernetes_executor.py
[2023-04-10 11:27:09,501] {processor.py:632} INFO - DAG(s) dict_keys(['example_kubernetes_executor']) retrieved from /home/airflow/.local/lib/python3.7/site-packages/airflow/example_dags/example_kubernetes_executor.py
[2023-04-10 11:27:09,511] {logging_mixin.py:109} INFO - [2023-04-10 11:27:09,511] {dag.py:2389} INFO - Sync 1 DAGs
[2023-04-10 11:27:09,527] {logging_mixin.py:109} INFO - [2023-04-10 11:27:09,527] {dag.py:2921} INFO - Setting next_dagrun for example_kubernetes_executor to None
[2023-04-10 11:27:09,538] {processor.py:171} INFO - Processing /home/airflow/.local/lib/python3.7/site-packages/airflow/example_dags/example_kubernetes_executor.py took 0.073 seconds
[2023-04-10 11:27:40,225] {processor.py:163} INFO - Started process (PID=409) to work on /home/airflow/.local/lib/python3.7/site-packages/airflow/example_dags/example_kubernetes_executor.py
[2023-04-10 11:27:40,227] {processor.py:620} INFO - Processing file /home/airflow/.local/lib/python3.7/site-packages/airflow/example_dags/example_kubernetes_executor.py for tasks to queue
[2023-04-10 11:27:40,227] {logging_mixin.py:109} INFO - [2023-04-10 11:27:40,227] {dagbag.py:500} INFO - Filling up the DagBag from /home/airflow/.local/lib/python3.7/site-packages/airflow/example_dags/example_kubernetes_executor.py
[2023-04-10 11:27:40,254] {processor.py:632} INFO - DAG(s) dict_keys(['example_kubernetes_executor']) retrieved from /home/airflow/.local/lib/python3.7/site-packages/airflow/example_dags/example_kubernetes_executor.py
[2023-04-10 11:27:40,265] {logging_mixin.py:109} INFO - [2023-04-10 11:27:40,265] {dag.py:2389} INFO - Sync 1 DAGs
[2023-04-10 11:27:40,282] {logging_mixin.py:109} INFO - [2023-04-10 11:27:40,282] {dag.py:2921} INFO - Setting next_dagrun for example_kubernetes_executor to None
[2023-04-10 11:27:40,292] {processor.py:171} INFO - Processing /home/airflow/.local/lib/python3.7/site-packages/airflow/example_dags/example_kubernetes_executor.py took 0.069 seconds
[2023-04-10 11:28:10,392] {processor.py:163} INFO - Started process (PID=459) to work on /home/airflow/.local/lib/python3.7/site-packages/airflow/example_dags/example_kubernetes_executor.py
[2023-04-10 11:28:10,392] {processor.py:620} INFO - Processing file /home/airflow/.local/lib/python3.7/site-packages/airflow/example_dags/example_kubernetes_executor.py for tasks to queue
[2023-04-10 11:28:10,393] {logging_mixin.py:109} INFO - [2023-04-10 11:28:10,393] {dagbag.py:500} INFO - Filling up the DagBag from /home/airflow/.local/lib/python3.7/site-packages/airflow/example_dags/example_kubernetes_executor.py
[2023-04-10 11:28:10,412] {processor.py:632} INFO - DAG(s) dict_keys(['example_kubernetes_executor']) retrieved from /home/airflow/.local/lib/python3.7/site-packages/airflow/example_dags/example_kubernetes_executor.py
[2023-04-10 11:28:10,419] {logging_mixin.py:109} INFO - [2023-04-10 11:28:10,419] {dag.py:2389} INFO - Sync 1 DAGs
[2023-04-10 11:28:10,429] {logging_mixin.py:109} INFO - [2023-04-10 11:28:10,429] {dag.py:2921} INFO - Setting next_dagrun for example_kubernetes_executor to None
[2023-04-10 11:28:10,437] {processor.py:171} INFO - Processing /home/airflow/.local/lib/python3.7/site-packages/airflow/example_dags/example_kubernetes_executor.py took 0.048 seconds
[2023-04-10 11:28:40,657] {processor.py:163} INFO - Started process (PID=510) to work on /home/airflow/.local/lib/python3.7/site-packages/airflow/example_dags/example_kubernetes_executor.py
[2023-04-10 11:28:40,659] {processor.py:620} INFO - Processing file /home/airflow/.local/lib/python3.7/site-packages/airflow/example_dags/example_kubernetes_executor.py for tasks to queue
[2023-04-10 11:28:40,659] {logging_mixin.py:109} INFO - [2023-04-10 11:28:40,659] {dagbag.py:500} INFO - Filling up the DagBag from /home/airflow/.local/lib/python3.7/site-packages/airflow/example_dags/example_kubernetes_executor.py
[2023-04-10 11:28:40,678] {processor.py:632} INFO - DAG(s) dict_keys(['example_kubernetes_executor']) retrieved from /home/airflow/.local/lib/python3.7/site-packages/airflow/example_dags/example_kubernetes_executor.py
[2023-04-10 11:28:40,685] {logging_mixin.py:109} INFO - [2023-04-10 11:28:40,685] {dag.py:2389} INFO - Sync 1 DAGs
[2023-04-10 11:28:40,695] {logging_mixin.py:109} INFO - [2023-04-10 11:28:40,695] {dag.py:2921} INFO - Setting next_dagrun for example_kubernetes_executor to None
[2023-04-10 11:28:40,704] {processor.py:171} INFO - Processing /home/airflow/.local/lib/python3.7/site-packages/airflow/example_dags/example_kubernetes_executor.py took 0.048 seconds
[2023-04-10 11:29:10,808] {processor.py:163} INFO - Started process (PID=571) to work on /home/airflow/.local/lib/python3.7/site-packages/airflow/example_dags/example_kubernetes_executor.py
[2023-04-10 11:29:10,808] {processor.py:620} INFO - Processing file /home/airflow/.local/lib/python3.7/site-packages/airflow/example_dags/example_kubernetes_executor.py for tasks to queue
[2023-04-10 11:29:10,809] {logging_mixin.py:109} INFO - [2023-04-10 11:29:10,809] {dagbag.py:500} INFO - Filling up the DagBag from /home/airflow/.local/lib/python3.7/site-packages/airflow/example_dags/example_kubernetes_executor.py
[2023-04-10 11:29:10,828] {processor.py:632} INFO - DAG(s) dict_keys(['example_kubernetes_executor']) retrieved from /home/airflow/.local/lib/python3.7/site-packages/airflow/example_dags/example_kubernetes_executor.py
[2023-04-10 11:29:10,835] {logging_mixin.py:109} INFO - [2023-04-10 11:29:10,835] {dag.py:2389} INFO - Sync 1 DAGs
[2023-04-10 11:29:10,845] {logging_mixin.py:109} INFO - [2023-04-10 11:29:10,845] {dag.py:2921} INFO - Setting next_dagrun for example_kubernetes_executor to None
[2023-04-10 11:29:10,852] {processor.py:171} INFO - Processing /home/airflow/.local/lib/python3.7/site-packages/airflow/example_dags/example_kubernetes_executor.py took 0.047 seconds
[2023-04-10 11:29:41,064] {processor.py:163} INFO - Started process (PID=623) to work on /home/airflow/.local/lib/python3.7/site-packages/airflow/example_dags/example_kubernetes_executor.py
[2023-04-10 11:29:41,071] {processor.py:620} INFO - Processing file /home/airflow/.local/lib/python3.7/site-packages/airflow/example_dags/example_kubernetes_executor.py for tasks to queue
[2023-04-10 11:29:41,072] {logging_mixin.py:109} INFO - [2023-04-10 11:29:41,072] {dagbag.py:500} INFO - Filling up the DagBag from /home/airflow/.local/lib/python3.7/site-packages/airflow/example_dags/example_kubernetes_executor.py
[2023-04-10 11:29:41,092] {processor.py:632} INFO - DAG(s) dict_keys(['example_kubernetes_executor']) retrieved from /home/airflow/.local/lib/python3.7/site-packages/airflow/example_dags/example_kubernetes_executor.py
[2023-04-10 11:29:41,099] {logging_mixin.py:109} INFO - [2023-04-10 11:29:41,099] {dag.py:2389} INFO - Sync 1 DAGs
[2023-04-10 11:29:41,109] {logging_mixin.py:109} INFO - [2023-04-10 11:29:41,109] {dag.py:2921} INFO - Setting next_dagrun for example_kubernetes_executor to None
[2023-04-10 11:29:41,117] {processor.py:171} INFO - Processing /home/airflow/.local/lib/python3.7/site-packages/airflow/example_dags/example_kubernetes_executor.py took 0.055 seconds
[2023-04-10 11:30:11,580] {processor.py:163} INFO - Started process (PID=683) to work on /home/airflow/.local/lib/python3.7/site-packages/airflow/example_dags/example_kubernetes_executor.py
[2023-04-10 11:30:11,581] {processor.py:620} INFO - Processing file /home/airflow/.local/lib/python3.7/site-packages/airflow/example_dags/example_kubernetes_executor.py for tasks to queue
[2023-04-10 11:30:11,582] {logging_mixin.py:109} INFO - [2023-04-10 11:30:11,581] {dagbag.py:500} INFO - Filling up the DagBag from /home/airflow/.local/lib/python3.7/site-packages/airflow/example_dags/example_kubernetes_executor.py
[2023-04-10 11:30:11,602] {processor.py:632} INFO - DAG(s) dict_keys(['example_kubernetes_executor']) retrieved from /home/airflow/.local/lib/python3.7/site-packages/airflow/example_dags/example_kubernetes_executor.py
[2023-04-10 11:30:11,609] {logging_mixin.py:109} INFO - [2023-04-10 11:30:11,609] {dag.py:2389} INFO - Sync 1 DAGs
[2023-04-10 11:30:11,628] {logging_mixin.py:109} INFO - [2023-04-10 11:30:11,628] {dag.py:2921} INFO - Setting next_dagrun for example_kubernetes_executor to None
[2023-04-10 11:30:11,638] {processor.py:171} INFO - Processing /home/airflow/.local/lib/python3.7/site-packages/airflow/example_dags/example_kubernetes_executor.py took 0.059 seconds
[2023-04-10 11:30:41,962] {processor.py:163} INFO - Started process (PID=734) to work on /home/airflow/.local/lib/python3.7/site-packages/airflow/example_dags/example_kubernetes_executor.py
[2023-04-10 11:30:41,970] {processor.py:620} INFO - Processing file /home/airflow/.local/lib/python3.7/site-packages/airflow/example_dags/example_kubernetes_executor.py for tasks to queue
[2023-04-10 11:30:41,970] {logging_mixin.py:109} INFO - [2023-04-10 11:30:41,970] {dagbag.py:500} INFO - Filling up the DagBag from /home/airflow/.local/lib/python3.7/site-packages/airflow/example_dags/example_kubernetes_executor.py
[2023-04-10 11:30:41,992] {processor.py:632} INFO - DAG(s) dict_keys(['example_kubernetes_executor']) retrieved from /home/airflow/.local/lib/python3.7/site-packages/airflow/example_dags/example_kubernetes_executor.py
[2023-04-10 11:30:41,998] {logging_mixin.py:109} INFO - [2023-04-10 11:30:41,998] {dag.py:2389} INFO - Sync 1 DAGs
[2023-04-10 11:30:42,007] {logging_mixin.py:109} INFO - [2023-04-10 11:30:42,007] {dag.py:2921} INFO - Setting next_dagrun for example_kubernetes_executor to None
[2023-04-10 11:30:42,014] {processor.py:171} INFO - Processing /home/airflow/.local/lib/python3.7/site-packages/airflow/example_dags/example_kubernetes_executor.py took 0.055 seconds
[2023-04-10 11:31:12,306] {processor.py:163} INFO - Started process (PID=794) to work on /home/airflow/.local/lib/python3.7/site-packages/airflow/example_dags/example_kubernetes_executor.py
[2023-04-10 11:31:12,306] {processor.py:620} INFO - Processing file /home/airflow/.local/lib/python3.7/site-packages/airflow/example_dags/example_kubernetes_executor.py for tasks to queue
[2023-04-10 11:31:12,307] {logging_mixin.py:109} INFO - [2023-04-10 11:31:12,307] {dagbag.py:500} INFO - Filling up the DagBag from /home/airflow/.local/lib/python3.7/site-packages/airflow/example_dags/example_kubernetes_executor.py
[2023-04-10 11:31:12,329] {processor.py:632} INFO - DAG(s) dict_keys(['example_kubernetes_executor']) retrieved from /home/airflow/.local/lib/python3.7/site-packages/airflow/example_dags/example_kubernetes_executor.py
[2023-04-10 11:31:12,337] {logging_mixin.py:109} INFO - [2023-04-10 11:31:12,337] {dag.py:2389} INFO - Sync 1 DAGs
[2023-04-10 11:31:12,350] {logging_mixin.py:109} INFO - [2023-04-10 11:31:12,350] {dag.py:2921} INFO - Setting next_dagrun for example_kubernetes_executor to None
[2023-04-10 11:31:12,358] {processor.py:171} INFO - Processing /home/airflow/.local/lib/python3.7/site-packages/airflow/example_dags/example_kubernetes_executor.py took 0.056 seconds
[2023-04-10 11:31:42,665] {processor.py:163} INFO - Started process (PID=845) to work on /home/airflow/.local/lib/python3.7/site-packages/airflow/example_dags/example_kubernetes_executor.py
[2023-04-10 11:31:42,666] {processor.py:620} INFO - Processing file /home/airflow/.local/lib/python3.7/site-packages/airflow/example_dags/example_kubernetes_executor.py for tasks to queue
[2023-04-10 11:31:42,667] {logging_mixin.py:109} INFO - [2023-04-10 11:31:42,667] {dagbag.py:500} INFO - Filling up the DagBag from /home/airflow/.local/lib/python3.7/site-packages/airflow/example_dags/example_kubernetes_executor.py
[2023-04-10 11:31:42,685] {processor.py:632} INFO - DAG(s) dict_keys(['example_kubernetes_executor']) retrieved from /home/airflow/.local/lib/python3.7/site-packages/airflow/example_dags/example_kubernetes_executor.py
[2023-04-10 11:31:42,693] {logging_mixin.py:109} INFO - [2023-04-10 11:31:42,693] {dag.py:2389} INFO - Sync 1 DAGs
[2023-04-10 11:31:42,703] {logging_mixin.py:109} INFO - [2023-04-10 11:31:42,703] {dag.py:2921} INFO - Setting next_dagrun for example_kubernetes_executor to None
[2023-04-10 11:31:42,711] {processor.py:171} INFO - Processing /home/airflow/.local/lib/python3.7/site-packages/airflow/example_dags/example_kubernetes_executor.py took 0.048 seconds
[2023-04-10 11:32:12,832] {processor.py:163} INFO - Started process (PID=897) to work on /home/airflow/.local/lib/python3.7/site-packages/airflow/example_dags/example_kubernetes_executor.py
[2023-04-10 11:32:12,840] {processor.py:620} INFO - Processing file /home/airflow/.local/lib/python3.7/site-packages/airflow/example_dags/example_kubernetes_executor.py for tasks to queue
[2023-04-10 11:32:12,840] {logging_mixin.py:109} INFO - [2023-04-10 11:32:12,840] {dagbag.py:500} INFO - Filling up the DagBag from /home/airflow/.local/lib/python3.7/site-packages/airflow/example_dags/example_kubernetes_executor.py
[2023-04-10 11:32:12,860] {processor.py:632} INFO - DAG(s) dict_keys(['example_kubernetes_executor']) retrieved from /home/airflow/.local/lib/python3.7/site-packages/airflow/example_dags/example_kubernetes_executor.py
[2023-04-10 11:32:12,866] {logging_mixin.py:109} INFO - [2023-04-10 11:32:12,866] {dag.py:2389} INFO - Sync 1 DAGs
[2023-04-10 11:32:12,877] {logging_mixin.py:109} INFO - [2023-04-10 11:32:12,877] {dag.py:2921} INFO - Setting next_dagrun for example_kubernetes_executor to None
[2023-04-10 11:32:12,884] {processor.py:171} INFO - Processing /home/airflow/.local/lib/python3.7/site-packages/airflow/example_dags/example_kubernetes_executor.py took 0.054 seconds
[2023-04-10 11:32:43,159] {processor.py:163} INFO - Started process (PID=958) to work on /home/airflow/.local/lib/python3.7/site-packages/airflow/example_dags/example_kubernetes_executor.py
[2023-04-10 11:32:43,160] {processor.py:620} INFO - Processing file /home/airflow/.local/lib/python3.7/site-packages/airflow/example_dags/example_kubernetes_executor.py for tasks to queue
[2023-04-10 11:32:43,160] {logging_mixin.py:109} INFO - [2023-04-10 11:32:43,160] {dagbag.py:500} INFO - Filling up the DagBag from /home/airflow/.local/lib/python3.7/site-packages/airflow/example_dags/example_kubernetes_executor.py
[2023-04-10 11:32:43,184] {processor.py:632} INFO - DAG(s) dict_keys(['example_kubernetes_executor']) retrieved from /home/airflow/.local/lib/python3.7/site-packages/airflow/example_dags/example_kubernetes_executor.py
[2023-04-10 11:32:43,192] {logging_mixin.py:109} INFO - [2023-04-10 11:32:43,192] {dag.py:2389} INFO - Sync 1 DAGs
[2023-04-10 11:32:43,204] {logging_mixin.py:109} INFO - [2023-04-10 11:32:43,204] {dag.py:2921} INFO - Setting next_dagrun for example_kubernetes_executor to None
[2023-04-10 11:32:43,214] {processor.py:171} INFO - Processing /home/airflow/.local/lib/python3.7/site-packages/airflow/example_dags/example_kubernetes_executor.py took 0.058 seconds
[2023-04-10 11:33:13,541] {processor.py:163} INFO - Started process (PID=1010) to work on /home/airflow/.local/lib/python3.7/site-packages/airflow/example_dags/example_kubernetes_executor.py
[2023-04-10 11:33:13,549] {processor.py:620} INFO - Processing file /home/airflow/.local/lib/python3.7/site-packages/airflow/example_dags/example_kubernetes_executor.py for tasks to queue
[2023-04-10 11:33:13,549] {logging_mixin.py:109} INFO - [2023-04-10 11:33:13,549] {dagbag.py:500} INFO - Filling up the DagBag from /home/airflow/.local/lib/python3.7/site-packages/airflow/example_dags/example_kubernetes_executor.py
[2023-04-10 11:33:13,568] {processor.py:632} INFO - DAG(s) dict_keys(['example_kubernetes_executor']) retrieved from /home/airflow/.local/lib/python3.7/site-packages/airflow/example_dags/example_kubernetes_executor.py
[2023-04-10 11:33:13,574] {logging_mixin.py:109} INFO - [2023-04-10 11:33:13,574] {dag.py:2389} INFO - Sync 1 DAGs
[2023-04-10 11:33:13,584] {logging_mixin.py:109} INFO - [2023-04-10 11:33:13,584] {dag.py:2921} INFO - Setting next_dagrun for example_kubernetes_executor to None
[2023-04-10 11:33:13,592] {processor.py:171} INFO - Processing /home/airflow/.local/lib/python3.7/site-packages/airflow/example_dags/example_kubernetes_executor.py took 0.052 seconds
[2023-04-10 11:33:43,873] {processor.py:163} INFO - Started process (PID=1070) to work on /home/airflow/.local/lib/python3.7/site-packages/airflow/example_dags/example_kubernetes_executor.py
[2023-04-10 11:33:43,873] {processor.py:620} INFO - Processing file /home/airflow/.local/lib/python3.7/site-packages/airflow/example_dags/example_kubernetes_executor.py for tasks to queue
[2023-04-10 11:33:43,874] {logging_mixin.py:109} INFO - [2023-04-10 11:33:43,874] {dagbag.py:500} INFO - Filling up the DagBag from /home/airflow/.local/lib/python3.7/site-packages/airflow/example_dags/example_kubernetes_executor.py
[2023-04-10 11:33:43,893] {processor.py:632} INFO - DAG(s) dict_keys(['example_kubernetes_executor']) retrieved from /home/airflow/.local/lib/python3.7/site-packages/airflow/example_dags/example_kubernetes_executor.py
[2023-04-10 11:33:43,900] {logging_mixin.py:109} INFO - [2023-04-10 11:33:43,900] {dag.py:2389} INFO - Sync 1 DAGs
[2023-04-10 11:33:43,910] {logging_mixin.py:109} INFO - [2023-04-10 11:33:43,910] {dag.py:2921} INFO - Setting next_dagrun for example_kubernetes_executor to None
[2023-04-10 11:33:43,917] {processor.py:171} INFO - Processing /home/airflow/.local/lib/python3.7/site-packages/airflow/example_dags/example_kubernetes_executor.py took 0.047 seconds
[2023-04-10 11:34:14,667] {processor.py:163} INFO - Started process (PID=1121) to work on /home/airflow/.local/lib/python3.7/site-packages/airflow/example_dags/example_kubernetes_executor.py
[2023-04-10 11:34:14,669] {processor.py:620} INFO - Processing file /home/airflow/.local/lib/python3.7/site-packages/airflow/example_dags/example_kubernetes_executor.py for tasks to queue
[2023-04-10 11:34:14,669] {logging_mixin.py:109} INFO - [2023-04-10 11:34:14,669] {dagbag.py:500} INFO - Filling up the DagBag from /home/airflow/.local/lib/python3.7/site-packages/airflow/example_dags/example_kubernetes_executor.py
[2023-04-10 11:34:14,695] {processor.py:632} INFO - DAG(s) dict_keys(['example_kubernetes_executor']) retrieved from /home/airflow/.local/lib/python3.7/site-packages/airflow/example_dags/example_kubernetes_executor.py
[2023-04-10 11:34:14,704] {logging_mixin.py:109} INFO - [2023-04-10 11:34:14,704] {dag.py:2389} INFO - Sync 1 DAGs
[2023-04-10 11:34:14,720] {logging_mixin.py:109} INFO - [2023-04-10 11:34:14,720] {dag.py:2921} INFO - Setting next_dagrun for example_kubernetes_executor to None
[2023-04-10 11:34:14,728] {processor.py:171} INFO - Processing /home/airflow/.local/lib/python3.7/site-packages/airflow/example_dags/example_kubernetes_executor.py took 0.064 seconds
[2023-04-10 11:34:44,838] {processor.py:163} INFO - Started process (PID=1181) to work on /home/airflow/.local/lib/python3.7/site-packages/airflow/example_dags/example_kubernetes_executor.py
[2023-04-10 11:34:44,839] {processor.py:620} INFO - Processing file /home/airflow/.local/lib/python3.7/site-packages/airflow/example_dags/example_kubernetes_executor.py for tasks to queue
[2023-04-10 11:34:44,839] {logging_mixin.py:109} INFO - [2023-04-10 11:34:44,839] {dagbag.py:500} INFO - Filling up the DagBag from /home/airflow/.local/lib/python3.7/site-packages/airflow/example_dags/example_kubernetes_executor.py
[2023-04-10 11:34:44,866] {processor.py:632} INFO - DAG(s) dict_keys(['example_kubernetes_executor']) retrieved from /home/airflow/.local/lib/python3.7/site-packages/airflow/example_dags/example_kubernetes_executor.py
[2023-04-10 11:34:44,877] {logging_mixin.py:109} INFO - [2023-04-10 11:34:44,877] {dag.py:2389} INFO - Sync 1 DAGs
[2023-04-10 11:34:44,891] {logging_mixin.py:109} INFO - [2023-04-10 11:34:44,891] {dag.py:2921} INFO - Setting next_dagrun for example_kubernetes_executor to None
[2023-04-10 11:34:44,902] {processor.py:171} INFO - Processing /home/airflow/.local/lib/python3.7/site-packages/airflow/example_dags/example_kubernetes_executor.py took 0.067 seconds
[2023-04-10 11:35:15,190] {processor.py:163} INFO - Started process (PID=1232) to work on /home/airflow/.local/lib/python3.7/site-packages/airflow/example_dags/example_kubernetes_executor.py
[2023-04-10 11:35:15,191] {processor.py:620} INFO - Processing file /home/airflow/.local/lib/python3.7/site-packages/airflow/example_dags/example_kubernetes_executor.py for tasks to queue
[2023-04-10 11:35:15,192] {logging_mixin.py:109} INFO - [2023-04-10 11:35:15,192] {dagbag.py:500} INFO - Filling up the DagBag from /home/airflow/.local/lib/python3.7/site-packages/airflow/example_dags/example_kubernetes_executor.py
[2023-04-10 11:35:15,213] {processor.py:632} INFO - DAG(s) dict_keys(['example_kubernetes_executor']) retrieved from /home/airflow/.local/lib/python3.7/site-packages/airflow/example_dags/example_kubernetes_executor.py
[2023-04-10 11:35:15,220] {logging_mixin.py:109} INFO - [2023-04-10 11:35:15,219] {dag.py:2389} INFO - Sync 1 DAGs
[2023-04-10 11:35:15,231] {logging_mixin.py:109} INFO - [2023-04-10 11:35:15,231] {dag.py:2921} INFO - Setting next_dagrun for example_kubernetes_executor to None
[2023-04-10 11:35:15,240] {processor.py:171} INFO - Processing /home/airflow/.local/lib/python3.7/site-packages/airflow/example_dags/example_kubernetes_executor.py took 0.052 seconds
[2023-04-10 11:35:45,457] {processor.py:163} INFO - Started process (PID=1283) to work on /home/airflow/.local/lib/python3.7/site-packages/airflow/example_dags/example_kubernetes_executor.py
[2023-04-10 11:35:45,458] {processor.py:620} INFO - Processing file /home/airflow/.local/lib/python3.7/site-packages/airflow/example_dags/example_kubernetes_executor.py for tasks to queue
[2023-04-10 11:35:45,458] {logging_mixin.py:109} INFO - [2023-04-10 11:35:45,458] {dagbag.py:500} INFO - Filling up the DagBag from /home/airflow/.local/lib/python3.7/site-packages/airflow/example_dags/example_kubernetes_executor.py
[2023-04-10 11:35:45,483] {processor.py:632} INFO - DAG(s) dict_keys(['example_kubernetes_executor']) retrieved from /home/airflow/.local/lib/python3.7/site-packages/airflow/example_dags/example_kubernetes_executor.py
[2023-04-10 11:35:45,491] {logging_mixin.py:109} INFO - [2023-04-10 11:35:45,491] {dag.py:2389} INFO - Sync 1 DAGs
[2023-04-10 11:35:45,505] {logging_mixin.py:109} INFO - [2023-04-10 11:35:45,505] {dag.py:2921} INFO - Setting next_dagrun for example_kubernetes_executor to None
[2023-04-10 11:35:45,514] {processor.py:171} INFO - Processing /home/airflow/.local/lib/python3.7/site-packages/airflow/example_dags/example_kubernetes_executor.py took 0.059 seconds
[2023-04-10 11:36:15,845] {processor.py:163} INFO - Started process (PID=1344) to work on /home/airflow/.local/lib/python3.7/site-packages/airflow/example_dags/example_kubernetes_executor.py
[2023-04-10 11:36:15,847] {processor.py:620} INFO - Processing file /home/airflow/.local/lib/python3.7/site-packages/airflow/example_dags/example_kubernetes_executor.py for tasks to queue
[2023-04-10 11:36:15,847] {logging_mixin.py:109} INFO - [2023-04-10 11:36:15,847] {dagbag.py:500} INFO - Filling up the DagBag from /home/airflow/.local/lib/python3.7/site-packages/airflow/example_dags/example_kubernetes_executor.py
[2023-04-10 11:36:15,868] {processor.py:632} INFO - DAG(s) dict_keys(['example_kubernetes_executor']) retrieved from /home/airflow/.local/lib/python3.7/site-packages/airflow/example_dags/example_kubernetes_executor.py
[2023-04-10 11:36:15,875] {logging_mixin.py:109} INFO - [2023-04-10 11:36:15,875] {dag.py:2389} INFO - Sync 1 DAGs
[2023-04-10 11:36:15,885] {logging_mixin.py:109} INFO - [2023-04-10 11:36:15,885] {dag.py:2921} INFO - Setting next_dagrun for example_kubernetes_executor to None
[2023-04-10 11:36:15,893] {processor.py:171} INFO - Processing /home/airflow/.local/lib/python3.7/site-packages/airflow/example_dags/example_kubernetes_executor.py took 0.051 seconds
[2023-04-10 11:36:46,224] {processor.py:163} INFO - Started process (PID=1396) to work on /home/airflow/.local/lib/python3.7/site-packages/airflow/example_dags/example_kubernetes_executor.py
[2023-04-10 11:36:46,225] {processor.py:620} INFO - Processing file /home/airflow/.local/lib/python3.7/site-packages/airflow/example_dags/example_kubernetes_executor.py for tasks to queue
[2023-04-10 11:36:46,225] {logging_mixin.py:109} INFO - [2023-04-10 11:36:46,225] {dagbag.py:500} INFO - Filling up the DagBag from /home/airflow/.local/lib/python3.7/site-packages/airflow/example_dags/example_kubernetes_executor.py
[2023-04-10 11:36:46,245] {processor.py:632} INFO - DAG(s) dict_keys(['example_kubernetes_executor']) retrieved from /home/airflow/.local/lib/python3.7/site-packages/airflow/example_dags/example_kubernetes_executor.py
[2023-04-10 11:36:46,252] {logging_mixin.py:109} INFO - [2023-04-10 11:36:46,252] {dag.py:2389} INFO - Sync 1 DAGs
[2023-04-10 11:36:46,261] {logging_mixin.py:109} INFO - [2023-04-10 11:36:46,261] {dag.py:2921} INFO - Setting next_dagrun for example_kubernetes_executor to None
[2023-04-10 11:36:46,270] {processor.py:171} INFO - Processing /home/airflow/.local/lib/python3.7/site-packages/airflow/example_dags/example_kubernetes_executor.py took 0.048 seconds
[2023-04-10 11:37:16,626] {processor.py:163} INFO - Started process (PID=1456) to work on /home/airflow/.local/lib/python3.7/site-packages/airflow/example_dags/example_kubernetes_executor.py
[2023-04-10 11:37:16,627] {processor.py:620} INFO - Processing file /home/airflow/.local/lib/python3.7/site-packages/airflow/example_dags/example_kubernetes_executor.py for tasks to queue
[2023-04-10 11:37:16,628] {logging_mixin.py:109} INFO - [2023-04-10 11:37:16,628] {dagbag.py:500} INFO - Filling up the DagBag from /home/airflow/.local/lib/python3.7/site-packages/airflow/example_dags/example_kubernetes_executor.py
[2023-04-10 11:37:16,650] {processor.py:632} INFO - DAG(s) dict_keys(['example_kubernetes_executor']) retrieved from /home/airflow/.local/lib/python3.7/site-packages/airflow/example_dags/example_kubernetes_executor.py
[2023-04-10 11:37:16,662] {logging_mixin.py:109} INFO - [2023-04-10 11:37:16,662] {dag.py:2389} INFO - Sync 1 DAGs
[2023-04-10 11:37:16,677] {logging_mixin.py:109} INFO - [2023-04-10 11:37:16,677] {dag.py:2921} INFO - Setting next_dagrun for example_kubernetes_executor to None
[2023-04-10 11:37:16,685] {processor.py:171} INFO - Processing /home/airflow/.local/lib/python3.7/site-packages/airflow/example_dags/example_kubernetes_executor.py took 0.061 seconds
[2023-04-10 11:37:46,815] {processor.py:163} INFO - Started process (PID=1507) to work on /home/airflow/.local/lib/python3.7/site-packages/airflow/example_dags/example_kubernetes_executor.py
[2023-04-10 11:37:46,816] {processor.py:620} INFO - Processing file /home/airflow/.local/lib/python3.7/site-packages/airflow/example_dags/example_kubernetes_executor.py for tasks to queue
[2023-04-10 11:37:46,816] {logging_mixin.py:109} INFO - [2023-04-10 11:37:46,816] {dagbag.py:500} INFO - Filling up the DagBag from /home/airflow/.local/lib/python3.7/site-packages/airflow/example_dags/example_kubernetes_executor.py
[2023-04-10 11:37:46,835] {processor.py:632} INFO - DAG(s) dict_keys(['example_kubernetes_executor']) retrieved from /home/airflow/.local/lib/python3.7/site-packages/airflow/example_dags/example_kubernetes_executor.py
[2023-04-10 11:37:46,842] {logging_mixin.py:109} INFO - [2023-04-10 11:37:46,842] {dag.py:2389} INFO - Sync 1 DAGs
[2023-04-10 11:37:46,851] {logging_mixin.py:109} INFO - [2023-04-10 11:37:46,851] {dag.py:2921} INFO - Setting next_dagrun for example_kubernetes_executor to None
[2023-04-10 11:37:46,859] {processor.py:171} INFO - Processing /home/airflow/.local/lib/python3.7/site-packages/airflow/example_dags/example_kubernetes_executor.py took 0.047 seconds
[2023-04-10 11:38:17,232] {processor.py:163} INFO - Started process (PID=1568) to work on /home/airflow/.local/lib/python3.7/site-packages/airflow/example_dags/example_kubernetes_executor.py
[2023-04-10 11:38:17,233] {processor.py:620} INFO - Processing file /home/airflow/.local/lib/python3.7/site-packages/airflow/example_dags/example_kubernetes_executor.py for tasks to queue
[2023-04-10 11:38:17,233] {logging_mixin.py:109} INFO - [2023-04-10 11:38:17,233] {dagbag.py:500} INFO - Filling up the DagBag from /home/airflow/.local/lib/python3.7/site-packages/airflow/example_dags/example_kubernetes_executor.py
[2023-04-10 11:38:17,258] {processor.py:632} INFO - DAG(s) dict_keys(['example_kubernetes_executor']) retrieved from /home/airflow/.local/lib/python3.7/site-packages/airflow/example_dags/example_kubernetes_executor.py
[2023-04-10 11:38:17,269] {logging_mixin.py:109} INFO - [2023-04-10 11:38:17,269] {dag.py:2389} INFO - Sync 1 DAGs
[2023-04-10 11:38:17,284] {logging_mixin.py:109} INFO - [2023-04-10 11:38:17,284] {dag.py:2921} INFO - Setting next_dagrun for example_kubernetes_executor to None
[2023-04-10 11:38:17,294] {processor.py:171} INFO - Processing /home/airflow/.local/lib/python3.7/site-packages/airflow/example_dags/example_kubernetes_executor.py took 0.064 seconds
[2023-04-10 11:38:47,318] {processor.py:163} INFO - Started process (PID=1619) to work on /home/airflow/.local/lib/python3.7/site-packages/airflow/example_dags/example_kubernetes_executor.py
[2023-04-10 11:38:47,325] {processor.py:620} INFO - Processing file /home/airflow/.local/lib/python3.7/site-packages/airflow/example_dags/example_kubernetes_executor.py for tasks to queue
[2023-04-10 11:38:47,326] {logging_mixin.py:109} INFO - [2023-04-10 11:38:47,326] {dagbag.py:500} INFO - Filling up the DagBag from /home/airflow/.local/lib/python3.7/site-packages/airflow/example_dags/example_kubernetes_executor.py
[2023-04-10 11:38:47,346] {processor.py:632} INFO - DAG(s) dict_keys(['example_kubernetes_executor']) retrieved from /home/airflow/.local/lib/python3.7/site-packages/airflow/example_dags/example_kubernetes_executor.py
[2023-04-10 11:38:47,354] {logging_mixin.py:109} INFO - [2023-04-10 11:38:47,353] {dag.py:2389} INFO - Sync 1 DAGs
[2023-04-10 11:38:47,365] {logging_mixin.py:109} INFO - [2023-04-10 11:38:47,365] {dag.py:2921} INFO - Setting next_dagrun for example_kubernetes_executor to None
[2023-04-10 11:38:47,373] {processor.py:171} INFO - Processing /home/airflow/.local/lib/python3.7/site-packages/airflow/example_dags/example_kubernetes_executor.py took 0.057 seconds
[2023-04-10 11:39:17,678] {processor.py:163} INFO - Started process (PID=1670) to work on /home/airflow/.local/lib/python3.7/site-packages/airflow/example_dags/example_kubernetes_executor.py
[2023-04-10 11:39:17,678] {processor.py:620} INFO - Processing file /home/airflow/.local/lib/python3.7/site-packages/airflow/example_dags/example_kubernetes_executor.py for tasks to queue
[2023-04-10 11:39:17,679] {logging_mixin.py:109} INFO - [2023-04-10 11:39:17,679] {dagbag.py:500} INFO - Filling up the DagBag from /home/airflow/.local/lib/python3.7/site-packages/airflow/example_dags/example_kubernetes_executor.py
[2023-04-10 11:39:17,697] {processor.py:632} INFO - DAG(s) dict_keys(['example_kubernetes_executor']) retrieved from /home/airflow/.local/lib/python3.7/site-packages/airflow/example_dags/example_kubernetes_executor.py
[2023-04-10 11:39:17,703] {logging_mixin.py:109} INFO - [2023-04-10 11:39:17,703] {dag.py:2389} INFO - Sync 1 DAGs
[2023-04-10 11:39:17,713] {logging_mixin.py:109} INFO - [2023-04-10 11:39:17,713] {dag.py:2921} INFO - Setting next_dagrun for example_kubernetes_executor to None
[2023-04-10 11:39:17,721] {processor.py:171} INFO - Processing /home/airflow/.local/lib/python3.7/site-packages/airflow/example_dags/example_kubernetes_executor.py took 0.045 seconds
[2023-04-10 11:39:47,956] {processor.py:163} INFO - Started process (PID=1730) to work on /home/airflow/.local/lib/python3.7/site-packages/airflow/example_dags/example_kubernetes_executor.py
[2023-04-10 11:39:47,957] {processor.py:620} INFO - Processing file /home/airflow/.local/lib/python3.7/site-packages/airflow/example_dags/example_kubernetes_executor.py for tasks to queue
[2023-04-10 11:39:47,958] {logging_mixin.py:109} INFO - [2023-04-10 11:39:47,958] {dagbag.py:500} INFO - Filling up the DagBag from /home/airflow/.local/lib/python3.7/site-packages/airflow/example_dags/example_kubernetes_executor.py
[2023-04-10 11:39:47,978] {processor.py:632} INFO - DAG(s) dict_keys(['example_kubernetes_executor']) retrieved from /home/airflow/.local/lib/python3.7/site-packages/airflow/example_dags/example_kubernetes_executor.py
[2023-04-10 11:39:47,985] {logging_mixin.py:109} INFO - [2023-04-10 11:39:47,985] {dag.py:2389} INFO - Sync 1 DAGs
[2023-04-10 11:39:47,995] {logging_mixin.py:109} INFO - [2023-04-10 11:39:47,995] {dag.py:2921} INFO - Setting next_dagrun for example_kubernetes_executor to None
[2023-04-10 11:39:48,002] {processor.py:171} INFO - Processing /home/airflow/.local/lib/python3.7/site-packages/airflow/example_dags/example_kubernetes_executor.py took 0.048 seconds
[2023-04-10 11:40:18,141] {processor.py:163} INFO - Started process (PID=1781) to work on /home/airflow/.local/lib/python3.7/site-packages/airflow/example_dags/example_kubernetes_executor.py
[2023-04-10 11:40:18,149] {processor.py:620} INFO - Processing file /home/airflow/.local/lib/python3.7/site-packages/airflow/example_dags/example_kubernetes_executor.py for tasks to queue
[2023-04-10 11:40:18,149] {logging_mixin.py:109} INFO - [2023-04-10 11:40:18,149] {dagbag.py:500} INFO - Filling up the DagBag from /home/airflow/.local/lib/python3.7/site-packages/airflow/example_dags/example_kubernetes_executor.py
[2023-04-10 11:40:18,168] {processor.py:632} INFO - DAG(s) dict_keys(['example_kubernetes_executor']) retrieved from /home/airflow/.local/lib/python3.7/site-packages/airflow/example_dags/example_kubernetes_executor.py
[2023-04-10 11:40:18,175] {logging_mixin.py:109} INFO - [2023-04-10 11:40:18,175] {dag.py:2389} INFO - Sync 1 DAGs
[2023-04-10 11:40:18,185] {logging_mixin.py:109} INFO - [2023-04-10 11:40:18,185] {dag.py:2921} INFO - Setting next_dagrun for example_kubernetes_executor to None
[2023-04-10 11:40:18,192] {processor.py:171} INFO - Processing /home/airflow/.local/lib/python3.7/site-packages/airflow/example_dags/example_kubernetes_executor.py took 0.053 seconds
[2023-04-10 11:40:48,518] {processor.py:163} INFO - Started process (PID=1841) to work on /home/airflow/.local/lib/python3.7/site-packages/airflow/example_dags/example_kubernetes_executor.py
[2023-04-10 11:40:48,519] {processor.py:620} INFO - Processing file /home/airflow/.local/lib/python3.7/site-packages/airflow/example_dags/example_kubernetes_executor.py for tasks to queue
[2023-04-10 11:40:48,519] {logging_mixin.py:109} INFO - [2023-04-10 11:40:48,519] {dagbag.py:500} INFO - Filling up the DagBag from /home/airflow/.local/lib/python3.7/site-packages/airflow/example_dags/example_kubernetes_executor.py
[2023-04-10 11:40:48,541] {processor.py:632} INFO - DAG(s) dict_keys(['example_kubernetes_executor']) retrieved from /home/airflow/.local/lib/python3.7/site-packages/airflow/example_dags/example_kubernetes_executor.py
[2023-04-10 11:40:48,549] {logging_mixin.py:109} INFO - [2023-04-10 11:40:48,548] {dag.py:2389} INFO - Sync 1 DAGs
[2023-04-10 11:40:48,560] {logging_mixin.py:109} INFO - [2023-04-10 11:40:48,560] {dag.py:2921} INFO - Setting next_dagrun for example_kubernetes_executor to None
[2023-04-10 11:40:48,568] {processor.py:171} INFO - Processing /home/airflow/.local/lib/python3.7/site-packages/airflow/example_dags/example_kubernetes_executor.py took 0.052 seconds
[2023-04-10 11:41:18,734] {processor.py:163} INFO - Started process (PID=1892) to work on /home/airflow/.local/lib/python3.7/site-packages/airflow/example_dags/example_kubernetes_executor.py
[2023-04-10 11:41:18,735] {processor.py:620} INFO - Processing file /home/airflow/.local/lib/python3.7/site-packages/airflow/example_dags/example_kubernetes_executor.py for tasks to queue
[2023-04-10 11:41:18,736] {logging_mixin.py:109} INFO - [2023-04-10 11:41:18,735] {dagbag.py:500} INFO - Filling up the DagBag from /home/airflow/.local/lib/python3.7/site-packages/airflow/example_dags/example_kubernetes_executor.py
[2023-04-10 11:41:18,756] {processor.py:632} INFO - DAG(s) dict_keys(['example_kubernetes_executor']) retrieved from /home/airflow/.local/lib/python3.7/site-packages/airflow/example_dags/example_kubernetes_executor.py
[2023-04-10 11:41:18,763] {logging_mixin.py:109} INFO - [2023-04-10 11:41:18,763] {dag.py:2389} INFO - Sync 1 DAGs
[2023-04-10 11:41:18,774] {logging_mixin.py:109} INFO - [2023-04-10 11:41:18,774] {dag.py:2921} INFO - Setting next_dagrun for example_kubernetes_executor to None
[2023-04-10 11:41:18,782] {processor.py:171} INFO - Processing /home/airflow/.local/lib/python3.7/site-packages/airflow/example_dags/example_kubernetes_executor.py took 0.050 seconds
[2023-04-10 11:41:49,069] {processor.py:163} INFO - Started process (PID=1952) to work on /home/airflow/.local/lib/python3.7/site-packages/airflow/example_dags/example_kubernetes_executor.py
[2023-04-10 11:41:49,070] {processor.py:620} INFO - Processing file /home/airflow/.local/lib/python3.7/site-packages/airflow/example_dags/example_kubernetes_executor.py for tasks to queue
[2023-04-10 11:41:49,070] {logging_mixin.py:109} INFO - [2023-04-10 11:41:49,070] {dagbag.py:500} INFO - Filling up the DagBag from /home/airflow/.local/lib/python3.7/site-packages/airflow/example_dags/example_kubernetes_executor.py
[2023-04-10 11:41:49,090] {processor.py:632} INFO - DAG(s) dict_keys(['example_kubernetes_executor']) retrieved from /home/airflow/.local/lib/python3.7/site-packages/airflow/example_dags/example_kubernetes_executor.py
[2023-04-10 11:41:49,097] {logging_mixin.py:109} INFO - [2023-04-10 11:41:49,097] {dag.py:2389} INFO - Sync 1 DAGs
[2023-04-10 11:41:49,108] {logging_mixin.py:109} INFO - [2023-04-10 11:41:49,108] {dag.py:2921} INFO - Setting next_dagrun for example_kubernetes_executor to None
[2023-04-10 11:41:49,116] {processor.py:171} INFO - Processing /home/airflow/.local/lib/python3.7/site-packages/airflow/example_dags/example_kubernetes_executor.py took 0.049 seconds
[2023-04-10 11:42:19,475] {processor.py:163} INFO - Started process (PID=2004) to work on /home/airflow/.local/lib/python3.7/site-packages/airflow/example_dags/example_kubernetes_executor.py
[2023-04-10 11:42:19,476] {processor.py:620} INFO - Processing file /home/airflow/.local/lib/python3.7/site-packages/airflow/example_dags/example_kubernetes_executor.py for tasks to queue
[2023-04-10 11:42:19,476] {logging_mixin.py:109} INFO - [2023-04-10 11:42:19,476] {dagbag.py:500} INFO - Filling up the DagBag from /home/airflow/.local/lib/python3.7/site-packages/airflow/example_dags/example_kubernetes_executor.py
[2023-04-10 11:42:19,494] {processor.py:632} INFO - DAG(s) dict_keys(['example_kubernetes_executor']) retrieved from /home/airflow/.local/lib/python3.7/site-packages/airflow/example_dags/example_kubernetes_executor.py
[2023-04-10 11:42:19,501] {logging_mixin.py:109} INFO - [2023-04-10 11:42:19,500] {dag.py:2389} INFO - Sync 1 DAGs
[2023-04-10 11:42:19,511] {logging_mixin.py:109} INFO - [2023-04-10 11:42:19,511] {dag.py:2921} INFO - Setting next_dagrun for example_kubernetes_executor to None
[2023-04-10 11:42:19,519] {processor.py:171} INFO - Processing /home/airflow/.local/lib/python3.7/site-packages/airflow/example_dags/example_kubernetes_executor.py took 0.046 seconds
[2023-04-10 11:42:49,841] {processor.py:163} INFO - Started process (PID=2064) to work on /home/airflow/.local/lib/python3.7/site-packages/airflow/example_dags/example_kubernetes_executor.py
[2023-04-10 11:42:49,842] {processor.py:620} INFO - Processing file /home/airflow/.local/lib/python3.7/site-packages/airflow/example_dags/example_kubernetes_executor.py for tasks to queue
[2023-04-10 11:42:49,843] {logging_mixin.py:109} INFO - [2023-04-10 11:42:49,843] {dagbag.py:500} INFO - Filling up the DagBag from /home/airflow/.local/lib/python3.7/site-packages/airflow/example_dags/example_kubernetes_executor.py
[2023-04-10 11:42:49,872] {processor.py:632} INFO - DAG(s) dict_keys(['example_kubernetes_executor']) retrieved from /home/airflow/.local/lib/python3.7/site-packages/airflow/example_dags/example_kubernetes_executor.py
[2023-04-10 11:42:49,884] {logging_mixin.py:109} INFO - [2023-04-10 11:42:49,884] {dag.py:2389} INFO - Sync 1 DAGs
[2023-04-10 11:42:49,902] {logging_mixin.py:109} INFO - [2023-04-10 11:42:49,902] {dag.py:2921} INFO - Setting next_dagrun for example_kubernetes_executor to None
[2023-04-10 11:42:49,912] {processor.py:171} INFO - Processing /home/airflow/.local/lib/python3.7/site-packages/airflow/example_dags/example_kubernetes_executor.py took 0.074 seconds
[2023-04-10 11:43:20,088] {processor.py:163} INFO - Started process (PID=2116) to work on /home/airflow/.local/lib/python3.7/site-packages/airflow/example_dags/example_kubernetes_executor.py
[2023-04-10 11:43:20,090] {processor.py:620} INFO - Processing file /home/airflow/.local/lib/python3.7/site-packages/airflow/example_dags/example_kubernetes_executor.py for tasks to queue
[2023-04-10 11:43:20,090] {logging_mixin.py:109} INFO - [2023-04-10 11:43:20,090] {dagbag.py:500} INFO - Filling up the DagBag from /home/airflow/.local/lib/python3.7/site-packages/airflow/example_dags/example_kubernetes_executor.py
[2023-04-10 11:43:20,111] {processor.py:632} INFO - DAG(s) dict_keys(['example_kubernetes_executor']) retrieved from /home/airflow/.local/lib/python3.7/site-packages/airflow/example_dags/example_kubernetes_executor.py
[2023-04-10 11:43:20,118] {logging_mixin.py:109} INFO - [2023-04-10 11:43:20,118] {dag.py:2389} INFO - Sync 1 DAGs
[2023-04-10 11:43:20,128] {logging_mixin.py:109} INFO - [2023-04-10 11:43:20,128] {dag.py:2921} INFO - Setting next_dagrun for example_kubernetes_executor to None
[2023-04-10 11:43:20,136] {processor.py:171} INFO - Processing /home/airflow/.local/lib/python3.7/site-packages/airflow/example_dags/example_kubernetes_executor.py took 0.050 seconds
[2023-04-10 11:43:50,251] {processor.py:163} INFO - Started process (PID=2166) to work on /home/airflow/.local/lib/python3.7/site-packages/airflow/example_dags/example_kubernetes_executor.py
[2023-04-10 11:43:50,252] {processor.py:620} INFO - Processing file /home/airflow/.local/lib/python3.7/site-packages/airflow/example_dags/example_kubernetes_executor.py for tasks to queue
[2023-04-10 11:43:50,252] {logging_mixin.py:109} INFO - [2023-04-10 11:43:50,252] {dagbag.py:500} INFO - Filling up the DagBag from /home/airflow/.local/lib/python3.7/site-packages/airflow/example_dags/example_kubernetes_executor.py
[2023-04-10 11:43:50,272] {processor.py:632} INFO - DAG(s) dict_keys(['example_kubernetes_executor']) retrieved from /home/airflow/.local/lib/python3.7/site-packages/airflow/example_dags/example_kubernetes_executor.py
[2023-04-10 11:43:50,279] {logging_mixin.py:109} INFO - [2023-04-10 11:43:50,279] {dag.py:2389} INFO - Sync 1 DAGs
[2023-04-10 11:43:50,289] {logging_mixin.py:109} INFO - [2023-04-10 11:43:50,289] {dag.py:2921} INFO - Setting next_dagrun for example_kubernetes_executor to None
[2023-04-10 11:43:50,297] {processor.py:171} INFO - Processing /home/airflow/.local/lib/python3.7/site-packages/airflow/example_dags/example_kubernetes_executor.py took 0.048 seconds
[2023-04-10 11:44:20,693] {processor.py:163} INFO - Started process (PID=2226) to work on /home/airflow/.local/lib/python3.7/site-packages/airflow/example_dags/example_kubernetes_executor.py
[2023-04-10 11:44:20,694] {processor.py:620} INFO - Processing file /home/airflow/.local/lib/python3.7/site-packages/airflow/example_dags/example_kubernetes_executor.py for tasks to queue
[2023-04-10 11:44:20,695] {logging_mixin.py:109} INFO - [2023-04-10 11:44:20,695] {dagbag.py:500} INFO - Filling up the DagBag from /home/airflow/.local/lib/python3.7/site-packages/airflow/example_dags/example_kubernetes_executor.py
[2023-04-10 11:44:20,718] {processor.py:632} INFO - DAG(s) dict_keys(['example_kubernetes_executor']) retrieved from /home/airflow/.local/lib/python3.7/site-packages/airflow/example_dags/example_kubernetes_executor.py
[2023-04-10 11:44:20,726] {logging_mixin.py:109} INFO - [2023-04-10 11:44:20,726] {dag.py:2389} INFO - Sync 1 DAGs
[2023-04-10 11:44:20,739] {logging_mixin.py:109} INFO - [2023-04-10 11:44:20,739] {dag.py:2921} INFO - Setting next_dagrun for example_kubernetes_executor to None
[2023-04-10 11:44:20,748] {processor.py:171} INFO - Processing /home/airflow/.local/lib/python3.7/site-packages/airflow/example_dags/example_kubernetes_executor.py took 0.058 seconds
[2023-04-10 11:44:50,925] {processor.py:163} INFO - Started process (PID=2277) to work on /home/airflow/.local/lib/python3.7/site-packages/airflow/example_dags/example_kubernetes_executor.py
[2023-04-10 11:44:50,926] {processor.py:620} INFO - Processing file /home/airflow/.local/lib/python3.7/site-packages/airflow/example_dags/example_kubernetes_executor.py for tasks to queue
[2023-04-10 11:44:50,927] {logging_mixin.py:109} INFO - [2023-04-10 11:44:50,927] {dagbag.py:500} INFO - Filling up the DagBag from /home/airflow/.local/lib/python3.7/site-packages/airflow/example_dags/example_kubernetes_executor.py
[2023-04-10 11:44:50,947] {processor.py:632} INFO - DAG(s) dict_keys(['example_kubernetes_executor']) retrieved from /home/airflow/.local/lib/python3.7/site-packages/airflow/example_dags/example_kubernetes_executor.py
[2023-04-10 11:44:50,954] {logging_mixin.py:109} INFO - [2023-04-10 11:44:50,954] {dag.py:2389} INFO - Sync 1 DAGs
[2023-04-10 11:44:50,965] {logging_mixin.py:109} INFO - [2023-04-10 11:44:50,965] {dag.py:2921} INFO - Setting next_dagrun for example_kubernetes_executor to None
[2023-04-10 11:44:50,973] {processor.py:171} INFO - Processing /home/airflow/.local/lib/python3.7/site-packages/airflow/example_dags/example_kubernetes_executor.py took 0.051 seconds
[2023-04-10 11:45:21,343] {processor.py:163} INFO - Started process (PID=2338) to work on /home/airflow/.local/lib/python3.7/site-packages/airflow/example_dags/example_kubernetes_executor.py
[2023-04-10 11:45:21,351] {processor.py:620} INFO - Processing file /home/airflow/.local/lib/python3.7/site-packages/airflow/example_dags/example_kubernetes_executor.py for tasks to queue
[2023-04-10 11:45:21,351] {logging_mixin.py:109} INFO - [2023-04-10 11:45:21,351] {dagbag.py:500} INFO - Filling up the DagBag from /home/airflow/.local/lib/python3.7/site-packages/airflow/example_dags/example_kubernetes_executor.py
[2023-04-10 11:45:21,372] {processor.py:632} INFO - DAG(s) dict_keys(['example_kubernetes_executor']) retrieved from /home/airflow/.local/lib/python3.7/site-packages/airflow/example_dags/example_kubernetes_executor.py
[2023-04-10 11:45:21,379] {logging_mixin.py:109} INFO - [2023-04-10 11:45:21,379] {dag.py:2389} INFO - Sync 1 DAGs
[2023-04-10 11:45:21,389] {logging_mixin.py:109} INFO - [2023-04-10 11:45:21,389] {dag.py:2921} INFO - Setting next_dagrun for example_kubernetes_executor to None
[2023-04-10 11:45:21,396] {processor.py:171} INFO - Processing /home/airflow/.local/lib/python3.7/site-packages/airflow/example_dags/example_kubernetes_executor.py took 0.055 seconds
[2023-04-10 11:45:51,668] {processor.py:163} INFO - Started process (PID=2389) to work on /home/airflow/.local/lib/python3.7/site-packages/airflow/example_dags/example_kubernetes_executor.py
[2023-04-10 11:45:51,669] {processor.py:620} INFO - Processing file /home/airflow/.local/lib/python3.7/site-packages/airflow/example_dags/example_kubernetes_executor.py for tasks to queue
[2023-04-10 11:45:51,669] {logging_mixin.py:109} INFO - [2023-04-10 11:45:51,669] {dagbag.py:500} INFO - Filling up the DagBag from /home/airflow/.local/lib/python3.7/site-packages/airflow/example_dags/example_kubernetes_executor.py
[2023-04-10 11:45:51,690] {processor.py:632} INFO - DAG(s) dict_keys(['example_kubernetes_executor']) retrieved from /home/airflow/.local/lib/python3.7/site-packages/airflow/example_dags/example_kubernetes_executor.py
[2023-04-10 11:45:51,698] {logging_mixin.py:109} INFO - [2023-04-10 11:45:51,698] {dag.py:2389} INFO - Sync 1 DAGs
[2023-04-10 11:45:51,709] {logging_mixin.py:109} INFO - [2023-04-10 11:45:51,709] {dag.py:2921} INFO - Setting next_dagrun for example_kubernetes_executor to None
[2023-04-10 11:45:51,717] {processor.py:171} INFO - Processing /home/airflow/.local/lib/python3.7/site-packages/airflow/example_dags/example_kubernetes_executor.py took 0.050 seconds
[2023-04-10 11:46:21,997] {processor.py:163} INFO - Started process (PID=2449) to work on /home/airflow/.local/lib/python3.7/site-packages/airflow/example_dags/example_kubernetes_executor.py
[2023-04-10 11:46:21,999] {processor.py:620} INFO - Processing file /home/airflow/.local/lib/python3.7/site-packages/airflow/example_dags/example_kubernetes_executor.py for tasks to queue
[2023-04-10 11:46:21,999] {logging_mixin.py:109} INFO - [2023-04-10 11:46:21,999] {dagbag.py:500} INFO - Filling up the DagBag from /home/airflow/.local/lib/python3.7/site-packages/airflow/example_dags/example_kubernetes_executor.py
[2023-04-10 11:46:22,021] {processor.py:632} INFO - DAG(s) dict_keys(['example_kubernetes_executor']) retrieved from /home/airflow/.local/lib/python3.7/site-packages/airflow/example_dags/example_kubernetes_executor.py
[2023-04-10 11:46:22,027] {logging_mixin.py:109} INFO - [2023-04-10 11:46:22,027] {dag.py:2389} INFO - Sync 1 DAGs
[2023-04-10 11:46:22,036] {logging_mixin.py:109} INFO - [2023-04-10 11:46:22,036] {dag.py:2921} INFO - Setting next_dagrun for example_kubernetes_executor to None
[2023-04-10 11:46:22,044] {processor.py:171} INFO - Processing /home/airflow/.local/lib/python3.7/site-packages/airflow/example_dags/example_kubernetes_executor.py took 0.051 seconds
[2023-04-10 11:46:52,315] {processor.py:163} INFO - Started process (PID=2500) to work on /home/airflow/.local/lib/python3.7/site-packages/airflow/example_dags/example_kubernetes_executor.py
[2023-04-10 11:46:52,316] {processor.py:620} INFO - Processing file /home/airflow/.local/lib/python3.7/site-packages/airflow/example_dags/example_kubernetes_executor.py for tasks to queue
[2023-04-10 11:46:52,316] {logging_mixin.py:109} INFO - [2023-04-10 11:46:52,316] {dagbag.py:500} INFO - Filling up the DagBag from /home/airflow/.local/lib/python3.7/site-packages/airflow/example_dags/example_kubernetes_executor.py
[2023-04-10 11:46:52,338] {processor.py:632} INFO - DAG(s) dict_keys(['example_kubernetes_executor']) retrieved from /home/airflow/.local/lib/python3.7/site-packages/airflow/example_dags/example_kubernetes_executor.py
[2023-04-10 11:46:52,345] {logging_mixin.py:109} INFO - [2023-04-10 11:46:52,345] {dag.py:2389} INFO - Sync 1 DAGs
[2023-04-10 11:46:52,356] {logging_mixin.py:109} INFO - [2023-04-10 11:46:52,356] {dag.py:2921} INFO - Setting next_dagrun for example_kubernetes_executor to None
[2023-04-10 11:46:52,365] {processor.py:171} INFO - Processing /home/airflow/.local/lib/python3.7/site-packages/airflow/example_dags/example_kubernetes_executor.py took 0.052 seconds
[2023-04-10 11:47:22,701] {processor.py:163} INFO - Started process (PID=2560) to work on /home/airflow/.local/lib/python3.7/site-packages/airflow/example_dags/example_kubernetes_executor.py
[2023-04-10 11:47:22,703] {processor.py:620} INFO - Processing file /home/airflow/.local/lib/python3.7/site-packages/airflow/example_dags/example_kubernetes_executor.py for tasks to queue
[2023-04-10 11:47:22,703] {logging_mixin.py:109} INFO - [2023-04-10 11:47:22,703] {dagbag.py:500} INFO - Filling up the DagBag from /home/airflow/.local/lib/python3.7/site-packages/airflow/example_dags/example_kubernetes_executor.py
[2023-04-10 11:47:22,729] {processor.py:632} INFO - DAG(s) dict_keys(['example_kubernetes_executor']) retrieved from /home/airflow/.local/lib/python3.7/site-packages/airflow/example_dags/example_kubernetes_executor.py
[2023-04-10 11:47:22,740] {logging_mixin.py:109} INFO - [2023-04-10 11:47:22,740] {dag.py:2389} INFO - Sync 1 DAGs
[2023-04-10 11:47:22,758] {logging_mixin.py:109} INFO - [2023-04-10 11:47:22,758] {dag.py:2921} INFO - Setting next_dagrun for example_kubernetes_executor to None
[2023-04-10 11:47:22,768] {processor.py:171} INFO - Processing /home/airflow/.local/lib/python3.7/site-packages/airflow/example_dags/example_kubernetes_executor.py took 0.069 seconds
[2023-04-10 11:47:52,850] {processor.py:163} INFO - Started process (PID=2611) to work on /home/airflow/.local/lib/python3.7/site-packages/airflow/example_dags/example_kubernetes_executor.py
[2023-04-10 11:47:52,851] {processor.py:620} INFO - Processing file /home/airflow/.local/lib/python3.7/site-packages/airflow/example_dags/example_kubernetes_executor.py for tasks to queue
[2023-04-10 11:47:52,851] {logging_mixin.py:109} INFO - [2023-04-10 11:47:52,851] {dagbag.py:500} INFO - Filling up the DagBag from /home/airflow/.local/lib/python3.7/site-packages/airflow/example_dags/example_kubernetes_executor.py
[2023-04-10 11:47:52,871] {processor.py:632} INFO - DAG(s) dict_keys(['example_kubernetes_executor']) retrieved from /home/airflow/.local/lib/python3.7/site-packages/airflow/example_dags/example_kubernetes_executor.py
[2023-04-10 11:47:52,878] {logging_mixin.py:109} INFO - [2023-04-10 11:47:52,878] {dag.py:2389} INFO - Sync 1 DAGs
[2023-04-10 11:47:52,888] {logging_mixin.py:109} INFO - [2023-04-10 11:47:52,888] {dag.py:2921} INFO - Setting next_dagrun for example_kubernetes_executor to None
[2023-04-10 11:47:52,955] {processor.py:171} INFO - Processing /home/airflow/.local/lib/python3.7/site-packages/airflow/example_dags/example_kubernetes_executor.py took 0.108 seconds
[2023-04-10 11:48:03,361] {processor.py:163} INFO - Started process (PID=3115) to work on /home/airflow/.local/lib/python3.7/site-packages/airflow/example_dags/example_kubernetes_executor.py
[2023-04-10 11:48:03,362] {processor.py:620} INFO - Processing file /home/airflow/.local/lib/python3.7/site-packages/airflow/example_dags/example_kubernetes_executor.py for tasks to queue
[2023-04-10 11:48:03,363] {logging_mixin.py:109} INFO - [2023-04-10 11:48:03,363] {dagbag.py:500} INFO - Filling up the DagBag from /home/airflow/.local/lib/python3.7/site-packages/airflow/example_dags/example_kubernetes_executor.py
[2023-04-10 11:48:03,385] {processor.py:632} INFO - DAG(s) dict_keys(['example_kubernetes_executor']) retrieved from /home/airflow/.local/lib/python3.7/site-packages/airflow/example_dags/example_kubernetes_executor.py
[2023-04-10 11:48:03,394] {logging_mixin.py:109} INFO - [2023-04-10 11:48:03,393] {dag.py:2389} INFO - Sync 1 DAGs
[2023-04-10 11:48:03,405] {logging_mixin.py:109} INFO - [2023-04-10 11:48:03,405] {dag.py:2921} INFO - Setting next_dagrun for example_kubernetes_executor to None
[2023-04-10 11:48:03,413] {processor.py:171} INFO - Processing /home/airflow/.local/lib/python3.7/site-packages/airflow/example_dags/example_kubernetes_executor.py took 0.054 seconds
[2023-04-10 11:48:23,186] {processor.py:163} INFO - Started process (PID=2662) to work on /home/airflow/.local/lib/python3.7/site-packages/airflow/example_dags/example_kubernetes_executor.py
[2023-04-10 11:48:23,187] {processor.py:620} INFO - Processing file /home/airflow/.local/lib/python3.7/site-packages/airflow/example_dags/example_kubernetes_executor.py for tasks to queue
[2023-04-10 11:48:23,187] {logging_mixin.py:109} INFO - [2023-04-10 11:48:23,187] {dagbag.py:500} INFO - Filling up the DagBag from /home/airflow/.local/lib/python3.7/site-packages/airflow/example_dags/example_kubernetes_executor.py
[2023-04-10 11:48:23,211] {processor.py:632} INFO - DAG(s) dict_keys(['example_kubernetes_executor']) retrieved from /home/airflow/.local/lib/python3.7/site-packages/airflow/example_dags/example_kubernetes_executor.py
[2023-04-10 11:48:23,219] {logging_mixin.py:109} INFO - [2023-04-10 11:48:23,219] {dag.py:2389} INFO - Sync 1 DAGs
[2023-04-10 11:48:23,298] {logging_mixin.py:109} INFO - [2023-04-10 11:48:23,298] {dag.py:2921} INFO - Setting next_dagrun for example_kubernetes_executor to None
[2023-04-10 11:48:23,304] {processor.py:171} INFO - Processing /home/airflow/.local/lib/python3.7/site-packages/airflow/example_dags/example_kubernetes_executor.py took 0.121 seconds
[2023-04-10 11:48:53,993] {processor.py:163} INFO - Started process (PID=2722) to work on /home/airflow/.local/lib/python3.7/site-packages/airflow/example_dags/example_kubernetes_executor.py
[2023-04-10 11:48:53,995] {processor.py:620} INFO - Processing file /home/airflow/.local/lib/python3.7/site-packages/airflow/example_dags/example_kubernetes_executor.py for tasks to queue
[2023-04-10 11:48:53,995] {logging_mixin.py:109} INFO - [2023-04-10 11:48:53,995] {dagbag.py:500} INFO - Filling up the DagBag from /home/airflow/.local/lib/python3.7/site-packages/airflow/example_dags/example_kubernetes_executor.py
[2023-04-10 11:48:54,016] {processor.py:632} INFO - DAG(s) dict_keys(['example_kubernetes_executor']) retrieved from /home/airflow/.local/lib/python3.7/site-packages/airflow/example_dags/example_kubernetes_executor.py
[2023-04-10 11:48:54,023] {logging_mixin.py:109} INFO - [2023-04-10 11:48:54,023] {dag.py:2389} INFO - Sync 1 DAGs
[2023-04-10 11:48:54,105] {logging_mixin.py:109} INFO - [2023-04-10 11:48:54,105] {dag.py:2921} INFO - Setting next_dagrun for example_kubernetes_executor to None
[2023-04-10 11:48:54,117] {processor.py:171} INFO - Processing /home/airflow/.local/lib/python3.7/site-packages/airflow/example_dags/example_kubernetes_executor.py took 0.126 seconds
