[2023-04-10 11:26:47,506] {processor.py:163} INFO - Started process (PID=166) to work on /home/airflow/.local/lib/python3.7/site-packages/airflow/example_dags/tutorial.py
[2023-04-10 11:26:47,507] {processor.py:620} INFO - Processing file /home/airflow/.local/lib/python3.7/site-packages/airflow/example_dags/tutorial.py for tasks to queue
[2023-04-10 11:26:47,508] {logging_mixin.py:109} INFO - [2023-04-10 11:26:47,507] {dagbag.py:500} INFO - Filling up the DagBag from /home/airflow/.local/lib/python3.7/site-packages/airflow/example_dags/tutorial.py
[2023-04-10 11:26:47,537] {processor.py:632} INFO - DAG(s) dict_keys(['tutorial']) retrieved from /home/airflow/.local/lib/python3.7/site-packages/airflow/example_dags/tutorial.py
[2023-04-10 11:26:49,397] {logging_mixin.py:109} INFO - [2023-04-10 11:26:49,397] {providers_manager.py:156} WARNING - Exception when importing 'airflow.providers.google.leveldb.hooks.leveldb.LevelDBHook' from 'apache-airflow-providers-google' package: No module named 'plyvel'
[2023-04-10 11:26:49,889] {logging_mixin.py:109} INFO - [2023-04-10 11:26:49,889] {providers_manager.py:156} WARNING - Exception when importing 'airflow.providers.google.leveldb.hooks.leveldb.LevelDBHook' from 'apache-airflow-providers-google' package: No module named 'plyvel'
[2023-04-10 11:26:49,918] {logging_mixin.py:109} INFO - [2023-04-10 11:26:49,918] {manager.py:496} INFO - Created Permission View: can read on DAG:tutorial
[2023-04-10 11:26:49,928] {logging_mixin.py:109} INFO - [2023-04-10 11:26:49,928] {manager.py:496} INFO - Created Permission View: can edit on DAG:tutorial
[2023-04-10 11:26:49,928] {logging_mixin.py:109} INFO - [2023-04-10 11:26:49,928] {dag.py:2389} INFO - Sync 1 DAGs
[2023-04-10 11:26:49,937] {logging_mixin.py:109} INFO - [2023-04-10 11:26:49,937] {dag.py:2408} INFO - Creating ORM DAG for tutorial
[2023-04-10 11:26:49,947] {logging_mixin.py:109} INFO - [2023-04-10 11:26:49,947] {dag.py:2921} INFO - Setting next_dagrun for tutorial to 2023-04-09T11:26:49.947284+00:00
[2023-04-10 11:26:49,960] {processor.py:171} INFO - Processing /home/airflow/.local/lib/python3.7/site-packages/airflow/example_dags/tutorial.py took 2.457 seconds
[2023-04-10 11:27:20,562] {processor.py:163} INFO - Started process (PID=369) to work on /home/airflow/.local/lib/python3.7/site-packages/airflow/example_dags/tutorial.py
[2023-04-10 11:27:20,563] {processor.py:620} INFO - Processing file /home/airflow/.local/lib/python3.7/site-packages/airflow/example_dags/tutorial.py for tasks to queue
[2023-04-10 11:27:20,563] {logging_mixin.py:109} INFO - [2023-04-10 11:27:20,563] {dagbag.py:500} INFO - Filling up the DagBag from /home/airflow/.local/lib/python3.7/site-packages/airflow/example_dags/tutorial.py
[2023-04-10 11:27:20,585] {processor.py:632} INFO - DAG(s) dict_keys(['tutorial']) retrieved from /home/airflow/.local/lib/python3.7/site-packages/airflow/example_dags/tutorial.py
[2023-04-10 11:27:20,593] {logging_mixin.py:109} INFO - [2023-04-10 11:27:20,593] {dag.py:2389} INFO - Sync 1 DAGs
[2023-04-10 11:27:20,605] {logging_mixin.py:109} INFO - [2023-04-10 11:27:20,605] {dag.py:2921} INFO - Setting next_dagrun for tutorial to 2023-04-09T11:27:20.605378+00:00
[2023-04-10 11:27:20,614] {processor.py:171} INFO - Processing /home/airflow/.local/lib/python3.7/site-packages/airflow/example_dags/tutorial.py took 0.054 seconds
[2023-04-10 11:27:50,819] {processor.py:163} INFO - Started process (PID=419) to work on /home/airflow/.local/lib/python3.7/site-packages/airflow/example_dags/tutorial.py
[2023-04-10 11:27:50,820] {processor.py:620} INFO - Processing file /home/airflow/.local/lib/python3.7/site-packages/airflow/example_dags/tutorial.py for tasks to queue
[2023-04-10 11:27:50,820] {logging_mixin.py:109} INFO - [2023-04-10 11:27:50,820] {dagbag.py:500} INFO - Filling up the DagBag from /home/airflow/.local/lib/python3.7/site-packages/airflow/example_dags/tutorial.py
[2023-04-10 11:27:50,841] {processor.py:632} INFO - DAG(s) dict_keys(['tutorial']) retrieved from /home/airflow/.local/lib/python3.7/site-packages/airflow/example_dags/tutorial.py
[2023-04-10 11:27:50,848] {logging_mixin.py:109} INFO - [2023-04-10 11:27:50,848] {dag.py:2389} INFO - Sync 1 DAGs
[2023-04-10 11:27:50,858] {logging_mixin.py:109} INFO - [2023-04-10 11:27:50,858] {dag.py:2921} INFO - Setting next_dagrun for tutorial to 2023-04-09T11:27:50.858167+00:00
[2023-04-10 11:27:50,864] {processor.py:171} INFO - Processing /home/airflow/.local/lib/python3.7/site-packages/airflow/example_dags/tutorial.py took 0.047 seconds
[2023-04-10 11:28:20,945] {processor.py:163} INFO - Started process (PID=479) to work on /home/airflow/.local/lib/python3.7/site-packages/airflow/example_dags/tutorial.py
[2023-04-10 11:28:20,947] {processor.py:620} INFO - Processing file /home/airflow/.local/lib/python3.7/site-packages/airflow/example_dags/tutorial.py for tasks to queue
[2023-04-10 11:28:20,947] {logging_mixin.py:109} INFO - [2023-04-10 11:28:20,947] {dagbag.py:500} INFO - Filling up the DagBag from /home/airflow/.local/lib/python3.7/site-packages/airflow/example_dags/tutorial.py
[2023-04-10 11:28:20,967] {processor.py:632} INFO - DAG(s) dict_keys(['tutorial']) retrieved from /home/airflow/.local/lib/python3.7/site-packages/airflow/example_dags/tutorial.py
[2023-04-10 11:28:20,973] {logging_mixin.py:109} INFO - [2023-04-10 11:28:20,973] {dag.py:2389} INFO - Sync 1 DAGs
[2023-04-10 11:28:20,982] {logging_mixin.py:109} INFO - [2023-04-10 11:28:20,982] {dag.py:2921} INFO - Setting next_dagrun for tutorial to 2023-04-09T11:28:20.982528+00:00
[2023-04-10 11:28:20,990] {processor.py:171} INFO - Processing /home/airflow/.local/lib/python3.7/site-packages/airflow/example_dags/tutorial.py took 0.049 seconds
[2023-04-10 11:28:51,213] {processor.py:163} INFO - Started process (PID=530) to work on /home/airflow/.local/lib/python3.7/site-packages/airflow/example_dags/tutorial.py
[2023-04-10 11:28:51,213] {processor.py:620} INFO - Processing file /home/airflow/.local/lib/python3.7/site-packages/airflow/example_dags/tutorial.py for tasks to queue
[2023-04-10 11:28:51,214] {logging_mixin.py:109} INFO - [2023-04-10 11:28:51,213] {dagbag.py:500} INFO - Filling up the DagBag from /home/airflow/.local/lib/python3.7/site-packages/airflow/example_dags/tutorial.py
[2023-04-10 11:28:51,239] {processor.py:632} INFO - DAG(s) dict_keys(['tutorial']) retrieved from /home/airflow/.local/lib/python3.7/site-packages/airflow/example_dags/tutorial.py
[2023-04-10 11:28:51,246] {logging_mixin.py:109} INFO - [2023-04-10 11:28:51,246] {dag.py:2389} INFO - Sync 1 DAGs
[2023-04-10 11:28:51,259] {logging_mixin.py:109} INFO - [2023-04-10 11:28:51,258] {dag.py:2921} INFO - Setting next_dagrun for tutorial to 2023-04-09T11:28:51.258685+00:00
[2023-04-10 11:28:51,267] {processor.py:171} INFO - Processing /home/airflow/.local/lib/python3.7/site-packages/airflow/example_dags/tutorial.py took 0.057 seconds
[2023-04-10 11:29:21,386] {processor.py:163} INFO - Started process (PID=592) to work on /home/airflow/.local/lib/python3.7/site-packages/airflow/example_dags/tutorial.py
[2023-04-10 11:29:21,387] {processor.py:620} INFO - Processing file /home/airflow/.local/lib/python3.7/site-packages/airflow/example_dags/tutorial.py for tasks to queue
[2023-04-10 11:29:21,388] {logging_mixin.py:109} INFO - [2023-04-10 11:29:21,388] {dagbag.py:500} INFO - Filling up the DagBag from /home/airflow/.local/lib/python3.7/site-packages/airflow/example_dags/tutorial.py
[2023-04-10 11:29:21,418] {processor.py:632} INFO - DAG(s) dict_keys(['tutorial']) retrieved from /home/airflow/.local/lib/python3.7/site-packages/airflow/example_dags/tutorial.py
[2023-04-10 11:29:21,431] {logging_mixin.py:109} INFO - [2023-04-10 11:29:21,431] {dag.py:2389} INFO - Sync 1 DAGs
[2023-04-10 11:29:21,447] {logging_mixin.py:109} INFO - [2023-04-10 11:29:21,447] {dag.py:2921} INFO - Setting next_dagrun for tutorial to 2023-04-09T11:29:21.446822+00:00
[2023-04-10 11:29:21,455] {processor.py:171} INFO - Processing /home/airflow/.local/lib/python3.7/site-packages/airflow/example_dags/tutorial.py took 0.072 seconds
[2023-04-10 11:29:51,655] {processor.py:163} INFO - Started process (PID=643) to work on /home/airflow/.local/lib/python3.7/site-packages/airflow/example_dags/tutorial.py
[2023-04-10 11:29:51,655] {processor.py:620} INFO - Processing file /home/airflow/.local/lib/python3.7/site-packages/airflow/example_dags/tutorial.py for tasks to queue
[2023-04-10 11:29:51,656] {logging_mixin.py:109} INFO - [2023-04-10 11:29:51,655] {dagbag.py:500} INFO - Filling up the DagBag from /home/airflow/.local/lib/python3.7/site-packages/airflow/example_dags/tutorial.py
[2023-04-10 11:29:51,679] {processor.py:632} INFO - DAG(s) dict_keys(['tutorial']) retrieved from /home/airflow/.local/lib/python3.7/site-packages/airflow/example_dags/tutorial.py
[2023-04-10 11:29:51,686] {logging_mixin.py:109} INFO - [2023-04-10 11:29:51,686] {dag.py:2389} INFO - Sync 1 DAGs
[2023-04-10 11:29:51,697] {logging_mixin.py:109} INFO - [2023-04-10 11:29:51,697] {dag.py:2921} INFO - Setting next_dagrun for tutorial to 2023-04-09T11:29:51.697194+00:00
[2023-04-10 11:29:51,705] {processor.py:171} INFO - Processing /home/airflow/.local/lib/python3.7/site-packages/airflow/example_dags/tutorial.py took 0.053 seconds
[2023-04-10 11:30:22,090] {processor.py:163} INFO - Started process (PID=703) to work on /home/airflow/.local/lib/python3.7/site-packages/airflow/example_dags/tutorial.py
[2023-04-10 11:30:22,091] {processor.py:620} INFO - Processing file /home/airflow/.local/lib/python3.7/site-packages/airflow/example_dags/tutorial.py for tasks to queue
[2023-04-10 11:30:22,092] {logging_mixin.py:109} INFO - [2023-04-10 11:30:22,092] {dagbag.py:500} INFO - Filling up the DagBag from /home/airflow/.local/lib/python3.7/site-packages/airflow/example_dags/tutorial.py
[2023-04-10 11:30:22,119] {processor.py:632} INFO - DAG(s) dict_keys(['tutorial']) retrieved from /home/airflow/.local/lib/python3.7/site-packages/airflow/example_dags/tutorial.py
[2023-04-10 11:30:22,129] {logging_mixin.py:109} INFO - [2023-04-10 11:30:22,129] {dag.py:2389} INFO - Sync 1 DAGs
[2023-04-10 11:30:22,145] {logging_mixin.py:109} INFO - [2023-04-10 11:30:22,145] {dag.py:2921} INFO - Setting next_dagrun for tutorial to 2023-04-09T11:30:22.144732+00:00
[2023-04-10 11:30:22,154] {processor.py:171} INFO - Processing /home/airflow/.local/lib/python3.7/site-packages/airflow/example_dags/tutorial.py took 0.067 seconds
[2023-04-10 11:30:52,575] {processor.py:163} INFO - Started process (PID=754) to work on /home/airflow/.local/lib/python3.7/site-packages/airflow/example_dags/tutorial.py
[2023-04-10 11:30:52,576] {processor.py:620} INFO - Processing file /home/airflow/.local/lib/python3.7/site-packages/airflow/example_dags/tutorial.py for tasks to queue
[2023-04-10 11:30:52,577] {logging_mixin.py:109} INFO - [2023-04-10 11:30:52,577] {dagbag.py:500} INFO - Filling up the DagBag from /home/airflow/.local/lib/python3.7/site-packages/airflow/example_dags/tutorial.py
[2023-04-10 11:30:52,595] {processor.py:632} INFO - DAG(s) dict_keys(['tutorial']) retrieved from /home/airflow/.local/lib/python3.7/site-packages/airflow/example_dags/tutorial.py
[2023-04-10 11:30:52,602] {logging_mixin.py:109} INFO - [2023-04-10 11:30:52,602] {dag.py:2389} INFO - Sync 1 DAGs
[2023-04-10 11:30:52,611] {logging_mixin.py:109} INFO - [2023-04-10 11:30:52,611] {dag.py:2921} INFO - Setting next_dagrun for tutorial to 2023-04-09T11:30:52.611135+00:00
[2023-04-10 11:30:52,619] {processor.py:171} INFO - Processing /home/airflow/.local/lib/python3.7/site-packages/airflow/example_dags/tutorial.py took 0.045 seconds
[2023-04-10 11:31:22,837] {processor.py:163} INFO - Started process (PID=805) to work on /home/airflow/.local/lib/python3.7/site-packages/airflow/example_dags/tutorial.py
[2023-04-10 11:31:22,838] {processor.py:620} INFO - Processing file /home/airflow/.local/lib/python3.7/site-packages/airflow/example_dags/tutorial.py for tasks to queue
[2023-04-10 11:31:22,838] {logging_mixin.py:109} INFO - [2023-04-10 11:31:22,838] {dagbag.py:500} INFO - Filling up the DagBag from /home/airflow/.local/lib/python3.7/site-packages/airflow/example_dags/tutorial.py
[2023-04-10 11:31:22,859] {processor.py:632} INFO - DAG(s) dict_keys(['tutorial']) retrieved from /home/airflow/.local/lib/python3.7/site-packages/airflow/example_dags/tutorial.py
[2023-04-10 11:31:22,866] {logging_mixin.py:109} INFO - [2023-04-10 11:31:22,866] {dag.py:2389} INFO - Sync 1 DAGs
[2023-04-10 11:31:22,875] {logging_mixin.py:109} INFO - [2023-04-10 11:31:22,875] {dag.py:2921} INFO - Setting next_dagrun for tutorial to 2023-04-09T11:31:22.875645+00:00
[2023-04-10 11:31:22,884] {processor.py:171} INFO - Processing /home/airflow/.local/lib/python3.7/site-packages/airflow/example_dags/tutorial.py took 0.049 seconds
[2023-04-10 11:31:53,246] {processor.py:163} INFO - Started process (PID=866) to work on /home/airflow/.local/lib/python3.7/site-packages/airflow/example_dags/tutorial.py
[2023-04-10 11:31:53,247] {processor.py:620} INFO - Processing file /home/airflow/.local/lib/python3.7/site-packages/airflow/example_dags/tutorial.py for tasks to queue
[2023-04-10 11:31:53,248] {logging_mixin.py:109} INFO - [2023-04-10 11:31:53,247] {dagbag.py:500} INFO - Filling up the DagBag from /home/airflow/.local/lib/python3.7/site-packages/airflow/example_dags/tutorial.py
[2023-04-10 11:31:53,270] {processor.py:632} INFO - DAG(s) dict_keys(['tutorial']) retrieved from /home/airflow/.local/lib/python3.7/site-packages/airflow/example_dags/tutorial.py
[2023-04-10 11:31:53,277] {logging_mixin.py:109} INFO - [2023-04-10 11:31:53,277] {dag.py:2389} INFO - Sync 1 DAGs
[2023-04-10 11:31:53,288] {logging_mixin.py:109} INFO - [2023-04-10 11:31:53,288] {dag.py:2921} INFO - Setting next_dagrun for tutorial to 2023-04-09T11:31:53.288438+00:00
[2023-04-10 11:31:53,298] {processor.py:171} INFO - Processing /home/airflow/.local/lib/python3.7/site-packages/airflow/example_dags/tutorial.py took 0.054 seconds
[2023-04-10 11:32:23,448] {processor.py:163} INFO - Started process (PID=918) to work on /home/airflow/.local/lib/python3.7/site-packages/airflow/example_dags/tutorial.py
[2023-04-10 11:32:23,448] {processor.py:620} INFO - Processing file /home/airflow/.local/lib/python3.7/site-packages/airflow/example_dags/tutorial.py for tasks to queue
[2023-04-10 11:32:23,449] {logging_mixin.py:109} INFO - [2023-04-10 11:32:23,449] {dagbag.py:500} INFO - Filling up the DagBag from /home/airflow/.local/lib/python3.7/site-packages/airflow/example_dags/tutorial.py
[2023-04-10 11:32:23,475] {processor.py:632} INFO - DAG(s) dict_keys(['tutorial']) retrieved from /home/airflow/.local/lib/python3.7/site-packages/airflow/example_dags/tutorial.py
[2023-04-10 11:32:23,483] {logging_mixin.py:109} INFO - [2023-04-10 11:32:23,483] {dag.py:2389} INFO - Sync 1 DAGs
[2023-04-10 11:32:23,498] {logging_mixin.py:109} INFO - [2023-04-10 11:32:23,498] {dag.py:2921} INFO - Setting next_dagrun for tutorial to 2023-04-09T11:32:23.498305+00:00
[2023-04-10 11:32:23,508] {processor.py:171} INFO - Processing /home/airflow/.local/lib/python3.7/site-packages/airflow/example_dags/tutorial.py took 0.062 seconds
[2023-04-10 11:32:53,772] {processor.py:163} INFO - Started process (PID=978) to work on /home/airflow/.local/lib/python3.7/site-packages/airflow/example_dags/tutorial.py
[2023-04-10 11:32:53,780] {processor.py:620} INFO - Processing file /home/airflow/.local/lib/python3.7/site-packages/airflow/example_dags/tutorial.py for tasks to queue
[2023-04-10 11:32:53,780] {logging_mixin.py:109} INFO - [2023-04-10 11:32:53,780] {dagbag.py:500} INFO - Filling up the DagBag from /home/airflow/.local/lib/python3.7/site-packages/airflow/example_dags/tutorial.py
[2023-04-10 11:32:53,800] {processor.py:632} INFO - DAG(s) dict_keys(['tutorial']) retrieved from /home/airflow/.local/lib/python3.7/site-packages/airflow/example_dags/tutorial.py
[2023-04-10 11:32:53,808] {logging_mixin.py:109} INFO - [2023-04-10 11:32:53,808] {dag.py:2389} INFO - Sync 1 DAGs
[2023-04-10 11:32:53,820] {logging_mixin.py:109} INFO - [2023-04-10 11:32:53,820] {dag.py:2921} INFO - Setting next_dagrun for tutorial to 2023-04-09T11:32:53.820673+00:00
[2023-04-10 11:32:53,830] {processor.py:171} INFO - Processing /home/airflow/.local/lib/python3.7/site-packages/airflow/example_dags/tutorial.py took 0.060 seconds
[2023-04-10 11:33:24,132] {processor.py:163} INFO - Started process (PID=1030) to work on /home/airflow/.local/lib/python3.7/site-packages/airflow/example_dags/tutorial.py
[2023-04-10 11:33:24,133] {processor.py:620} INFO - Processing file /home/airflow/.local/lib/python3.7/site-packages/airflow/example_dags/tutorial.py for tasks to queue
[2023-04-10 11:33:24,133] {logging_mixin.py:109} INFO - [2023-04-10 11:33:24,133] {dagbag.py:500} INFO - Filling up the DagBag from /home/airflow/.local/lib/python3.7/site-packages/airflow/example_dags/tutorial.py
[2023-04-10 11:33:24,156] {processor.py:632} INFO - DAG(s) dict_keys(['tutorial']) retrieved from /home/airflow/.local/lib/python3.7/site-packages/airflow/example_dags/tutorial.py
[2023-04-10 11:33:24,164] {logging_mixin.py:109} INFO - [2023-04-10 11:33:24,163] {dag.py:2389} INFO - Sync 1 DAGs
[2023-04-10 11:33:24,176] {logging_mixin.py:109} INFO - [2023-04-10 11:33:24,176] {dag.py:2921} INFO - Setting next_dagrun for tutorial to 2023-04-09T11:33:24.176272+00:00
[2023-04-10 11:33:24,185] {processor.py:171} INFO - Processing /home/airflow/.local/lib/python3.7/site-packages/airflow/example_dags/tutorial.py took 0.056 seconds
[2023-04-10 11:33:54,728] {processor.py:163} INFO - Started process (PID=1090) to work on /home/airflow/.local/lib/python3.7/site-packages/airflow/example_dags/tutorial.py
[2023-04-10 11:33:54,729] {processor.py:620} INFO - Processing file /home/airflow/.local/lib/python3.7/site-packages/airflow/example_dags/tutorial.py for tasks to queue
[2023-04-10 11:33:54,730] {logging_mixin.py:109} INFO - [2023-04-10 11:33:54,730] {dagbag.py:500} INFO - Filling up the DagBag from /home/airflow/.local/lib/python3.7/site-packages/airflow/example_dags/tutorial.py
[2023-04-10 11:33:54,757] {processor.py:632} INFO - DAG(s) dict_keys(['tutorial']) retrieved from /home/airflow/.local/lib/python3.7/site-packages/airflow/example_dags/tutorial.py
[2023-04-10 11:33:54,765] {logging_mixin.py:109} INFO - [2023-04-10 11:33:54,765] {dag.py:2389} INFO - Sync 1 DAGs
[2023-04-10 11:33:54,786] {logging_mixin.py:109} INFO - [2023-04-10 11:33:54,786] {dag.py:2921} INFO - Setting next_dagrun for tutorial to 2023-04-09T11:33:54.785944+00:00
[2023-04-10 11:33:54,798] {processor.py:171} INFO - Processing /home/airflow/.local/lib/python3.7/site-packages/airflow/example_dags/tutorial.py took 0.072 seconds
[2023-04-10 11:34:25,147] {processor.py:163} INFO - Started process (PID=1141) to work on /home/airflow/.local/lib/python3.7/site-packages/airflow/example_dags/tutorial.py
[2023-04-10 11:34:25,147] {processor.py:620} INFO - Processing file /home/airflow/.local/lib/python3.7/site-packages/airflow/example_dags/tutorial.py for tasks to queue
[2023-04-10 11:34:25,148] {logging_mixin.py:109} INFO - [2023-04-10 11:34:25,148] {dagbag.py:500} INFO - Filling up the DagBag from /home/airflow/.local/lib/python3.7/site-packages/airflow/example_dags/tutorial.py
[2023-04-10 11:34:25,172] {processor.py:632} INFO - DAG(s) dict_keys(['tutorial']) retrieved from /home/airflow/.local/lib/python3.7/site-packages/airflow/example_dags/tutorial.py
[2023-04-10 11:34:25,180] {logging_mixin.py:109} INFO - [2023-04-10 11:34:25,180] {dag.py:2389} INFO - Sync 1 DAGs
[2023-04-10 11:34:25,192] {logging_mixin.py:109} INFO - [2023-04-10 11:34:25,192] {dag.py:2921} INFO - Setting next_dagrun for tutorial to 2023-04-09T11:34:25.191806+00:00
[2023-04-10 11:34:25,201] {processor.py:171} INFO - Processing /home/airflow/.local/lib/python3.7/site-packages/airflow/example_dags/tutorial.py took 0.057 seconds
[2023-04-10 11:34:55,428] {processor.py:163} INFO - Started process (PID=1192) to work on /home/airflow/.local/lib/python3.7/site-packages/airflow/example_dags/tutorial.py
[2023-04-10 11:34:55,435] {processor.py:620} INFO - Processing file /home/airflow/.local/lib/python3.7/site-packages/airflow/example_dags/tutorial.py for tasks to queue
[2023-04-10 11:34:55,436] {logging_mixin.py:109} INFO - [2023-04-10 11:34:55,435] {dagbag.py:500} INFO - Filling up the DagBag from /home/airflow/.local/lib/python3.7/site-packages/airflow/example_dags/tutorial.py
[2023-04-10 11:34:55,459] {processor.py:632} INFO - DAG(s) dict_keys(['tutorial']) retrieved from /home/airflow/.local/lib/python3.7/site-packages/airflow/example_dags/tutorial.py
[2023-04-10 11:34:55,466] {logging_mixin.py:109} INFO - [2023-04-10 11:34:55,466] {dag.py:2389} INFO - Sync 1 DAGs
[2023-04-10 11:34:55,478] {logging_mixin.py:109} INFO - [2023-04-10 11:34:55,478] {dag.py:2921} INFO - Setting next_dagrun for tutorial to 2023-04-09T11:34:55.477866+00:00
[2023-04-10 11:34:55,485] {processor.py:171} INFO - Processing /home/airflow/.local/lib/python3.7/site-packages/airflow/example_dags/tutorial.py took 0.060 seconds
[2023-04-10 11:35:25,781] {processor.py:163} INFO - Started process (PID=1252) to work on /home/airflow/.local/lib/python3.7/site-packages/airflow/example_dags/tutorial.py
[2023-04-10 11:35:25,782] {processor.py:620} INFO - Processing file /home/airflow/.local/lib/python3.7/site-packages/airflow/example_dags/tutorial.py for tasks to queue
[2023-04-10 11:35:25,782] {logging_mixin.py:109} INFO - [2023-04-10 11:35:25,782] {dagbag.py:500} INFO - Filling up the DagBag from /home/airflow/.local/lib/python3.7/site-packages/airflow/example_dags/tutorial.py
[2023-04-10 11:35:25,805] {processor.py:632} INFO - DAG(s) dict_keys(['tutorial']) retrieved from /home/airflow/.local/lib/python3.7/site-packages/airflow/example_dags/tutorial.py
[2023-04-10 11:35:25,811] {logging_mixin.py:109} INFO - [2023-04-10 11:35:25,811] {dag.py:2389} INFO - Sync 1 DAGs
[2023-04-10 11:35:25,820] {logging_mixin.py:109} INFO - [2023-04-10 11:35:25,820] {dag.py:2921} INFO - Setting next_dagrun for tutorial to 2023-04-09T11:35:25.820694+00:00
[2023-04-10 11:35:25,828] {processor.py:171} INFO - Processing /home/airflow/.local/lib/python3.7/site-packages/airflow/example_dags/tutorial.py took 0.049 seconds
[2023-04-10 11:35:55,995] {processor.py:163} INFO - Started process (PID=1303) to work on /home/airflow/.local/lib/python3.7/site-packages/airflow/example_dags/tutorial.py
[2023-04-10 11:35:55,997] {processor.py:620} INFO - Processing file /home/airflow/.local/lib/python3.7/site-packages/airflow/example_dags/tutorial.py for tasks to queue
[2023-04-10 11:35:55,997] {logging_mixin.py:109} INFO - [2023-04-10 11:35:55,997] {dagbag.py:500} INFO - Filling up the DagBag from /home/airflow/.local/lib/python3.7/site-packages/airflow/example_dags/tutorial.py
[2023-04-10 11:35:56,020] {processor.py:632} INFO - DAG(s) dict_keys(['tutorial']) retrieved from /home/airflow/.local/lib/python3.7/site-packages/airflow/example_dags/tutorial.py
[2023-04-10 11:35:56,028] {logging_mixin.py:109} INFO - [2023-04-10 11:35:56,028] {dag.py:2389} INFO - Sync 1 DAGs
[2023-04-10 11:35:56,041] {logging_mixin.py:109} INFO - [2023-04-10 11:35:56,041] {dag.py:2921} INFO - Setting next_dagrun for tutorial to 2023-04-09T11:35:56.040937+00:00
[2023-04-10 11:35:56,049] {processor.py:171} INFO - Processing /home/airflow/.local/lib/python3.7/site-packages/airflow/example_dags/tutorial.py took 0.056 seconds
[2023-04-10 11:36:26,614] {processor.py:163} INFO - Started process (PID=1364) to work on /home/airflow/.local/lib/python3.7/site-packages/airflow/example_dags/tutorial.py
[2023-04-10 11:36:26,622] {processor.py:620} INFO - Processing file /home/airflow/.local/lib/python3.7/site-packages/airflow/example_dags/tutorial.py for tasks to queue
[2023-04-10 11:36:26,623] {logging_mixin.py:109} INFO - [2023-04-10 11:36:26,622] {dagbag.py:500} INFO - Filling up the DagBag from /home/airflow/.local/lib/python3.7/site-packages/airflow/example_dags/tutorial.py
[2023-04-10 11:36:26,650] {processor.py:632} INFO - DAG(s) dict_keys(['tutorial']) retrieved from /home/airflow/.local/lib/python3.7/site-packages/airflow/example_dags/tutorial.py
[2023-04-10 11:36:26,660] {logging_mixin.py:109} INFO - [2023-04-10 11:36:26,659] {dag.py:2389} INFO - Sync 1 DAGs
[2023-04-10 11:36:26,676] {logging_mixin.py:109} INFO - [2023-04-10 11:36:26,676] {dag.py:2921} INFO - Setting next_dagrun for tutorial to 2023-04-09T11:36:26.676079+00:00
[2023-04-10 11:36:26,686] {processor.py:171} INFO - Processing /home/airflow/.local/lib/python3.7/site-packages/airflow/example_dags/tutorial.py took 0.075 seconds
[2023-04-10 11:36:56,937] {processor.py:163} INFO - Started process (PID=1416) to work on /home/airflow/.local/lib/python3.7/site-packages/airflow/example_dags/tutorial.py
[2023-04-10 11:36:56,938] {processor.py:620} INFO - Processing file /home/airflow/.local/lib/python3.7/site-packages/airflow/example_dags/tutorial.py for tasks to queue
[2023-04-10 11:36:56,939] {logging_mixin.py:109} INFO - [2023-04-10 11:36:56,939] {dagbag.py:500} INFO - Filling up the DagBag from /home/airflow/.local/lib/python3.7/site-packages/airflow/example_dags/tutorial.py
[2023-04-10 11:36:56,958] {processor.py:632} INFO - DAG(s) dict_keys(['tutorial']) retrieved from /home/airflow/.local/lib/python3.7/site-packages/airflow/example_dags/tutorial.py
[2023-04-10 11:36:56,966] {logging_mixin.py:109} INFO - [2023-04-10 11:36:56,966] {dag.py:2389} INFO - Sync 1 DAGs
[2023-04-10 11:36:56,976] {logging_mixin.py:109} INFO - [2023-04-10 11:36:56,976] {dag.py:2921} INFO - Setting next_dagrun for tutorial to 2023-04-09T11:36:56.976373+00:00
[2023-04-10 11:36:56,984] {processor.py:171} INFO - Processing /home/airflow/.local/lib/python3.7/site-packages/airflow/example_dags/tutorial.py took 0.048 seconds
[2023-04-10 11:37:27,184] {processor.py:163} INFO - Started process (PID=1476) to work on /home/airflow/.local/lib/python3.7/site-packages/airflow/example_dags/tutorial.py
[2023-04-10 11:37:27,185] {processor.py:620} INFO - Processing file /home/airflow/.local/lib/python3.7/site-packages/airflow/example_dags/tutorial.py for tasks to queue
[2023-04-10 11:37:27,186] {logging_mixin.py:109} INFO - [2023-04-10 11:37:27,186] {dagbag.py:500} INFO - Filling up the DagBag from /home/airflow/.local/lib/python3.7/site-packages/airflow/example_dags/tutorial.py
[2023-04-10 11:37:27,208] {processor.py:632} INFO - DAG(s) dict_keys(['tutorial']) retrieved from /home/airflow/.local/lib/python3.7/site-packages/airflow/example_dags/tutorial.py
[2023-04-10 11:37:27,216] {logging_mixin.py:109} INFO - [2023-04-10 11:37:27,216] {dag.py:2389} INFO - Sync 1 DAGs
[2023-04-10 11:37:27,229] {logging_mixin.py:109} INFO - [2023-04-10 11:37:27,229] {dag.py:2921} INFO - Setting next_dagrun for tutorial to 2023-04-09T11:37:27.228898+00:00
[2023-04-10 11:37:27,238] {processor.py:171} INFO - Processing /home/airflow/.local/lib/python3.7/site-packages/airflow/example_dags/tutorial.py took 0.056 seconds
[2023-04-10 11:37:57,498] {processor.py:163} INFO - Started process (PID=1528) to work on /home/airflow/.local/lib/python3.7/site-packages/airflow/example_dags/tutorial.py
[2023-04-10 11:37:57,499] {processor.py:620} INFO - Processing file /home/airflow/.local/lib/python3.7/site-packages/airflow/example_dags/tutorial.py for tasks to queue
[2023-04-10 11:37:57,500] {logging_mixin.py:109} INFO - [2023-04-10 11:37:57,500] {dagbag.py:500} INFO - Filling up the DagBag from /home/airflow/.local/lib/python3.7/site-packages/airflow/example_dags/tutorial.py
[2023-04-10 11:37:57,524] {processor.py:632} INFO - DAG(s) dict_keys(['tutorial']) retrieved from /home/airflow/.local/lib/python3.7/site-packages/airflow/example_dags/tutorial.py
[2023-04-10 11:37:57,532] {logging_mixin.py:109} INFO - [2023-04-10 11:37:57,532] {dag.py:2389} INFO - Sync 1 DAGs
[2023-04-10 11:37:57,545] {logging_mixin.py:109} INFO - [2023-04-10 11:37:57,545] {dag.py:2921} INFO - Setting next_dagrun for tutorial to 2023-04-09T11:37:57.545160+00:00
[2023-04-10 11:37:57,554] {processor.py:171} INFO - Processing /home/airflow/.local/lib/python3.7/site-packages/airflow/example_dags/tutorial.py took 0.059 seconds
[2023-04-10 11:38:27,716] {processor.py:163} INFO - Started process (PID=1579) to work on /home/airflow/.local/lib/python3.7/site-packages/airflow/example_dags/tutorial.py
[2023-04-10 11:38:27,717] {processor.py:620} INFO - Processing file /home/airflow/.local/lib/python3.7/site-packages/airflow/example_dags/tutorial.py for tasks to queue
[2023-04-10 11:38:27,717] {logging_mixin.py:109} INFO - [2023-04-10 11:38:27,717] {dagbag.py:500} INFO - Filling up the DagBag from /home/airflow/.local/lib/python3.7/site-packages/airflow/example_dags/tutorial.py
[2023-04-10 11:38:27,738] {processor.py:632} INFO - DAG(s) dict_keys(['tutorial']) retrieved from /home/airflow/.local/lib/python3.7/site-packages/airflow/example_dags/tutorial.py
[2023-04-10 11:38:27,744] {logging_mixin.py:109} INFO - [2023-04-10 11:38:27,744] {dag.py:2389} INFO - Sync 1 DAGs
[2023-04-10 11:38:27,754] {logging_mixin.py:109} INFO - [2023-04-10 11:38:27,754] {dag.py:2921} INFO - Setting next_dagrun for tutorial to 2023-04-09T11:38:27.754267+00:00
[2023-04-10 11:38:27,763] {processor.py:171} INFO - Processing /home/airflow/.local/lib/python3.7/site-packages/airflow/example_dags/tutorial.py took 0.049 seconds
[2023-04-10 11:38:58,082] {processor.py:163} INFO - Started process (PID=1639) to work on /home/airflow/.local/lib/python3.7/site-packages/airflow/example_dags/tutorial.py
[2023-04-10 11:38:58,083] {processor.py:620} INFO - Processing file /home/airflow/.local/lib/python3.7/site-packages/airflow/example_dags/tutorial.py for tasks to queue
[2023-04-10 11:38:58,083] {logging_mixin.py:109} INFO - [2023-04-10 11:38:58,083] {dagbag.py:500} INFO - Filling up the DagBag from /home/airflow/.local/lib/python3.7/site-packages/airflow/example_dags/tutorial.py
[2023-04-10 11:38:58,102] {processor.py:632} INFO - DAG(s) dict_keys(['tutorial']) retrieved from /home/airflow/.local/lib/python3.7/site-packages/airflow/example_dags/tutorial.py
[2023-04-10 11:38:58,108] {logging_mixin.py:109} INFO - [2023-04-10 11:38:58,108] {dag.py:2389} INFO - Sync 1 DAGs
[2023-04-10 11:38:58,117] {logging_mixin.py:109} INFO - [2023-04-10 11:38:58,117] {dag.py:2921} INFO - Setting next_dagrun for tutorial to 2023-04-09T11:38:58.117579+00:00
[2023-04-10 11:38:58,125] {processor.py:171} INFO - Processing /home/airflow/.local/lib/python3.7/site-packages/airflow/example_dags/tutorial.py took 0.046 seconds
[2023-04-10 11:39:28,259] {processor.py:163} INFO - Started process (PID=1690) to work on /home/airflow/.local/lib/python3.7/site-packages/airflow/example_dags/tutorial.py
[2023-04-10 11:39:28,259] {processor.py:620} INFO - Processing file /home/airflow/.local/lib/python3.7/site-packages/airflow/example_dags/tutorial.py for tasks to queue
[2023-04-10 11:39:28,260] {logging_mixin.py:109} INFO - [2023-04-10 11:39:28,260] {dagbag.py:500} INFO - Filling up the DagBag from /home/airflow/.local/lib/python3.7/site-packages/airflow/example_dags/tutorial.py
[2023-04-10 11:39:28,282] {processor.py:632} INFO - DAG(s) dict_keys(['tutorial']) retrieved from /home/airflow/.local/lib/python3.7/site-packages/airflow/example_dags/tutorial.py
[2023-04-10 11:39:28,289] {logging_mixin.py:109} INFO - [2023-04-10 11:39:28,288] {dag.py:2389} INFO - Sync 1 DAGs
[2023-04-10 11:39:28,299] {logging_mixin.py:109} INFO - [2023-04-10 11:39:28,299] {dag.py:2921} INFO - Setting next_dagrun for tutorial to 2023-04-09T11:39:28.299254+00:00
[2023-04-10 11:39:28,307] {processor.py:171} INFO - Processing /home/airflow/.local/lib/python3.7/site-packages/airflow/example_dags/tutorial.py took 0.050 seconds
[2023-04-10 11:39:58,531] {processor.py:163} INFO - Started process (PID=1750) to work on /home/airflow/.local/lib/python3.7/site-packages/airflow/example_dags/tutorial.py
[2023-04-10 11:39:58,539] {processor.py:620} INFO - Processing file /home/airflow/.local/lib/python3.7/site-packages/airflow/example_dags/tutorial.py for tasks to queue
[2023-04-10 11:39:58,539] {logging_mixin.py:109} INFO - [2023-04-10 11:39:58,539] {dagbag.py:500} INFO - Filling up the DagBag from /home/airflow/.local/lib/python3.7/site-packages/airflow/example_dags/tutorial.py
[2023-04-10 11:39:58,561] {processor.py:632} INFO - DAG(s) dict_keys(['tutorial']) retrieved from /home/airflow/.local/lib/python3.7/site-packages/airflow/example_dags/tutorial.py
[2023-04-10 11:39:58,567] {logging_mixin.py:109} INFO - [2023-04-10 11:39:58,567] {dag.py:2389} INFO - Sync 1 DAGs
[2023-04-10 11:39:58,577] {logging_mixin.py:109} INFO - [2023-04-10 11:39:58,577] {dag.py:2921} INFO - Setting next_dagrun for tutorial to 2023-04-09T11:39:58.577571+00:00
[2023-04-10 11:39:58,585] {processor.py:171} INFO - Processing /home/airflow/.local/lib/python3.7/site-packages/airflow/example_dags/tutorial.py took 0.055 seconds
[2023-04-10 11:40:28,819] {processor.py:163} INFO - Started process (PID=1801) to work on /home/airflow/.local/lib/python3.7/site-packages/airflow/example_dags/tutorial.py
[2023-04-10 11:40:28,820] {processor.py:620} INFO - Processing file /home/airflow/.local/lib/python3.7/site-packages/airflow/example_dags/tutorial.py for tasks to queue
[2023-04-10 11:40:28,820] {logging_mixin.py:109} INFO - [2023-04-10 11:40:28,820] {dagbag.py:500} INFO - Filling up the DagBag from /home/airflow/.local/lib/python3.7/site-packages/airflow/example_dags/tutorial.py
[2023-04-10 11:40:28,842] {processor.py:632} INFO - DAG(s) dict_keys(['tutorial']) retrieved from /home/airflow/.local/lib/python3.7/site-packages/airflow/example_dags/tutorial.py
[2023-04-10 11:40:28,849] {logging_mixin.py:109} INFO - [2023-04-10 11:40:28,849] {dag.py:2389} INFO - Sync 1 DAGs
[2023-04-10 11:40:28,863] {logging_mixin.py:109} INFO - [2023-04-10 11:40:28,863] {dag.py:2921} INFO - Setting next_dagrun for tutorial to 2023-04-09T11:40:28.863210+00:00
[2023-04-10 11:40:28,871] {processor.py:171} INFO - Processing /home/airflow/.local/lib/python3.7/site-packages/airflow/example_dags/tutorial.py took 0.055 seconds
[2023-04-10 11:40:59,083] {processor.py:163} INFO - Started process (PID=1861) to work on /home/airflow/.local/lib/python3.7/site-packages/airflow/example_dags/tutorial.py
[2023-04-10 11:40:59,084] {processor.py:620} INFO - Processing file /home/airflow/.local/lib/python3.7/site-packages/airflow/example_dags/tutorial.py for tasks to queue
[2023-04-10 11:40:59,084] {logging_mixin.py:109} INFO - [2023-04-10 11:40:59,084] {dagbag.py:500} INFO - Filling up the DagBag from /home/airflow/.local/lib/python3.7/site-packages/airflow/example_dags/tutorial.py
[2023-04-10 11:40:59,104] {processor.py:632} INFO - DAG(s) dict_keys(['tutorial']) retrieved from /home/airflow/.local/lib/python3.7/site-packages/airflow/example_dags/tutorial.py
[2023-04-10 11:40:59,110] {logging_mixin.py:109} INFO - [2023-04-10 11:40:59,110] {dag.py:2389} INFO - Sync 1 DAGs
[2023-04-10 11:40:59,119] {logging_mixin.py:109} INFO - [2023-04-10 11:40:59,119] {dag.py:2921} INFO - Setting next_dagrun for tutorial to 2023-04-09T11:40:59.119418+00:00
[2023-04-10 11:40:59,127] {processor.py:171} INFO - Processing /home/airflow/.local/lib/python3.7/site-packages/airflow/example_dags/tutorial.py took 0.046 seconds
[2023-04-10 11:41:29,337] {processor.py:163} INFO - Started process (PID=1912) to work on /home/airflow/.local/lib/python3.7/site-packages/airflow/example_dags/tutorial.py
[2023-04-10 11:41:29,345] {processor.py:620} INFO - Processing file /home/airflow/.local/lib/python3.7/site-packages/airflow/example_dags/tutorial.py for tasks to queue
[2023-04-10 11:41:29,345] {logging_mixin.py:109} INFO - [2023-04-10 11:41:29,345] {dagbag.py:500} INFO - Filling up the DagBag from /home/airflow/.local/lib/python3.7/site-packages/airflow/example_dags/tutorial.py
[2023-04-10 11:41:29,366] {processor.py:632} INFO - DAG(s) dict_keys(['tutorial']) retrieved from /home/airflow/.local/lib/python3.7/site-packages/airflow/example_dags/tutorial.py
[2023-04-10 11:41:29,372] {logging_mixin.py:109} INFO - [2023-04-10 11:41:29,372] {dag.py:2389} INFO - Sync 1 DAGs
[2023-04-10 11:41:29,382] {logging_mixin.py:109} INFO - [2023-04-10 11:41:29,382] {dag.py:2921} INFO - Setting next_dagrun for tutorial to 2023-04-09T11:41:29.382442+00:00
[2023-04-10 11:41:29,389] {processor.py:171} INFO - Processing /home/airflow/.local/lib/python3.7/site-packages/airflow/example_dags/tutorial.py took 0.055 seconds
[2023-04-10 11:41:59,657] {processor.py:163} INFO - Started process (PID=1973) to work on /home/airflow/.local/lib/python3.7/site-packages/airflow/example_dags/tutorial.py
[2023-04-10 11:41:59,657] {processor.py:620} INFO - Processing file /home/airflow/.local/lib/python3.7/site-packages/airflow/example_dags/tutorial.py for tasks to queue
[2023-04-10 11:41:59,658] {logging_mixin.py:109} INFO - [2023-04-10 11:41:59,658] {dagbag.py:500} INFO - Filling up the DagBag from /home/airflow/.local/lib/python3.7/site-packages/airflow/example_dags/tutorial.py
[2023-04-10 11:41:59,681] {processor.py:632} INFO - DAG(s) dict_keys(['tutorial']) retrieved from /home/airflow/.local/lib/python3.7/site-packages/airflow/example_dags/tutorial.py
[2023-04-10 11:41:59,689] {logging_mixin.py:109} INFO - [2023-04-10 11:41:59,688] {dag.py:2389} INFO - Sync 1 DAGs
[2023-04-10 11:41:59,702] {logging_mixin.py:109} INFO - [2023-04-10 11:41:59,702] {dag.py:2921} INFO - Setting next_dagrun for tutorial to 2023-04-09T11:41:59.702025+00:00
[2023-04-10 11:41:59,711] {processor.py:171} INFO - Processing /home/airflow/.local/lib/python3.7/site-packages/airflow/example_dags/tutorial.py took 0.056 seconds
[2023-04-10 11:42:30,025] {processor.py:163} INFO - Started process (PID=2024) to work on /home/airflow/.local/lib/python3.7/site-packages/airflow/example_dags/tutorial.py
[2023-04-10 11:42:30,026] {processor.py:620} INFO - Processing file /home/airflow/.local/lib/python3.7/site-packages/airflow/example_dags/tutorial.py for tasks to queue
[2023-04-10 11:42:30,026] {logging_mixin.py:109} INFO - [2023-04-10 11:42:30,026] {dagbag.py:500} INFO - Filling up the DagBag from /home/airflow/.local/lib/python3.7/site-packages/airflow/example_dags/tutorial.py
[2023-04-10 11:42:30,047] {processor.py:632} INFO - DAG(s) dict_keys(['tutorial']) retrieved from /home/airflow/.local/lib/python3.7/site-packages/airflow/example_dags/tutorial.py
[2023-04-10 11:42:30,055] {logging_mixin.py:109} INFO - [2023-04-10 11:42:30,055] {dag.py:2389} INFO - Sync 1 DAGs
[2023-04-10 11:42:30,064] {logging_mixin.py:109} INFO - [2023-04-10 11:42:30,064] {dag.py:2921} INFO - Setting next_dagrun for tutorial to 2023-04-09T11:42:30.064682+00:00
[2023-04-10 11:42:30,074] {processor.py:171} INFO - Processing /home/airflow/.local/lib/python3.7/site-packages/airflow/example_dags/tutorial.py took 0.051 seconds
[2023-04-10 11:43:00,447] {processor.py:163} INFO - Started process (PID=2075) to work on /home/airflow/.local/lib/python3.7/site-packages/airflow/example_dags/tutorial.py
[2023-04-10 11:43:00,448] {processor.py:620} INFO - Processing file /home/airflow/.local/lib/python3.7/site-packages/airflow/example_dags/tutorial.py for tasks to queue
[2023-04-10 11:43:00,448] {logging_mixin.py:109} INFO - [2023-04-10 11:43:00,448] {dagbag.py:500} INFO - Filling up the DagBag from /home/airflow/.local/lib/python3.7/site-packages/airflow/example_dags/tutorial.py
[2023-04-10 11:43:00,470] {processor.py:632} INFO - DAG(s) dict_keys(['tutorial']) retrieved from /home/airflow/.local/lib/python3.7/site-packages/airflow/example_dags/tutorial.py
[2023-04-10 11:43:00,477] {logging_mixin.py:109} INFO - [2023-04-10 11:43:00,477] {dag.py:2389} INFO - Sync 1 DAGs
[2023-04-10 11:43:00,488] {logging_mixin.py:109} INFO - [2023-04-10 11:43:00,488] {dag.py:2921} INFO - Setting next_dagrun for tutorial to 2023-04-09T11:43:00.488240+00:00
[2023-04-10 11:43:00,497] {processor.py:171} INFO - Processing /home/airflow/.local/lib/python3.7/site-packages/airflow/example_dags/tutorial.py took 0.053 seconds
[2023-04-10 11:43:30,603] {processor.py:163} INFO - Started process (PID=2136) to work on /home/airflow/.local/lib/python3.7/site-packages/airflow/example_dags/tutorial.py
[2023-04-10 11:43:30,604] {processor.py:620} INFO - Processing file /home/airflow/.local/lib/python3.7/site-packages/airflow/example_dags/tutorial.py for tasks to queue
[2023-04-10 11:43:30,604] {logging_mixin.py:109} INFO - [2023-04-10 11:43:30,604] {dagbag.py:500} INFO - Filling up the DagBag from /home/airflow/.local/lib/python3.7/site-packages/airflow/example_dags/tutorial.py
[2023-04-10 11:43:30,626] {processor.py:632} INFO - DAG(s) dict_keys(['tutorial']) retrieved from /home/airflow/.local/lib/python3.7/site-packages/airflow/example_dags/tutorial.py
[2023-04-10 11:43:30,633] {logging_mixin.py:109} INFO - [2023-04-10 11:43:30,633] {dag.py:2389} INFO - Sync 1 DAGs
[2023-04-10 11:43:30,645] {logging_mixin.py:109} INFO - [2023-04-10 11:43:30,645] {dag.py:2921} INFO - Setting next_dagrun for tutorial to 2023-04-09T11:43:30.644861+00:00
[2023-04-10 11:43:30,653] {processor.py:171} INFO - Processing /home/airflow/.local/lib/python3.7/site-packages/airflow/example_dags/tutorial.py took 0.053 seconds
[2023-04-10 11:44:00,948] {processor.py:163} INFO - Started process (PID=2187) to work on /home/airflow/.local/lib/python3.7/site-packages/airflow/example_dags/tutorial.py
[2023-04-10 11:44:00,949] {processor.py:620} INFO - Processing file /home/airflow/.local/lib/python3.7/site-packages/airflow/example_dags/tutorial.py for tasks to queue
[2023-04-10 11:44:00,950] {logging_mixin.py:109} INFO - [2023-04-10 11:44:00,950] {dagbag.py:500} INFO - Filling up the DagBag from /home/airflow/.local/lib/python3.7/site-packages/airflow/example_dags/tutorial.py
[2023-04-10 11:44:00,980] {processor.py:632} INFO - DAG(s) dict_keys(['tutorial']) retrieved from /home/airflow/.local/lib/python3.7/site-packages/airflow/example_dags/tutorial.py
[2023-04-10 11:44:00,989] {logging_mixin.py:109} INFO - [2023-04-10 11:44:00,989] {dag.py:2389} INFO - Sync 1 DAGs
[2023-04-10 11:44:01,010] {logging_mixin.py:109} INFO - [2023-04-10 11:44:01,009] {dag.py:2921} INFO - Setting next_dagrun for tutorial to 2023-04-09T11:44:01.009366+00:00
[2023-04-10 11:44:01,024] {processor.py:171} INFO - Processing /home/airflow/.local/lib/python3.7/site-packages/airflow/example_dags/tutorial.py took 0.079 seconds
[2023-04-10 11:44:31,345] {processor.py:163} INFO - Started process (PID=2247) to work on /home/airflow/.local/lib/python3.7/site-packages/airflow/example_dags/tutorial.py
[2023-04-10 11:44:31,346] {processor.py:620} INFO - Processing file /home/airflow/.local/lib/python3.7/site-packages/airflow/example_dags/tutorial.py for tasks to queue
[2023-04-10 11:44:31,346] {logging_mixin.py:109} INFO - [2023-04-10 11:44:31,346] {dagbag.py:500} INFO - Filling up the DagBag from /home/airflow/.local/lib/python3.7/site-packages/airflow/example_dags/tutorial.py
[2023-04-10 11:44:31,367] {processor.py:632} INFO - DAG(s) dict_keys(['tutorial']) retrieved from /home/airflow/.local/lib/python3.7/site-packages/airflow/example_dags/tutorial.py
[2023-04-10 11:44:31,374] {logging_mixin.py:109} INFO - [2023-04-10 11:44:31,374] {dag.py:2389} INFO - Sync 1 DAGs
[2023-04-10 11:44:31,385] {logging_mixin.py:109} INFO - [2023-04-10 11:44:31,385] {dag.py:2921} INFO - Setting next_dagrun for tutorial to 2023-04-09T11:44:31.385218+00:00
[2023-04-10 11:44:31,393] {processor.py:171} INFO - Processing /home/airflow/.local/lib/python3.7/site-packages/airflow/example_dags/tutorial.py took 0.051 seconds
[2023-04-10 11:45:01,786] {processor.py:163} INFO - Started process (PID=2298) to work on /home/airflow/.local/lib/python3.7/site-packages/airflow/example_dags/tutorial.py
[2023-04-10 11:45:01,787] {processor.py:620} INFO - Processing file /home/airflow/.local/lib/python3.7/site-packages/airflow/example_dags/tutorial.py for tasks to queue
[2023-04-10 11:45:01,788] {logging_mixin.py:109} INFO - [2023-04-10 11:45:01,788] {dagbag.py:500} INFO - Filling up the DagBag from /home/airflow/.local/lib/python3.7/site-packages/airflow/example_dags/tutorial.py
[2023-04-10 11:45:01,808] {processor.py:632} INFO - DAG(s) dict_keys(['tutorial']) retrieved from /home/airflow/.local/lib/python3.7/site-packages/airflow/example_dags/tutorial.py
[2023-04-10 11:45:01,814] {logging_mixin.py:109} INFO - [2023-04-10 11:45:01,814] {dag.py:2389} INFO - Sync 1 DAGs
[2023-04-10 11:45:01,823] {logging_mixin.py:109} INFO - [2023-04-10 11:45:01,823] {dag.py:2921} INFO - Setting next_dagrun for tutorial to 2023-04-09T11:45:01.823027+00:00
[2023-04-10 11:45:01,830] {processor.py:171} INFO - Processing /home/airflow/.local/lib/python3.7/site-packages/airflow/example_dags/tutorial.py took 0.047 seconds
[2023-04-10 11:45:32,079] {processor.py:163} INFO - Started process (PID=2359) to work on /home/airflow/.local/lib/python3.7/site-packages/airflow/example_dags/tutorial.py
[2023-04-10 11:45:32,081] {processor.py:620} INFO - Processing file /home/airflow/.local/lib/python3.7/site-packages/airflow/example_dags/tutorial.py for tasks to queue
[2023-04-10 11:45:32,082] {logging_mixin.py:109} INFO - [2023-04-10 11:45:32,082] {dagbag.py:500} INFO - Filling up the DagBag from /home/airflow/.local/lib/python3.7/site-packages/airflow/example_dags/tutorial.py
[2023-04-10 11:45:32,109] {processor.py:632} INFO - DAG(s) dict_keys(['tutorial']) retrieved from /home/airflow/.local/lib/python3.7/site-packages/airflow/example_dags/tutorial.py
[2023-04-10 11:45:32,120] {logging_mixin.py:109} INFO - [2023-04-10 11:45:32,120] {dag.py:2389} INFO - Sync 1 DAGs
[2023-04-10 11:45:32,137] {logging_mixin.py:109} INFO - [2023-04-10 11:45:32,137] {dag.py:2921} INFO - Setting next_dagrun for tutorial to 2023-04-09T11:45:32.137348+00:00
[2023-04-10 11:45:32,146] {processor.py:171} INFO - Processing /home/airflow/.local/lib/python3.7/site-packages/airflow/example_dags/tutorial.py took 0.070 seconds
[2023-04-10 11:46:02,360] {processor.py:163} INFO - Started process (PID=2410) to work on /home/airflow/.local/lib/python3.7/site-packages/airflow/example_dags/tutorial.py
[2023-04-10 11:46:02,361] {processor.py:620} INFO - Processing file /home/airflow/.local/lib/python3.7/site-packages/airflow/example_dags/tutorial.py for tasks to queue
[2023-04-10 11:46:02,361] {logging_mixin.py:109} INFO - [2023-04-10 11:46:02,361] {dagbag.py:500} INFO - Filling up the DagBag from /home/airflow/.local/lib/python3.7/site-packages/airflow/example_dags/tutorial.py
[2023-04-10 11:46:02,386] {processor.py:632} INFO - DAG(s) dict_keys(['tutorial']) retrieved from /home/airflow/.local/lib/python3.7/site-packages/airflow/example_dags/tutorial.py
[2023-04-10 11:46:02,393] {logging_mixin.py:109} INFO - [2023-04-10 11:46:02,393] {dag.py:2389} INFO - Sync 1 DAGs
[2023-04-10 11:46:02,406] {logging_mixin.py:109} INFO - [2023-04-10 11:46:02,406] {dag.py:2921} INFO - Setting next_dagrun for tutorial to 2023-04-09T11:46:02.405777+00:00
[2023-04-10 11:46:02,415] {processor.py:171} INFO - Processing /home/airflow/.local/lib/python3.7/site-packages/airflow/example_dags/tutorial.py took 0.058 seconds
[2023-04-10 11:46:32,487] {processor.py:163} INFO - Started process (PID=2469) to work on /home/airflow/.local/lib/python3.7/site-packages/airflow/example_dags/tutorial.py
[2023-04-10 11:46:32,495] {processor.py:620} INFO - Processing file /home/airflow/.local/lib/python3.7/site-packages/airflow/example_dags/tutorial.py for tasks to queue
[2023-04-10 11:46:32,495] {logging_mixin.py:109} INFO - [2023-04-10 11:46:32,495] {dagbag.py:500} INFO - Filling up the DagBag from /home/airflow/.local/lib/python3.7/site-packages/airflow/example_dags/tutorial.py
[2023-04-10 11:46:32,516] {processor.py:632} INFO - DAG(s) dict_keys(['tutorial']) retrieved from /home/airflow/.local/lib/python3.7/site-packages/airflow/example_dags/tutorial.py
[2023-04-10 11:46:32,524] {logging_mixin.py:109} INFO - [2023-04-10 11:46:32,524] {dag.py:2389} INFO - Sync 1 DAGs
[2023-04-10 11:46:32,538] {logging_mixin.py:109} INFO - [2023-04-10 11:46:32,538] {dag.py:2921} INFO - Setting next_dagrun for tutorial to 2023-04-09T11:46:32.538101+00:00
[2023-04-10 11:46:32,547] {processor.py:171} INFO - Processing /home/airflow/.local/lib/python3.7/site-packages/airflow/example_dags/tutorial.py took 0.062 seconds
[2023-04-10 11:47:02,661] {processor.py:163} INFO - Started process (PID=2520) to work on /home/airflow/.local/lib/python3.7/site-packages/airflow/example_dags/tutorial.py
[2023-04-10 11:47:02,662] {processor.py:620} INFO - Processing file /home/airflow/.local/lib/python3.7/site-packages/airflow/example_dags/tutorial.py for tasks to queue
[2023-04-10 11:47:02,662] {logging_mixin.py:109} INFO - [2023-04-10 11:47:02,662] {dagbag.py:500} INFO - Filling up the DagBag from /home/airflow/.local/lib/python3.7/site-packages/airflow/example_dags/tutorial.py
[2023-04-10 11:47:02,683] {processor.py:632} INFO - DAG(s) dict_keys(['tutorial']) retrieved from /home/airflow/.local/lib/python3.7/site-packages/airflow/example_dags/tutorial.py
[2023-04-10 11:47:02,690] {logging_mixin.py:109} INFO - [2023-04-10 11:47:02,690] {dag.py:2389} INFO - Sync 1 DAGs
[2023-04-10 11:47:02,703] {logging_mixin.py:109} INFO - [2023-04-10 11:47:02,703] {dag.py:2921} INFO - Setting next_dagrun for tutorial to 2023-04-09T11:47:02.703120+00:00
[2023-04-10 11:47:02,709] {processor.py:171} INFO - Processing /home/airflow/.local/lib/python3.7/site-packages/airflow/example_dags/tutorial.py took 0.051 seconds
[2023-04-10 11:47:33,316] {processor.py:163} INFO - Started process (PID=2571) to work on /home/airflow/.local/lib/python3.7/site-packages/airflow/example_dags/tutorial.py
[2023-04-10 11:47:33,317] {processor.py:620} INFO - Processing file /home/airflow/.local/lib/python3.7/site-packages/airflow/example_dags/tutorial.py for tasks to queue
[2023-04-10 11:47:33,318] {logging_mixin.py:109} INFO - [2023-04-10 11:47:33,318] {dagbag.py:500} INFO - Filling up the DagBag from /home/airflow/.local/lib/python3.7/site-packages/airflow/example_dags/tutorial.py
[2023-04-10 11:47:33,337] {processor.py:632} INFO - DAG(s) dict_keys(['tutorial']) retrieved from /home/airflow/.local/lib/python3.7/site-packages/airflow/example_dags/tutorial.py
[2023-04-10 11:47:33,344] {logging_mixin.py:109} INFO - [2023-04-10 11:47:33,344] {dag.py:2389} INFO - Sync 1 DAGs
[2023-04-10 11:47:33,356] {logging_mixin.py:109} INFO - [2023-04-10 11:47:33,356] {dag.py:2921} INFO - Setting next_dagrun for tutorial to 2023-04-09T11:47:33.356480+00:00
[2023-04-10 11:47:33,365] {processor.py:171} INFO - Processing /home/airflow/.local/lib/python3.7/site-packages/airflow/example_dags/tutorial.py took 0.051 seconds
[2023-04-10 11:48:03,900] {processor.py:163} INFO - Started process (PID=3125) to work on /home/airflow/.local/lib/python3.7/site-packages/airflow/example_dags/tutorial.py
[2023-04-10 11:48:03,901] {processor.py:620} INFO - Processing file /home/airflow/.local/lib/python3.7/site-packages/airflow/example_dags/tutorial.py for tasks to queue
[2023-04-10 11:48:03,901] {logging_mixin.py:109} INFO - [2023-04-10 11:48:03,901] {dagbag.py:500} INFO - Filling up the DagBag from /home/airflow/.local/lib/python3.7/site-packages/airflow/example_dags/tutorial.py
[2023-04-10 11:48:03,925] {processor.py:632} INFO - DAG(s) dict_keys(['tutorial']) retrieved from /home/airflow/.local/lib/python3.7/site-packages/airflow/example_dags/tutorial.py
[2023-04-10 11:48:03,932] {logging_mixin.py:109} INFO - [2023-04-10 11:48:03,932] {dag.py:2389} INFO - Sync 1 DAGs
[2023-04-10 11:48:03,943] {logging_mixin.py:109} INFO - [2023-04-10 11:48:03,943] {dag.py:2921} INFO - Setting next_dagrun for tutorial to 2023-04-09T11:48:03.943444+00:00
[2023-04-10 11:48:03,951] {processor.py:171} INFO - Processing /home/airflow/.local/lib/python3.7/site-packages/airflow/example_dags/tutorial.py took 0.054 seconds
[2023-04-10 11:48:03,987] {processor.py:163} INFO - Started process (PID=2631) to work on /home/airflow/.local/lib/python3.7/site-packages/airflow/example_dags/tutorial.py
[2023-04-10 11:48:03,987] {processor.py:620} INFO - Processing file /home/airflow/.local/lib/python3.7/site-packages/airflow/example_dags/tutorial.py for tasks to queue
[2023-04-10 11:48:03,988] {logging_mixin.py:109} INFO - [2023-04-10 11:48:03,988] {dagbag.py:500} INFO - Filling up the DagBag from /home/airflow/.local/lib/python3.7/site-packages/airflow/example_dags/tutorial.py
[2023-04-10 11:48:04,012] {processor.py:632} INFO - DAG(s) dict_keys(['tutorial']) retrieved from /home/airflow/.local/lib/python3.7/site-packages/airflow/example_dags/tutorial.py
[2023-04-10 11:48:04,021] {logging_mixin.py:109} INFO - [2023-04-10 11:48:04,021] {dag.py:2389} INFO - Sync 1 DAGs
[2023-04-10 11:48:04,036] {logging_mixin.py:109} INFO - [2023-04-10 11:48:04,036] {dag.py:2921} INFO - Setting next_dagrun for tutorial to 2023-04-09T11:48:04.036508+00:00
[2023-04-10 11:48:04,135] {processor.py:171} INFO - Processing /home/airflow/.local/lib/python3.7/site-packages/airflow/example_dags/tutorial.py took 0.150 seconds
[2023-04-10 11:48:34,914] {processor.py:163} INFO - Started process (PID=2682) to work on /home/airflow/.local/lib/python3.7/site-packages/airflow/example_dags/tutorial.py
[2023-04-10 11:48:34,915] {processor.py:620} INFO - Processing file /home/airflow/.local/lib/python3.7/site-packages/airflow/example_dags/tutorial.py for tasks to queue
[2023-04-10 11:48:34,915] {logging_mixin.py:109} INFO - [2023-04-10 11:48:34,915] {dagbag.py:500} INFO - Filling up the DagBag from /home/airflow/.local/lib/python3.7/site-packages/airflow/example_dags/tutorial.py
[2023-04-10 11:48:34,942] {processor.py:632} INFO - DAG(s) dict_keys(['tutorial']) retrieved from /home/airflow/.local/lib/python3.7/site-packages/airflow/example_dags/tutorial.py
[2023-04-10 11:48:34,950] {logging_mixin.py:109} INFO - [2023-04-10 11:48:34,950] {dag.py:2389} INFO - Sync 1 DAGs
[2023-04-10 11:48:35,059] {logging_mixin.py:109} INFO - [2023-04-10 11:48:35,059] {dag.py:2921} INFO - Setting next_dagrun for tutorial to 2023-04-09T11:48:35.059056+00:00
[2023-04-10 11:48:35,071] {processor.py:171} INFO - Processing /home/airflow/.local/lib/python3.7/site-packages/airflow/example_dags/tutorial.py took 0.160 seconds
