[2023-04-10 11:26:43,634] {processor.py:163} INFO - Started process (PID=121) to work on /home/airflow/.local/lib/python3.7/site-packages/airflow/example_dags/tutorial_etl_dag.py
[2023-04-10 11:26:43,635] {processor.py:620} INFO - Processing file /home/airflow/.local/lib/python3.7/site-packages/airflow/example_dags/tutorial_etl_dag.py for tasks to queue
[2023-04-10 11:26:43,636] {logging_mixin.py:109} INFO - [2023-04-10 11:26:43,636] {dagbag.py:500} INFO - Filling up the DagBag from /home/airflow/.local/lib/python3.7/site-packages/airflow/example_dags/tutorial_etl_dag.py
[2023-04-10 11:26:43,658] {processor.py:632} INFO - DAG(s) dict_keys(['tutorial_etl_dag']) retrieved from /home/airflow/.local/lib/python3.7/site-packages/airflow/example_dags/tutorial_etl_dag.py
[2023-04-10 11:26:45,138] {logging_mixin.py:109} INFO - [2023-04-10 11:26:45,137] {providers_manager.py:156} WARNING - Exception when importing 'airflow.providers.google.leveldb.hooks.leveldb.LevelDBHook' from 'apache-airflow-providers-google' package: No module named 'plyvel'
[2023-04-10 11:26:45,479] {logging_mixin.py:109} INFO - [2023-04-10 11:26:45,479] {providers_manager.py:156} WARNING - Exception when importing 'airflow.providers.google.leveldb.hooks.leveldb.LevelDBHook' from 'apache-airflow-providers-google' package: No module named 'plyvel'
[2023-04-10 11:26:45,498] {logging_mixin.py:109} INFO - [2023-04-10 11:26:45,498] {manager.py:496} INFO - Created Permission View: can read on DAG:tutorial_etl_dag
[2023-04-10 11:26:45,506] {logging_mixin.py:109} INFO - [2023-04-10 11:26:45,506] {manager.py:496} INFO - Created Permission View: can edit on DAG:tutorial_etl_dag
[2023-04-10 11:26:45,506] {logging_mixin.py:109} INFO - [2023-04-10 11:26:45,506] {dag.py:2389} INFO - Sync 1 DAGs
[2023-04-10 11:26:45,511] {logging_mixin.py:109} INFO - [2023-04-10 11:26:45,511] {dag.py:2408} INFO - Creating ORM DAG for tutorial_etl_dag
[2023-04-10 11:26:45,517] {logging_mixin.py:109} INFO - [2023-04-10 11:26:45,517] {dag.py:2921} INFO - Setting next_dagrun for tutorial_etl_dag to None
[2023-04-10 11:26:45,527] {processor.py:171} INFO - Processing /home/airflow/.local/lib/python3.7/site-packages/airflow/example_dags/tutorial_etl_dag.py took 1.895 seconds
[2023-04-10 11:27:16,379] {processor.py:163} INFO - Started process (PID=365) to work on /home/airflow/.local/lib/python3.7/site-packages/airflow/example_dags/tutorial_etl_dag.py
[2023-04-10 11:27:16,380] {processor.py:620} INFO - Processing file /home/airflow/.local/lib/python3.7/site-packages/airflow/example_dags/tutorial_etl_dag.py for tasks to queue
[2023-04-10 11:27:16,381] {logging_mixin.py:109} INFO - [2023-04-10 11:27:16,381] {dagbag.py:500} INFO - Filling up the DagBag from /home/airflow/.local/lib/python3.7/site-packages/airflow/example_dags/tutorial_etl_dag.py
[2023-04-10 11:27:16,413] {processor.py:632} INFO - DAG(s) dict_keys(['tutorial_etl_dag']) retrieved from /home/airflow/.local/lib/python3.7/site-packages/airflow/example_dags/tutorial_etl_dag.py
[2023-04-10 11:27:16,426] {logging_mixin.py:109} INFO - [2023-04-10 11:27:16,426] {dag.py:2389} INFO - Sync 1 DAGs
[2023-04-10 11:27:16,447] {logging_mixin.py:109} INFO - [2023-04-10 11:27:16,447] {dag.py:2921} INFO - Setting next_dagrun for tutorial_etl_dag to None
[2023-04-10 11:27:16,460] {processor.py:171} INFO - Processing /home/airflow/.local/lib/python3.7/site-packages/airflow/example_dags/tutorial_etl_dag.py took 0.085 seconds
[2023-04-10 11:27:46,717] {processor.py:163} INFO - Started process (PID=416) to work on /home/airflow/.local/lib/python3.7/site-packages/airflow/example_dags/tutorial_etl_dag.py
[2023-04-10 11:27:46,718] {processor.py:620} INFO - Processing file /home/airflow/.local/lib/python3.7/site-packages/airflow/example_dags/tutorial_etl_dag.py for tasks to queue
[2023-04-10 11:27:46,718] {logging_mixin.py:109} INFO - [2023-04-10 11:27:46,718] {dagbag.py:500} INFO - Filling up the DagBag from /home/airflow/.local/lib/python3.7/site-packages/airflow/example_dags/tutorial_etl_dag.py
[2023-04-10 11:27:46,739] {processor.py:632} INFO - DAG(s) dict_keys(['tutorial_etl_dag']) retrieved from /home/airflow/.local/lib/python3.7/site-packages/airflow/example_dags/tutorial_etl_dag.py
[2023-04-10 11:27:46,748] {logging_mixin.py:109} INFO - [2023-04-10 11:27:46,748] {dag.py:2389} INFO - Sync 1 DAGs
[2023-04-10 11:27:46,764] {logging_mixin.py:109} INFO - [2023-04-10 11:27:46,764] {dag.py:2921} INFO - Setting next_dagrun for tutorial_etl_dag to None
[2023-04-10 11:27:46,772] {processor.py:171} INFO - Processing /home/airflow/.local/lib/python3.7/site-packages/airflow/example_dags/tutorial_etl_dag.py took 0.057 seconds
[2023-04-10 11:28:16,857] {processor.py:163} INFO - Started process (PID=467) to work on /home/airflow/.local/lib/python3.7/site-packages/airflow/example_dags/tutorial_etl_dag.py
[2023-04-10 11:28:16,861] {processor.py:620} INFO - Processing file /home/airflow/.local/lib/python3.7/site-packages/airflow/example_dags/tutorial_etl_dag.py for tasks to queue
[2023-04-10 11:28:16,861] {logging_mixin.py:109} INFO - [2023-04-10 11:28:16,861] {dagbag.py:500} INFO - Filling up the DagBag from /home/airflow/.local/lib/python3.7/site-packages/airflow/example_dags/tutorial_etl_dag.py
[2023-04-10 11:28:16,884] {processor.py:632} INFO - DAG(s) dict_keys(['tutorial_etl_dag']) retrieved from /home/airflow/.local/lib/python3.7/site-packages/airflow/example_dags/tutorial_etl_dag.py
[2023-04-10 11:28:16,891] {logging_mixin.py:109} INFO - [2023-04-10 11:28:16,891] {dag.py:2389} INFO - Sync 1 DAGs
[2023-04-10 11:28:16,903] {logging_mixin.py:109} INFO - [2023-04-10 11:28:16,903] {dag.py:2921} INFO - Setting next_dagrun for tutorial_etl_dag to None
[2023-04-10 11:28:16,911] {processor.py:171} INFO - Processing /home/airflow/.local/lib/python3.7/site-packages/airflow/example_dags/tutorial_etl_dag.py took 0.057 seconds
[2023-04-10 11:28:47,126] {processor.py:163} INFO - Started process (PID=527) to work on /home/airflow/.local/lib/python3.7/site-packages/airflow/example_dags/tutorial_etl_dag.py
[2023-04-10 11:28:47,127] {processor.py:620} INFO - Processing file /home/airflow/.local/lib/python3.7/site-packages/airflow/example_dags/tutorial_etl_dag.py for tasks to queue
[2023-04-10 11:28:47,127] {logging_mixin.py:109} INFO - [2023-04-10 11:28:47,127] {dagbag.py:500} INFO - Filling up the DagBag from /home/airflow/.local/lib/python3.7/site-packages/airflow/example_dags/tutorial_etl_dag.py
[2023-04-10 11:28:47,149] {processor.py:632} INFO - DAG(s) dict_keys(['tutorial_etl_dag']) retrieved from /home/airflow/.local/lib/python3.7/site-packages/airflow/example_dags/tutorial_etl_dag.py
[2023-04-10 11:28:47,157] {logging_mixin.py:109} INFO - [2023-04-10 11:28:47,157] {dag.py:2389} INFO - Sync 1 DAGs
[2023-04-10 11:28:47,169] {logging_mixin.py:109} INFO - [2023-04-10 11:28:47,169] {dag.py:2921} INFO - Setting next_dagrun for tutorial_etl_dag to None
[2023-04-10 11:28:47,179] {processor.py:171} INFO - Processing /home/airflow/.local/lib/python3.7/site-packages/airflow/example_dags/tutorial_etl_dag.py took 0.056 seconds
[2023-04-10 11:29:17,240] {processor.py:163} INFO - Started process (PID=579) to work on /home/airflow/.local/lib/python3.7/site-packages/airflow/example_dags/tutorial_etl_dag.py
[2023-04-10 11:29:17,241] {processor.py:620} INFO - Processing file /home/airflow/.local/lib/python3.7/site-packages/airflow/example_dags/tutorial_etl_dag.py for tasks to queue
[2023-04-10 11:29:17,242] {logging_mixin.py:109} INFO - [2023-04-10 11:29:17,242] {dagbag.py:500} INFO - Filling up the DagBag from /home/airflow/.local/lib/python3.7/site-packages/airflow/example_dags/tutorial_etl_dag.py
[2023-04-10 11:29:17,265] {processor.py:632} INFO - DAG(s) dict_keys(['tutorial_etl_dag']) retrieved from /home/airflow/.local/lib/python3.7/site-packages/airflow/example_dags/tutorial_etl_dag.py
[2023-04-10 11:29:17,272] {logging_mixin.py:109} INFO - [2023-04-10 11:29:17,272] {dag.py:2389} INFO - Sync 1 DAGs
[2023-04-10 11:29:17,286] {logging_mixin.py:109} INFO - [2023-04-10 11:29:17,285] {dag.py:2921} INFO - Setting next_dagrun for tutorial_etl_dag to None
[2023-04-10 11:29:17,296] {processor.py:171} INFO - Processing /home/airflow/.local/lib/python3.7/site-packages/airflow/example_dags/tutorial_etl_dag.py took 0.058 seconds
[2023-04-10 11:29:47,571] {processor.py:163} INFO - Started process (PID=640) to work on /home/airflow/.local/lib/python3.7/site-packages/airflow/example_dags/tutorial_etl_dag.py
[2023-04-10 11:29:47,571] {processor.py:620} INFO - Processing file /home/airflow/.local/lib/python3.7/site-packages/airflow/example_dags/tutorial_etl_dag.py for tasks to queue
[2023-04-10 11:29:47,571] {logging_mixin.py:109} INFO - [2023-04-10 11:29:47,571] {dagbag.py:500} INFO - Filling up the DagBag from /home/airflow/.local/lib/python3.7/site-packages/airflow/example_dags/tutorial_etl_dag.py
[2023-04-10 11:29:47,591] {processor.py:632} INFO - DAG(s) dict_keys(['tutorial_etl_dag']) retrieved from /home/airflow/.local/lib/python3.7/site-packages/airflow/example_dags/tutorial_etl_dag.py
[2023-04-10 11:29:47,598] {logging_mixin.py:109} INFO - [2023-04-10 11:29:47,598] {dag.py:2389} INFO - Sync 1 DAGs
[2023-04-10 11:29:47,608] {logging_mixin.py:109} INFO - [2023-04-10 11:29:47,608] {dag.py:2921} INFO - Setting next_dagrun for tutorial_etl_dag to None
[2023-04-10 11:29:47,616] {processor.py:171} INFO - Processing /home/airflow/.local/lib/python3.7/site-packages/airflow/example_dags/tutorial_etl_dag.py took 0.048 seconds
[2023-04-10 11:30:18,023] {processor.py:163} INFO - Started process (PID=691) to work on /home/airflow/.local/lib/python3.7/site-packages/airflow/example_dags/tutorial_etl_dag.py
[2023-04-10 11:30:18,024] {processor.py:620} INFO - Processing file /home/airflow/.local/lib/python3.7/site-packages/airflow/example_dags/tutorial_etl_dag.py for tasks to queue
[2023-04-10 11:30:18,025] {logging_mixin.py:109} INFO - [2023-04-10 11:30:18,025] {dagbag.py:500} INFO - Filling up the DagBag from /home/airflow/.local/lib/python3.7/site-packages/airflow/example_dags/tutorial_etl_dag.py
[2023-04-10 11:30:18,043] {processor.py:632} INFO - DAG(s) dict_keys(['tutorial_etl_dag']) retrieved from /home/airflow/.local/lib/python3.7/site-packages/airflow/example_dags/tutorial_etl_dag.py
[2023-04-10 11:30:18,049] {logging_mixin.py:109} INFO - [2023-04-10 11:30:18,049] {dag.py:2389} INFO - Sync 1 DAGs
[2023-04-10 11:30:18,059] {logging_mixin.py:109} INFO - [2023-04-10 11:30:18,059] {dag.py:2921} INFO - Setting next_dagrun for tutorial_etl_dag to None
[2023-04-10 11:30:18,068] {processor.py:171} INFO - Processing /home/airflow/.local/lib/python3.7/site-packages/airflow/example_dags/tutorial_etl_dag.py took 0.047 seconds
[2023-04-10 11:30:48,493] {processor.py:163} INFO - Started process (PID=751) to work on /home/airflow/.local/lib/python3.7/site-packages/airflow/example_dags/tutorial_etl_dag.py
[2023-04-10 11:30:48,494] {processor.py:620} INFO - Processing file /home/airflow/.local/lib/python3.7/site-packages/airflow/example_dags/tutorial_etl_dag.py for tasks to queue
[2023-04-10 11:30:48,494] {logging_mixin.py:109} INFO - [2023-04-10 11:30:48,494] {dagbag.py:500} INFO - Filling up the DagBag from /home/airflow/.local/lib/python3.7/site-packages/airflow/example_dags/tutorial_etl_dag.py
[2023-04-10 11:30:48,527] {processor.py:632} INFO - DAG(s) dict_keys(['tutorial_etl_dag']) retrieved from /home/airflow/.local/lib/python3.7/site-packages/airflow/example_dags/tutorial_etl_dag.py
[2023-04-10 11:30:48,539] {logging_mixin.py:109} INFO - [2023-04-10 11:30:48,539] {dag.py:2389} INFO - Sync 1 DAGs
[2023-04-10 11:30:48,561] {logging_mixin.py:109} INFO - [2023-04-10 11:30:48,561] {dag.py:2921} INFO - Setting next_dagrun for tutorial_etl_dag to None
[2023-04-10 11:30:48,574] {processor.py:171} INFO - Processing /home/airflow/.local/lib/python3.7/site-packages/airflow/example_dags/tutorial_etl_dag.py took 0.084 seconds
[2023-04-10 11:31:18,814] {processor.py:163} INFO - Started process (PID=802) to work on /home/airflow/.local/lib/python3.7/site-packages/airflow/example_dags/tutorial_etl_dag.py
[2023-04-10 11:31:18,815] {processor.py:620} INFO - Processing file /home/airflow/.local/lib/python3.7/site-packages/airflow/example_dags/tutorial_etl_dag.py for tasks to queue
[2023-04-10 11:31:18,816] {logging_mixin.py:109} INFO - [2023-04-10 11:31:18,816] {dagbag.py:500} INFO - Filling up the DagBag from /home/airflow/.local/lib/python3.7/site-packages/airflow/example_dags/tutorial_etl_dag.py
[2023-04-10 11:31:18,837] {processor.py:632} INFO - DAG(s) dict_keys(['tutorial_etl_dag']) retrieved from /home/airflow/.local/lib/python3.7/site-packages/airflow/example_dags/tutorial_etl_dag.py
[2023-04-10 11:31:18,845] {logging_mixin.py:109} INFO - [2023-04-10 11:31:18,844] {dag.py:2389} INFO - Sync 1 DAGs
[2023-04-10 11:31:18,858] {logging_mixin.py:109} INFO - [2023-04-10 11:31:18,858] {dag.py:2921} INFO - Setting next_dagrun for tutorial_etl_dag to None
[2023-04-10 11:31:18,868] {processor.py:171} INFO - Processing /home/airflow/.local/lib/python3.7/site-packages/airflow/example_dags/tutorial_etl_dag.py took 0.058 seconds
[2023-04-10 11:31:49,157] {processor.py:163} INFO - Started process (PID=861) to work on /home/airflow/.local/lib/python3.7/site-packages/airflow/example_dags/tutorial_etl_dag.py
[2023-04-10 11:31:49,158] {processor.py:620} INFO - Processing file /home/airflow/.local/lib/python3.7/site-packages/airflow/example_dags/tutorial_etl_dag.py for tasks to queue
[2023-04-10 11:31:49,159] {logging_mixin.py:109} INFO - [2023-04-10 11:31:49,159] {dagbag.py:500} INFO - Filling up the DagBag from /home/airflow/.local/lib/python3.7/site-packages/airflow/example_dags/tutorial_etl_dag.py
[2023-04-10 11:31:49,182] {processor.py:632} INFO - DAG(s) dict_keys(['tutorial_etl_dag']) retrieved from /home/airflow/.local/lib/python3.7/site-packages/airflow/example_dags/tutorial_etl_dag.py
[2023-04-10 11:31:49,191] {logging_mixin.py:109} INFO - [2023-04-10 11:31:49,191] {dag.py:2389} INFO - Sync 1 DAGs
[2023-04-10 11:31:49,206] {logging_mixin.py:109} INFO - [2023-04-10 11:31:49,206] {dag.py:2921} INFO - Setting next_dagrun for tutorial_etl_dag to None
[2023-04-10 11:31:49,215] {processor.py:171} INFO - Processing /home/airflow/.local/lib/python3.7/site-packages/airflow/example_dags/tutorial_etl_dag.py took 0.060 seconds
[2023-04-10 11:32:19,305] {processor.py:163} INFO - Started process (PID=915) to work on /home/airflow/.local/lib/python3.7/site-packages/airflow/example_dags/tutorial_etl_dag.py
[2023-04-10 11:32:19,305] {processor.py:620} INFO - Processing file /home/airflow/.local/lib/python3.7/site-packages/airflow/example_dags/tutorial_etl_dag.py for tasks to queue
[2023-04-10 11:32:19,306] {logging_mixin.py:109} INFO - [2023-04-10 11:32:19,306] {dagbag.py:500} INFO - Filling up the DagBag from /home/airflow/.local/lib/python3.7/site-packages/airflow/example_dags/tutorial_etl_dag.py
[2023-04-10 11:32:19,330] {processor.py:632} INFO - DAG(s) dict_keys(['tutorial_etl_dag']) retrieved from /home/airflow/.local/lib/python3.7/site-packages/airflow/example_dags/tutorial_etl_dag.py
[2023-04-10 11:32:19,339] {logging_mixin.py:109} INFO - [2023-04-10 11:32:19,339] {dag.py:2389} INFO - Sync 1 DAGs
[2023-04-10 11:32:19,355] {logging_mixin.py:109} INFO - [2023-04-10 11:32:19,355] {dag.py:2921} INFO - Setting next_dagrun for tutorial_etl_dag to None
[2023-04-10 11:32:19,363] {processor.py:171} INFO - Processing /home/airflow/.local/lib/python3.7/site-packages/airflow/example_dags/tutorial_etl_dag.py took 0.062 seconds
[2023-04-10 11:32:49,603] {processor.py:163} INFO - Started process (PID=966) to work on /home/airflow/.local/lib/python3.7/site-packages/airflow/example_dags/tutorial_etl_dag.py
[2023-04-10 11:32:49,608] {processor.py:620} INFO - Processing file /home/airflow/.local/lib/python3.7/site-packages/airflow/example_dags/tutorial_etl_dag.py for tasks to queue
[2023-04-10 11:32:49,609] {logging_mixin.py:109} INFO - [2023-04-10 11:32:49,609] {dagbag.py:500} INFO - Filling up the DagBag from /home/airflow/.local/lib/python3.7/site-packages/airflow/example_dags/tutorial_etl_dag.py
[2023-04-10 11:32:49,628] {processor.py:632} INFO - DAG(s) dict_keys(['tutorial_etl_dag']) retrieved from /home/airflow/.local/lib/python3.7/site-packages/airflow/example_dags/tutorial_etl_dag.py
[2023-04-10 11:32:49,635] {logging_mixin.py:109} INFO - [2023-04-10 11:32:49,635] {dag.py:2389} INFO - Sync 1 DAGs
[2023-04-10 11:32:49,646] {logging_mixin.py:109} INFO - [2023-04-10 11:32:49,646] {dag.py:2921} INFO - Setting next_dagrun for tutorial_etl_dag to None
[2023-04-10 11:32:49,653] {processor.py:171} INFO - Processing /home/airflow/.local/lib/python3.7/site-packages/airflow/example_dags/tutorial_etl_dag.py took 0.053 seconds
[2023-04-10 11:33:20,062] {processor.py:163} INFO - Started process (PID=1027) to work on /home/airflow/.local/lib/python3.7/site-packages/airflow/example_dags/tutorial_etl_dag.py
[2023-04-10 11:33:20,063] {processor.py:620} INFO - Processing file /home/airflow/.local/lib/python3.7/site-packages/airflow/example_dags/tutorial_etl_dag.py for tasks to queue
[2023-04-10 11:33:20,063] {logging_mixin.py:109} INFO - [2023-04-10 11:33:20,063] {dagbag.py:500} INFO - Filling up the DagBag from /home/airflow/.local/lib/python3.7/site-packages/airflow/example_dags/tutorial_etl_dag.py
[2023-04-10 11:33:20,083] {processor.py:632} INFO - DAG(s) dict_keys(['tutorial_etl_dag']) retrieved from /home/airflow/.local/lib/python3.7/site-packages/airflow/example_dags/tutorial_etl_dag.py
[2023-04-10 11:33:20,090] {logging_mixin.py:109} INFO - [2023-04-10 11:33:20,090] {dag.py:2389} INFO - Sync 1 DAGs
[2023-04-10 11:33:20,103] {logging_mixin.py:109} INFO - [2023-04-10 11:33:20,103] {dag.py:2921} INFO - Setting next_dagrun for tutorial_etl_dag to None
[2023-04-10 11:33:20,112] {processor.py:171} INFO - Processing /home/airflow/.local/lib/python3.7/site-packages/airflow/example_dags/tutorial_etl_dag.py took 0.052 seconds
[2023-04-10 11:33:50,620] {processor.py:163} INFO - Started process (PID=1078) to work on /home/airflow/.local/lib/python3.7/site-packages/airflow/example_dags/tutorial_etl_dag.py
[2023-04-10 11:33:50,621] {processor.py:620} INFO - Processing file /home/airflow/.local/lib/python3.7/site-packages/airflow/example_dags/tutorial_etl_dag.py for tasks to queue
[2023-04-10 11:33:50,622] {logging_mixin.py:109} INFO - [2023-04-10 11:33:50,622] {dagbag.py:500} INFO - Filling up the DagBag from /home/airflow/.local/lib/python3.7/site-packages/airflow/example_dags/tutorial_etl_dag.py
[2023-04-10 11:33:50,642] {processor.py:632} INFO - DAG(s) dict_keys(['tutorial_etl_dag']) retrieved from /home/airflow/.local/lib/python3.7/site-packages/airflow/example_dags/tutorial_etl_dag.py
[2023-04-10 11:33:50,651] {logging_mixin.py:109} INFO - [2023-04-10 11:33:50,651] {dag.py:2389} INFO - Sync 1 DAGs
[2023-04-10 11:33:50,669] {logging_mixin.py:109} INFO - [2023-04-10 11:33:50,669] {dag.py:2921} INFO - Setting next_dagrun for tutorial_etl_dag to None
[2023-04-10 11:33:50,678] {processor.py:171} INFO - Processing /home/airflow/.local/lib/python3.7/site-packages/airflow/example_dags/tutorial_etl_dag.py took 0.060 seconds
[2023-04-10 11:34:21,053] {processor.py:163} INFO - Started process (PID=1138) to work on /home/airflow/.local/lib/python3.7/site-packages/airflow/example_dags/tutorial_etl_dag.py
[2023-04-10 11:34:21,053] {processor.py:620} INFO - Processing file /home/airflow/.local/lib/python3.7/site-packages/airflow/example_dags/tutorial_etl_dag.py for tasks to queue
[2023-04-10 11:34:21,053] {logging_mixin.py:109} INFO - [2023-04-10 11:34:21,053] {dagbag.py:500} INFO - Filling up the DagBag from /home/airflow/.local/lib/python3.7/site-packages/airflow/example_dags/tutorial_etl_dag.py
[2023-04-10 11:34:21,071] {processor.py:632} INFO - DAG(s) dict_keys(['tutorial_etl_dag']) retrieved from /home/airflow/.local/lib/python3.7/site-packages/airflow/example_dags/tutorial_etl_dag.py
[2023-04-10 11:34:21,078] {logging_mixin.py:109} INFO - [2023-04-10 11:34:21,078] {dag.py:2389} INFO - Sync 1 DAGs
[2023-04-10 11:34:21,088] {logging_mixin.py:109} INFO - [2023-04-10 11:34:21,088] {dag.py:2921} INFO - Setting next_dagrun for tutorial_etl_dag to None
[2023-04-10 11:34:21,096] {processor.py:171} INFO - Processing /home/airflow/.local/lib/python3.7/site-packages/airflow/example_dags/tutorial_etl_dag.py took 0.046 seconds
[2023-04-10 11:34:51,354] {processor.py:163} INFO - Started process (PID=1189) to work on /home/airflow/.local/lib/python3.7/site-packages/airflow/example_dags/tutorial_etl_dag.py
[2023-04-10 11:34:51,358] {processor.py:620} INFO - Processing file /home/airflow/.local/lib/python3.7/site-packages/airflow/example_dags/tutorial_etl_dag.py for tasks to queue
[2023-04-10 11:34:51,358] {logging_mixin.py:109} INFO - [2023-04-10 11:34:51,358] {dagbag.py:500} INFO - Filling up the DagBag from /home/airflow/.local/lib/python3.7/site-packages/airflow/example_dags/tutorial_etl_dag.py
[2023-04-10 11:34:51,378] {processor.py:632} INFO - DAG(s) dict_keys(['tutorial_etl_dag']) retrieved from /home/airflow/.local/lib/python3.7/site-packages/airflow/example_dags/tutorial_etl_dag.py
[2023-04-10 11:34:51,384] {logging_mixin.py:109} INFO - [2023-04-10 11:34:51,384] {dag.py:2389} INFO - Sync 1 DAGs
[2023-04-10 11:34:51,394] {logging_mixin.py:109} INFO - [2023-04-10 11:34:51,394] {dag.py:2921} INFO - Setting next_dagrun for tutorial_etl_dag to None
[2023-04-10 11:34:51,403] {processor.py:171} INFO - Processing /home/airflow/.local/lib/python3.7/site-packages/airflow/example_dags/tutorial_etl_dag.py took 0.052 seconds
[2023-04-10 11:35:21,658] {processor.py:163} INFO - Started process (PID=1249) to work on /home/airflow/.local/lib/python3.7/site-packages/airflow/example_dags/tutorial_etl_dag.py
[2023-04-10 11:35:21,659] {processor.py:620} INFO - Processing file /home/airflow/.local/lib/python3.7/site-packages/airflow/example_dags/tutorial_etl_dag.py for tasks to queue
[2023-04-10 11:35:21,660] {logging_mixin.py:109} INFO - [2023-04-10 11:35:21,660] {dagbag.py:500} INFO - Filling up the DagBag from /home/airflow/.local/lib/python3.7/site-packages/airflow/example_dags/tutorial_etl_dag.py
[2023-04-10 11:35:21,696] {processor.py:632} INFO - DAG(s) dict_keys(['tutorial_etl_dag']) retrieved from /home/airflow/.local/lib/python3.7/site-packages/airflow/example_dags/tutorial_etl_dag.py
[2023-04-10 11:35:21,708] {logging_mixin.py:109} INFO - [2023-04-10 11:35:21,708] {dag.py:2389} INFO - Sync 1 DAGs
[2023-04-10 11:35:21,727] {logging_mixin.py:109} INFO - [2023-04-10 11:35:21,727] {dag.py:2921} INFO - Setting next_dagrun for tutorial_etl_dag to None
[2023-04-10 11:35:21,739] {processor.py:171} INFO - Processing /home/airflow/.local/lib/python3.7/site-packages/airflow/example_dags/tutorial_etl_dag.py took 0.085 seconds
[2023-04-10 11:35:51,981] {processor.py:163} INFO - Started process (PID=1300) to work on /home/airflow/.local/lib/python3.7/site-packages/airflow/example_dags/tutorial_etl_dag.py
[2023-04-10 11:35:51,982] {processor.py:620} INFO - Processing file /home/airflow/.local/lib/python3.7/site-packages/airflow/example_dags/tutorial_etl_dag.py for tasks to queue
[2023-04-10 11:35:51,983] {logging_mixin.py:109} INFO - [2023-04-10 11:35:51,983] {dagbag.py:500} INFO - Filling up the DagBag from /home/airflow/.local/lib/python3.7/site-packages/airflow/example_dags/tutorial_etl_dag.py
[2023-04-10 11:35:52,008] {processor.py:632} INFO - DAG(s) dict_keys(['tutorial_etl_dag']) retrieved from /home/airflow/.local/lib/python3.7/site-packages/airflow/example_dags/tutorial_etl_dag.py
[2023-04-10 11:35:52,016] {logging_mixin.py:109} INFO - [2023-04-10 11:35:52,016] {dag.py:2389} INFO - Sync 1 DAGs
[2023-04-10 11:35:52,029] {logging_mixin.py:109} INFO - [2023-04-10 11:35:52,029] {dag.py:2921} INFO - Setting next_dagrun for tutorial_etl_dag to None
[2023-04-10 11:35:52,039] {processor.py:171} INFO - Processing /home/airflow/.local/lib/python3.7/site-packages/airflow/example_dags/tutorial_etl_dag.py took 0.062 seconds
[2023-04-10 11:36:22,386] {processor.py:163} INFO - Started process (PID=1352) to work on /home/airflow/.local/lib/python3.7/site-packages/airflow/example_dags/tutorial_etl_dag.py
[2023-04-10 11:36:22,391] {processor.py:620} INFO - Processing file /home/airflow/.local/lib/python3.7/site-packages/airflow/example_dags/tutorial_etl_dag.py for tasks to queue
[2023-04-10 11:36:22,392] {logging_mixin.py:109} INFO - [2023-04-10 11:36:22,392] {dagbag.py:500} INFO - Filling up the DagBag from /home/airflow/.local/lib/python3.7/site-packages/airflow/example_dags/tutorial_etl_dag.py
[2023-04-10 11:36:22,470] {processor.py:632} INFO - DAG(s) dict_keys(['tutorial_etl_dag']) retrieved from /home/airflow/.local/lib/python3.7/site-packages/airflow/example_dags/tutorial_etl_dag.py
[2023-04-10 11:36:22,477] {logging_mixin.py:109} INFO - [2023-04-10 11:36:22,477] {dag.py:2389} INFO - Sync 1 DAGs
[2023-04-10 11:36:22,491] {logging_mixin.py:109} INFO - [2023-04-10 11:36:22,491] {dag.py:2921} INFO - Setting next_dagrun for tutorial_etl_dag to None
[2023-04-10 11:36:22,500] {processor.py:171} INFO - Processing /home/airflow/.local/lib/python3.7/site-packages/airflow/example_dags/tutorial_etl_dag.py took 0.117 seconds
[2023-04-10 11:36:52,785] {processor.py:163} INFO - Started process (PID=1413) to work on /home/airflow/.local/lib/python3.7/site-packages/airflow/example_dags/tutorial_etl_dag.py
[2023-04-10 11:36:52,786] {processor.py:620} INFO - Processing file /home/airflow/.local/lib/python3.7/site-packages/airflow/example_dags/tutorial_etl_dag.py for tasks to queue
[2023-04-10 11:36:52,786] {logging_mixin.py:109} INFO - [2023-04-10 11:36:52,786] {dagbag.py:500} INFO - Filling up the DagBag from /home/airflow/.local/lib/python3.7/site-packages/airflow/example_dags/tutorial_etl_dag.py
[2023-04-10 11:36:52,809] {processor.py:632} INFO - DAG(s) dict_keys(['tutorial_etl_dag']) retrieved from /home/airflow/.local/lib/python3.7/site-packages/airflow/example_dags/tutorial_etl_dag.py
[2023-04-10 11:36:52,818] {logging_mixin.py:109} INFO - [2023-04-10 11:36:52,818] {dag.py:2389} INFO - Sync 1 DAGs
[2023-04-10 11:36:52,837] {logging_mixin.py:109} INFO - [2023-04-10 11:36:52,837] {dag.py:2921} INFO - Setting next_dagrun for tutorial_etl_dag to None
[2023-04-10 11:36:52,847] {processor.py:171} INFO - Processing /home/airflow/.local/lib/python3.7/site-packages/airflow/example_dags/tutorial_etl_dag.py took 0.065 seconds
[2023-04-10 11:37:23,117] {processor.py:163} INFO - Started process (PID=1464) to work on /home/airflow/.local/lib/python3.7/site-packages/airflow/example_dags/tutorial_etl_dag.py
[2023-04-10 11:37:23,117] {processor.py:620} INFO - Processing file /home/airflow/.local/lib/python3.7/site-packages/airflow/example_dags/tutorial_etl_dag.py for tasks to queue
[2023-04-10 11:37:23,117] {logging_mixin.py:109} INFO - [2023-04-10 11:37:23,117] {dagbag.py:500} INFO - Filling up the DagBag from /home/airflow/.local/lib/python3.7/site-packages/airflow/example_dags/tutorial_etl_dag.py
[2023-04-10 11:37:23,137] {processor.py:632} INFO - DAG(s) dict_keys(['tutorial_etl_dag']) retrieved from /home/airflow/.local/lib/python3.7/site-packages/airflow/example_dags/tutorial_etl_dag.py
[2023-04-10 11:37:23,144] {logging_mixin.py:109} INFO - [2023-04-10 11:37:23,144] {dag.py:2389} INFO - Sync 1 DAGs
[2023-04-10 11:37:23,155] {logging_mixin.py:109} INFO - [2023-04-10 11:37:23,155] {dag.py:2921} INFO - Setting next_dagrun for tutorial_etl_dag to None
[2023-04-10 11:37:23,164] {processor.py:171} INFO - Processing /home/airflow/.local/lib/python3.7/site-packages/airflow/example_dags/tutorial_etl_dag.py took 0.050 seconds
[2023-04-10 11:37:53,408] {processor.py:163} INFO - Started process (PID=1525) to work on /home/airflow/.local/lib/python3.7/site-packages/airflow/example_dags/tutorial_etl_dag.py
[2023-04-10 11:37:53,409] {processor.py:620} INFO - Processing file /home/airflow/.local/lib/python3.7/site-packages/airflow/example_dags/tutorial_etl_dag.py for tasks to queue
[2023-04-10 11:37:53,410] {logging_mixin.py:109} INFO - [2023-04-10 11:37:53,410] {dagbag.py:500} INFO - Filling up the DagBag from /home/airflow/.local/lib/python3.7/site-packages/airflow/example_dags/tutorial_etl_dag.py
[2023-04-10 11:37:53,430] {processor.py:632} INFO - DAG(s) dict_keys(['tutorial_etl_dag']) retrieved from /home/airflow/.local/lib/python3.7/site-packages/airflow/example_dags/tutorial_etl_dag.py
[2023-04-10 11:37:53,439] {logging_mixin.py:109} INFO - [2023-04-10 11:37:53,439] {dag.py:2389} INFO - Sync 1 DAGs
[2023-04-10 11:37:53,457] {logging_mixin.py:109} INFO - [2023-04-10 11:37:53,457] {dag.py:2921} INFO - Setting next_dagrun for tutorial_etl_dag to None
[2023-04-10 11:37:53,466] {processor.py:171} INFO - Processing /home/airflow/.local/lib/python3.7/site-packages/airflow/example_dags/tutorial_etl_dag.py took 0.061 seconds
[2023-04-10 11:38:23,700] {processor.py:163} INFO - Started process (PID=1576) to work on /home/airflow/.local/lib/python3.7/site-packages/airflow/example_dags/tutorial_etl_dag.py
[2023-04-10 11:38:23,701] {processor.py:620} INFO - Processing file /home/airflow/.local/lib/python3.7/site-packages/airflow/example_dags/tutorial_etl_dag.py for tasks to queue
[2023-04-10 11:38:23,701] {logging_mixin.py:109} INFO - [2023-04-10 11:38:23,701] {dagbag.py:500} INFO - Filling up the DagBag from /home/airflow/.local/lib/python3.7/site-packages/airflow/example_dags/tutorial_etl_dag.py
[2023-04-10 11:38:23,727] {processor.py:632} INFO - DAG(s) dict_keys(['tutorial_etl_dag']) retrieved from /home/airflow/.local/lib/python3.7/site-packages/airflow/example_dags/tutorial_etl_dag.py
[2023-04-10 11:38:23,735] {logging_mixin.py:109} INFO - [2023-04-10 11:38:23,735] {dag.py:2389} INFO - Sync 1 DAGs
[2023-04-10 11:38:23,748] {logging_mixin.py:109} INFO - [2023-04-10 11:38:23,748] {dag.py:2921} INFO - Setting next_dagrun for tutorial_etl_dag to None
[2023-04-10 11:38:23,758] {processor.py:171} INFO - Processing /home/airflow/.local/lib/python3.7/site-packages/airflow/example_dags/tutorial_etl_dag.py took 0.060 seconds
[2023-04-10 11:38:53,931] {processor.py:163} INFO - Started process (PID=1636) to work on /home/airflow/.local/lib/python3.7/site-packages/airflow/example_dags/tutorial_etl_dag.py
[2023-04-10 11:38:53,932] {processor.py:620} INFO - Processing file /home/airflow/.local/lib/python3.7/site-packages/airflow/example_dags/tutorial_etl_dag.py for tasks to queue
[2023-04-10 11:38:53,933] {logging_mixin.py:109} INFO - [2023-04-10 11:38:53,933] {dagbag.py:500} INFO - Filling up the DagBag from /home/airflow/.local/lib/python3.7/site-packages/airflow/example_dags/tutorial_etl_dag.py
[2023-04-10 11:38:53,955] {processor.py:632} INFO - DAG(s) dict_keys(['tutorial_etl_dag']) retrieved from /home/airflow/.local/lib/python3.7/site-packages/airflow/example_dags/tutorial_etl_dag.py
[2023-04-10 11:38:53,964] {logging_mixin.py:109} INFO - [2023-04-10 11:38:53,964] {dag.py:2389} INFO - Sync 1 DAGs
[2023-04-10 11:38:53,978] {logging_mixin.py:109} INFO - [2023-04-10 11:38:53,978] {dag.py:2921} INFO - Setting next_dagrun for tutorial_etl_dag to None
[2023-04-10 11:38:53,987] {processor.py:171} INFO - Processing /home/airflow/.local/lib/python3.7/site-packages/airflow/example_dags/tutorial_etl_dag.py took 0.059 seconds
[2023-04-10 11:39:24,109] {processor.py:163} INFO - Started process (PID=1686) to work on /home/airflow/.local/lib/python3.7/site-packages/airflow/example_dags/tutorial_etl_dag.py
[2023-04-10 11:39:24,110] {processor.py:620} INFO - Processing file /home/airflow/.local/lib/python3.7/site-packages/airflow/example_dags/tutorial_etl_dag.py for tasks to queue
[2023-04-10 11:39:24,110] {logging_mixin.py:109} INFO - [2023-04-10 11:39:24,110] {dagbag.py:500} INFO - Filling up the DagBag from /home/airflow/.local/lib/python3.7/site-packages/airflow/example_dags/tutorial_etl_dag.py
[2023-04-10 11:39:24,133] {processor.py:632} INFO - DAG(s) dict_keys(['tutorial_etl_dag']) retrieved from /home/airflow/.local/lib/python3.7/site-packages/airflow/example_dags/tutorial_etl_dag.py
[2023-04-10 11:39:24,141] {logging_mixin.py:109} INFO - [2023-04-10 11:39:24,141] {dag.py:2389} INFO - Sync 1 DAGs
[2023-04-10 11:39:24,157] {logging_mixin.py:109} INFO - [2023-04-10 11:39:24,157] {dag.py:2921} INFO - Setting next_dagrun for tutorial_etl_dag to None
[2023-04-10 11:39:24,166] {processor.py:171} INFO - Processing /home/airflow/.local/lib/python3.7/site-packages/airflow/example_dags/tutorial_etl_dag.py took 0.059 seconds
[2023-04-10 11:39:54,446] {processor.py:163} INFO - Started process (PID=1737) to work on /home/airflow/.local/lib/python3.7/site-packages/airflow/example_dags/tutorial_etl_dag.py
[2023-04-10 11:39:54,447] {processor.py:620} INFO - Processing file /home/airflow/.local/lib/python3.7/site-packages/airflow/example_dags/tutorial_etl_dag.py for tasks to queue
[2023-04-10 11:39:54,448] {logging_mixin.py:109} INFO - [2023-04-10 11:39:54,448] {dagbag.py:500} INFO - Filling up the DagBag from /home/airflow/.local/lib/python3.7/site-packages/airflow/example_dags/tutorial_etl_dag.py
[2023-04-10 11:39:54,468] {processor.py:632} INFO - DAG(s) dict_keys(['tutorial_etl_dag']) retrieved from /home/airflow/.local/lib/python3.7/site-packages/airflow/example_dags/tutorial_etl_dag.py
[2023-04-10 11:39:54,476] {logging_mixin.py:109} INFO - [2023-04-10 11:39:54,476] {dag.py:2389} INFO - Sync 1 DAGs
[2023-04-10 11:39:54,486] {logging_mixin.py:109} INFO - [2023-04-10 11:39:54,486] {dag.py:2921} INFO - Setting next_dagrun for tutorial_etl_dag to None
[2023-04-10 11:39:54,494] {processor.py:171} INFO - Processing /home/airflow/.local/lib/python3.7/site-packages/airflow/example_dags/tutorial_etl_dag.py took 0.050 seconds
[2023-04-10 11:40:25,621] {processor.py:163} INFO - Started process (PID=1797) to work on /home/airflow/.local/lib/python3.7/site-packages/airflow/example_dags/tutorial_etl_dag.py
[2023-04-10 11:40:25,622] {processor.py:620} INFO - Processing file /home/airflow/.local/lib/python3.7/site-packages/airflow/example_dags/tutorial_etl_dag.py for tasks to queue
[2023-04-10 11:40:25,623] {logging_mixin.py:109} INFO - [2023-04-10 11:40:25,623] {dagbag.py:500} INFO - Filling up the DagBag from /home/airflow/.local/lib/python3.7/site-packages/airflow/example_dags/tutorial_etl_dag.py
[2023-04-10 11:40:25,643] {processor.py:632} INFO - DAG(s) dict_keys(['tutorial_etl_dag']) retrieved from /home/airflow/.local/lib/python3.7/site-packages/airflow/example_dags/tutorial_etl_dag.py
[2023-04-10 11:40:25,651] {logging_mixin.py:109} INFO - [2023-04-10 11:40:25,651] {dag.py:2389} INFO - Sync 1 DAGs
[2023-04-10 11:40:25,662] {logging_mixin.py:109} INFO - [2023-04-10 11:40:25,662] {dag.py:2921} INFO - Setting next_dagrun for tutorial_etl_dag to None
[2023-04-10 11:40:25,671] {processor.py:171} INFO - Processing /home/airflow/.local/lib/python3.7/site-packages/airflow/example_dags/tutorial_etl_dag.py took 0.052 seconds
[2023-04-10 11:40:55,952] {processor.py:163} INFO - Started process (PID=1848) to work on /home/airflow/.local/lib/python3.7/site-packages/airflow/example_dags/tutorial_etl_dag.py
[2023-04-10 11:40:55,953] {processor.py:620} INFO - Processing file /home/airflow/.local/lib/python3.7/site-packages/airflow/example_dags/tutorial_etl_dag.py for tasks to queue
[2023-04-10 11:40:55,953] {logging_mixin.py:109} INFO - [2023-04-10 11:40:55,953] {dagbag.py:500} INFO - Filling up the DagBag from /home/airflow/.local/lib/python3.7/site-packages/airflow/example_dags/tutorial_etl_dag.py
[2023-04-10 11:40:55,973] {processor.py:632} INFO - DAG(s) dict_keys(['tutorial_etl_dag']) retrieved from /home/airflow/.local/lib/python3.7/site-packages/airflow/example_dags/tutorial_etl_dag.py
[2023-04-10 11:40:55,980] {logging_mixin.py:109} INFO - [2023-04-10 11:40:55,980] {dag.py:2389} INFO - Sync 1 DAGs
[2023-04-10 11:40:55,991] {logging_mixin.py:109} INFO - [2023-04-10 11:40:55,991] {dag.py:2921} INFO - Setting next_dagrun for tutorial_etl_dag to None
[2023-04-10 11:40:56,000] {processor.py:171} INFO - Processing /home/airflow/.local/lib/python3.7/site-packages/airflow/example_dags/tutorial_etl_dag.py took 0.050 seconds
[2023-04-10 11:41:26,202] {processor.py:163} INFO - Started process (PID=1908) to work on /home/airflow/.local/lib/python3.7/site-packages/airflow/example_dags/tutorial_etl_dag.py
[2023-04-10 11:41:26,204] {processor.py:620} INFO - Processing file /home/airflow/.local/lib/python3.7/site-packages/airflow/example_dags/tutorial_etl_dag.py for tasks to queue
[2023-04-10 11:41:26,204] {logging_mixin.py:109} INFO - [2023-04-10 11:41:26,204] {dagbag.py:500} INFO - Filling up the DagBag from /home/airflow/.local/lib/python3.7/site-packages/airflow/example_dags/tutorial_etl_dag.py
[2023-04-10 11:41:26,224] {processor.py:632} INFO - DAG(s) dict_keys(['tutorial_etl_dag']) retrieved from /home/airflow/.local/lib/python3.7/site-packages/airflow/example_dags/tutorial_etl_dag.py
[2023-04-10 11:41:26,232] {logging_mixin.py:109} INFO - [2023-04-10 11:41:26,231] {dag.py:2389} INFO - Sync 1 DAGs
[2023-04-10 11:41:26,244] {logging_mixin.py:109} INFO - [2023-04-10 11:41:26,243] {dag.py:2921} INFO - Setting next_dagrun for tutorial_etl_dag to None
[2023-04-10 11:41:26,252] {processor.py:171} INFO - Processing /home/airflow/.local/lib/python3.7/site-packages/airflow/example_dags/tutorial_etl_dag.py took 0.052 seconds
[2023-04-10 11:41:56,526] {processor.py:163} INFO - Started process (PID=1959) to work on /home/airflow/.local/lib/python3.7/site-packages/airflow/example_dags/tutorial_etl_dag.py
[2023-04-10 11:41:56,527] {processor.py:620} INFO - Processing file /home/airflow/.local/lib/python3.7/site-packages/airflow/example_dags/tutorial_etl_dag.py for tasks to queue
[2023-04-10 11:41:56,527] {logging_mixin.py:109} INFO - [2023-04-10 11:41:56,527] {dagbag.py:500} INFO - Filling up the DagBag from /home/airflow/.local/lib/python3.7/site-packages/airflow/example_dags/tutorial_etl_dag.py
[2023-04-10 11:41:56,548] {processor.py:632} INFO - DAG(s) dict_keys(['tutorial_etl_dag']) retrieved from /home/airflow/.local/lib/python3.7/site-packages/airflow/example_dags/tutorial_etl_dag.py
[2023-04-10 11:41:56,557] {logging_mixin.py:109} INFO - [2023-04-10 11:41:56,557] {dag.py:2389} INFO - Sync 1 DAGs
[2023-04-10 11:41:56,570] {logging_mixin.py:109} INFO - [2023-04-10 11:41:56,570] {dag.py:2921} INFO - Setting next_dagrun for tutorial_etl_dag to None
[2023-04-10 11:41:56,578] {processor.py:171} INFO - Processing /home/airflow/.local/lib/python3.7/site-packages/airflow/example_dags/tutorial_etl_dag.py took 0.055 seconds
[2023-04-10 11:42:26,902] {processor.py:163} INFO - Started process (PID=2020) to work on /home/airflow/.local/lib/python3.7/site-packages/airflow/example_dags/tutorial_etl_dag.py
[2023-04-10 11:42:26,903] {processor.py:620} INFO - Processing file /home/airflow/.local/lib/python3.7/site-packages/airflow/example_dags/tutorial_etl_dag.py for tasks to queue
[2023-04-10 11:42:26,903] {logging_mixin.py:109} INFO - [2023-04-10 11:42:26,903] {dagbag.py:500} INFO - Filling up the DagBag from /home/airflow/.local/lib/python3.7/site-packages/airflow/example_dags/tutorial_etl_dag.py
[2023-04-10 11:42:26,923] {processor.py:632} INFO - DAG(s) dict_keys(['tutorial_etl_dag']) retrieved from /home/airflow/.local/lib/python3.7/site-packages/airflow/example_dags/tutorial_etl_dag.py
[2023-04-10 11:42:26,929] {logging_mixin.py:109} INFO - [2023-04-10 11:42:26,929] {dag.py:2389} INFO - Sync 1 DAGs
[2023-04-10 11:42:26,940] {logging_mixin.py:109} INFO - [2023-04-10 11:42:26,940] {dag.py:2921} INFO - Setting next_dagrun for tutorial_etl_dag to None
[2023-04-10 11:42:26,948] {processor.py:171} INFO - Processing /home/airflow/.local/lib/python3.7/site-packages/airflow/example_dags/tutorial_etl_dag.py took 0.049 seconds
[2023-04-10 11:42:57,305] {processor.py:163} INFO - Started process (PID=2071) to work on /home/airflow/.local/lib/python3.7/site-packages/airflow/example_dags/tutorial_etl_dag.py
[2023-04-10 11:42:57,306] {processor.py:620} INFO - Processing file /home/airflow/.local/lib/python3.7/site-packages/airflow/example_dags/tutorial_etl_dag.py for tasks to queue
[2023-04-10 11:42:57,306] {logging_mixin.py:109} INFO - [2023-04-10 11:42:57,306] {dagbag.py:500} INFO - Filling up the DagBag from /home/airflow/.local/lib/python3.7/site-packages/airflow/example_dags/tutorial_etl_dag.py
[2023-04-10 11:42:57,329] {processor.py:632} INFO - DAG(s) dict_keys(['tutorial_etl_dag']) retrieved from /home/airflow/.local/lib/python3.7/site-packages/airflow/example_dags/tutorial_etl_dag.py
[2023-04-10 11:42:57,337] {logging_mixin.py:109} INFO - [2023-04-10 11:42:57,337] {dag.py:2389} INFO - Sync 1 DAGs
[2023-04-10 11:42:57,349] {logging_mixin.py:109} INFO - [2023-04-10 11:42:57,349] {dag.py:2921} INFO - Setting next_dagrun for tutorial_etl_dag to None
[2023-04-10 11:42:57,358] {processor.py:171} INFO - Processing /home/airflow/.local/lib/python3.7/site-packages/airflow/example_dags/tutorial_etl_dag.py took 0.056 seconds
[2023-04-10 11:43:28,428] {processor.py:163} INFO - Started process (PID=2132) to work on /home/airflow/.local/lib/python3.7/site-packages/airflow/example_dags/tutorial_etl_dag.py
[2023-04-10 11:43:28,429] {processor.py:620} INFO - Processing file /home/airflow/.local/lib/python3.7/site-packages/airflow/example_dags/tutorial_etl_dag.py for tasks to queue
[2023-04-10 11:43:28,429] {logging_mixin.py:109} INFO - [2023-04-10 11:43:28,429] {dagbag.py:500} INFO - Filling up the DagBag from /home/airflow/.local/lib/python3.7/site-packages/airflow/example_dags/tutorial_etl_dag.py
[2023-04-10 11:43:28,453] {processor.py:632} INFO - DAG(s) dict_keys(['tutorial_etl_dag']) retrieved from /home/airflow/.local/lib/python3.7/site-packages/airflow/example_dags/tutorial_etl_dag.py
[2023-04-10 11:43:28,462] {logging_mixin.py:109} INFO - [2023-04-10 11:43:28,462] {dag.py:2389} INFO - Sync 1 DAGs
[2023-04-10 11:43:28,477] {logging_mixin.py:109} INFO - [2023-04-10 11:43:28,477] {dag.py:2921} INFO - Setting next_dagrun for tutorial_etl_dag to None
[2023-04-10 11:43:28,485] {processor.py:171} INFO - Processing /home/airflow/.local/lib/python3.7/site-packages/airflow/example_dags/tutorial_etl_dag.py took 0.061 seconds
[2023-04-10 11:43:58,759] {processor.py:163} INFO - Started process (PID=2183) to work on /home/airflow/.local/lib/python3.7/site-packages/airflow/example_dags/tutorial_etl_dag.py
[2023-04-10 11:43:58,759] {processor.py:620} INFO - Processing file /home/airflow/.local/lib/python3.7/site-packages/airflow/example_dags/tutorial_etl_dag.py for tasks to queue
[2023-04-10 11:43:58,760] {logging_mixin.py:109} INFO - [2023-04-10 11:43:58,760] {dagbag.py:500} INFO - Filling up the DagBag from /home/airflow/.local/lib/python3.7/site-packages/airflow/example_dags/tutorial_etl_dag.py
[2023-04-10 11:43:58,782] {processor.py:632} INFO - DAG(s) dict_keys(['tutorial_etl_dag']) retrieved from /home/airflow/.local/lib/python3.7/site-packages/airflow/example_dags/tutorial_etl_dag.py
[2023-04-10 11:43:58,792] {logging_mixin.py:109} INFO - [2023-04-10 11:43:58,792] {dag.py:2389} INFO - Sync 1 DAGs
[2023-04-10 11:43:58,805] {logging_mixin.py:109} INFO - [2023-04-10 11:43:58,805] {dag.py:2921} INFO - Setting next_dagrun for tutorial_etl_dag to None
[2023-04-10 11:43:58,814] {processor.py:171} INFO - Processing /home/airflow/.local/lib/python3.7/site-packages/airflow/example_dags/tutorial_etl_dag.py took 0.059 seconds
[2023-04-10 11:44:29,107] {processor.py:163} INFO - Started process (PID=2243) to work on /home/airflow/.local/lib/python3.7/site-packages/airflow/example_dags/tutorial_etl_dag.py
[2023-04-10 11:44:29,108] {processor.py:620} INFO - Processing file /home/airflow/.local/lib/python3.7/site-packages/airflow/example_dags/tutorial_etl_dag.py for tasks to queue
[2023-04-10 11:44:29,109] {logging_mixin.py:109} INFO - [2023-04-10 11:44:29,109] {dagbag.py:500} INFO - Filling up the DagBag from /home/airflow/.local/lib/python3.7/site-packages/airflow/example_dags/tutorial_etl_dag.py
[2023-04-10 11:44:29,131] {processor.py:632} INFO - DAG(s) dict_keys(['tutorial_etl_dag']) retrieved from /home/airflow/.local/lib/python3.7/site-packages/airflow/example_dags/tutorial_etl_dag.py
[2023-04-10 11:44:29,139] {logging_mixin.py:109} INFO - [2023-04-10 11:44:29,139] {dag.py:2389} INFO - Sync 1 DAGs
[2023-04-10 11:44:29,152] {logging_mixin.py:109} INFO - [2023-04-10 11:44:29,152] {dag.py:2921} INFO - Setting next_dagrun for tutorial_etl_dag to None
[2023-04-10 11:44:29,160] {processor.py:171} INFO - Processing /home/airflow/.local/lib/python3.7/site-packages/airflow/example_dags/tutorial_etl_dag.py took 0.055 seconds
[2023-04-10 11:44:59,450] {processor.py:163} INFO - Started process (PID=2294) to work on /home/airflow/.local/lib/python3.7/site-packages/airflow/example_dags/tutorial_etl_dag.py
[2023-04-10 11:44:59,451] {processor.py:620} INFO - Processing file /home/airflow/.local/lib/python3.7/site-packages/airflow/example_dags/tutorial_etl_dag.py for tasks to queue
[2023-04-10 11:44:59,451] {logging_mixin.py:109} INFO - [2023-04-10 11:44:59,451] {dagbag.py:500} INFO - Filling up the DagBag from /home/airflow/.local/lib/python3.7/site-packages/airflow/example_dags/tutorial_etl_dag.py
[2023-04-10 11:44:59,476] {processor.py:632} INFO - DAG(s) dict_keys(['tutorial_etl_dag']) retrieved from /home/airflow/.local/lib/python3.7/site-packages/airflow/example_dags/tutorial_etl_dag.py
[2023-04-10 11:44:59,485] {logging_mixin.py:109} INFO - [2023-04-10 11:44:59,484] {dag.py:2389} INFO - Sync 1 DAGs
[2023-04-10 11:44:59,497] {logging_mixin.py:109} INFO - [2023-04-10 11:44:59,497] {dag.py:2921} INFO - Setting next_dagrun for tutorial_etl_dag to None
[2023-04-10 11:44:59,508] {processor.py:171} INFO - Processing /home/airflow/.local/lib/python3.7/site-packages/airflow/example_dags/tutorial_etl_dag.py took 0.061 seconds
[2023-04-10 11:45:29,572] {processor.py:163} INFO - Started process (PID=2345) to work on /home/airflow/.local/lib/python3.7/site-packages/airflow/example_dags/tutorial_etl_dag.py
[2023-04-10 11:45:29,573] {processor.py:620} INFO - Processing file /home/airflow/.local/lib/python3.7/site-packages/airflow/example_dags/tutorial_etl_dag.py for tasks to queue
[2023-04-10 11:45:29,574] {logging_mixin.py:109} INFO - [2023-04-10 11:45:29,574] {dagbag.py:500} INFO - Filling up the DagBag from /home/airflow/.local/lib/python3.7/site-packages/airflow/example_dags/tutorial_etl_dag.py
[2023-04-10 11:45:29,593] {processor.py:632} INFO - DAG(s) dict_keys(['tutorial_etl_dag']) retrieved from /home/airflow/.local/lib/python3.7/site-packages/airflow/example_dags/tutorial_etl_dag.py
[2023-04-10 11:45:29,600] {logging_mixin.py:109} INFO - [2023-04-10 11:45:29,600] {dag.py:2389} INFO - Sync 1 DAGs
[2023-04-10 11:45:29,610] {logging_mixin.py:109} INFO - [2023-04-10 11:45:29,610] {dag.py:2921} INFO - Setting next_dagrun for tutorial_etl_dag to None
[2023-04-10 11:45:29,619] {processor.py:171} INFO - Processing /home/airflow/.local/lib/python3.7/site-packages/airflow/example_dags/tutorial_etl_dag.py took 0.049 seconds
[2023-04-10 11:45:59,951] {processor.py:163} INFO - Started process (PID=2405) to work on /home/airflow/.local/lib/python3.7/site-packages/airflow/example_dags/tutorial_etl_dag.py
[2023-04-10 11:45:59,952] {processor.py:620} INFO - Processing file /home/airflow/.local/lib/python3.7/site-packages/airflow/example_dags/tutorial_etl_dag.py for tasks to queue
[2023-04-10 11:45:59,952] {logging_mixin.py:109} INFO - [2023-04-10 11:45:59,952] {dagbag.py:500} INFO - Filling up the DagBag from /home/airflow/.local/lib/python3.7/site-packages/airflow/example_dags/tutorial_etl_dag.py
[2023-04-10 11:45:59,971] {processor.py:632} INFO - DAG(s) dict_keys(['tutorial_etl_dag']) retrieved from /home/airflow/.local/lib/python3.7/site-packages/airflow/example_dags/tutorial_etl_dag.py
[2023-04-10 11:45:59,978] {logging_mixin.py:109} INFO - [2023-04-10 11:45:59,977] {dag.py:2389} INFO - Sync 1 DAGs
[2023-04-10 11:45:59,988] {logging_mixin.py:109} INFO - [2023-04-10 11:45:59,988] {dag.py:2921} INFO - Setting next_dagrun for tutorial_etl_dag to None
[2023-04-10 11:45:59,996] {processor.py:171} INFO - Processing /home/airflow/.local/lib/python3.7/site-packages/airflow/example_dags/tutorial_etl_dag.py took 0.047 seconds
[2023-04-10 11:46:30,359] {processor.py:163} INFO - Started process (PID=2456) to work on /home/airflow/.local/lib/python3.7/site-packages/airflow/example_dags/tutorial_etl_dag.py
[2023-04-10 11:46:30,360] {processor.py:620} INFO - Processing file /home/airflow/.local/lib/python3.7/site-packages/airflow/example_dags/tutorial_etl_dag.py for tasks to queue
[2023-04-10 11:46:30,361] {logging_mixin.py:109} INFO - [2023-04-10 11:46:30,361] {dagbag.py:500} INFO - Filling up the DagBag from /home/airflow/.local/lib/python3.7/site-packages/airflow/example_dags/tutorial_etl_dag.py
[2023-04-10 11:46:30,381] {processor.py:632} INFO - DAG(s) dict_keys(['tutorial_etl_dag']) retrieved from /home/airflow/.local/lib/python3.7/site-packages/airflow/example_dags/tutorial_etl_dag.py
[2023-04-10 11:46:30,389] {logging_mixin.py:109} INFO - [2023-04-10 11:46:30,389] {dag.py:2389} INFO - Sync 1 DAGs
[2023-04-10 11:46:30,401] {logging_mixin.py:109} INFO - [2023-04-10 11:46:30,401] {dag.py:2921} INFO - Setting next_dagrun for tutorial_etl_dag to None
[2023-04-10 11:46:30,409] {processor.py:171} INFO - Processing /home/airflow/.local/lib/python3.7/site-packages/airflow/example_dags/tutorial_etl_dag.py took 0.053 seconds
[2023-04-10 11:47:00,536] {processor.py:163} INFO - Started process (PID=2516) to work on /home/airflow/.local/lib/python3.7/site-packages/airflow/example_dags/tutorial_etl_dag.py
[2023-04-10 11:47:00,536] {processor.py:620} INFO - Processing file /home/airflow/.local/lib/python3.7/site-packages/airflow/example_dags/tutorial_etl_dag.py for tasks to queue
[2023-04-10 11:47:00,537] {logging_mixin.py:109} INFO - [2023-04-10 11:47:00,537] {dagbag.py:500} INFO - Filling up the DagBag from /home/airflow/.local/lib/python3.7/site-packages/airflow/example_dags/tutorial_etl_dag.py
[2023-04-10 11:47:00,559] {processor.py:632} INFO - DAG(s) dict_keys(['tutorial_etl_dag']) retrieved from /home/airflow/.local/lib/python3.7/site-packages/airflow/example_dags/tutorial_etl_dag.py
[2023-04-10 11:47:00,566] {logging_mixin.py:109} INFO - [2023-04-10 11:47:00,566] {dag.py:2389} INFO - Sync 1 DAGs
[2023-04-10 11:47:00,578] {logging_mixin.py:109} INFO - [2023-04-10 11:47:00,578] {dag.py:2921} INFO - Setting next_dagrun for tutorial_etl_dag to None
[2023-04-10 11:47:00,585] {processor.py:171} INFO - Processing /home/airflow/.local/lib/python3.7/site-packages/airflow/example_dags/tutorial_etl_dag.py took 0.052 seconds
[2023-04-10 11:47:31,120] {processor.py:163} INFO - Started process (PID=2567) to work on /home/airflow/.local/lib/python3.7/site-packages/airflow/example_dags/tutorial_etl_dag.py
[2023-04-10 11:47:31,122] {processor.py:620} INFO - Processing file /home/airflow/.local/lib/python3.7/site-packages/airflow/example_dags/tutorial_etl_dag.py for tasks to queue
[2023-04-10 11:47:31,122] {logging_mixin.py:109} INFO - [2023-04-10 11:47:31,122] {dagbag.py:500} INFO - Filling up the DagBag from /home/airflow/.local/lib/python3.7/site-packages/airflow/example_dags/tutorial_etl_dag.py
[2023-04-10 11:47:31,145] {processor.py:632} INFO - DAG(s) dict_keys(['tutorial_etl_dag']) retrieved from /home/airflow/.local/lib/python3.7/site-packages/airflow/example_dags/tutorial_etl_dag.py
[2023-04-10 11:47:31,154] {logging_mixin.py:109} INFO - [2023-04-10 11:47:31,154] {dag.py:2389} INFO - Sync 1 DAGs
[2023-04-10 11:47:31,166] {logging_mixin.py:109} INFO - [2023-04-10 11:47:31,166] {dag.py:2921} INFO - Setting next_dagrun for tutorial_etl_dag to None
[2023-04-10 11:47:31,175] {processor.py:171} INFO - Processing /home/airflow/.local/lib/python3.7/site-packages/airflow/example_dags/tutorial_etl_dag.py took 0.058 seconds
[2023-04-10 11:48:01,810] {processor.py:163} INFO - Started process (PID=2627) to work on /home/airflow/.local/lib/python3.7/site-packages/airflow/example_dags/tutorial_etl_dag.py
[2023-04-10 11:48:01,812] {processor.py:620} INFO - Processing file /home/airflow/.local/lib/python3.7/site-packages/airflow/example_dags/tutorial_etl_dag.py for tasks to queue
[2023-04-10 11:48:01,812] {logging_mixin.py:109} INFO - [2023-04-10 11:48:01,812] {dagbag.py:500} INFO - Filling up the DagBag from /home/airflow/.local/lib/python3.7/site-packages/airflow/example_dags/tutorial_etl_dag.py
[2023-04-10 11:48:01,839] {processor.py:632} INFO - DAG(s) dict_keys(['tutorial_etl_dag']) retrieved from /home/airflow/.local/lib/python3.7/site-packages/airflow/example_dags/tutorial_etl_dag.py
[2023-04-10 11:48:01,851] {logging_mixin.py:109} INFO - [2023-04-10 11:48:01,851] {dag.py:2389} INFO - Sync 1 DAGs
[2023-04-10 11:48:01,868] {logging_mixin.py:109} INFO - [2023-04-10 11:48:01,868] {dag.py:2921} INFO - Setting next_dagrun for tutorial_etl_dag to None
[2023-04-10 11:48:01,971] {processor.py:171} INFO - Processing /home/airflow/.local/lib/python3.7/site-packages/airflow/example_dags/tutorial_etl_dag.py took 0.164 seconds
[2023-04-10 11:48:03,679] {processor.py:163} INFO - Started process (PID=3121) to work on /home/airflow/.local/lib/python3.7/site-packages/airflow/example_dags/tutorial_etl_dag.py
[2023-04-10 11:48:03,680] {processor.py:620} INFO - Processing file /home/airflow/.local/lib/python3.7/site-packages/airflow/example_dags/tutorial_etl_dag.py for tasks to queue
[2023-04-10 11:48:03,680] {logging_mixin.py:109} INFO - [2023-04-10 11:48:03,680] {dagbag.py:500} INFO - Filling up the DagBag from /home/airflow/.local/lib/python3.7/site-packages/airflow/example_dags/tutorial_etl_dag.py
[2023-04-10 11:48:03,704] {processor.py:632} INFO - DAG(s) dict_keys(['tutorial_etl_dag']) retrieved from /home/airflow/.local/lib/python3.7/site-packages/airflow/example_dags/tutorial_etl_dag.py
[2023-04-10 11:48:03,712] {logging_mixin.py:109} INFO - [2023-04-10 11:48:03,712] {dag.py:2389} INFO - Sync 1 DAGs
[2023-04-10 11:48:03,725] {logging_mixin.py:109} INFO - [2023-04-10 11:48:03,724] {dag.py:2921} INFO - Setting next_dagrun for tutorial_etl_dag to None
[2023-04-10 11:48:03,734] {processor.py:171} INFO - Processing /home/airflow/.local/lib/python3.7/site-packages/airflow/example_dags/tutorial_etl_dag.py took 0.058 seconds
[2023-04-10 11:48:32,755] {processor.py:163} INFO - Started process (PID=2678) to work on /home/airflow/.local/lib/python3.7/site-packages/airflow/example_dags/tutorial_etl_dag.py
[2023-04-10 11:48:32,756] {processor.py:620} INFO - Processing file /home/airflow/.local/lib/python3.7/site-packages/airflow/example_dags/tutorial_etl_dag.py for tasks to queue
[2023-04-10 11:48:32,757] {logging_mixin.py:109} INFO - [2023-04-10 11:48:32,757] {dagbag.py:500} INFO - Filling up the DagBag from /home/airflow/.local/lib/python3.7/site-packages/airflow/example_dags/tutorial_etl_dag.py
[2023-04-10 11:48:32,779] {processor.py:632} INFO - DAG(s) dict_keys(['tutorial_etl_dag']) retrieved from /home/airflow/.local/lib/python3.7/site-packages/airflow/example_dags/tutorial_etl_dag.py
[2023-04-10 11:48:32,787] {logging_mixin.py:109} INFO - [2023-04-10 11:48:32,787] {dag.py:2389} INFO - Sync 1 DAGs
[2023-04-10 11:48:32,873] {logging_mixin.py:109} INFO - [2023-04-10 11:48:32,873] {dag.py:2921} INFO - Setting next_dagrun for tutorial_etl_dag to None
[2023-04-10 11:48:32,882] {processor.py:171} INFO - Processing /home/airflow/.local/lib/python3.7/site-packages/airflow/example_dags/tutorial_etl_dag.py took 0.129 seconds
