[2023-04-01 18:07:39,076] {processor.py:163} INFO - Started process (PID=321) to work on /home/airflow/.local/lib/python3.7/site-packages/airflow/example_dags/example_trigger_controller_dag.py
[2023-04-01 18:07:39,078] {processor.py:620} INFO - Processing file /home/airflow/.local/lib/python3.7/site-packages/airflow/example_dags/example_trigger_controller_dag.py for tasks to queue
[2023-04-01 18:07:39,080] {logging_mixin.py:109} INFO - [2023-04-01 18:07:39,080] {dagbag.py:500} INFO - Filling up the DagBag from /home/airflow/.local/lib/python3.7/site-packages/airflow/example_dags/example_trigger_controller_dag.py
[2023-04-01 18:07:39,197] {processor.py:632} INFO - DAG(s) dict_keys(['example_trigger_controller_dag']) retrieved from /home/airflow/.local/lib/python3.7/site-packages/airflow/example_dags/example_trigger_controller_dag.py
[2023-04-01 18:07:43,190] {logging_mixin.py:109} INFO - [2023-04-01 18:07:43,190] {providers_manager.py:156} WARNING - Exception when importing 'airflow.providers.google.leveldb.hooks.leveldb.LevelDBHook' from 'apache-airflow-providers-google' package: No module named 'plyvel'
[2023-04-01 18:07:44,020] {logging_mixin.py:109} INFO - [2023-04-01 18:07:44,020] {providers_manager.py:156} WARNING - Exception when importing 'airflow.providers.google.leveldb.hooks.leveldb.LevelDBHook' from 'apache-airflow-providers-google' package: No module named 'plyvel'
[2023-04-01 18:07:44,059] {logging_mixin.py:109} INFO - [2023-04-01 18:07:44,058] {manager.py:496} INFO - Created Permission View: can read on DAG:example_trigger_controller_dag
[2023-04-01 18:07:44,081] {logging_mixin.py:109} INFO - [2023-04-01 18:07:44,081] {manager.py:496} INFO - Created Permission View: can edit on DAG:example_trigger_controller_dag
[2023-04-01 18:07:44,081] {logging_mixin.py:109} INFO - [2023-04-01 18:07:44,081] {dag.py:2389} INFO - Sync 1 DAGs
[2023-04-01 18:07:44,094] {logging_mixin.py:109} INFO - [2023-04-01 18:07:44,093] {dag.py:2408} INFO - Creating ORM DAG for example_trigger_controller_dag
[2023-04-01 18:07:44,107] {logging_mixin.py:109} INFO - [2023-04-01 18:07:44,107] {dag.py:2921} INFO - Setting next_dagrun for example_trigger_controller_dag to 2021-01-01T00:00:00+00:00
[2023-04-01 18:07:44,135] {processor.py:171} INFO - Processing /home/airflow/.local/lib/python3.7/site-packages/airflow/example_dags/example_trigger_controller_dag.py took 5.068 seconds
[2023-04-01 18:08:14,227] {processor.py:163} INFO - Started process (PID=429) to work on /home/airflow/.local/lib/python3.7/site-packages/airflow/example_dags/example_trigger_controller_dag.py
[2023-04-01 18:08:14,238] {processor.py:620} INFO - Processing file /home/airflow/.local/lib/python3.7/site-packages/airflow/example_dags/example_trigger_controller_dag.py for tasks to queue
[2023-04-01 18:08:14,239] {logging_mixin.py:109} INFO - [2023-04-01 18:08:14,239] {dagbag.py:500} INFO - Filling up the DagBag from /home/airflow/.local/lib/python3.7/site-packages/airflow/example_dags/example_trigger_controller_dag.py
[2023-04-01 18:08:14,291] {processor.py:632} INFO - DAG(s) dict_keys(['example_trigger_controller_dag']) retrieved from /home/airflow/.local/lib/python3.7/site-packages/airflow/example_dags/example_trigger_controller_dag.py
[2023-04-01 18:08:14,314] {logging_mixin.py:109} INFO - [2023-04-01 18:08:14,313] {dag.py:2389} INFO - Sync 1 DAGs
[2023-04-01 18:08:14,346] {logging_mixin.py:109} INFO - [2023-04-01 18:08:14,345] {dag.py:2921} INFO - Setting next_dagrun for example_trigger_controller_dag to 2021-01-01T00:00:00+00:00
[2023-04-01 18:08:14,366] {processor.py:171} INFO - Processing /home/airflow/.local/lib/python3.7/site-packages/airflow/example_dags/example_trigger_controller_dag.py took 0.145 seconds
[2023-04-01 18:08:44,550] {processor.py:163} INFO - Started process (PID=480) to work on /home/airflow/.local/lib/python3.7/site-packages/airflow/example_dags/example_trigger_controller_dag.py
[2023-04-01 18:08:44,553] {processor.py:620} INFO - Processing file /home/airflow/.local/lib/python3.7/site-packages/airflow/example_dags/example_trigger_controller_dag.py for tasks to queue
[2023-04-01 18:08:44,555] {logging_mixin.py:109} INFO - [2023-04-01 18:08:44,554] {dagbag.py:500} INFO - Filling up the DagBag from /home/airflow/.local/lib/python3.7/site-packages/airflow/example_dags/example_trigger_controller_dag.py
[2023-04-01 18:08:44,607] {processor.py:632} INFO - DAG(s) dict_keys(['example_trigger_controller_dag']) retrieved from /home/airflow/.local/lib/python3.7/site-packages/airflow/example_dags/example_trigger_controller_dag.py
[2023-04-01 18:08:44,625] {logging_mixin.py:109} INFO - [2023-04-01 18:08:44,625] {dag.py:2389} INFO - Sync 1 DAGs
[2023-04-01 18:08:44,654] {logging_mixin.py:109} INFO - [2023-04-01 18:08:44,653] {dag.py:2921} INFO - Setting next_dagrun for example_trigger_controller_dag to 2021-01-01T00:00:00+00:00
[2023-04-01 18:08:44,671] {processor.py:171} INFO - Processing /home/airflow/.local/lib/python3.7/site-packages/airflow/example_dags/example_trigger_controller_dag.py took 0.127 seconds
[2023-04-01 18:09:15,260] {processor.py:163} INFO - Started process (PID=532) to work on /home/airflow/.local/lib/python3.7/site-packages/airflow/example_dags/example_trigger_controller_dag.py
[2023-04-01 18:09:15,262] {processor.py:620} INFO - Processing file /home/airflow/.local/lib/python3.7/site-packages/airflow/example_dags/example_trigger_controller_dag.py for tasks to queue
[2023-04-01 18:09:15,263] {logging_mixin.py:109} INFO - [2023-04-01 18:09:15,263] {dagbag.py:500} INFO - Filling up the DagBag from /home/airflow/.local/lib/python3.7/site-packages/airflow/example_dags/example_trigger_controller_dag.py
[2023-04-01 18:09:15,309] {processor.py:632} INFO - DAG(s) dict_keys(['example_trigger_controller_dag']) retrieved from /home/airflow/.local/lib/python3.7/site-packages/airflow/example_dags/example_trigger_controller_dag.py
[2023-04-01 18:09:15,326] {logging_mixin.py:109} INFO - [2023-04-01 18:09:15,326] {dag.py:2389} INFO - Sync 1 DAGs
[2023-04-01 18:09:15,355] {logging_mixin.py:109} INFO - [2023-04-01 18:09:15,355] {dag.py:2921} INFO - Setting next_dagrun for example_trigger_controller_dag to 2021-01-01T00:00:00+00:00
[2023-04-01 18:09:15,385] {processor.py:171} INFO - Processing /home/airflow/.local/lib/python3.7/site-packages/airflow/example_dags/example_trigger_controller_dag.py took 0.132 seconds
[2023-04-01 18:09:45,590] {processor.py:163} INFO - Started process (PID=583) to work on /home/airflow/.local/lib/python3.7/site-packages/airflow/example_dags/example_trigger_controller_dag.py
[2023-04-01 18:09:45,592] {processor.py:620} INFO - Processing file /home/airflow/.local/lib/python3.7/site-packages/airflow/example_dags/example_trigger_controller_dag.py for tasks to queue
[2023-04-01 18:09:45,593] {logging_mixin.py:109} INFO - [2023-04-01 18:09:45,592] {dagbag.py:500} INFO - Filling up the DagBag from /home/airflow/.local/lib/python3.7/site-packages/airflow/example_dags/example_trigger_controller_dag.py
[2023-04-01 18:09:45,637] {processor.py:632} INFO - DAG(s) dict_keys(['example_trigger_controller_dag']) retrieved from /home/airflow/.local/lib/python3.7/site-packages/airflow/example_dags/example_trigger_controller_dag.py
[2023-04-01 18:09:45,654] {logging_mixin.py:109} INFO - [2023-04-01 18:09:45,653] {dag.py:2389} INFO - Sync 1 DAGs
[2023-04-01 18:09:45,683] {logging_mixin.py:109} INFO - [2023-04-01 18:09:45,683] {dag.py:2921} INFO - Setting next_dagrun for example_trigger_controller_dag to 2021-01-01T00:00:00+00:00
[2023-04-01 18:09:45,708] {processor.py:171} INFO - Processing /home/airflow/.local/lib/python3.7/site-packages/airflow/example_dags/example_trigger_controller_dag.py took 0.124 seconds
[2023-04-01 18:10:16,341] {processor.py:163} INFO - Started process (PID=634) to work on /home/airflow/.local/lib/python3.7/site-packages/airflow/example_dags/example_trigger_controller_dag.py
[2023-04-01 18:10:16,345] {processor.py:620} INFO - Processing file /home/airflow/.local/lib/python3.7/site-packages/airflow/example_dags/example_trigger_controller_dag.py for tasks to queue
[2023-04-01 18:10:16,349] {logging_mixin.py:109} INFO - [2023-04-01 18:10:16,348] {dagbag.py:500} INFO - Filling up the DagBag from /home/airflow/.local/lib/python3.7/site-packages/airflow/example_dags/example_trigger_controller_dag.py
[2023-04-01 18:10:16,440] {processor.py:632} INFO - DAG(s) dict_keys(['example_trigger_controller_dag']) retrieved from /home/airflow/.local/lib/python3.7/site-packages/airflow/example_dags/example_trigger_controller_dag.py
[2023-04-01 18:10:16,490] {logging_mixin.py:109} INFO - [2023-04-01 18:10:16,489] {dag.py:2389} INFO - Sync 1 DAGs
[2023-04-01 18:10:16,605] {logging_mixin.py:109} INFO - [2023-04-01 18:10:16,605] {dag.py:2921} INFO - Setting next_dagrun for example_trigger_controller_dag to 2021-01-01T00:00:00+00:00
[2023-04-01 18:10:16,666] {processor.py:171} INFO - Processing /home/airflow/.local/lib/python3.7/site-packages/airflow/example_dags/example_trigger_controller_dag.py took 0.334 seconds
[2023-04-01 18:10:46,992] {processor.py:163} INFO - Started process (PID=677) to work on /home/airflow/.local/lib/python3.7/site-packages/airflow/example_dags/example_trigger_controller_dag.py
[2023-04-01 18:10:46,994] {processor.py:620} INFO - Processing file /home/airflow/.local/lib/python3.7/site-packages/airflow/example_dags/example_trigger_controller_dag.py for tasks to queue
[2023-04-01 18:10:46,994] {logging_mixin.py:109} INFO - [2023-04-01 18:10:46,994] {dagbag.py:500} INFO - Filling up the DagBag from /home/airflow/.local/lib/python3.7/site-packages/airflow/example_dags/example_trigger_controller_dag.py
[2023-04-01 18:10:47,040] {processor.py:632} INFO - DAG(s) dict_keys(['example_trigger_controller_dag']) retrieved from /home/airflow/.local/lib/python3.7/site-packages/airflow/example_dags/example_trigger_controller_dag.py
[2023-04-01 18:10:47,058] {logging_mixin.py:109} INFO - [2023-04-01 18:10:47,057] {dag.py:2389} INFO - Sync 1 DAGs
[2023-04-01 18:10:47,089] {logging_mixin.py:109} INFO - [2023-04-01 18:10:47,088] {dag.py:2921} INFO - Setting next_dagrun for example_trigger_controller_dag to 2021-01-01T00:00:00+00:00
[2023-04-01 18:10:47,116] {processor.py:171} INFO - Processing /home/airflow/.local/lib/python3.7/site-packages/airflow/example_dags/example_trigger_controller_dag.py took 0.129 seconds
