[2023-04-01 18:07:55,683] {processor.py:163} INFO - Started process (PID=384) to work on /home/airflow/.local/lib/python3.7/site-packages/airflow/example_dags/example_xcomargs.py
[2023-04-01 18:07:55,686] {processor.py:620} INFO - Processing file /home/airflow/.local/lib/python3.7/site-packages/airflow/example_dags/example_xcomargs.py for tasks to queue
[2023-04-01 18:07:55,687] {logging_mixin.py:109} INFO - [2023-04-01 18:07:55,687] {dagbag.py:500} INFO - Filling up the DagBag from /home/airflow/.local/lib/python3.7/site-packages/airflow/example_dags/example_xcomargs.py
[2023-04-01 18:07:55,862] {processor.py:632} INFO - DAG(s) dict_keys(['example_xcom_args', 'example_xcom_args_with_operators']) retrieved from /home/airflow/.local/lib/python3.7/site-packages/airflow/example_dags/example_xcomargs.py
[2023-04-01 18:08:01,474] {logging_mixin.py:109} INFO - [2023-04-01 18:08:01,474] {providers_manager.py:156} WARNING - Exception when importing 'airflow.providers.google.leveldb.hooks.leveldb.LevelDBHook' from 'apache-airflow-providers-google' package: No module named 'plyvel'
[2023-04-01 18:08:02,301] {logging_mixin.py:109} INFO - [2023-04-01 18:08:02,301] {providers_manager.py:156} WARNING - Exception when importing 'airflow.providers.google.leveldb.hooks.leveldb.LevelDBHook' from 'apache-airflow-providers-google' package: No module named 'plyvel'
[2023-04-01 18:08:02,343] {logging_mixin.py:109} INFO - [2023-04-01 18:08:02,343] {manager.py:496} INFO - Created Permission View: can read on DAG:example_xcom_args
[2023-04-01 18:08:02,365] {logging_mixin.py:109} INFO - [2023-04-01 18:08:02,365] {manager.py:496} INFO - Created Permission View: can edit on DAG:example_xcom_args
[2023-04-01 18:08:02,406] {logging_mixin.py:109} INFO - [2023-04-01 18:08:02,406] {manager.py:496} INFO - Created Permission View: can read on DAG:example_xcom_args_with_operators
[2023-04-01 18:08:02,427] {logging_mixin.py:109} INFO - [2023-04-01 18:08:02,426] {manager.py:496} INFO - Created Permission View: can edit on DAG:example_xcom_args_with_operators
[2023-04-01 18:08:02,427] {logging_mixin.py:109} INFO - [2023-04-01 18:08:02,427] {dag.py:2389} INFO - Sync 2 DAGs
[2023-04-01 18:08:02,443] {logging_mixin.py:109} INFO - [2023-04-01 18:08:02,442] {dag.py:2408} INFO - Creating ORM DAG for example_xcom_args
[2023-04-01 18:08:02,444] {logging_mixin.py:109} INFO - [2023-04-01 18:08:02,444] {dag.py:2408} INFO - Creating ORM DAG for example_xcom_args_with_operators
[2023-04-01 18:08:02,461] {logging_mixin.py:109} INFO - [2023-04-01 18:08:02,461] {dag.py:2921} INFO - Setting next_dagrun for example_xcom_args to None
[2023-04-01 18:08:02,462] {logging_mixin.py:109} INFO - [2023-04-01 18:08:02,462] {dag.py:2921} INFO - Setting next_dagrun for example_xcom_args_with_operators to None
[2023-04-01 18:08:02,489] {processor.py:171} INFO - Processing /home/airflow/.local/lib/python3.7/site-packages/airflow/example_dags/example_xcomargs.py took 6.815 seconds
[2023-04-01 18:08:32,875] {processor.py:163} INFO - Started process (PID=457) to work on /home/airflow/.local/lib/python3.7/site-packages/airflow/example_dags/example_xcomargs.py
[2023-04-01 18:08:32,877] {processor.py:620} INFO - Processing file /home/airflow/.local/lib/python3.7/site-packages/airflow/example_dags/example_xcomargs.py for tasks to queue
[2023-04-01 18:08:32,878] {logging_mixin.py:109} INFO - [2023-04-01 18:08:32,878] {dagbag.py:500} INFO - Filling up the DagBag from /home/airflow/.local/lib/python3.7/site-packages/airflow/example_dags/example_xcomargs.py
[2023-04-01 18:08:32,950] {processor.py:632} INFO - DAG(s) dict_keys(['example_xcom_args', 'example_xcom_args_with_operators']) retrieved from /home/airflow/.local/lib/python3.7/site-packages/airflow/example_dags/example_xcomargs.py
[2023-04-01 18:08:33,648] {logging_mixin.py:109} INFO - [2023-04-01 18:08:33,648] {dag.py:2389} INFO - Sync 2 DAGs
[2023-04-01 18:08:33,679] {logging_mixin.py:109} INFO - [2023-04-01 18:08:33,679] {dag.py:2921} INFO - Setting next_dagrun for example_xcom_args to None
[2023-04-01 18:08:33,680] {logging_mixin.py:109} INFO - [2023-04-01 18:08:33,680] {dag.py:2921} INFO - Setting next_dagrun for example_xcom_args_with_operators to None
[2023-04-01 18:08:33,706] {processor.py:171} INFO - Processing /home/airflow/.local/lib/python3.7/site-packages/airflow/example_dags/example_xcomargs.py took 0.837 seconds
[2023-04-01 18:09:03,793] {processor.py:163} INFO - Started process (PID=510) to work on /home/airflow/.local/lib/python3.7/site-packages/airflow/example_dags/example_xcomargs.py
[2023-04-01 18:09:03,797] {processor.py:620} INFO - Processing file /home/airflow/.local/lib/python3.7/site-packages/airflow/example_dags/example_xcomargs.py for tasks to queue
[2023-04-01 18:09:03,798] {logging_mixin.py:109} INFO - [2023-04-01 18:09:03,798] {dagbag.py:500} INFO - Filling up the DagBag from /home/airflow/.local/lib/python3.7/site-packages/airflow/example_dags/example_xcomargs.py
[2023-04-01 18:09:03,921] {processor.py:632} INFO - DAG(s) dict_keys(['example_xcom_args', 'example_xcom_args_with_operators']) retrieved from /home/airflow/.local/lib/python3.7/site-packages/airflow/example_dags/example_xcomargs.py
[2023-04-01 18:09:04,470] {logging_mixin.py:109} INFO - [2023-04-01 18:09:04,469] {dag.py:2389} INFO - Sync 2 DAGs
[2023-04-01 18:09:04,503] {logging_mixin.py:109} INFO - [2023-04-01 18:09:04,503] {dag.py:2921} INFO - Setting next_dagrun for example_xcom_args to None
[2023-04-01 18:09:04,504] {logging_mixin.py:109} INFO - [2023-04-01 18:09:04,504] {dag.py:2921} INFO - Setting next_dagrun for example_xcom_args_with_operators to None
[2023-04-01 18:09:04,537] {processor.py:171} INFO - Processing /home/airflow/.local/lib/python3.7/site-packages/airflow/example_dags/example_xcomargs.py took 0.754 seconds
[2023-04-01 18:09:35,349] {processor.py:163} INFO - Started process (PID=565) to work on /home/airflow/.local/lib/python3.7/site-packages/airflow/example_dags/example_xcomargs.py
[2023-04-01 18:09:35,351] {processor.py:620} INFO - Processing file /home/airflow/.local/lib/python3.7/site-packages/airflow/example_dags/example_xcomargs.py for tasks to queue
[2023-04-01 18:09:35,353] {logging_mixin.py:109} INFO - [2023-04-01 18:09:35,352] {dagbag.py:500} INFO - Filling up the DagBag from /home/airflow/.local/lib/python3.7/site-packages/airflow/example_dags/example_xcomargs.py
[2023-04-01 18:09:35,434] {processor.py:632} INFO - DAG(s) dict_keys(['example_xcom_args', 'example_xcom_args_with_operators']) retrieved from /home/airflow/.local/lib/python3.7/site-packages/airflow/example_dags/example_xcomargs.py
[2023-04-01 18:09:36,083] {logging_mixin.py:109} INFO - [2023-04-01 18:09:36,082] {dag.py:2389} INFO - Sync 2 DAGs
[2023-04-01 18:09:36,115] {logging_mixin.py:109} INFO - [2023-04-01 18:09:36,114] {dag.py:2921} INFO - Setting next_dagrun for example_xcom_args to None
[2023-04-01 18:09:36,115] {logging_mixin.py:109} INFO - [2023-04-01 18:09:36,115] {dag.py:2921} INFO - Setting next_dagrun for example_xcom_args_with_operators to None
[2023-04-01 18:09:36,145] {processor.py:171} INFO - Processing /home/airflow/.local/lib/python3.7/site-packages/airflow/example_dags/example_xcomargs.py took 0.803 seconds
[2023-04-01 18:10:07,279] {processor.py:163} INFO - Started process (PID=620) to work on /home/airflow/.local/lib/python3.7/site-packages/airflow/example_dags/example_xcomargs.py
[2023-04-01 18:10:07,281] {processor.py:620} INFO - Processing file /home/airflow/.local/lib/python3.7/site-packages/airflow/example_dags/example_xcomargs.py for tasks to queue
[2023-04-01 18:10:07,282] {logging_mixin.py:109} INFO - [2023-04-01 18:10:07,282] {dagbag.py:500} INFO - Filling up the DagBag from /home/airflow/.local/lib/python3.7/site-packages/airflow/example_dags/example_xcomargs.py
[2023-04-01 18:10:07,339] {processor.py:632} INFO - DAG(s) dict_keys(['example_xcom_args', 'example_xcom_args_with_operators']) retrieved from /home/airflow/.local/lib/python3.7/site-packages/airflow/example_dags/example_xcomargs.py
[2023-04-01 18:10:07,756] {logging_mixin.py:109} INFO - [2023-04-01 18:10:07,756] {dag.py:2389} INFO - Sync 2 DAGs
[2023-04-01 18:10:07,778] {logging_mixin.py:109} INFO - [2023-04-01 18:10:07,778] {dag.py:2921} INFO - Setting next_dagrun for example_xcom_args to None
[2023-04-01 18:10:07,779] {logging_mixin.py:109} INFO - [2023-04-01 18:10:07,779] {dag.py:2921} INFO - Setting next_dagrun for example_xcom_args_with_operators to None
[2023-04-01 18:10:07,799] {processor.py:171} INFO - Processing /home/airflow/.local/lib/python3.7/site-packages/airflow/example_dags/example_xcomargs.py took 0.525 seconds
[2023-04-01 18:10:38,349] {processor.py:163} INFO - Started process (PID=672) to work on /home/airflow/.local/lib/python3.7/site-packages/airflow/example_dags/example_xcomargs.py
[2023-04-01 18:10:38,352] {processor.py:620} INFO - Processing file /home/airflow/.local/lib/python3.7/site-packages/airflow/example_dags/example_xcomargs.py for tasks to queue
[2023-04-01 18:10:38,353] {logging_mixin.py:109} INFO - [2023-04-01 18:10:38,353] {dagbag.py:500} INFO - Filling up the DagBag from /home/airflow/.local/lib/python3.7/site-packages/airflow/example_dags/example_xcomargs.py
[2023-04-01 18:10:38,444] {processor.py:632} INFO - DAG(s) dict_keys(['example_xcom_args', 'example_xcom_args_with_operators']) retrieved from /home/airflow/.local/lib/python3.7/site-packages/airflow/example_dags/example_xcomargs.py
[2023-04-01 18:10:39,178] {logging_mixin.py:109} INFO - [2023-04-01 18:10:39,178] {dag.py:2389} INFO - Sync 2 DAGs
[2023-04-01 18:10:39,209] {logging_mixin.py:109} INFO - [2023-04-01 18:10:39,209] {dag.py:2921} INFO - Setting next_dagrun for example_xcom_args to None
[2023-04-01 18:10:39,210] {logging_mixin.py:109} INFO - [2023-04-01 18:10:39,210] {dag.py:2921} INFO - Setting next_dagrun for example_xcom_args_with_operators to None
[2023-04-01 18:10:39,234] {processor.py:171} INFO - Processing /home/airflow/.local/lib/python3.7/site-packages/airflow/example_dags/example_xcomargs.py took 0.895 seconds
