[2023-04-01 18:07:07,262] {processor.py:163} INFO - Started process (PID=212) to work on /home/airflow/.local/lib/python3.7/site-packages/airflow/example_dags/example_branch_day_of_week_operator.py
[2023-04-01 18:07:07,264] {processor.py:620} INFO - Processing file /home/airflow/.local/lib/python3.7/site-packages/airflow/example_dags/example_branch_day_of_week_operator.py for tasks to queue
[2023-04-01 18:07:07,266] {logging_mixin.py:109} INFO - [2023-04-01 18:07:07,265] {dagbag.py:500} INFO - Filling up the DagBag from /home/airflow/.local/lib/python3.7/site-packages/airflow/example_dags/example_branch_day_of_week_operator.py
[2023-04-01 18:07:07,322] {processor.py:632} INFO - DAG(s) dict_keys(['example_weekday_branch_operator']) retrieved from /home/airflow/.local/lib/python3.7/site-packages/airflow/example_dags/example_branch_day_of_week_operator.py
[2023-04-01 18:07:11,028] {logging_mixin.py:109} INFO - [2023-04-01 18:07:11,027] {providers_manager.py:156} WARNING - Exception when importing 'airflow.providers.google.leveldb.hooks.leveldb.LevelDBHook' from 'apache-airflow-providers-google' package: No module named 'plyvel'
[2023-04-01 18:07:12,371] {logging_mixin.py:109} INFO - [2023-04-01 18:07:12,371] {providers_manager.py:156} WARNING - Exception when importing 'airflow.providers.google.leveldb.hooks.leveldb.LevelDBHook' from 'apache-airflow-providers-google' package: No module named 'plyvel'
[2023-04-01 18:07:12,438] {logging_mixin.py:109} INFO - [2023-04-01 18:07:12,437] {manager.py:496} INFO - Created Permission View: can read on DAG:example_weekday_branch_operator
[2023-04-01 18:07:12,463] {logging_mixin.py:109} INFO - [2023-04-01 18:07:12,463] {manager.py:496} INFO - Created Permission View: can edit on DAG:example_weekday_branch_operator
[2023-04-01 18:07:12,464] {logging_mixin.py:109} INFO - [2023-04-01 18:07:12,463] {dag.py:2389} INFO - Sync 1 DAGs
[2023-04-01 18:07:12,485] {logging_mixin.py:109} INFO - [2023-04-01 18:07:12,484] {dag.py:2408} INFO - Creating ORM DAG for example_weekday_branch_operator
[2023-04-01 18:07:12,514] {logging_mixin.py:109} INFO - [2023-04-01 18:07:12,514] {dag.py:2921} INFO - Setting next_dagrun for example_weekday_branch_operator to 2023-03-31 00:00:00+00:00
[2023-04-01 18:07:12,551] {processor.py:171} INFO - Processing /home/airflow/.local/lib/python3.7/site-packages/airflow/example_dags/example_branch_day_of_week_operator.py took 5.295 seconds
[2023-04-01 18:08:02,734] {processor.py:163} INFO - Started process (PID=409) to work on /home/airflow/.local/lib/python3.7/site-packages/airflow/example_dags/example_branch_day_of_week_operator.py
[2023-04-01 18:08:02,736] {processor.py:620} INFO - Processing file /home/airflow/.local/lib/python3.7/site-packages/airflow/example_dags/example_branch_day_of_week_operator.py for tasks to queue
[2023-04-01 18:08:02,738] {logging_mixin.py:109} INFO - [2023-04-01 18:08:02,737] {dagbag.py:500} INFO - Filling up the DagBag from /home/airflow/.local/lib/python3.7/site-packages/airflow/example_dags/example_branch_day_of_week_operator.py
[2023-04-01 18:08:02,792] {processor.py:632} INFO - DAG(s) dict_keys(['example_weekday_branch_operator']) retrieved from /home/airflow/.local/lib/python3.7/site-packages/airflow/example_dags/example_branch_day_of_week_operator.py
[2023-04-01 18:08:02,815] {logging_mixin.py:109} INFO - [2023-04-01 18:08:02,814] {dag.py:2389} INFO - Sync 1 DAGs
[2023-04-01 18:08:02,854] {logging_mixin.py:109} INFO - [2023-04-01 18:08:02,854] {dag.py:2921} INFO - Setting next_dagrun for example_weekday_branch_operator to 2023-03-31 00:00:00+00:00
[2023-04-01 18:08:02,876] {processor.py:171} INFO - Processing /home/airflow/.local/lib/python3.7/site-packages/airflow/example_dags/example_branch_day_of_week_operator.py took 0.148 seconds
[2023-04-01 18:08:33,298] {processor.py:163} INFO - Started process (PID=459) to work on /home/airflow/.local/lib/python3.7/site-packages/airflow/example_dags/example_branch_day_of_week_operator.py
[2023-04-01 18:08:33,301] {processor.py:620} INFO - Processing file /home/airflow/.local/lib/python3.7/site-packages/airflow/example_dags/example_branch_day_of_week_operator.py for tasks to queue
[2023-04-01 18:08:33,303] {logging_mixin.py:109} INFO - [2023-04-01 18:08:33,302] {dagbag.py:500} INFO - Filling up the DagBag from /home/airflow/.local/lib/python3.7/site-packages/airflow/example_dags/example_branch_day_of_week_operator.py
[2023-04-01 18:08:33,393] {processor.py:632} INFO - DAG(s) dict_keys(['example_weekday_branch_operator']) retrieved from /home/airflow/.local/lib/python3.7/site-packages/airflow/example_dags/example_branch_day_of_week_operator.py
[2023-04-01 18:08:33,422] {logging_mixin.py:109} INFO - [2023-04-01 18:08:33,422] {dag.py:2389} INFO - Sync 1 DAGs
[2023-04-01 18:08:33,473] {logging_mixin.py:109} INFO - [2023-04-01 18:08:33,473] {dag.py:2921} INFO - Setting next_dagrun for example_weekday_branch_operator to 2023-03-31 00:00:00+00:00
[2023-04-01 18:08:33,494] {processor.py:171} INFO - Processing /home/airflow/.local/lib/python3.7/site-packages/airflow/example_dags/example_branch_day_of_week_operator.py took 0.204 seconds
[2023-04-01 18:09:03,663] {processor.py:163} INFO - Started process (PID=509) to work on /home/airflow/.local/lib/python3.7/site-packages/airflow/example_dags/example_branch_day_of_week_operator.py
[2023-04-01 18:09:03,666] {processor.py:620} INFO - Processing file /home/airflow/.local/lib/python3.7/site-packages/airflow/example_dags/example_branch_day_of_week_operator.py for tasks to queue
[2023-04-01 18:09:03,668] {logging_mixin.py:109} INFO - [2023-04-01 18:09:03,667] {dagbag.py:500} INFO - Filling up the DagBag from /home/airflow/.local/lib/python3.7/site-packages/airflow/example_dags/example_branch_day_of_week_operator.py
[2023-04-01 18:09:03,738] {processor.py:632} INFO - DAG(s) dict_keys(['example_weekday_branch_operator']) retrieved from /home/airflow/.local/lib/python3.7/site-packages/airflow/example_dags/example_branch_day_of_week_operator.py
[2023-04-01 18:09:03,768] {logging_mixin.py:109} INFO - [2023-04-01 18:09:03,768] {dag.py:2389} INFO - Sync 1 DAGs
[2023-04-01 18:09:03,819] {logging_mixin.py:109} INFO - [2023-04-01 18:09:03,819] {dag.py:2921} INFO - Setting next_dagrun for example_weekday_branch_operator to 2023-03-31 00:00:00+00:00
[2023-04-01 18:09:03,860] {processor.py:171} INFO - Processing /home/airflow/.local/lib/python3.7/site-packages/airflow/example_dags/example_branch_day_of_week_operator.py took 0.205 seconds
[2023-04-01 18:09:33,995] {processor.py:163} INFO - Started process (PID=561) to work on /home/airflow/.local/lib/python3.7/site-packages/airflow/example_dags/example_branch_day_of_week_operator.py
[2023-04-01 18:09:33,997] {processor.py:620} INFO - Processing file /home/airflow/.local/lib/python3.7/site-packages/airflow/example_dags/example_branch_day_of_week_operator.py for tasks to queue
[2023-04-01 18:09:33,998] {logging_mixin.py:109} INFO - [2023-04-01 18:09:33,998] {dagbag.py:500} INFO - Filling up the DagBag from /home/airflow/.local/lib/python3.7/site-packages/airflow/example_dags/example_branch_day_of_week_operator.py
[2023-04-01 18:09:34,064] {processor.py:632} INFO - DAG(s) dict_keys(['example_weekday_branch_operator']) retrieved from /home/airflow/.local/lib/python3.7/site-packages/airflow/example_dags/example_branch_day_of_week_operator.py
[2023-04-01 18:09:34,088] {logging_mixin.py:109} INFO - [2023-04-01 18:09:34,088] {dag.py:2389} INFO - Sync 1 DAGs
[2023-04-01 18:09:34,134] {logging_mixin.py:109} INFO - [2023-04-01 18:09:34,134] {dag.py:2921} INFO - Setting next_dagrun for example_weekday_branch_operator to 2023-03-31 00:00:00+00:00
[2023-04-01 18:09:34,158] {processor.py:171} INFO - Processing /home/airflow/.local/lib/python3.7/site-packages/airflow/example_dags/example_branch_day_of_week_operator.py took 0.170 seconds
[2023-04-01 18:10:04,306] {processor.py:163} INFO - Started process (PID=611) to work on /home/airflow/.local/lib/python3.7/site-packages/airflow/example_dags/example_branch_day_of_week_operator.py
[2023-04-01 18:10:04,309] {processor.py:620} INFO - Processing file /home/airflow/.local/lib/python3.7/site-packages/airflow/example_dags/example_branch_day_of_week_operator.py for tasks to queue
[2023-04-01 18:10:04,310] {logging_mixin.py:109} INFO - [2023-04-01 18:10:04,310] {dagbag.py:500} INFO - Filling up the DagBag from /home/airflow/.local/lib/python3.7/site-packages/airflow/example_dags/example_branch_day_of_week_operator.py
[2023-04-01 18:10:04,383] {processor.py:632} INFO - DAG(s) dict_keys(['example_weekday_branch_operator']) retrieved from /home/airflow/.local/lib/python3.7/site-packages/airflow/example_dags/example_branch_day_of_week_operator.py
[2023-04-01 18:10:04,403] {logging_mixin.py:109} INFO - [2023-04-01 18:10:04,403] {dag.py:2389} INFO - Sync 1 DAGs
[2023-04-01 18:10:04,448] {logging_mixin.py:109} INFO - [2023-04-01 18:10:04,448] {dag.py:2921} INFO - Setting next_dagrun for example_weekday_branch_operator to 2023-03-31 00:00:00+00:00
[2023-04-01 18:10:04,475] {processor.py:171} INFO - Processing /home/airflow/.local/lib/python3.7/site-packages/airflow/example_dags/example_branch_day_of_week_operator.py took 0.176 seconds
[2023-04-01 18:10:35,322] {processor.py:163} INFO - Started process (PID=663) to work on /home/airflow/.local/lib/python3.7/site-packages/airflow/example_dags/example_branch_day_of_week_operator.py
[2023-04-01 18:10:35,331] {processor.py:620} INFO - Processing file /home/airflow/.local/lib/python3.7/site-packages/airflow/example_dags/example_branch_day_of_week_operator.py for tasks to queue
[2023-04-01 18:10:35,335] {logging_mixin.py:109} INFO - [2023-04-01 18:10:35,335] {dagbag.py:500} INFO - Filling up the DagBag from /home/airflow/.local/lib/python3.7/site-packages/airflow/example_dags/example_branch_day_of_week_operator.py
[2023-04-01 18:10:35,461] {processor.py:632} INFO - DAG(s) dict_keys(['example_weekday_branch_operator']) retrieved from /home/airflow/.local/lib/python3.7/site-packages/airflow/example_dags/example_branch_day_of_week_operator.py
[2023-04-01 18:10:35,503] {logging_mixin.py:109} INFO - [2023-04-01 18:10:35,503] {dag.py:2389} INFO - Sync 1 DAGs
[2023-04-01 18:10:35,576] {logging_mixin.py:109} INFO - [2023-04-01 18:10:35,574] {dag.py:2921} INFO - Setting next_dagrun for example_weekday_branch_operator to 2023-03-31 00:00:00+00:00
[2023-04-01 18:10:35,605] {processor.py:171} INFO - Processing /home/airflow/.local/lib/python3.7/site-packages/airflow/example_dags/example_branch_day_of_week_operator.py took 0.295 seconds
