[2023-04-01 18:06:12,105] {processor.py:163} INFO - Started process (PID=86) to work on /home/airflow/.local/lib/python3.7/site-packages/airflow/example_dags/example_kubernetes_executor.py
[2023-04-01 18:06:12,108] {processor.py:620} INFO - Processing file /home/airflow/.local/lib/python3.7/site-packages/airflow/example_dags/example_kubernetes_executor.py for tasks to queue
[2023-04-01 18:06:12,110] {logging_mixin.py:109} INFO - [2023-04-01 18:06:12,110] {dagbag.py:500} INFO - Filling up the DagBag from /home/airflow/.local/lib/python3.7/site-packages/airflow/example_dags/example_kubernetes_executor.py
[2023-04-01 18:06:12,285] {processor.py:632} INFO - DAG(s) dict_keys(['example_kubernetes_executor']) retrieved from /home/airflow/.local/lib/python3.7/site-packages/airflow/example_dags/example_kubernetes_executor.py
[2023-04-01 18:06:20,745] {logging_mixin.py:109} INFO - [2023-04-01 18:06:20,745] {providers_manager.py:156} WARNING - Exception when importing 'airflow.providers.google.leveldb.hooks.leveldb.LevelDBHook' from 'apache-airflow-providers-google' package: No module named 'plyvel'
[2023-04-01 18:06:23,167] {logging_mixin.py:109} INFO - [2023-04-01 18:06:23,167] {providers_manager.py:156} WARNING - Exception when importing 'airflow.providers.google.leveldb.hooks.leveldb.LevelDBHook' from 'apache-airflow-providers-google' package: No module named 'plyvel'
[2023-04-01 18:06:23,272] {logging_mixin.py:109} INFO - [2023-04-01 18:06:23,271] {manager.py:496} INFO - Created Permission View: can read on DAG:example_kubernetes_executor
[2023-04-01 18:06:23,331] {logging_mixin.py:109} INFO - [2023-04-01 18:06:23,330] {manager.py:496} INFO - Created Permission View: can edit on DAG:example_kubernetes_executor
[2023-04-01 18:06:23,334] {logging_mixin.py:109} INFO - [2023-04-01 18:06:23,332] {dag.py:2389} INFO - Sync 1 DAGs
[2023-04-01 18:06:23,387] {logging_mixin.py:109} INFO - [2023-04-01 18:06:23,374] {dag.py:2408} INFO - Creating ORM DAG for example_kubernetes_executor
[2023-04-01 18:06:23,456] {logging_mixin.py:109} INFO - [2023-04-01 18:06:23,455] {dag.py:2921} INFO - Setting next_dagrun for example_kubernetes_executor to None
[2023-04-01 18:06:23,532] {processor.py:171} INFO - Processing /home/airflow/.local/lib/python3.7/site-packages/airflow/example_dags/example_kubernetes_executor.py took 11.438 seconds
[2023-04-01 18:08:00,206] {processor.py:163} INFO - Started process (PID=397) to work on /home/airflow/.local/lib/python3.7/site-packages/airflow/example_dags/example_kubernetes_executor.py
[2023-04-01 18:08:00,217] {processor.py:620} INFO - Processing file /home/airflow/.local/lib/python3.7/site-packages/airflow/example_dags/example_kubernetes_executor.py for tasks to queue
[2023-04-01 18:08:00,219] {logging_mixin.py:109} INFO - [2023-04-01 18:08:00,219] {dagbag.py:500} INFO - Filling up the DagBag from /home/airflow/.local/lib/python3.7/site-packages/airflow/example_dags/example_kubernetes_executor.py
[2023-04-01 18:08:00,290] {processor.py:632} INFO - DAG(s) dict_keys(['example_kubernetes_executor']) retrieved from /home/airflow/.local/lib/python3.7/site-packages/airflow/example_dags/example_kubernetes_executor.py
[2023-04-01 18:08:00,316] {logging_mixin.py:109} INFO - [2023-04-01 18:08:00,316] {dag.py:2389} INFO - Sync 1 DAGs
[2023-04-01 18:08:00,358] {logging_mixin.py:109} INFO - [2023-04-01 18:08:00,358] {dag.py:2921} INFO - Setting next_dagrun for example_kubernetes_executor to None
[2023-04-01 18:08:00,390] {processor.py:171} INFO - Processing /home/airflow/.local/lib/python3.7/site-packages/airflow/example_dags/example_kubernetes_executor.py took 0.192 seconds
[2023-04-01 18:08:30,777] {processor.py:163} INFO - Started process (PID=448) to work on /home/airflow/.local/lib/python3.7/site-packages/airflow/example_dags/example_kubernetes_executor.py
[2023-04-01 18:08:30,779] {processor.py:620} INFO - Processing file /home/airflow/.local/lib/python3.7/site-packages/airflow/example_dags/example_kubernetes_executor.py for tasks to queue
[2023-04-01 18:08:30,781] {logging_mixin.py:109} INFO - [2023-04-01 18:08:30,781] {dagbag.py:500} INFO - Filling up the DagBag from /home/airflow/.local/lib/python3.7/site-packages/airflow/example_dags/example_kubernetes_executor.py
[2023-04-01 18:08:30,836] {processor.py:632} INFO - DAG(s) dict_keys(['example_kubernetes_executor']) retrieved from /home/airflow/.local/lib/python3.7/site-packages/airflow/example_dags/example_kubernetes_executor.py
[2023-04-01 18:08:30,857] {logging_mixin.py:109} INFO - [2023-04-01 18:08:30,857] {dag.py:2389} INFO - Sync 1 DAGs
[2023-04-01 18:08:30,888] {logging_mixin.py:109} INFO - [2023-04-01 18:08:30,887] {dag.py:2921} INFO - Setting next_dagrun for example_kubernetes_executor to None
[2023-04-01 18:08:30,907] {processor.py:171} INFO - Processing /home/airflow/.local/lib/python3.7/site-packages/airflow/example_dags/example_kubernetes_executor.py took 0.138 seconds
[2023-04-01 18:09:01,257] {processor.py:163} INFO - Started process (PID=499) to work on /home/airflow/.local/lib/python3.7/site-packages/airflow/example_dags/example_kubernetes_executor.py
[2023-04-01 18:09:01,259] {processor.py:620} INFO - Processing file /home/airflow/.local/lib/python3.7/site-packages/airflow/example_dags/example_kubernetes_executor.py for tasks to queue
[2023-04-01 18:09:01,261] {logging_mixin.py:109} INFO - [2023-04-01 18:09:01,260] {dagbag.py:500} INFO - Filling up the DagBag from /home/airflow/.local/lib/python3.7/site-packages/airflow/example_dags/example_kubernetes_executor.py
[2023-04-01 18:09:01,321] {processor.py:632} INFO - DAG(s) dict_keys(['example_kubernetes_executor']) retrieved from /home/airflow/.local/lib/python3.7/site-packages/airflow/example_dags/example_kubernetes_executor.py
[2023-04-01 18:09:01,341] {logging_mixin.py:109} INFO - [2023-04-01 18:09:01,341] {dag.py:2389} INFO - Sync 1 DAGs
[2023-04-01 18:09:01,372] {logging_mixin.py:109} INFO - [2023-04-01 18:09:01,372] {dag.py:2921} INFO - Setting next_dagrun for example_kubernetes_executor to None
[2023-04-01 18:09:01,399] {processor.py:171} INFO - Processing /home/airflow/.local/lib/python3.7/site-packages/airflow/example_dags/example_kubernetes_executor.py took 0.150 seconds
[2023-04-01 18:09:31,727] {processor.py:163} INFO - Started process (PID=550) to work on /home/airflow/.local/lib/python3.7/site-packages/airflow/example_dags/example_kubernetes_executor.py
[2023-04-01 18:09:31,728] {processor.py:620} INFO - Processing file /home/airflow/.local/lib/python3.7/site-packages/airflow/example_dags/example_kubernetes_executor.py for tasks to queue
[2023-04-01 18:09:31,729] {logging_mixin.py:109} INFO - [2023-04-01 18:09:31,729] {dagbag.py:500} INFO - Filling up the DagBag from /home/airflow/.local/lib/python3.7/site-packages/airflow/example_dags/example_kubernetes_executor.py
[2023-04-01 18:09:31,764] {processor.py:632} INFO - DAG(s) dict_keys(['example_kubernetes_executor']) retrieved from /home/airflow/.local/lib/python3.7/site-packages/airflow/example_dags/example_kubernetes_executor.py
[2023-04-01 18:09:31,778] {logging_mixin.py:109} INFO - [2023-04-01 18:09:31,778] {dag.py:2389} INFO - Sync 1 DAGs
[2023-04-01 18:09:31,798] {logging_mixin.py:109} INFO - [2023-04-01 18:09:31,798] {dag.py:2921} INFO - Setting next_dagrun for example_kubernetes_executor to None
[2023-04-01 18:09:31,812] {processor.py:171} INFO - Processing /home/airflow/.local/lib/python3.7/site-packages/airflow/example_dags/example_kubernetes_executor.py took 0.090 seconds
[2023-04-01 18:10:02,435] {processor.py:163} INFO - Started process (PID=601) to work on /home/airflow/.local/lib/python3.7/site-packages/airflow/example_dags/example_kubernetes_executor.py
[2023-04-01 18:10:02,445] {processor.py:620} INFO - Processing file /home/airflow/.local/lib/python3.7/site-packages/airflow/example_dags/example_kubernetes_executor.py for tasks to queue
[2023-04-01 18:10:02,446] {logging_mixin.py:109} INFO - [2023-04-01 18:10:02,446] {dagbag.py:500} INFO - Filling up the DagBag from /home/airflow/.local/lib/python3.7/site-packages/airflow/example_dags/example_kubernetes_executor.py
[2023-04-01 18:10:02,482] {processor.py:632} INFO - DAG(s) dict_keys(['example_kubernetes_executor']) retrieved from /home/airflow/.local/lib/python3.7/site-packages/airflow/example_dags/example_kubernetes_executor.py
[2023-04-01 18:10:02,497] {logging_mixin.py:109} INFO - [2023-04-01 18:10:02,497] {dag.py:2389} INFO - Sync 1 DAGs
[2023-04-01 18:10:02,518] {logging_mixin.py:109} INFO - [2023-04-01 18:10:02,518] {dag.py:2921} INFO - Setting next_dagrun for example_kubernetes_executor to None
[2023-04-01 18:10:02,542] {processor.py:171} INFO - Processing /home/airflow/.local/lib/python3.7/site-packages/airflow/example_dags/example_kubernetes_executor.py took 0.110 seconds
[2023-04-01 18:10:32,609] {processor.py:163} INFO - Started process (PID=653) to work on /home/airflow/.local/lib/python3.7/site-packages/airflow/example_dags/example_kubernetes_executor.py
[2023-04-01 18:10:32,613] {processor.py:620} INFO - Processing file /home/airflow/.local/lib/python3.7/site-packages/airflow/example_dags/example_kubernetes_executor.py for tasks to queue
[2023-04-01 18:10:32,616] {logging_mixin.py:109} INFO - [2023-04-01 18:10:32,615] {dagbag.py:500} INFO - Filling up the DagBag from /home/airflow/.local/lib/python3.7/site-packages/airflow/example_dags/example_kubernetes_executor.py
[2023-04-01 18:10:32,703] {processor.py:632} INFO - DAG(s) dict_keys(['example_kubernetes_executor']) retrieved from /home/airflow/.local/lib/python3.7/site-packages/airflow/example_dags/example_kubernetes_executor.py
[2023-04-01 18:10:32,740] {logging_mixin.py:109} INFO - [2023-04-01 18:10:32,739] {dag.py:2389} INFO - Sync 1 DAGs
[2023-04-01 18:10:32,795] {logging_mixin.py:109} INFO - [2023-04-01 18:10:32,794] {dag.py:2921} INFO - Setting next_dagrun for example_kubernetes_executor to None
[2023-04-01 18:10:32,825] {processor.py:171} INFO - Processing /home/airflow/.local/lib/python3.7/site-packages/airflow/example_dags/example_kubernetes_executor.py took 0.226 seconds
