[2023-04-01 18:07:44,179] {processor.py:163} INFO - Started process (PID=339) to work on /home/airflow/.local/lib/python3.7/site-packages/airflow/example_dags/example_trigger_target_dag.py
[2023-04-01 18:07:44,181] {processor.py:620} INFO - Processing file /home/airflow/.local/lib/python3.7/site-packages/airflow/example_dags/example_trigger_target_dag.py for tasks to queue
[2023-04-01 18:07:44,182] {logging_mixin.py:109} INFO - [2023-04-01 18:07:44,181] {dagbag.py:500} INFO - Filling up the DagBag from /home/airflow/.local/lib/python3.7/site-packages/airflow/example_dags/example_trigger_target_dag.py
[2023-04-01 18:07:44,233] {processor.py:632} INFO - DAG(s) dict_keys(['example_trigger_target_dag']) retrieved from /home/airflow/.local/lib/python3.7/site-packages/airflow/example_dags/example_trigger_target_dag.py
[2023-04-01 18:07:47,948] {logging_mixin.py:109} INFO - [2023-04-01 18:07:47,948] {providers_manager.py:156} WARNING - Exception when importing 'airflow.providers.google.leveldb.hooks.leveldb.LevelDBHook' from 'apache-airflow-providers-google' package: No module named 'plyvel'
[2023-04-01 18:07:49,001] {logging_mixin.py:109} INFO - [2023-04-01 18:07:49,001] {providers_manager.py:156} WARNING - Exception when importing 'airflow.providers.google.leveldb.hooks.leveldb.LevelDBHook' from 'apache-airflow-providers-google' package: No module named 'plyvel'
[2023-04-01 18:07:49,050] {logging_mixin.py:109} INFO - [2023-04-01 18:07:49,050] {manager.py:496} INFO - Created Permission View: can read on DAG:example_trigger_target_dag
[2023-04-01 18:07:49,073] {logging_mixin.py:109} INFO - [2023-04-01 18:07:49,073] {manager.py:496} INFO - Created Permission View: can edit on DAG:example_trigger_target_dag
[2023-04-01 18:07:49,074] {logging_mixin.py:109} INFO - [2023-04-01 18:07:49,073] {dag.py:2389} INFO - Sync 1 DAGs
[2023-04-01 18:07:49,089] {logging_mixin.py:109} INFO - [2023-04-01 18:07:49,088] {dag.py:2408} INFO - Creating ORM DAG for example_trigger_target_dag
[2023-04-01 18:07:49,107] {logging_mixin.py:109} INFO - [2023-04-01 18:07:49,107] {dag.py:2921} INFO - Setting next_dagrun for example_trigger_target_dag to None
[2023-04-01 18:07:49,136] {processor.py:171} INFO - Processing /home/airflow/.local/lib/python3.7/site-packages/airflow/example_dags/example_trigger_target_dag.py took 4.962 seconds
[2023-04-01 18:08:19,261] {processor.py:163} INFO - Started process (PID=431) to work on /home/airflow/.local/lib/python3.7/site-packages/airflow/example_dags/example_trigger_target_dag.py
[2023-04-01 18:08:19,270] {processor.py:620} INFO - Processing file /home/airflow/.local/lib/python3.7/site-packages/airflow/example_dags/example_trigger_target_dag.py for tasks to queue
[2023-04-01 18:08:19,271] {logging_mixin.py:109} INFO - [2023-04-01 18:08:19,271] {dagbag.py:500} INFO - Filling up the DagBag from /home/airflow/.local/lib/python3.7/site-packages/airflow/example_dags/example_trigger_target_dag.py
[2023-04-01 18:08:19,314] {processor.py:632} INFO - DAG(s) dict_keys(['example_trigger_target_dag']) retrieved from /home/airflow/.local/lib/python3.7/site-packages/airflow/example_dags/example_trigger_target_dag.py
[2023-04-01 18:08:19,332] {logging_mixin.py:109} INFO - [2023-04-01 18:08:19,332] {dag.py:2389} INFO - Sync 1 DAGs
[2023-04-01 18:08:19,361] {logging_mixin.py:109} INFO - [2023-04-01 18:08:19,361] {dag.py:2921} INFO - Setting next_dagrun for example_trigger_target_dag to None
[2023-04-01 18:08:19,387] {processor.py:171} INFO - Processing /home/airflow/.local/lib/python3.7/site-packages/airflow/example_dags/example_trigger_target_dag.py took 0.131 seconds
[2023-04-01 18:08:49,571] {processor.py:163} INFO - Started process (PID=482) to work on /home/airflow/.local/lib/python3.7/site-packages/airflow/example_dags/example_trigger_target_dag.py
[2023-04-01 18:08:49,574] {processor.py:620} INFO - Processing file /home/airflow/.local/lib/python3.7/site-packages/airflow/example_dags/example_trigger_target_dag.py for tasks to queue
[2023-04-01 18:08:49,575] {logging_mixin.py:109} INFO - [2023-04-01 18:08:49,575] {dagbag.py:500} INFO - Filling up the DagBag from /home/airflow/.local/lib/python3.7/site-packages/airflow/example_dags/example_trigger_target_dag.py
[2023-04-01 18:08:49,620] {processor.py:632} INFO - DAG(s) dict_keys(['example_trigger_target_dag']) retrieved from /home/airflow/.local/lib/python3.7/site-packages/airflow/example_dags/example_trigger_target_dag.py
[2023-04-01 18:08:49,636] {logging_mixin.py:109} INFO - [2023-04-01 18:08:49,635] {dag.py:2389} INFO - Sync 1 DAGs
[2023-04-01 18:08:49,659] {logging_mixin.py:109} INFO - [2023-04-01 18:08:49,659] {dag.py:2921} INFO - Setting next_dagrun for example_trigger_target_dag to None
[2023-04-01 18:08:49,684] {processor.py:171} INFO - Processing /home/airflow/.local/lib/python3.7/site-packages/airflow/example_dags/example_trigger_target_dag.py took 0.117 seconds
[2023-04-01 18:09:19,739] {processor.py:163} INFO - Started process (PID=534) to work on /home/airflow/.local/lib/python3.7/site-packages/airflow/example_dags/example_trigger_target_dag.py
[2023-04-01 18:09:19,751] {processor.py:620} INFO - Processing file /home/airflow/.local/lib/python3.7/site-packages/airflow/example_dags/example_trigger_target_dag.py for tasks to queue
[2023-04-01 18:09:19,753] {logging_mixin.py:109} INFO - [2023-04-01 18:09:19,753] {dagbag.py:500} INFO - Filling up the DagBag from /home/airflow/.local/lib/python3.7/site-packages/airflow/example_dags/example_trigger_target_dag.py
[2023-04-01 18:09:19,840] {processor.py:632} INFO - DAG(s) dict_keys(['example_trigger_target_dag']) retrieved from /home/airflow/.local/lib/python3.7/site-packages/airflow/example_dags/example_trigger_target_dag.py
[2023-04-01 18:09:19,871] {logging_mixin.py:109} INFO - [2023-04-01 18:09:19,870] {dag.py:2389} INFO - Sync 1 DAGs
[2023-04-01 18:09:19,914] {logging_mixin.py:109} INFO - [2023-04-01 18:09:19,914] {dag.py:2921} INFO - Setting next_dagrun for example_trigger_target_dag to None
[2023-04-01 18:09:19,936] {processor.py:171} INFO - Processing /home/airflow/.local/lib/python3.7/site-packages/airflow/example_dags/example_trigger_target_dag.py took 0.205 seconds
[2023-04-01 18:09:50,745] {processor.py:163} INFO - Started process (PID=585) to work on /home/airflow/.local/lib/python3.7/site-packages/airflow/example_dags/example_trigger_target_dag.py
[2023-04-01 18:09:50,754] {processor.py:620} INFO - Processing file /home/airflow/.local/lib/python3.7/site-packages/airflow/example_dags/example_trigger_target_dag.py for tasks to queue
[2023-04-01 18:09:50,755] {logging_mixin.py:109} INFO - [2023-04-01 18:09:50,755] {dagbag.py:500} INFO - Filling up the DagBag from /home/airflow/.local/lib/python3.7/site-packages/airflow/example_dags/example_trigger_target_dag.py
[2023-04-01 18:09:50,787] {processor.py:632} INFO - DAG(s) dict_keys(['example_trigger_target_dag']) retrieved from /home/airflow/.local/lib/python3.7/site-packages/airflow/example_dags/example_trigger_target_dag.py
[2023-04-01 18:09:50,799] {logging_mixin.py:109} INFO - [2023-04-01 18:09:50,799] {dag.py:2389} INFO - Sync 1 DAGs
[2023-04-01 18:09:50,817] {logging_mixin.py:109} INFO - [2023-04-01 18:09:50,817] {dag.py:2921} INFO - Setting next_dagrun for example_trigger_target_dag to None
[2023-04-01 18:09:50,838] {processor.py:171} INFO - Processing /home/airflow/.local/lib/python3.7/site-packages/airflow/example_dags/example_trigger_target_dag.py took 0.096 seconds
[2023-04-01 18:10:20,959] {processor.py:163} INFO - Started process (PID=636) to work on /home/airflow/.local/lib/python3.7/site-packages/airflow/example_dags/example_trigger_target_dag.py
[2023-04-01 18:10:20,962] {processor.py:620} INFO - Processing file /home/airflow/.local/lib/python3.7/site-packages/airflow/example_dags/example_trigger_target_dag.py for tasks to queue
[2023-04-01 18:10:20,964] {logging_mixin.py:109} INFO - [2023-04-01 18:10:20,963] {dagbag.py:500} INFO - Filling up the DagBag from /home/airflow/.local/lib/python3.7/site-packages/airflow/example_dags/example_trigger_target_dag.py
[2023-04-01 18:10:21,028] {processor.py:632} INFO - DAG(s) dict_keys(['example_trigger_target_dag']) retrieved from /home/airflow/.local/lib/python3.7/site-packages/airflow/example_dags/example_trigger_target_dag.py
[2023-04-01 18:10:21,049] {logging_mixin.py:109} INFO - [2023-04-01 18:10:21,049] {dag.py:2389} INFO - Sync 1 DAGs
[2023-04-01 18:10:21,080] {logging_mixin.py:109} INFO - [2023-04-01 18:10:21,080] {dag.py:2921} INFO - Setting next_dagrun for example_trigger_target_dag to None
[2023-04-01 18:10:21,101] {processor.py:171} INFO - Processing /home/airflow/.local/lib/python3.7/site-packages/airflow/example_dags/example_trigger_target_dag.py took 0.153 seconds
[2023-04-01 18:10:51,185] {processor.py:163} INFO - Started process (PID=689) to work on /home/airflow/.local/lib/python3.7/site-packages/airflow/example_dags/example_trigger_target_dag.py
[2023-04-01 18:10:51,188] {processor.py:620} INFO - Processing file /home/airflow/.local/lib/python3.7/site-packages/airflow/example_dags/example_trigger_target_dag.py for tasks to queue
[2023-04-01 18:10:51,189] {logging_mixin.py:109} INFO - [2023-04-01 18:10:51,189] {dagbag.py:500} INFO - Filling up the DagBag from /home/airflow/.local/lib/python3.7/site-packages/airflow/example_dags/example_trigger_target_dag.py
[2023-04-01 18:10:51,246] {processor.py:632} INFO - DAG(s) dict_keys(['example_trigger_target_dag']) retrieved from /home/airflow/.local/lib/python3.7/site-packages/airflow/example_dags/example_trigger_target_dag.py
[2023-04-01 18:10:51,265] {logging_mixin.py:109} INFO - [2023-04-01 18:10:51,265] {dag.py:2389} INFO - Sync 1 DAGs
[2023-04-01 18:10:51,299] {logging_mixin.py:109} INFO - [2023-04-01 18:10:51,299] {dag.py:2921} INFO - Setting next_dagrun for example_trigger_target_dag to None
[2023-04-01 18:10:51,320] {processor.py:171} INFO - Processing /home/airflow/.local/lib/python3.7/site-packages/airflow/example_dags/example_trigger_target_dag.py took 0.141 seconds
