[2023-04-01 18:07:25,874] {processor.py:163} INFO - Started process (PID=275) to work on /home/airflow/.local/lib/python3.7/site-packages/airflow/example_dags/example_time_delta_sensor_async.py
[2023-04-01 18:07:25,876] {processor.py:620} INFO - Processing file /home/airflow/.local/lib/python3.7/site-packages/airflow/example_dags/example_time_delta_sensor_async.py for tasks to queue
[2023-04-01 18:07:25,877] {logging_mixin.py:109} INFO - [2023-04-01 18:07:25,877] {dagbag.py:500} INFO - Filling up the DagBag from /home/airflow/.local/lib/python3.7/site-packages/airflow/example_dags/example_time_delta_sensor_async.py
[2023-04-01 18:07:25,926] {processor.py:632} INFO - DAG(s) dict_keys(['example_time_delta_sensor_async']) retrieved from /home/airflow/.local/lib/python3.7/site-packages/airflow/example_dags/example_time_delta_sensor_async.py
[2023-04-01 18:07:29,333] {logging_mixin.py:109} INFO - [2023-04-01 18:07:29,333] {providers_manager.py:156} WARNING - Exception when importing 'airflow.providers.google.leveldb.hooks.leveldb.LevelDBHook' from 'apache-airflow-providers-google' package: No module named 'plyvel'
[2023-04-01 18:07:30,161] {logging_mixin.py:109} INFO - [2023-04-01 18:07:30,161] {providers_manager.py:156} WARNING - Exception when importing 'airflow.providers.google.leveldb.hooks.leveldb.LevelDBHook' from 'apache-airflow-providers-google' package: No module named 'plyvel'
[2023-04-01 18:07:30,222] {logging_mixin.py:109} INFO - [2023-04-01 18:07:30,221] {manager.py:496} INFO - Created Permission View: can read on DAG:example_time_delta_sensor_async
[2023-04-01 18:07:30,249] {logging_mixin.py:109} INFO - [2023-04-01 18:07:30,248] {manager.py:496} INFO - Created Permission View: can edit on DAG:example_time_delta_sensor_async
[2023-04-01 18:07:30,250] {logging_mixin.py:109} INFO - [2023-04-01 18:07:30,249] {dag.py:2389} INFO - Sync 1 DAGs
[2023-04-01 18:07:30,267] {logging_mixin.py:109} INFO - [2023-04-01 18:07:30,266] {dag.py:2408} INFO - Creating ORM DAG for example_time_delta_sensor_async
[2023-04-01 18:07:30,287] {logging_mixin.py:109} INFO - [2023-04-01 18:07:30,287] {dag.py:2921} INFO - Setting next_dagrun for example_time_delta_sensor_async to None
[2023-04-01 18:07:30,322] {processor.py:171} INFO - Processing /home/airflow/.local/lib/python3.7/site-packages/airflow/example_dags/example_time_delta_sensor_async.py took 4.454 seconds
[2023-04-01 18:08:03,831] {processor.py:163} INFO - Started process (PID=415) to work on /home/airflow/.local/lib/python3.7/site-packages/airflow/example_dags/example_time_delta_sensor_async.py
[2023-04-01 18:08:03,833] {processor.py:620} INFO - Processing file /home/airflow/.local/lib/python3.7/site-packages/airflow/example_dags/example_time_delta_sensor_async.py for tasks to queue
[2023-04-01 18:08:03,834] {logging_mixin.py:109} INFO - [2023-04-01 18:08:03,834] {dagbag.py:500} INFO - Filling up the DagBag from /home/airflow/.local/lib/python3.7/site-packages/airflow/example_dags/example_time_delta_sensor_async.py
[2023-04-01 18:08:03,884] {processor.py:632} INFO - DAG(s) dict_keys(['example_time_delta_sensor_async']) retrieved from /home/airflow/.local/lib/python3.7/site-packages/airflow/example_dags/example_time_delta_sensor_async.py
[2023-04-01 18:08:03,900] {logging_mixin.py:109} INFO - [2023-04-01 18:08:03,900] {dag.py:2389} INFO - Sync 1 DAGs
[2023-04-01 18:08:03,934] {logging_mixin.py:109} INFO - [2023-04-01 18:08:03,934] {dag.py:2921} INFO - Setting next_dagrun for example_time_delta_sensor_async to None
[2023-04-01 18:08:03,954] {processor.py:171} INFO - Processing /home/airflow/.local/lib/python3.7/site-packages/airflow/example_dags/example_time_delta_sensor_async.py took 0.130 seconds
[2023-04-01 18:08:34,252] {processor.py:163} INFO - Started process (PID=465) to work on /home/airflow/.local/lib/python3.7/site-packages/airflow/example_dags/example_time_delta_sensor_async.py
[2023-04-01 18:08:34,254] {processor.py:620} INFO - Processing file /home/airflow/.local/lib/python3.7/site-packages/airflow/example_dags/example_time_delta_sensor_async.py for tasks to queue
[2023-04-01 18:08:34,255] {logging_mixin.py:109} INFO - [2023-04-01 18:08:34,255] {dagbag.py:500} INFO - Filling up the DagBag from /home/airflow/.local/lib/python3.7/site-packages/airflow/example_dags/example_time_delta_sensor_async.py
[2023-04-01 18:08:34,310] {processor.py:632} INFO - DAG(s) dict_keys(['example_time_delta_sensor_async']) retrieved from /home/airflow/.local/lib/python3.7/site-packages/airflow/example_dags/example_time_delta_sensor_async.py
[2023-04-01 18:08:34,332] {logging_mixin.py:109} INFO - [2023-04-01 18:08:34,332] {dag.py:2389} INFO - Sync 1 DAGs
[2023-04-01 18:08:34,365] {logging_mixin.py:109} INFO - [2023-04-01 18:08:34,365] {dag.py:2921} INFO - Setting next_dagrun for example_time_delta_sensor_async to None
[2023-04-01 18:08:34,386] {processor.py:171} INFO - Processing /home/airflow/.local/lib/python3.7/site-packages/airflow/example_dags/example_time_delta_sensor_async.py took 0.140 seconds
[2023-04-01 18:09:05,345] {processor.py:163} INFO - Started process (PID=516) to work on /home/airflow/.local/lib/python3.7/site-packages/airflow/example_dags/example_time_delta_sensor_async.py
[2023-04-01 18:09:05,347] {processor.py:620} INFO - Processing file /home/airflow/.local/lib/python3.7/site-packages/airflow/example_dags/example_time_delta_sensor_async.py for tasks to queue
[2023-04-01 18:09:05,349] {logging_mixin.py:109} INFO - [2023-04-01 18:09:05,348] {dagbag.py:500} INFO - Filling up the DagBag from /home/airflow/.local/lib/python3.7/site-packages/airflow/example_dags/example_time_delta_sensor_async.py
[2023-04-01 18:09:05,400] {processor.py:632} INFO - DAG(s) dict_keys(['example_time_delta_sensor_async']) retrieved from /home/airflow/.local/lib/python3.7/site-packages/airflow/example_dags/example_time_delta_sensor_async.py
[2023-04-01 18:09:05,421] {logging_mixin.py:109} INFO - [2023-04-01 18:09:05,421] {dag.py:2389} INFO - Sync 1 DAGs
[2023-04-01 18:09:05,456] {logging_mixin.py:109} INFO - [2023-04-01 18:09:05,455] {dag.py:2921} INFO - Setting next_dagrun for example_time_delta_sensor_async to None
[2023-04-01 18:09:05,478] {processor.py:171} INFO - Processing /home/airflow/.local/lib/python3.7/site-packages/airflow/example_dags/example_time_delta_sensor_async.py took 0.140 seconds
[2023-04-01 18:09:36,375] {processor.py:163} INFO - Started process (PID=568) to work on /home/airflow/.local/lib/python3.7/site-packages/airflow/example_dags/example_time_delta_sensor_async.py
[2023-04-01 18:09:36,377] {processor.py:620} INFO - Processing file /home/airflow/.local/lib/python3.7/site-packages/airflow/example_dags/example_time_delta_sensor_async.py for tasks to queue
[2023-04-01 18:09:36,379] {logging_mixin.py:109} INFO - [2023-04-01 18:09:36,379] {dagbag.py:500} INFO - Filling up the DagBag from /home/airflow/.local/lib/python3.7/site-packages/airflow/example_dags/example_time_delta_sensor_async.py
[2023-04-01 18:09:36,449] {processor.py:632} INFO - DAG(s) dict_keys(['example_time_delta_sensor_async']) retrieved from /home/airflow/.local/lib/python3.7/site-packages/airflow/example_dags/example_time_delta_sensor_async.py
[2023-04-01 18:09:36,476] {logging_mixin.py:109} INFO - [2023-04-01 18:09:36,476] {dag.py:2389} INFO - Sync 1 DAGs
[2023-04-01 18:09:36,519] {logging_mixin.py:109} INFO - [2023-04-01 18:09:36,519] {dag.py:2921} INFO - Setting next_dagrun for example_time_delta_sensor_async to None
[2023-04-01 18:09:36,545] {processor.py:171} INFO - Processing /home/airflow/.local/lib/python3.7/site-packages/airflow/example_dags/example_time_delta_sensor_async.py took 0.180 seconds
[2023-04-01 18:10:07,036] {processor.py:163} INFO - Started process (PID=618) to work on /home/airflow/.local/lib/python3.7/site-packages/airflow/example_dags/example_time_delta_sensor_async.py
[2023-04-01 18:10:07,038] {processor.py:620} INFO - Processing file /home/airflow/.local/lib/python3.7/site-packages/airflow/example_dags/example_time_delta_sensor_async.py for tasks to queue
[2023-04-01 18:10:07,039] {logging_mixin.py:109} INFO - [2023-04-01 18:10:07,038] {dagbag.py:500} INFO - Filling up the DagBag from /home/airflow/.local/lib/python3.7/site-packages/airflow/example_dags/example_time_delta_sensor_async.py
[2023-04-01 18:10:07,075] {processor.py:632} INFO - DAG(s) dict_keys(['example_time_delta_sensor_async']) retrieved from /home/airflow/.local/lib/python3.7/site-packages/airflow/example_dags/example_time_delta_sensor_async.py
[2023-04-01 18:10:07,090] {logging_mixin.py:109} INFO - [2023-04-01 18:10:07,089] {dag.py:2389} INFO - Sync 1 DAGs
[2023-04-01 18:10:07,113] {logging_mixin.py:109} INFO - [2023-04-01 18:10:07,113] {dag.py:2921} INFO - Setting next_dagrun for example_time_delta_sensor_async to None
[2023-04-01 18:10:07,127] {processor.py:171} INFO - Processing /home/airflow/.local/lib/python3.7/site-packages/airflow/example_dags/example_time_delta_sensor_async.py took 0.096 seconds
[2023-04-01 18:10:37,294] {processor.py:163} INFO - Started process (PID=669) to work on /home/airflow/.local/lib/python3.7/site-packages/airflow/example_dags/example_time_delta_sensor_async.py
[2023-04-01 18:10:37,298] {processor.py:620} INFO - Processing file /home/airflow/.local/lib/python3.7/site-packages/airflow/example_dags/example_time_delta_sensor_async.py for tasks to queue
[2023-04-01 18:10:37,300] {logging_mixin.py:109} INFO - [2023-04-01 18:10:37,299] {dagbag.py:500} INFO - Filling up the DagBag from /home/airflow/.local/lib/python3.7/site-packages/airflow/example_dags/example_time_delta_sensor_async.py
[2023-04-01 18:10:37,402] {processor.py:632} INFO - DAG(s) dict_keys(['example_time_delta_sensor_async']) retrieved from /home/airflow/.local/lib/python3.7/site-packages/airflow/example_dags/example_time_delta_sensor_async.py
[2023-04-01 18:10:37,433] {logging_mixin.py:109} INFO - [2023-04-01 18:10:37,432] {dag.py:2389} INFO - Sync 1 DAGs
[2023-04-01 18:10:37,499] {logging_mixin.py:109} INFO - [2023-04-01 18:10:37,498] {dag.py:2921} INFO - Setting next_dagrun for example_time_delta_sensor_async to None
[2023-04-01 18:10:37,528] {processor.py:171} INFO - Processing /home/airflow/.local/lib/python3.7/site-packages/airflow/example_dags/example_time_delta_sensor_async.py took 0.248 seconds
