[2023-04-01 18:07:30,378] {processor.py:163} INFO - Started process (PID=300) to work on /home/airflow/.local/lib/python3.7/site-packages/airflow/example_dags/example_branch_datetime_operator.py
[2023-04-01 18:07:30,381] {processor.py:620} INFO - Processing file /home/airflow/.local/lib/python3.7/site-packages/airflow/example_dags/example_branch_datetime_operator.py for tasks to queue
[2023-04-01 18:07:30,383] {logging_mixin.py:109} INFO - [2023-04-01 18:07:30,382] {dagbag.py:500} INFO - Filling up the DagBag from /home/airflow/.local/lib/python3.7/site-packages/airflow/example_dags/example_branch_datetime_operator.py
[2023-04-01 18:07:30,451] {processor.py:632} INFO - DAG(s) dict_keys(['example_branch_datetime_operator_2']) retrieved from /home/airflow/.local/lib/python3.7/site-packages/airflow/example_dags/example_branch_datetime_operator.py
[2023-04-01 18:07:36,043] {logging_mixin.py:109} INFO - [2023-04-01 18:07:36,042] {providers_manager.py:156} WARNING - Exception when importing 'airflow.providers.google.leveldb.hooks.leveldb.LevelDBHook' from 'apache-airflow-providers-google' package: No module named 'plyvel'
[2023-04-01 18:07:37,310] {logging_mixin.py:109} INFO - [2023-04-01 18:07:37,310] {providers_manager.py:156} WARNING - Exception when importing 'airflow.providers.google.leveldb.hooks.leveldb.LevelDBHook' from 'apache-airflow-providers-google' package: No module named 'plyvel'
[2023-04-01 18:07:37,378] {logging_mixin.py:109} INFO - [2023-04-01 18:07:37,378] {manager.py:496} INFO - Created Permission View: can read on DAG:example_branch_datetime_operator_2
[2023-04-01 18:07:37,418] {logging_mixin.py:109} INFO - [2023-04-01 18:07:37,418] {manager.py:496} INFO - Created Permission View: can edit on DAG:example_branch_datetime_operator_2
[2023-04-01 18:07:37,419] {logging_mixin.py:109} INFO - [2023-04-01 18:07:37,418] {dag.py:2389} INFO - Sync 1 DAGs
[2023-04-01 18:07:37,448] {logging_mixin.py:109} INFO - [2023-04-01 18:07:37,447] {dag.py:2408} INFO - Creating ORM DAG for example_branch_datetime_operator_2
[2023-04-01 18:07:37,479] {logging_mixin.py:109} INFO - [2023-04-01 18:07:37,479] {dag.py:2921} INFO - Setting next_dagrun for example_branch_datetime_operator_2 to 2023-03-31 00:00:00+00:00
[2023-04-01 18:07:37,518] {processor.py:171} INFO - Processing /home/airflow/.local/lib/python3.7/site-packages/airflow/example_dags/example_branch_datetime_operator.py took 7.147 seconds
[2023-04-01 18:08:08,162] {processor.py:163} INFO - Started process (PID=417) to work on /home/airflow/.local/lib/python3.7/site-packages/airflow/example_dags/example_branch_datetime_operator.py
[2023-04-01 18:08:08,172] {processor.py:620} INFO - Processing file /home/airflow/.local/lib/python3.7/site-packages/airflow/example_dags/example_branch_datetime_operator.py for tasks to queue
[2023-04-01 18:08:08,173] {logging_mixin.py:109} INFO - [2023-04-01 18:08:08,173] {dagbag.py:500} INFO - Filling up the DagBag from /home/airflow/.local/lib/python3.7/site-packages/airflow/example_dags/example_branch_datetime_operator.py
[2023-04-01 18:08:08,234] {processor.py:632} INFO - DAG(s) dict_keys(['example_branch_datetime_operator_2']) retrieved from /home/airflow/.local/lib/python3.7/site-packages/airflow/example_dags/example_branch_datetime_operator.py
[2023-04-01 18:08:08,256] {logging_mixin.py:109} INFO - [2023-04-01 18:08:08,256] {dag.py:2389} INFO - Sync 1 DAGs
[2023-04-01 18:08:08,296] {logging_mixin.py:109} INFO - [2023-04-01 18:08:08,296] {dag.py:2921} INFO - Setting next_dagrun for example_branch_datetime_operator_2 to 2023-03-31 00:00:00+00:00
[2023-04-01 18:08:08,333] {processor.py:171} INFO - Processing /home/airflow/.local/lib/python3.7/site-packages/airflow/example_dags/example_branch_datetime_operator.py took 0.175 seconds
[2023-04-01 18:08:38,663] {processor.py:163} INFO - Started process (PID=468) to work on /home/airflow/.local/lib/python3.7/site-packages/airflow/example_dags/example_branch_datetime_operator.py
[2023-04-01 18:08:38,664] {processor.py:620} INFO - Processing file /home/airflow/.local/lib/python3.7/site-packages/airflow/example_dags/example_branch_datetime_operator.py for tasks to queue
[2023-04-01 18:08:38,665] {logging_mixin.py:109} INFO - [2023-04-01 18:08:38,665] {dagbag.py:500} INFO - Filling up the DagBag from /home/airflow/.local/lib/python3.7/site-packages/airflow/example_dags/example_branch_datetime_operator.py
[2023-04-01 18:08:38,712] {processor.py:632} INFO - DAG(s) dict_keys(['example_branch_datetime_operator_2']) retrieved from /home/airflow/.local/lib/python3.7/site-packages/airflow/example_dags/example_branch_datetime_operator.py
[2023-04-01 18:08:38,729] {logging_mixin.py:109} INFO - [2023-04-01 18:08:38,729] {dag.py:2389} INFO - Sync 1 DAGs
[2023-04-01 18:08:38,755] {logging_mixin.py:109} INFO - [2023-04-01 18:08:38,755] {dag.py:2921} INFO - Setting next_dagrun for example_branch_datetime_operator_2 to 2023-03-31 00:00:00+00:00
[2023-04-01 18:08:38,781] {processor.py:171} INFO - Processing /home/airflow/.local/lib/python3.7/site-packages/airflow/example_dags/example_branch_datetime_operator.py took 0.125 seconds
[2023-04-01 18:09:09,230] {processor.py:163} INFO - Started process (PID=527) to work on /home/airflow/.local/lib/python3.7/site-packages/airflow/example_dags/example_branch_datetime_operator.py
[2023-04-01 18:09:09,241] {processor.py:620} INFO - Processing file /home/airflow/.local/lib/python3.7/site-packages/airflow/example_dags/example_branch_datetime_operator.py for tasks to queue
[2023-04-01 18:09:09,242] {logging_mixin.py:109} INFO - [2023-04-01 18:09:09,242] {dagbag.py:500} INFO - Filling up the DagBag from /home/airflow/.local/lib/python3.7/site-packages/airflow/example_dags/example_branch_datetime_operator.py
[2023-04-01 18:09:09,312] {processor.py:632} INFO - DAG(s) dict_keys(['example_branch_datetime_operator_2']) retrieved from /home/airflow/.local/lib/python3.7/site-packages/airflow/example_dags/example_branch_datetime_operator.py
[2023-04-01 18:09:09,336] {logging_mixin.py:109} INFO - [2023-04-01 18:09:09,336] {dag.py:2389} INFO - Sync 1 DAGs
[2023-04-01 18:09:09,403] {logging_mixin.py:109} INFO - [2023-04-01 18:09:09,403] {dag.py:2921} INFO - Setting next_dagrun for example_branch_datetime_operator_2 to 2023-03-31 00:00:00+00:00
[2023-04-01 18:09:09,431] {processor.py:171} INFO - Processing /home/airflow/.local/lib/python3.7/site-packages/airflow/example_dags/example_branch_datetime_operator.py took 0.206 seconds
[2023-04-01 18:09:39,584] {processor.py:163} INFO - Started process (PID=571) to work on /home/airflow/.local/lib/python3.7/site-packages/airflow/example_dags/example_branch_datetime_operator.py
[2023-04-01 18:09:39,587] {processor.py:620} INFO - Processing file /home/airflow/.local/lib/python3.7/site-packages/airflow/example_dags/example_branch_datetime_operator.py for tasks to queue
[2023-04-01 18:09:39,590] {logging_mixin.py:109} INFO - [2023-04-01 18:09:39,589] {dagbag.py:500} INFO - Filling up the DagBag from /home/airflow/.local/lib/python3.7/site-packages/airflow/example_dags/example_branch_datetime_operator.py
[2023-04-01 18:09:39,652] {processor.py:632} INFO - DAG(s) dict_keys(['example_branch_datetime_operator_2']) retrieved from /home/airflow/.local/lib/python3.7/site-packages/airflow/example_dags/example_branch_datetime_operator.py
[2023-04-01 18:09:39,675] {logging_mixin.py:109} INFO - [2023-04-01 18:09:39,674] {dag.py:2389} INFO - Sync 1 DAGs
[2023-04-01 18:09:39,710] {logging_mixin.py:109} INFO - [2023-04-01 18:09:39,710] {dag.py:2921} INFO - Setting next_dagrun for example_branch_datetime_operator_2 to 2023-03-31 00:00:00+00:00
[2023-04-01 18:09:39,737] {processor.py:171} INFO - Processing /home/airflow/.local/lib/python3.7/site-packages/airflow/example_dags/example_branch_datetime_operator.py took 0.161 seconds
[2023-04-01 18:10:10,442] {processor.py:163} INFO - Started process (PID=622) to work on /home/airflow/.local/lib/python3.7/site-packages/airflow/example_dags/example_branch_datetime_operator.py
[2023-04-01 18:10:10,445] {processor.py:620} INFO - Processing file /home/airflow/.local/lib/python3.7/site-packages/airflow/example_dags/example_branch_datetime_operator.py for tasks to queue
[2023-04-01 18:10:10,446] {logging_mixin.py:109} INFO - [2023-04-01 18:10:10,446] {dagbag.py:500} INFO - Filling up the DagBag from /home/airflow/.local/lib/python3.7/site-packages/airflow/example_dags/example_branch_datetime_operator.py
[2023-04-01 18:10:10,495] {processor.py:632} INFO - DAG(s) dict_keys(['example_branch_datetime_operator_2']) retrieved from /home/airflow/.local/lib/python3.7/site-packages/airflow/example_dags/example_branch_datetime_operator.py
[2023-04-01 18:10:10,515] {logging_mixin.py:109} INFO - [2023-04-01 18:10:10,515] {dag.py:2389} INFO - Sync 1 DAGs
[2023-04-01 18:10:10,549] {logging_mixin.py:109} INFO - [2023-04-01 18:10:10,549] {dag.py:2921} INFO - Setting next_dagrun for example_branch_datetime_operator_2 to 2023-03-31 00:00:00+00:00
[2023-04-01 18:10:10,569] {processor.py:171} INFO - Processing /home/airflow/.local/lib/python3.7/site-packages/airflow/example_dags/example_branch_datetime_operator.py took 0.132 seconds
[2023-04-01 18:10:41,311] {processor.py:163} INFO - Started process (PID=674) to work on /home/airflow/.local/lib/python3.7/site-packages/airflow/example_dags/example_branch_datetime_operator.py
[2023-04-01 18:10:41,320] {processor.py:620} INFO - Processing file /home/airflow/.local/lib/python3.7/site-packages/airflow/example_dags/example_branch_datetime_operator.py for tasks to queue
[2023-04-01 18:10:41,321] {logging_mixin.py:109} INFO - [2023-04-01 18:10:41,321] {dagbag.py:500} INFO - Filling up the DagBag from /home/airflow/.local/lib/python3.7/site-packages/airflow/example_dags/example_branch_datetime_operator.py
[2023-04-01 18:10:41,367] {processor.py:632} INFO - DAG(s) dict_keys(['example_branch_datetime_operator_2']) retrieved from /home/airflow/.local/lib/python3.7/site-packages/airflow/example_dags/example_branch_datetime_operator.py
[2023-04-01 18:10:41,381] {logging_mixin.py:109} INFO - [2023-04-01 18:10:41,380] {dag.py:2389} INFO - Sync 1 DAGs
[2023-04-01 18:10:41,401] {logging_mixin.py:109} INFO - [2023-04-01 18:10:41,401] {dag.py:2921} INFO - Setting next_dagrun for example_branch_datetime_operator_2 to 2023-03-31 00:00:00+00:00
[2023-04-01 18:10:41,413] {processor.py:171} INFO - Processing /home/airflow/.local/lib/python3.7/site-packages/airflow/example_dags/example_branch_datetime_operator.py took 0.107 seconds
