[2023-04-01 18:06:23,735] {processor.py:163} INFO - Started process (PID=104) to work on /home/airflow/.local/lib/python3.7/site-packages/airflow/example_dags/example_dag_decorator.py
[2023-04-01 18:06:23,745] {processor.py:620} INFO - Processing file /home/airflow/.local/lib/python3.7/site-packages/airflow/example_dags/example_dag_decorator.py for tasks to queue
[2023-04-01 18:06:23,747] {logging_mixin.py:109} INFO - [2023-04-01 18:06:23,746] {dagbag.py:500} INFO - Filling up the DagBag from /home/airflow/.local/lib/python3.7/site-packages/airflow/example_dags/example_dag_decorator.py
[2023-04-01 18:06:23,997] {processor.py:632} INFO - DAG(s) dict_keys(['example_dag_decorator']) retrieved from /home/airflow/.local/lib/python3.7/site-packages/airflow/example_dags/example_dag_decorator.py
[2023-04-01 18:06:31,873] {logging_mixin.py:109} INFO - [2023-04-01 18:06:31,873] {providers_manager.py:156} WARNING - Exception when importing 'airflow.providers.google.leveldb.hooks.leveldb.LevelDBHook' from 'apache-airflow-providers-google' package: No module named 'plyvel'
[2023-04-01 18:06:35,180] {logging_mixin.py:109} INFO - [2023-04-01 18:06:35,180] {providers_manager.py:156} WARNING - Exception when importing 'airflow.providers.google.leveldb.hooks.leveldb.LevelDBHook' from 'apache-airflow-providers-google' package: No module named 'plyvel'
[2023-04-01 18:06:35,302] {logging_mixin.py:109} INFO - [2023-04-01 18:06:35,301] {manager.py:496} INFO - Created Permission View: can read on DAG:example_dag_decorator
[2023-04-01 18:06:35,354] {logging_mixin.py:109} INFO - [2023-04-01 18:06:35,352] {manager.py:496} INFO - Created Permission View: can edit on DAG:example_dag_decorator
[2023-04-01 18:06:35,355] {logging_mixin.py:109} INFO - [2023-04-01 18:06:35,354] {dag.py:2389} INFO - Sync 1 DAGs
[2023-04-01 18:06:35,422] {logging_mixin.py:109} INFO - [2023-04-01 18:06:35,421] {dag.py:2408} INFO - Creating ORM DAG for example_dag_decorator
[2023-04-01 18:06:35,496] {logging_mixin.py:109} INFO - [2023-04-01 18:06:35,496] {dag.py:2921} INFO - Setting next_dagrun for example_dag_decorator to None
[2023-04-01 18:06:35,565] {processor.py:171} INFO - Processing /home/airflow/.local/lib/python3.7/site-packages/airflow/example_dags/example_dag_decorator.py took 11.844 seconds
[2023-04-01 18:08:00,629] {processor.py:163} INFO - Started process (PID=400) to work on /home/airflow/.local/lib/python3.7/site-packages/airflow/example_dags/example_dag_decorator.py
[2023-04-01 18:08:00,632] {processor.py:620} INFO - Processing file /home/airflow/.local/lib/python3.7/site-packages/airflow/example_dags/example_dag_decorator.py for tasks to queue
[2023-04-01 18:08:00,633] {logging_mixin.py:109} INFO - [2023-04-01 18:08:00,633] {dagbag.py:500} INFO - Filling up the DagBag from /home/airflow/.local/lib/python3.7/site-packages/airflow/example_dags/example_dag_decorator.py
[2023-04-01 18:08:00,717] {processor.py:632} INFO - DAG(s) dict_keys(['example_dag_decorator']) retrieved from /home/airflow/.local/lib/python3.7/site-packages/airflow/example_dags/example_dag_decorator.py
[2023-04-01 18:08:01,338] {logging_mixin.py:109} INFO - [2023-04-01 18:08:01,338] {dag.py:2389} INFO - Sync 1 DAGs
[2023-04-01 18:08:01,373] {logging_mixin.py:109} INFO - [2023-04-01 18:08:01,373] {dag.py:2921} INFO - Setting next_dagrun for example_dag_decorator to None
[2023-04-01 18:08:01,403] {processor.py:171} INFO - Processing /home/airflow/.local/lib/python3.7/site-packages/airflow/example_dags/example_dag_decorator.py took 0.781 seconds
[2023-04-01 18:08:31,936] {processor.py:163} INFO - Started process (PID=450) to work on /home/airflow/.local/lib/python3.7/site-packages/airflow/example_dags/example_dag_decorator.py
[2023-04-01 18:08:31,938] {processor.py:620} INFO - Processing file /home/airflow/.local/lib/python3.7/site-packages/airflow/example_dags/example_dag_decorator.py for tasks to queue
[2023-04-01 18:08:31,939] {logging_mixin.py:109} INFO - [2023-04-01 18:08:31,939] {dagbag.py:500} INFO - Filling up the DagBag from /home/airflow/.local/lib/python3.7/site-packages/airflow/example_dags/example_dag_decorator.py
[2023-04-01 18:08:32,008] {processor.py:632} INFO - DAG(s) dict_keys(['example_dag_decorator']) retrieved from /home/airflow/.local/lib/python3.7/site-packages/airflow/example_dags/example_dag_decorator.py
[2023-04-01 18:08:32,541] {logging_mixin.py:109} INFO - [2023-04-01 18:08:32,540] {dag.py:2389} INFO - Sync 1 DAGs
[2023-04-01 18:08:32,577] {logging_mixin.py:109} INFO - [2023-04-01 18:08:32,576] {dag.py:2921} INFO - Setting next_dagrun for example_dag_decorator to None
[2023-04-01 18:08:32,601] {processor.py:171} INFO - Processing /home/airflow/.local/lib/python3.7/site-packages/airflow/example_dags/example_dag_decorator.py took 0.670 seconds
[2023-04-01 18:09:02,779] {processor.py:163} INFO - Started process (PID=504) to work on /home/airflow/.local/lib/python3.7/site-packages/airflow/example_dags/example_dag_decorator.py
[2023-04-01 18:09:02,782] {processor.py:620} INFO - Processing file /home/airflow/.local/lib/python3.7/site-packages/airflow/example_dags/example_dag_decorator.py for tasks to queue
[2023-04-01 18:09:02,783] {logging_mixin.py:109} INFO - [2023-04-01 18:09:02,783] {dagbag.py:500} INFO - Filling up the DagBag from /home/airflow/.local/lib/python3.7/site-packages/airflow/example_dags/example_dag_decorator.py
[2023-04-01 18:09:02,849] {processor.py:632} INFO - DAG(s) dict_keys(['example_dag_decorator']) retrieved from /home/airflow/.local/lib/python3.7/site-packages/airflow/example_dags/example_dag_decorator.py
[2023-04-01 18:09:03,569] {logging_mixin.py:109} INFO - [2023-04-01 18:09:03,568] {dag.py:2389} INFO - Sync 1 DAGs
[2023-04-01 18:09:03,602] {logging_mixin.py:109} INFO - [2023-04-01 18:09:03,602] {dag.py:2921} INFO - Setting next_dagrun for example_dag_decorator to None
[2023-04-01 18:09:03,626] {processor.py:171} INFO - Processing /home/airflow/.local/lib/python3.7/site-packages/airflow/example_dags/example_dag_decorator.py took 0.851 seconds
[2023-04-01 18:09:33,790] {processor.py:163} INFO - Started process (PID=559) to work on /home/airflow/.local/lib/python3.7/site-packages/airflow/example_dags/example_dag_decorator.py
[2023-04-01 18:09:33,792] {processor.py:620} INFO - Processing file /home/airflow/.local/lib/python3.7/site-packages/airflow/example_dags/example_dag_decorator.py for tasks to queue
[2023-04-01 18:09:33,794] {logging_mixin.py:109} INFO - [2023-04-01 18:09:33,793] {dagbag.py:500} INFO - Filling up the DagBag from /home/airflow/.local/lib/python3.7/site-packages/airflow/example_dags/example_dag_decorator.py
[2023-04-01 18:09:33,877] {processor.py:632} INFO - DAG(s) dict_keys(['example_dag_decorator']) retrieved from /home/airflow/.local/lib/python3.7/site-packages/airflow/example_dags/example_dag_decorator.py
[2023-04-01 18:09:34,458] {logging_mixin.py:109} INFO - [2023-04-01 18:09:34,458] {dag.py:2389} INFO - Sync 1 DAGs
[2023-04-01 18:09:34,491] {logging_mixin.py:109} INFO - [2023-04-01 18:09:34,491] {dag.py:2921} INFO - Setting next_dagrun for example_dag_decorator to None
[2023-04-01 18:09:34,523] {processor.py:171} INFO - Processing /home/airflow/.local/lib/python3.7/site-packages/airflow/example_dags/example_dag_decorator.py took 0.739 seconds
[2023-04-01 18:10:05,478] {processor.py:163} INFO - Started process (PID=612) to work on /home/airflow/.local/lib/python3.7/site-packages/airflow/example_dags/example_dag_decorator.py
[2023-04-01 18:10:05,480] {processor.py:620} INFO - Processing file /home/airflow/.local/lib/python3.7/site-packages/airflow/example_dags/example_dag_decorator.py for tasks to queue
[2023-04-01 18:10:05,481] {logging_mixin.py:109} INFO - [2023-04-01 18:10:05,481] {dagbag.py:500} INFO - Filling up the DagBag from /home/airflow/.local/lib/python3.7/site-packages/airflow/example_dags/example_dag_decorator.py
[2023-04-01 18:10:05,538] {processor.py:632} INFO - DAG(s) dict_keys(['example_dag_decorator']) retrieved from /home/airflow/.local/lib/python3.7/site-packages/airflow/example_dags/example_dag_decorator.py
[2023-04-01 18:10:05,975] {logging_mixin.py:109} INFO - [2023-04-01 18:10:05,974] {dag.py:2389} INFO - Sync 1 DAGs
[2023-04-01 18:10:05,998] {logging_mixin.py:109} INFO - [2023-04-01 18:10:05,998] {dag.py:2921} INFO - Setting next_dagrun for example_dag_decorator to None
[2023-04-01 18:10:06,023] {processor.py:171} INFO - Processing /home/airflow/.local/lib/python3.7/site-packages/airflow/example_dags/example_dag_decorator.py took 0.551 seconds
[2023-04-01 18:10:36,259] {processor.py:163} INFO - Started process (PID=667) to work on /home/airflow/.local/lib/python3.7/site-packages/airflow/example_dags/example_dag_decorator.py
[2023-04-01 18:10:36,264] {processor.py:620} INFO - Processing file /home/airflow/.local/lib/python3.7/site-packages/airflow/example_dags/example_dag_decorator.py for tasks to queue
[2023-04-01 18:10:36,266] {logging_mixin.py:109} INFO - [2023-04-01 18:10:36,266] {dagbag.py:500} INFO - Filling up the DagBag from /home/airflow/.local/lib/python3.7/site-packages/airflow/example_dags/example_dag_decorator.py
[2023-04-01 18:10:36,347] {processor.py:632} INFO - DAG(s) dict_keys(['example_dag_decorator']) retrieved from /home/airflow/.local/lib/python3.7/site-packages/airflow/example_dags/example_dag_decorator.py
[2023-04-01 18:10:36,941] {logging_mixin.py:109} INFO - [2023-04-01 18:10:36,941] {dag.py:2389} INFO - Sync 1 DAGs
[2023-04-01 18:10:36,973] {logging_mixin.py:109} INFO - [2023-04-01 18:10:36,972] {dag.py:2921} INFO - Setting next_dagrun for example_dag_decorator to None
[2023-04-01 18:10:37,001] {processor.py:171} INFO - Processing /home/airflow/.local/lib/python3.7/site-packages/airflow/example_dags/example_dag_decorator.py took 0.749 seconds
