[2023-04-01 18:07:21,018] {processor.py:163} INFO - Started process (PID=257) to work on /home/airflow/.local/lib/python3.7/site-packages/airflow/example_dags/example_branch_operator.py
[2023-04-01 18:07:21,020] {processor.py:620} INFO - Processing file /home/airflow/.local/lib/python3.7/site-packages/airflow/example_dags/example_branch_operator.py for tasks to queue
[2023-04-01 18:07:21,022] {logging_mixin.py:109} INFO - [2023-04-01 18:07:21,022] {dagbag.py:500} INFO - Filling up the DagBag from /home/airflow/.local/lib/python3.7/site-packages/airflow/example_dags/example_branch_operator.py
[2023-04-01 18:07:21,107] {processor.py:632} INFO - DAG(s) dict_keys(['example_branch_operator']) retrieved from /home/airflow/.local/lib/python3.7/site-packages/airflow/example_dags/example_branch_operator.py
[2023-04-01 18:07:24,942] {logging_mixin.py:109} INFO - [2023-04-01 18:07:24,942] {providers_manager.py:156} WARNING - Exception when importing 'airflow.providers.google.leveldb.hooks.leveldb.LevelDBHook' from 'apache-airflow-providers-google' package: No module named 'plyvel'
[2023-04-01 18:07:25,718] {logging_mixin.py:109} INFO - [2023-04-01 18:07:25,718] {providers_manager.py:156} WARNING - Exception when importing 'airflow.providers.google.leveldb.hooks.leveldb.LevelDBHook' from 'apache-airflow-providers-google' package: No module named 'plyvel'
[2023-04-01 18:07:25,768] {logging_mixin.py:109} INFO - [2023-04-01 18:07:25,768] {manager.py:496} INFO - Created Permission View: can read on DAG:example_branch_operator
[2023-04-01 18:07:25,784] {logging_mixin.py:109} INFO - [2023-04-01 18:07:25,784] {manager.py:496} INFO - Created Permission View: can edit on DAG:example_branch_operator
[2023-04-01 18:07:25,785] {logging_mixin.py:109} INFO - [2023-04-01 18:07:25,785] {dag.py:2389} INFO - Sync 1 DAGs
[2023-04-01 18:07:25,796] {logging_mixin.py:109} INFO - [2023-04-01 18:07:25,796] {dag.py:2408} INFO - Creating ORM DAG for example_branch_operator
[2023-04-01 18:07:25,811] {logging_mixin.py:109} INFO - [2023-04-01 18:07:25,811] {dag.py:2921} INFO - Setting next_dagrun for example_branch_operator to 2023-03-31 00:00:00+00:00
[2023-04-01 18:07:25,834] {processor.py:171} INFO - Processing /home/airflow/.local/lib/python3.7/site-packages/airflow/example_dags/example_branch_operator.py took 4.825 seconds
[2023-04-01 18:08:03,391] {processor.py:163} INFO - Started process (PID=413) to work on /home/airflow/.local/lib/python3.7/site-packages/airflow/example_dags/example_branch_operator.py
[2023-04-01 18:08:03,395] {processor.py:620} INFO - Processing file /home/airflow/.local/lib/python3.7/site-packages/airflow/example_dags/example_branch_operator.py for tasks to queue
[2023-04-01 18:08:03,397] {logging_mixin.py:109} INFO - [2023-04-01 18:08:03,397] {dagbag.py:500} INFO - Filling up the DagBag from /home/airflow/.local/lib/python3.7/site-packages/airflow/example_dags/example_branch_operator.py
[2023-04-01 18:08:03,495] {processor.py:632} INFO - DAG(s) dict_keys(['example_branch_operator']) retrieved from /home/airflow/.local/lib/python3.7/site-packages/airflow/example_dags/example_branch_operator.py
[2023-04-01 18:08:03,523] {logging_mixin.py:109} INFO - [2023-04-01 18:08:03,522] {dag.py:2389} INFO - Sync 1 DAGs
[2023-04-01 18:08:03,562] {logging_mixin.py:109} INFO - [2023-04-01 18:08:03,562] {dag.py:2921} INFO - Setting next_dagrun for example_branch_operator to 2023-03-31 00:00:00+00:00
[2023-04-01 18:08:03,586] {processor.py:171} INFO - Processing /home/airflow/.local/lib/python3.7/site-packages/airflow/example_dags/example_branch_operator.py took 0.210 seconds
[2023-04-01 18:08:34,075] {processor.py:163} INFO - Started process (PID=463) to work on /home/airflow/.local/lib/python3.7/site-packages/airflow/example_dags/example_branch_operator.py
[2023-04-01 18:08:34,077] {processor.py:620} INFO - Processing file /home/airflow/.local/lib/python3.7/site-packages/airflow/example_dags/example_branch_operator.py for tasks to queue
[2023-04-01 18:08:34,078] {logging_mixin.py:109} INFO - [2023-04-01 18:08:34,078] {dagbag.py:500} INFO - Filling up the DagBag from /home/airflow/.local/lib/python3.7/site-packages/airflow/example_dags/example_branch_operator.py
[2023-04-01 18:08:34,139] {processor.py:632} INFO - DAG(s) dict_keys(['example_branch_operator']) retrieved from /home/airflow/.local/lib/python3.7/site-packages/airflow/example_dags/example_branch_operator.py
[2023-04-01 18:08:34,165] {logging_mixin.py:109} INFO - [2023-04-01 18:08:34,164] {dag.py:2389} INFO - Sync 1 DAGs
[2023-04-01 18:08:34,201] {logging_mixin.py:109} INFO - [2023-04-01 18:08:34,201] {dag.py:2921} INFO - Setting next_dagrun for example_branch_operator to 2023-03-31 00:00:00+00:00
[2023-04-01 18:08:34,222] {processor.py:171} INFO - Processing /home/airflow/.local/lib/python3.7/site-packages/airflow/example_dags/example_branch_operator.py took 0.154 seconds
[2023-04-01 18:09:04,963] {processor.py:163} INFO - Started process (PID=514) to work on /home/airflow/.local/lib/python3.7/site-packages/airflow/example_dags/example_branch_operator.py
[2023-04-01 18:09:04,966] {processor.py:620} INFO - Processing file /home/airflow/.local/lib/python3.7/site-packages/airflow/example_dags/example_branch_operator.py for tasks to queue
[2023-04-01 18:09:04,968] {logging_mixin.py:109} INFO - [2023-04-01 18:09:04,967] {dagbag.py:500} INFO - Filling up the DagBag from /home/airflow/.local/lib/python3.7/site-packages/airflow/example_dags/example_branch_operator.py
[2023-04-01 18:09:05,034] {processor.py:632} INFO - DAG(s) dict_keys(['example_branch_operator']) retrieved from /home/airflow/.local/lib/python3.7/site-packages/airflow/example_dags/example_branch_operator.py
[2023-04-01 18:09:05,059] {logging_mixin.py:109} INFO - [2023-04-01 18:09:05,059] {dag.py:2389} INFO - Sync 1 DAGs
[2023-04-01 18:09:05,101] {logging_mixin.py:109} INFO - [2023-04-01 18:09:05,101] {dag.py:2921} INFO - Setting next_dagrun for example_branch_operator to 2023-03-31 00:00:00+00:00
[2023-04-01 18:09:05,125] {processor.py:171} INFO - Processing /home/airflow/.local/lib/python3.7/site-packages/airflow/example_dags/example_branch_operator.py took 0.169 seconds
[2023-04-01 18:09:35,338] {processor.py:163} INFO - Started process (PID=564) to work on /home/airflow/.local/lib/python3.7/site-packages/airflow/example_dags/example_branch_operator.py
[2023-04-01 18:09:35,341] {processor.py:620} INFO - Processing file /home/airflow/.local/lib/python3.7/site-packages/airflow/example_dags/example_branch_operator.py for tasks to queue
[2023-04-01 18:09:35,342] {logging_mixin.py:109} INFO - [2023-04-01 18:09:35,342] {dagbag.py:500} INFO - Filling up the DagBag from /home/airflow/.local/lib/python3.7/site-packages/airflow/example_dags/example_branch_operator.py
[2023-04-01 18:09:35,419] {processor.py:632} INFO - DAG(s) dict_keys(['example_branch_operator']) retrieved from /home/airflow/.local/lib/python3.7/site-packages/airflow/example_dags/example_branch_operator.py
[2023-04-01 18:09:35,442] {logging_mixin.py:109} INFO - [2023-04-01 18:09:35,442] {dag.py:2389} INFO - Sync 1 DAGs
[2023-04-01 18:09:35,475] {logging_mixin.py:109} INFO - [2023-04-01 18:09:35,475] {dag.py:2921} INFO - Setting next_dagrun for example_branch_operator to 2023-03-31 00:00:00+00:00
[2023-04-01 18:09:35,496] {processor.py:171} INFO - Processing /home/airflow/.local/lib/python3.7/site-packages/airflow/example_dags/example_branch_operator.py took 0.164 seconds
[2023-04-01 18:10:05,778] {processor.py:163} INFO - Started process (PID=615) to work on /home/airflow/.local/lib/python3.7/site-packages/airflow/example_dags/example_branch_operator.py
[2023-04-01 18:10:05,780] {processor.py:620} INFO - Processing file /home/airflow/.local/lib/python3.7/site-packages/airflow/example_dags/example_branch_operator.py for tasks to queue
[2023-04-01 18:10:05,782] {logging_mixin.py:109} INFO - [2023-04-01 18:10:05,781] {dagbag.py:500} INFO - Filling up the DagBag from /home/airflow/.local/lib/python3.7/site-packages/airflow/example_dags/example_branch_operator.py
[2023-04-01 18:10:05,831] {processor.py:632} INFO - DAG(s) dict_keys(['example_branch_operator']) retrieved from /home/airflow/.local/lib/python3.7/site-packages/airflow/example_dags/example_branch_operator.py
[2023-04-01 18:10:05,850] {logging_mixin.py:109} INFO - [2023-04-01 18:10:05,850] {dag.py:2389} INFO - Sync 1 DAGs
[2023-04-01 18:10:05,878] {logging_mixin.py:109} INFO - [2023-04-01 18:10:05,878] {dag.py:2921} INFO - Setting next_dagrun for example_branch_operator to 2023-03-31 00:00:00+00:00
[2023-04-01 18:10:05,895] {processor.py:171} INFO - Processing /home/airflow/.local/lib/python3.7/site-packages/airflow/example_dags/example_branch_operator.py took 0.122 seconds
[2023-04-01 18:10:36,058] {processor.py:163} INFO - Started process (PID=666) to work on /home/airflow/.local/lib/python3.7/site-packages/airflow/example_dags/example_branch_operator.py
[2023-04-01 18:10:36,061] {processor.py:620} INFO - Processing file /home/airflow/.local/lib/python3.7/site-packages/airflow/example_dags/example_branch_operator.py for tasks to queue
[2023-04-01 18:10:36,062] {logging_mixin.py:109} INFO - [2023-04-01 18:10:36,062] {dagbag.py:500} INFO - Filling up the DagBag from /home/airflow/.local/lib/python3.7/site-packages/airflow/example_dags/example_branch_operator.py
[2023-04-01 18:10:36,137] {processor.py:632} INFO - DAG(s) dict_keys(['example_branch_operator']) retrieved from /home/airflow/.local/lib/python3.7/site-packages/airflow/example_dags/example_branch_operator.py
[2023-04-01 18:10:36,164] {logging_mixin.py:109} INFO - [2023-04-01 18:10:36,164] {dag.py:2389} INFO - Sync 1 DAGs
[2023-04-01 18:10:36,201] {logging_mixin.py:109} INFO - [2023-04-01 18:10:36,200] {dag.py:2921} INFO - Setting next_dagrun for example_branch_operator to 2023-03-31 00:00:00+00:00
[2023-04-01 18:10:36,229] {processor.py:171} INFO - Processing /home/airflow/.local/lib/python3.7/site-packages/airflow/example_dags/example_branch_operator.py took 0.180 seconds
