[2023-04-01 18:07:26,511] {processor.py:163} INFO - Started process (PID=276) to work on /home/airflow/.local/lib/python3.7/site-packages/airflow/example_dags/example_bash_operator.py
[2023-04-01 18:07:26,513] {processor.py:620} INFO - Processing file /home/airflow/.local/lib/python3.7/site-packages/airflow/example_dags/example_bash_operator.py for tasks to queue
[2023-04-01 18:07:26,514] {logging_mixin.py:109} INFO - [2023-04-01 18:07:26,514] {dagbag.py:500} INFO - Filling up the DagBag from /home/airflow/.local/lib/python3.7/site-packages/airflow/example_dags/example_bash_operator.py
[2023-04-01 18:07:26,574] {processor.py:632} INFO - DAG(s) dict_keys(['example_bash_operator']) retrieved from /home/airflow/.local/lib/python3.7/site-packages/airflow/example_dags/example_bash_operator.py
[2023-04-01 18:07:30,071] {logging_mixin.py:109} INFO - [2023-04-01 18:07:30,070] {providers_manager.py:156} WARNING - Exception when importing 'airflow.providers.google.leveldb.hooks.leveldb.LevelDBHook' from 'apache-airflow-providers-google' package: No module named 'plyvel'
[2023-04-01 18:07:31,073] {logging_mixin.py:109} INFO - [2023-04-01 18:07:31,073] {providers_manager.py:156} WARNING - Exception when importing 'airflow.providers.google.leveldb.hooks.leveldb.LevelDBHook' from 'apache-airflow-providers-google' package: No module named 'plyvel'
[2023-04-01 18:07:31,172] {logging_mixin.py:109} INFO - [2023-04-01 18:07:31,172] {manager.py:496} INFO - Created Permission View: can read on DAG:example_bash_operator
[2023-04-01 18:07:31,203] {logging_mixin.py:109} INFO - [2023-04-01 18:07:31,203] {manager.py:496} INFO - Created Permission View: can edit on DAG:example_bash_operator
[2023-04-01 18:07:31,206] {logging_mixin.py:109} INFO - [2023-04-01 18:07:31,203] {dag.py:2389} INFO - Sync 1 DAGs
[2023-04-01 18:07:31,228] {logging_mixin.py:109} INFO - [2023-04-01 18:07:31,227] {dag.py:2408} INFO - Creating ORM DAG for example_bash_operator
[2023-04-01 18:07:31,261] {logging_mixin.py:109} INFO - [2023-04-01 18:07:31,261] {dag.py:2921} INFO - Setting next_dagrun for example_bash_operator to 2023-03-31 00:00:00+00:00
[2023-04-01 18:07:31,315] {processor.py:171} INFO - Processing /home/airflow/.local/lib/python3.7/site-packages/airflow/example_dags/example_bash_operator.py took 4.811 seconds
[2023-04-01 18:08:03,978] {processor.py:163} INFO - Started process (PID=416) to work on /home/airflow/.local/lib/python3.7/site-packages/airflow/example_dags/example_bash_operator.py
[2023-04-01 18:08:03,981] {processor.py:620} INFO - Processing file /home/airflow/.local/lib/python3.7/site-packages/airflow/example_dags/example_bash_operator.py for tasks to queue
[2023-04-01 18:08:03,982] {logging_mixin.py:109} INFO - [2023-04-01 18:08:03,981] {dagbag.py:500} INFO - Filling up the DagBag from /home/airflow/.local/lib/python3.7/site-packages/airflow/example_dags/example_bash_operator.py
[2023-04-01 18:08:04,057] {processor.py:632} INFO - DAG(s) dict_keys(['example_bash_operator']) retrieved from /home/airflow/.local/lib/python3.7/site-packages/airflow/example_dags/example_bash_operator.py
[2023-04-01 18:08:04,075] {logging_mixin.py:109} INFO - [2023-04-01 18:08:04,075] {dag.py:2389} INFO - Sync 1 DAGs
[2023-04-01 18:08:04,102] {logging_mixin.py:109} INFO - [2023-04-01 18:08:04,102] {dag.py:2921} INFO - Setting next_dagrun for example_bash_operator to 2023-03-31 00:00:00+00:00
[2023-04-01 18:08:04,122] {processor.py:171} INFO - Processing /home/airflow/.local/lib/python3.7/site-packages/airflow/example_dags/example_bash_operator.py took 0.149 seconds
[2023-04-01 18:08:34,415] {processor.py:163} INFO - Started process (PID=467) to work on /home/airflow/.local/lib/python3.7/site-packages/airflow/example_dags/example_bash_operator.py
[2023-04-01 18:08:34,417] {processor.py:620} INFO - Processing file /home/airflow/.local/lib/python3.7/site-packages/airflow/example_dags/example_bash_operator.py for tasks to queue
[2023-04-01 18:08:34,418] {logging_mixin.py:109} INFO - [2023-04-01 18:08:34,418] {dagbag.py:500} INFO - Filling up the DagBag from /home/airflow/.local/lib/python3.7/site-packages/airflow/example_dags/example_bash_operator.py
[2023-04-01 18:08:34,499] {processor.py:632} INFO - DAG(s) dict_keys(['example_bash_operator']) retrieved from /home/airflow/.local/lib/python3.7/site-packages/airflow/example_dags/example_bash_operator.py
[2023-04-01 18:08:34,538] {logging_mixin.py:109} INFO - [2023-04-01 18:08:34,537] {dag.py:2389} INFO - Sync 1 DAGs
[2023-04-01 18:08:34,585] {logging_mixin.py:109} INFO - [2023-04-01 18:08:34,585] {dag.py:2921} INFO - Setting next_dagrun for example_bash_operator to 2023-03-31 00:00:00+00:00
[2023-04-01 18:08:34,610] {processor.py:171} INFO - Processing /home/airflow/.local/lib/python3.7/site-packages/airflow/example_dags/example_bash_operator.py took 0.201 seconds
[2023-04-01 18:09:05,513] {processor.py:163} INFO - Started process (PID=518) to work on /home/airflow/.local/lib/python3.7/site-packages/airflow/example_dags/example_bash_operator.py
[2023-04-01 18:09:05,517] {processor.py:620} INFO - Processing file /home/airflow/.local/lib/python3.7/site-packages/airflow/example_dags/example_bash_operator.py for tasks to queue
[2023-04-01 18:09:05,518] {logging_mixin.py:109} INFO - [2023-04-01 18:09:05,518] {dagbag.py:500} INFO - Filling up the DagBag from /home/airflow/.local/lib/python3.7/site-packages/airflow/example_dags/example_bash_operator.py
[2023-04-01 18:09:05,589] {processor.py:632} INFO - DAG(s) dict_keys(['example_bash_operator']) retrieved from /home/airflow/.local/lib/python3.7/site-packages/airflow/example_dags/example_bash_operator.py
[2023-04-01 18:09:05,615] {logging_mixin.py:109} INFO - [2023-04-01 18:09:05,615] {dag.py:2389} INFO - Sync 1 DAGs
[2023-04-01 18:09:05,651] {logging_mixin.py:109} INFO - [2023-04-01 18:09:05,651] {dag.py:2921} INFO - Setting next_dagrun for example_bash_operator to 2023-03-31 00:00:00+00:00
[2023-04-01 18:09:05,670] {processor.py:171} INFO - Processing /home/airflow/.local/lib/python3.7/site-packages/airflow/example_dags/example_bash_operator.py took 0.164 seconds
[2023-04-01 18:09:36,587] {processor.py:163} INFO - Started process (PID=570) to work on /home/airflow/.local/lib/python3.7/site-packages/airflow/example_dags/example_bash_operator.py
[2023-04-01 18:09:36,589] {processor.py:620} INFO - Processing file /home/airflow/.local/lib/python3.7/site-packages/airflow/example_dags/example_bash_operator.py for tasks to queue
[2023-04-01 18:09:36,591] {logging_mixin.py:109} INFO - [2023-04-01 18:09:36,591] {dagbag.py:500} INFO - Filling up the DagBag from /home/airflow/.local/lib/python3.7/site-packages/airflow/example_dags/example_bash_operator.py
[2023-04-01 18:09:36,674] {processor.py:632} INFO - DAG(s) dict_keys(['example_bash_operator']) retrieved from /home/airflow/.local/lib/python3.7/site-packages/airflow/example_dags/example_bash_operator.py
[2023-04-01 18:09:36,708] {logging_mixin.py:109} INFO - [2023-04-01 18:09:36,707] {dag.py:2389} INFO - Sync 1 DAGs
[2023-04-01 18:09:36,750] {logging_mixin.py:109} INFO - [2023-04-01 18:09:36,750] {dag.py:2921} INFO - Setting next_dagrun for example_bash_operator to 2023-03-31 00:00:00+00:00
[2023-04-01 18:09:36,781] {processor.py:171} INFO - Processing /home/airflow/.local/lib/python3.7/site-packages/airflow/example_dags/example_bash_operator.py took 0.205 seconds
[2023-04-01 18:10:07,148] {processor.py:163} INFO - Started process (PID=619) to work on /home/airflow/.local/lib/python3.7/site-packages/airflow/example_dags/example_bash_operator.py
[2023-04-01 18:10:07,150] {processor.py:620} INFO - Processing file /home/airflow/.local/lib/python3.7/site-packages/airflow/example_dags/example_bash_operator.py for tasks to queue
[2023-04-01 18:10:07,152] {logging_mixin.py:109} INFO - [2023-04-01 18:10:07,152] {dagbag.py:500} INFO - Filling up the DagBag from /home/airflow/.local/lib/python3.7/site-packages/airflow/example_dags/example_bash_operator.py
[2023-04-01 18:10:07,206] {processor.py:632} INFO - DAG(s) dict_keys(['example_bash_operator']) retrieved from /home/airflow/.local/lib/python3.7/site-packages/airflow/example_dags/example_bash_operator.py
[2023-04-01 18:10:07,221] {logging_mixin.py:109} INFO - [2023-04-01 18:10:07,220] {dag.py:2389} INFO - Sync 1 DAGs
[2023-04-01 18:10:07,244] {logging_mixin.py:109} INFO - [2023-04-01 18:10:07,244] {dag.py:2921} INFO - Setting next_dagrun for example_bash_operator to 2023-03-31 00:00:00+00:00
[2023-04-01 18:10:07,259] {processor.py:171} INFO - Processing /home/airflow/.local/lib/python3.7/site-packages/airflow/example_dags/example_bash_operator.py took 0.115 seconds
[2023-04-01 18:10:38,306] {processor.py:163} INFO - Started process (PID=671) to work on /home/airflow/.local/lib/python3.7/site-packages/airflow/example_dags/example_bash_operator.py
[2023-04-01 18:10:38,309] {processor.py:620} INFO - Processing file /home/airflow/.local/lib/python3.7/site-packages/airflow/example_dags/example_bash_operator.py for tasks to queue
[2023-04-01 18:10:38,311] {logging_mixin.py:109} INFO - [2023-04-01 18:10:38,311] {dagbag.py:500} INFO - Filling up the DagBag from /home/airflow/.local/lib/python3.7/site-packages/airflow/example_dags/example_bash_operator.py
[2023-04-01 18:10:38,409] {processor.py:632} INFO - DAG(s) dict_keys(['example_bash_operator']) retrieved from /home/airflow/.local/lib/python3.7/site-packages/airflow/example_dags/example_bash_operator.py
[2023-04-01 18:10:38,437] {logging_mixin.py:109} INFO - [2023-04-01 18:10:38,436] {dag.py:2389} INFO - Sync 1 DAGs
[2023-04-01 18:10:38,471] {logging_mixin.py:109} INFO - [2023-04-01 18:10:38,471] {dag.py:2921} INFO - Setting next_dagrun for example_bash_operator to 2023-03-31 00:00:00+00:00
[2023-04-01 18:10:38,493] {processor.py:171} INFO - Processing /home/airflow/.local/lib/python3.7/site-packages/airflow/example_dags/example_bash_operator.py took 0.197 seconds
