[2023-04-01 18:06:23,623] {processor.py:163} INFO - Started process (PID=103) to work on /home/airflow/.local/lib/python3.7/site-packages/airflow/example_dags/example_branch_labels.py
[2023-04-01 18:06:23,627] {processor.py:620} INFO - Processing file /home/airflow/.local/lib/python3.7/site-packages/airflow/example_dags/example_branch_labels.py for tasks to queue
[2023-04-01 18:06:23,630] {logging_mixin.py:109} INFO - [2023-04-01 18:06:23,629] {dagbag.py:500} INFO - Filling up the DagBag from /home/airflow/.local/lib/python3.7/site-packages/airflow/example_dags/example_branch_labels.py
[2023-04-01 18:06:23,746] {processor.py:632} INFO - DAG(s) dict_keys(['example_branch_labels']) retrieved from /home/airflow/.local/lib/python3.7/site-packages/airflow/example_dags/example_branch_labels.py
[2023-04-01 18:06:31,213] {logging_mixin.py:109} INFO - [2023-04-01 18:06:31,212] {providers_manager.py:156} WARNING - Exception when importing 'airflow.providers.google.leveldb.hooks.leveldb.LevelDBHook' from 'apache-airflow-providers-google' package: No module named 'plyvel'
[2023-04-01 18:06:35,129] {logging_mixin.py:109} INFO - [2023-04-01 18:06:35,129] {providers_manager.py:156} WARNING - Exception when importing 'airflow.providers.google.leveldb.hooks.leveldb.LevelDBHook' from 'apache-airflow-providers-google' package: No module named 'plyvel'
[2023-04-01 18:06:35,296] {logging_mixin.py:109} INFO - [2023-04-01 18:06:35,296] {manager.py:496} INFO - Created Permission View: can read on DAG:example_branch_labels
[2023-04-01 18:06:35,402] {logging_mixin.py:109} INFO - [2023-04-01 18:06:35,401] {manager.py:496} INFO - Created Permission View: can edit on DAG:example_branch_labels
[2023-04-01 18:06:35,403] {logging_mixin.py:109} INFO - [2023-04-01 18:06:35,402] {dag.py:2389} INFO - Sync 1 DAGs
[2023-04-01 18:06:35,468] {logging_mixin.py:109} INFO - [2023-04-01 18:06:35,467] {dag.py:2408} INFO - Creating ORM DAG for example_branch_labels
[2023-04-01 18:06:35,506] {logging_mixin.py:109} INFO - [2023-04-01 18:06:35,506] {dag.py:2921} INFO - Setting next_dagrun for example_branch_labels to 2023-03-31 00:00:00+00:00
[2023-04-01 18:06:35,607] {processor.py:171} INFO - Processing /home/airflow/.local/lib/python3.7/site-packages/airflow/example_dags/example_branch_labels.py took 11.995 seconds
[2023-04-01 18:08:00,424] {processor.py:163} INFO - Started process (PID=398) to work on /home/airflow/.local/lib/python3.7/site-packages/airflow/example_dags/example_branch_labels.py
[2023-04-01 18:08:00,436] {processor.py:620} INFO - Processing file /home/airflow/.local/lib/python3.7/site-packages/airflow/example_dags/example_branch_labels.py for tasks to queue
[2023-04-01 18:08:00,437] {logging_mixin.py:109} INFO - [2023-04-01 18:08:00,437] {dagbag.py:500} INFO - Filling up the DagBag from /home/airflow/.local/lib/python3.7/site-packages/airflow/example_dags/example_branch_labels.py
[2023-04-01 18:08:00,505] {processor.py:632} INFO - DAG(s) dict_keys(['example_branch_labels']) retrieved from /home/airflow/.local/lib/python3.7/site-packages/airflow/example_dags/example_branch_labels.py
[2023-04-01 18:08:00,528] {logging_mixin.py:109} INFO - [2023-04-01 18:08:00,527] {dag.py:2389} INFO - Sync 1 DAGs
[2023-04-01 18:08:00,571] {logging_mixin.py:109} INFO - [2023-04-01 18:08:00,571] {dag.py:2921} INFO - Setting next_dagrun for example_branch_labels to 2023-03-31 00:00:00+00:00
[2023-04-01 18:08:00,595] {processor.py:171} INFO - Processing /home/airflow/.local/lib/python3.7/site-packages/airflow/example_dags/example_branch_labels.py took 0.180 seconds
[2023-04-01 18:08:30,786] {processor.py:163} INFO - Started process (PID=449) to work on /home/airflow/.local/lib/python3.7/site-packages/airflow/example_dags/example_branch_labels.py
[2023-04-01 18:08:30,788] {processor.py:620} INFO - Processing file /home/airflow/.local/lib/python3.7/site-packages/airflow/example_dags/example_branch_labels.py for tasks to queue
[2023-04-01 18:08:30,789] {logging_mixin.py:109} INFO - [2023-04-01 18:08:30,789] {dagbag.py:500} INFO - Filling up the DagBag from /home/airflow/.local/lib/python3.7/site-packages/airflow/example_dags/example_branch_labels.py
[2023-04-01 18:08:30,840] {processor.py:632} INFO - DAG(s) dict_keys(['example_branch_labels']) retrieved from /home/airflow/.local/lib/python3.7/site-packages/airflow/example_dags/example_branch_labels.py
[2023-04-01 18:08:30,860] {logging_mixin.py:109} INFO - [2023-04-01 18:08:30,859] {dag.py:2389} INFO - Sync 1 DAGs
[2023-04-01 18:08:30,896] {logging_mixin.py:109} INFO - [2023-04-01 18:08:30,896] {dag.py:2921} INFO - Setting next_dagrun for example_branch_labels to 2023-03-31 00:00:00+00:00
[2023-04-01 18:08:30,916] {processor.py:171} INFO - Processing /home/airflow/.local/lib/python3.7/site-packages/airflow/example_dags/example_branch_labels.py took 0.137 seconds
[2023-04-01 18:09:01,430] {processor.py:163} INFO - Started process (PID=500) to work on /home/airflow/.local/lib/python3.7/site-packages/airflow/example_dags/example_branch_labels.py
[2023-04-01 18:09:01,433] {processor.py:620} INFO - Processing file /home/airflow/.local/lib/python3.7/site-packages/airflow/example_dags/example_branch_labels.py for tasks to queue
[2023-04-01 18:09:01,434] {logging_mixin.py:109} INFO - [2023-04-01 18:09:01,434] {dagbag.py:500} INFO - Filling up the DagBag from /home/airflow/.local/lib/python3.7/site-packages/airflow/example_dags/example_branch_labels.py
[2023-04-01 18:09:01,489] {processor.py:632} INFO - DAG(s) dict_keys(['example_branch_labels']) retrieved from /home/airflow/.local/lib/python3.7/site-packages/airflow/example_dags/example_branch_labels.py
[2023-04-01 18:09:01,512] {logging_mixin.py:109} INFO - [2023-04-01 18:09:01,511] {dag.py:2389} INFO - Sync 1 DAGs
[2023-04-01 18:09:01,548] {logging_mixin.py:109} INFO - [2023-04-01 18:09:01,548] {dag.py:2921} INFO - Setting next_dagrun for example_branch_labels to 2023-03-31 00:00:00+00:00
[2023-04-01 18:09:01,568] {processor.py:171} INFO - Processing /home/airflow/.local/lib/python3.7/site-packages/airflow/example_dags/example_branch_labels.py took 0.145 seconds
[2023-04-01 18:09:31,732] {processor.py:163} INFO - Started process (PID=551) to work on /home/airflow/.local/lib/python3.7/site-packages/airflow/example_dags/example_branch_labels.py
[2023-04-01 18:09:31,734] {processor.py:620} INFO - Processing file /home/airflow/.local/lib/python3.7/site-packages/airflow/example_dags/example_branch_labels.py for tasks to queue
[2023-04-01 18:09:31,735] {logging_mixin.py:109} INFO - [2023-04-01 18:09:31,734] {dagbag.py:500} INFO - Filling up the DagBag from /home/airflow/.local/lib/python3.7/site-packages/airflow/example_dags/example_branch_labels.py
[2023-04-01 18:09:31,767] {processor.py:632} INFO - DAG(s) dict_keys(['example_branch_labels']) retrieved from /home/airflow/.local/lib/python3.7/site-packages/airflow/example_dags/example_branch_labels.py
[2023-04-01 18:09:31,781] {logging_mixin.py:109} INFO - [2023-04-01 18:09:31,781] {dag.py:2389} INFO - Sync 1 DAGs
[2023-04-01 18:09:31,802] {logging_mixin.py:109} INFO - [2023-04-01 18:09:31,802] {dag.py:2921} INFO - Setting next_dagrun for example_branch_labels to 2023-03-31 00:00:00+00:00
[2023-04-01 18:09:31,815] {processor.py:171} INFO - Processing /home/airflow/.local/lib/python3.7/site-packages/airflow/example_dags/example_branch_labels.py took 0.088 seconds
[2023-04-01 18:10:02,445] {processor.py:163} INFO - Started process (PID=602) to work on /home/airflow/.local/lib/python3.7/site-packages/airflow/example_dags/example_branch_labels.py
[2023-04-01 18:10:02,446] {processor.py:620} INFO - Processing file /home/airflow/.local/lib/python3.7/site-packages/airflow/example_dags/example_branch_labels.py for tasks to queue
[2023-04-01 18:10:02,447] {logging_mixin.py:109} INFO - [2023-04-01 18:10:02,447] {dagbag.py:500} INFO - Filling up the DagBag from /home/airflow/.local/lib/python3.7/site-packages/airflow/example_dags/example_branch_labels.py
[2023-04-01 18:10:02,483] {processor.py:632} INFO - DAG(s) dict_keys(['example_branch_labels']) retrieved from /home/airflow/.local/lib/python3.7/site-packages/airflow/example_dags/example_branch_labels.py
[2023-04-01 18:10:02,496] {logging_mixin.py:109} INFO - [2023-04-01 18:10:02,496] {dag.py:2389} INFO - Sync 1 DAGs
[2023-04-01 18:10:02,518] {logging_mixin.py:109} INFO - [2023-04-01 18:10:02,518] {dag.py:2921} INFO - Setting next_dagrun for example_branch_labels to 2023-03-31 00:00:00+00:00
[2023-04-01 18:10:02,540] {processor.py:171} INFO - Processing /home/airflow/.local/lib/python3.7/site-packages/airflow/example_dags/example_branch_labels.py took 0.104 seconds
[2023-04-01 18:10:32,624] {processor.py:163} INFO - Started process (PID=654) to work on /home/airflow/.local/lib/python3.7/site-packages/airflow/example_dags/example_branch_labels.py
[2023-04-01 18:10:32,626] {processor.py:620} INFO - Processing file /home/airflow/.local/lib/python3.7/site-packages/airflow/example_dags/example_branch_labels.py for tasks to queue
[2023-04-01 18:10:32,628] {logging_mixin.py:109} INFO - [2023-04-01 18:10:32,627] {dagbag.py:500} INFO - Filling up the DagBag from /home/airflow/.local/lib/python3.7/site-packages/airflow/example_dags/example_branch_labels.py
[2023-04-01 18:10:32,712] {processor.py:632} INFO - DAG(s) dict_keys(['example_branch_labels']) retrieved from /home/airflow/.local/lib/python3.7/site-packages/airflow/example_dags/example_branch_labels.py
[2023-04-01 18:10:32,746] {logging_mixin.py:109} INFO - [2023-04-01 18:10:32,746] {dag.py:2389} INFO - Sync 1 DAGs
[2023-04-01 18:10:32,811] {logging_mixin.py:109} INFO - [2023-04-01 18:10:32,810] {dag.py:2921} INFO - Setting next_dagrun for example_branch_labels to 2023-03-31 00:00:00+00:00
[2023-04-01 18:10:32,850] {processor.py:171} INFO - Processing /home/airflow/.local/lib/python3.7/site-packages/airflow/example_dags/example_branch_labels.py took 0.236 seconds
