[2023-04-01 18:06:54,242] {processor.py:163} INFO - Started process (PID=176) to work on /home/airflow/.local/lib/python3.7/site-packages/airflow/example_dags/example_skip_dag.py
[2023-04-01 18:06:54,246] {processor.py:620} INFO - Processing file /home/airflow/.local/lib/python3.7/site-packages/airflow/example_dags/example_skip_dag.py for tasks to queue
[2023-04-01 18:06:54,248] {logging_mixin.py:109} INFO - [2023-04-01 18:06:54,248] {dagbag.py:500} INFO - Filling up the DagBag from /home/airflow/.local/lib/python3.7/site-packages/airflow/example_dags/example_skip_dag.py
[2023-04-01 18:06:54,431] {processor.py:632} INFO - DAG(s) dict_keys(['example_skip_dag']) retrieved from /home/airflow/.local/lib/python3.7/site-packages/airflow/example_dags/example_skip_dag.py
[2023-04-01 18:07:00,503] {logging_mixin.py:109} INFO - [2023-04-01 18:07:00,503] {providers_manager.py:156} WARNING - Exception when importing 'airflow.providers.google.leveldb.hooks.leveldb.LevelDBHook' from 'apache-airflow-providers-google' package: No module named 'plyvel'
[2023-04-01 18:07:01,435] {logging_mixin.py:109} INFO - [2023-04-01 18:07:01,435] {providers_manager.py:156} WARNING - Exception when importing 'airflow.providers.google.leveldb.hooks.leveldb.LevelDBHook' from 'apache-airflow-providers-google' package: No module named 'plyvel'
[2023-04-01 18:07:01,482] {logging_mixin.py:109} INFO - [2023-04-01 18:07:01,482] {manager.py:496} INFO - Created Permission View: can read on DAG:example_skip_dag
[2023-04-01 18:07:01,504] {logging_mixin.py:109} INFO - [2023-04-01 18:07:01,503] {manager.py:496} INFO - Created Permission View: can edit on DAG:example_skip_dag
[2023-04-01 18:07:01,505] {logging_mixin.py:109} INFO - [2023-04-01 18:07:01,504] {dag.py:2389} INFO - Sync 1 DAGs
[2023-04-01 18:07:01,519] {logging_mixin.py:109} INFO - [2023-04-01 18:07:01,518] {dag.py:2408} INFO - Creating ORM DAG for example_skip_dag
[2023-04-01 18:07:01,533] {logging_mixin.py:109} INFO - [2023-04-01 18:07:01,533] {dag.py:2921} INFO - Setting next_dagrun for example_skip_dag to 2023-03-31T18:07:01.532979+00:00
[2023-04-01 18:07:01,559] {processor.py:171} INFO - Processing /home/airflow/.local/lib/python3.7/site-packages/airflow/example_dags/example_skip_dag.py took 7.355 seconds
[2023-04-01 18:08:02,204] {processor.py:163} INFO - Started process (PID=405) to work on /home/airflow/.local/lib/python3.7/site-packages/airflow/example_dags/example_skip_dag.py
[2023-04-01 18:08:02,207] {processor.py:620} INFO - Processing file /home/airflow/.local/lib/python3.7/site-packages/airflow/example_dags/example_skip_dag.py for tasks to queue
[2023-04-01 18:08:02,208] {logging_mixin.py:109} INFO - [2023-04-01 18:08:02,208] {dagbag.py:500} INFO - Filling up the DagBag from /home/airflow/.local/lib/python3.7/site-packages/airflow/example_dags/example_skip_dag.py
[2023-04-01 18:08:02,269] {processor.py:632} INFO - DAG(s) dict_keys(['example_skip_dag']) retrieved from /home/airflow/.local/lib/python3.7/site-packages/airflow/example_dags/example_skip_dag.py
[2023-04-01 18:08:02,298] {logging_mixin.py:109} INFO - [2023-04-01 18:08:02,297] {dag.py:2389} INFO - Sync 1 DAGs
[2023-04-01 18:08:02,336] {logging_mixin.py:109} INFO - [2023-04-01 18:08:02,336] {dag.py:2921} INFO - Setting next_dagrun for example_skip_dag to 2023-03-31T18:08:02.335841+00:00
[2023-04-01 18:08:02,358] {processor.py:171} INFO - Processing /home/airflow/.local/lib/python3.7/site-packages/airflow/example_dags/example_skip_dag.py took 0.161 seconds
[2023-04-01 18:08:32,684] {processor.py:163} INFO - Started process (PID=455) to work on /home/airflow/.local/lib/python3.7/site-packages/airflow/example_dags/example_skip_dag.py
[2023-04-01 18:08:32,688] {processor.py:620} INFO - Processing file /home/airflow/.local/lib/python3.7/site-packages/airflow/example_dags/example_skip_dag.py for tasks to queue
[2023-04-01 18:08:32,689] {logging_mixin.py:109} INFO - [2023-04-01 18:08:32,688] {dagbag.py:500} INFO - Filling up the DagBag from /home/airflow/.local/lib/python3.7/site-packages/airflow/example_dags/example_skip_dag.py
[2023-04-01 18:08:32,751] {processor.py:632} INFO - DAG(s) dict_keys(['example_skip_dag']) retrieved from /home/airflow/.local/lib/python3.7/site-packages/airflow/example_dags/example_skip_dag.py
[2023-04-01 18:08:32,777] {logging_mixin.py:109} INFO - [2023-04-01 18:08:32,776] {dag.py:2389} INFO - Sync 1 DAGs
[2023-04-01 18:08:32,824] {logging_mixin.py:109} INFO - [2023-04-01 18:08:32,824] {dag.py:2921} INFO - Setting next_dagrun for example_skip_dag to 2023-03-31T18:08:32.823872+00:00
[2023-04-01 18:08:32,843] {processor.py:171} INFO - Processing /home/airflow/.local/lib/python3.7/site-packages/airflow/example_dags/example_skip_dag.py took 0.166 seconds
[2023-04-01 18:09:03,113] {processor.py:163} INFO - Started process (PID=506) to work on /home/airflow/.local/lib/python3.7/site-packages/airflow/example_dags/example_skip_dag.py
[2023-04-01 18:09:03,118] {processor.py:620} INFO - Processing file /home/airflow/.local/lib/python3.7/site-packages/airflow/example_dags/example_skip_dag.py for tasks to queue
[2023-04-01 18:09:03,120] {logging_mixin.py:109} INFO - [2023-04-01 18:09:03,119] {dagbag.py:500} INFO - Filling up the DagBag from /home/airflow/.local/lib/python3.7/site-packages/airflow/example_dags/example_skip_dag.py
[2023-04-01 18:09:03,198] {processor.py:632} INFO - DAG(s) dict_keys(['example_skip_dag']) retrieved from /home/airflow/.local/lib/python3.7/site-packages/airflow/example_dags/example_skip_dag.py
[2023-04-01 18:09:03,230] {logging_mixin.py:109} INFO - [2023-04-01 18:09:03,230] {dag.py:2389} INFO - Sync 1 DAGs
[2023-04-01 18:09:03,297] {logging_mixin.py:109} INFO - [2023-04-01 18:09:03,295] {dag.py:2921} INFO - Setting next_dagrun for example_skip_dag to 2023-03-31T18:09:03.294747+00:00
[2023-04-01 18:09:03,329] {processor.py:171} INFO - Processing /home/airflow/.local/lib/python3.7/site-packages/airflow/example_dags/example_skip_dag.py took 0.225 seconds
[2023-04-01 18:09:33,479] {processor.py:163} INFO - Started process (PID=557) to work on /home/airflow/.local/lib/python3.7/site-packages/airflow/example_dags/example_skip_dag.py
[2023-04-01 18:09:33,481] {processor.py:620} INFO - Processing file /home/airflow/.local/lib/python3.7/site-packages/airflow/example_dags/example_skip_dag.py for tasks to queue
[2023-04-01 18:09:33,482] {logging_mixin.py:109} INFO - [2023-04-01 18:09:33,482] {dagbag.py:500} INFO - Filling up the DagBag from /home/airflow/.local/lib/python3.7/site-packages/airflow/example_dags/example_skip_dag.py
[2023-04-01 18:09:33,535] {processor.py:632} INFO - DAG(s) dict_keys(['example_skip_dag']) retrieved from /home/airflow/.local/lib/python3.7/site-packages/airflow/example_dags/example_skip_dag.py
[2023-04-01 18:09:33,555] {logging_mixin.py:109} INFO - [2023-04-01 18:09:33,555] {dag.py:2389} INFO - Sync 1 DAGs
[2023-04-01 18:09:33,590] {logging_mixin.py:109} INFO - [2023-04-01 18:09:33,590] {dag.py:2921} INFO - Setting next_dagrun for example_skip_dag to 2023-03-31T18:09:33.589605+00:00
[2023-04-01 18:09:33,615] {processor.py:171} INFO - Processing /home/airflow/.local/lib/python3.7/site-packages/airflow/example_dags/example_skip_dag.py took 0.142 seconds
[2023-04-01 18:10:04,135] {processor.py:163} INFO - Started process (PID=608) to work on /home/airflow/.local/lib/python3.7/site-packages/airflow/example_dags/example_skip_dag.py
[2023-04-01 18:10:04,137] {processor.py:620} INFO - Processing file /home/airflow/.local/lib/python3.7/site-packages/airflow/example_dags/example_skip_dag.py for tasks to queue
[2023-04-01 18:10:04,138] {logging_mixin.py:109} INFO - [2023-04-01 18:10:04,138] {dagbag.py:500} INFO - Filling up the DagBag from /home/airflow/.local/lib/python3.7/site-packages/airflow/example_dags/example_skip_dag.py
[2023-04-01 18:10:04,184] {processor.py:632} INFO - DAG(s) dict_keys(['example_skip_dag']) retrieved from /home/airflow/.local/lib/python3.7/site-packages/airflow/example_dags/example_skip_dag.py
[2023-04-01 18:10:04,205] {logging_mixin.py:109} INFO - [2023-04-01 18:10:04,205] {dag.py:2389} INFO - Sync 1 DAGs
[2023-04-01 18:10:04,232] {logging_mixin.py:109} INFO - [2023-04-01 18:10:04,231] {dag.py:2921} INFO - Setting next_dagrun for example_skip_dag to 2023-03-31T18:10:04.231307+00:00
[2023-04-01 18:10:04,250] {processor.py:171} INFO - Processing /home/airflow/.local/lib/python3.7/site-packages/airflow/example_dags/example_skip_dag.py took 0.122 seconds
[2023-04-01 18:10:34,740] {processor.py:163} INFO - Started process (PID=660) to work on /home/airflow/.local/lib/python3.7/site-packages/airflow/example_dags/example_skip_dag.py
[2023-04-01 18:10:34,745] {processor.py:620} INFO - Processing file /home/airflow/.local/lib/python3.7/site-packages/airflow/example_dags/example_skip_dag.py for tasks to queue
[2023-04-01 18:10:34,746] {logging_mixin.py:109} INFO - [2023-04-01 18:10:34,746] {dagbag.py:500} INFO - Filling up the DagBag from /home/airflow/.local/lib/python3.7/site-packages/airflow/example_dags/example_skip_dag.py
[2023-04-01 18:10:34,875] {processor.py:632} INFO - DAG(s) dict_keys(['example_skip_dag']) retrieved from /home/airflow/.local/lib/python3.7/site-packages/airflow/example_dags/example_skip_dag.py
[2023-04-01 18:10:34,925] {logging_mixin.py:109} INFO - [2023-04-01 18:10:34,922] {dag.py:2389} INFO - Sync 1 DAGs
[2023-04-01 18:10:34,982] {logging_mixin.py:109} INFO - [2023-04-01 18:10:34,982] {dag.py:2921} INFO - Setting next_dagrun for example_skip_dag to 2023-03-31T18:10:34.981232+00:00
[2023-04-01 18:10:35,013] {processor.py:171} INFO - Processing /home/airflow/.local/lib/python3.7/site-packages/airflow/example_dags/example_skip_dag.py took 0.293 seconds
