[2023-04-01 18:07:48,115] {processor.py:163} INFO - Started process (PID=356) to work on /home/airflow/.local/lib/python3.7/site-packages/airflow/example_dags/example_subdag_operator.py
[2023-04-01 18:07:48,121] {processor.py:620} INFO - Processing file /home/airflow/.local/lib/python3.7/site-packages/airflow/example_dags/example_subdag_operator.py for tasks to queue
[2023-04-01 18:07:48,123] {logging_mixin.py:109} INFO - [2023-04-01 18:07:48,122] {dagbag.py:500} INFO - Filling up the DagBag from /home/airflow/.local/lib/python3.7/site-packages/airflow/example_dags/example_subdag_operator.py
[2023-04-01 18:07:48,255] {processor.py:632} INFO - DAG(s) dict_keys(['example_subdag_operator.section-1', 'example_subdag_operator.section-2', 'example_subdag_operator']) retrieved from /home/airflow/.local/lib/python3.7/site-packages/airflow/example_dags/example_subdag_operator.py
[2023-04-01 18:07:53,714] {logging_mixin.py:109} INFO - [2023-04-01 18:07:53,714] {providers_manager.py:156} WARNING - Exception when importing 'airflow.providers.google.leveldb.hooks.leveldb.LevelDBHook' from 'apache-airflow-providers-google' package: No module named 'plyvel'
[2023-04-01 18:07:55,301] {logging_mixin.py:109} INFO - [2023-04-01 18:07:55,300] {providers_manager.py:156} WARNING - Exception when importing 'airflow.providers.google.leveldb.hooks.leveldb.LevelDBHook' from 'apache-airflow-providers-google' package: No module named 'plyvel'
[2023-04-01 18:07:55,384] {logging_mixin.py:109} INFO - [2023-04-01 18:07:55,384] {manager.py:496} INFO - Created Permission View: can read on DAG:example_subdag_operator
[2023-04-01 18:07:55,418] {logging_mixin.py:109} INFO - [2023-04-01 18:07:55,418] {manager.py:496} INFO - Created Permission View: can edit on DAG:example_subdag_operator
[2023-04-01 18:07:55,419] {logging_mixin.py:109} INFO - [2023-04-01 18:07:55,418] {dag.py:2389} INFO - Sync 3 DAGs
[2023-04-01 18:07:55,459] {logging_mixin.py:109} INFO - [2023-04-01 18:07:55,457] {dag.py:2408} INFO - Creating ORM DAG for example_subdag_operator.section-2
[2023-04-01 18:07:55,461] {logging_mixin.py:109} INFO - [2023-04-01 18:07:55,461] {dag.py:2408} INFO - Creating ORM DAG for example_subdag_operator.section-1
[2023-04-01 18:07:55,463] {logging_mixin.py:109} INFO - [2023-04-01 18:07:55,463] {dag.py:2408} INFO - Creating ORM DAG for example_subdag_operator
[2023-04-01 18:07:55,504] {logging_mixin.py:109} INFO - [2023-04-01 18:07:55,503] {dag.py:2921} INFO - Setting next_dagrun for example_subdag_operator to 2023-03-30T00:00:00+00:00
[2023-04-01 18:07:55,505] {logging_mixin.py:109} INFO - [2023-04-01 18:07:55,505] {dag.py:2921} INFO - Setting next_dagrun for example_subdag_operator.section-1 to None
[2023-04-01 18:07:55,506] {logging_mixin.py:109} INFO - [2023-04-01 18:07:55,505] {dag.py:2921} INFO - Setting next_dagrun for example_subdag_operator.section-2 to None
[2023-04-01 18:07:55,542] {logging_mixin.py:109} INFO - [2023-04-01 18:07:55,542] {dag.py:2389} INFO - Sync 2 DAGs
[2023-04-01 18:07:55,583] {logging_mixin.py:109} INFO - [2023-04-01 18:07:55,582] {dag.py:2921} INFO - Setting next_dagrun for example_subdag_operator.section-1 to None
[2023-04-01 18:07:55,583] {logging_mixin.py:109} INFO - [2023-04-01 18:07:55,583] {dag.py:2921} INFO - Setting next_dagrun for example_subdag_operator.section-2 to None
[2023-04-01 18:07:55,611] {processor.py:171} INFO - Processing /home/airflow/.local/lib/python3.7/site-packages/airflow/example_dags/example_subdag_operator.py took 7.510 seconds
[2023-04-01 18:08:26,434] {processor.py:163} INFO - Started process (PID=441) to work on /home/airflow/.local/lib/python3.7/site-packages/airflow/example_dags/example_subdag_operator.py
[2023-04-01 18:08:26,436] {processor.py:620} INFO - Processing file /home/airflow/.local/lib/python3.7/site-packages/airflow/example_dags/example_subdag_operator.py for tasks to queue
[2023-04-01 18:08:26,437] {logging_mixin.py:109} INFO - [2023-04-01 18:08:26,437] {dagbag.py:500} INFO - Filling up the DagBag from /home/airflow/.local/lib/python3.7/site-packages/airflow/example_dags/example_subdag_operator.py
[2023-04-01 18:08:26,505] {processor.py:632} INFO - DAG(s) dict_keys(['example_subdag_operator.section-1', 'example_subdag_operator.section-2', 'example_subdag_operator']) retrieved from /home/airflow/.local/lib/python3.7/site-packages/airflow/example_dags/example_subdag_operator.py
[2023-04-01 18:08:26,528] {logging_mixin.py:109} INFO - [2023-04-01 18:08:26,528] {dag.py:2389} INFO - Sync 3 DAGs
[2023-04-01 18:08:26,557] {logging_mixin.py:109} INFO - [2023-04-01 18:08:26,557] {dag.py:2921} INFO - Setting next_dagrun for example_subdag_operator to 2023-03-30T00:00:00+00:00
[2023-04-01 18:08:26,558] {logging_mixin.py:109} INFO - [2023-04-01 18:08:26,558] {dag.py:2921} INFO - Setting next_dagrun for example_subdag_operator.section-1 to None
[2023-04-01 18:08:26,558] {logging_mixin.py:109} INFO - [2023-04-01 18:08:26,558] {dag.py:2921} INFO - Setting next_dagrun for example_subdag_operator.section-2 to None
[2023-04-01 18:08:26,571] {logging_mixin.py:109} INFO - [2023-04-01 18:08:26,571] {dag.py:2389} INFO - Sync 2 DAGs
[2023-04-01 18:08:26,591] {logging_mixin.py:109} INFO - [2023-04-01 18:08:26,591] {dag.py:2921} INFO - Setting next_dagrun for example_subdag_operator.section-1 to None
[2023-04-01 18:08:26,591] {logging_mixin.py:109} INFO - [2023-04-01 18:08:26,591] {dag.py:2921} INFO - Setting next_dagrun for example_subdag_operator.section-2 to None
[2023-04-01 18:08:26,609] {processor.py:171} INFO - Processing /home/airflow/.local/lib/python3.7/site-packages/airflow/example_dags/example_subdag_operator.py took 0.179 seconds
[2023-04-01 18:08:56,755] {processor.py:163} INFO - Started process (PID=492) to work on /home/airflow/.local/lib/python3.7/site-packages/airflow/example_dags/example_subdag_operator.py
[2023-04-01 18:08:56,757] {processor.py:620} INFO - Processing file /home/airflow/.local/lib/python3.7/site-packages/airflow/example_dags/example_subdag_operator.py for tasks to queue
[2023-04-01 18:08:56,758] {logging_mixin.py:109} INFO - [2023-04-01 18:08:56,758] {dagbag.py:500} INFO - Filling up the DagBag from /home/airflow/.local/lib/python3.7/site-packages/airflow/example_dags/example_subdag_operator.py
[2023-04-01 18:08:56,837] {processor.py:632} INFO - DAG(s) dict_keys(['example_subdag_operator.section-1', 'example_subdag_operator.section-2', 'example_subdag_operator']) retrieved from /home/airflow/.local/lib/python3.7/site-packages/airflow/example_dags/example_subdag_operator.py
[2023-04-01 18:08:56,860] {logging_mixin.py:109} INFO - [2023-04-01 18:08:56,860] {dag.py:2389} INFO - Sync 3 DAGs
[2023-04-01 18:08:56,894] {logging_mixin.py:109} INFO - [2023-04-01 18:08:56,893] {dag.py:2921} INFO - Setting next_dagrun for example_subdag_operator to 2023-03-30T00:00:00+00:00
[2023-04-01 18:08:56,894] {logging_mixin.py:109} INFO - [2023-04-01 18:08:56,894] {dag.py:2921} INFO - Setting next_dagrun for example_subdag_operator.section-1 to None
[2023-04-01 18:08:56,895] {logging_mixin.py:109} INFO - [2023-04-01 18:08:56,895] {dag.py:2921} INFO - Setting next_dagrun for example_subdag_operator.section-2 to None
[2023-04-01 18:08:56,906] {logging_mixin.py:109} INFO - [2023-04-01 18:08:56,906] {dag.py:2389} INFO - Sync 2 DAGs
[2023-04-01 18:08:56,923] {logging_mixin.py:109} INFO - [2023-04-01 18:08:56,923] {dag.py:2921} INFO - Setting next_dagrun for example_subdag_operator.section-1 to None
[2023-04-01 18:08:56,923] {logging_mixin.py:109} INFO - [2023-04-01 18:08:56,923] {dag.py:2921} INFO - Setting next_dagrun for example_subdag_operator.section-2 to None
[2023-04-01 18:08:56,948] {processor.py:171} INFO - Processing /home/airflow/.local/lib/python3.7/site-packages/airflow/example_dags/example_subdag_operator.py took 0.200 seconds
[2023-04-01 18:09:26,987] {processor.py:163} INFO - Started process (PID=544) to work on /home/airflow/.local/lib/python3.7/site-packages/airflow/example_dags/example_subdag_operator.py
[2023-04-01 18:09:26,997] {processor.py:620} INFO - Processing file /home/airflow/.local/lib/python3.7/site-packages/airflow/example_dags/example_subdag_operator.py for tasks to queue
[2023-04-01 18:09:26,998] {logging_mixin.py:109} INFO - [2023-04-01 18:09:26,998] {dagbag.py:500} INFO - Filling up the DagBag from /home/airflow/.local/lib/python3.7/site-packages/airflow/example_dags/example_subdag_operator.py
[2023-04-01 18:09:27,067] {processor.py:632} INFO - DAG(s) dict_keys(['example_subdag_operator.section-1', 'example_subdag_operator.section-2', 'example_subdag_operator']) retrieved from /home/airflow/.local/lib/python3.7/site-packages/airflow/example_dags/example_subdag_operator.py
[2023-04-01 18:09:27,089] {logging_mixin.py:109} INFO - [2023-04-01 18:09:27,088] {dag.py:2389} INFO - Sync 3 DAGs
[2023-04-01 18:09:27,123] {logging_mixin.py:109} INFO - [2023-04-01 18:09:27,122] {dag.py:2921} INFO - Setting next_dagrun for example_subdag_operator to 2023-03-30T00:00:00+00:00
[2023-04-01 18:09:27,126] {logging_mixin.py:109} INFO - [2023-04-01 18:09:27,125] {dag.py:2921} INFO - Setting next_dagrun for example_subdag_operator.section-1 to None
[2023-04-01 18:09:27,127] {logging_mixin.py:109} INFO - [2023-04-01 18:09:27,127] {dag.py:2921} INFO - Setting next_dagrun for example_subdag_operator.section-2 to None
[2023-04-01 18:09:27,142] {logging_mixin.py:109} INFO - [2023-04-01 18:09:27,142] {dag.py:2389} INFO - Sync 2 DAGs
[2023-04-01 18:09:27,165] {logging_mixin.py:109} INFO - [2023-04-01 18:09:27,165] {dag.py:2921} INFO - Setting next_dagrun for example_subdag_operator.section-1 to None
[2023-04-01 18:09:27,166] {logging_mixin.py:109} INFO - [2023-04-01 18:09:27,166] {dag.py:2921} INFO - Setting next_dagrun for example_subdag_operator.section-2 to None
[2023-04-01 18:09:27,184] {processor.py:171} INFO - Processing /home/airflow/.local/lib/python3.7/site-packages/airflow/example_dags/example_subdag_operator.py took 0.205 seconds
[2023-04-01 18:09:57,786] {processor.py:163} INFO - Started process (PID=595) to work on /home/airflow/.local/lib/python3.7/site-packages/airflow/example_dags/example_subdag_operator.py
[2023-04-01 18:09:57,792] {processor.py:620} INFO - Processing file /home/airflow/.local/lib/python3.7/site-packages/airflow/example_dags/example_subdag_operator.py for tasks to queue
[2023-04-01 18:09:57,794] {logging_mixin.py:109} INFO - [2023-04-01 18:09:57,794] {dagbag.py:500} INFO - Filling up the DagBag from /home/airflow/.local/lib/python3.7/site-packages/airflow/example_dags/example_subdag_operator.py
[2023-04-01 18:09:57,926] {processor.py:632} INFO - DAG(s) dict_keys(['example_subdag_operator.section-1', 'example_subdag_operator.section-2', 'example_subdag_operator']) retrieved from /home/airflow/.local/lib/python3.7/site-packages/airflow/example_dags/example_subdag_operator.py
[2023-04-01 18:09:57,957] {logging_mixin.py:109} INFO - [2023-04-01 18:09:57,957] {dag.py:2389} INFO - Sync 3 DAGs
[2023-04-01 18:09:57,995] {logging_mixin.py:109} INFO - [2023-04-01 18:09:57,995] {dag.py:2921} INFO - Setting next_dagrun for example_subdag_operator to 2023-03-30T00:00:00+00:00
[2023-04-01 18:09:57,996] {logging_mixin.py:109} INFO - [2023-04-01 18:09:57,996] {dag.py:2921} INFO - Setting next_dagrun for example_subdag_operator.section-1 to None
[2023-04-01 18:09:57,996] {logging_mixin.py:109} INFO - [2023-04-01 18:09:57,996] {dag.py:2921} INFO - Setting next_dagrun for example_subdag_operator.section-2 to None
[2023-04-01 18:09:58,012] {logging_mixin.py:109} INFO - [2023-04-01 18:09:58,012] {dag.py:2389} INFO - Sync 2 DAGs
[2023-04-01 18:09:58,047] {logging_mixin.py:109} INFO - [2023-04-01 18:09:58,047] {dag.py:2921} INFO - Setting next_dagrun for example_subdag_operator.section-1 to None
[2023-04-01 18:09:58,048] {logging_mixin.py:109} INFO - [2023-04-01 18:09:58,048] {dag.py:2921} INFO - Setting next_dagrun for example_subdag_operator.section-2 to None
[2023-04-01 18:09:58,087] {processor.py:171} INFO - Processing /home/airflow/.local/lib/python3.7/site-packages/airflow/example_dags/example_subdag_operator.py took 0.310 seconds
[2023-04-01 18:10:28,156] {processor.py:163} INFO - Started process (PID=637) to work on /home/airflow/.local/lib/python3.7/site-packages/airflow/example_dags/example_subdag_operator.py
[2023-04-01 18:10:28,169] {processor.py:620} INFO - Processing file /home/airflow/.local/lib/python3.7/site-packages/airflow/example_dags/example_subdag_operator.py for tasks to queue
[2023-04-01 18:10:28,171] {logging_mixin.py:109} INFO - [2023-04-01 18:10:28,171] {dagbag.py:500} INFO - Filling up the DagBag from /home/airflow/.local/lib/python3.7/site-packages/airflow/example_dags/example_subdag_operator.py
[2023-04-01 18:10:28,260] {processor.py:632} INFO - DAG(s) dict_keys(['example_subdag_operator.section-1', 'example_subdag_operator.section-2', 'example_subdag_operator']) retrieved from /home/airflow/.local/lib/python3.7/site-packages/airflow/example_dags/example_subdag_operator.py
[2023-04-01 18:10:28,292] {logging_mixin.py:109} INFO - [2023-04-01 18:10:28,292] {dag.py:2389} INFO - Sync 3 DAGs
[2023-04-01 18:10:28,328] {logging_mixin.py:109} INFO - [2023-04-01 18:10:28,327] {dag.py:2921} INFO - Setting next_dagrun for example_subdag_operator to 2023-03-30T00:00:00+00:00
[2023-04-01 18:10:28,328] {logging_mixin.py:109} INFO - [2023-04-01 18:10:28,328] {dag.py:2921} INFO - Setting next_dagrun for example_subdag_operator.section-1 to None
[2023-04-01 18:10:28,329] {logging_mixin.py:109} INFO - [2023-04-01 18:10:28,328] {dag.py:2921} INFO - Setting next_dagrun for example_subdag_operator.section-2 to None
[2023-04-01 18:10:28,343] {logging_mixin.py:109} INFO - [2023-04-01 18:10:28,342] {dag.py:2389} INFO - Sync 2 DAGs
[2023-04-01 18:10:28,367] {logging_mixin.py:109} INFO - [2023-04-01 18:10:28,366] {dag.py:2921} INFO - Setting next_dagrun for example_subdag_operator.section-1 to None
[2023-04-01 18:10:28,367] {logging_mixin.py:109} INFO - [2023-04-01 18:10:28,367] {dag.py:2921} INFO - Setting next_dagrun for example_subdag_operator.section-2 to None
[2023-04-01 18:10:28,385] {processor.py:171} INFO - Processing /home/airflow/.local/lib/python3.7/site-packages/airflow/example_dags/example_subdag_operator.py took 0.242 seconds
