[2023-04-01 18:07:43,493] {processor.py:163} INFO - Started process (PID=338) to work on /home/airflow/.local/lib/python3.7/site-packages/airflow/example_dags/example_latest_only_with_trigger.py
[2023-04-01 18:07:43,495] {processor.py:620} INFO - Processing file /home/airflow/.local/lib/python3.7/site-packages/airflow/example_dags/example_latest_only_with_trigger.py for tasks to queue
[2023-04-01 18:07:43,497] {logging_mixin.py:109} INFO - [2023-04-01 18:07:43,497] {dagbag.py:500} INFO - Filling up the DagBag from /home/airflow/.local/lib/python3.7/site-packages/airflow/example_dags/example_latest_only_with_trigger.py
[2023-04-01 18:07:43,559] {processor.py:632} INFO - DAG(s) dict_keys(['latest_only_with_trigger']) retrieved from /home/airflow/.local/lib/python3.7/site-packages/airflow/example_dags/example_latest_only_with_trigger.py
[2023-04-01 18:07:46,961] {logging_mixin.py:109} INFO - [2023-04-01 18:07:46,960] {providers_manager.py:156} WARNING - Exception when importing 'airflow.providers.google.leveldb.hooks.leveldb.LevelDBHook' from 'apache-airflow-providers-google' package: No module named 'plyvel'
[2023-04-01 18:07:47,882] {logging_mixin.py:109} INFO - [2023-04-01 18:07:47,881] {providers_manager.py:156} WARNING - Exception when importing 'airflow.providers.google.leveldb.hooks.leveldb.LevelDBHook' from 'apache-airflow-providers-google' package: No module named 'plyvel'
[2023-04-01 18:07:47,940] {logging_mixin.py:109} INFO - [2023-04-01 18:07:47,939] {manager.py:496} INFO - Created Permission View: can read on DAG:latest_only_with_trigger
[2023-04-01 18:07:47,971] {logging_mixin.py:109} INFO - [2023-04-01 18:07:47,970] {manager.py:496} INFO - Created Permission View: can edit on DAG:latest_only_with_trigger
[2023-04-01 18:07:47,971] {logging_mixin.py:109} INFO - [2023-04-01 18:07:47,971] {dag.py:2389} INFO - Sync 1 DAGs
[2023-04-01 18:07:47,985] {logging_mixin.py:109} INFO - [2023-04-01 18:07:47,985] {dag.py:2408} INFO - Creating ORM DAG for latest_only_with_trigger
[2023-04-01 18:07:48,007] {logging_mixin.py:109} INFO - [2023-04-01 18:07:48,006] {dag.py:2921} INFO - Setting next_dagrun for latest_only_with_trigger to 2023-04-01T14:07:48.006335+00:00
[2023-04-01 18:07:48,039] {processor.py:171} INFO - Processing /home/airflow/.local/lib/python3.7/site-packages/airflow/example_dags/example_latest_only_with_trigger.py took 4.553 seconds
[2023-04-01 18:08:18,256] {processor.py:163} INFO - Started process (PID=430) to work on /home/airflow/.local/lib/python3.7/site-packages/airflow/example_dags/example_latest_only_with_trigger.py
[2023-04-01 18:08:18,266] {processor.py:620} INFO - Processing file /home/airflow/.local/lib/python3.7/site-packages/airflow/example_dags/example_latest_only_with_trigger.py for tasks to queue
[2023-04-01 18:08:18,267] {logging_mixin.py:109} INFO - [2023-04-01 18:08:18,267] {dagbag.py:500} INFO - Filling up the DagBag from /home/airflow/.local/lib/python3.7/site-packages/airflow/example_dags/example_latest_only_with_trigger.py
[2023-04-01 18:08:18,308] {processor.py:632} INFO - DAG(s) dict_keys(['latest_only_with_trigger']) retrieved from /home/airflow/.local/lib/python3.7/site-packages/airflow/example_dags/example_latest_only_with_trigger.py
[2023-04-01 18:08:18,321] {logging_mixin.py:109} INFO - [2023-04-01 18:08:18,321] {dag.py:2389} INFO - Sync 1 DAGs
[2023-04-01 18:08:18,342] {logging_mixin.py:109} INFO - [2023-04-01 18:08:18,342] {dag.py:2921} INFO - Setting next_dagrun for latest_only_with_trigger to 2023-04-01T14:08:18.341599+00:00
[2023-04-01 18:08:18,362] {processor.py:171} INFO - Processing /home/airflow/.local/lib/python3.7/site-packages/airflow/example_dags/example_latest_only_with_trigger.py took 0.111 seconds
[2023-04-01 18:08:48,563] {processor.py:163} INFO - Started process (PID=481) to work on /home/airflow/.local/lib/python3.7/site-packages/airflow/example_dags/example_latest_only_with_trigger.py
[2023-04-01 18:08:48,565] {processor.py:620} INFO - Processing file /home/airflow/.local/lib/python3.7/site-packages/airflow/example_dags/example_latest_only_with_trigger.py for tasks to queue
[2023-04-01 18:08:48,566] {logging_mixin.py:109} INFO - [2023-04-01 18:08:48,566] {dagbag.py:500} INFO - Filling up the DagBag from /home/airflow/.local/lib/python3.7/site-packages/airflow/example_dags/example_latest_only_with_trigger.py
[2023-04-01 18:08:48,607] {processor.py:632} INFO - DAG(s) dict_keys(['latest_only_with_trigger']) retrieved from /home/airflow/.local/lib/python3.7/site-packages/airflow/example_dags/example_latest_only_with_trigger.py
[2023-04-01 18:08:48,625] {logging_mixin.py:109} INFO - [2023-04-01 18:08:48,624] {dag.py:2389} INFO - Sync 1 DAGs
[2023-04-01 18:08:48,650] {logging_mixin.py:109} INFO - [2023-04-01 18:08:48,649] {dag.py:2921} INFO - Setting next_dagrun for latest_only_with_trigger to 2023-04-01T14:08:48.649273+00:00
[2023-04-01 18:08:48,667] {processor.py:171} INFO - Processing /home/airflow/.local/lib/python3.7/site-packages/airflow/example_dags/example_latest_only_with_trigger.py took 0.109 seconds
[2023-04-01 18:09:19,458] {processor.py:163} INFO - Started process (PID=533) to work on /home/airflow/.local/lib/python3.7/site-packages/airflow/example_dags/example_latest_only_with_trigger.py
[2023-04-01 18:09:19,469] {processor.py:620} INFO - Processing file /home/airflow/.local/lib/python3.7/site-packages/airflow/example_dags/example_latest_only_with_trigger.py for tasks to queue
[2023-04-01 18:09:19,470] {logging_mixin.py:109} INFO - [2023-04-01 18:09:19,470] {dagbag.py:500} INFO - Filling up the DagBag from /home/airflow/.local/lib/python3.7/site-packages/airflow/example_dags/example_latest_only_with_trigger.py
[2023-04-01 18:09:19,536] {processor.py:632} INFO - DAG(s) dict_keys(['latest_only_with_trigger']) retrieved from /home/airflow/.local/lib/python3.7/site-packages/airflow/example_dags/example_latest_only_with_trigger.py
[2023-04-01 18:09:19,561] {logging_mixin.py:109} INFO - [2023-04-01 18:09:19,561] {dag.py:2389} INFO - Sync 1 DAGs
[2023-04-01 18:09:19,626] {logging_mixin.py:109} INFO - [2023-04-01 18:09:19,626] {dag.py:2921} INFO - Setting next_dagrun for latest_only_with_trigger to 2023-04-01T14:09:19.625838+00:00
[2023-04-01 18:09:19,659] {processor.py:171} INFO - Processing /home/airflow/.local/lib/python3.7/site-packages/airflow/example_dags/example_latest_only_with_trigger.py took 0.208 seconds
[2023-04-01 18:09:49,737] {processor.py:163} INFO - Started process (PID=584) to work on /home/airflow/.local/lib/python3.7/site-packages/airflow/example_dags/example_latest_only_with_trigger.py
[2023-04-01 18:09:49,738] {processor.py:620} INFO - Processing file /home/airflow/.local/lib/python3.7/site-packages/airflow/example_dags/example_latest_only_with_trigger.py for tasks to queue
[2023-04-01 18:09:49,739] {logging_mixin.py:109} INFO - [2023-04-01 18:09:49,739] {dagbag.py:500} INFO - Filling up the DagBag from /home/airflow/.local/lib/python3.7/site-packages/airflow/example_dags/example_latest_only_with_trigger.py
[2023-04-01 18:09:49,776] {processor.py:632} INFO - DAG(s) dict_keys(['latest_only_with_trigger']) retrieved from /home/airflow/.local/lib/python3.7/site-packages/airflow/example_dags/example_latest_only_with_trigger.py
[2023-04-01 18:09:49,793] {logging_mixin.py:109} INFO - [2023-04-01 18:09:49,793] {dag.py:2389} INFO - Sync 1 DAGs
[2023-04-01 18:09:49,818] {logging_mixin.py:109} INFO - [2023-04-01 18:09:49,817] {dag.py:2921} INFO - Setting next_dagrun for latest_only_with_trigger to 2023-04-01T14:09:49.817298+00:00
[2023-04-01 18:09:49,839] {processor.py:171} INFO - Processing /home/airflow/.local/lib/python3.7/site-packages/airflow/example_dags/example_latest_only_with_trigger.py took 0.105 seconds
[2023-04-01 18:10:20,756] {processor.py:163} INFO - Started process (PID=635) to work on /home/airflow/.local/lib/python3.7/site-packages/airflow/example_dags/example_latest_only_with_trigger.py
[2023-04-01 18:10:20,766] {processor.py:620} INFO - Processing file /home/airflow/.local/lib/python3.7/site-packages/airflow/example_dags/example_latest_only_with_trigger.py for tasks to queue
[2023-04-01 18:10:20,768] {logging_mixin.py:109} INFO - [2023-04-01 18:10:20,767] {dagbag.py:500} INFO - Filling up the DagBag from /home/airflow/.local/lib/python3.7/site-packages/airflow/example_dags/example_latest_only_with_trigger.py
[2023-04-01 18:10:20,834] {processor.py:632} INFO - DAG(s) dict_keys(['latest_only_with_trigger']) retrieved from /home/airflow/.local/lib/python3.7/site-packages/airflow/example_dags/example_latest_only_with_trigger.py
[2023-04-01 18:10:20,857] {logging_mixin.py:109} INFO - [2023-04-01 18:10:20,857] {dag.py:2389} INFO - Sync 1 DAGs
[2023-04-01 18:10:20,892] {logging_mixin.py:109} INFO - [2023-04-01 18:10:20,892] {dag.py:2921} INFO - Setting next_dagrun for latest_only_with_trigger to 2023-04-01T14:10:20.891442+00:00
[2023-04-01 18:10:20,921] {processor.py:171} INFO - Processing /home/airflow/.local/lib/python3.7/site-packages/airflow/example_dags/example_latest_only_with_trigger.py took 0.171 seconds
[2023-04-01 18:10:51,180] {processor.py:163} INFO - Started process (PID=688) to work on /home/airflow/.local/lib/python3.7/site-packages/airflow/example_dags/example_latest_only_with_trigger.py
[2023-04-01 18:10:51,182] {processor.py:620} INFO - Processing file /home/airflow/.local/lib/python3.7/site-packages/airflow/example_dags/example_latest_only_with_trigger.py for tasks to queue
[2023-04-01 18:10:51,183] {logging_mixin.py:109} INFO - [2023-04-01 18:10:51,183] {dagbag.py:500} INFO - Filling up the DagBag from /home/airflow/.local/lib/python3.7/site-packages/airflow/example_dags/example_latest_only_with_trigger.py
[2023-04-01 18:10:51,237] {processor.py:632} INFO - DAG(s) dict_keys(['latest_only_with_trigger']) retrieved from /home/airflow/.local/lib/python3.7/site-packages/airflow/example_dags/example_latest_only_with_trigger.py
[2023-04-01 18:10:51,258] {logging_mixin.py:109} INFO - [2023-04-01 18:10:51,258] {dag.py:2389} INFO - Sync 1 DAGs
[2023-04-01 18:10:51,295] {logging_mixin.py:109} INFO - [2023-04-01 18:10:51,294] {dag.py:2921} INFO - Setting next_dagrun for latest_only_with_trigger to 2023-04-01T14:10:51.294225+00:00
[2023-04-01 18:10:51,316] {processor.py:171} INFO - Processing /home/airflow/.local/lib/python3.7/site-packages/airflow/example_dags/example_latest_only_with_trigger.py took 0.143 seconds
