[2023-04-01 18:06:46,975] {processor.py:163} INFO - Started process (PID=149) to work on /home/airflow/.local/lib/python3.7/site-packages/airflow/example_dags/example_kubernetes_executor_config.py
[2023-04-01 18:06:46,980] {processor.py:620} INFO - Processing file /home/airflow/.local/lib/python3.7/site-packages/airflow/example_dags/example_kubernetes_executor_config.py for tasks to queue
[2023-04-01 18:06:46,982] {logging_mixin.py:109} INFO - [2023-04-01 18:06:46,982] {dagbag.py:500} INFO - Filling up the DagBag from /home/airflow/.local/lib/python3.7/site-packages/airflow/example_dags/example_kubernetes_executor_config.py
[2023-04-01 18:06:47,192] {processor.py:632} INFO - DAG(s) dict_keys(['example_kubernetes_executor_config']) retrieved from /home/airflow/.local/lib/python3.7/site-packages/airflow/example_dags/example_kubernetes_executor_config.py
[2023-04-01 18:06:52,103] {logging_mixin.py:109} INFO - [2023-04-01 18:06:52,103] {providers_manager.py:156} WARNING - Exception when importing 'airflow.providers.google.leveldb.hooks.leveldb.LevelDBHook' from 'apache-airflow-providers-google' package: No module named 'plyvel'
[2023-04-01 18:06:53,748] {logging_mixin.py:109} INFO - [2023-04-01 18:06:53,748] {providers_manager.py:156} WARNING - Exception when importing 'airflow.providers.google.leveldb.hooks.leveldb.LevelDBHook' from 'apache-airflow-providers-google' package: No module named 'plyvel'
[2023-04-01 18:06:53,861] {logging_mixin.py:109} INFO - [2023-04-01 18:06:53,860] {manager.py:496} INFO - Created Permission View: can read on DAG:example_kubernetes_executor_config
[2023-04-01 18:06:53,898] {logging_mixin.py:109} INFO - [2023-04-01 18:06:53,898] {manager.py:496} INFO - Created Permission View: can edit on DAG:example_kubernetes_executor_config
[2023-04-01 18:06:53,901] {logging_mixin.py:109} INFO - [2023-04-01 18:06:53,899] {dag.py:2389} INFO - Sync 1 DAGs
[2023-04-01 18:06:53,929] {logging_mixin.py:109} INFO - [2023-04-01 18:06:53,928] {dag.py:2408} INFO - Creating ORM DAG for example_kubernetes_executor_config
[2023-04-01 18:06:53,965] {logging_mixin.py:109} INFO - [2023-04-01 18:06:53,965] {dag.py:2921} INFO - Setting next_dagrun for example_kubernetes_executor_config to None
[2023-04-01 18:06:54,047] {processor.py:171} INFO - Processing /home/airflow/.local/lib/python3.7/site-packages/airflow/example_dags/example_kubernetes_executor_config.py took 7.084 seconds
[2023-04-01 18:08:01,857] {processor.py:163} INFO - Started process (PID=403) to work on /home/airflow/.local/lib/python3.7/site-packages/airflow/example_dags/example_kubernetes_executor_config.py
[2023-04-01 18:08:01,868] {processor.py:620} INFO - Processing file /home/airflow/.local/lib/python3.7/site-packages/airflow/example_dags/example_kubernetes_executor_config.py for tasks to queue
[2023-04-01 18:08:01,869] {logging_mixin.py:109} INFO - [2023-04-01 18:08:01,869] {dagbag.py:500} INFO - Filling up the DagBag from /home/airflow/.local/lib/python3.7/site-packages/airflow/example_dags/example_kubernetes_executor_config.py
[2023-04-01 18:08:01,927] {processor.py:632} INFO - DAG(s) dict_keys(['example_kubernetes_executor_config']) retrieved from /home/airflow/.local/lib/python3.7/site-packages/airflow/example_dags/example_kubernetes_executor_config.py
[2023-04-01 18:08:01,954] {logging_mixin.py:109} INFO - [2023-04-01 18:08:01,954] {dag.py:2389} INFO - Sync 1 DAGs
[2023-04-01 18:08:01,985] {logging_mixin.py:109} INFO - [2023-04-01 18:08:01,985] {dag.py:2921} INFO - Setting next_dagrun for example_kubernetes_executor_config to None
[2023-04-01 18:08:02,007] {processor.py:171} INFO - Processing /home/airflow/.local/lib/python3.7/site-packages/airflow/example_dags/example_kubernetes_executor_config.py took 0.157 seconds
[2023-04-01 18:08:32,297] {processor.py:163} INFO - Started process (PID=453) to work on /home/airflow/.local/lib/python3.7/site-packages/airflow/example_dags/example_kubernetes_executor_config.py
[2023-04-01 18:08:32,299] {processor.py:620} INFO - Processing file /home/airflow/.local/lib/python3.7/site-packages/airflow/example_dags/example_kubernetes_executor_config.py for tasks to queue
[2023-04-01 18:08:32,300] {logging_mixin.py:109} INFO - [2023-04-01 18:08:32,300] {dagbag.py:500} INFO - Filling up the DagBag from /home/airflow/.local/lib/python3.7/site-packages/airflow/example_dags/example_kubernetes_executor_config.py
[2023-04-01 18:08:32,356] {processor.py:632} INFO - DAG(s) dict_keys(['example_kubernetes_executor_config']) retrieved from /home/airflow/.local/lib/python3.7/site-packages/airflow/example_dags/example_kubernetes_executor_config.py
[2023-04-01 18:08:32,381] {logging_mixin.py:109} INFO - [2023-04-01 18:08:32,381] {dag.py:2389} INFO - Sync 1 DAGs
[2023-04-01 18:08:32,413] {logging_mixin.py:109} INFO - [2023-04-01 18:08:32,413] {dag.py:2921} INFO - Setting next_dagrun for example_kubernetes_executor_config to None
[2023-04-01 18:08:32,433] {processor.py:171} INFO - Processing /home/airflow/.local/lib/python3.7/site-packages/airflow/example_dags/example_kubernetes_executor_config.py took 0.142 seconds
[2023-04-01 18:09:02,758] {processor.py:163} INFO - Started process (PID=503) to work on /home/airflow/.local/lib/python3.7/site-packages/airflow/example_dags/example_kubernetes_executor_config.py
[2023-04-01 18:09:02,761] {processor.py:620} INFO - Processing file /home/airflow/.local/lib/python3.7/site-packages/airflow/example_dags/example_kubernetes_executor_config.py for tasks to queue
[2023-04-01 18:09:02,763] {logging_mixin.py:109} INFO - [2023-04-01 18:09:02,762] {dagbag.py:500} INFO - Filling up the DagBag from /home/airflow/.local/lib/python3.7/site-packages/airflow/example_dags/example_kubernetes_executor_config.py
[2023-04-01 18:09:02,820] {processor.py:632} INFO - DAG(s) dict_keys(['example_kubernetes_executor_config']) retrieved from /home/airflow/.local/lib/python3.7/site-packages/airflow/example_dags/example_kubernetes_executor_config.py
[2023-04-01 18:09:02,844] {logging_mixin.py:109} INFO - [2023-04-01 18:09:02,844] {dag.py:2389} INFO - Sync 1 DAGs
[2023-04-01 18:09:02,878] {logging_mixin.py:109} INFO - [2023-04-01 18:09:02,877] {dag.py:2921} INFO - Setting next_dagrun for example_kubernetes_executor_config to None
[2023-04-01 18:09:02,897] {processor.py:171} INFO - Processing /home/airflow/.local/lib/python3.7/site-packages/airflow/example_dags/example_kubernetes_executor_config.py took 0.145 seconds
[2023-04-01 18:09:33,110] {processor.py:163} INFO - Started process (PID=555) to work on /home/airflow/.local/lib/python3.7/site-packages/airflow/example_dags/example_kubernetes_executor_config.py
[2023-04-01 18:09:33,112] {processor.py:620} INFO - Processing file /home/airflow/.local/lib/python3.7/site-packages/airflow/example_dags/example_kubernetes_executor_config.py for tasks to queue
[2023-04-01 18:09:33,113] {logging_mixin.py:109} INFO - [2023-04-01 18:09:33,113] {dagbag.py:500} INFO - Filling up the DagBag from /home/airflow/.local/lib/python3.7/site-packages/airflow/example_dags/example_kubernetes_executor_config.py
[2023-04-01 18:09:33,173] {processor.py:632} INFO - DAG(s) dict_keys(['example_kubernetes_executor_config']) retrieved from /home/airflow/.local/lib/python3.7/site-packages/airflow/example_dags/example_kubernetes_executor_config.py
[2023-04-01 18:09:33,203] {logging_mixin.py:109} INFO - [2023-04-01 18:09:33,203] {dag.py:2389} INFO - Sync 1 DAGs
[2023-04-01 18:09:33,241] {logging_mixin.py:109} INFO - [2023-04-01 18:09:33,241] {dag.py:2921} INFO - Setting next_dagrun for example_kubernetes_executor_config to None
[2023-04-01 18:09:33,270] {processor.py:171} INFO - Processing /home/airflow/.local/lib/python3.7/site-packages/airflow/example_dags/example_kubernetes_executor_config.py took 0.167 seconds
[2023-04-01 18:10:03,862] {processor.py:163} INFO - Started process (PID=606) to work on /home/airflow/.local/lib/python3.7/site-packages/airflow/example_dags/example_kubernetes_executor_config.py
[2023-04-01 18:10:03,864] {processor.py:620} INFO - Processing file /home/airflow/.local/lib/python3.7/site-packages/airflow/example_dags/example_kubernetes_executor_config.py for tasks to queue
[2023-04-01 18:10:03,865] {logging_mixin.py:109} INFO - [2023-04-01 18:10:03,865] {dagbag.py:500} INFO - Filling up the DagBag from /home/airflow/.local/lib/python3.7/site-packages/airflow/example_dags/example_kubernetes_executor_config.py
[2023-04-01 18:10:03,917] {processor.py:632} INFO - DAG(s) dict_keys(['example_kubernetes_executor_config']) retrieved from /home/airflow/.local/lib/python3.7/site-packages/airflow/example_dags/example_kubernetes_executor_config.py
[2023-04-01 18:10:03,937] {logging_mixin.py:109} INFO - [2023-04-01 18:10:03,937] {dag.py:2389} INFO - Sync 1 DAGs
[2023-04-01 18:10:03,966] {logging_mixin.py:109} INFO - [2023-04-01 18:10:03,966] {dag.py:2921} INFO - Setting next_dagrun for example_kubernetes_executor_config to None
[2023-04-01 18:10:03,985] {processor.py:171} INFO - Processing /home/airflow/.local/lib/python3.7/site-packages/airflow/example_dags/example_kubernetes_executor_config.py took 0.128 seconds
[2023-04-01 18:10:34,243] {processor.py:163} INFO - Started process (PID=658) to work on /home/airflow/.local/lib/python3.7/site-packages/airflow/example_dags/example_kubernetes_executor_config.py
[2023-04-01 18:10:34,245] {processor.py:620} INFO - Processing file /home/airflow/.local/lib/python3.7/site-packages/airflow/example_dags/example_kubernetes_executor_config.py for tasks to queue
[2023-04-01 18:10:34,247] {logging_mixin.py:109} INFO - [2023-04-01 18:10:34,247] {dagbag.py:500} INFO - Filling up the DagBag from /home/airflow/.local/lib/python3.7/site-packages/airflow/example_dags/example_kubernetes_executor_config.py
[2023-04-01 18:10:34,349] {processor.py:632} INFO - DAG(s) dict_keys(['example_kubernetes_executor_config']) retrieved from /home/airflow/.local/lib/python3.7/site-packages/airflow/example_dags/example_kubernetes_executor_config.py
[2023-04-01 18:10:34,385] {logging_mixin.py:109} INFO - [2023-04-01 18:10:34,385] {dag.py:2389} INFO - Sync 1 DAGs
[2023-04-01 18:10:34,423] {logging_mixin.py:109} INFO - [2023-04-01 18:10:34,422] {dag.py:2921} INFO - Setting next_dagrun for example_kubernetes_executor_config to None
[2023-04-01 18:10:34,446] {processor.py:171} INFO - Processing /home/airflow/.local/lib/python3.7/site-packages/airflow/example_dags/example_kubernetes_executor_config.py took 0.216 seconds
