[2023-04-01 18:07:21,717] {processor.py:163} INFO - Started process (PID=258) to work on /home/airflow/.local/lib/python3.7/site-packages/airflow/example_dags/example_nested_branch_dag.py
[2023-04-01 18:07:21,719] {processor.py:620} INFO - Processing file /home/airflow/.local/lib/python3.7/site-packages/airflow/example_dags/example_nested_branch_dag.py for tasks to queue
[2023-04-01 18:07:21,721] {logging_mixin.py:109} INFO - [2023-04-01 18:07:21,721] {dagbag.py:500} INFO - Filling up the DagBag from /home/airflow/.local/lib/python3.7/site-packages/airflow/example_dags/example_nested_branch_dag.py
[2023-04-01 18:07:21,797] {processor.py:632} INFO - DAG(s) dict_keys(['example_nested_branch_dag']) retrieved from /home/airflow/.local/lib/python3.7/site-packages/airflow/example_dags/example_nested_branch_dag.py
[2023-04-01 18:07:25,574] {logging_mixin.py:109} INFO - [2023-04-01 18:07:25,574] {providers_manager.py:156} WARNING - Exception when importing 'airflow.providers.google.leveldb.hooks.leveldb.LevelDBHook' from 'apache-airflow-providers-google' package: No module named 'plyvel'
[2023-04-01 18:07:26,347] {logging_mixin.py:109} INFO - [2023-04-01 18:07:26,347] {providers_manager.py:156} WARNING - Exception when importing 'airflow.providers.google.leveldb.hooks.leveldb.LevelDBHook' from 'apache-airflow-providers-google' package: No module named 'plyvel'
[2023-04-01 18:07:26,391] {logging_mixin.py:109} INFO - [2023-04-01 18:07:26,391] {manager.py:496} INFO - Created Permission View: can read on DAG:example_nested_branch_dag
[2023-04-01 18:07:26,411] {logging_mixin.py:109} INFO - [2023-04-01 18:07:26,411] {manager.py:496} INFO - Created Permission View: can edit on DAG:example_nested_branch_dag
[2023-04-01 18:07:26,412] {logging_mixin.py:109} INFO - [2023-04-01 18:07:26,411] {dag.py:2389} INFO - Sync 1 DAGs
[2023-04-01 18:07:26,423] {logging_mixin.py:109} INFO - [2023-04-01 18:07:26,423] {dag.py:2408} INFO - Creating ORM DAG for example_nested_branch_dag
[2023-04-01 18:07:26,438] {logging_mixin.py:109} INFO - [2023-04-01 18:07:26,438] {dag.py:2921} INFO - Setting next_dagrun for example_nested_branch_dag to 2023-03-31 00:00:00+00:00
[2023-04-01 18:07:26,461] {processor.py:171} INFO - Processing /home/airflow/.local/lib/python3.7/site-packages/airflow/example_dags/example_nested_branch_dag.py took 4.752 seconds
[2023-04-01 18:08:03,618] {processor.py:163} INFO - Started process (PID=414) to work on /home/airflow/.local/lib/python3.7/site-packages/airflow/example_dags/example_nested_branch_dag.py
[2023-04-01 18:08:03,629] {processor.py:620} INFO - Processing file /home/airflow/.local/lib/python3.7/site-packages/airflow/example_dags/example_nested_branch_dag.py for tasks to queue
[2023-04-01 18:08:03,630] {logging_mixin.py:109} INFO - [2023-04-01 18:08:03,630] {dagbag.py:500} INFO - Filling up the DagBag from /home/airflow/.local/lib/python3.7/site-packages/airflow/example_dags/example_nested_branch_dag.py
[2023-04-01 18:08:03,701] {processor.py:632} INFO - DAG(s) dict_keys(['example_nested_branch_dag']) retrieved from /home/airflow/.local/lib/python3.7/site-packages/airflow/example_dags/example_nested_branch_dag.py
[2023-04-01 18:08:03,729] {logging_mixin.py:109} INFO - [2023-04-01 18:08:03,729] {dag.py:2389} INFO - Sync 1 DAGs
[2023-04-01 18:08:03,772] {logging_mixin.py:109} INFO - [2023-04-01 18:08:03,771] {dag.py:2921} INFO - Setting next_dagrun for example_nested_branch_dag to 2023-03-31 00:00:00+00:00
[2023-04-01 18:08:03,803] {processor.py:171} INFO - Processing /home/airflow/.local/lib/python3.7/site-packages/airflow/example_dags/example_nested_branch_dag.py took 0.193 seconds
[2023-04-01 18:08:34,225] {processor.py:163} INFO - Started process (PID=464) to work on /home/airflow/.local/lib/python3.7/site-packages/airflow/example_dags/example_nested_branch_dag.py
[2023-04-01 18:08:34,228] {processor.py:620} INFO - Processing file /home/airflow/.local/lib/python3.7/site-packages/airflow/example_dags/example_nested_branch_dag.py for tasks to queue
[2023-04-01 18:08:34,229] {logging_mixin.py:109} INFO - [2023-04-01 18:08:34,229] {dagbag.py:500} INFO - Filling up the DagBag from /home/airflow/.local/lib/python3.7/site-packages/airflow/example_dags/example_nested_branch_dag.py
[2023-04-01 18:08:34,291] {processor.py:632} INFO - DAG(s) dict_keys(['example_nested_branch_dag']) retrieved from /home/airflow/.local/lib/python3.7/site-packages/airflow/example_dags/example_nested_branch_dag.py
[2023-04-01 18:08:34,314] {logging_mixin.py:109} INFO - [2023-04-01 18:08:34,314] {dag.py:2389} INFO - Sync 1 DAGs
[2023-04-01 18:08:34,349] {logging_mixin.py:109} INFO - [2023-04-01 18:08:34,349] {dag.py:2921} INFO - Setting next_dagrun for example_nested_branch_dag to 2023-03-31 00:00:00+00:00
[2023-04-01 18:08:34,368] {processor.py:171} INFO - Processing /home/airflow/.local/lib/python3.7/site-packages/airflow/example_dags/example_nested_branch_dag.py took 0.149 seconds
[2023-04-01 18:09:05,156] {processor.py:163} INFO - Started process (PID=515) to work on /home/airflow/.local/lib/python3.7/site-packages/airflow/example_dags/example_nested_branch_dag.py
[2023-04-01 18:09:05,160] {processor.py:620} INFO - Processing file /home/airflow/.local/lib/python3.7/site-packages/airflow/example_dags/example_nested_branch_dag.py for tasks to queue
[2023-04-01 18:09:05,162] {logging_mixin.py:109} INFO - [2023-04-01 18:09:05,161] {dagbag.py:500} INFO - Filling up the DagBag from /home/airflow/.local/lib/python3.7/site-packages/airflow/example_dags/example_nested_branch_dag.py
[2023-04-01 18:09:05,228] {processor.py:632} INFO - DAG(s) dict_keys(['example_nested_branch_dag']) retrieved from /home/airflow/.local/lib/python3.7/site-packages/airflow/example_dags/example_nested_branch_dag.py
[2023-04-01 18:09:05,249] {logging_mixin.py:109} INFO - [2023-04-01 18:09:05,249] {dag.py:2389} INFO - Sync 1 DAGs
[2023-04-01 18:09:05,291] {logging_mixin.py:109} INFO - [2023-04-01 18:09:05,290] {dag.py:2921} INFO - Setting next_dagrun for example_nested_branch_dag to 2023-03-31 00:00:00+00:00
[2023-04-01 18:09:05,317] {processor.py:171} INFO - Processing /home/airflow/.local/lib/python3.7/site-packages/airflow/example_dags/example_nested_branch_dag.py took 0.168 seconds
[2023-04-01 18:09:36,183] {processor.py:163} INFO - Started process (PID=567) to work on /home/airflow/.local/lib/python3.7/site-packages/airflow/example_dags/example_nested_branch_dag.py
[2023-04-01 18:09:36,185] {processor.py:620} INFO - Processing file /home/airflow/.local/lib/python3.7/site-packages/airflow/example_dags/example_nested_branch_dag.py for tasks to queue
[2023-04-01 18:09:36,187] {logging_mixin.py:109} INFO - [2023-04-01 18:09:36,187] {dagbag.py:500} INFO - Filling up the DagBag from /home/airflow/.local/lib/python3.7/site-packages/airflow/example_dags/example_nested_branch_dag.py
[2023-04-01 18:09:36,246] {processor.py:632} INFO - DAG(s) dict_keys(['example_nested_branch_dag']) retrieved from /home/airflow/.local/lib/python3.7/site-packages/airflow/example_dags/example_nested_branch_dag.py
[2023-04-01 18:09:36,278] {logging_mixin.py:109} INFO - [2023-04-01 18:09:36,277] {dag.py:2389} INFO - Sync 1 DAGs
[2023-04-01 18:09:36,331] {logging_mixin.py:109} INFO - [2023-04-01 18:09:36,330] {dag.py:2921} INFO - Setting next_dagrun for example_nested_branch_dag to 2023-03-31 00:00:00+00:00
[2023-04-01 18:09:36,358] {processor.py:171} INFO - Processing /home/airflow/.local/lib/python3.7/site-packages/airflow/example_dags/example_nested_branch_dag.py took 0.181 seconds
[2023-04-01 18:10:06,922] {processor.py:163} INFO - Started process (PID=617) to work on /home/airflow/.local/lib/python3.7/site-packages/airflow/example_dags/example_nested_branch_dag.py
[2023-04-01 18:10:06,924] {processor.py:620} INFO - Processing file /home/airflow/.local/lib/python3.7/site-packages/airflow/example_dags/example_nested_branch_dag.py for tasks to queue
[2023-04-01 18:10:06,925] {logging_mixin.py:109} INFO - [2023-04-01 18:10:06,924] {dagbag.py:500} INFO - Filling up the DagBag from /home/airflow/.local/lib/python3.7/site-packages/airflow/example_dags/example_nested_branch_dag.py
[2023-04-01 18:10:06,963] {processor.py:632} INFO - DAG(s) dict_keys(['example_nested_branch_dag']) retrieved from /home/airflow/.local/lib/python3.7/site-packages/airflow/example_dags/example_nested_branch_dag.py
[2023-04-01 18:10:06,979] {logging_mixin.py:109} INFO - [2023-04-01 18:10:06,979] {dag.py:2389} INFO - Sync 1 DAGs
[2023-04-01 18:10:07,002] {logging_mixin.py:109} INFO - [2023-04-01 18:10:07,001] {dag.py:2921} INFO - Setting next_dagrun for example_nested_branch_dag to 2023-03-31 00:00:00+00:00
[2023-04-01 18:10:07,016] {processor.py:171} INFO - Processing /home/airflow/.local/lib/python3.7/site-packages/airflow/example_dags/example_nested_branch_dag.py took 0.098 seconds
[2023-04-01 18:10:37,277] {processor.py:163} INFO - Started process (PID=668) to work on /home/airflow/.local/lib/python3.7/site-packages/airflow/example_dags/example_nested_branch_dag.py
[2023-04-01 18:10:37,280] {processor.py:620} INFO - Processing file /home/airflow/.local/lib/python3.7/site-packages/airflow/example_dags/example_nested_branch_dag.py for tasks to queue
[2023-04-01 18:10:37,283] {logging_mixin.py:109} INFO - [2023-04-01 18:10:37,282] {dagbag.py:500} INFO - Filling up the DagBag from /home/airflow/.local/lib/python3.7/site-packages/airflow/example_dags/example_nested_branch_dag.py
[2023-04-01 18:10:37,406] {processor.py:632} INFO - DAG(s) dict_keys(['example_nested_branch_dag']) retrieved from /home/airflow/.local/lib/python3.7/site-packages/airflow/example_dags/example_nested_branch_dag.py
[2023-04-01 18:10:37,436] {logging_mixin.py:109} INFO - [2023-04-01 18:10:37,436] {dag.py:2389} INFO - Sync 1 DAGs
[2023-04-01 18:10:37,497] {logging_mixin.py:109} INFO - [2023-04-01 18:10:37,497] {dag.py:2921} INFO - Setting next_dagrun for example_nested_branch_dag to 2023-03-31 00:00:00+00:00
[2023-04-01 18:10:37,528] {processor.py:171} INFO - Processing /home/airflow/.local/lib/python3.7/site-packages/airflow/example_dags/example_nested_branch_dag.py took 0.266 seconds
