[2023-04-01 18:06:12,016] {processor.py:163} INFO - Started process (PID=85) to work on /home/airflow/.local/lib/python3.7/site-packages/airflow/example_dags/example_xcom.py
[2023-04-01 18:06:12,020] {processor.py:620} INFO - Processing file /home/airflow/.local/lib/python3.7/site-packages/airflow/example_dags/example_xcom.py for tasks to queue
[2023-04-01 18:06:12,023] {logging_mixin.py:109} INFO - [2023-04-01 18:06:12,023] {dagbag.py:500} INFO - Filling up the DagBag from /home/airflow/.local/lib/python3.7/site-packages/airflow/example_dags/example_xcom.py
[2023-04-01 18:06:12,240] {processor.py:632} INFO - DAG(s) dict_keys(['example_xcom']) retrieved from /home/airflow/.local/lib/python3.7/site-packages/airflow/example_dags/example_xcom.py
[2023-04-01 18:06:21,307] {logging_mixin.py:109} INFO - [2023-04-01 18:06:21,307] {providers_manager.py:156} WARNING - Exception when importing 'airflow.providers.google.leveldb.hooks.leveldb.LevelDBHook' from 'apache-airflow-providers-google' package: No module named 'plyvel'
[2023-04-01 18:06:23,284] {logging_mixin.py:109} INFO - [2023-04-01 18:06:23,284] {providers_manager.py:156} WARNING - Exception when importing 'airflow.providers.google.leveldb.hooks.leveldb.LevelDBHook' from 'apache-airflow-providers-google' package: No module named 'plyvel'
[2023-04-01 18:06:23,422] {logging_mixin.py:109} INFO - [2023-04-01 18:06:23,421] {manager.py:496} INFO - Created Permission View: can read on DAG:example_xcom
[2023-04-01 18:06:23,512] {logging_mixin.py:109} INFO - [2023-04-01 18:06:23,501] {manager.py:496} INFO - Created Permission View: can edit on DAG:example_xcom
[2023-04-01 18:06:23,514] {logging_mixin.py:109} INFO - [2023-04-01 18:06:23,513] {dag.py:2389} INFO - Sync 1 DAGs
[2023-04-01 18:06:23,553] {logging_mixin.py:109} INFO - [2023-04-01 18:06:23,553] {dag.py:2408} INFO - Creating ORM DAG for example_xcom
[2023-04-01 18:06:23,593] {logging_mixin.py:109} INFO - [2023-04-01 18:06:23,592] {dag.py:2921} INFO - Setting next_dagrun for example_xcom to 2021-01-01T00:00:00+00:00
[2023-04-01 18:06:23,642] {processor.py:171} INFO - Processing /home/airflow/.local/lib/python3.7/site-packages/airflow/example_dags/example_xcom.py took 11.634 seconds
[2023-04-01 18:07:58,909] {processor.py:163} INFO - Started process (PID=389) to work on /home/airflow/.local/lib/python3.7/site-packages/airflow/example_dags/example_xcom.py
[2023-04-01 18:07:58,922] {processor.py:620} INFO - Processing file /home/airflow/.local/lib/python3.7/site-packages/airflow/example_dags/example_xcom.py for tasks to queue
[2023-04-01 18:07:58,924] {logging_mixin.py:109} INFO - [2023-04-01 18:07:58,924] {dagbag.py:500} INFO - Filling up the DagBag from /home/airflow/.local/lib/python3.7/site-packages/airflow/example_dags/example_xcom.py
[2023-04-01 18:07:59,051] {processor.py:632} INFO - DAG(s) dict_keys(['example_xcom']) retrieved from /home/airflow/.local/lib/python3.7/site-packages/airflow/example_dags/example_xcom.py
[2023-04-01 18:08:00,087] {logging_mixin.py:109} INFO - [2023-04-01 18:08:00,086] {dag.py:2389} INFO - Sync 1 DAGs
[2023-04-01 18:08:00,126] {logging_mixin.py:109} INFO - [2023-04-01 18:08:00,126] {dag.py:2921} INFO - Setting next_dagrun for example_xcom to 2021-01-01T00:00:00+00:00
[2023-04-01 18:08:00,167] {processor.py:171} INFO - Processing /home/airflow/.local/lib/python3.7/site-packages/airflow/example_dags/example_xcom.py took 1.270 seconds
[2023-04-01 18:08:30,202] {processor.py:163} INFO - Started process (PID=447) to work on /home/airflow/.local/lib/python3.7/site-packages/airflow/example_dags/example_xcom.py
[2023-04-01 18:08:30,212] {processor.py:620} INFO - Processing file /home/airflow/.local/lib/python3.7/site-packages/airflow/example_dags/example_xcom.py for tasks to queue
[2023-04-01 18:08:30,213] {logging_mixin.py:109} INFO - [2023-04-01 18:08:30,213] {dagbag.py:500} INFO - Filling up the DagBag from /home/airflow/.local/lib/python3.7/site-packages/airflow/example_dags/example_xcom.py
[2023-04-01 18:08:30,266] {processor.py:632} INFO - DAG(s) dict_keys(['example_xcom']) retrieved from /home/airflow/.local/lib/python3.7/site-packages/airflow/example_dags/example_xcom.py
[2023-04-01 18:08:30,707] {logging_mixin.py:109} INFO - [2023-04-01 18:08:30,706] {dag.py:2389} INFO - Sync 1 DAGs
[2023-04-01 18:08:30,726] {logging_mixin.py:109} INFO - [2023-04-01 18:08:30,726] {dag.py:2921} INFO - Setting next_dagrun for example_xcom to 2021-01-01T00:00:00+00:00
[2023-04-01 18:08:30,746] {processor.py:171} INFO - Processing /home/airflow/.local/lib/python3.7/site-packages/airflow/example_dags/example_xcom.py took 0.550 seconds
[2023-04-01 18:09:01,256] {processor.py:163} INFO - Started process (PID=498) to work on /home/airflow/.local/lib/python3.7/site-packages/airflow/example_dags/example_xcom.py
[2023-04-01 18:09:01,258] {processor.py:620} INFO - Processing file /home/airflow/.local/lib/python3.7/site-packages/airflow/example_dags/example_xcom.py for tasks to queue
[2023-04-01 18:09:01,259] {logging_mixin.py:109} INFO - [2023-04-01 18:09:01,259] {dagbag.py:500} INFO - Filling up the DagBag from /home/airflow/.local/lib/python3.7/site-packages/airflow/example_dags/example_xcom.py
[2023-04-01 18:09:01,319] {processor.py:632} INFO - DAG(s) dict_keys(['example_xcom']) retrieved from /home/airflow/.local/lib/python3.7/site-packages/airflow/example_dags/example_xcom.py
[2023-04-01 18:09:01,803] {logging_mixin.py:109} INFO - [2023-04-01 18:09:01,802] {dag.py:2389} INFO - Sync 1 DAGs
[2023-04-01 18:09:01,824] {logging_mixin.py:109} INFO - [2023-04-01 18:09:01,824] {dag.py:2921} INFO - Setting next_dagrun for example_xcom to 2021-01-01T00:00:00+00:00
[2023-04-01 18:09:01,852] {processor.py:171} INFO - Processing /home/airflow/.local/lib/python3.7/site-packages/airflow/example_dags/example_xcom.py took 0.601 seconds
[2023-04-01 18:09:32,832] {processor.py:163} INFO - Started process (PID=552) to work on /home/airflow/.local/lib/python3.7/site-packages/airflow/example_dags/example_xcom.py
[2023-04-01 18:09:32,841] {processor.py:620} INFO - Processing file /home/airflow/.local/lib/python3.7/site-packages/airflow/example_dags/example_xcom.py for tasks to queue
[2023-04-01 18:09:32,842] {logging_mixin.py:109} INFO - [2023-04-01 18:09:32,842] {dagbag.py:500} INFO - Filling up the DagBag from /home/airflow/.local/lib/python3.7/site-packages/airflow/example_dags/example_xcom.py
[2023-04-01 18:09:32,888] {processor.py:632} INFO - DAG(s) dict_keys(['example_xcom']) retrieved from /home/airflow/.local/lib/python3.7/site-packages/airflow/example_dags/example_xcom.py
[2023-04-01 18:09:33,414] {logging_mixin.py:109} INFO - [2023-04-01 18:09:33,413] {dag.py:2389} INFO - Sync 1 DAGs
[2023-04-01 18:09:33,442] {logging_mixin.py:109} INFO - [2023-04-01 18:09:33,441] {dag.py:2921} INFO - Setting next_dagrun for example_xcom to 2021-01-01T00:00:00+00:00
[2023-04-01 18:09:33,465] {processor.py:171} INFO - Processing /home/airflow/.local/lib/python3.7/site-packages/airflow/example_dags/example_xcom.py took 0.636 seconds
[2023-04-01 18:10:03,569] {processor.py:163} INFO - Started process (PID=603) to work on /home/airflow/.local/lib/python3.7/site-packages/airflow/example_dags/example_xcom.py
[2023-04-01 18:10:03,571] {processor.py:620} INFO - Processing file /home/airflow/.local/lib/python3.7/site-packages/airflow/example_dags/example_xcom.py for tasks to queue
[2023-04-01 18:10:03,572] {logging_mixin.py:109} INFO - [2023-04-01 18:10:03,572] {dagbag.py:500} INFO - Filling up the DagBag from /home/airflow/.local/lib/python3.7/site-packages/airflow/example_dags/example_xcom.py
[2023-04-01 18:10:03,620] {processor.py:632} INFO - DAG(s) dict_keys(['example_xcom']) retrieved from /home/airflow/.local/lib/python3.7/site-packages/airflow/example_dags/example_xcom.py
[2023-04-01 18:10:04,058] {logging_mixin.py:109} INFO - [2023-04-01 18:10:04,057] {dag.py:2389} INFO - Sync 1 DAGs
[2023-04-01 18:10:04,083] {logging_mixin.py:109} INFO - [2023-04-01 18:10:04,082] {dag.py:2921} INFO - Setting next_dagrun for example_xcom to 2021-01-01T00:00:00+00:00
[2023-04-01 18:10:04,103] {processor.py:171} INFO - Processing /home/airflow/.local/lib/python3.7/site-packages/airflow/example_dags/example_xcom.py took 0.540 seconds
[2023-04-01 18:10:34,152] {processor.py:163} INFO - Started process (PID=657) to work on /home/airflow/.local/lib/python3.7/site-packages/airflow/example_dags/example_xcom.py
[2023-04-01 18:10:34,163] {processor.py:620} INFO - Processing file /home/airflow/.local/lib/python3.7/site-packages/airflow/example_dags/example_xcom.py for tasks to queue
[2023-04-01 18:10:34,165] {logging_mixin.py:109} INFO - [2023-04-01 18:10:34,165] {dagbag.py:500} INFO - Filling up the DagBag from /home/airflow/.local/lib/python3.7/site-packages/airflow/example_dags/example_xcom.py
[2023-04-01 18:10:34,282] {processor.py:632} INFO - DAG(s) dict_keys(['example_xcom']) retrieved from /home/airflow/.local/lib/python3.7/site-packages/airflow/example_dags/example_xcom.py
[2023-04-01 18:10:35,197] {logging_mixin.py:109} INFO - [2023-04-01 18:10:35,197] {dag.py:2389} INFO - Sync 1 DAGs
[2023-04-01 18:10:35,237] {logging_mixin.py:109} INFO - [2023-04-01 18:10:35,236] {dag.py:2921} INFO - Setting next_dagrun for example_xcom to 2021-01-01T00:00:00+00:00
[2023-04-01 18:10:35,270] {processor.py:171} INFO - Processing /home/airflow/.local/lib/python3.7/site-packages/airflow/example_dags/example_xcom.py took 1.127 seconds
