[2023-04-01 18:07:49,189] {processor.py:163} INFO - Started process (PID=357) to work on /home/airflow/.local/lib/python3.7/site-packages/airflow/example_dags/example_external_task_marker_dag.py
[2023-04-01 18:07:49,192] {processor.py:620} INFO - Processing file /home/airflow/.local/lib/python3.7/site-packages/airflow/example_dags/example_external_task_marker_dag.py for tasks to queue
[2023-04-01 18:07:49,193] {logging_mixin.py:109} INFO - [2023-04-01 18:07:49,193] {dagbag.py:500} INFO - Filling up the DagBag from /home/airflow/.local/lib/python3.7/site-packages/airflow/example_dags/example_external_task_marker_dag.py
[2023-04-01 18:07:49,265] {processor.py:632} INFO - DAG(s) dict_keys(['example_external_task_marker_parent', 'example_external_task_marker_child']) retrieved from /home/airflow/.local/lib/python3.7/site-packages/airflow/example_dags/example_external_task_marker_dag.py
[2023-04-01 18:07:55,490] {logging_mixin.py:109} INFO - [2023-04-01 18:07:55,489] {providers_manager.py:156} WARNING - Exception when importing 'airflow.providers.google.leveldb.hooks.leveldb.LevelDBHook' from 'apache-airflow-providers-google' package: No module named 'plyvel'
[2023-04-01 18:07:57,081] {logging_mixin.py:109} INFO - [2023-04-01 18:07:57,081] {providers_manager.py:156} WARNING - Exception when importing 'airflow.providers.google.leveldb.hooks.leveldb.LevelDBHook' from 'apache-airflow-providers-google' package: No module named 'plyvel'
[2023-04-01 18:07:57,190] {logging_mixin.py:109} INFO - [2023-04-01 18:07:57,189] {manager.py:496} INFO - Created Permission View: can read on DAG:example_external_task_marker_parent
[2023-04-01 18:07:57,235] {logging_mixin.py:109} INFO - [2023-04-01 18:07:57,234] {manager.py:496} INFO - Created Permission View: can edit on DAG:example_external_task_marker_parent
[2023-04-01 18:07:57,322] {logging_mixin.py:109} INFO - [2023-04-01 18:07:57,322] {manager.py:496} INFO - Created Permission View: can read on DAG:example_external_task_marker_child
[2023-04-01 18:07:57,364] {logging_mixin.py:109} INFO - [2023-04-01 18:07:57,364] {manager.py:496} INFO - Created Permission View: can edit on DAG:example_external_task_marker_child
[2023-04-01 18:07:57,365] {logging_mixin.py:109} INFO - [2023-04-01 18:07:57,364] {dag.py:2389} INFO - Sync 2 DAGs
[2023-04-01 18:07:57,394] {logging_mixin.py:109} INFO - [2023-04-01 18:07:57,392] {dag.py:2408} INFO - Creating ORM DAG for example_external_task_marker_parent
[2023-04-01 18:07:57,396] {logging_mixin.py:109} INFO - [2023-04-01 18:07:57,396] {dag.py:2408} INFO - Creating ORM DAG for example_external_task_marker_child
[2023-04-01 18:07:57,428] {logging_mixin.py:109} INFO - [2023-04-01 18:07:57,428] {dag.py:2921} INFO - Setting next_dagrun for example_external_task_marker_child to None
[2023-04-01 18:07:57,430] {logging_mixin.py:109} INFO - [2023-04-01 18:07:57,430] {dag.py:2921} INFO - Setting next_dagrun for example_external_task_marker_parent to None
[2023-04-01 18:07:57,494] {processor.py:171} INFO - Processing /home/airflow/.local/lib/python3.7/site-packages/airflow/example_dags/example_external_task_marker_dag.py took 8.313 seconds
[2023-04-01 18:08:27,648] {processor.py:163} INFO - Started process (PID=442) to work on /home/airflow/.local/lib/python3.7/site-packages/airflow/example_dags/example_external_task_marker_dag.py
[2023-04-01 18:08:27,658] {processor.py:620} INFO - Processing file /home/airflow/.local/lib/python3.7/site-packages/airflow/example_dags/example_external_task_marker_dag.py for tasks to queue
[2023-04-01 18:08:27,660] {logging_mixin.py:109} INFO - [2023-04-01 18:08:27,660] {dagbag.py:500} INFO - Filling up the DagBag from /home/airflow/.local/lib/python3.7/site-packages/airflow/example_dags/example_external_task_marker_dag.py
[2023-04-01 18:08:27,777] {processor.py:632} INFO - DAG(s) dict_keys(['example_external_task_marker_parent', 'example_external_task_marker_child']) retrieved from /home/airflow/.local/lib/python3.7/site-packages/airflow/example_dags/example_external_task_marker_dag.py
[2023-04-01 18:08:27,812] {logging_mixin.py:109} INFO - [2023-04-01 18:08:27,812] {dag.py:2389} INFO - Sync 2 DAGs
[2023-04-01 18:08:27,849] {logging_mixin.py:109} INFO - [2023-04-01 18:08:27,849] {dag.py:2921} INFO - Setting next_dagrun for example_external_task_marker_child to None
[2023-04-01 18:08:27,850] {logging_mixin.py:109} INFO - [2023-04-01 18:08:27,850] {dag.py:2921} INFO - Setting next_dagrun for example_external_task_marker_parent to None
[2023-04-01 18:08:27,874] {processor.py:171} INFO - Processing /home/airflow/.local/lib/python3.7/site-packages/airflow/example_dags/example_external_task_marker_dag.py took 0.234 seconds
[2023-04-01 18:08:57,977] {processor.py:163} INFO - Started process (PID=493) to work on /home/airflow/.local/lib/python3.7/site-packages/airflow/example_dags/example_external_task_marker_dag.py
[2023-04-01 18:08:57,978] {processor.py:620} INFO - Processing file /home/airflow/.local/lib/python3.7/site-packages/airflow/example_dags/example_external_task_marker_dag.py for tasks to queue
[2023-04-01 18:08:57,979] {logging_mixin.py:109} INFO - [2023-04-01 18:08:57,979] {dagbag.py:500} INFO - Filling up the DagBag from /home/airflow/.local/lib/python3.7/site-packages/airflow/example_dags/example_external_task_marker_dag.py
[2023-04-01 18:08:58,022] {processor.py:632} INFO - DAG(s) dict_keys(['example_external_task_marker_parent', 'example_external_task_marker_child']) retrieved from /home/airflow/.local/lib/python3.7/site-packages/airflow/example_dags/example_external_task_marker_dag.py
[2023-04-01 18:08:58,045] {logging_mixin.py:109} INFO - [2023-04-01 18:08:58,045] {dag.py:2389} INFO - Sync 2 DAGs
[2023-04-01 18:08:58,075] {logging_mixin.py:109} INFO - [2023-04-01 18:08:58,075] {dag.py:2921} INFO - Setting next_dagrun for example_external_task_marker_child to None
[2023-04-01 18:08:58,076] {logging_mixin.py:109} INFO - [2023-04-01 18:08:58,076] {dag.py:2921} INFO - Setting next_dagrun for example_external_task_marker_parent to None
[2023-04-01 18:08:58,105] {processor.py:171} INFO - Processing /home/airflow/.local/lib/python3.7/site-packages/airflow/example_dags/example_external_task_marker_dag.py took 0.136 seconds
[2023-04-01 18:09:28,257] {processor.py:163} INFO - Started process (PID=545) to work on /home/airflow/.local/lib/python3.7/site-packages/airflow/example_dags/example_external_task_marker_dag.py
[2023-04-01 18:09:28,269] {processor.py:620} INFO - Processing file /home/airflow/.local/lib/python3.7/site-packages/airflow/example_dags/example_external_task_marker_dag.py for tasks to queue
[2023-04-01 18:09:28,271] {logging_mixin.py:109} INFO - [2023-04-01 18:09:28,270] {dagbag.py:500} INFO - Filling up the DagBag from /home/airflow/.local/lib/python3.7/site-packages/airflow/example_dags/example_external_task_marker_dag.py
[2023-04-01 18:09:28,365] {processor.py:632} INFO - DAG(s) dict_keys(['example_external_task_marker_parent', 'example_external_task_marker_child']) retrieved from /home/airflow/.local/lib/python3.7/site-packages/airflow/example_dags/example_external_task_marker_dag.py
[2023-04-01 18:09:28,413] {logging_mixin.py:109} INFO - [2023-04-01 18:09:28,412] {dag.py:2389} INFO - Sync 2 DAGs
[2023-04-01 18:09:28,471] {logging_mixin.py:109} INFO - [2023-04-01 18:09:28,471] {dag.py:2921} INFO - Setting next_dagrun for example_external_task_marker_child to None
[2023-04-01 18:09:28,472] {logging_mixin.py:109} INFO - [2023-04-01 18:09:28,472] {dag.py:2921} INFO - Setting next_dagrun for example_external_task_marker_parent to None
[2023-04-01 18:09:28,498] {processor.py:171} INFO - Processing /home/airflow/.local/lib/python3.7/site-packages/airflow/example_dags/example_external_task_marker_dag.py took 0.252 seconds
[2023-04-01 18:09:58,932] {processor.py:163} INFO - Started process (PID=596) to work on /home/airflow/.local/lib/python3.7/site-packages/airflow/example_dags/example_external_task_marker_dag.py
[2023-04-01 18:09:58,935] {processor.py:620} INFO - Processing file /home/airflow/.local/lib/python3.7/site-packages/airflow/example_dags/example_external_task_marker_dag.py for tasks to queue
[2023-04-01 18:09:58,937] {logging_mixin.py:109} INFO - [2023-04-01 18:09:58,937] {dagbag.py:500} INFO - Filling up the DagBag from /home/airflow/.local/lib/python3.7/site-packages/airflow/example_dags/example_external_task_marker_dag.py
[2023-04-01 18:09:59,021] {processor.py:632} INFO - DAG(s) dict_keys(['example_external_task_marker_parent', 'example_external_task_marker_child']) retrieved from /home/airflow/.local/lib/python3.7/site-packages/airflow/example_dags/example_external_task_marker_dag.py
[2023-04-01 18:09:59,074] {logging_mixin.py:109} INFO - [2023-04-01 18:09:59,074] {dag.py:2389} INFO - Sync 2 DAGs
[2023-04-01 18:09:59,134] {logging_mixin.py:109} INFO - [2023-04-01 18:09:59,134] {dag.py:2921} INFO - Setting next_dagrun for example_external_task_marker_child to None
[2023-04-01 18:09:59,135] {logging_mixin.py:109} INFO - [2023-04-01 18:09:59,135] {dag.py:2921} INFO - Setting next_dagrun for example_external_task_marker_parent to None
[2023-04-01 18:09:59,172] {processor.py:171} INFO - Processing /home/airflow/.local/lib/python3.7/site-packages/airflow/example_dags/example_external_task_marker_dag.py took 0.248 seconds
[2023-04-01 18:10:29,238] {processor.py:163} INFO - Started process (PID=639) to work on /home/airflow/.local/lib/python3.7/site-packages/airflow/example_dags/example_external_task_marker_dag.py
[2023-04-01 18:10:29,240] {processor.py:620} INFO - Processing file /home/airflow/.local/lib/python3.7/site-packages/airflow/example_dags/example_external_task_marker_dag.py for tasks to queue
[2023-04-01 18:10:29,242] {logging_mixin.py:109} INFO - [2023-04-01 18:10:29,241] {dagbag.py:500} INFO - Filling up the DagBag from /home/airflow/.local/lib/python3.7/site-packages/airflow/example_dags/example_external_task_marker_dag.py
[2023-04-01 18:10:29,302] {processor.py:632} INFO - DAG(s) dict_keys(['example_external_task_marker_parent', 'example_external_task_marker_child']) retrieved from /home/airflow/.local/lib/python3.7/site-packages/airflow/example_dags/example_external_task_marker_dag.py
[2023-04-01 18:10:29,331] {logging_mixin.py:109} INFO - [2023-04-01 18:10:29,330] {dag.py:2389} INFO - Sync 2 DAGs
[2023-04-01 18:10:29,361] {logging_mixin.py:109} INFO - [2023-04-01 18:10:29,360] {dag.py:2921} INFO - Setting next_dagrun for example_external_task_marker_child to None
[2023-04-01 18:10:29,362] {logging_mixin.py:109} INFO - [2023-04-01 18:10:29,362] {dag.py:2921} INFO - Setting next_dagrun for example_external_task_marker_parent to None
[2023-04-01 18:10:29,389] {processor.py:171} INFO - Processing /home/airflow/.local/lib/python3.7/site-packages/airflow/example_dags/example_external_task_marker_dag.py took 0.160 seconds
