[2023-04-01 18:07:07,804] {processor.py:163} INFO - Started process (PID=213) to work on /home/airflow/.local/lib/python3.7/site-packages/airflow/example_dags/example_latest_only.py
[2023-04-01 18:07:07,806] {processor.py:620} INFO - Processing file /home/airflow/.local/lib/python3.7/site-packages/airflow/example_dags/example_latest_only.py for tasks to queue
[2023-04-01 18:07:07,807] {logging_mixin.py:109} INFO - [2023-04-01 18:07:07,807] {dagbag.py:500} INFO - Filling up the DagBag from /home/airflow/.local/lib/python3.7/site-packages/airflow/example_dags/example_latest_only.py
[2023-04-01 18:07:07,857] {processor.py:632} INFO - DAG(s) dict_keys(['latest_only']) retrieved from /home/airflow/.local/lib/python3.7/site-packages/airflow/example_dags/example_latest_only.py
[2023-04-01 18:07:12,058] {logging_mixin.py:109} INFO - [2023-04-01 18:07:12,058] {providers_manager.py:156} WARNING - Exception when importing 'airflow.providers.google.leveldb.hooks.leveldb.LevelDBHook' from 'apache-airflow-providers-google' package: No module named 'plyvel'
[2023-04-01 18:07:13,493] {logging_mixin.py:109} INFO - [2023-04-01 18:07:13,492] {providers_manager.py:156} WARNING - Exception when importing 'airflow.providers.google.leveldb.hooks.leveldb.LevelDBHook' from 'apache-airflow-providers-google' package: No module named 'plyvel'
[2023-04-01 18:07:13,614] {logging_mixin.py:109} INFO - [2023-04-01 18:07:13,614] {manager.py:496} INFO - Created Permission View: can read on DAG:latest_only
[2023-04-01 18:07:13,648] {logging_mixin.py:109} INFO - [2023-04-01 18:07:13,648] {manager.py:496} INFO - Created Permission View: can edit on DAG:latest_only
[2023-04-01 18:07:13,649] {logging_mixin.py:109} INFO - [2023-04-01 18:07:13,648] {dag.py:2389} INFO - Sync 1 DAGs
[2023-04-01 18:07:13,671] {logging_mixin.py:109} INFO - [2023-04-01 18:07:13,670] {dag.py:2408} INFO - Creating ORM DAG for latest_only
[2023-04-01 18:07:13,696] {logging_mixin.py:109} INFO - [2023-04-01 18:07:13,696] {dag.py:2921} INFO - Setting next_dagrun for latest_only to 2023-04-01T14:07:13.695816+00:00
[2023-04-01 18:07:13,733] {processor.py:171} INFO - Processing /home/airflow/.local/lib/python3.7/site-packages/airflow/example_dags/example_latest_only.py took 5.936 seconds
[2023-04-01 18:08:02,904] {processor.py:163} INFO - Started process (PID=410) to work on /home/airflow/.local/lib/python3.7/site-packages/airflow/example_dags/example_latest_only.py
[2023-04-01 18:08:02,908] {processor.py:620} INFO - Processing file /home/airflow/.local/lib/python3.7/site-packages/airflow/example_dags/example_latest_only.py for tasks to queue
[2023-04-01 18:08:02,909] {logging_mixin.py:109} INFO - [2023-04-01 18:08:02,909] {dagbag.py:500} INFO - Filling up the DagBag from /home/airflow/.local/lib/python3.7/site-packages/airflow/example_dags/example_latest_only.py
[2023-04-01 18:08:02,964] {processor.py:632} INFO - DAG(s) dict_keys(['latest_only']) retrieved from /home/airflow/.local/lib/python3.7/site-packages/airflow/example_dags/example_latest_only.py
[2023-04-01 18:08:02,983] {logging_mixin.py:109} INFO - [2023-04-01 18:08:02,983] {dag.py:2389} INFO - Sync 1 DAGs
[2023-04-01 18:08:03,018] {logging_mixin.py:109} INFO - [2023-04-01 18:08:03,018] {dag.py:2921} INFO - Setting next_dagrun for latest_only to 2023-04-01T14:08:03.017362+00:00
[2023-04-01 18:08:03,043] {processor.py:171} INFO - Processing /home/airflow/.local/lib/python3.7/site-packages/airflow/example_dags/example_latest_only.py took 0.145 seconds
[2023-04-01 18:08:33,739] {processor.py:163} INFO - Started process (PID=461) to work on /home/airflow/.local/lib/python3.7/site-packages/airflow/example_dags/example_latest_only.py
[2023-04-01 18:08:33,741] {processor.py:620} INFO - Processing file /home/airflow/.local/lib/python3.7/site-packages/airflow/example_dags/example_latest_only.py for tasks to queue
[2023-04-01 18:08:33,742] {logging_mixin.py:109} INFO - [2023-04-01 18:08:33,742] {dagbag.py:500} INFO - Filling up the DagBag from /home/airflow/.local/lib/python3.7/site-packages/airflow/example_dags/example_latest_only.py
[2023-04-01 18:08:33,792] {processor.py:632} INFO - DAG(s) dict_keys(['latest_only']) retrieved from /home/airflow/.local/lib/python3.7/site-packages/airflow/example_dags/example_latest_only.py
[2023-04-01 18:08:33,813] {logging_mixin.py:109} INFO - [2023-04-01 18:08:33,813] {dag.py:2389} INFO - Sync 1 DAGs
[2023-04-01 18:08:33,848] {logging_mixin.py:109} INFO - [2023-04-01 18:08:33,848] {dag.py:2921} INFO - Setting next_dagrun for latest_only to 2023-04-01T14:08:33.847885+00:00
[2023-04-01 18:08:33,874] {processor.py:171} INFO - Processing /home/airflow/.local/lib/python3.7/site-packages/airflow/example_dags/example_latest_only.py took 0.142 seconds
[2023-04-01 18:09:04,598] {processor.py:163} INFO - Started process (PID=512) to work on /home/airflow/.local/lib/python3.7/site-packages/airflow/example_dags/example_latest_only.py
[2023-04-01 18:09:04,601] {processor.py:620} INFO - Processing file /home/airflow/.local/lib/python3.7/site-packages/airflow/example_dags/example_latest_only.py for tasks to queue
[2023-04-01 18:09:04,603] {logging_mixin.py:109} INFO - [2023-04-01 18:09:04,603] {dagbag.py:500} INFO - Filling up the DagBag from /home/airflow/.local/lib/python3.7/site-packages/airflow/example_dags/example_latest_only.py
[2023-04-01 18:09:04,676] {processor.py:632} INFO - DAG(s) dict_keys(['latest_only']) retrieved from /home/airflow/.local/lib/python3.7/site-packages/airflow/example_dags/example_latest_only.py
[2023-04-01 18:09:04,698] {logging_mixin.py:109} INFO - [2023-04-01 18:09:04,697] {dag.py:2389} INFO - Sync 1 DAGs
[2023-04-01 18:09:04,733] {logging_mixin.py:109} INFO - [2023-04-01 18:09:04,733] {dag.py:2921} INFO - Setting next_dagrun for latest_only to 2023-04-01T14:09:04.733058+00:00
[2023-04-01 18:09:04,762] {processor.py:171} INFO - Processing /home/airflow/.local/lib/python3.7/site-packages/airflow/example_dags/example_latest_only.py took 0.174 seconds
[2023-04-01 18:09:35,188] {processor.py:163} INFO - Started process (PID=562) to work on /home/airflow/.local/lib/python3.7/site-packages/airflow/example_dags/example_latest_only.py
[2023-04-01 18:09:35,190] {processor.py:620} INFO - Processing file /home/airflow/.local/lib/python3.7/site-packages/airflow/example_dags/example_latest_only.py for tasks to queue
[2023-04-01 18:09:35,191] {logging_mixin.py:109} INFO - [2023-04-01 18:09:35,191] {dagbag.py:500} INFO - Filling up the DagBag from /home/airflow/.local/lib/python3.7/site-packages/airflow/example_dags/example_latest_only.py
[2023-04-01 18:09:35,234] {processor.py:632} INFO - DAG(s) dict_keys(['latest_only']) retrieved from /home/airflow/.local/lib/python3.7/site-packages/airflow/example_dags/example_latest_only.py
[2023-04-01 18:09:35,251] {logging_mixin.py:109} INFO - [2023-04-01 18:09:35,251] {dag.py:2389} INFO - Sync 1 DAGs
[2023-04-01 18:09:35,285] {logging_mixin.py:109} INFO - [2023-04-01 18:09:35,285] {dag.py:2921} INFO - Setting next_dagrun for latest_only to 2023-04-01T14:09:35.284364+00:00
[2023-04-01 18:09:35,311] {processor.py:171} INFO - Processing /home/airflow/.local/lib/python3.7/site-packages/airflow/example_dags/example_latest_only.py took 0.127 seconds
[2023-04-01 18:10:05,481] {processor.py:163} INFO - Started process (PID=613) to work on /home/airflow/.local/lib/python3.7/site-packages/airflow/example_dags/example_latest_only.py
[2023-04-01 18:10:05,483] {processor.py:620} INFO - Processing file /home/airflow/.local/lib/python3.7/site-packages/airflow/example_dags/example_latest_only.py for tasks to queue
[2023-04-01 18:10:05,484] {logging_mixin.py:109} INFO - [2023-04-01 18:10:05,484] {dagbag.py:500} INFO - Filling up the DagBag from /home/airflow/.local/lib/python3.7/site-packages/airflow/example_dags/example_latest_only.py
[2023-04-01 18:10:05,526] {processor.py:632} INFO - DAG(s) dict_keys(['latest_only']) retrieved from /home/airflow/.local/lib/python3.7/site-packages/airflow/example_dags/example_latest_only.py
[2023-04-01 18:10:05,549] {logging_mixin.py:109} INFO - [2023-04-01 18:10:05,548] {dag.py:2389} INFO - Sync 1 DAGs
[2023-04-01 18:10:05,575] {logging_mixin.py:109} INFO - [2023-04-01 18:10:05,574] {dag.py:2921} INFO - Setting next_dagrun for latest_only to 2023-04-01T14:10:05.574224+00:00
[2023-04-01 18:10:05,590] {processor.py:171} INFO - Processing /home/airflow/.local/lib/python3.7/site-packages/airflow/example_dags/example_latest_only.py took 0.113 seconds
[2023-04-01 18:10:35,649] {processor.py:163} INFO - Started process (PID=664) to work on /home/airflow/.local/lib/python3.7/site-packages/airflow/example_dags/example_latest_only.py
[2023-04-01 18:10:35,652] {processor.py:620} INFO - Processing file /home/airflow/.local/lib/python3.7/site-packages/airflow/example_dags/example_latest_only.py for tasks to queue
[2023-04-01 18:10:35,654] {logging_mixin.py:109} INFO - [2023-04-01 18:10:35,653] {dagbag.py:500} INFO - Filling up the DagBag from /home/airflow/.local/lib/python3.7/site-packages/airflow/example_dags/example_latest_only.py
[2023-04-01 18:10:35,724] {processor.py:632} INFO - DAG(s) dict_keys(['latest_only']) retrieved from /home/airflow/.local/lib/python3.7/site-packages/airflow/example_dags/example_latest_only.py
[2023-04-01 18:10:35,750] {logging_mixin.py:109} INFO - [2023-04-01 18:10:35,749] {dag.py:2389} INFO - Sync 1 DAGs
[2023-04-01 18:10:35,789] {logging_mixin.py:109} INFO - [2023-04-01 18:10:35,789] {dag.py:2921} INFO - Setting next_dagrun for latest_only to 2023-04-01T14:10:35.788682+00:00
[2023-04-01 18:10:35,819] {processor.py:171} INFO - Processing /home/airflow/.local/lib/python3.7/site-packages/airflow/example_dags/example_latest_only.py took 0.181 seconds
