[2023-04-01 18:07:31,400] {processor.py:163} INFO - Started process (PID=303) to work on /home/airflow/.local/lib/python3.7/site-packages/airflow/example_dags/example_task_group_decorator.py
[2023-04-01 18:07:31,403] {processor.py:620} INFO - Processing file /home/airflow/.local/lib/python3.7/site-packages/airflow/example_dags/example_task_group_decorator.py for tasks to queue
[2023-04-01 18:07:31,405] {logging_mixin.py:109} INFO - [2023-04-01 18:07:31,404] {dagbag.py:500} INFO - Filling up the DagBag from /home/airflow/.local/lib/python3.7/site-packages/airflow/example_dags/example_task_group_decorator.py
[2023-04-01 18:07:31,570] {processor.py:632} INFO - DAG(s) dict_keys(['example_task_group_decorator']) retrieved from /home/airflow/.local/lib/python3.7/site-packages/airflow/example_dags/example_task_group_decorator.py
[2023-04-01 18:07:37,216] {logging_mixin.py:109} INFO - [2023-04-01 18:07:37,216] {providers_manager.py:156} WARNING - Exception when importing 'airflow.providers.google.leveldb.hooks.leveldb.LevelDBHook' from 'apache-airflow-providers-google' package: No module named 'plyvel'
[2023-04-01 18:07:38,807] {logging_mixin.py:109} INFO - [2023-04-01 18:07:38,807] {providers_manager.py:156} WARNING - Exception when importing 'airflow.providers.google.leveldb.hooks.leveldb.LevelDBHook' from 'apache-airflow-providers-google' package: No module named 'plyvel'
[2023-04-01 18:07:38,877] {logging_mixin.py:109} INFO - [2023-04-01 18:07:38,876] {manager.py:496} INFO - Created Permission View: can read on DAG:example_task_group_decorator
[2023-04-01 18:07:38,910] {logging_mixin.py:109} INFO - [2023-04-01 18:07:38,910] {manager.py:496} INFO - Created Permission View: can edit on DAG:example_task_group_decorator
[2023-04-01 18:07:38,911] {logging_mixin.py:109} INFO - [2023-04-01 18:07:38,911] {dag.py:2389} INFO - Sync 1 DAGs
[2023-04-01 18:07:38,938] {logging_mixin.py:109} INFO - [2023-04-01 18:07:38,937] {dag.py:2408} INFO - Creating ORM DAG for example_task_group_decorator
[2023-04-01 18:07:38,968] {logging_mixin.py:109} INFO - [2023-04-01 18:07:38,967] {dag.py:2921} INFO - Setting next_dagrun for example_task_group_decorator to 2023-03-31T18:07:38.966994+00:00
[2023-04-01 18:07:39,009] {processor.py:171} INFO - Processing /home/airflow/.local/lib/python3.7/site-packages/airflow/example_dags/example_task_group_decorator.py took 7.625 seconds
[2023-04-01 18:08:09,182] {processor.py:163} INFO - Started process (PID=418) to work on /home/airflow/.local/lib/python3.7/site-packages/airflow/example_dags/example_task_group_decorator.py
[2023-04-01 18:08:09,194] {processor.py:620} INFO - Processing file /home/airflow/.local/lib/python3.7/site-packages/airflow/example_dags/example_task_group_decorator.py for tasks to queue
[2023-04-01 18:08:09,197] {logging_mixin.py:109} INFO - [2023-04-01 18:08:09,196] {dagbag.py:500} INFO - Filling up the DagBag from /home/airflow/.local/lib/python3.7/site-packages/airflow/example_dags/example_task_group_decorator.py
[2023-04-01 18:08:09,318] {processor.py:632} INFO - DAG(s) dict_keys(['example_task_group_decorator']) retrieved from /home/airflow/.local/lib/python3.7/site-packages/airflow/example_dags/example_task_group_decorator.py
[2023-04-01 18:08:09,916] {logging_mixin.py:109} INFO - [2023-04-01 18:08:09,916] {dag.py:2389} INFO - Sync 1 DAGs
[2023-04-01 18:08:09,941] {logging_mixin.py:109} INFO - [2023-04-01 18:08:09,941] {dag.py:2921} INFO - Setting next_dagrun for example_task_group_decorator to 2023-03-31T18:08:09.941080+00:00
[2023-04-01 18:08:09,964] {processor.py:171} INFO - Processing /home/airflow/.local/lib/python3.7/site-packages/airflow/example_dags/example_task_group_decorator.py took 0.795 seconds
[2023-04-01 18:08:40,673] {processor.py:163} INFO - Started process (PID=476) to work on /home/airflow/.local/lib/python3.7/site-packages/airflow/example_dags/example_task_group_decorator.py
[2023-04-01 18:08:40,683] {processor.py:620} INFO - Processing file /home/airflow/.local/lib/python3.7/site-packages/airflow/example_dags/example_task_group_decorator.py for tasks to queue
[2023-04-01 18:08:40,684] {logging_mixin.py:109} INFO - [2023-04-01 18:08:40,684] {dagbag.py:500} INFO - Filling up the DagBag from /home/airflow/.local/lib/python3.7/site-packages/airflow/example_dags/example_task_group_decorator.py
[2023-04-01 18:08:40,762] {processor.py:632} INFO - DAG(s) dict_keys(['example_task_group_decorator']) retrieved from /home/airflow/.local/lib/python3.7/site-packages/airflow/example_dags/example_task_group_decorator.py
[2023-04-01 18:08:41,275] {logging_mixin.py:109} INFO - [2023-04-01 18:08:41,275] {dag.py:2389} INFO - Sync 1 DAGs
[2023-04-01 18:08:41,302] {logging_mixin.py:109} INFO - [2023-04-01 18:08:41,302] {dag.py:2921} INFO - Setting next_dagrun for example_task_group_decorator to 2023-03-31T18:08:41.302180+00:00
[2023-04-01 18:08:41,336] {processor.py:171} INFO - Processing /home/airflow/.local/lib/python3.7/site-packages/airflow/example_dags/example_task_group_decorator.py took 0.667 seconds
[2023-04-01 18:09:11,484] {processor.py:163} INFO - Started process (PID=530) to work on /home/airflow/.local/lib/python3.7/site-packages/airflow/example_dags/example_task_group_decorator.py
[2023-04-01 18:09:11,486] {processor.py:620} INFO - Processing file /home/airflow/.local/lib/python3.7/site-packages/airflow/example_dags/example_task_group_decorator.py for tasks to queue
[2023-04-01 18:09:11,487] {logging_mixin.py:109} INFO - [2023-04-01 18:09:11,487] {dagbag.py:500} INFO - Filling up the DagBag from /home/airflow/.local/lib/python3.7/site-packages/airflow/example_dags/example_task_group_decorator.py
[2023-04-01 18:09:11,576] {processor.py:632} INFO - DAG(s) dict_keys(['example_task_group_decorator']) retrieved from /home/airflow/.local/lib/python3.7/site-packages/airflow/example_dags/example_task_group_decorator.py
[2023-04-01 18:09:12,274] {logging_mixin.py:109} INFO - [2023-04-01 18:09:12,273] {dag.py:2389} INFO - Sync 1 DAGs
[2023-04-01 18:09:12,311] {logging_mixin.py:109} INFO - [2023-04-01 18:09:12,311] {dag.py:2921} INFO - Setting next_dagrun for example_task_group_decorator to 2023-03-31T18:09:12.311222+00:00
[2023-04-01 18:09:12,348] {processor.py:171} INFO - Processing /home/airflow/.local/lib/python3.7/site-packages/airflow/example_dags/example_task_group_decorator.py took 0.873 seconds
[2023-04-01 18:09:42,595] {processor.py:163} INFO - Started process (PID=581) to work on /home/airflow/.local/lib/python3.7/site-packages/airflow/example_dags/example_task_group_decorator.py
[2023-04-01 18:09:42,597] {processor.py:620} INFO - Processing file /home/airflow/.local/lib/python3.7/site-packages/airflow/example_dags/example_task_group_decorator.py for tasks to queue
[2023-04-01 18:09:42,598] {logging_mixin.py:109} INFO - [2023-04-01 18:09:42,598] {dagbag.py:500} INFO - Filling up the DagBag from /home/airflow/.local/lib/python3.7/site-packages/airflow/example_dags/example_task_group_decorator.py
[2023-04-01 18:09:42,691] {processor.py:632} INFO - DAG(s) dict_keys(['example_task_group_decorator']) retrieved from /home/airflow/.local/lib/python3.7/site-packages/airflow/example_dags/example_task_group_decorator.py
[2023-04-01 18:09:43,465] {logging_mixin.py:109} INFO - [2023-04-01 18:09:43,465] {dag.py:2389} INFO - Sync 1 DAGs
[2023-04-01 18:09:43,504] {logging_mixin.py:109} INFO - [2023-04-01 18:09:43,504] {dag.py:2921} INFO - Setting next_dagrun for example_task_group_decorator to 2023-03-31T18:09:43.504110+00:00
[2023-04-01 18:09:43,542] {processor.py:171} INFO - Processing /home/airflow/.local/lib/python3.7/site-packages/airflow/example_dags/example_task_group_decorator.py took 0.955 seconds
[2023-04-01 18:10:13,658] {processor.py:163} INFO - Started process (PID=632) to work on /home/airflow/.local/lib/python3.7/site-packages/airflow/example_dags/example_task_group_decorator.py
[2023-04-01 18:10:13,662] {processor.py:620} INFO - Processing file /home/airflow/.local/lib/python3.7/site-packages/airflow/example_dags/example_task_group_decorator.py for tasks to queue
[2023-04-01 18:10:13,664] {logging_mixin.py:109} INFO - [2023-04-01 18:10:13,664] {dagbag.py:500} INFO - Filling up the DagBag from /home/airflow/.local/lib/python3.7/site-packages/airflow/example_dags/example_task_group_decorator.py
[2023-04-01 18:10:13,894] {processor.py:632} INFO - DAG(s) dict_keys(['example_task_group_decorator']) retrieved from /home/airflow/.local/lib/python3.7/site-packages/airflow/example_dags/example_task_group_decorator.py
[2023-04-01 18:10:15,179] {logging_mixin.py:109} INFO - [2023-04-01 18:10:15,179] {dag.py:2389} INFO - Sync 1 DAGs
[2023-04-01 18:10:15,224] {logging_mixin.py:109} INFO - [2023-04-01 18:10:15,224] {dag.py:2921} INFO - Setting next_dagrun for example_task_group_decorator to 2023-03-31T18:10:15.223637+00:00
[2023-04-01 18:10:15,267] {processor.py:171} INFO - Processing /home/airflow/.local/lib/python3.7/site-packages/airflow/example_dags/example_task_group_decorator.py took 1.628 seconds
[2023-04-01 18:10:45,331] {processor.py:163} INFO - Started process (PID=675) to work on /home/airflow/.local/lib/python3.7/site-packages/airflow/example_dags/example_task_group_decorator.py
[2023-04-01 18:10:45,341] {processor.py:620} INFO - Processing file /home/airflow/.local/lib/python3.7/site-packages/airflow/example_dags/example_task_group_decorator.py for tasks to queue
[2023-04-01 18:10:45,342] {logging_mixin.py:109} INFO - [2023-04-01 18:10:45,342] {dagbag.py:500} INFO - Filling up the DagBag from /home/airflow/.local/lib/python3.7/site-packages/airflow/example_dags/example_task_group_decorator.py
[2023-04-01 18:10:45,408] {processor.py:632} INFO - DAG(s) dict_keys(['example_task_group_decorator']) retrieved from /home/airflow/.local/lib/python3.7/site-packages/airflow/example_dags/example_task_group_decorator.py
[2023-04-01 18:10:45,899] {logging_mixin.py:109} INFO - [2023-04-01 18:10:45,899] {dag.py:2389} INFO - Sync 1 DAGs
[2023-04-01 18:10:45,930] {logging_mixin.py:109} INFO - [2023-04-01 18:10:45,929] {dag.py:2921} INFO - Setting next_dagrun for example_task_group_decorator to 2023-03-31T18:10:45.929492+00:00
[2023-04-01 18:10:45,954] {processor.py:171} INFO - Processing /home/airflow/.local/lib/python3.7/site-packages/airflow/example_dags/example_task_group_decorator.py took 0.629 seconds
