[2023-04-01 18:07:37,610] {processor.py:163} INFO - Started process (PID=320) to work on /home/airflow/.local/lib/python3.7/site-packages/airflow/example_dags/example_branch_python_dop_operator_3.py
[2023-04-01 18:07:37,613] {processor.py:620} INFO - Processing file /home/airflow/.local/lib/python3.7/site-packages/airflow/example_dags/example_branch_python_dop_operator_3.py for tasks to queue
[2023-04-01 18:07:37,615] {logging_mixin.py:109} INFO - [2023-04-01 18:07:37,615] {dagbag.py:500} INFO - Filling up the DagBag from /home/airflow/.local/lib/python3.7/site-packages/airflow/example_dags/example_branch_python_dop_operator_3.py
[2023-04-01 18:07:37,760] {processor.py:632} INFO - DAG(s) dict_keys(['example_branch_dop_operator_v3']) retrieved from /home/airflow/.local/lib/python3.7/site-packages/airflow/example_dags/example_branch_python_dop_operator_3.py
[2023-04-01 18:07:42,318] {logging_mixin.py:109} INFO - [2023-04-01 18:07:42,318] {providers_manager.py:156} WARNING - Exception when importing 'airflow.providers.google.leveldb.hooks.leveldb.LevelDBHook' from 'apache-airflow-providers-google' package: No module named 'plyvel'
[2023-04-01 18:07:43,269] {logging_mixin.py:109} INFO - [2023-04-01 18:07:43,269] {providers_manager.py:156} WARNING - Exception when importing 'airflow.providers.google.leveldb.hooks.leveldb.LevelDBHook' from 'apache-airflow-providers-google' package: No module named 'plyvel'
[2023-04-01 18:07:43,325] {logging_mixin.py:109} INFO - [2023-04-01 18:07:43,325] {manager.py:496} INFO - Created Permission View: can read on DAG:example_branch_dop_operator_v3
[2023-04-01 18:07:43,351] {logging_mixin.py:109} INFO - [2023-04-01 18:07:43,351] {manager.py:496} INFO - Created Permission View: can edit on DAG:example_branch_dop_operator_v3
[2023-04-01 18:07:43,352] {logging_mixin.py:109} INFO - [2023-04-01 18:07:43,352] {dag.py:2389} INFO - Sync 1 DAGs
[2023-04-01 18:07:43,368] {logging_mixin.py:109} INFO - [2023-04-01 18:07:43,368] {dag.py:2408} INFO - Creating ORM DAG for example_branch_dop_operator_v3
[2023-04-01 18:07:43,401] {logging_mixin.py:109} INFO - [2023-04-01 18:07:43,400] {dag.py:2921} INFO - Setting next_dagrun for example_branch_dop_operator_v3 to 2023-04-01T18:06:00+00:00
[2023-04-01 18:07:43,437] {processor.py:171} INFO - Processing /home/airflow/.local/lib/python3.7/site-packages/airflow/example_dags/example_branch_python_dop_operator_3.py took 5.840 seconds
[2023-04-01 18:08:14,016] {processor.py:163} INFO - Started process (PID=428) to work on /home/airflow/.local/lib/python3.7/site-packages/airflow/example_dags/example_branch_python_dop_operator_3.py
[2023-04-01 18:08:14,019] {processor.py:620} INFO - Processing file /home/airflow/.local/lib/python3.7/site-packages/airflow/example_dags/example_branch_python_dop_operator_3.py for tasks to queue
[2023-04-01 18:08:14,021] {logging_mixin.py:109} INFO - [2023-04-01 18:08:14,021] {dagbag.py:500} INFO - Filling up the DagBag from /home/airflow/.local/lib/python3.7/site-packages/airflow/example_dags/example_branch_python_dop_operator_3.py
[2023-04-01 18:08:14,095] {processor.py:632} INFO - DAG(s) dict_keys(['example_branch_dop_operator_v3']) retrieved from /home/airflow/.local/lib/python3.7/site-packages/airflow/example_dags/example_branch_python_dop_operator_3.py
[2023-04-01 18:08:14,128] {logging_mixin.py:109} INFO - [2023-04-01 18:08:14,128] {dag.py:2389} INFO - Sync 1 DAGs
[2023-04-01 18:08:14,173] {logging_mixin.py:109} INFO - [2023-04-01 18:08:14,173] {dag.py:2921} INFO - Setting next_dagrun for example_branch_dop_operator_v3 to 2023-04-01T18:07:00+00:00
[2023-04-01 18:08:14,195] {processor.py:171} INFO - Processing /home/airflow/.local/lib/python3.7/site-packages/airflow/example_dags/example_branch_python_dop_operator_3.py took 0.190 seconds
[2023-04-01 18:08:44,370] {processor.py:163} INFO - Started process (PID=479) to work on /home/airflow/.local/lib/python3.7/site-packages/airflow/example_dags/example_branch_python_dop_operator_3.py
[2023-04-01 18:08:44,372] {processor.py:620} INFO - Processing file /home/airflow/.local/lib/python3.7/site-packages/airflow/example_dags/example_branch_python_dop_operator_3.py for tasks to queue
[2023-04-01 18:08:44,373] {logging_mixin.py:109} INFO - [2023-04-01 18:08:44,373] {dagbag.py:500} INFO - Filling up the DagBag from /home/airflow/.local/lib/python3.7/site-packages/airflow/example_dags/example_branch_python_dop_operator_3.py
[2023-04-01 18:08:44,429] {processor.py:632} INFO - DAG(s) dict_keys(['example_branch_dop_operator_v3']) retrieved from /home/airflow/.local/lib/python3.7/site-packages/airflow/example_dags/example_branch_python_dop_operator_3.py
[2023-04-01 18:08:44,451] {logging_mixin.py:109} INFO - [2023-04-01 18:08:44,450] {dag.py:2389} INFO - Sync 1 DAGs
[2023-04-01 18:08:44,499] {logging_mixin.py:109} INFO - [2023-04-01 18:08:44,498] {dag.py:2921} INFO - Setting next_dagrun for example_branch_dop_operator_v3 to 2023-04-01T18:07:00+00:00
[2023-04-01 18:08:44,520] {processor.py:171} INFO - Processing /home/airflow/.local/lib/python3.7/site-packages/airflow/example_dags/example_branch_python_dop_operator_3.py took 0.155 seconds
[2023-04-01 18:09:15,252] {processor.py:163} INFO - Started process (PID=531) to work on /home/airflow/.local/lib/python3.7/site-packages/airflow/example_dags/example_branch_python_dop_operator_3.py
[2023-04-01 18:09:15,262] {processor.py:620} INFO - Processing file /home/airflow/.local/lib/python3.7/site-packages/airflow/example_dags/example_branch_python_dop_operator_3.py for tasks to queue
[2023-04-01 18:09:15,263] {logging_mixin.py:109} INFO - [2023-04-01 18:09:15,263] {dagbag.py:500} INFO - Filling up the DagBag from /home/airflow/.local/lib/python3.7/site-packages/airflow/example_dags/example_branch_python_dop_operator_3.py
[2023-04-01 18:09:15,315] {processor.py:632} INFO - DAG(s) dict_keys(['example_branch_dop_operator_v3']) retrieved from /home/airflow/.local/lib/python3.7/site-packages/airflow/example_dags/example_branch_python_dop_operator_3.py
[2023-04-01 18:09:15,332] {logging_mixin.py:109} INFO - [2023-04-01 18:09:15,332] {dag.py:2389} INFO - Sync 1 DAGs
[2023-04-01 18:09:15,370] {logging_mixin.py:109} INFO - [2023-04-01 18:09:15,369] {dag.py:2921} INFO - Setting next_dagrun for example_branch_dop_operator_v3 to 2023-04-01T18:08:00+00:00
[2023-04-01 18:09:15,391] {processor.py:171} INFO - Processing /home/airflow/.local/lib/python3.7/site-packages/airflow/example_dags/example_branch_python_dop_operator_3.py took 0.143 seconds
[2023-04-01 18:09:45,586] {processor.py:163} INFO - Started process (PID=582) to work on /home/airflow/.local/lib/python3.7/site-packages/airflow/example_dags/example_branch_python_dop_operator_3.py
[2023-04-01 18:09:45,588] {processor.py:620} INFO - Processing file /home/airflow/.local/lib/python3.7/site-packages/airflow/example_dags/example_branch_python_dop_operator_3.py for tasks to queue
[2023-04-01 18:09:45,589] {logging_mixin.py:109} INFO - [2023-04-01 18:09:45,589] {dagbag.py:500} INFO - Filling up the DagBag from /home/airflow/.local/lib/python3.7/site-packages/airflow/example_dags/example_branch_python_dop_operator_3.py
[2023-04-01 18:09:45,635] {processor.py:632} INFO - DAG(s) dict_keys(['example_branch_dop_operator_v3']) retrieved from /home/airflow/.local/lib/python3.7/site-packages/airflow/example_dags/example_branch_python_dop_operator_3.py
[2023-04-01 18:09:45,652] {logging_mixin.py:109} INFO - [2023-04-01 18:09:45,652] {dag.py:2389} INFO - Sync 1 DAGs
[2023-04-01 18:09:45,690] {logging_mixin.py:109} INFO - [2023-04-01 18:09:45,690] {dag.py:2921} INFO - Setting next_dagrun for example_branch_dop_operator_v3 to 2023-04-01T18:08:00+00:00
[2023-04-01 18:09:45,709] {processor.py:171} INFO - Processing /home/airflow/.local/lib/python3.7/site-packages/airflow/example_dags/example_branch_python_dop_operator_3.py took 0.130 seconds
[2023-04-01 18:10:16,325] {processor.py:163} INFO - Started process (PID=633) to work on /home/airflow/.local/lib/python3.7/site-packages/airflow/example_dags/example_branch_python_dop_operator_3.py
[2023-04-01 18:10:16,337] {processor.py:620} INFO - Processing file /home/airflow/.local/lib/python3.7/site-packages/airflow/example_dags/example_branch_python_dop_operator_3.py for tasks to queue
[2023-04-01 18:10:16,339] {logging_mixin.py:109} INFO - [2023-04-01 18:10:16,338] {dagbag.py:500} INFO - Filling up the DagBag from /home/airflow/.local/lib/python3.7/site-packages/airflow/example_dags/example_branch_python_dop_operator_3.py
[2023-04-01 18:10:16,485] {processor.py:632} INFO - DAG(s) dict_keys(['example_branch_dop_operator_v3']) retrieved from /home/airflow/.local/lib/python3.7/site-packages/airflow/example_dags/example_branch_python_dop_operator_3.py
[2023-04-01 18:10:16,542] {logging_mixin.py:109} INFO - [2023-04-01 18:10:16,542] {dag.py:2389} INFO - Sync 1 DAGs
[2023-04-01 18:10:16,697] {logging_mixin.py:109} INFO - [2023-04-01 18:10:16,696] {dag.py:2921} INFO - Setting next_dagrun for example_branch_dop_operator_v3 to 2023-04-01T18:09:00+00:00
[2023-04-01 18:10:16,742] {processor.py:171} INFO - Processing /home/airflow/.local/lib/python3.7/site-packages/airflow/example_dags/example_branch_python_dop_operator_3.py took 0.432 seconds
[2023-04-01 18:10:46,991] {processor.py:163} INFO - Started process (PID=676) to work on /home/airflow/.local/lib/python3.7/site-packages/airflow/example_dags/example_branch_python_dop_operator_3.py
[2023-04-01 18:10:46,993] {processor.py:620} INFO - Processing file /home/airflow/.local/lib/python3.7/site-packages/airflow/example_dags/example_branch_python_dop_operator_3.py for tasks to queue
[2023-04-01 18:10:46,994] {logging_mixin.py:109} INFO - [2023-04-01 18:10:46,994] {dagbag.py:500} INFO - Filling up the DagBag from /home/airflow/.local/lib/python3.7/site-packages/airflow/example_dags/example_branch_python_dop_operator_3.py
[2023-04-01 18:10:47,044] {processor.py:632} INFO - DAG(s) dict_keys(['example_branch_dop_operator_v3']) retrieved from /home/airflow/.local/lib/python3.7/site-packages/airflow/example_dags/example_branch_python_dop_operator_3.py
[2023-04-01 18:10:47,063] {logging_mixin.py:109} INFO - [2023-04-01 18:10:47,063] {dag.py:2389} INFO - Sync 1 DAGs
[2023-04-01 18:10:47,102] {logging_mixin.py:109} INFO - [2023-04-01 18:10:47,102] {dag.py:2921} INFO - Setting next_dagrun for example_branch_dop_operator_v3 to 2023-04-01T18:09:00+00:00
[2023-04-01 18:10:47,121] {processor.py:171} INFO - Processing /home/airflow/.local/lib/python3.7/site-packages/airflow/example_dags/example_branch_python_dop_operator_3.py took 0.136 seconds
