[2023-04-01 18:06:35,763] {processor.py:163} INFO - Started process (PID=132) to work on /home/airflow/.local/lib/python3.7/site-packages/airflow/example_dags/example_complex.py
[2023-04-01 18:06:35,766] {processor.py:620} INFO - Processing file /home/airflow/.local/lib/python3.7/site-packages/airflow/example_dags/example_complex.py for tasks to queue
[2023-04-01 18:06:35,768] {logging_mixin.py:109} INFO - [2023-04-01 18:06:35,767] {dagbag.py:500} INFO - Filling up the DagBag from /home/airflow/.local/lib/python3.7/site-packages/airflow/example_dags/example_complex.py
[2023-04-01 18:06:35,972] {processor.py:632} INFO - DAG(s) dict_keys(['example_complex']) retrieved from /home/airflow/.local/lib/python3.7/site-packages/airflow/example_dags/example_complex.py
[2023-04-01 18:06:43,882] {logging_mixin.py:109} INFO - [2023-04-01 18:06:43,882] {providers_manager.py:156} WARNING - Exception when importing 'airflow.providers.google.leveldb.hooks.leveldb.LevelDBHook' from 'apache-airflow-providers-google' package: No module named 'plyvel'
[2023-04-01 18:06:46,645] {logging_mixin.py:109} INFO - [2023-04-01 18:06:46,645] {providers_manager.py:156} WARNING - Exception when importing 'airflow.providers.google.leveldb.hooks.leveldb.LevelDBHook' from 'apache-airflow-providers-google' package: No module named 'plyvel'
[2023-04-01 18:06:46,733] {logging_mixin.py:109} INFO - [2023-04-01 18:06:46,733] {manager.py:496} INFO - Created Permission View: can read on DAG:example_complex
[2023-04-01 18:06:46,772] {logging_mixin.py:109} INFO - [2023-04-01 18:06:46,772] {manager.py:496} INFO - Created Permission View: can edit on DAG:example_complex
[2023-04-01 18:06:46,773] {logging_mixin.py:109} INFO - [2023-04-01 18:06:46,772] {dag.py:2389} INFO - Sync 1 DAGs
[2023-04-01 18:06:46,810] {logging_mixin.py:109} INFO - [2023-04-01 18:06:46,809] {dag.py:2408} INFO - Creating ORM DAG for example_complex
[2023-04-01 18:06:46,842] {logging_mixin.py:109} INFO - [2023-04-01 18:06:46,842] {dag.py:2921} INFO - Setting next_dagrun for example_complex to None
[2023-04-01 18:06:46,897] {processor.py:171} INFO - Processing /home/airflow/.local/lib/python3.7/site-packages/airflow/example_dags/example_complex.py took 11.151 seconds
[2023-04-01 18:08:01,637] {processor.py:163} INFO - Started process (PID=402) to work on /home/airflow/.local/lib/python3.7/site-packages/airflow/example_dags/example_complex.py
[2023-04-01 18:08:01,640] {processor.py:620} INFO - Processing file /home/airflow/.local/lib/python3.7/site-packages/airflow/example_dags/example_complex.py for tasks to queue
[2023-04-01 18:08:01,642] {logging_mixin.py:109} INFO - [2023-04-01 18:08:01,641] {dagbag.py:500} INFO - Filling up the DagBag from /home/airflow/.local/lib/python3.7/site-packages/airflow/example_dags/example_complex.py
[2023-04-01 18:08:01,723] {processor.py:632} INFO - DAG(s) dict_keys(['example_complex']) retrieved from /home/airflow/.local/lib/python3.7/site-packages/airflow/example_dags/example_complex.py
[2023-04-01 18:08:01,760] {logging_mixin.py:109} INFO - [2023-04-01 18:08:01,760] {dag.py:2389} INFO - Sync 1 DAGs
[2023-04-01 18:08:01,798] {logging_mixin.py:109} INFO - [2023-04-01 18:08:01,798] {dag.py:2921} INFO - Setting next_dagrun for example_complex to None
[2023-04-01 18:08:01,828] {processor.py:171} INFO - Processing /home/airflow/.local/lib/python3.7/site-packages/airflow/example_dags/example_complex.py took 0.200 seconds
[2023-04-01 18:08:32,119] {processor.py:163} INFO - Started process (PID=452) to work on /home/airflow/.local/lib/python3.7/site-packages/airflow/example_dags/example_complex.py
[2023-04-01 18:08:32,121] {processor.py:620} INFO - Processing file /home/airflow/.local/lib/python3.7/site-packages/airflow/example_dags/example_complex.py for tasks to queue
[2023-04-01 18:08:32,122] {logging_mixin.py:109} INFO - [2023-04-01 18:08:32,122] {dagbag.py:500} INFO - Filling up the DagBag from /home/airflow/.local/lib/python3.7/site-packages/airflow/example_dags/example_complex.py
[2023-04-01 18:08:32,189] {processor.py:632} INFO - DAG(s) dict_keys(['example_complex']) retrieved from /home/airflow/.local/lib/python3.7/site-packages/airflow/example_dags/example_complex.py
[2023-04-01 18:08:32,218] {logging_mixin.py:109} INFO - [2023-04-01 18:08:32,218] {dag.py:2389} INFO - Sync 1 DAGs
[2023-04-01 18:08:32,249] {logging_mixin.py:109} INFO - [2023-04-01 18:08:32,248] {dag.py:2921} INFO - Setting next_dagrun for example_complex to None
[2023-04-01 18:08:32,268] {processor.py:171} INFO - Processing /home/airflow/.local/lib/python3.7/site-packages/airflow/example_dags/example_complex.py took 0.156 seconds
[2023-04-01 18:09:02,603] {processor.py:163} INFO - Started process (PID=502) to work on /home/airflow/.local/lib/python3.7/site-packages/airflow/example_dags/example_complex.py
[2023-04-01 18:09:02,607] {processor.py:620} INFO - Processing file /home/airflow/.local/lib/python3.7/site-packages/airflow/example_dags/example_complex.py for tasks to queue
[2023-04-01 18:09:02,608] {logging_mixin.py:109} INFO - [2023-04-01 18:09:02,608] {dagbag.py:500} INFO - Filling up the DagBag from /home/airflow/.local/lib/python3.7/site-packages/airflow/example_dags/example_complex.py
[2023-04-01 18:09:02,673] {processor.py:632} INFO - DAG(s) dict_keys(['example_complex']) retrieved from /home/airflow/.local/lib/python3.7/site-packages/airflow/example_dags/example_complex.py
[2023-04-01 18:09:02,702] {logging_mixin.py:109} INFO - [2023-04-01 18:09:02,702] {dag.py:2389} INFO - Sync 1 DAGs
[2023-04-01 18:09:02,730] {logging_mixin.py:109} INFO - [2023-04-01 18:09:02,730] {dag.py:2921} INFO - Setting next_dagrun for example_complex to None
[2023-04-01 18:09:02,754] {processor.py:171} INFO - Processing /home/airflow/.local/lib/python3.7/site-packages/airflow/example_dags/example_complex.py took 0.157 seconds
[2023-04-01 18:09:32,947] {processor.py:163} INFO - Started process (PID=554) to work on /home/airflow/.local/lib/python3.7/site-packages/airflow/example_dags/example_complex.py
[2023-04-01 18:09:32,948] {processor.py:620} INFO - Processing file /home/airflow/.local/lib/python3.7/site-packages/airflow/example_dags/example_complex.py for tasks to queue
[2023-04-01 18:09:32,949] {logging_mixin.py:109} INFO - [2023-04-01 18:09:32,948] {dagbag.py:500} INFO - Filling up the DagBag from /home/airflow/.local/lib/python3.7/site-packages/airflow/example_dags/example_complex.py
[2023-04-01 18:09:33,000] {processor.py:632} INFO - DAG(s) dict_keys(['example_complex']) retrieved from /home/airflow/.local/lib/python3.7/site-packages/airflow/example_dags/example_complex.py
[2023-04-01 18:09:33,026] {logging_mixin.py:109} INFO - [2023-04-01 18:09:33,026] {dag.py:2389} INFO - Sync 1 DAGs
[2023-04-01 18:09:33,054] {logging_mixin.py:109} INFO - [2023-04-01 18:09:33,054] {dag.py:2921} INFO - Setting next_dagrun for example_complex to None
[2023-04-01 18:09:33,079] {processor.py:171} INFO - Processing /home/airflow/.local/lib/python3.7/site-packages/airflow/example_dags/example_complex.py took 0.137 seconds
[2023-04-01 18:10:03,701] {processor.py:163} INFO - Started process (PID=605) to work on /home/airflow/.local/lib/python3.7/site-packages/airflow/example_dags/example_complex.py
[2023-04-01 18:10:03,703] {processor.py:620} INFO - Processing file /home/airflow/.local/lib/python3.7/site-packages/airflow/example_dags/example_complex.py for tasks to queue
[2023-04-01 18:10:03,704] {logging_mixin.py:109} INFO - [2023-04-01 18:10:03,704] {dagbag.py:500} INFO - Filling up the DagBag from /home/airflow/.local/lib/python3.7/site-packages/airflow/example_dags/example_complex.py
[2023-04-01 18:10:03,763] {processor.py:632} INFO - DAG(s) dict_keys(['example_complex']) retrieved from /home/airflow/.local/lib/python3.7/site-packages/airflow/example_dags/example_complex.py
[2023-04-01 18:10:03,788] {logging_mixin.py:109} INFO - [2023-04-01 18:10:03,788] {dag.py:2389} INFO - Sync 1 DAGs
[2023-04-01 18:10:03,815] {logging_mixin.py:109} INFO - [2023-04-01 18:10:03,815] {dag.py:2921} INFO - Setting next_dagrun for example_complex to None
[2023-04-01 18:10:03,837] {processor.py:171} INFO - Processing /home/airflow/.local/lib/python3.7/site-packages/airflow/example_dags/example_complex.py took 0.142 seconds
[2023-04-01 18:10:33,894] {processor.py:163} INFO - Started process (PID=656) to work on /home/airflow/.local/lib/python3.7/site-packages/airflow/example_dags/example_complex.py
[2023-04-01 18:10:33,896] {processor.py:620} INFO - Processing file /home/airflow/.local/lib/python3.7/site-packages/airflow/example_dags/example_complex.py for tasks to queue
[2023-04-01 18:10:33,898] {logging_mixin.py:109} INFO - [2023-04-01 18:10:33,898] {dagbag.py:500} INFO - Filling up the DagBag from /home/airflow/.local/lib/python3.7/site-packages/airflow/example_dags/example_complex.py
[2023-04-01 18:10:34,003] {processor.py:632} INFO - DAG(s) dict_keys(['example_complex']) retrieved from /home/airflow/.local/lib/python3.7/site-packages/airflow/example_dags/example_complex.py
[2023-04-01 18:10:34,049] {logging_mixin.py:109} INFO - [2023-04-01 18:10:34,049] {dag.py:2389} INFO - Sync 1 DAGs
[2023-04-01 18:10:34,127] {logging_mixin.py:109} INFO - [2023-04-01 18:10:34,126] {dag.py:2921} INFO - Setting next_dagrun for example_complex to None
[2023-04-01 18:10:34,159] {processor.py:171} INFO - Processing /home/airflow/.local/lib/python3.7/site-packages/airflow/example_dags/example_complex.py took 0.275 seconds
