[2023-04-01 18:05:51,991] {processor.py:163} INFO - Started process (PID=59) to work on /home/airflow/.local/lib/python3.7/site-packages/airflow/example_dags/example_short_circuit_operator.py
[2023-04-01 18:05:52,001] {processor.py:620} INFO - Processing file /home/airflow/.local/lib/python3.7/site-packages/airflow/example_dags/example_short_circuit_operator.py for tasks to queue
[2023-04-01 18:05:52,003] {logging_mixin.py:109} INFO - [2023-04-01 18:05:52,003] {dagbag.py:500} INFO - Filling up the DagBag from /home/airflow/.local/lib/python3.7/site-packages/airflow/example_dags/example_short_circuit_operator.py
[2023-04-01 18:05:52,171] {processor.py:632} INFO - DAG(s) dict_keys(['example_short_circuit_operator']) retrieved from /home/airflow/.local/lib/python3.7/site-packages/airflow/example_dags/example_short_circuit_operator.py
[2023-04-01 18:06:07,793] {logging_mixin.py:109} INFO - [2023-04-01 18:06:07,792] {providers_manager.py:156} WARNING - Exception when importing 'airflow.providers.google.leveldb.hooks.leveldb.LevelDBHook' from 'apache-airflow-providers-google' package: No module named 'plyvel'
[2023-04-01 18:06:11,686] {logging_mixin.py:109} INFO - [2023-04-01 18:06:11,685] {providers_manager.py:156} WARNING - Exception when importing 'airflow.providers.google.leveldb.hooks.leveldb.LevelDBHook' from 'apache-airflow-providers-google' package: No module named 'plyvel'
[2023-04-01 18:06:11,773] {logging_mixin.py:109} INFO - [2023-04-01 18:06:11,772] {manager.py:496} INFO - Created Permission View: can read on DAG:example_short_circuit_operator
[2023-04-01 18:06:11,804] {logging_mixin.py:109} INFO - [2023-04-01 18:06:11,804] {manager.py:496} INFO - Created Permission View: can edit on DAG:example_short_circuit_operator
[2023-04-01 18:06:11,805] {logging_mixin.py:109} INFO - [2023-04-01 18:06:11,805] {dag.py:2389} INFO - Sync 1 DAGs
[2023-04-01 18:06:11,830] {logging_mixin.py:109} INFO - [2023-04-01 18:06:11,828] {dag.py:2408} INFO - Creating ORM DAG for example_short_circuit_operator
[2023-04-01 18:06:11,865] {logging_mixin.py:109} INFO - [2023-04-01 18:06:11,864] {dag.py:2921} INFO - Setting next_dagrun for example_short_circuit_operator to 2023-03-31T18:06:11.863980+00:00
[2023-04-01 18:06:11,924] {processor.py:171} INFO - Processing /home/airflow/.local/lib/python3.7/site-packages/airflow/example_dags/example_short_circuit_operator.py took 19.954 seconds
[2023-04-01 18:07:58,492] {processor.py:163} INFO - Started process (PID=388) to work on /home/airflow/.local/lib/python3.7/site-packages/airflow/example_dags/example_short_circuit_operator.py
[2023-04-01 18:07:58,509] {processor.py:620} INFO - Processing file /home/airflow/.local/lib/python3.7/site-packages/airflow/example_dags/example_short_circuit_operator.py for tasks to queue
[2023-04-01 18:07:58,511] {logging_mixin.py:109} INFO - [2023-04-01 18:07:58,511] {dagbag.py:500} INFO - Filling up the DagBag from /home/airflow/.local/lib/python3.7/site-packages/airflow/example_dags/example_short_circuit_operator.py
[2023-04-01 18:07:58,662] {processor.py:632} INFO - DAG(s) dict_keys(['example_short_circuit_operator']) retrieved from /home/airflow/.local/lib/python3.7/site-packages/airflow/example_dags/example_short_circuit_operator.py
[2023-04-01 18:07:58,703] {logging_mixin.py:109} INFO - [2023-04-01 18:07:58,703] {dag.py:2389} INFO - Sync 1 DAGs
[2023-04-01 18:07:58,775] {logging_mixin.py:109} INFO - [2023-04-01 18:07:58,775] {dag.py:2921} INFO - Setting next_dagrun for example_short_circuit_operator to 2023-03-31T18:07:58.774541+00:00
[2023-04-01 18:07:58,825] {processor.py:171} INFO - Processing /home/airflow/.local/lib/python3.7/site-packages/airflow/example_dags/example_short_circuit_operator.py took 0.350 seconds
[2023-04-01 18:08:29,014] {processor.py:163} INFO - Started process (PID=446) to work on /home/airflow/.local/lib/python3.7/site-packages/airflow/example_dags/example_short_circuit_operator.py
[2023-04-01 18:08:29,016] {processor.py:620} INFO - Processing file /home/airflow/.local/lib/python3.7/site-packages/airflow/example_dags/example_short_circuit_operator.py for tasks to queue
[2023-04-01 18:08:29,017] {logging_mixin.py:109} INFO - [2023-04-01 18:08:29,016] {dagbag.py:500} INFO - Filling up the DagBag from /home/airflow/.local/lib/python3.7/site-packages/airflow/example_dags/example_short_circuit_operator.py
[2023-04-01 18:08:29,083] {processor.py:632} INFO - DAG(s) dict_keys(['example_short_circuit_operator']) retrieved from /home/airflow/.local/lib/python3.7/site-packages/airflow/example_dags/example_short_circuit_operator.py
[2023-04-01 18:08:29,106] {logging_mixin.py:109} INFO - [2023-04-01 18:08:29,106] {dag.py:2389} INFO - Sync 1 DAGs
[2023-04-01 18:08:29,145] {logging_mixin.py:109} INFO - [2023-04-01 18:08:29,145] {dag.py:2921} INFO - Setting next_dagrun for example_short_circuit_operator to 2023-03-31T18:08:29.144615+00:00
[2023-04-01 18:08:29,170] {processor.py:171} INFO - Processing /home/airflow/.local/lib/python3.7/site-packages/airflow/example_dags/example_short_circuit_operator.py took 0.162 seconds
[2023-04-01 18:08:59,236] {processor.py:163} INFO - Started process (PID=497) to work on /home/airflow/.local/lib/python3.7/site-packages/airflow/example_dags/example_short_circuit_operator.py
[2023-04-01 18:08:59,242] {processor.py:620} INFO - Processing file /home/airflow/.local/lib/python3.7/site-packages/airflow/example_dags/example_short_circuit_operator.py for tasks to queue
[2023-04-01 18:08:59,246] {logging_mixin.py:109} INFO - [2023-04-01 18:08:59,245] {dagbag.py:500} INFO - Filling up the DagBag from /home/airflow/.local/lib/python3.7/site-packages/airflow/example_dags/example_short_circuit_operator.py
[2023-04-01 18:08:59,351] {processor.py:632} INFO - DAG(s) dict_keys(['example_short_circuit_operator']) retrieved from /home/airflow/.local/lib/python3.7/site-packages/airflow/example_dags/example_short_circuit_operator.py
[2023-04-01 18:08:59,370] {logging_mixin.py:109} INFO - [2023-04-01 18:08:59,370] {dag.py:2389} INFO - Sync 1 DAGs
[2023-04-01 18:08:59,431] {logging_mixin.py:109} INFO - [2023-04-01 18:08:59,430] {dag.py:2921} INFO - Setting next_dagrun for example_short_circuit_operator to 2023-03-31T18:08:59.429384+00:00
[2023-04-01 18:08:59,456] {processor.py:171} INFO - Processing /home/airflow/.local/lib/python3.7/site-packages/airflow/example_dags/example_short_circuit_operator.py took 0.224 seconds
[2023-04-01 18:09:29,517] {processor.py:163} INFO - Started process (PID=549) to work on /home/airflow/.local/lib/python3.7/site-packages/airflow/example_dags/example_short_circuit_operator.py
[2023-04-01 18:09:29,519] {processor.py:620} INFO - Processing file /home/airflow/.local/lib/python3.7/site-packages/airflow/example_dags/example_short_circuit_operator.py for tasks to queue
[2023-04-01 18:09:29,522] {logging_mixin.py:109} INFO - [2023-04-01 18:09:29,522] {dagbag.py:500} INFO - Filling up the DagBag from /home/airflow/.local/lib/python3.7/site-packages/airflow/example_dags/example_short_circuit_operator.py
[2023-04-01 18:09:29,601] {processor.py:632} INFO - DAG(s) dict_keys(['example_short_circuit_operator']) retrieved from /home/airflow/.local/lib/python3.7/site-packages/airflow/example_dags/example_short_circuit_operator.py
[2023-04-01 18:09:29,635] {logging_mixin.py:109} INFO - [2023-04-01 18:09:29,635] {dag.py:2389} INFO - Sync 1 DAGs
[2023-04-01 18:09:29,672] {logging_mixin.py:109} INFO - [2023-04-01 18:09:29,672] {dag.py:2921} INFO - Setting next_dagrun for example_short_circuit_operator to 2023-03-31T18:09:29.671794+00:00
[2023-04-01 18:09:29,700] {processor.py:171} INFO - Processing /home/airflow/.local/lib/python3.7/site-packages/airflow/example_dags/example_short_circuit_operator.py took 0.190 seconds
[2023-04-01 18:10:00,199] {processor.py:163} INFO - Started process (PID=600) to work on /home/airflow/.local/lib/python3.7/site-packages/airflow/example_dags/example_short_circuit_operator.py
[2023-04-01 18:10:00,203] {processor.py:620} INFO - Processing file /home/airflow/.local/lib/python3.7/site-packages/airflow/example_dags/example_short_circuit_operator.py for tasks to queue
[2023-04-01 18:10:00,204] {logging_mixin.py:109} INFO - [2023-04-01 18:10:00,204] {dagbag.py:500} INFO - Filling up the DagBag from /home/airflow/.local/lib/python3.7/site-packages/airflow/example_dags/example_short_circuit_operator.py
[2023-04-01 18:10:00,281] {processor.py:632} INFO - DAG(s) dict_keys(['example_short_circuit_operator']) retrieved from /home/airflow/.local/lib/python3.7/site-packages/airflow/example_dags/example_short_circuit_operator.py
[2023-04-01 18:10:00,318] {logging_mixin.py:109} INFO - [2023-04-01 18:10:00,317] {dag.py:2389} INFO - Sync 1 DAGs
[2023-04-01 18:10:00,364] {logging_mixin.py:109} INFO - [2023-04-01 18:10:00,364] {dag.py:2921} INFO - Setting next_dagrun for example_short_circuit_operator to 2023-03-31T18:10:00.363459+00:00
[2023-04-01 18:10:00,401] {processor.py:171} INFO - Processing /home/airflow/.local/lib/python3.7/site-packages/airflow/example_dags/example_short_circuit_operator.py took 0.218 seconds
[2023-04-01 18:10:31,370] {processor.py:163} INFO - Started process (PID=652) to work on /home/airflow/.local/lib/python3.7/site-packages/airflow/example_dags/example_short_circuit_operator.py
[2023-04-01 18:10:31,373] {processor.py:620} INFO - Processing file /home/airflow/.local/lib/python3.7/site-packages/airflow/example_dags/example_short_circuit_operator.py for tasks to queue
[2023-04-01 18:10:31,375] {logging_mixin.py:109} INFO - [2023-04-01 18:10:31,374] {dagbag.py:500} INFO - Filling up the DagBag from /home/airflow/.local/lib/python3.7/site-packages/airflow/example_dags/example_short_circuit_operator.py
[2023-04-01 18:10:31,450] {processor.py:632} INFO - DAG(s) dict_keys(['example_short_circuit_operator']) retrieved from /home/airflow/.local/lib/python3.7/site-packages/airflow/example_dags/example_short_circuit_operator.py
[2023-04-01 18:10:31,480] {logging_mixin.py:109} INFO - [2023-04-01 18:10:31,480] {dag.py:2389} INFO - Sync 1 DAGs
[2023-04-01 18:10:31,531] {logging_mixin.py:109} INFO - [2023-04-01 18:10:31,530] {dag.py:2921} INFO - Setting next_dagrun for example_short_circuit_operator to 2023-03-31T18:10:31.529752+00:00
[2023-04-01 18:10:31,565] {processor.py:171} INFO - Processing /home/airflow/.local/lib/python3.7/site-packages/airflow/example_dags/example_short_circuit_operator.py took 0.203 seconds
