[2023-04-01 18:07:12,624] {processor.py:163} INFO - Started process (PID=239) to work on /home/airflow/.local/lib/python3.7/site-packages/airflow/example_dags/example_python_operator.py
[2023-04-01 18:07:12,627] {processor.py:620} INFO - Processing file /home/airflow/.local/lib/python3.7/site-packages/airflow/example_dags/example_python_operator.py for tasks to queue
[2023-04-01 18:07:12,634] {logging_mixin.py:109} INFO - [2023-04-01 18:07:12,634] {dagbag.py:500} INFO - Filling up the DagBag from /home/airflow/.local/lib/python3.7/site-packages/airflow/example_dags/example_python_operator.py
[2023-04-01 18:07:12,779] {processor.py:632} INFO - DAG(s) dict_keys(['example_python_operator']) retrieved from /home/airflow/.local/lib/python3.7/site-packages/airflow/example_dags/example_python_operator.py
[2023-04-01 18:07:19,479] {logging_mixin.py:109} INFO - [2023-04-01 18:07:19,479] {providers_manager.py:156} WARNING - Exception when importing 'airflow.providers.google.leveldb.hooks.leveldb.LevelDBHook' from 'apache-airflow-providers-google' package: No module named 'plyvel'
[2023-04-01 18:07:20,806] {logging_mixin.py:109} INFO - [2023-04-01 18:07:20,806] {providers_manager.py:156} WARNING - Exception when importing 'airflow.providers.google.leveldb.hooks.leveldb.LevelDBHook' from 'apache-airflow-providers-google' package: No module named 'plyvel'
[2023-04-01 18:07:20,875] {logging_mixin.py:109} INFO - [2023-04-01 18:07:20,875] {manager.py:496} INFO - Created Permission View: can read on DAG:example_python_operator
[2023-04-01 18:07:20,898] {logging_mixin.py:109} INFO - [2023-04-01 18:07:20,898] {manager.py:496} INFO - Created Permission View: can edit on DAG:example_python_operator
[2023-04-01 18:07:20,899] {logging_mixin.py:109} INFO - [2023-04-01 18:07:20,898] {dag.py:2389} INFO - Sync 1 DAGs
[2023-04-01 18:07:20,915] {logging_mixin.py:109} INFO - [2023-04-01 18:07:20,915] {dag.py:2408} INFO - Creating ORM DAG for example_python_operator
[2023-04-01 18:07:20,933] {logging_mixin.py:109} INFO - [2023-04-01 18:07:20,932] {dag.py:2921} INFO - Setting next_dagrun for example_python_operator to None
[2023-04-01 18:07:20,965] {processor.py:171} INFO - Processing /home/airflow/.local/lib/python3.7/site-packages/airflow/example_dags/example_python_operator.py took 8.352 seconds
[2023-04-01 18:08:03,080] {processor.py:163} INFO - Started process (PID=411) to work on /home/airflow/.local/lib/python3.7/site-packages/airflow/example_dags/example_python_operator.py
[2023-04-01 18:08:03,083] {processor.py:620} INFO - Processing file /home/airflow/.local/lib/python3.7/site-packages/airflow/example_dags/example_python_operator.py for tasks to queue
[2023-04-01 18:08:03,085] {logging_mixin.py:109} INFO - [2023-04-01 18:08:03,085] {dagbag.py:500} INFO - Filling up the DagBag from /home/airflow/.local/lib/python3.7/site-packages/airflow/example_dags/example_python_operator.py
[2023-04-01 18:08:03,168] {processor.py:632} INFO - DAG(s) dict_keys(['example_python_operator']) retrieved from /home/airflow/.local/lib/python3.7/site-packages/airflow/example_dags/example_python_operator.py
[2023-04-01 18:08:03,200] {logging_mixin.py:109} INFO - [2023-04-01 18:08:03,200] {dag.py:2389} INFO - Sync 1 DAGs
[2023-04-01 18:08:03,254] {logging_mixin.py:109} INFO - [2023-04-01 18:08:03,254] {dag.py:2921} INFO - Setting next_dagrun for example_python_operator to None
[2023-04-01 18:08:03,283] {processor.py:171} INFO - Processing /home/airflow/.local/lib/python3.7/site-packages/airflow/example_dags/example_python_operator.py took 0.212 seconds
[2023-04-01 18:08:33,906] {processor.py:163} INFO - Started process (PID=462) to work on /home/airflow/.local/lib/python3.7/site-packages/airflow/example_dags/example_python_operator.py
[2023-04-01 18:08:33,908] {processor.py:620} INFO - Processing file /home/airflow/.local/lib/python3.7/site-packages/airflow/example_dags/example_python_operator.py for tasks to queue
[2023-04-01 18:08:33,909] {logging_mixin.py:109} INFO - [2023-04-01 18:08:33,909] {dagbag.py:500} INFO - Filling up the DagBag from /home/airflow/.local/lib/python3.7/site-packages/airflow/example_dags/example_python_operator.py
[2023-04-01 18:08:33,973] {processor.py:632} INFO - DAG(s) dict_keys(['example_python_operator']) retrieved from /home/airflow/.local/lib/python3.7/site-packages/airflow/example_dags/example_python_operator.py
[2023-04-01 18:08:33,995] {logging_mixin.py:109} INFO - [2023-04-01 18:08:33,995] {dag.py:2389} INFO - Sync 1 DAGs
[2023-04-01 18:08:34,026] {logging_mixin.py:109} INFO - [2023-04-01 18:08:34,026] {dag.py:2921} INFO - Setting next_dagrun for example_python_operator to None
[2023-04-01 18:08:34,046] {processor.py:171} INFO - Processing /home/airflow/.local/lib/python3.7/site-packages/airflow/example_dags/example_python_operator.py took 0.147 seconds
[2023-04-01 18:09:04,791] {processor.py:163} INFO - Started process (PID=513) to work on /home/airflow/.local/lib/python3.7/site-packages/airflow/example_dags/example_python_operator.py
[2023-04-01 18:09:04,795] {processor.py:620} INFO - Processing file /home/airflow/.local/lib/python3.7/site-packages/airflow/example_dags/example_python_operator.py for tasks to queue
[2023-04-01 18:09:04,796] {logging_mixin.py:109} INFO - [2023-04-01 18:09:04,796] {dagbag.py:500} INFO - Filling up the DagBag from /home/airflow/.local/lib/python3.7/site-packages/airflow/example_dags/example_python_operator.py
[2023-04-01 18:09:04,854] {processor.py:632} INFO - DAG(s) dict_keys(['example_python_operator']) retrieved from /home/airflow/.local/lib/python3.7/site-packages/airflow/example_dags/example_python_operator.py
[2023-04-01 18:09:04,876] {logging_mixin.py:109} INFO - [2023-04-01 18:09:04,876] {dag.py:2389} INFO - Sync 1 DAGs
[2023-04-01 18:09:04,911] {logging_mixin.py:109} INFO - [2023-04-01 18:09:04,911] {dag.py:2921} INFO - Setting next_dagrun for example_python_operator to None
[2023-04-01 18:09:04,932] {processor.py:171} INFO - Processing /home/airflow/.local/lib/python3.7/site-packages/airflow/example_dags/example_python_operator.py took 0.149 seconds
[2023-04-01 18:09:35,194] {processor.py:163} INFO - Started process (PID=563) to work on /home/airflow/.local/lib/python3.7/site-packages/airflow/example_dags/example_python_operator.py
[2023-04-01 18:09:35,197] {processor.py:620} INFO - Processing file /home/airflow/.local/lib/python3.7/site-packages/airflow/example_dags/example_python_operator.py for tasks to queue
[2023-04-01 18:09:35,198] {logging_mixin.py:109} INFO - [2023-04-01 18:09:35,198] {dagbag.py:500} INFO - Filling up the DagBag from /home/airflow/.local/lib/python3.7/site-packages/airflow/example_dags/example_python_operator.py
[2023-04-01 18:09:35,248] {processor.py:632} INFO - DAG(s) dict_keys(['example_python_operator']) retrieved from /home/airflow/.local/lib/python3.7/site-packages/airflow/example_dags/example_python_operator.py
[2023-04-01 18:09:35,272] {logging_mixin.py:109} INFO - [2023-04-01 18:09:35,272] {dag.py:2389} INFO - Sync 1 DAGs
[2023-04-01 18:09:35,304] {logging_mixin.py:109} INFO - [2023-04-01 18:09:35,304] {dag.py:2921} INFO - Setting next_dagrun for example_python_operator to None
[2023-04-01 18:09:35,322] {processor.py:171} INFO - Processing /home/airflow/.local/lib/python3.7/site-packages/airflow/example_dags/example_python_operator.py took 0.134 seconds
[2023-04-01 18:10:05,612] {processor.py:163} INFO - Started process (PID=614) to work on /home/airflow/.local/lib/python3.7/site-packages/airflow/example_dags/example_python_operator.py
[2023-04-01 18:10:05,617] {processor.py:620} INFO - Processing file /home/airflow/.local/lib/python3.7/site-packages/airflow/example_dags/example_python_operator.py for tasks to queue
[2023-04-01 18:10:05,621] {logging_mixin.py:109} INFO - [2023-04-01 18:10:05,620] {dagbag.py:500} INFO - Filling up the DagBag from /home/airflow/.local/lib/python3.7/site-packages/airflow/example_dags/example_python_operator.py
[2023-04-01 18:10:05,687] {processor.py:632} INFO - DAG(s) dict_keys(['example_python_operator']) retrieved from /home/airflow/.local/lib/python3.7/site-packages/airflow/example_dags/example_python_operator.py
[2023-04-01 18:10:05,707] {logging_mixin.py:109} INFO - [2023-04-01 18:10:05,707] {dag.py:2389} INFO - Sync 1 DAGs
[2023-04-01 18:10:05,731] {logging_mixin.py:109} INFO - [2023-04-01 18:10:05,731] {dag.py:2921} INFO - Setting next_dagrun for example_python_operator to None
[2023-04-01 18:10:05,752] {processor.py:171} INFO - Processing /home/airflow/.local/lib/python3.7/site-packages/airflow/example_dags/example_python_operator.py took 0.145 seconds
[2023-04-01 18:10:35,852] {processor.py:163} INFO - Started process (PID=665) to work on /home/airflow/.local/lib/python3.7/site-packages/airflow/example_dags/example_python_operator.py
[2023-04-01 18:10:35,856] {processor.py:620} INFO - Processing file /home/airflow/.local/lib/python3.7/site-packages/airflow/example_dags/example_python_operator.py for tasks to queue
[2023-04-01 18:10:35,858] {logging_mixin.py:109} INFO - [2023-04-01 18:10:35,857] {dagbag.py:500} INFO - Filling up the DagBag from /home/airflow/.local/lib/python3.7/site-packages/airflow/example_dags/example_python_operator.py
[2023-04-01 18:10:35,933] {processor.py:632} INFO - DAG(s) dict_keys(['example_python_operator']) retrieved from /home/airflow/.local/lib/python3.7/site-packages/airflow/example_dags/example_python_operator.py
[2023-04-01 18:10:35,960] {logging_mixin.py:109} INFO - [2023-04-01 18:10:35,960] {dag.py:2389} INFO - Sync 1 DAGs
[2023-04-01 18:10:35,999] {logging_mixin.py:109} INFO - [2023-04-01 18:10:35,998] {dag.py:2921} INFO - Setting next_dagrun for example_python_operator to None
[2023-04-01 18:10:36,023] {processor.py:171} INFO - Processing /home/airflow/.local/lib/python3.7/site-packages/airflow/example_dags/example_python_operator.py took 0.180 seconds
