[2023-04-01 18:06:35,731] {processor.py:163} INFO - Started process (PID=131) to work on /home/airflow/.local/lib/python3.7/site-packages/airflow/example_dags/example_task_group.py
[2023-04-01 18:06:35,744] {processor.py:620} INFO - Processing file /home/airflow/.local/lib/python3.7/site-packages/airflow/example_dags/example_task_group.py for tasks to queue
[2023-04-01 18:06:35,748] {logging_mixin.py:109} INFO - [2023-04-01 18:06:35,747] {dagbag.py:500} INFO - Filling up the DagBag from /home/airflow/.local/lib/python3.7/site-packages/airflow/example_dags/example_task_group.py
[2023-04-01 18:06:35,936] {processor.py:632} INFO - DAG(s) dict_keys(['example_task_group']) retrieved from /home/airflow/.local/lib/python3.7/site-packages/airflow/example_dags/example_task_group.py
[2023-04-01 18:06:46,087] {logging_mixin.py:109} INFO - [2023-04-01 18:06:46,087] {providers_manager.py:156} WARNING - Exception when importing 'airflow.providers.google.leveldb.hooks.leveldb.LevelDBHook' from 'apache-airflow-providers-google' package: No module named 'plyvel'
[2023-04-01 18:06:47,828] {logging_mixin.py:109} INFO - [2023-04-01 18:06:47,828] {providers_manager.py:156} WARNING - Exception when importing 'airflow.providers.google.leveldb.hooks.leveldb.LevelDBHook' from 'apache-airflow-providers-google' package: No module named 'plyvel'
[2023-04-01 18:06:47,881] {logging_mixin.py:109} INFO - [2023-04-01 18:06:47,881] {manager.py:496} INFO - Created Permission View: can read on DAG:example_task_group
[2023-04-01 18:06:47,909] {logging_mixin.py:109} INFO - [2023-04-01 18:06:47,909] {manager.py:496} INFO - Created Permission View: can edit on DAG:example_task_group
[2023-04-01 18:06:47,910] {logging_mixin.py:109} INFO - [2023-04-01 18:06:47,909] {dag.py:2389} INFO - Sync 1 DAGs
[2023-04-01 18:06:47,924] {logging_mixin.py:109} INFO - [2023-04-01 18:06:47,923] {dag.py:2408} INFO - Creating ORM DAG for example_task_group
[2023-04-01 18:06:47,939] {logging_mixin.py:109} INFO - [2023-04-01 18:06:47,938] {dag.py:2921} INFO - Setting next_dagrun for example_task_group to 2023-03-31T18:06:47.938417+00:00
[2023-04-01 18:06:47,973] {processor.py:171} INFO - Processing /home/airflow/.local/lib/python3.7/site-packages/airflow/example_dags/example_task_group.py took 12.258 seconds
[2023-04-01 18:08:01,444] {processor.py:163} INFO - Started process (PID=401) to work on /home/airflow/.local/lib/python3.7/site-packages/airflow/example_dags/example_task_group.py
[2023-04-01 18:08:01,447] {processor.py:620} INFO - Processing file /home/airflow/.local/lib/python3.7/site-packages/airflow/example_dags/example_task_group.py for tasks to queue
[2023-04-01 18:08:01,448] {logging_mixin.py:109} INFO - [2023-04-01 18:08:01,448] {dagbag.py:500} INFO - Filling up the DagBag from /home/airflow/.local/lib/python3.7/site-packages/airflow/example_dags/example_task_group.py
[2023-04-01 18:08:01,512] {processor.py:632} INFO - DAG(s) dict_keys(['example_task_group']) retrieved from /home/airflow/.local/lib/python3.7/site-packages/airflow/example_dags/example_task_group.py
[2023-04-01 18:08:01,540] {logging_mixin.py:109} INFO - [2023-04-01 18:08:01,539] {dag.py:2389} INFO - Sync 1 DAGs
[2023-04-01 18:08:01,577] {logging_mixin.py:109} INFO - [2023-04-01 18:08:01,577] {dag.py:2921} INFO - Setting next_dagrun for example_task_group to 2023-03-31T18:08:01.576195+00:00
[2023-04-01 18:08:01,602] {processor.py:171} INFO - Processing /home/airflow/.local/lib/python3.7/site-packages/airflow/example_dags/example_task_group.py took 0.164 seconds
[2023-04-01 18:08:31,950] {processor.py:163} INFO - Started process (PID=451) to work on /home/airflow/.local/lib/python3.7/site-packages/airflow/example_dags/example_task_group.py
[2023-04-01 18:08:31,951] {processor.py:620} INFO - Processing file /home/airflow/.local/lib/python3.7/site-packages/airflow/example_dags/example_task_group.py for tasks to queue
[2023-04-01 18:08:31,952] {logging_mixin.py:109} INFO - [2023-04-01 18:08:31,952] {dagbag.py:500} INFO - Filling up the DagBag from /home/airflow/.local/lib/python3.7/site-packages/airflow/example_dags/example_task_group.py
[2023-04-01 18:08:32,011] {processor.py:632} INFO - DAG(s) dict_keys(['example_task_group']) retrieved from /home/airflow/.local/lib/python3.7/site-packages/airflow/example_dags/example_task_group.py
[2023-04-01 18:08:32,033] {logging_mixin.py:109} INFO - [2023-04-01 18:08:32,032] {dag.py:2389} INFO - Sync 1 DAGs
[2023-04-01 18:08:32,061] {logging_mixin.py:109} INFO - [2023-04-01 18:08:32,061] {dag.py:2921} INFO - Setting next_dagrun for example_task_group to 2023-03-31T18:08:32.060817+00:00
[2023-04-01 18:08:32,089] {processor.py:171} INFO - Processing /home/airflow/.local/lib/python3.7/site-packages/airflow/example_dags/example_task_group.py took 0.147 seconds
[2023-04-01 18:09:02,597] {processor.py:163} INFO - Started process (PID=501) to work on /home/airflow/.local/lib/python3.7/site-packages/airflow/example_dags/example_task_group.py
[2023-04-01 18:09:02,607] {processor.py:620} INFO - Processing file /home/airflow/.local/lib/python3.7/site-packages/airflow/example_dags/example_task_group.py for tasks to queue
[2023-04-01 18:09:02,608] {logging_mixin.py:109} INFO - [2023-04-01 18:09:02,608] {dagbag.py:500} INFO - Filling up the DagBag from /home/airflow/.local/lib/python3.7/site-packages/airflow/example_dags/example_task_group.py
[2023-04-01 18:09:02,655] {processor.py:632} INFO - DAG(s) dict_keys(['example_task_group']) retrieved from /home/airflow/.local/lib/python3.7/site-packages/airflow/example_dags/example_task_group.py
[2023-04-01 18:09:02,675] {logging_mixin.py:109} INFO - [2023-04-01 18:09:02,675] {dag.py:2389} INFO - Sync 1 DAGs
[2023-04-01 18:09:02,704] {logging_mixin.py:109} INFO - [2023-04-01 18:09:02,704] {dag.py:2921} INFO - Setting next_dagrun for example_task_group to 2023-03-31T18:09:02.703840+00:00
[2023-04-01 18:09:02,731] {processor.py:171} INFO - Processing /home/airflow/.local/lib/python3.7/site-packages/airflow/example_dags/example_task_group.py took 0.140 seconds
[2023-04-01 18:09:32,836] {processor.py:163} INFO - Started process (PID=553) to work on /home/airflow/.local/lib/python3.7/site-packages/airflow/example_dags/example_task_group.py
[2023-04-01 18:09:32,837] {processor.py:620} INFO - Processing file /home/airflow/.local/lib/python3.7/site-packages/airflow/example_dags/example_task_group.py for tasks to queue
[2023-04-01 18:09:32,838] {logging_mixin.py:109} INFO - [2023-04-01 18:09:32,838] {dagbag.py:500} INFO - Filling up the DagBag from /home/airflow/.local/lib/python3.7/site-packages/airflow/example_dags/example_task_group.py
[2023-04-01 18:09:32,879] {processor.py:632} INFO - DAG(s) dict_keys(['example_task_group']) retrieved from /home/airflow/.local/lib/python3.7/site-packages/airflow/example_dags/example_task_group.py
[2023-04-01 18:09:32,894] {logging_mixin.py:109} INFO - [2023-04-01 18:09:32,893] {dag.py:2389} INFO - Sync 1 DAGs
[2023-04-01 18:09:32,914] {logging_mixin.py:109} INFO - [2023-04-01 18:09:32,914] {dag.py:2921} INFO - Setting next_dagrun for example_task_group to 2023-03-31T18:09:32.914306+00:00
[2023-04-01 18:09:32,928] {processor.py:171} INFO - Processing /home/airflow/.local/lib/python3.7/site-packages/airflow/example_dags/example_task_group.py took 0.095 seconds
[2023-04-01 18:10:03,574] {processor.py:163} INFO - Started process (PID=604) to work on /home/airflow/.local/lib/python3.7/site-packages/airflow/example_dags/example_task_group.py
[2023-04-01 18:10:03,576] {processor.py:620} INFO - Processing file /home/airflow/.local/lib/python3.7/site-packages/airflow/example_dags/example_task_group.py for tasks to queue
[2023-04-01 18:10:03,577] {logging_mixin.py:109} INFO - [2023-04-01 18:10:03,576] {dagbag.py:500} INFO - Filling up the DagBag from /home/airflow/.local/lib/python3.7/site-packages/airflow/example_dags/example_task_group.py
[2023-04-01 18:10:03,624] {processor.py:632} INFO - DAG(s) dict_keys(['example_task_group']) retrieved from /home/airflow/.local/lib/python3.7/site-packages/airflow/example_dags/example_task_group.py
[2023-04-01 18:10:03,640] {logging_mixin.py:109} INFO - [2023-04-01 18:10:03,640] {dag.py:2389} INFO - Sync 1 DAGs
[2023-04-01 18:10:03,663] {logging_mixin.py:109} INFO - [2023-04-01 18:10:03,663] {dag.py:2921} INFO - Setting next_dagrun for example_task_group to 2023-03-31T18:10:03.662984+00:00
[2023-04-01 18:10:03,678] {processor.py:171} INFO - Processing /home/airflow/.local/lib/python3.7/site-packages/airflow/example_dags/example_task_group.py took 0.109 seconds
[2023-04-01 18:10:33,875] {processor.py:163} INFO - Started process (PID=655) to work on /home/airflow/.local/lib/python3.7/site-packages/airflow/example_dags/example_task_group.py
[2023-04-01 18:10:33,881] {processor.py:620} INFO - Processing file /home/airflow/.local/lib/python3.7/site-packages/airflow/example_dags/example_task_group.py for tasks to queue
[2023-04-01 18:10:33,885] {logging_mixin.py:109} INFO - [2023-04-01 18:10:33,884] {dagbag.py:500} INFO - Filling up the DagBag from /home/airflow/.local/lib/python3.7/site-packages/airflow/example_dags/example_task_group.py
[2023-04-01 18:10:33,964] {processor.py:632} INFO - DAG(s) dict_keys(['example_task_group']) retrieved from /home/airflow/.local/lib/python3.7/site-packages/airflow/example_dags/example_task_group.py
[2023-04-01 18:10:34,002] {logging_mixin.py:109} INFO - [2023-04-01 18:10:34,002] {dag.py:2389} INFO - Sync 1 DAGs
[2023-04-01 18:10:34,056] {logging_mixin.py:109} INFO - [2023-04-01 18:10:34,056] {dag.py:2921} INFO - Setting next_dagrun for example_task_group to 2023-03-31T18:10:34.055168+00:00
[2023-04-01 18:10:34,098] {processor.py:171} INFO - Processing /home/airflow/.local/lib/python3.7/site-packages/airflow/example_dags/example_task_group.py took 0.231 seconds
