[2023-04-01 18:06:48,036] {processor.py:163} INFO - Started process (PID=150) to work on /home/airflow/.local/lib/python3.7/site-packages/airflow/example_dags/tutorial_etl_dag.py
[2023-04-01 18:06:48,039] {processor.py:620} INFO - Processing file /home/airflow/.local/lib/python3.7/site-packages/airflow/example_dags/tutorial_etl_dag.py for tasks to queue
[2023-04-01 18:06:48,041] {logging_mixin.py:109} INFO - [2023-04-01 18:06:48,041] {dagbag.py:500} INFO - Filling up the DagBag from /home/airflow/.local/lib/python3.7/site-packages/airflow/example_dags/tutorial_etl_dag.py
[2023-04-01 18:06:48,136] {processor.py:632} INFO - DAG(s) dict_keys(['tutorial_etl_dag']) retrieved from /home/airflow/.local/lib/python3.7/site-packages/airflow/example_dags/tutorial_etl_dag.py
[2023-04-01 18:06:53,212] {logging_mixin.py:109} INFO - [2023-04-01 18:06:53,211] {providers_manager.py:156} WARNING - Exception when importing 'airflow.providers.google.leveldb.hooks.leveldb.LevelDBHook' from 'apache-airflow-providers-google' package: No module named 'plyvel'
[2023-04-01 18:06:55,344] {logging_mixin.py:109} INFO - [2023-04-01 18:06:55,344] {providers_manager.py:156} WARNING - Exception when importing 'airflow.providers.google.leveldb.hooks.leveldb.LevelDBHook' from 'apache-airflow-providers-google' package: No module named 'plyvel'
[2023-04-01 18:06:55,415] {logging_mixin.py:109} INFO - [2023-04-01 18:06:55,415] {manager.py:496} INFO - Created Permission View: can read on DAG:tutorial_etl_dag
[2023-04-01 18:06:55,442] {logging_mixin.py:109} INFO - [2023-04-01 18:06:55,441] {manager.py:496} INFO - Created Permission View: can edit on DAG:tutorial_etl_dag
[2023-04-01 18:06:55,443] {logging_mixin.py:109} INFO - [2023-04-01 18:06:55,442] {dag.py:2389} INFO - Sync 1 DAGs
[2023-04-01 18:06:55,463] {logging_mixin.py:109} INFO - [2023-04-01 18:06:55,463] {dag.py:2408} INFO - Creating ORM DAG for tutorial_etl_dag
[2023-04-01 18:06:55,487] {logging_mixin.py:109} INFO - [2023-04-01 18:06:55,487] {dag.py:2921} INFO - Setting next_dagrun for tutorial_etl_dag to None
[2023-04-01 18:06:55,523] {processor.py:171} INFO - Processing /home/airflow/.local/lib/python3.7/site-packages/airflow/example_dags/tutorial_etl_dag.py took 7.499 seconds
[2023-04-01 18:08:02,035] {processor.py:163} INFO - Started process (PID=404) to work on /home/airflow/.local/lib/python3.7/site-packages/airflow/example_dags/tutorial_etl_dag.py
[2023-04-01 18:08:02,038] {processor.py:620} INFO - Processing file /home/airflow/.local/lib/python3.7/site-packages/airflow/example_dags/tutorial_etl_dag.py for tasks to queue
[2023-04-01 18:08:02,039] {logging_mixin.py:109} INFO - [2023-04-01 18:08:02,039] {dagbag.py:500} INFO - Filling up the DagBag from /home/airflow/.local/lib/python3.7/site-packages/airflow/example_dags/tutorial_etl_dag.py
[2023-04-01 18:08:02,098] {processor.py:632} INFO - DAG(s) dict_keys(['tutorial_etl_dag']) retrieved from /home/airflow/.local/lib/python3.7/site-packages/airflow/example_dags/tutorial_etl_dag.py
[2023-04-01 18:08:02,119] {logging_mixin.py:109} INFO - [2023-04-01 18:08:02,119] {dag.py:2389} INFO - Sync 1 DAGs
[2023-04-01 18:08:02,154] {logging_mixin.py:109} INFO - [2023-04-01 18:08:02,154] {dag.py:2921} INFO - Setting next_dagrun for tutorial_etl_dag to None
[2023-04-01 18:08:02,176] {processor.py:171} INFO - Processing /home/airflow/.local/lib/python3.7/site-packages/airflow/example_dags/tutorial_etl_dag.py took 0.149 seconds
[2023-04-01 18:08:32,458] {processor.py:163} INFO - Started process (PID=454) to work on /home/airflow/.local/lib/python3.7/site-packages/airflow/example_dags/tutorial_etl_dag.py
[2023-04-01 18:08:32,460] {processor.py:620} INFO - Processing file /home/airflow/.local/lib/python3.7/site-packages/airflow/example_dags/tutorial_etl_dag.py for tasks to queue
[2023-04-01 18:08:32,461] {logging_mixin.py:109} INFO - [2023-04-01 18:08:32,460] {dagbag.py:500} INFO - Filling up the DagBag from /home/airflow/.local/lib/python3.7/site-packages/airflow/example_dags/tutorial_etl_dag.py
[2023-04-01 18:08:32,514] {processor.py:632} INFO - DAG(s) dict_keys(['tutorial_etl_dag']) retrieved from /home/airflow/.local/lib/python3.7/site-packages/airflow/example_dags/tutorial_etl_dag.py
[2023-04-01 18:08:32,542] {logging_mixin.py:109} INFO - [2023-04-01 18:08:32,541] {dag.py:2389} INFO - Sync 1 DAGs
[2023-04-01 18:08:32,586] {logging_mixin.py:109} INFO - [2023-04-01 18:08:32,585] {dag.py:2921} INFO - Setting next_dagrun for tutorial_etl_dag to None
[2023-04-01 18:08:32,619] {processor.py:171} INFO - Processing /home/airflow/.local/lib/python3.7/site-packages/airflow/example_dags/tutorial_etl_dag.py took 0.167 seconds
[2023-04-01 18:09:02,926] {processor.py:163} INFO - Started process (PID=505) to work on /home/airflow/.local/lib/python3.7/site-packages/airflow/example_dags/tutorial_etl_dag.py
[2023-04-01 18:09:02,928] {processor.py:620} INFO - Processing file /home/airflow/.local/lib/python3.7/site-packages/airflow/example_dags/tutorial_etl_dag.py for tasks to queue
[2023-04-01 18:09:02,930] {logging_mixin.py:109} INFO - [2023-04-01 18:09:02,929] {dagbag.py:500} INFO - Filling up the DagBag from /home/airflow/.local/lib/python3.7/site-packages/airflow/example_dags/tutorial_etl_dag.py
[2023-04-01 18:09:02,986] {processor.py:632} INFO - DAG(s) dict_keys(['tutorial_etl_dag']) retrieved from /home/airflow/.local/lib/python3.7/site-packages/airflow/example_dags/tutorial_etl_dag.py
[2023-04-01 18:09:03,009] {logging_mixin.py:109} INFO - [2023-04-01 18:09:03,009] {dag.py:2389} INFO - Sync 1 DAGs
[2023-04-01 18:09:03,049] {logging_mixin.py:109} INFO - [2023-04-01 18:09:03,049] {dag.py:2921} INFO - Setting next_dagrun for tutorial_etl_dag to None
[2023-04-01 18:09:03,079] {processor.py:171} INFO - Processing /home/airflow/.local/lib/python3.7/site-packages/airflow/example_dags/tutorial_etl_dag.py took 0.161 seconds
[2023-04-01 18:09:33,308] {processor.py:163} INFO - Started process (PID=556) to work on /home/airflow/.local/lib/python3.7/site-packages/airflow/example_dags/tutorial_etl_dag.py
[2023-04-01 18:09:33,310] {processor.py:620} INFO - Processing file /home/airflow/.local/lib/python3.7/site-packages/airflow/example_dags/tutorial_etl_dag.py for tasks to queue
[2023-04-01 18:09:33,312] {logging_mixin.py:109} INFO - [2023-04-01 18:09:33,311] {dagbag.py:500} INFO - Filling up the DagBag from /home/airflow/.local/lib/python3.7/site-packages/airflow/example_dags/tutorial_etl_dag.py
[2023-04-01 18:09:33,378] {processor.py:632} INFO - DAG(s) dict_keys(['tutorial_etl_dag']) retrieved from /home/airflow/.local/lib/python3.7/site-packages/airflow/example_dags/tutorial_etl_dag.py
[2023-04-01 18:09:33,398] {logging_mixin.py:109} INFO - [2023-04-01 18:09:33,398] {dag.py:2389} INFO - Sync 1 DAGs
[2023-04-01 18:09:33,431] {logging_mixin.py:109} INFO - [2023-04-01 18:09:33,430] {dag.py:2921} INFO - Setting next_dagrun for tutorial_etl_dag to None
[2023-04-01 18:09:33,450] {processor.py:171} INFO - Processing /home/airflow/.local/lib/python3.7/site-packages/airflow/example_dags/tutorial_etl_dag.py took 0.153 seconds
[2023-04-01 18:10:04,010] {processor.py:163} INFO - Started process (PID=607) to work on /home/airflow/.local/lib/python3.7/site-packages/airflow/example_dags/tutorial_etl_dag.py
[2023-04-01 18:10:04,012] {processor.py:620} INFO - Processing file /home/airflow/.local/lib/python3.7/site-packages/airflow/example_dags/tutorial_etl_dag.py for tasks to queue
[2023-04-01 18:10:04,014] {logging_mixin.py:109} INFO - [2023-04-01 18:10:04,014] {dagbag.py:500} INFO - Filling up the DagBag from /home/airflow/.local/lib/python3.7/site-packages/airflow/example_dags/tutorial_etl_dag.py
[2023-04-01 18:10:04,065] {processor.py:632} INFO - DAG(s) dict_keys(['tutorial_etl_dag']) retrieved from /home/airflow/.local/lib/python3.7/site-packages/airflow/example_dags/tutorial_etl_dag.py
[2023-04-01 18:10:04,084] {logging_mixin.py:109} INFO - [2023-04-01 18:10:04,084] {dag.py:2389} INFO - Sync 1 DAGs
[2023-04-01 18:10:04,112] {logging_mixin.py:109} INFO - [2023-04-01 18:10:04,112] {dag.py:2921} INFO - Setting next_dagrun for tutorial_etl_dag to None
[2023-04-01 18:10:04,131] {processor.py:171} INFO - Processing /home/airflow/.local/lib/python3.7/site-packages/airflow/example_dags/tutorial_etl_dag.py took 0.127 seconds
[2023-04-01 18:10:34,482] {processor.py:163} INFO - Started process (PID=659) to work on /home/airflow/.local/lib/python3.7/site-packages/airflow/example_dags/tutorial_etl_dag.py
[2023-04-01 18:10:34,484] {processor.py:620} INFO - Processing file /home/airflow/.local/lib/python3.7/site-packages/airflow/example_dags/tutorial_etl_dag.py for tasks to queue
[2023-04-01 18:10:34,486] {logging_mixin.py:109} INFO - [2023-04-01 18:10:34,485] {dagbag.py:500} INFO - Filling up the DagBag from /home/airflow/.local/lib/python3.7/site-packages/airflow/example_dags/tutorial_etl_dag.py
[2023-04-01 18:10:34,551] {processor.py:632} INFO - DAG(s) dict_keys(['tutorial_etl_dag']) retrieved from /home/airflow/.local/lib/python3.7/site-packages/airflow/example_dags/tutorial_etl_dag.py
[2023-04-01 18:10:34,574] {logging_mixin.py:109} INFO - [2023-04-01 18:10:34,574] {dag.py:2389} INFO - Sync 1 DAGs
[2023-04-01 18:10:34,631] {logging_mixin.py:109} INFO - [2023-04-01 18:10:34,631] {dag.py:2921} INFO - Setting next_dagrun for tutorial_etl_dag to None
[2023-04-01 18:10:34,676] {processor.py:171} INFO - Processing /home/airflow/.local/lib/python3.7/site-packages/airflow/example_dags/tutorial_etl_dag.py took 0.202 seconds
