[2023-04-01 18:07:02,385] {processor.py:163} INFO - Started process (PID=195) to work on /home/airflow/.local/lib/python3.7/site-packages/airflow/example_dags/tutorial.py
[2023-04-01 18:07:02,389] {processor.py:620} INFO - Processing file /home/airflow/.local/lib/python3.7/site-packages/airflow/example_dags/tutorial.py for tasks to queue
[2023-04-01 18:07:02,392] {logging_mixin.py:109} INFO - [2023-04-01 18:07:02,392] {dagbag.py:500} INFO - Filling up the DagBag from /home/airflow/.local/lib/python3.7/site-packages/airflow/example_dags/tutorial.py
[2023-04-01 18:07:02,471] {processor.py:632} INFO - DAG(s) dict_keys(['tutorial']) retrieved from /home/airflow/.local/lib/python3.7/site-packages/airflow/example_dags/tutorial.py
[2023-04-01 18:07:06,888] {logging_mixin.py:109} INFO - [2023-04-01 18:07:06,888] {providers_manager.py:156} WARNING - Exception when importing 'airflow.providers.google.leveldb.hooks.leveldb.LevelDBHook' from 'apache-airflow-providers-google' package: No module named 'plyvel'
[2023-04-01 18:07:07,648] {logging_mixin.py:109} INFO - [2023-04-01 18:07:07,648] {providers_manager.py:156} WARNING - Exception when importing 'airflow.providers.google.leveldb.hooks.leveldb.LevelDBHook' from 'apache-airflow-providers-google' package: No module named 'plyvel'
[2023-04-01 18:07:07,692] {logging_mixin.py:109} INFO - [2023-04-01 18:07:07,692] {manager.py:496} INFO - Created Permission View: can read on DAG:tutorial
[2023-04-01 18:07:07,709] {logging_mixin.py:109} INFO - [2023-04-01 18:07:07,708] {manager.py:496} INFO - Created Permission View: can edit on DAG:tutorial
[2023-04-01 18:07:07,709] {logging_mixin.py:109} INFO - [2023-04-01 18:07:07,709] {dag.py:2389} INFO - Sync 1 DAGs
[2023-04-01 18:07:07,721] {logging_mixin.py:109} INFO - [2023-04-01 18:07:07,720] {dag.py:2408} INFO - Creating ORM DAG for tutorial
[2023-04-01 18:07:07,734] {logging_mixin.py:109} INFO - [2023-04-01 18:07:07,733] {dag.py:2921} INFO - Setting next_dagrun for tutorial to 2023-03-31T18:07:07.733620+00:00
[2023-04-01 18:07:07,758] {processor.py:171} INFO - Processing /home/airflow/.local/lib/python3.7/site-packages/airflow/example_dags/tutorial.py took 5.379 seconds
[2023-04-01 18:08:02,554] {processor.py:163} INFO - Started process (PID=408) to work on /home/airflow/.local/lib/python3.7/site-packages/airflow/example_dags/tutorial.py
[2023-04-01 18:08:02,557] {processor.py:620} INFO - Processing file /home/airflow/.local/lib/python3.7/site-packages/airflow/example_dags/tutorial.py for tasks to queue
[2023-04-01 18:08:02,559] {logging_mixin.py:109} INFO - [2023-04-01 18:08:02,558] {dagbag.py:500} INFO - Filling up the DagBag from /home/airflow/.local/lib/python3.7/site-packages/airflow/example_dags/tutorial.py
[2023-04-01 18:08:02,621] {processor.py:632} INFO - DAG(s) dict_keys(['tutorial']) retrieved from /home/airflow/.local/lib/python3.7/site-packages/airflow/example_dags/tutorial.py
[2023-04-01 18:08:02,643] {logging_mixin.py:109} INFO - [2023-04-01 18:08:02,643] {dag.py:2389} INFO - Sync 1 DAGs
[2023-04-01 18:08:02,683] {logging_mixin.py:109} INFO - [2023-04-01 18:08:02,682] {dag.py:2921} INFO - Setting next_dagrun for tutorial to 2023-03-31T18:08:02.682128+00:00
[2023-04-01 18:08:02,705] {processor.py:171} INFO - Processing /home/airflow/.local/lib/python3.7/site-packages/airflow/example_dags/tutorial.py took 0.158 seconds
[2023-04-01 18:08:33,047] {processor.py:163} INFO - Started process (PID=458) to work on /home/airflow/.local/lib/python3.7/site-packages/airflow/example_dags/tutorial.py
[2023-04-01 18:08:33,049] {processor.py:620} INFO - Processing file /home/airflow/.local/lib/python3.7/site-packages/airflow/example_dags/tutorial.py for tasks to queue
[2023-04-01 18:08:33,051] {logging_mixin.py:109} INFO - [2023-04-01 18:08:33,050] {dagbag.py:500} INFO - Filling up the DagBag from /home/airflow/.local/lib/python3.7/site-packages/airflow/example_dags/tutorial.py
[2023-04-01 18:08:33,142] {processor.py:632} INFO - DAG(s) dict_keys(['tutorial']) retrieved from /home/airflow/.local/lib/python3.7/site-packages/airflow/example_dags/tutorial.py
[2023-04-01 18:08:33,172] {logging_mixin.py:109} INFO - [2023-04-01 18:08:33,172] {dag.py:2389} INFO - Sync 1 DAGs
[2023-04-01 18:08:33,221] {logging_mixin.py:109} INFO - [2023-04-01 18:08:33,220] {dag.py:2921} INFO - Setting next_dagrun for tutorial to 2023-03-31T18:08:33.219904+00:00
[2023-04-01 18:08:33,258] {processor.py:171} INFO - Processing /home/airflow/.local/lib/python3.7/site-packages/airflow/example_dags/tutorial.py took 0.225 seconds
[2023-04-01 18:09:03,585] {processor.py:163} INFO - Started process (PID=508) to work on /home/airflow/.local/lib/python3.7/site-packages/airflow/example_dags/tutorial.py
[2023-04-01 18:09:03,590] {processor.py:620} INFO - Processing file /home/airflow/.local/lib/python3.7/site-packages/airflow/example_dags/tutorial.py for tasks to queue
[2023-04-01 18:09:03,592] {logging_mixin.py:109} INFO - [2023-04-01 18:09:03,592] {dagbag.py:500} INFO - Filling up the DagBag from /home/airflow/.local/lib/python3.7/site-packages/airflow/example_dags/tutorial.py
[2023-04-01 18:09:03,664] {processor.py:632} INFO - DAG(s) dict_keys(['tutorial']) retrieved from /home/airflow/.local/lib/python3.7/site-packages/airflow/example_dags/tutorial.py
[2023-04-01 18:09:03,684] {logging_mixin.py:109} INFO - [2023-04-01 18:09:03,684] {dag.py:2389} INFO - Sync 1 DAGs
[2023-04-01 18:09:03,726] {logging_mixin.py:109} INFO - [2023-04-01 18:09:03,725] {dag.py:2921} INFO - Setting next_dagrun for tutorial to 2023-03-31T18:09:03.724401+00:00
[2023-04-01 18:09:03,749] {processor.py:171} INFO - Processing /home/airflow/.local/lib/python3.7/site-packages/airflow/example_dags/tutorial.py took 0.170 seconds
[2023-04-01 18:09:33,796] {processor.py:163} INFO - Started process (PID=560) to work on /home/airflow/.local/lib/python3.7/site-packages/airflow/example_dags/tutorial.py
[2023-04-01 18:09:33,798] {processor.py:620} INFO - Processing file /home/airflow/.local/lib/python3.7/site-packages/airflow/example_dags/tutorial.py for tasks to queue
[2023-04-01 18:09:33,799] {logging_mixin.py:109} INFO - [2023-04-01 18:09:33,799] {dagbag.py:500} INFO - Filling up the DagBag from /home/airflow/.local/lib/python3.7/site-packages/airflow/example_dags/tutorial.py
[2023-04-01 18:09:33,871] {processor.py:632} INFO - DAG(s) dict_keys(['tutorial']) retrieved from /home/airflow/.local/lib/python3.7/site-packages/airflow/example_dags/tutorial.py
[2023-04-01 18:09:33,893] {logging_mixin.py:109} INFO - [2023-04-01 18:09:33,892] {dag.py:2389} INFO - Sync 1 DAGs
[2023-04-01 18:09:33,933] {logging_mixin.py:109} INFO - [2023-04-01 18:09:33,933] {dag.py:2921} INFO - Setting next_dagrun for tutorial to 2023-03-31T18:09:33.932965+00:00
[2023-04-01 18:09:33,957] {processor.py:171} INFO - Processing /home/airflow/.local/lib/python3.7/site-packages/airflow/example_dags/tutorial.py took 0.167 seconds
[2023-04-01 18:10:04,278] {processor.py:163} INFO - Started process (PID=610) to work on /home/airflow/.local/lib/python3.7/site-packages/airflow/example_dags/tutorial.py
[2023-04-01 18:10:04,283] {processor.py:620} INFO - Processing file /home/airflow/.local/lib/python3.7/site-packages/airflow/example_dags/tutorial.py for tasks to queue
[2023-04-01 18:10:04,289] {logging_mixin.py:109} INFO - [2023-04-01 18:10:04,288] {dagbag.py:500} INFO - Filling up the DagBag from /home/airflow/.local/lib/python3.7/site-packages/airflow/example_dags/tutorial.py
[2023-04-01 18:10:04,363] {processor.py:632} INFO - DAG(s) dict_keys(['tutorial']) retrieved from /home/airflow/.local/lib/python3.7/site-packages/airflow/example_dags/tutorial.py
[2023-04-01 18:10:04,385] {logging_mixin.py:109} INFO - [2023-04-01 18:10:04,385] {dag.py:2389} INFO - Sync 1 DAGs
[2023-04-01 18:10:04,421] {logging_mixin.py:109} INFO - [2023-04-01 18:10:04,420] {dag.py:2921} INFO - Setting next_dagrun for tutorial to 2023-03-31T18:10:04.418603+00:00
[2023-04-01 18:10:04,448] {processor.py:171} INFO - Processing /home/airflow/.local/lib/python3.7/site-packages/airflow/example_dags/tutorial.py took 0.178 seconds
[2023-04-01 18:10:35,288] {processor.py:163} INFO - Started process (PID=662) to work on /home/airflow/.local/lib/python3.7/site-packages/airflow/example_dags/tutorial.py
[2023-04-01 18:10:35,293] {processor.py:620} INFO - Processing file /home/airflow/.local/lib/python3.7/site-packages/airflow/example_dags/tutorial.py for tasks to queue
[2023-04-01 18:10:35,295] {logging_mixin.py:109} INFO - [2023-04-01 18:10:35,295] {dagbag.py:500} INFO - Filling up the DagBag from /home/airflow/.local/lib/python3.7/site-packages/airflow/example_dags/tutorial.py
[2023-04-01 18:10:35,415] {processor.py:632} INFO - DAG(s) dict_keys(['tutorial']) retrieved from /home/airflow/.local/lib/python3.7/site-packages/airflow/example_dags/tutorial.py
[2023-04-01 18:10:35,457] {logging_mixin.py:109} INFO - [2023-04-01 18:10:35,456] {dag.py:2389} INFO - Sync 1 DAGs
[2023-04-01 18:10:35,520] {logging_mixin.py:109} INFO - [2023-04-01 18:10:35,519] {dag.py:2921} INFO - Setting next_dagrun for tutorial to 2023-03-31T18:10:35.518993+00:00
[2023-04-01 18:10:35,559] {processor.py:171} INFO - Processing /home/airflow/.local/lib/python3.7/site-packages/airflow/example_dags/tutorial.py took 0.281 seconds
