[2023-04-01 18:07:01,609] {processor.py:163} INFO - Started process (PID=194) to work on /home/airflow/.local/lib/python3.7/site-packages/airflow/example_dags/tutorial_taskflow_api_etl.py
[2023-04-01 18:07:01,612] {processor.py:620} INFO - Processing file /home/airflow/.local/lib/python3.7/site-packages/airflow/example_dags/tutorial_taskflow_api_etl.py for tasks to queue
[2023-04-01 18:07:01,614] {logging_mixin.py:109} INFO - [2023-04-01 18:07:01,614] {dagbag.py:500} INFO - Filling up the DagBag from /home/airflow/.local/lib/python3.7/site-packages/airflow/example_dags/tutorial_taskflow_api_etl.py
[2023-04-01 18:07:01,683] {processor.py:632} INFO - DAG(s) dict_keys(['tutorial_taskflow_api_etl']) retrieved from /home/airflow/.local/lib/python3.7/site-packages/airflow/example_dags/tutorial_taskflow_api_etl.py
[2023-04-01 18:07:06,283] {logging_mixin.py:109} INFO - [2023-04-01 18:07:06,283] {providers_manager.py:156} WARNING - Exception when importing 'airflow.providers.google.leveldb.hooks.leveldb.LevelDBHook' from 'apache-airflow-providers-google' package: No module named 'plyvel'
[2023-04-01 18:07:07,100] {logging_mixin.py:109} INFO - [2023-04-01 18:07:07,099] {providers_manager.py:156} WARNING - Exception when importing 'airflow.providers.google.leveldb.hooks.leveldb.LevelDBHook' from 'apache-airflow-providers-google' package: No module named 'plyvel'
[2023-04-01 18:07:07,146] {logging_mixin.py:109} INFO - [2023-04-01 18:07:07,145] {manager.py:496} INFO - Created Permission View: can read on DAG:tutorial_taskflow_api_etl
[2023-04-01 18:07:07,164] {logging_mixin.py:109} INFO - [2023-04-01 18:07:07,164] {manager.py:496} INFO - Created Permission View: can edit on DAG:tutorial_taskflow_api_etl
[2023-04-01 18:07:07,165] {logging_mixin.py:109} INFO - [2023-04-01 18:07:07,164] {dag.py:2389} INFO - Sync 1 DAGs
[2023-04-01 18:07:07,177] {logging_mixin.py:109} INFO - [2023-04-01 18:07:07,177] {dag.py:2408} INFO - Creating ORM DAG for tutorial_taskflow_api_etl
[2023-04-01 18:07:07,193] {logging_mixin.py:109} INFO - [2023-04-01 18:07:07,193] {dag.py:2921} INFO - Setting next_dagrun for tutorial_taskflow_api_etl to None
[2023-04-01 18:07:07,214] {processor.py:171} INFO - Processing /home/airflow/.local/lib/python3.7/site-packages/airflow/example_dags/tutorial_taskflow_api_etl.py took 5.612 seconds
[2023-04-01 18:08:02,537] {processor.py:163} INFO - Started process (PID=407) to work on /home/airflow/.local/lib/python3.7/site-packages/airflow/example_dags/tutorial_taskflow_api_etl.py
[2023-04-01 18:08:02,539] {processor.py:620} INFO - Processing file /home/airflow/.local/lib/python3.7/site-packages/airflow/example_dags/tutorial_taskflow_api_etl.py for tasks to queue
[2023-04-01 18:08:02,540] {logging_mixin.py:109} INFO - [2023-04-01 18:08:02,540] {dagbag.py:500} INFO - Filling up the DagBag from /home/airflow/.local/lib/python3.7/site-packages/airflow/example_dags/tutorial_taskflow_api_etl.py
[2023-04-01 18:08:02,605] {processor.py:632} INFO - DAG(s) dict_keys(['tutorial_taskflow_api_etl']) retrieved from /home/airflow/.local/lib/python3.7/site-packages/airflow/example_dags/tutorial_taskflow_api_etl.py
[2023-04-01 18:08:03,236] {logging_mixin.py:109} INFO - [2023-04-01 18:08:03,236] {dag.py:2389} INFO - Sync 1 DAGs
[2023-04-01 18:08:03,284] {logging_mixin.py:109} INFO - [2023-04-01 18:08:03,284] {dag.py:2921} INFO - Setting next_dagrun for tutorial_taskflow_api_etl to None
[2023-04-01 18:08:03,321] {processor.py:171} INFO - Processing /home/airflow/.local/lib/python3.7/site-packages/airflow/example_dags/tutorial_taskflow_api_etl.py took 0.790 seconds
[2023-04-01 18:08:33,525] {processor.py:163} INFO - Started process (PID=460) to work on /home/airflow/.local/lib/python3.7/site-packages/airflow/example_dags/tutorial_taskflow_api_etl.py
[2023-04-01 18:08:33,527] {processor.py:620} INFO - Processing file /home/airflow/.local/lib/python3.7/site-packages/airflow/example_dags/tutorial_taskflow_api_etl.py for tasks to queue
[2023-04-01 18:08:33,529] {logging_mixin.py:109} INFO - [2023-04-01 18:08:33,529] {dagbag.py:500} INFO - Filling up the DagBag from /home/airflow/.local/lib/python3.7/site-packages/airflow/example_dags/tutorial_taskflow_api_etl.py
[2023-04-01 18:08:33,599] {processor.py:632} INFO - DAG(s) dict_keys(['tutorial_taskflow_api_etl']) retrieved from /home/airflow/.local/lib/python3.7/site-packages/airflow/example_dags/tutorial_taskflow_api_etl.py
[2023-04-01 18:08:34,144] {logging_mixin.py:109} INFO - [2023-04-01 18:08:34,144] {dag.py:2389} INFO - Sync 1 DAGs
[2023-04-01 18:08:34,170] {logging_mixin.py:109} INFO - [2023-04-01 18:08:34,169] {dag.py:2921} INFO - Setting next_dagrun for tutorial_taskflow_api_etl to None
[2023-04-01 18:08:34,192] {processor.py:171} INFO - Processing /home/airflow/.local/lib/python3.7/site-packages/airflow/example_dags/tutorial_taskflow_api_etl.py took 0.675 seconds
[2023-04-01 18:09:04,582] {processor.py:163} INFO - Started process (PID=511) to work on /home/airflow/.local/lib/python3.7/site-packages/airflow/example_dags/tutorial_taskflow_api_etl.py
[2023-04-01 18:09:04,593] {processor.py:620} INFO - Processing file /home/airflow/.local/lib/python3.7/site-packages/airflow/example_dags/tutorial_taskflow_api_etl.py for tasks to queue
[2023-04-01 18:09:04,595] {logging_mixin.py:109} INFO - [2023-04-01 18:09:04,594] {dagbag.py:500} INFO - Filling up the DagBag from /home/airflow/.local/lib/python3.7/site-packages/airflow/example_dags/tutorial_taskflow_api_etl.py
[2023-04-01 18:09:04,679] {processor.py:632} INFO - DAG(s) dict_keys(['tutorial_taskflow_api_etl']) retrieved from /home/airflow/.local/lib/python3.7/site-packages/airflow/example_dags/tutorial_taskflow_api_etl.py
[2023-04-01 18:09:05,254] {logging_mixin.py:109} INFO - [2023-04-01 18:09:05,254] {dag.py:2389} INFO - Sync 1 DAGs
[2023-04-01 18:09:05,283] {logging_mixin.py:109} INFO - [2023-04-01 18:09:05,283] {dag.py:2921} INFO - Setting next_dagrun for tutorial_taskflow_api_etl to None
[2023-04-01 18:09:05,311] {processor.py:171} INFO - Processing /home/airflow/.local/lib/python3.7/site-packages/airflow/example_dags/tutorial_taskflow_api_etl.py took 0.740 seconds
[2023-04-01 18:09:35,533] {processor.py:163} INFO - Started process (PID=566) to work on /home/airflow/.local/lib/python3.7/site-packages/airflow/example_dags/tutorial_taskflow_api_etl.py
[2023-04-01 18:09:35,537] {processor.py:620} INFO - Processing file /home/airflow/.local/lib/python3.7/site-packages/airflow/example_dags/tutorial_taskflow_api_etl.py for tasks to queue
[2023-04-01 18:09:35,539] {logging_mixin.py:109} INFO - [2023-04-01 18:09:35,538] {dagbag.py:500} INFO - Filling up the DagBag from /home/airflow/.local/lib/python3.7/site-packages/airflow/example_dags/tutorial_taskflow_api_etl.py
[2023-04-01 18:09:35,623] {processor.py:632} INFO - DAG(s) dict_keys(['tutorial_taskflow_api_etl']) retrieved from /home/airflow/.local/lib/python3.7/site-packages/airflow/example_dags/tutorial_taskflow_api_etl.py
[2023-04-01 18:09:36,255] {logging_mixin.py:109} INFO - [2023-04-01 18:09:36,254] {dag.py:2389} INFO - Sync 1 DAGs
[2023-04-01 18:09:36,302] {logging_mixin.py:109} INFO - [2023-04-01 18:09:36,302] {dag.py:2921} INFO - Setting next_dagrun for tutorial_taskflow_api_etl to None
[2023-04-01 18:09:36,330] {processor.py:171} INFO - Processing /home/airflow/.local/lib/python3.7/site-packages/airflow/example_dags/tutorial_taskflow_api_etl.py took 0.804 seconds
[2023-04-01 18:10:06,923] {processor.py:163} INFO - Started process (PID=616) to work on /home/airflow/.local/lib/python3.7/site-packages/airflow/example_dags/tutorial_taskflow_api_etl.py
[2023-04-01 18:10:06,924] {processor.py:620} INFO - Processing file /home/airflow/.local/lib/python3.7/site-packages/airflow/example_dags/tutorial_taskflow_api_etl.py for tasks to queue
[2023-04-01 18:10:06,925] {logging_mixin.py:109} INFO - [2023-04-01 18:10:06,925] {dagbag.py:500} INFO - Filling up the DagBag from /home/airflow/.local/lib/python3.7/site-packages/airflow/example_dags/tutorial_taskflow_api_etl.py
[2023-04-01 18:10:06,964] {processor.py:632} INFO - DAG(s) dict_keys(['tutorial_taskflow_api_etl']) retrieved from /home/airflow/.local/lib/python3.7/site-packages/airflow/example_dags/tutorial_taskflow_api_etl.py
[2023-04-01 18:10:07,346] {logging_mixin.py:109} INFO - [2023-04-01 18:10:07,346] {dag.py:2389} INFO - Sync 1 DAGs
[2023-04-01 18:10:07,367] {logging_mixin.py:109} INFO - [2023-04-01 18:10:07,366] {dag.py:2921} INFO - Setting next_dagrun for tutorial_taskflow_api_etl to None
[2023-04-01 18:10:07,384] {processor.py:171} INFO - Processing /home/airflow/.local/lib/python3.7/site-packages/airflow/example_dags/tutorial_taskflow_api_etl.py took 0.464 seconds
[2023-04-01 18:10:37,568] {processor.py:163} INFO - Started process (PID=670) to work on /home/airflow/.local/lib/python3.7/site-packages/airflow/example_dags/tutorial_taskflow_api_etl.py
[2023-04-01 18:10:37,571] {processor.py:620} INFO - Processing file /home/airflow/.local/lib/python3.7/site-packages/airflow/example_dags/tutorial_taskflow_api_etl.py for tasks to queue
[2023-04-01 18:10:37,573] {logging_mixin.py:109} INFO - [2023-04-01 18:10:37,573] {dagbag.py:500} INFO - Filling up the DagBag from /home/airflow/.local/lib/python3.7/site-packages/airflow/example_dags/tutorial_taskflow_api_etl.py
[2023-04-01 18:10:37,651] {processor.py:632} INFO - DAG(s) dict_keys(['tutorial_taskflow_api_etl']) retrieved from /home/airflow/.local/lib/python3.7/site-packages/airflow/example_dags/tutorial_taskflow_api_etl.py
[2023-04-01 18:10:38,225] {logging_mixin.py:109} INFO - [2023-04-01 18:10:38,224] {dag.py:2389} INFO - Sync 1 DAGs
[2023-04-01 18:10:38,262] {logging_mixin.py:109} INFO - [2023-04-01 18:10:38,261] {dag.py:2921} INFO - Setting next_dagrun for tutorial_taskflow_api_etl to None
[2023-04-01 18:10:38,300] {processor.py:171} INFO - Processing /home/airflow/.local/lib/python3.7/site-packages/airflow/example_dags/tutorial_taskflow_api_etl.py took 0.739 seconds
