[2023-04-17 11:02:15,423] {taskinstance.py:1035} INFO - Dependencies all met for <TaskInstance: HelloWorld.print_hello scheduled__2023-04-16T02:00:00+00:00 [queued]>
[2023-04-17 11:02:15,438] {taskinstance.py:1035} INFO - Dependencies all met for <TaskInstance: HelloWorld.print_hello scheduled__2023-04-16T02:00:00+00:00 [queued]>
[2023-04-17 11:02:15,438] {taskinstance.py:1241} INFO - 
--------------------------------------------------------------------------------
[2023-04-17 11:02:15,438] {taskinstance.py:1242} INFO - Starting attempt 1 of 1
[2023-04-17 11:02:15,438] {taskinstance.py:1243} INFO - 
--------------------------------------------------------------------------------
[2023-04-17 11:02:15,448] {taskinstance.py:1262} INFO - Executing <Task(PythonOperator): print_hello> on 2023-04-16 02:00:00+00:00
[2023-04-17 11:02:15,451] {standard_task_runner.py:52} INFO - Started process 3300 to run task
[2023-04-17 11:02:15,454] {standard_task_runner.py:76} INFO - Running: ['***', 'tasks', 'run', 'HelloWorld', 'print_hello', 'scheduled__2023-04-16T02:00:00+00:00', '--job-id', '11', '--raw', '--subdir', 'DAGS_FOLDER/HelloWorld.py', '--cfg-path', '/tmp/tmpabkbpvgg', '--error-file', '/tmp/tmpbw922j3x']
[2023-04-17 11:02:15,455] {standard_task_runner.py:77} INFO - Job 11: Subtask print_hello
[2023-04-17 11:02:15,494] {logging_mixin.py:109} INFO - Running <TaskInstance: HelloWorld.print_hello scheduled__2023-04-16T02:00:00+00:00 [running]> on host 72c2870b5a80
[2023-04-17 11:02:15,542] {taskinstance.py:1429} INFO - Exporting the following env vars:
AIRFLOW_CTX_DAG_OWNER=***
AIRFLOW_CTX_DAG_ID=HelloWorld
AIRFLOW_CTX_TASK_ID=print_hello
AIRFLOW_CTX_EXECUTION_DATE=2023-04-16T02:00:00+00:00
AIRFLOW_CTX_DAG_RUN_ID=scheduled__2023-04-16T02:00:00+00:00
[2023-04-17 11:02:15,543] {logging_mixin.py:109} INFO - hello!
[2023-04-17 11:02:15,543] {python.py:152} INFO - Done. Returned value was: hello!
[2023-04-17 11:02:15,562] {taskinstance.py:1280} INFO - Marking task as SUCCESS. dag_id=HelloWorld, task_id=print_hello, execution_date=20230416T020000, start_date=20230417T110215, end_date=20230417T110215
[2023-04-17 11:02:15,587] {local_task_job.py:154} INFO - Task exited with return code 0
[2023-04-17 11:02:15,616] {local_task_job.py:264} INFO - 1 downstream tasks scheduled from follow-on schedule check
