[2023-04-17 11:02:16,477] {taskinstance.py:1035} INFO - Dependencies all met for <TaskInstance: HelloWorld.print_goodbye scheduled__2023-04-16T02:00:00+00:00 [queued]>
[2023-04-17 11:02:16,487] {taskinstance.py:1035} INFO - Dependencies all met for <TaskInstance: HelloWorld.print_goodbye scheduled__2023-04-16T02:00:00+00:00 [queued]>
[2023-04-17 11:02:16,487] {taskinstance.py:1241} INFO - 
--------------------------------------------------------------------------------
[2023-04-17 11:02:16,487] {taskinstance.py:1242} INFO - Starting attempt 1 of 1
[2023-04-17 11:02:16,487] {taskinstance.py:1243} INFO - 
--------------------------------------------------------------------------------
[2023-04-17 11:02:16,502] {taskinstance.py:1262} INFO - Executing <Task(PythonOperator): print_goodbye> on 2023-04-16 02:00:00+00:00
[2023-04-17 11:02:16,506] {standard_task_runner.py:52} INFO - Started process 3302 to run task
[2023-04-17 11:02:16,510] {standard_task_runner.py:76} INFO - Running: ['***', 'tasks', 'run', 'HelloWorld', 'print_goodbye', 'scheduled__2023-04-16T02:00:00+00:00', '--job-id', '12', '--raw', '--subdir', 'DAGS_FOLDER/HelloWorld.py', '--cfg-path', '/tmp/tmpm2mo_4pl', '--error-file', '/tmp/tmphs6_8da6']
[2023-04-17 11:02:16,510] {standard_task_runner.py:77} INFO - Job 12: Subtask print_goodbye
[2023-04-17 11:02:16,548] {logging_mixin.py:109} INFO - Running <TaskInstance: HelloWorld.print_goodbye scheduled__2023-04-16T02:00:00+00:00 [running]> on host 72c2870b5a80
[2023-04-17 11:02:16,589] {taskinstance.py:1429} INFO - Exporting the following env vars:
AIRFLOW_CTX_DAG_OWNER=***
AIRFLOW_CTX_DAG_ID=HelloWorld
AIRFLOW_CTX_TASK_ID=print_goodbye
AIRFLOW_CTX_EXECUTION_DATE=2023-04-16T02:00:00+00:00
AIRFLOW_CTX_DAG_RUN_ID=scheduled__2023-04-16T02:00:00+00:00
[2023-04-17 11:02:16,590] {logging_mixin.py:109} INFO - goodbye!
[2023-04-17 11:02:16,590] {python.py:152} INFO - Done. Returned value was: goodbye!
[2023-04-17 11:02:16,608] {taskinstance.py:1280} INFO - Marking task as SUCCESS. dag_id=HelloWorld, task_id=print_goodbye, execution_date=20230416T020000, start_date=20230417T110216, end_date=20230417T110216
[2023-04-17 11:02:16,642] {local_task_job.py:154} INFO - Task exited with return code 0
[2023-04-17 11:02:16,667] {local_task_job.py:264} INFO - 0 downstream tasks scheduled from follow-on schedule check
